2023-01-19 14:30:19,922 (logging:124) INFO: the current machine is at 192.168.0.1
2023-01-19 14:30:19,922 (logging:126) INFO: the current dir is /home/ubuntu/medscale
2023-01-19 14:30:19,923 (logging:127) INFO: the output dir is exp/FedAvg_convnet2_on_femnist_lr0.01_lstep1
2023-01-19 14:30:20,046 (utils:754) INFO: Downloading https://medscale.oss-cn-beijing.aliyuncs.com/femnist_all_data.zip
2023-01-19 14:30:46,598 (cfg_fl_setting:150) WARNING: Users specify both valid sample_client_rate as 0.2 and sample_client_num as 1.
		We will use the sample_client_rate value to calculate the actual number of participated clients as 40.
2023-01-19 14:30:53,813 (splitter_builder:79) WARNING: Splitter  not found or not used.
2023-01-19 14:30:53,885 (cfg_fl_setting:150) WARNING: Users specify both valid sample_client_rate as 0.2 and sample_client_num as 40.
		We will use the sample_client_rate value to calculate the actual number of participated clients as 40.
2023-01-19 14:30:53,886 (cfg_fl_setting:150) WARNING: Users specify both valid sample_client_rate as 0.2 and sample_client_num as 40.
		We will use the sample_client_rate value to calculate the actual number of participated clients as 40.
2023-01-19 14:30:53,910 (config:243) INFO: the used configs are: 
aggregator:
  inside_weight: 1.0
  num_agg_groups: 1
  num_agg_topk: []
  outside_weight: 0.0
asyn:
  use: False
attack:
  alpha_TV: 0.001
  alpha_prop_loss: 0
  attack_method: 
  attacker_id: -1
  classifier_PIA: randomforest
  edge_num: 100
  edge_path: edge_data/
  freq: 10
  info_diff_type: l2
  inject_round: 0
  insert_round: 100000
  label_type: dirty
  max_ite: 400
  mean: [0.1307]
  mia_is_simulate_in: False
  mia_simulate_in_round: 20
  pgd_eps: 2
  pgd_lr: 0.1
  pgd_poisoning: False
  poison_ratio: 0.5
  reconstruct_lr: 0.01
  reconstruct_optim: Adam
  scale_para: 1.0
  scale_poisoning: False
  self_epoch: 6
  self_lr: 0.05
  self_opt: False
  setting: fix
  std: [0.3081]
  target_label_ind: -1
  trigger_path: trigger/
  trigger_type: edge
backend: torch
cfg_file: 
check_completeness: False
criterion:
  type: CrossEntropyLoss
data:
  args: []
  batch_size: 64
  cSBM_phi: [0.5, 0.5, 0.5]
  cache_dir: 
  consistent_label_distribution: False
  drop_last: False
  hetero_data_name: []
  hetero_synth_batch_size: 32
  hetero_synth_feat_dim: 128
  hetero_synth_prim_weight: 0.5
  is_debug: False
  loader: 
  max_query_len: 128
  max_seq_len: 384
  max_tgt_len: 128
  num_contrast: 0
  num_of_client_for_data: []
  num_steps: 30
  num_workers: 0
  pre_transform: []
  quadratic:
    dim: 1
    max_curv: 12.5
    min_curv: 0.02
  root: data/
  save_data: False
  server_holds_all: False
  shuffle: True
  sizes: [10, 5]
  splits: [0.6, 0.2, 0.2]
  splitter: 
  splitter_args: []
  subsample: 0.05
  target_transform: []
  test_pre_transform: []
  test_target_transform: []
  test_transform: []
  transform: [['ToTensor', {}], ['Normalize', {'mean': [0.1307], 'std': [0.3081]}]]
  trunc_stride: 128
  type: femnist
  val_pre_transform: []
  val_target_transform: []
  val_transform: []
  walk_length: 2
dataloader:
  batch_size: 10
  drop_last: False
  num_steps: 30
  num_workers: 0
  pin_memory: False
  shuffle: True
  sizes: [10, 5]
  theta: -1
  type: base
  walk_length: 2
device: 0
distribute:
  use: False
early_stop:
  delta: 0.0
  improve_indicator_mode: best
  patience: 5
eval:
  best_res_update_round_wise_key: val_loss
  count_flops: True
  freq: 10
  metrics: ['acc', 'correct']
  monitoring: []
  report: ['weighted_avg', 'avg', 'fairness', 'raw']
  split: ['test', 'val']
expname: FedAvg_convnet2_on_femnist_lr0.01_lstep1
expname_tag: 
feat_engr:
  num_bins: 5
  scenario: hfl
  secure:
    dp:
      
    encrypt:
      type: dummy
    key_size: 3072
    type: encrypt
  selec_threshold: 0.05
  selec_woe_binning: quantile
  type: 
federate:
  atc_load_from: 
  atc_vanilla: False
  client_num: 200
  data_weighted_aggr: False
  ignore_weight: False
  join_in_info: []
  make_global_eval: False
  merge_test_data: False
  method: FedAvg
  mode: standalone
  online_aggr: False
  resource_info_file: 
  restore_from: 
  sample_client_num: 40
  sample_client_rate: 0.2
  sampler: uniform
  save_to: 
  share_local_model: False
  total_round_num: 300
  unseen_clients_rate: 0.0
  use_diff: False
  use_ss: False
fedopt:
  use: False
fedprox:
  use: False
fedsageplus:
  a: 1.0
  b: 1.0
  c: 1.0
  fedgen_epoch: 200
  gen_hidden: 128
  hide_portion: 0.5
  loc_epoch: 1
  num_pred: 5
finetune:
  batch_or_epoch: epoch
  before_eval: False
  freeze_param: 
  local_update_steps: 1
  optimizer:
    lr: 0.1
    type: SGD
  scheduler:
    type: 
    warmup_ratio: 0.0
flitplus:
  factor_ema: 0.8
  lambdavat: 0.5
  tmpFed: 0.5
  weightReg: 1.0
gcflplus:
  EPS_1: 0.05
  EPS_2: 0.1
  seq_length: 5
  standardize: False
grad:
  grad_accum_count: 1
  grad_clip: 5.0
hpo:
  fedex:
    cutoff: 0.0
    diff: False
    eta0: -1.0
    flatten_ss: True
    gamma: 0.0
    pi_lr: 0.01
    psn: False
    sched: auto
    ss: 
    use: False
  init_cand_num: 16
  larger_better: False
  metric: client_summarized_weighted_avg.val_loss
  num_workers: 0
  pbt:
    max_stage: 5
    perf_threshold: 0.1
  scheduler: rs
  sha:
    budgets: []
    elim_rate: 3
    iter: 0
  ss: 
  table:
    eps: 0.1
    idx: 0
    num: 27
  working_folder: hpo
model:
  contrast_temp: 1.0
  contrast_topk: 100
  downstream_tasks: []
  dropout: 0.5
  embed_size: 8
  gamma: 0
  graph_pooling: mean
  hidden: 2048
  in_channels: 0
  input_shape: ()
  label_smoothing: 0.1
  lambda_: 0.1
  layer: 2
  length_penalty: 2.0
  max_answer_len: 30
  max_length: 200
  max_tree_depth: 3
  min_length: 1
  model_num_per_trainer: 1
  model_type: google/bert_uncased_L-2_H-128_A-2
  n_best_size: 20
  no_repeat_ngram_size: 3
  null_score_diff_threshold: 0.0
  num_beams: 5
  num_item: 0
  num_labels: 1
  num_of_trees: 10
  num_user: 0
  out_channels: 62
  pretrain_tasks: []
  stage: 
  task: node
  type: convnet2
  use_bias: True
  use_contrastive_loss: False
nbafl:
  use: False
outdir: exp/FedAvg_convnet2_on_femnist_lr0.01_lstep1
personalization:
  K: 5
  beta: 1.0
  local_param: []
  local_update_steps: 1
  lr: 0.01
  regular_weight: 0.1
  share_non_trainable_para: False
print_decimal_digits: 6
regularizer:
  mu: 0.0
  type: 
seed: 12345
sgdmf:
  use: False
train:
  batch_or_epoch: epoch
  local_update_steps: 1
  optimizer:
    lr: 0.01
    type: SGD
    weight_decay: 0.0
  scheduler:
    type: 
    warmup_ratio: 0.0
trainer:
  disp_freq: 50
  local_entropy:
    alpha: 0.75
    eps: 0.001
    gamma: 0.0001
  sam:
    adaptive: False
    eta: 0.0
    rho: 1.0
  type: cvtrainer
  val_freq: 100000000
use_gpu: True
verbose: 1
vertical:
  use: False
wandb:
  use: False
2023-01-19 14:30:54,046 (utils:143) INFO: The device information file is not provided
2023-01-19 14:30:54,137 (fed_runner:169) INFO: Server has been set up ... 
2023-01-19 14:30:54,189 (fed_runner:221) INFO: Client 1 has been set up ... 
2023-01-19 14:30:54,240 (fed_runner:221) INFO: Client 2 has been set up ... 
2023-01-19 14:30:54,292 (fed_runner:221) INFO: Client 3 has been set up ... 
2023-01-19 14:30:54,344 (fed_runner:221) INFO: Client 4 has been set up ... 
2023-01-19 14:30:54,396 (fed_runner:221) INFO: Client 5 has been set up ... 
2023-01-19 14:30:54,447 (fed_runner:221) INFO: Client 6 has been set up ... 
2023-01-19 14:30:54,500 (fed_runner:221) INFO: Client 7 has been set up ... 
2023-01-19 14:30:54,665 (fed_runner:221) INFO: Client 8 has been set up ... 
2023-01-19 14:30:54,716 (fed_runner:221) INFO: Client 9 has been set up ... 
2023-01-19 14:30:54,768 (fed_runner:221) INFO: Client 10 has been set up ... 
2023-01-19 14:30:54,820 (fed_runner:221) INFO: Client 11 has been set up ... 
2023-01-19 14:30:54,872 (fed_runner:221) INFO: Client 12 has been set up ... 
2023-01-19 14:30:54,924 (fed_runner:221) INFO: Client 13 has been set up ... 
2023-01-19 14:30:54,975 (fed_runner:221) INFO: Client 14 has been set up ... 
2023-01-19 14:30:55,025 (fed_runner:221) INFO: Client 15 has been set up ... 
2023-01-19 14:30:55,077 (fed_runner:221) INFO: Client 16 has been set up ... 
2023-01-19 14:30:55,129 (fed_runner:221) INFO: Client 17 has been set up ... 
2023-01-19 14:30:55,180 (fed_runner:221) INFO: Client 18 has been set up ... 
2023-01-19 14:30:55,231 (fed_runner:221) INFO: Client 19 has been set up ... 
2023-01-19 14:30:55,296 (fed_runner:221) INFO: Client 20 has been set up ... 
2023-01-19 14:30:55,351 (fed_runner:221) INFO: Client 21 has been set up ... 
2023-01-19 14:30:55,405 (fed_runner:221) INFO: Client 22 has been set up ... 
2023-01-19 14:30:55,457 (fed_runner:221) INFO: Client 23 has been set up ... 
2023-01-19 14:30:55,509 (fed_runner:221) INFO: Client 24 has been set up ... 
2023-01-19 14:30:55,561 (fed_runner:221) INFO: Client 25 has been set up ... 
2023-01-19 14:30:55,614 (fed_runner:221) INFO: Client 26 has been set up ... 
2023-01-19 14:30:55,667 (fed_runner:221) INFO: Client 27 has been set up ... 
2023-01-19 14:30:55,719 (fed_runner:221) INFO: Client 28 has been set up ... 
2023-01-19 14:30:55,772 (fed_runner:221) INFO: Client 29 has been set up ... 
2023-01-19 14:30:55,824 (fed_runner:221) INFO: Client 30 has been set up ... 
2023-01-19 14:30:55,877 (fed_runner:221) INFO: Client 31 has been set up ... 
2023-01-19 14:30:55,929 (fed_runner:221) INFO: Client 32 has been set up ... 
2023-01-19 14:30:55,982 (fed_runner:221) INFO: Client 33 has been set up ... 
2023-01-19 14:30:56,034 (fed_runner:221) INFO: Client 34 has been set up ... 
2023-01-19 14:30:56,087 (fed_runner:221) INFO: Client 35 has been set up ... 
2023-01-19 14:30:56,139 (fed_runner:221) INFO: Client 36 has been set up ... 
2023-01-19 14:30:56,193 (fed_runner:221) INFO: Client 37 has been set up ... 
2023-01-19 14:30:56,244 (fed_runner:221) INFO: Client 38 has been set up ... 
2023-01-19 14:30:56,297 (fed_runner:221) INFO: Client 39 has been set up ... 
2023-01-19 14:30:56,349 (fed_runner:221) INFO: Client 40 has been set up ... 
2023-01-19 14:30:56,402 (fed_runner:221) INFO: Client 41 has been set up ... 
2023-01-19 14:30:56,454 (fed_runner:221) INFO: Client 42 has been set up ... 
2023-01-19 14:30:56,506 (fed_runner:221) INFO: Client 43 has been set up ... 
2023-01-19 14:30:56,558 (fed_runner:221) INFO: Client 44 has been set up ... 
2023-01-19 14:30:56,610 (fed_runner:221) INFO: Client 45 has been set up ... 
2023-01-19 14:30:56,663 (fed_runner:221) INFO: Client 46 has been set up ... 
2023-01-19 14:30:56,715 (fed_runner:221) INFO: Client 47 has been set up ... 
2023-01-19 14:30:56,766 (fed_runner:221) INFO: Client 48 has been set up ... 
2023-01-19 14:30:56,818 (fed_runner:221) INFO: Client 49 has been set up ... 
2023-01-19 14:30:56,871 (fed_runner:221) INFO: Client 50 has been set up ... 
2023-01-19 14:30:56,923 (fed_runner:221) INFO: Client 51 has been set up ... 
2023-01-19 14:30:56,975 (fed_runner:221) INFO: Client 52 has been set up ... 
2023-01-19 14:30:57,028 (fed_runner:221) INFO: Client 53 has been set up ... 
2023-01-19 14:30:57,080 (fed_runner:221) INFO: Client 54 has been set up ... 
2023-01-19 14:30:57,133 (fed_runner:221) INFO: Client 55 has been set up ... 
2023-01-19 14:30:57,185 (fed_runner:221) INFO: Client 56 has been set up ... 
2023-01-19 14:30:57,237 (fed_runner:221) INFO: Client 57 has been set up ... 
2023-01-19 14:30:57,290 (fed_runner:221) INFO: Client 58 has been set up ... 
2023-01-19 14:30:57,342 (fed_runner:221) INFO: Client 59 has been set up ... 
2023-01-19 14:30:57,394 (fed_runner:221) INFO: Client 60 has been set up ... 
2023-01-19 14:30:57,446 (fed_runner:221) INFO: Client 61 has been set up ... 
2023-01-19 14:30:57,498 (fed_runner:221) INFO: Client 62 has been set up ... 
2023-01-19 14:30:57,550 (fed_runner:221) INFO: Client 63 has been set up ... 
2023-01-19 14:30:57,606 (fed_runner:221) INFO: Client 64 has been set up ... 
2023-01-19 14:30:57,669 (fed_runner:221) INFO: Client 65 has been set up ... 
2023-01-19 14:30:57,722 (fed_runner:221) INFO: Client 66 has been set up ... 
2023-01-19 14:30:57,776 (fed_runner:221) INFO: Client 67 has been set up ... 
2023-01-19 14:30:57,831 (fed_runner:221) INFO: Client 68 has been set up ... 
2023-01-19 14:30:57,886 (fed_runner:221) INFO: Client 69 has been set up ... 
2023-01-19 14:30:57,945 (fed_runner:221) INFO: Client 70 has been set up ... 
2023-01-19 14:30:58,013 (fed_runner:221) INFO: Client 71 has been set up ... 
2023-01-19 14:30:58,066 (fed_runner:221) INFO: Client 72 has been set up ... 
2023-01-19 14:30:58,120 (fed_runner:221) INFO: Client 73 has been set up ... 
2023-01-19 14:30:58,174 (fed_runner:221) INFO: Client 74 has been set up ... 
2023-01-19 14:30:58,226 (fed_runner:221) INFO: Client 75 has been set up ... 
2023-01-19 14:30:58,279 (fed_runner:221) INFO: Client 76 has been set up ... 
2023-01-19 14:30:58,331 (fed_runner:221) INFO: Client 77 has been set up ... 
2023-01-19 14:30:58,384 (fed_runner:221) INFO: Client 78 has been set up ... 
2023-01-19 14:30:58,437 (fed_runner:221) INFO: Client 79 has been set up ... 
2023-01-19 14:30:58,489 (fed_runner:221) INFO: Client 80 has been set up ... 
2023-01-19 14:30:58,541 (fed_runner:221) INFO: Client 81 has been set up ... 
2023-01-19 14:30:58,594 (fed_runner:221) INFO: Client 82 has been set up ... 
2023-01-19 14:30:58,647 (fed_runner:221) INFO: Client 83 has been set up ... 
2023-01-19 14:30:58,700 (fed_runner:221) INFO: Client 84 has been set up ... 
2023-01-19 14:30:58,752 (fed_runner:221) INFO: Client 85 has been set up ... 
2023-01-19 14:30:58,806 (fed_runner:221) INFO: Client 86 has been set up ... 
2023-01-19 14:30:58,859 (fed_runner:221) INFO: Client 87 has been set up ... 
2023-01-19 14:30:58,912 (fed_runner:221) INFO: Client 88 has been set up ... 
2023-01-19 14:30:58,965 (fed_runner:221) INFO: Client 89 has been set up ... 
2023-01-19 14:30:59,019 (fed_runner:221) INFO: Client 90 has been set up ... 
2023-01-19 14:30:59,073 (fed_runner:221) INFO: Client 91 has been set up ... 
2023-01-19 14:30:59,126 (fed_runner:221) INFO: Client 92 has been set up ... 
2023-01-19 14:30:59,178 (fed_runner:221) INFO: Client 93 has been set up ... 
2023-01-19 14:30:59,231 (fed_runner:221) INFO: Client 94 has been set up ... 
2023-01-19 14:30:59,284 (fed_runner:221) INFO: Client 95 has been set up ... 
2023-01-19 14:30:59,337 (fed_runner:221) INFO: Client 96 has been set up ... 
2023-01-19 14:30:59,389 (fed_runner:221) INFO: Client 97 has been set up ... 
2023-01-19 14:30:59,442 (fed_runner:221) INFO: Client 98 has been set up ... 
2023-01-19 14:30:59,494 (fed_runner:221) INFO: Client 99 has been set up ... 
2023-01-19 14:30:59,547 (fed_runner:221) INFO: Client 100 has been set up ... 
2023-01-19 14:30:59,600 (fed_runner:221) INFO: Client 101 has been set up ... 
2023-01-19 14:30:59,653 (fed_runner:221) INFO: Client 102 has been set up ... 
2023-01-19 14:30:59,706 (fed_runner:221) INFO: Client 103 has been set up ... 
2023-01-19 14:30:59,759 (fed_runner:221) INFO: Client 104 has been set up ... 
2023-01-19 14:30:59,812 (fed_runner:221) INFO: Client 105 has been set up ... 
2023-01-19 14:30:59,864 (fed_runner:221) INFO: Client 106 has been set up ... 
2023-01-19 14:30:59,918 (fed_runner:221) INFO: Client 107 has been set up ... 
2023-01-19 14:30:59,970 (fed_runner:221) INFO: Client 108 has been set up ... 
2023-01-19 14:31:00,023 (fed_runner:221) INFO: Client 109 has been set up ... 
2023-01-19 14:31:00,076 (fed_runner:221) INFO: Client 110 has been set up ... 
2023-01-19 14:31:00,129 (fed_runner:221) INFO: Client 111 has been set up ... 
2023-01-19 14:31:00,183 (fed_runner:221) INFO: Client 112 has been set up ... 
2023-01-19 14:31:00,236 (fed_runner:221) INFO: Client 113 has been set up ... 
2023-01-19 14:31:00,289 (fed_runner:221) INFO: Client 114 has been set up ... 
2023-01-19 14:31:00,342 (fed_runner:221) INFO: Client 115 has been set up ... 
2023-01-19 14:31:00,395 (fed_runner:221) INFO: Client 116 has been set up ... 
2023-01-19 14:31:00,447 (fed_runner:221) INFO: Client 117 has been set up ... 
2023-01-19 14:31:00,502 (fed_runner:221) INFO: Client 118 has been set up ... 
2023-01-19 14:31:00,555 (fed_runner:221) INFO: Client 119 has been set up ... 
2023-01-19 14:31:00,608 (fed_runner:221) INFO: Client 120 has been set up ... 
2023-01-19 14:31:00,662 (fed_runner:221) INFO: Client 121 has been set up ... 
2023-01-19 14:31:00,714 (fed_runner:221) INFO: Client 122 has been set up ... 
2023-01-19 14:31:00,767 (fed_runner:221) INFO: Client 123 has been set up ... 
2023-01-19 14:31:00,822 (fed_runner:221) INFO: Client 124 has been set up ... 
2023-01-19 14:31:00,877 (fed_runner:221) INFO: Client 125 has been set up ... 
2023-01-19 14:31:00,929 (fed_runner:221) INFO: Client 126 has been set up ... 
2023-01-19 14:31:00,982 (fed_runner:221) INFO: Client 127 has been set up ... 
2023-01-19 14:31:01,034 (fed_runner:221) INFO: Client 128 has been set up ... 
2023-01-19 14:31:01,087 (fed_runner:221) INFO: Client 129 has been set up ... 
2023-01-19 14:31:01,139 (fed_runner:221) INFO: Client 130 has been set up ... 
2023-01-19 14:31:01,191 (fed_runner:221) INFO: Client 131 has been set up ... 
2023-01-19 14:31:01,241 (fed_runner:221) INFO: Client 132 has been set up ... 
2023-01-19 14:31:01,293 (fed_runner:221) INFO: Client 133 has been set up ... 
2023-01-19 14:31:01,345 (fed_runner:221) INFO: Client 134 has been set up ... 
2023-01-19 14:31:01,396 (fed_runner:221) INFO: Client 135 has been set up ... 
2023-01-19 14:31:01,448 (fed_runner:221) INFO: Client 136 has been set up ... 
2023-01-19 14:31:01,500 (fed_runner:221) INFO: Client 137 has been set up ... 
2023-01-19 14:31:01,550 (fed_runner:221) INFO: Client 138 has been set up ... 
2023-01-19 14:31:01,601 (fed_runner:221) INFO: Client 139 has been set up ... 
2023-01-19 14:31:01,653 (fed_runner:221) INFO: Client 140 has been set up ... 
2023-01-19 14:31:01,703 (fed_runner:221) INFO: Client 141 has been set up ... 
2023-01-19 14:31:01,755 (fed_runner:221) INFO: Client 142 has been set up ... 
2023-01-19 14:31:01,807 (fed_runner:221) INFO: Client 143 has been set up ... 
2023-01-19 14:31:01,860 (fed_runner:221) INFO: Client 144 has been set up ... 
2023-01-19 14:31:01,912 (fed_runner:221) INFO: Client 145 has been set up ... 
2023-01-19 14:31:01,964 (fed_runner:221) INFO: Client 146 has been set up ... 
2023-01-19 14:31:02,016 (fed_runner:221) INFO: Client 147 has been set up ... 
2023-01-19 14:31:02,068 (fed_runner:221) INFO: Client 148 has been set up ... 
2023-01-19 14:31:02,121 (fed_runner:221) INFO: Client 149 has been set up ... 
2023-01-19 14:31:02,172 (fed_runner:221) INFO: Client 150 has been set up ... 
2023-01-19 14:31:02,224 (fed_runner:221) INFO: Client 151 has been set up ... 
2023-01-19 14:31:02,277 (fed_runner:221) INFO: Client 152 has been set up ... 
2023-01-19 14:31:02,329 (fed_runner:221) INFO: Client 153 has been set up ... 
2023-01-19 14:31:02,382 (fed_runner:221) INFO: Client 154 has been set up ... 
2023-01-19 14:31:02,435 (fed_runner:221) INFO: Client 155 has been set up ... 
2023-01-19 14:31:02,491 (fed_runner:221) INFO: Client 156 has been set up ... 
2023-01-19 14:31:02,547 (fed_runner:221) INFO: Client 157 has been set up ... 
2023-01-19 14:31:02,602 (fed_runner:221) INFO: Client 158 has been set up ... 
2023-01-19 14:31:02,656 (fed_runner:221) INFO: Client 159 has been set up ... 
2023-01-19 14:31:02,710 (fed_runner:221) INFO: Client 160 has been set up ... 
2023-01-19 14:31:02,761 (fed_runner:221) INFO: Client 161 has been set up ... 
2023-01-19 14:31:02,814 (fed_runner:221) INFO: Client 162 has been set up ... 
2023-01-19 14:31:02,868 (fed_runner:221) INFO: Client 163 has been set up ... 
2023-01-19 14:31:02,921 (fed_runner:221) INFO: Client 164 has been set up ... 
2023-01-19 14:31:02,974 (fed_runner:221) INFO: Client 165 has been set up ... 
2023-01-19 14:31:03,027 (fed_runner:221) INFO: Client 166 has been set up ... 
2023-01-19 14:31:03,079 (fed_runner:221) INFO: Client 167 has been set up ... 
2023-01-19 14:31:03,132 (fed_runner:221) INFO: Client 168 has been set up ... 
2023-01-19 14:31:03,183 (fed_runner:221) INFO: Client 169 has been set up ... 
2023-01-19 14:31:03,234 (fed_runner:221) INFO: Client 170 has been set up ... 
2023-01-19 14:31:03,286 (fed_runner:221) INFO: Client 171 has been set up ... 
2023-01-19 14:31:03,338 (fed_runner:221) INFO: Client 172 has been set up ... 
2023-01-19 14:31:03,390 (fed_runner:221) INFO: Client 173 has been set up ... 
2023-01-19 14:31:03,442 (fed_runner:221) INFO: Client 174 has been set up ... 
2023-01-19 14:31:03,494 (fed_runner:221) INFO: Client 175 has been set up ... 
2023-01-19 14:31:03,546 (fed_runner:221) INFO: Client 176 has been set up ... 
2023-01-19 14:31:03,599 (fed_runner:221) INFO: Client 177 has been set up ... 
2023-01-19 14:31:03,651 (fed_runner:221) INFO: Client 178 has been set up ... 
2023-01-19 14:31:03,703 (fed_runner:221) INFO: Client 179 has been set up ... 
2023-01-19 14:31:03,756 (fed_runner:221) INFO: Client 180 has been set up ... 
2023-01-19 14:31:03,807 (fed_runner:221) INFO: Client 181 has been set up ... 
2023-01-19 14:31:03,860 (fed_runner:221) INFO: Client 182 has been set up ... 
2023-01-19 14:31:03,912 (fed_runner:221) INFO: Client 183 has been set up ... 
2023-01-19 14:31:03,965 (fed_runner:221) INFO: Client 184 has been set up ... 
2023-01-19 14:31:04,019 (fed_runner:221) INFO: Client 185 has been set up ... 
2023-01-19 14:31:04,072 (fed_runner:221) INFO: Client 186 has been set up ... 
2023-01-19 14:31:04,124 (fed_runner:221) INFO: Client 187 has been set up ... 
2023-01-19 14:31:04,176 (fed_runner:221) INFO: Client 188 has been set up ... 
2023-01-19 14:31:04,231 (fed_runner:221) INFO: Client 189 has been set up ... 
2023-01-19 14:31:04,285 (fed_runner:221) INFO: Client 190 has been set up ... 
2023-01-19 14:31:04,337 (fed_runner:221) INFO: Client 191 has been set up ... 
2023-01-19 14:31:04,390 (fed_runner:221) INFO: Client 192 has been set up ... 
2023-01-19 14:31:04,442 (fed_runner:221) INFO: Client 193 has been set up ... 
2023-01-19 14:31:04,494 (fed_runner:221) INFO: Client 194 has been set up ... 
2023-01-19 14:31:04,545 (fed_runner:221) INFO: Client 195 has been set up ... 
2023-01-19 14:31:04,599 (fed_runner:221) INFO: Client 196 has been set up ... 
2023-01-19 14:31:04,651 (fed_runner:221) INFO: Client 197 has been set up ... 
2023-01-19 14:31:04,703 (fed_runner:221) INFO: Client 198 has been set up ... 
2023-01-19 14:31:04,758 (fed_runner:221) INFO: Client 199 has been set up ... 
2023-01-19 14:31:04,813 (fed_runner:221) INFO: Client 200 has been set up ... 
2023-01-19 14:31:04,813 (trainer:341) INFO: Model meta-info: <class 'medscale.cv.model.cnn.ConvNet2'>.
2023-01-19 14:31:04,816 (trainer:349) INFO: Num of original para names: 18.
2023-01-19 14:31:04,816 (trainer:350) INFO: Num of original trainable para names: 12.
2023-01-19 14:31:04,816 (trainer:352) INFO: Num of preserved para names in local update: 18. 
Preserved para names in local update: {'conv2.bias', 'bn1.num_batches_tracked', 'fc1.bias', 'conv1.bias', 'bn2.num_batches_tracked', 'bn2.running_var', 'fc1.weight', 'bn2.running_mean', 'conv1.weight', 'bn2.weight', 'bn2.bias', 'bn1.weight', 'bn1.running_var', 'fc2.weight', 'bn1.running_mean', 'fc2.bias', 'bn1.bias', 'conv2.weight'}.
2023-01-19 14:31:04,816 (trainer:356) INFO: Num of filtered para names in local update: 0. 
Filtered para names in local update: set().
2023-01-19 14:31:04,817 (trainer:361) INFO: After register default hooks,
	the hooks_in_train is:
	{
	  "on_fit_start": [
	    "_hook_on_fit_start_init",
	    "_hook_on_fit_start_calculate_model_size"
	  ],
	  "on_epoch_start": [
	    "_hook_on_epoch_start"
	  ],
	  "on_batch_start": [
	    "_hook_on_batch_start_init"
	  ],
	  "on_batch_forward": [
	    "_hook_on_batch_forward",
	    "_hook_on_batch_forward_regularizer",
	    "_hook_on_batch_forward_flop_count"
	  ],
	  "on_batch_backward": [
	    "_hook_on_batch_backward"
	  ],
	  "on_batch_end": [
	    "_hook_on_batch_end"
	  ],
	  "on_fit_end": [
	    "_hook_on_fit_end"
	  ]
	};
	the hooks_in_eval is:
            t{
	  "on_fit_start": [
	    "_hook_on_fit_start_init"
	  ],
	  "on_epoch_start": [
	    "_hook_on_epoch_start"
	  ],
	  "on_batch_start": [
	    "_hook_on_batch_start_init"
	  ],
	  "on_batch_forward": [
	    "_hook_on_batch_forward"
	  ],
	  "on_batch_end": [
	    "_hook_on_batch_end"
	  ],
	  "on_fit_end": [
	    "_hook_on_fit_end"
	  ]
	}
2023-01-19 14:31:04,891 (server:804) INFO: ----------- Starting training (Round #0) -------------
2023-01-19 14:31:34,026 (client:306) INFO: {'Role': 'Client #53', 'Round': 0, 'Results_raw': {'train_avg_loss': 3.880809, 'train_total': 106, 'train_correct': 6.0, 'train_acc': 0.056604, 'train_loss': 411.365735}}
2023-01-19 14:31:34,209 (client:306) INFO: {'Role': 'Client #158', 'Round': 0, 'Results_raw': {'train_avg_loss': 3.972464, 'train_total': 235, 'train_correct': 11.0, 'train_acc': 0.046809, 'train_loss': 933.529103}}
2023-01-19 14:31:34,335 (client:306) INFO: {'Role': 'Client #136', 'Round': 0, 'Results_raw': {'train_avg_loss': 4.011722, 'train_total': 239, 'train_correct': 10.0, 'train_acc': 0.041841, 'train_loss': 958.801513}}
2023-01-19 14:31:34,435 (client:306) INFO: {'Role': 'Client #141', 'Round': 0, 'Results_raw': {'train_avg_loss': 4.05082, 'train_total': 235, 'train_correct': 6.0, 'train_acc': 0.025532, 'train_loss': 951.94278}}
2023-01-19 14:31:34,521 (client:306) INFO: {'Role': 'Client #57', 'Round': 0, 'Results_raw': {'train_avg_loss': 4.014109, 'train_total': 104, 'train_correct': 4.0, 'train_acc': 0.038462, 'train_loss': 417.467372}}
2023-01-19 14:31:34,600 (client:306) INFO: {'Role': 'Client #96', 'Round': 0, 'Results_raw': {'train_avg_loss': 3.98654, 'train_total': 111, 'train_correct': 8.0, 'train_acc': 0.072072, 'train_loss': 442.505986}}
2023-01-19 14:31:34,671 (client:306) INFO: {'Role': 'Client #55', 'Round': 0, 'Results_raw': {'train_avg_loss': 4.005102, 'train_total': 103, 'train_correct': 6.0, 'train_acc': 0.058252, 'train_loss': 412.525538}}
2023-01-19 14:31:34,738 (client:306) INFO: {'Role': 'Client #51', 'Round': 0, 'Results_raw': {'train_avg_loss': 3.967614, 'train_total': 102, 'train_correct': 4.0, 'train_acc': 0.039216, 'train_loss': 404.6966}}
2023-01-19 14:31:34,805 (client:306) INFO: {'Role': 'Client #18', 'Round': 0, 'Results_raw': {'train_avg_loss': 4.011759, 'train_total': 110, 'train_correct': 4.0, 'train_acc': 0.036364, 'train_loss': 441.293473}}
2023-01-19 14:31:34,871 (client:306) INFO: {'Role': 'Client #56', 'Round': 0, 'Results_raw': {'train_avg_loss': 4.007625, 'train_total': 106, 'train_correct': 7.0, 'train_acc': 0.066038, 'train_loss': 424.808265}}
2023-01-19 14:31:34,966 (client:306) INFO: {'Role': 'Client #146', 'Round': 0, 'Results_raw': {'train_avg_loss': 3.932343, 'train_total': 210, 'train_correct': 14.0, 'train_acc': 0.066667, 'train_loss': 825.792096}}
2023-01-19 14:31:35,036 (client:306) INFO: {'Role': 'Client #21', 'Round': 0, 'Results_raw': {'train_avg_loss': 3.910232, 'train_total': 111, 'train_correct': 4.0, 'train_acc': 0.036036, 'train_loss': 434.035777}}
2023-01-19 14:31:35,142 (client:306) INFO: {'Role': 'Client #196', 'Round': 0, 'Results_raw': {'train_avg_loss': 4.080949, 'train_total': 241, 'train_correct': 17.0, 'train_acc': 0.070539, 'train_loss': 983.5088}}
2023-01-19 14:31:35,250 (client:306) INFO: {'Role': 'Client #159', 'Round': 0, 'Results_raw': {'train_avg_loss': 3.946038, 'train_total': 255, 'train_correct': 20.0, 'train_acc': 0.078431, 'train_loss': 1006.239803}}
2023-01-19 14:31:35,321 (client:306) INFO: {'Role': 'Client #74', 'Round': 0, 'Results_raw': {'train_avg_loss': 3.985256, 'train_total': 111, 'train_correct': 6.0, 'train_acc': 0.054054, 'train_loss': 442.363454}}
2023-01-19 14:31:35,410 (client:306) INFO: {'Role': 'Client #179', 'Round': 0, 'Results_raw': {'train_avg_loss': 4.011835, 'train_total': 190, 'train_correct': 15.0, 'train_acc': 0.078947, 'train_loss': 762.248604}}
2023-01-19 14:31:35,486 (client:306) INFO: {'Role': 'Client #199', 'Round': 0, 'Results_raw': {'train_avg_loss': 4.026814, 'train_total': 136, 'train_correct': 12.0, 'train_acc': 0.088235, 'train_loss': 547.646646}}
2023-01-19 14:31:35,581 (client:306) INFO: {'Role': 'Client #184', 'Round': 0, 'Results_raw': {'train_avg_loss': 3.987926, 'train_total': 201, 'train_correct': 14.0, 'train_acc': 0.069652, 'train_loss': 801.573124}}
2023-01-19 14:31:35,647 (client:306) INFO: {'Role': 'Client #11', 'Round': 0, 'Results_raw': {'train_avg_loss': 3.89409, 'train_total': 105, 'train_correct': 10.0, 'train_acc': 0.095238, 'train_loss': 408.879411}}
2023-01-19 14:31:35,745 (client:306) INFO: {'Role': 'Client #174', 'Round': 0, 'Results_raw': {'train_avg_loss': 4.007563, 'train_total': 212, 'train_correct': 15.0, 'train_acc': 0.070755, 'train_loss': 849.603304}}
2023-01-19 14:31:35,811 (client:306) INFO: {'Role': 'Client #17', 'Round': 0, 'Results_raw': {'train_avg_loss': 3.955854, 'train_total': 109, 'train_correct': 5.0, 'train_acc': 0.045872, 'train_loss': 431.188035}}
2023-01-19 14:31:35,897 (client:306) INFO: {'Role': 'Client #103', 'Round': 0, 'Results_raw': {'train_avg_loss': 4.048539, 'train_total': 179, 'train_correct': 3.0, 'train_acc': 0.01676, 'train_loss': 724.68845}}
2023-01-19 14:31:35,994 (client:306) INFO: {'Role': 'Client #107', 'Round': 0, 'Results_raw': {'train_avg_loss': 4.070727, 'train_total': 216, 'train_correct': 2.0, 'train_acc': 0.009259, 'train_loss': 879.277061}}
2023-01-19 14:31:36,094 (client:306) INFO: {'Role': 'Client #142', 'Round': 0, 'Results_raw': {'train_avg_loss': 3.912704, 'train_total': 221, 'train_correct': 13.0, 'train_acc': 0.058824, 'train_loss': 864.707513}}
2023-01-19 14:31:36,175 (client:306) INFO: {'Role': 'Client #140', 'Round': 0, 'Results_raw': {'train_avg_loss': 4.049647, 'train_total': 155, 'train_correct': 8.0, 'train_acc': 0.051613, 'train_loss': 627.695212}}
2023-01-19 14:31:36,253 (client:306) INFO: {'Role': 'Client #145', 'Round': 0, 'Results_raw': {'train_avg_loss': 4.143945, 'train_total': 148, 'train_correct': 6.0, 'train_acc': 0.040541, 'train_loss': 613.303832}}
2023-01-19 14:31:36,348 (client:306) INFO: {'Role': 'Client #190', 'Round': 0, 'Results_raw': {'train_avg_loss': 4.063383, 'train_total': 203, 'train_correct': 9.0, 'train_acc': 0.044335, 'train_loss': 824.866796}}
2023-01-19 14:31:36,448 (client:306) INFO: {'Role': 'Client #157', 'Round': 0, 'Results_raw': {'train_avg_loss': 3.952142, 'train_total': 230, 'train_correct': 20.0, 'train_acc': 0.086957, 'train_loss': 908.992755}}
2023-01-19 14:31:36,550 (client:306) INFO: {'Role': 'Client #156', 'Round': 0, 'Results_raw': {'train_avg_loss': 3.978555, 'train_total': 221, 'train_correct': 8.0, 'train_acc': 0.036199, 'train_loss': 879.260552}}
2023-01-19 14:31:36,651 (client:306) INFO: {'Role': 'Client #123', 'Round': 0, 'Results_raw': {'train_avg_loss': 3.990669, 'train_total': 221, 'train_correct': 14.0, 'train_acc': 0.063348, 'train_loss': 881.9379}}
2023-01-19 14:31:36,718 (client:306) INFO: {'Role': 'Client #28', 'Round': 0, 'Results_raw': {'train_avg_loss': 3.924266, 'train_total': 108, 'train_correct': 5.0, 'train_acc': 0.046296, 'train_loss': 423.82068}}
2023-01-19 14:31:36,803 (client:306) INFO: {'Role': 'Client #128', 'Round': 0, 'Results_raw': {'train_avg_loss': 4.17709, 'train_total': 167, 'train_correct': 6.0, 'train_acc': 0.035928, 'train_loss': 697.573967}}
2023-01-19 14:31:36,904 (client:306) INFO: {'Role': 'Client #150', 'Round': 0, 'Results_raw': {'train_avg_loss': 4.034558, 'train_total': 229, 'train_correct': 10.0, 'train_acc': 0.043668, 'train_loss': 923.913793}}
2023-01-19 14:31:37,004 (client:306) INFO: {'Role': 'Client #192', 'Round': 0, 'Results_raw': {'train_avg_loss': 4.111803, 'train_total': 222, 'train_correct': 7.0, 'train_acc': 0.031532, 'train_loss': 912.820295}}
2023-01-19 14:31:37,102 (client:306) INFO: {'Role': 'Client #175', 'Round': 0, 'Results_raw': {'train_avg_loss': 4.008129, 'train_total': 207, 'train_correct': 10.0, 'train_acc': 0.048309, 'train_loss': 829.682721}}
2023-01-19 14:31:37,204 (client:306) INFO: {'Role': 'Client #131', 'Round': 0, 'Results_raw': {'train_avg_loss': 4.121953, 'train_total': 206, 'train_correct': 5.0, 'train_acc': 0.024272, 'train_loss': 849.122254}}
2023-01-19 14:31:37,273 (client:306) INFO: {'Role': 'Client #62', 'Round': 0, 'Results_raw': {'train_avg_loss': 4.086061, 'train_total': 102, 'train_correct': 3.0, 'train_acc': 0.029412, 'train_loss': 416.778229}}
2023-01-19 14:31:37,359 (client:306) INFO: {'Role': 'Client #133', 'Round': 0, 'Results_raw': {'train_avg_loss': 4.091031, 'train_total': 168, 'train_correct': 11.0, 'train_acc': 0.065476, 'train_loss': 687.293184}}
2023-01-19 14:31:37,461 (client:306) INFO: {'Role': 'Client #172', 'Round': 0, 'Results_raw': {'train_avg_loss': 3.963052, 'train_total': 226, 'train_correct': 21.0, 'train_acc': 0.09292, 'train_loss': 895.64976}}
2023-01-19 14:31:37,543 (client:306) INFO: {'Role': 'Client #101', 'Round': 0, 'Results_raw': {'train_avg_loss': 4.003001, 'train_total': 154, 'train_correct': 8.0, 'train_acc': 0.051948, 'train_loss': 616.462143}}
2023-01-19 14:31:37,554 (monitor:541) INFO: {'Role': 'Server #', 'Round': 0, 'Results_model_metric': {}}
2023-01-19 14:31:37,774 (server:336) INFO: ----------- Starting a new training round (Round #1) -------------
2023-01-19 14:31:37,862 (client:306) INFO: {'Role': 'Client #44', 'Round': 1, 'Results_raw': {'train_avg_loss': 3.773171, 'train_total': 100, 'train_correct': 11.0, 'train_acc': 0.11, 'train_loss': 377.31708}}
2023-01-19 14:31:37,930 (client:306) INFO: {'Role': 'Client #93', 'Round': 1, 'Results_raw': {'train_avg_loss': 3.730665, 'train_total': 105, 'train_correct': 4.0, 'train_acc': 0.038095, 'train_loss': 391.719855}}
2023-01-19 14:31:37,997 (client:306) INFO: {'Role': 'Client #59', 'Round': 1, 'Results_raw': {'train_avg_loss': 3.685201, 'train_total': 109, 'train_correct': 7.0, 'train_acc': 0.06422, 'train_loss': 401.686928}}
2023-01-19 14:31:38,103 (client:306) INFO: {'Role': 'Client #181', 'Round': 1, 'Results_raw': {'train_avg_loss': 3.900315, 'train_total': 237, 'train_correct': 12.0, 'train_acc': 0.050633, 'train_loss': 924.374702}}
2023-01-19 14:31:38,155 (client:306) INFO: {'Role': 'Client #74', 'Round': 1, 'Results_raw': {'train_avg_loss': 3.665755, 'train_total': 111, 'train_correct': 8.0, 'train_acc': 0.072072, 'train_loss': 406.898782}}
2023-01-19 14:31:38,237 (client:306) INFO: {'Role': 'Client #122', 'Round': 1, 'Results_raw': {'train_avg_loss': 3.803505, 'train_total': 156, 'train_correct': 14.0, 'train_acc': 0.089744, 'train_loss': 593.346756}}
2023-01-19 14:31:38,307 (client:306) INFO: {'Role': 'Client #2', 'Round': 1, 'Results_raw': {'train_avg_loss': 3.714241, 'train_total': 103, 'train_correct': 4.0, 'train_acc': 0.038835, 'train_loss': 382.566798}}
2023-01-19 14:31:38,375 (client:306) INFO: {'Role': 'Client #3', 'Round': 1, 'Results_raw': {'train_avg_loss': 3.711361, 'train_total': 104, 'train_correct': 8.0, 'train_acc': 0.076923, 'train_loss': 385.981538}}
2023-01-19 14:31:38,437 (client:306) INFO: {'Role': 'Client #168', 'Round': 1, 'Results_raw': {'train_avg_loss': 3.986161, 'train_total': 85, 'train_correct': 6.0, 'train_acc': 0.070588, 'train_loss': 338.823681}}
2023-01-19 14:31:38,500 (client:306) INFO: {'Role': 'Client #140', 'Round': 1, 'Results_raw': {'train_avg_loss': 3.913766, 'train_total': 155, 'train_correct': 8.0, 'train_acc': 0.051613, 'train_loss': 606.633712}}
2023-01-19 14:31:38,570 (client:306) INFO: {'Role': 'Client #66', 'Round': 1, 'Results_raw': {'train_avg_loss': 3.607813, 'train_total': 108, 'train_correct': 11.0, 'train_acc': 0.101852, 'train_loss': 389.643797}}
2023-01-19 14:31:38,637 (client:306) INFO: {'Role': 'Client #37', 'Round': 1, 'Results_raw': {'train_avg_loss': 3.696259, 'train_total': 106, 'train_correct': 7.0, 'train_acc': 0.066038, 'train_loss': 391.803471}}
2023-01-19 14:31:38,705 (client:306) INFO: {'Role': 'Client #61', 'Round': 1, 'Results_raw': {'train_avg_loss': 3.75104, 'train_total': 108, 'train_correct': 6.0, 'train_acc': 0.055556, 'train_loss': 405.112276}}
2023-01-19 14:31:38,772 (client:306) INFO: {'Role': 'Client #69', 'Round': 1, 'Results_raw': {'train_avg_loss': 3.851591, 'train_total': 109, 'train_correct': 5.0, 'train_acc': 0.045872, 'train_loss': 419.823436}}
2023-01-19 14:31:38,838 (client:306) INFO: {'Role': 'Client #133', 'Round': 1, 'Results_raw': {'train_avg_loss': 3.855571, 'train_total': 168, 'train_correct': 13.0, 'train_acc': 0.077381, 'train_loss': 647.735872}}
2023-01-19 14:31:38,919 (client:306) INFO: {'Role': 'Client #125', 'Round': 1, 'Results_raw': {'train_avg_loss': 3.902495, 'train_total': 146, 'train_correct': 6.0, 'train_acc': 0.041096, 'train_loss': 569.764267}}
2023-01-19 14:31:39,007 (client:306) INFO: {'Role': 'Client #118', 'Round': 1, 'Results_raw': {'train_avg_loss': 3.774675, 'train_total': 162, 'train_correct': 11.0, 'train_acc': 0.067901, 'train_loss': 611.497296}}
2023-01-19 14:31:39,055 (client:306) INFO: {'Role': 'Client #53', 'Round': 1, 'Results_raw': {'train_avg_loss': 3.648235, 'train_total': 106, 'train_correct': 9.0, 'train_acc': 0.084906, 'train_loss': 386.712943}}
2023-01-19 14:31:39,154 (client:306) INFO: {'Role': 'Client #176', 'Round': 1, 'Results_raw': {'train_avg_loss': 3.89388, 'train_total': 213, 'train_correct': 14.0, 'train_acc': 0.065728, 'train_loss': 829.39638}}
2023-01-19 14:31:39,222 (client:306) INFO: {'Role': 'Client #92', 'Round': 1, 'Results_raw': {'train_avg_loss': 3.76654, 'train_total': 107, 'train_correct': 9.0, 'train_acc': 0.084112, 'train_loss': 403.019814}}
2023-01-19 14:31:39,318 (client:306) INFO: {'Role': 'Client #193', 'Round': 1, 'Results_raw': {'train_avg_loss': 3.801172, 'train_total': 202, 'train_correct': 19.0, 'train_acc': 0.094059, 'train_loss': 767.836843}}
2023-01-19 14:31:39,385 (client:306) INFO: {'Role': 'Client #29', 'Round': 1, 'Results_raw': {'train_avg_loss': 3.717448, 'train_total': 101, 'train_correct': 9.0, 'train_acc': 0.089109, 'train_loss': 375.462257}}
2023-01-19 14:31:39,453 (client:306) INFO: {'Role': 'Client #12', 'Round': 1, 'Results_raw': {'train_avg_loss': 3.757952, 'train_total': 108, 'train_correct': 6.0, 'train_acc': 0.055556, 'train_loss': 405.858834}}
2023-01-19 14:31:39,520 (client:306) INFO: {'Role': 'Client #25', 'Round': 1, 'Results_raw': {'train_avg_loss': 3.800432, 'train_total': 106, 'train_correct': 8.0, 'train_acc': 0.075472, 'train_loss': 402.845795}}
2023-01-19 14:31:39,585 (client:306) INFO: {'Role': 'Client #20', 'Round': 1, 'Results_raw': {'train_avg_loss': 3.638088, 'train_total': 98, 'train_correct': 9.0, 'train_acc': 0.091837, 'train_loss': 356.532591}}
2023-01-19 14:31:39,658 (client:306) INFO: {'Role': 'Client #179', 'Round': 1, 'Results_raw': {'train_avg_loss': 3.812604, 'train_total': 190, 'train_correct': 8.0, 'train_acc': 0.042105, 'train_loss': 724.394722}}
2023-01-19 14:31:39,753 (client:306) INFO: {'Role': 'Client #194', 'Round': 1, 'Results_raw': {'train_avg_loss': 3.944005, 'train_total': 207, 'train_correct': 8.0, 'train_acc': 0.038647, 'train_loss': 816.409038}}
2023-01-19 14:31:39,823 (client:306) INFO: {'Role': 'Client #100', 'Round': 1, 'Results_raw': {'train_avg_loss': 3.691845, 'train_total': 106, 'train_correct': 8.0, 'train_acc': 0.075472, 'train_loss': 391.335523}}
2023-01-19 14:31:39,937 (client:306) INFO: {'Role': 'Client #129', 'Round': 1, 'Results_raw': {'train_avg_loss': 3.799955, 'train_total': 252, 'train_correct': 17.0, 'train_acc': 0.06746, 'train_loss': 957.588774}}
2023-01-19 14:31:40,015 (client:306) INFO: {'Role': 'Client #184', 'Round': 1, 'Results_raw': {'train_avg_loss': 3.775798, 'train_total': 201, 'train_correct': 15.0, 'train_acc': 0.074627, 'train_loss': 758.935354}}
2023-01-19 14:31:40,083 (client:306) INFO: {'Role': 'Client #70', 'Round': 1, 'Results_raw': {'train_avg_loss': 3.733821, 'train_total': 109, 'train_correct': 9.0, 'train_acc': 0.082569, 'train_loss': 406.986486}}
2023-01-19 14:31:40,177 (client:306) INFO: {'Role': 'Client #138', 'Round': 1, 'Results_raw': {'train_avg_loss': 3.827783, 'train_total': 195, 'train_correct': 13.0, 'train_acc': 0.066667, 'train_loss': 746.417621}}
2023-01-19 14:31:40,279 (client:306) INFO: {'Role': 'Client #85', 'Round': 1, 'Results_raw': {'train_avg_loss': 3.877792, 'train_total': 105, 'train_correct': 7.0, 'train_acc': 0.066667, 'train_loss': 407.168202}}
2023-01-19 14:31:40,380 (client:306) INFO: {'Role': 'Client #134', 'Round': 1, 'Results_raw': {'train_avg_loss': 3.889462, 'train_total': 220, 'train_correct': 10.0, 'train_acc': 0.045455, 'train_loss': 855.68157}}
2023-01-19 14:31:40,448 (client:306) INFO: {'Role': 'Client #49', 'Round': 1, 'Results_raw': {'train_avg_loss': 3.677743, 'train_total': 107, 'train_correct': 8.0, 'train_acc': 0.074766, 'train_loss': 393.518551}}
2023-01-19 14:31:40,517 (client:306) INFO: {'Role': 'Client #36', 'Round': 1, 'Results_raw': {'train_avg_loss': 3.623481, 'train_total': 106, 'train_correct': 13.0, 'train_acc': 0.122642, 'train_loss': 384.088944}}
2023-01-19 14:31:40,615 (client:306) INFO: {'Role': 'Client #161', 'Round': 1, 'Results_raw': {'train_avg_loss': 3.829268, 'train_total': 205, 'train_correct': 16.0, 'train_acc': 0.078049, 'train_loss': 784.999886}}
2023-01-19 14:31:40,720 (client:306) INFO: {'Role': 'Client #119', 'Round': 1, 'Results_raw': {'train_avg_loss': 3.79439, 'train_total': 214, 'train_correct': 16.0, 'train_acc': 0.074766, 'train_loss': 811.999555}}
2023-01-19 14:31:40,771 (client:306) INFO: {'Role': 'Client #21', 'Round': 1, 'Results_raw': {'train_avg_loss': 3.747256, 'train_total': 111, 'train_correct': 9.0, 'train_acc': 0.081081, 'train_loss': 415.945367}}
2023-01-19 14:31:40,881 (client:306) INFO: {'Role': 'Client #106', 'Round': 1, 'Results_raw': {'train_avg_loss': 3.783941, 'train_total': 225, 'train_correct': 19.0, 'train_acc': 0.084444, 'train_loss': 851.386714}}
2023-01-19 14:31:40,891 (monitor:541) INFO: {'Role': 'Server #', 'Round': 1, 'Results_model_metric': {}}
2023-01-19 14:31:41,107 (server:336) INFO: ----------- Starting a new training round (Round #2) -------------
2023-01-19 14:31:41,175 (client:306) INFO: {'Role': 'Client #7', 'Round': 2, 'Results_raw': {'train_avg_loss': 3.41811, 'train_total': 106, 'train_correct': 11.0, 'train_acc': 0.103774, 'train_loss': 362.319637}}
2023-01-19 14:31:41,237 (client:306) INFO: {'Role': 'Client #122', 'Round': 2, 'Results_raw': {'train_avg_loss': 3.822169, 'train_total': 156, 'train_correct': 10.0, 'train_acc': 0.064103, 'train_loss': 596.25844}}
2023-01-19 14:31:41,317 (client:306) INFO: {'Role': 'Client #162', 'Round': 2, 'Results_raw': {'train_avg_loss': 3.801672, 'train_total': 146, 'train_correct': 13.0, 'train_acc': 0.089041, 'train_loss': 555.044089}}
2023-01-19 14:31:41,419 (client:306) INFO: {'Role': 'Client #187', 'Round': 2, 'Results_raw': {'train_avg_loss': 3.761019, 'train_total': 223, 'train_correct': 18.0, 'train_acc': 0.080717, 'train_loss': 838.70719}}
2023-01-19 14:31:41,484 (client:306) INFO: {'Role': 'Client #77', 'Round': 2, 'Results_raw': {'train_avg_loss': 3.458639, 'train_total': 93, 'train_correct': 13.0, 'train_acc': 0.139785, 'train_loss': 321.653404}}
2023-01-19 14:31:41,580 (client:306) INFO: {'Role': 'Client #186', 'Round': 2, 'Results_raw': {'train_avg_loss': 3.83344, 'train_total': 202, 'train_correct': 9.0, 'train_acc': 0.044554, 'train_loss': 774.354842}}
2023-01-19 14:31:41,664 (client:306) INFO: {'Role': 'Client #158', 'Round': 2, 'Results_raw': {'train_avg_loss': 3.715497, 'train_total': 235, 'train_correct': 17.0, 'train_acc': 0.07234, 'train_loss': 873.141797}}
2023-01-19 14:31:41,733 (client:306) INFO: {'Role': 'Client #88', 'Round': 2, 'Results_raw': {'train_avg_loss': 3.716221, 'train_total': 103, 'train_correct': 10.0, 'train_acc': 0.097087, 'train_loss': 382.770757}}
2023-01-19 14:31:41,781 (client:306) INFO: {'Role': 'Client #57', 'Round': 2, 'Results_raw': {'train_avg_loss': 3.592284, 'train_total': 104, 'train_correct': 9.0, 'train_acc': 0.086538, 'train_loss': 373.597556}}
2023-01-19 14:31:41,848 (client:306) INFO: {'Role': 'Client #87', 'Round': 2, 'Results_raw': {'train_avg_loss': 3.601541, 'train_total': 109, 'train_correct': 8.0, 'train_acc': 0.073394, 'train_loss': 392.567973}}
2023-01-19 14:31:41,916 (client:306) INFO: {'Role': 'Client #27', 'Round': 2, 'Results_raw': {'train_avg_loss': 3.555977, 'train_total': 103, 'train_correct': 9.0, 'train_acc': 0.087379, 'train_loss': 366.265603}}
2023-01-19 14:31:41,986 (client:306) INFO: {'Role': 'Client #68', 'Round': 2, 'Results_raw': {'train_avg_loss': 3.665541, 'train_total': 108, 'train_correct': 15.0, 'train_acc': 0.138889, 'train_loss': 395.878466}}
2023-01-19 14:31:42,089 (client:306) INFO: {'Role': 'Client #164', 'Round': 2, 'Results_raw': {'train_avg_loss': 3.689798, 'train_total': 225, 'train_correct': 22.0, 'train_acc': 0.097778, 'train_loss': 830.204625}}
2023-01-19 14:31:42,172 (client:306) INFO: {'Role': 'Client #135', 'Round': 2, 'Results_raw': {'train_avg_loss': 3.60059, 'train_total': 159, 'train_correct': 11.0, 'train_acc': 0.069182, 'train_loss': 572.493836}}
2023-01-19 14:31:42,241 (client:306) INFO: {'Role': 'Client #45', 'Round': 2, 'Results_raw': {'train_avg_loss': 3.666077, 'train_total': 106, 'train_correct': 10.0, 'train_acc': 0.09434, 'train_loss': 388.604194}}
2023-01-19 14:31:42,311 (client:306) INFO: {'Role': 'Client #8', 'Round': 2, 'Results_raw': {'train_avg_loss': 3.625806, 'train_total': 106, 'train_correct': 8.0, 'train_acc': 0.075472, 'train_loss': 384.335485}}
2023-01-19 14:31:42,393 (client:306) INFO: {'Role': 'Client #157', 'Round': 2, 'Results_raw': {'train_avg_loss': 3.757678, 'train_total': 230, 'train_correct': 20.0, 'train_acc': 0.086957, 'train_loss': 864.265954}}
2023-01-19 14:31:42,494 (client:306) INFO: {'Role': 'Client #154', 'Round': 2, 'Results_raw': {'train_avg_loss': 3.78029, 'train_total': 223, 'train_correct': 24.0, 'train_acc': 0.107623, 'train_loss': 843.004703}}
2023-01-19 14:31:42,541 (client:306) INFO: {'Role': 'Client #17', 'Round': 2, 'Results_raw': {'train_avg_loss': 3.614951, 'train_total': 109, 'train_correct': 10.0, 'train_acc': 0.091743, 'train_loss': 394.029708}}
2023-01-19 14:31:42,625 (client:306) INFO: {'Role': 'Client #146', 'Round': 2, 'Results_raw': {'train_avg_loss': 3.718329, 'train_total': 210, 'train_correct': 16.0, 'train_acc': 0.07619, 'train_loss': 780.849173}}
2023-01-19 14:31:42,695 (client:306) INFO: {'Role': 'Client #95', 'Round': 2, 'Results_raw': {'train_avg_loss': 3.669855, 'train_total': 109, 'train_correct': 7.0, 'train_acc': 0.06422, 'train_loss': 400.014171}}
2023-01-19 14:31:42,765 (client:306) INFO: {'Role': 'Client #15', 'Round': 2, 'Results_raw': {'train_avg_loss': 3.765636, 'train_total': 109, 'train_correct': 7.0, 'train_acc': 0.06422, 'train_loss': 410.454311}}
2023-01-19 14:31:42,868 (client:306) INFO: {'Role': 'Client #144', 'Round': 2, 'Results_raw': {'train_avg_loss': 3.717177, 'train_total': 213, 'train_correct': 21.0, 'train_acc': 0.098592, 'train_loss': 791.758795}}
2023-01-19 14:31:42,939 (client:306) INFO: {'Role': 'Client #73', 'Round': 2, 'Results_raw': {'train_avg_loss': 3.494887, 'train_total': 101, 'train_correct': 10.0, 'train_acc': 0.09901, 'train_loss': 352.983561}}
2023-01-19 14:31:43,010 (client:306) INFO: {'Role': 'Client #46', 'Round': 2, 'Results_raw': {'train_avg_loss': 3.587982, 'train_total': 101, 'train_correct': 13.0, 'train_acc': 0.128713, 'train_loss': 362.386189}}
2023-01-19 14:31:43,094 (client:306) INFO: {'Role': 'Client #166', 'Round': 2, 'Results_raw': {'train_avg_loss': 3.817942, 'train_total': 141, 'train_correct': 12.0, 'train_acc': 0.085106, 'train_loss': 538.329864}}
2023-01-19 14:31:43,170 (client:306) INFO: {'Role': 'Client #138', 'Round': 2, 'Results_raw': {'train_avg_loss': 3.77613, 'train_total': 195, 'train_correct': 10.0, 'train_acc': 0.051282, 'train_loss': 736.345382}}
2023-01-19 14:31:43,237 (client:306) INFO: {'Role': 'Client #5', 'Round': 2, 'Results_raw': {'train_avg_loss': 3.539819, 'train_total': 106, 'train_correct': 13.0, 'train_acc': 0.122642, 'train_loss': 375.220792}}
2023-01-19 14:31:43,306 (client:306) INFO: {'Role': 'Client #38', 'Round': 2, 'Results_raw': {'train_avg_loss': 3.566647, 'train_total': 106, 'train_correct': 14.0, 'train_acc': 0.132075, 'train_loss': 378.064551}}
2023-01-19 14:31:43,398 (client:306) INFO: {'Role': 'Client #185', 'Round': 2, 'Results_raw': {'train_avg_loss': 3.844817, 'train_total': 178, 'train_correct': 9.0, 'train_acc': 0.050562, 'train_loss': 684.377429}}
2023-01-19 14:31:43,505 (client:306) INFO: {'Role': 'Client #126', 'Round': 2, 'Results_raw': {'train_avg_loss': 3.871856, 'train_total': 195, 'train_correct': 9.0, 'train_acc': 0.046154, 'train_loss': 755.011897}}
2023-01-19 14:31:43,575 (client:306) INFO: {'Role': 'Client #99', 'Round': 2, 'Results_raw': {'train_avg_loss': 3.777742, 'train_total': 96, 'train_correct': 2.0, 'train_acc': 0.020833, 'train_loss': 362.663262}}
2023-01-19 14:31:43,645 (client:306) INFO: {'Role': 'Client #76', 'Round': 2, 'Results_raw': {'train_avg_loss': 3.681234, 'train_total': 106, 'train_correct': 10.0, 'train_acc': 0.09434, 'train_loss': 390.210752}}
2023-01-19 14:31:43,713 (client:306) INFO: {'Role': 'Client #91', 'Round': 2, 'Results_raw': {'train_avg_loss': 3.675512, 'train_total': 103, 'train_correct': 11.0, 'train_acc': 0.106796, 'train_loss': 378.57775}}
2023-01-19 14:31:43,780 (client:306) INFO: {'Role': 'Client #47', 'Round': 2, 'Results_raw': {'train_avg_loss': 3.662684, 'train_total': 106, 'train_correct': 9.0, 'train_acc': 0.084906, 'train_loss': 388.244452}}
2023-01-19 14:31:43,856 (client:306) INFO: {'Role': 'Client #193', 'Round': 2, 'Results_raw': {'train_avg_loss': 3.663284, 'train_total': 202, 'train_correct': 27.0, 'train_acc': 0.133663, 'train_loss': 739.983417}}
2023-01-19 14:31:43,950 (client:306) INFO: {'Role': 'Client #127', 'Round': 2, 'Results_raw': {'train_avg_loss': 3.943463, 'train_total': 199, 'train_correct': 9.0, 'train_acc': 0.045226, 'train_loss': 784.749229}}
2023-01-19 14:31:44,021 (client:306) INFO: {'Role': 'Client #52', 'Round': 2, 'Results_raw': {'train_avg_loss': 3.650194, 'train_total': 97, 'train_correct': 12.0, 'train_acc': 0.123711, 'train_loss': 354.068854}}
2023-01-19 14:31:44,093 (client:306) INFO: {'Role': 'Client #30', 'Round': 2, 'Results_raw': {'train_avg_loss': 3.595462, 'train_total': 109, 'train_correct': 11.0, 'train_acc': 0.100917, 'train_loss': 391.90536}}
2023-01-19 14:31:44,196 (client:306) INFO: {'Role': 'Client #155', 'Round': 2, 'Results_raw': {'train_avg_loss': 3.813128, 'train_total': 220, 'train_correct': 14.0, 'train_acc': 0.063636, 'train_loss': 838.888061}}
2023-01-19 14:31:44,207 (monitor:541) INFO: {'Role': 'Server #', 'Round': 2, 'Results_model_metric': {}}
2023-01-19 14:31:44,421 (server:336) INFO: ----------- Starting a new training round (Round #3) -------------
2023-01-19 14:31:44,471 (client:306) INFO: {'Role': 'Client #55', 'Round': 3, 'Results_raw': {'train_avg_loss': 3.626548, 'train_total': 103, 'train_correct': 16.0, 'train_acc': 0.15534, 'train_loss': 373.53449}}
2023-01-19 14:31:44,575 (client:306) INFO: {'Role': 'Client #197', 'Round': 3, 'Results_raw': {'train_avg_loss': 3.754994, 'train_total': 238, 'train_correct': 10.0, 'train_acc': 0.042017, 'train_loss': 893.688528}}
2023-01-19 14:31:44,643 (client:306) INFO: {'Role': 'Client #84', 'Round': 3, 'Results_raw': {'train_avg_loss': 3.501543, 'train_total': 106, 'train_correct': 10.0, 'train_acc': 0.09434, 'train_loss': 371.163524}}
2023-01-19 14:31:44,735 (client:306) INFO: {'Role': 'Client #181', 'Round': 3, 'Results_raw': {'train_avg_loss': 3.941728, 'train_total': 237, 'train_correct': 5.0, 'train_acc': 0.021097, 'train_loss': 934.189585}}
2023-01-19 14:31:44,787 (client:306) INFO: {'Role': 'Client #70', 'Round': 3, 'Results_raw': {'train_avg_loss': 3.611008, 'train_total': 109, 'train_correct': 10.0, 'train_acc': 0.091743, 'train_loss': 393.599865}}
2023-01-19 14:31:44,838 (client:306) INFO: {'Role': 'Client #59', 'Round': 3, 'Results_raw': {'train_avg_loss': 3.663231, 'train_total': 109, 'train_correct': 9.0, 'train_acc': 0.082569, 'train_loss': 399.292135}}
2023-01-19 14:31:44,910 (client:306) INFO: {'Role': 'Client #41', 'Round': 3, 'Results_raw': {'train_avg_loss': 3.596108, 'train_total': 108, 'train_correct': 10.0, 'train_acc': 0.092593, 'train_loss': 388.379691}}
2023-01-19 14:31:47,792 (client:306) INFO: {'Role': 'Client #81', 'Round': 3, 'Results_raw': {'train_avg_loss': 3.591039, 'train_total': 103, 'train_correct': 9.0, 'train_acc': 0.087379, 'train_loss': 369.877054}}
2023-01-19 14:32:36,112 (client:306) INFO: {'Role': 'Client #131', 'Round': 3, 'Results_raw': {'train_avg_loss': 3.745416, 'train_total': 206, 'train_correct': 14.0, 'train_acc': 0.067961, 'train_loss': 771.555676}}
2023-01-19 14:32:58,418 (client:306) INFO: {'Role': 'Client #87', 'Round': 3, 'Results_raw': {'train_avg_loss': 3.575821, 'train_total': 109, 'train_correct': 8.0, 'train_acc': 0.073394, 'train_loss': 389.764472}}
2023-01-19 14:33:42,246 (client:306) INFO: {'Role': 'Client #179', 'Round': 3, 'Results_raw': {'train_avg_loss': 3.701414, 'train_total': 190, 'train_correct': 16.0, 'train_acc': 0.084211, 'train_loss': 703.268635}}
2023-01-19 14:34:33,035 (client:306) INFO: {'Role': 'Client #159', 'Round': 3, 'Results_raw': {'train_avg_loss': 3.795755, 'train_total': 255, 'train_correct': 21.0, 'train_acc': 0.082353, 'train_loss': 967.917613}}
