2023-02-17 17:54:48,129 (logging:124) INFO: the current machine is at 192.168.0.1
2023-02-17 17:54:48,129 (logging:126) INFO: the current dir is /home/ubuntu/medscale
2023-02-17 17:54:48,129 (logging:127) INFO: the output dir is exp/FedBN_resnet18_on_lung_lr0.01_lstep1
2023-02-17 17:54:56,220 (cfg_data:145) WARNING: config `cfg.data.batch_size` will be removed in the future, use `cfg.dataloader.batch_size` instead.
2023-02-17 17:54:56,221 (cfg_data:145) WARNING: config `cfg.data.batch_size` will be removed in the future, use `cfg.dataloader.batch_size` instead.
2023-02-17 17:54:56,245 (config:243) INFO: the used configs are: 
aggregator:
  inside_weight: 1.0
  num_agg_groups: 1
  num_agg_topk: []
  outside_weight: 0.0
asyn:
  use: False
attack:
  alpha_TV: 0.001
  alpha_prop_loss: 0
  attack_method: 
  attacker_id: -1
  classifier_PIA: randomforest
  edge_num: 100
  edge_path: edge_data/
  freq: 10
  info_diff_type: l2
  inject_round: 0
  insert_round: 100000
  label_type: dirty
  max_ite: 400
  mean: [0.1307]
  mia_is_simulate_in: False
  mia_simulate_in_round: 20
  pgd_eps: 2
  pgd_lr: 0.1
  pgd_poisoning: False
  poison_ratio: 0.5
  reconstruct_lr: 0.01
  reconstruct_optim: Adam
  scale_para: 1.0
  scale_poisoning: False
  self_epoch: 6
  self_lr: 0.05
  self_opt: False
  setting: fix
  std: [0.3081]
  target_label_ind: -1
  trigger_path: trigger/
  trigger_type: edge
backend: torch
cfg_file: 
check_completeness: False
criterion:
  type: CrossEntropyLoss
data:
  args: []
  batch_size: 16
  cSBM_phi: [0.5, 0.5, 0.5]
  cache_dir: 
  consistent_label_distribution: False
  drop_last: False
  hetero_data_name: []
  hetero_synth_batch_size: 32
  hetero_synth_feat_dim: 128
  hetero_synth_prim_weight: 0.5
  is_debug: False
  loader: 
  max_query_len: 128
  max_seq_len: 384
  max_tgt_len: 128
  num_contrast: 0
  num_of_client_for_data: []
  num_steps: 30
  num_workers: 0
  pre_transform: []
  quadratic:
    dim: 1
    max_curv: 12.5
    min_curv: 0.02
  root: data/
  save_data: False
  server_holds_all: False
  shuffle: True
  sizes: [10, 5]
  splits: [0.8, 0, 0.2]
  splitter: lda
  splitter_args: [{'alpha': 0.3}]
  subsample: 1.0
  target_transform: []
  test_pre_transform: []
  test_target_transform: []
  test_transform: []
  transform: []
  trunc_stride: 128
  type: lung
  val_pre_transform: []
  val_target_transform: []
  val_transform: []
  walk_length: 2
dataloader:
  batch_size: 16
  drop_last: False
  num_steps: 30
  num_workers: 0
  pin_memory: False
  shuffle: True
  sizes: [10, 5]
  theta: -1
  type: base
  walk_length: 2
device: 0
distribute:
  use: False
early_stop:
  delta: 0.0
  improve_indicator_mode: best
  patience: 5
eval:
  best_res_update_round_wise_key: test_loss
  count_flops: True
  freq: 1
  metrics: ['acc', 'correct', 'f1']
  monitoring: []
  report: ['weighted_avg', 'avg', 'fairness', 'raw']
  split: ['test', 'val']
expname: FedBN_resnet18_on_lung_lr0.01_lstep1
expname_tag: 
feat_engr:
  num_bins: 5
  scenario: hfl
  secure:
    dp:
      
    encrypt:
      type: dummy
    key_size: 3072
    type: encrypt
  selec_threshold: 0.05
  selec_woe_binning: quantile
  type: 
federate:
  atc_load_from: 
  atc_vanilla: False
  client_num: 10
  data_weighted_aggr: False
  ignore_weight: False
  join_in_info: []
  make_global_eval: False
  merge_test_data: False
  method: FedBN
  mode: standalone
  online_aggr: False
  resource_info_file: 
  restore_from: 
  sample_client_num: 10
  sample_client_rate: -1.0
  sampler: uniform
  save_to: 
  share_local_model: False
  total_round_num: 10
  unseen_clients_rate: 0.0
  use_diff: False
  use_ss: False
fedopt:
  use: False
fedprox:
  use: False
fedsageplus:
  a: 1.0
  b: 1.0
  c: 1.0
  fedgen_epoch: 200
  gen_hidden: 128
  hide_portion: 0.5
  loc_epoch: 1
  num_pred: 5
finetune:
  batch_or_epoch: epoch
  before_eval: False
  freeze_param: 
  local_update_steps: 1
  optimizer:
    lr: 0.1
    type: SGD
  scheduler:
    type: 
    warmup_ratio: 0.0
flitplus:
  factor_ema: 0.8
  lambdavat: 0.5
  tmpFed: 0.5
  weightReg: 1.0
gcflplus:
  EPS_1: 0.05
  EPS_2: 0.1
  seq_length: 5
  standardize: False
grad:
  grad_accum_count: 1
  grad_clip: 5.0
hpo:
  fedex:
    cutoff: 0.0
    diff: False
    eta0: -1.0
    flatten_ss: True
    gamma: 0.0
    pi_lr: 0.01
    psn: False
    sched: auto
    ss: 
    use: False
  init_cand_num: 16
  larger_better: False
  metric: client_summarized_weighted_avg.val_loss
  num_workers: 0
  pbt:
    max_stage: 5
    perf_threshold: 0.1
  scheduler: rs
  sha:
    budgets: []
    elim_rate: 3
    iter: 0
  ss: 
  table:
    eps: 0.1
    idx: 0
    num: 27
  working_folder: hpo
model:
  contrast_temp: 1.0
  contrast_topk: 100
  downstream_tasks: []
  dropout: 0.0
  embed_size: 8
  gamma: 0
  graph_pooling: mean
  hidden: 2048
  in_channels: 0
  input_shape: ()
  label_smoothing: 0.1
  lambda_: 0.1
  layer: 2
  length_penalty: 2.0
  max_answer_len: 30
  max_length: 200
  max_tree_depth: 3
  min_length: 1
  model_num_per_trainer: 1
  model_type: google/bert_uncased_L-2_H-128_A-2
  n_best_size: 20
  no_repeat_ngram_size: 3
  null_score_diff_threshold: 0.0
  num_beams: 5
  num_item: 0
  num_labels: 1
  num_of_trees: 10
  num_user: 0
  out_channels: 62
  pretrain_tasks: []
  stage: 
  task: node
  type: resnet18
  use_bias: True
  use_contrastive_loss: False
nbafl:
  use: False
outdir: exp/FedBN_resnet18_on_lung_lr0.01_lstep1
personalization:
  K: 5
  beta: 1.0
  local_param: []
  local_update_steps: 1
  lr: 0.5
  regular_weight: 0.1
  share_non_trainable_para: False
print_decimal_digits: 6
regularizer:
  mu: 0.0
  type: 
seed: 2
sgdmf:
  use: False
train:
  batch_or_epoch: epoch
  local_update_steps: 1
  optimizer:
    lr: 0.01
    type: SGD
    weight_decay: 0.0
  scheduler:
    type: 
    warmup_ratio: 0.0
trainer:
  disp_freq: 50
  local_entropy:
    alpha: 0.75
    eps: 0.001
    gamma: 0.0001
  sam:
    adaptive: False
    eta: 0.0
    rho: 1.0
  type: cvtrainer
  val_freq: 100000000
use_gpu: True
verbose: 1
vertical:
  use: False
wandb:
  use: False
2023-02-17 17:54:56,247 (worker_builder:174) WARNING: Server for method FedBN is not implemented. Will use default one
2023-02-17 17:54:56,247 (worker_builder:71) WARNING: Clients for method FedBN is not implemented. Will use default one
2023-02-17 17:54:56,352 (utils:144) INFO: The device information file is not provided
2023-02-17 17:54:56,565 (aggregator_builder:67) WARNING: Aggregator for method FedBN is not implemented. Will use default one
2023-02-17 17:54:56,566 (fed_runner:169) INFO: Server has been set up ... 
2023-02-17 17:54:56,802 (fed_runner:221) INFO: Client 1 has been set up ... 
2023-02-17 17:54:57,021 (fed_runner:221) INFO: Client 2 has been set up ... 
2023-02-17 17:54:57,172 (fed_runner:221) INFO: Client 3 has been set up ... 
2023-02-17 17:54:57,404 (fed_runner:221) INFO: Client 4 has been set up ... 
2023-02-17 17:54:57,531 (fed_runner:221) INFO: Client 5 has been set up ... 
2023-02-17 17:54:57,772 (fed_runner:221) INFO: Client 6 has been set up ... 
2023-02-17 17:54:57,935 (fed_runner:221) INFO: Client 7 has been set up ... 
2023-02-17 17:54:58,165 (fed_runner:221) INFO: Client 8 has been set up ... 
2023-02-17 17:54:58,384 (fed_runner:221) INFO: Client 9 has been set up ... 
2023-02-17 17:54:58,608 (fed_runner:221) INFO: Client 10 has been set up ... 
<<<<<<< HEAD
2023-02-17 17:54:58,609 (trainer:341) INFO: Model meta-info: <class 'medscale.contrib.model.resnet.ResNet'>.
=======
<<<<<<< HEAD
2023-02-17 17:54:58,609 (trainer:341) INFO: Model meta-info: <class 'medscale.contrib.model.resnet.ResNet'>.
=======
2023-02-17 17:54:58,609 (trainer:341) INFO: Model meta-info: <class 'medscale.contrib.model.resnet.ResNet'>.
>>>>>>> fe4962455354c9c11afd9c9806ceda28eb280737
>>>>>>> 64b283ee525ef53c32509882719e74890329b83f
2023-02-17 17:54:58,611 (trainer:349) INFO: Num of original para names: 122.
2023-02-17 17:54:58,611 (trainer:350) INFO: Num of original trainable para names: 62.
2023-02-17 17:54:58,611 (trainer:352) INFO: Num of preserved para names in local update: 122. 
Preserved para names in local update: {'layer1.0.bn2.running_mean', 'layer4.0.bn2.running_var', 'layer3.1.bn1.num_batches_tracked', 'layer2.1.bn2.running_var', 'layer3.1.bn2.bias', 'layer4.1.conv1.weight', 'bn1.bias', 'layer3.0.bn2.running_mean', 'layer1.0.bn1.running_mean', 'layer3.1.bn1.weight', 'layer3.0.conv1.weight', 'layer3.1.bn2.weight', 'layer1.1.bn1.running_var', 'layer2.0.bn2.bias', 'layer3.1.bn1.running_var', 'layer2.0.shortcut.1.bias', 'layer3.0.shortcut.1.running_var', 'layer3.1.bn2.running_var', 'layer4.1.bn1.weight', 'layer2.0.bn2.running_var', 'layer3.0.bn2.num_batches_tracked', 'linear.weight', 'layer4.0.bn2.num_batches_tracked', 'layer4.0.shortcut.1.weight', 'layer2.1.bn1.weight', 'layer1.0.bn1.running_var', 'bn1.running_var', 'layer3.1.bn2.num_batches_tracked', 'layer1.0.bn2.num_batches_tracked', 'layer4.1.conv2.weight', 'layer4.0.bn2.running_mean', 'layer2.1.bn1.running_mean', 'layer3.0.bn1.running_mean', 'layer4.1.bn2.bias', 'layer1.1.bn2.running_var', 'layer2.0.shortcut.1.num_batches_tracked', 'layer2.1.bn2.running_mean', 'layer2.1.bn1.running_var', 'layer3.0.shortcut.1.num_batches_tracked', 'layer1.1.bn1.bias', 'layer4.0.bn2.bias', 'layer3.0.bn2.bias', 'layer2.0.conv2.weight', 'layer4.0.shortcut.1.bias', 'layer4.0.shortcut.1.running_var', 'layer3.0.bn1.running_var', 'layer4.0.shortcut.1.running_mean', 'conv1.weight', 'layer3.1.conv2.weight', 'layer3.0.shortcut.1.bias', 'layer1.1.bn2.running_mean', 'layer3.0.conv2.weight', 'layer4.0.shortcut.0.weight', 'layer4.1.bn2.weight', 'layer4.1.bn2.num_batches_tracked', 'layer4.0.bn1.weight', 'layer4.1.bn1.running_mean', 'layer4.0.bn1.bias', 'layer4.0.bn2.weight', 'layer3.1.conv1.weight', 'layer3.0.bn1.weight', 'layer3.1.bn1.bias', 'layer3.0.shortcut.0.weight', 'layer2.1.bn1.bias', 'layer1.0.conv1.weight', 'layer1.0.bn1.weight', 'layer2.0.conv1.weight', 'layer1.0.bn2.running_var', 'layer2.0.bn2.num_batches_tracked', 'bn1.num_batches_tracked', 'layer2.1.conv2.weight', 'bn1.running_mean', 'layer2.0.bn1.weight', 'layer1.1.bn1.weight', 'layer4.1.bn1.bias', 'layer4.0.bn1.running_mean', 'layer1.0.bn2.weight', 'layer1.1.bn1.running_mean', 'layer2.1.bn2.bias', 'layer2.0.shortcut.1.weight', 'layer3.0.shortcut.1.running_mean', 'layer1.0.bn1.bias', 'layer2.0.bn1.running_mean', 'linear.bias', 'layer3.1.bn2.running_mean', 'layer3.0.bn2.weight', 'layer1.1.conv2.weight', 'layer1.1.bn1.num_batches_tracked', 'layer1.1.bn2.num_batches_tracked', 'layer2.1.bn2.num_batches_tracked', 'layer1.1.bn2.weight', 'layer2.1.bn1.num_batches_tracked', 'layer4.0.conv1.weight', 'layer4.0.bn1.num_batches_tracked', 'layer4.1.bn1.num_batches_tracked', 'layer1.0.conv2.weight', 'layer3.0.bn2.running_var', 'layer1.0.bn2.bias', 'layer2.0.bn1.num_batches_tracked', 'layer1.0.bn1.num_batches_tracked', 'layer2.0.bn1.running_var', 'layer3.0.bn1.bias', 'layer2.0.bn2.running_mean', 'layer4.1.bn1.running_var', 'layer3.0.bn1.num_batches_tracked', 'layer2.0.shortcut.0.weight', 'layer2.0.bn2.weight', 'layer4.0.conv2.weight', 'layer2.1.conv1.weight', 'layer4.1.bn2.running_var', 'layer2.1.bn2.weight', 'layer4.0.bn1.running_var', 'layer2.0.shortcut.1.running_mean', 'layer3.0.shortcut.1.weight', 'layer3.1.bn1.running_mean', 'layer4.0.shortcut.1.num_batches_tracked', 'layer2.0.shortcut.1.running_var', 'layer1.1.conv1.weight', 'layer1.1.bn2.bias', 'layer2.0.bn1.bias', 'layer4.1.bn2.running_mean', 'bn1.weight'}.
2023-02-17 17:54:58,613 (trainer:356) INFO: Num of filtered para names in local update: 0. 
Filtered para names in local update: set().
2023-02-17 17:54:58,613 (trainer:361) INFO: After register default hooks,
	the hooks_in_train is:
	{
	  "on_fit_start": [
	    "_hook_on_fit_start_init",
	    "_hook_on_fit_start_calculate_model_size"
	  ],
	  "on_epoch_start": [
	    "_hook_on_epoch_start"
	  ],
	  "on_batch_start": [
	    "_hook_on_batch_start_init"
	  ],
	  "on_batch_forward": [
	    "_hook_on_batch_forward",
	    "_hook_on_batch_forward_regularizer",
	    "_hook_on_batch_forward_flop_count"
	  ],
	  "on_batch_backward": [
	    "_hook_on_batch_backward"
	  ],
	  "on_batch_end": [
	    "_hook_on_batch_end"
	  ],
	  "on_fit_end": [
	    "_hook_on_fit_end"
	  ]
	};
	the hooks_in_eval is:
            t{
	  "on_fit_start": [
	    "_hook_on_fit_start_init"
	  ],
	  "on_epoch_start": [
	    "_hook_on_epoch_start"
	  ],
	  "on_batch_start": [
	    "_hook_on_batch_start_init"
	  ],
	  "on_batch_forward": [
	    "_hook_on_batch_forward"
	  ],
	  "on_batch_end": [
	    "_hook_on_batch_end"
	  ],
	  "on_fit_end": [
	    "_hook_on_fit_end"
	  ]
	}
2023-02-17 17:54:58,671 (server:804) INFO: ----------- Starting training (Round #0) -------------
2023-02-17 17:55:02,836 (client:306) INFO: {'Role': 'Client #9', 'Round': 0, 'Results_raw': {'train_f1': 1.0, 'train_acc': 1.0, 'train_correct': 6.0, 'train_loss': 3.113129, 'train_avg_loss': 0.518855, 'train_total': 6}}
2023-02-17 17:55:04,953 (client:306) INFO: {'Role': 'Client #3', 'Round': 0, 'Results_raw': {'train_f1': 0.507204, 'train_acc': 0.887892, 'train_correct': 198.0, 'train_loss': 83.655363, 'train_avg_loss': 0.375136, 'train_total': 223}}
2023-02-17 17:55:06,429 (client:306) INFO: {'Role': 'Client #10', 'Round': 0, 'Results_raw': {'train_f1': 0.335211, 'train_acc': 0.52027, 'train_correct': 77.0, 'train_loss': 142.9425, 'train_avg_loss': 0.965828, 'train_total': 148}}
2023-02-17 17:55:08,154 (client:306) INFO: {'Role': 'Client #8', 'Round': 0, 'Results_raw': {'train_f1': 0.485528, 'train_acc': 0.781609, 'train_correct': 136.0, 'train_loss': 117.62954, 'train_avg_loss': 0.676032, 'train_total': 174}}
2023-02-17 17:55:08,346 (client:306) INFO: {'Role': 'Client #1', 'Round': 0, 'Results_raw': {'train_f1': 0.0, 'train_acc': 0.0, 'train_correct': 0.0, 'train_loss': 12.566131, 'train_avg_loss': 1.795162, 'train_total': 7}}
2023-02-17 17:55:08,749 (client:306) INFO: {'Role': 'Client #2', 'Round': 0, 'Results_raw': {'train_f1': 0.310345, 'train_acc': 0.870968, 'train_correct': 27.0, 'train_loss': 16.43248, 'train_avg_loss': 0.53008, 'train_total': 31}}
2023-02-17 17:55:09,803 (client:306) INFO: {'Role': 'Client #4', 'Round': 0, 'Results_raw': {'train_f1': 1.0, 'train_acc': 1.0, 'train_correct': 98.0, 'train_loss': 8.154493, 'train_avg_loss': 0.083209, 'train_total': 98}}
2023-02-17 17:55:10,049 (client:306) INFO: {'Role': 'Client #7', 'Round': 0, 'Results_raw': {'train_f1': 0.2, 'train_acc': 0.25, 'train_correct': 4.0, 'train_loss': 22.239439, 'train_avg_loss': 1.389965, 'train_total': 16}}
2023-02-17 17:55:11,598 (client:306) INFO: {'Role': 'Client #5', 'Round': 0, 'Results_raw': {'train_f1': 0.326776, 'train_acc': 0.472727, 'train_correct': 78.0, 'train_loss': 170.087441, 'train_avg_loss': 1.030833, 'train_total': 165}}
2023-02-17 17:55:11,780 (client:306) INFO: {'Role': 'Client #6', 'Round': 0, 'Results_raw': {'train_f1': 0.0, 'train_acc': 0.0, 'train_correct': 0.0, 'train_loss': 14.126342, 'train_avg_loss': 1.569594, 'train_total': 9}}
2023-02-17 17:55:11,796 (monitor:541) INFO: {'Role': 'Server #', 'Round': 0, 'Results_model_metric': {}}
2023-02-17 17:55:11,891 (server:330) INFO: Server: Starting evaluation at the end of round 0.
2023-02-17 17:55:11,893 (server:336) INFO: ----------- Starting a new training round (Round #1) -------------
2023-02-17 17:55:12,285 (context:294) WARNING: No val_data or val_loader in the trainer, will skip evaluation.If this is not the case you want, please check whether there is typo for the name
2023-02-17 17:55:12,372 (context:294) WARNING: No val_data or val_loader in the trainer, will skip evaluation.If this is not the case you want, please check whether there is typo for the name
2023-02-17 17:55:12,464 (context:294) WARNING: No val_data or val_loader in the trainer, will skip evaluation.If this is not the case you want, please check whether there is typo for the name
2023-02-17 17:55:12,673 (context:294) WARNING: No val_data or val_loader in the trainer, will skip evaluation.If this is not the case you want, please check whether there is typo for the name
2023-02-17 17:55:12,859 (context:294) WARNING: No val_data or val_loader in the trainer, will skip evaluation.If this is not the case you want, please check whether there is typo for the name
2023-02-17 17:55:13,151 (context:294) WARNING: No val_data or val_loader in the trainer, will skip evaluation.If this is not the case you want, please check whether there is typo for the name
2023-02-17 17:55:13,466 (context:294) WARNING: No val_data or val_loader in the trainer, will skip evaluation.If this is not the case you want, please check whether there is typo for the name
2023-02-17 17:55:13,521 (context:294) WARNING: No val_data or val_loader in the trainer, will skip evaluation.If this is not the case you want, please check whether there is typo for the name
2023-02-17 17:55:13,796 (context:294) WARNING: No val_data or val_loader in the trainer, will skip evaluation.If this is not the case you want, please check whether there is typo for the name
2023-02-17 17:55:14,023 (context:294) WARNING: No val_data or val_loader in the trainer, will skip evaluation.If this is not the case you want, please check whether there is typo for the name
2023-02-17 17:55:14,138 (client:306) INFO: {'Role': 'Client #1', 'Round': 1, 'Results_raw': {'train_f1': 0.0, 'train_acc': 0.0, 'train_correct': 0.0, 'train_loss': 23.63089, 'train_avg_loss': 3.375841, 'train_total': 7}}
2023-02-17 17:55:14,460 (client:306) INFO: {'Role': 'Client #2', 'Round': 1, 'Results_raw': {'train_f1': 0.206349, 'train_acc': 0.419355, 'train_correct': 13.0, 'train_loss': 35.329226, 'train_avg_loss': 1.139652, 'train_total': 31}}
2023-02-17 17:55:15,829 (client:306) INFO: {'Role': 'Client #10', 'Round': 1, 'Results_raw': {'train_f1': 0.34878, 'train_acc': 0.567568, 'train_correct': 84.0, 'train_loss': 127.961967, 'train_avg_loss': 0.864608, 'train_total': 148}}
2023-02-17 17:55:17,320 (client:306) INFO: {'Role': 'Client #5', 'Round': 1, 'Results_raw': {'train_f1': 0.507016, 'train_acc': 0.521212, 'train_correct': 86.0, 'train_loss': 168.376574, 'train_avg_loss': 1.020464, 'train_total': 165}}
2023-02-17 17:55:17,507 (client:306) INFO: {'Role': 'Client #7', 'Round': 1, 'Results_raw': {'train_f1': 0.0, 'train_acc': 0.0, 'train_correct': 0.0, 'train_loss': 46.531994, 'train_avg_loss': 2.90825, 'train_total': 16}}
2023-02-17 17:55:19,104 (client:306) INFO: {'Role': 'Client #8', 'Round': 1, 'Results_raw': {'train_f1': 0.536806, 'train_acc': 0.735632, 'train_correct': 128.0, 'train_loss': 112.176258, 'train_avg_loss': 0.644691, 'train_total': 174}}
2023-02-17 17:55:21,088 (client:306) INFO: {'Role': 'Client #3', 'Round': 1, 'Results_raw': {'train_f1': 0.487356, 'train_acc': 0.950673, 'train_correct': 212.0, 'train_loss': 54.799582, 'train_avg_loss': 0.245738, 'train_total': 223}}
2023-02-17 17:55:21,215 (client:306) INFO: {'Role': 'Client #6', 'Round': 1, 'Results_raw': {'train_f1': 0.4375, 'train_acc': 0.777778, 'train_correct': 7.0, 'train_loss': 7.958301, 'train_avg_loss': 0.884256, 'train_total': 9}}
2023-02-17 17:55:22,147 (client:306) INFO: {'Role': 'Client #4', 'Round': 1, 'Results_raw': {'train_f1': 0.455556, 'train_acc': 0.836735, 'train_correct': 82.0, 'train_loss': 28.228609, 'train_avg_loss': 0.288047, 'train_total': 98}}
2023-02-17 17:55:22,248 (client:306) INFO: {'Role': 'Client #9', 'Round': 1, 'Results_raw': {'train_f1': 0.0, 'train_acc': 0.0, 'train_correct': 0.0, 'train_loss': 10.272381, 'train_avg_loss': 1.712063, 'train_total': 6}}
2023-02-17 17:55:22,252 (server:590) INFO: {'Role': 'Server #', 'Round': 0, 'Results_weighted_avg': {'test_f1': 0.333633, 'test_acc': 0.554545, 'test_correct': 12.2, 'test_loss': 29.299024, 'test_avg_loss': 0.975418, 'test_total': 22.0}, 'Results_avg': {'test_f1': 0.293998, 'test_acc': 0.464281, 'test_correct': 12.2, 'test_loss': 21.45919, 'test_avg_loss': 1.094413, 'test_total': 22.0}, 'Results_fairness': {'test_correct': 12.2, 'test_total': 22.0, 'test_f1_std': 0.289968, 'test_f1_bottom_decile': 0.0, 'test_f1_top_decile': 1.0, 'test_f1_min': 0.0, 'test_f1_max': 1.0, 'test_f1_bottom10%': 0.0, 'test_f1_top10%': 1.0, 'test_f1_cos1': 0.71197, 'test_f1_entropy': 1.799419, 'test_acc_std': 0.387263, 'test_acc_bottom_decile': 0.0, 'test_acc_top_decile': 1.0, 'test_acc_min': 0.0, 'test_acc_max': 1.0, 'test_acc_bottom10%': 0.0, 'test_acc_top10%': 1.0, 'test_acc_cos1': 0.767926, 'test_acc_entropy': 1.854699, 'test_loss_std': 12.501741, 'test_loss_bottom_decile': 5.237511, 'test_loss_top_decile': 41.799344, 'test_loss_min': 1.636089, 'test_loss_max': 41.799344, 'test_loss_bottom10%': 1.636089, 'test_loss_top10%': 41.799344, 'test_loss_cos1': 0.864061, 'test_loss_entropy': 2.098376, 'test_avg_loss_std': 0.278242, 'test_avg_loss_bottom_decile': 0.872918, 'test_avg_loss_top_decile': 1.636089, 'test_avg_loss_min': 0.857228, 'test_avg_loss_max': 1.636089, 'test_avg_loss_bottom10%': 0.857228, 'test_avg_loss_top10%': 1.636089, 'test_avg_loss_cos1': 0.969168, 'test_avg_loss_entropy': 2.272867}}
2023-02-17 17:55:22,267 (monitor:541) INFO: {'Role': 'Server #', 'Round': 1, 'Results_model_metric': {}}
2023-02-17 17:55:22,361 (server:330) INFO: Server: Starting evaluation at the end of round 1.
2023-02-17 17:55:22,363 (server:336) INFO: ----------- Starting a new training round (Round #2) -------------
2023-02-17 17:55:22,753 (context:294) WARNING: No val_data or val_loader in the trainer, will skip evaluation.If this is not the case you want, please check whether there is typo for the name
2023-02-17 17:55:22,830 (context:294) WARNING: No val_data or val_loader in the trainer, will skip evaluation.If this is not the case you want, please check whether there is typo for the name
2023-02-17 17:55:22,911 (context:294) WARNING: No val_data or val_loader in the trainer, will skip evaluation.If this is not the case you want, please check whether there is typo for the name
2023-02-17 17:55:23,113 (context:294) WARNING: No val_data or val_loader in the trainer, will skip evaluation.If this is not the case you want, please check whether there is typo for the name
2023-02-17 17:55:23,293 (context:294) WARNING: No val_data or val_loader in the trainer, will skip evaluation.If this is not the case you want, please check whether there is typo for the name
2023-02-17 17:55:23,578 (context:294) WARNING: No val_data or val_loader in the trainer, will skip evaluation.If this is not the case you want, please check whether there is typo for the name
2023-02-17 17:55:23,891 (context:294) WARNING: No val_data or val_loader in the trainer, will skip evaluation.If this is not the case you want, please check whether there is typo for the name
2023-02-17 17:55:23,936 (context:294) WARNING: No val_data or val_loader in the trainer, will skip evaluation.If this is not the case you want, please check whether there is typo for the name
2023-02-17 17:55:24,206 (context:294) WARNING: No val_data or val_loader in the trainer, will skip evaluation.If this is not the case you want, please check whether there is typo for the name
2023-02-17 17:55:24,425 (context:294) WARNING: No val_data or val_loader in the trainer, will skip evaluation.If this is not the case you want, please check whether there is typo for the name
2023-02-17 17:55:24,613 (client:306) INFO: {'Role': 'Client #7', 'Round': 2, 'Results_raw': {'train_f1': 0.0, 'train_acc': 0.0, 'train_correct': 0.0, 'train_loss': 42.22456, 'train_avg_loss': 2.639035, 'train_total': 16}}
2023-02-17 17:55:24,927 (client:306) INFO: {'Role': 'Client #2', 'Round': 2, 'Results_raw': {'train_f1': 0.25627, 'train_acc': 0.483871, 'train_correct': 15.0, 'train_loss': 25.230074, 'train_avg_loss': 0.813873, 'train_total': 31}}
2023-02-17 17:55:26,548 (client:306) INFO: {'Role': 'Client #8', 'Round': 2, 'Results_raw': {'train_f1': 0.553355, 'train_acc': 0.798851, 'train_correct': 139.0, 'train_loss': 85.509233, 'train_avg_loss': 0.491432, 'train_total': 174}}
2023-02-17 17:55:28,045 (client:306) INFO: {'Role': 'Client #5', 'Round': 2, 'Results_raw': {'train_f1': 0.49848, 'train_acc': 0.509091, 'train_correct': 84.0, 'train_loss': 167.052825, 'train_avg_loss': 1.012441, 'train_total': 165}}
2023-02-17 17:55:28,166 (client:306) INFO: {'Role': 'Client #6', 'Round': 2, 'Results_raw': {'train_f1': 0.4375, 'train_acc': 0.777778, 'train_correct': 7.0, 'train_loss': 8.58905, 'train_avg_loss': 0.954339, 'train_total': 9}}
2023-02-17 17:55:28,271 (client:306) INFO: {'Role': 'Client #1', 'Round': 2, 'Results_raw': {'train_f1': 0.0, 'train_acc': 0.0, 'train_correct': 0.0, 'train_loss': 22.797883, 'train_avg_loss': 3.25684, 'train_total': 7}}
2023-02-17 17:55:28,369 (client:306) INFO: {'Role': 'Client #9', 'Round': 2, 'Results_raw': {'train_f1': 0.0, 'train_acc': 0.0, 'train_correct': 0.0, 'train_loss': 6.744089, 'train_avg_loss': 1.124015, 'train_total': 6}}
2023-02-17 17:55:29,732 (client:306) INFO: {'Role': 'Client #10', 'Round': 2, 'Results_raw': {'train_f1': 0.338743, 'train_acc': 0.554054, 'train_correct': 82.0, 'train_loss': 131.941123, 'train_avg_loss': 0.891494, 'train_total': 148}}
2023-02-17 17:55:30,672 (client:306) INFO: {'Role': 'Client #4', 'Round': 2, 'Results_raw': {'train_f1': 0.458564, 'train_acc': 0.846939, 'train_correct': 83.0, 'train_loss': 17.557472, 'train_avg_loss': 0.179158, 'train_total': 98}}
2023-02-17 17:55:32,697 (client:306) INFO: {'Role': 'Client #3', 'Round': 2, 'Results_raw': {'train_f1': 0.487356, 'train_acc': 0.950673, 'train_correct': 212.0, 'train_loss': 49.826884, 'train_avg_loss': 0.223439, 'train_total': 223}}
2023-02-17 17:55:32,700 (server:590) INFO: {'Role': 'Server #', 'Round': 1, 'Results_weighted_avg': {'test_f1': 0.264008, 'test_acc': 0.386364, 'test_correct': 8.5, 'test_loss': 28.356676, 'test_avg_loss': 0.960767, 'test_total': 22.0}, 'Results_avg': {'test_f1': 0.201001, 'test_acc': 0.296417, 'test_correct': 8.5, 'test_loss': 21.136866, 'test_avg_loss': 1.181735, 'test_total': 22.0}, 'Results_fairness': {'test_correct': 8.5, 'test_total': 22.0, 'test_f1_std': 0.240067, 'test_f1_bottom_decile': 0.0, 'test_f1_top_decile': 0.825137, 'test_f1_min': 0.0, 'test_f1_max': 0.825137, 'test_f1_bottom10%': 0.0, 'test_f1_top10%': 0.825137, 'test_f1_cos1': 0.641964, 'test_f1_entropy': 1.695642, 'test_acc_std': 0.33111, 'test_acc_bottom_decile': 0.0, 'test_acc_top_decile': 0.96875, 'test_acc_min': 0.0, 'test_acc_max': 0.96875, 'test_acc_bottom10%': 0.0, 'test_acc_top10%': 0.96875, 'test_acc_cos1': 0.666996, 'test_acc_entropy': 1.694501, 'test_loss_std': 12.03859, 'test_loss_bottom_decile': 5.000386, 'test_loss_top_decile': 42.797958, 'test_loss_min': 2.171697, 'test_loss_max': 42.797958, 'test_loss_bottom10%': 2.171697, 'test_loss_top10%': 42.797958, 'test_loss_cos1': 0.868944, 'test_loss_entropy': 2.114266, 'test_avg_loss_std': 0.513834, 'test_avg_loss_bottom_decile': 0.796315, 'test_avg_loss_top_decile': 2.171697, 'test_avg_loss_min': 0.778784, 'test_avg_loss_max': 2.171697, 'test_avg_loss_bottom10%': 0.778784, 'test_avg_loss_top10%': 2.171697, 'test_avg_loss_cos1': 0.91706, 'test_avg_loss_entropy': 2.218583}}
2023-02-17 17:55:32,715 (monitor:541) INFO: {'Role': 'Server #', 'Round': 2, 'Results_model_metric': {}}
2023-02-17 17:55:32,800 (server:330) INFO: Server: Starting evaluation at the end of round 2.
2023-02-17 17:55:32,802 (server:336) INFO: ----------- Starting a new training round (Round #3) -------------
2023-02-17 17:55:33,189 (context:294) WARNING: No val_data or val_loader in the trainer, will skip evaluation.If this is not the case you want, please check whether there is typo for the name
2023-02-17 17:55:33,265 (context:294) WARNING: No val_data or val_loader in the trainer, will skip evaluation.If this is not the case you want, please check whether there is typo for the name
2023-02-17 17:55:33,348 (context:294) WARNING: No val_data or val_loader in the trainer, will skip evaluation.If this is not the case you want, please check whether there is typo for the name
2023-02-17 17:55:33,546 (context:294) WARNING: No val_data or val_loader in the trainer, will skip evaluation.If this is not the case you want, please check whether there is typo for the name
2023-02-17 17:55:33,721 (context:294) WARNING: No val_data or val_loader in the trainer, will skip evaluation.If this is not the case you want, please check whether there is typo for the name
2023-02-17 17:55:34,007 (context:294) WARNING: No val_data or val_loader in the trainer, will skip evaluation.If this is not the case you want, please check whether there is typo for the name
2023-02-17 17:55:34,316 (context:294) WARNING: No val_data or val_loader in the trainer, will skip evaluation.If this is not the case you want, please check whether there is typo for the name
2023-02-17 17:55:34,361 (context:294) WARNING: No val_data or val_loader in the trainer, will skip evaluation.If this is not the case you want, please check whether there is typo for the name
2023-02-17 17:55:34,626 (context:294) WARNING: No val_data or val_loader in the trainer, will skip evaluation.If this is not the case you want, please check whether there is typo for the name
2023-02-17 17:55:34,846 (context:294) WARNING: No val_data or val_loader in the trainer, will skip evaluation.If this is not the case you want, please check whether there is typo for the name
2023-02-17 17:55:35,027 (client:306) INFO: {'Role': 'Client #7', 'Round': 3, 'Results_raw': {'train_f1': 0.0, 'train_acc': 0.0, 'train_correct': 0.0, 'train_loss': 40.924358, 'train_avg_loss': 2.557772, 'train_total': 16}}
2023-02-17 17:55:37,007 (client:306) INFO: {'Role': 'Client #3', 'Round': 3, 'Results_raw': {'train_f1': 0.487356, 'train_acc': 0.950673, 'train_correct': 212.0, 'train_loss': 62.208778, 'train_avg_loss': 0.278963, 'train_total': 223}}
2023-02-17 17:55:37,110 (client:306) INFO: {'Role': 'Client #9', 'Round': 3, 'Results_raw': {'train_f1': 0.0, 'train_acc': 0.0, 'train_correct': 0.0, 'train_loss': 6.556762, 'train_avg_loss': 1.092794, 'train_total': 6}}
2023-02-17 17:55:37,426 (client:306) INFO: {'Role': 'Client #2', 'Round': 3, 'Results_raw': {'train_f1': 0.25627, 'train_acc': 0.483871, 'train_correct': 15.0, 'train_loss': 26.007318, 'train_avg_loss': 0.838946, 'train_total': 31}}
2023-02-17 17:55:38,362 (client:306) INFO: {'Role': 'Client #4', 'Round': 3, 'Results_raw': {'train_f1': 0.455556, 'train_acc': 0.836735, 'train_correct': 82.0, 'train_loss': 17.235642, 'train_avg_loss': 0.175874, 'train_total': 98}}
2023-02-17 17:55:39,972 (client:306) INFO: {'Role': 'Client #8', 'Round': 3, 'Results_raw': {'train_f1': 0.574364, 'train_acc': 0.770115, 'train_correct': 134.0, 'train_loss': 76.342143, 'train_avg_loss': 0.438748, 'train_total': 174}}
2023-02-17 17:55:40,095 (client:306) INFO: {'Role': 'Client #6', 'Round': 3, 'Results_raw': {'train_f1': 0.4375, 'train_acc': 0.777778, 'train_correct': 7.0, 'train_loss': 8.655124, 'train_avg_loss': 0.96168, 'train_total': 9}}
2023-02-17 17:55:40,203 (client:306) INFO: {'Role': 'Client #1', 'Round': 3, 'Results_raw': {'train_f1': 0.0, 'train_acc': 0.0, 'train_correct': 0.0, 'train_loss': 21.720297, 'train_avg_loss': 3.1029, 'train_total': 7}}
2023-02-17 17:55:41,563 (client:306) INFO: {'Role': 'Client #10', 'Round': 3, 'Results_raw': {'train_f1': 0.391136, 'train_acc': 0.655405, 'train_correct': 97.0, 'train_loss': 102.176167, 'train_avg_loss': 0.69038, 'train_total': 148}}
2023-02-17 17:55:43,049 (client:306) INFO: {'Role': 'Client #5', 'Round': 3, 'Results_raw': {'train_f1': 0.517905, 'train_acc': 0.527273, 'train_correct': 87.0, 'train_loss': 155.130104, 'train_avg_loss': 0.940182, 'train_total': 165}}
2023-02-17 17:55:43,052 (server:590) INFO: {'Role': 'Server #', 'Round': 2, 'Results_weighted_avg': {'test_f1': 0.36809, 'test_acc': 0.536364, 'test_correct': 11.8, 'test_loss': 27.298815, 'test_avg_loss': 0.938319, 'test_total': 22.0}, 'Results_avg': {'test_f1': 0.293119, 'test_acc': 0.415897, 'test_correct': 11.8, 'test_loss': 20.643012, 'test_avg_loss': 1.223625, 'test_total': 22.0}, 'Results_fairness': {'test_correct': 11.8, 'test_total': 22.0, 'test_f1_std': 0.219363, 'test_f1_bottom_decile': 0.0, 'test_f1_top_decile': 0.674576, 'test_f1_min': 0.0, 'test_f1_max': 0.674576, 'test_f1_bottom10%': 0.0, 'test_f1_top10%': 0.674576, 'test_f1_cos1': 0.800624, 'test_f1_entropy': 1.959305, 'test_acc_std': 0.29334, 'test_acc_bottom_decile': 0.0, 'test_acc_top_decile': 0.90625, 'test_acc_min': 0.0, 'test_acc_max': 0.90625, 'test_acc_bottom10%': 0.0, 'test_acc_top10%': 0.90625, 'test_acc_cos1': 0.817185, 'test_acc_entropy': 1.98192, 'test_loss_std': 11.587236, 'test_loss_bottom_decile': 4.716923, 'test_loss_top_decile': 41.317099, 'test_loss_min': 2.521493, 'test_loss_max': 41.317099, 'test_loss_bottom10%': 2.521493, 'test_loss_top10%': 41.317099, 'test_loss_cos1': 0.872017, 'test_loss_entropy': 2.12186, 'test_avg_loss_std': 0.658184, 'test_avg_loss_bottom_decile': 0.735697, 'test_avg_loss_top_decile': 2.521493, 'test_avg_loss_min': 0.705677, 'test_avg_loss_max': 2.521493, 'test_avg_loss_bottom10%': 0.705677, 'test_avg_loss_top10%': 2.521493, 'test_avg_loss_cos1': 0.880679, 'test_avg_loss_entropy': 2.176079}}
2023-02-17 17:55:43,067 (monitor:541) INFO: {'Role': 'Server #', 'Round': 3, 'Results_model_metric': {}}
2023-02-17 17:55:43,151 (server:330) INFO: Server: Starting evaluation at the end of round 3.
2023-02-17 17:55:43,154 (server:336) INFO: ----------- Starting a new training round (Round #4) -------------
2023-02-17 17:55:43,539 (context:294) WARNING: No val_data or val_loader in the trainer, will skip evaluation.If this is not the case you want, please check whether there is typo for the name
2023-02-17 17:55:43,613 (context:294) WARNING: No val_data or val_loader in the trainer, will skip evaluation.If this is not the case you want, please check whether there is typo for the name
2023-02-17 17:55:43,693 (context:294) WARNING: No val_data or val_loader in the trainer, will skip evaluation.If this is not the case you want, please check whether there is typo for the name
2023-02-17 17:55:43,892 (context:294) WARNING: No val_data or val_loader in the trainer, will skip evaluation.If this is not the case you want, please check whether there is typo for the name
2023-02-17 17:55:44,071 (context:294) WARNING: No val_data or val_loader in the trainer, will skip evaluation.If this is not the case you want, please check whether there is typo for the name
2023-02-17 17:55:44,356 (context:294) WARNING: No val_data or val_loader in the trainer, will skip evaluation.If this is not the case you want, please check whether there is typo for the name
2023-02-17 17:55:44,669 (context:294) WARNING: No val_data or val_loader in the trainer, will skip evaluation.If this is not the case you want, please check whether there is typo for the name
2023-02-17 17:55:44,714 (context:294) WARNING: No val_data or val_loader in the trainer, will skip evaluation.If this is not the case you want, please check whether there is typo for the name
2023-02-17 17:55:44,978 (context:294) WARNING: No val_data or val_loader in the trainer, will skip evaluation.If this is not the case you want, please check whether there is typo for the name
2023-02-17 17:55:45,197 (context:294) WARNING: No val_data or val_loader in the trainer, will skip evaluation.If this is not the case you want, please check whether there is typo for the name
2023-02-17 17:55:47,183 (client:306) INFO: {'Role': 'Client #3', 'Round': 4, 'Results_raw': {'train_f1': 0.55754, 'train_acc': 0.946188, 'train_correct': 211.0, 'train_loss': 46.703584, 'train_avg_loss': 0.209433, 'train_total': 223}}
2023-02-17 17:55:47,365 (client:306) INFO: {'Role': 'Client #7', 'Round': 4, 'Results_raw': {'train_f1': 0.0, 'train_acc': 0.0, 'train_correct': 0.0, 'train_loss': 54.777885, 'train_avg_loss': 3.423618, 'train_total': 16}}
2023-02-17 17:55:47,471 (client:306) INFO: {'Role': 'Client #1', 'Round': 4, 'Results_raw': {'train_f1': 0.0, 'train_acc': 0.0, 'train_correct': 0.0, 'train_loss': 29.005213, 'train_avg_loss': 4.143602, 'train_total': 7}}
2023-02-17 17:55:48,824 (client:306) INFO: {'Role': 'Client #10', 'Round': 4, 'Results_raw': {'train_f1': 0.387895, 'train_acc': 0.641892, 'train_correct': 95.0, 'train_loss': 105.233721, 'train_avg_loss': 0.711039, 'train_total': 148}}
2023-02-17 17:55:49,752 (client:306) INFO: {'Role': 'Client #4', 'Round': 4, 'Results_raw': {'train_f1': 0.455556, 'train_acc': 0.836735, 'train_correct': 82.0, 'train_loss': 29.94738, 'train_avg_loss': 0.305586, 'train_total': 98}}
2023-02-17 17:55:49,873 (client:306) INFO: {'Role': 'Client #6', 'Round': 4, 'Results_raw': {'train_f1': 0.4375, 'train_acc': 0.777778, 'train_correct': 7.0, 'train_loss': 9.334241, 'train_avg_loss': 1.037138, 'train_total': 9}}
2023-02-17 17:55:51,474 (client:306) INFO: {'Role': 'Client #8', 'Round': 4, 'Results_raw': {'train_f1': 0.581608, 'train_acc': 0.764368, 'train_correct': 133.0, 'train_loss': 99.702153, 'train_avg_loss': 0.573001, 'train_total': 174}}
2023-02-17 17:55:51,573 (client:306) INFO: {'Role': 'Client #9', 'Round': 4, 'Results_raw': {'train_f1': 0.0, 'train_acc': 0.0, 'train_correct': 0.0, 'train_loss': 10.413515, 'train_avg_loss': 1.735586, 'train_total': 6}}
2023-02-17 17:55:53,069 (client:306) INFO: {'Role': 'Client #5', 'Round': 4, 'Results_raw': {'train_f1': 0.54767, 'train_acc': 0.563636, 'train_correct': 93.0, 'train_loss': 161.175916, 'train_avg_loss': 0.976824, 'train_total': 165}}
2023-02-17 17:55:53,387 (client:306) INFO: {'Role': 'Client #2', 'Round': 4, 'Results_raw': {'train_f1': 0.259259, 'train_acc': 0.483871, 'train_correct': 15.0, 'train_loss': 33.438578, 'train_avg_loss': 1.078664, 'train_total': 31}}
2023-02-17 17:55:53,390 (server:590) INFO: {'Role': 'Server #', 'Round': 3, 'Results_weighted_avg': {'test_f1': 0.419844, 'test_acc': 0.572727, 'test_correct': 12.6, 'test_loss': 25.160922, 'test_avg_loss': 0.913006, 'test_total': 22.0}, 'Results_avg': {'test_f1': 0.338133, 'test_acc': 0.475562, 'test_correct': 12.6, 'test_loss': 20.086135, 'test_avg_loss': 1.335291, 'test_total': 22.0}, 'Results_fairness': {'test_correct': 12.6, 'test_total': 22.0, 'test_f1_std': 0.302718, 'test_f1_bottom_decile': 0.0, 'test_f1_top_decile': 1.0, 'test_f1_min': 0.0, 'test_f1_max': 1.0, 'test_f1_bottom10%': 0.0, 'test_f1_top10%': 1.0, 'test_f1_cos1': 0.745046, 'test_f1_entropy': 1.859357, 'test_acc_std': 0.381732, 'test_acc_bottom_decile': 0.0, 'test_acc_top_decile': 1.0, 'test_acc_min': 0.0, 'test_acc_max': 1.0, 'test_acc_bottom10%': 0.0, 'test_acc_top10%': 1.0, 'test_acc_cos1': 0.779842, 'test_acc_entropy': 1.892641, 'test_loss_std': 11.171246, 'test_loss_bottom_decile': 3.228391, 'test_loss_top_decile': 35.124632, 'test_loss_min': 3.194096, 'test_loss_max': 35.124632, 'test_loss_bottom10%': 3.194096, 'test_loss_top10%': 35.124632, 'test_loss_cos1': 0.87393, 'test_loss_entropy': 2.113543, 'test_avg_loss_std': 0.994611, 'test_avg_loss_bottom_decile': 0.532338, 'test_avg_loss_top_decile': 3.249088, 'test_avg_loss_min': 0.321649, 'test_avg_loss_max': 3.249088, 'test_avg_loss_bottom10%': 0.321649, 'test_avg_loss_top10%': 3.249088, 'test_avg_loss_cos1': 0.801973, 'test_avg_loss_entropy': 2.057462}}
2023-02-17 17:55:53,405 (monitor:541) INFO: {'Role': 'Server #', 'Round': 4, 'Results_model_metric': {}}
2023-02-17 17:55:53,488 (server:330) INFO: Server: Starting evaluation at the end of round 4.
2023-02-17 17:55:53,490 (server:336) INFO: ----------- Starting a new training round (Round #5) -------------
2023-02-17 17:55:53,877 (context:294) WARNING: No val_data or val_loader in the trainer, will skip evaluation.If this is not the case you want, please check whether there is typo for the name
2023-02-17 17:55:53,950 (context:294) WARNING: No val_data or val_loader in the trainer, will skip evaluation.If this is not the case you want, please check whether there is typo for the name
2023-02-17 17:55:54,029 (context:294) WARNING: No val_data or val_loader in the trainer, will skip evaluation.If this is not the case you want, please check whether there is typo for the name
2023-02-17 17:55:54,226 (context:294) WARNING: No val_data or val_loader in the trainer, will skip evaluation.If this is not the case you want, please check whether there is typo for the name
2023-02-17 17:55:54,404 (context:294) WARNING: No val_data or val_loader in the trainer, will skip evaluation.If this is not the case you want, please check whether there is typo for the name
2023-02-17 17:55:54,689 (context:294) WARNING: No val_data or val_loader in the trainer, will skip evaluation.If this is not the case you want, please check whether there is typo for the name
2023-02-17 17:55:54,993 (context:294) WARNING: No val_data or val_loader in the trainer, will skip evaluation.If this is not the case you want, please check whether there is typo for the name
2023-02-17 17:55:55,037 (context:294) WARNING: No val_data or val_loader in the trainer, will skip evaluation.If this is not the case you want, please check whether there is typo for the name
2023-02-17 17:55:55,309 (context:294) WARNING: No val_data or val_loader in the trainer, will skip evaluation.If this is not the case you want, please check whether there is typo for the name
2023-02-17 17:55:55,541 (context:294) WARNING: No val_data or val_loader in the trainer, will skip evaluation.If this is not the case you want, please check whether there is typo for the name
2023-02-17 17:55:56,900 (client:306) INFO: {'Role': 'Client #10', 'Round': 5, 'Results_raw': {'train_f1': 0.384417, 'train_acc': 0.601351, 'train_correct': 89.0, 'train_loss': 102.965406, 'train_avg_loss': 0.695712, 'train_total': 148}}
2023-02-17 17:55:58,501 (client:306) INFO: {'Role': 'Client #8', 'Round': 5, 'Results_raw': {'train_f1': 0.56952, 'train_acc': 0.798851, 'train_correct': 139.0, 'train_loss': 85.026645, 'train_avg_loss': 0.488659, 'train_total': 174}}
2023-02-17 17:55:59,983 (client:306) INFO: {'Role': 'Client #5', 'Round': 5, 'Results_raw': {'train_f1': 0.350944, 'train_acc': 0.533333, 'train_correct': 88.0, 'train_loss': 159.375565, 'train_avg_loss': 0.965913, 'train_total': 165}}
2023-02-17 17:56:00,165 (client:306) INFO: {'Role': 'Client #7', 'Round': 5, 'Results_raw': {'train_f1': 0.074074, 'train_acc': 0.0625, 'train_correct': 1.0, 'train_loss': 42.970074, 'train_avg_loss': 2.68563, 'train_total': 16}}
2023-02-17 17:56:02,158 (client:306) INFO: {'Role': 'Client #3', 'Round': 5, 'Results_raw': {'train_f1': 0.705026, 'train_acc': 0.964126, 'train_correct': 215.0, 'train_loss': 49.033474, 'train_avg_loss': 0.219881, 'train_total': 223}}
2023-02-17 17:56:02,265 (client:306) INFO: {'Role': 'Client #1', 'Round': 5, 'Results_raw': {'train_f1': 0.0, 'train_acc': 0.0, 'train_correct': 0.0, 'train_loss': 23.412058, 'train_avg_loss': 3.34458, 'train_total': 7}}
2023-02-17 17:56:03,203 (client:306) INFO: {'Role': 'Client #4', 'Round': 5, 'Results_raw': {'train_f1': 0.475936, 'train_acc': 0.908163, 'train_correct': 89.0, 'train_loss': 14.815041, 'train_avg_loss': 0.151174, 'train_total': 98}}
2023-02-17 17:56:03,521 (client:306) INFO: {'Role': 'Client #2', 'Round': 5, 'Results_raw': {'train_f1': 0.231884, 'train_acc': 0.516129, 'train_correct': 16.0, 'train_loss': 26.12114, 'train_avg_loss': 0.842617, 'train_total': 31}}
2023-02-17 17:56:03,643 (client:306) INFO: {'Role': 'Client #6', 'Round': 5, 'Results_raw': {'train_f1': 0.4375, 'train_acc': 0.777778, 'train_correct': 7.0, 'train_loss': 9.170776, 'train_avg_loss': 1.018975, 'train_total': 9}}
2023-02-17 17:56:03,744 (client:306) INFO: {'Role': 'Client #9', 'Round': 5, 'Results_raw': {'train_f1': 0.142857, 'train_acc': 0.166667, 'train_correct': 1.0, 'train_loss': 5.727816, 'train_avg_loss': 0.954636, 'train_total': 6}}
2023-02-17 17:56:03,749 (server:590) INFO: {'Role': 'Server #', 'Round': 4, 'Results_weighted_avg': {'test_f1': 0.448567, 'test_acc': 0.636364, 'test_correct': 14.0, 'test_loss': 22.827875, 'test_avg_loss': 0.832866, 'test_total': 22.0}, 'Results_avg': {'test_f1': 0.357273, 'test_acc': 0.51961, 'test_correct': 14.0, 'test_loss': 18.323062, 'test_avg_loss': 1.232099, 'test_total': 22.0}, 'Results_fairness': {'test_correct': 14.0, 'test_total': 22.0, 'test_f1_std': 0.279893, 'test_f1_bottom_decile': 0.0, 'test_f1_top_decile': 1.0, 'test_f1_min': 0.0, 'test_f1_max': 1.0, 'test_f1_bottom10%': 0.0, 'test_f1_top10%': 1.0, 'test_f1_cos1': 0.787197, 'test_f1_entropy': 1.946756, 'test_acc_std': 0.353648, 'test_acc_bottom_decile': 0.0, 'test_acc_top_decile': 1.0, 'test_acc_min': 0.0, 'test_acc_max': 1.0, 'test_acc_bottom10%': 0.0, 'test_acc_top10%': 1.0, 'test_acc_cos1': 0.826694, 'test_acc_entropy': 1.986873, 'test_loss_std': 9.560837, 'test_loss_bottom_decile': 3.080285, 'test_loss_top_decile': 27.769314, 'test_loss_min': 2.891596, 'test_loss_max': 27.769314, 'test_loss_bottom10%': 2.891596, 'test_loss_top10%': 27.769314, 'test_loss_cos1': 0.886565, 'test_loss_entropy': 2.13146, 'test_avg_loss_std': 0.926286, 'test_avg_loss_bottom_decile': 0.513381, 'test_avg_loss_top_decile': 3.092182, 'test_avg_loss_min': 0.355615, 'test_avg_loss_max': 3.092182, 'test_avg_loss_bottom10%': 0.355615, 'test_avg_loss_top10%': 3.092182, 'test_avg_loss_cos1': 0.799311, 'test_avg_loss_entropy': 2.057813}}
2023-02-17 17:56:03,763 (monitor:541) INFO: {'Role': 'Server #', 'Round': 5, 'Results_model_metric': {}}
2023-02-17 17:56:03,848 (server:330) INFO: Server: Starting evaluation at the end of round 5.
2023-02-17 17:56:03,850 (server:336) INFO: ----------- Starting a new training round (Round #6) -------------
2023-02-17 17:56:04,242 (context:294) WARNING: No val_data or val_loader in the trainer, will skip evaluation.If this is not the case you want, please check whether there is typo for the name
2023-02-17 17:56:04,317 (context:294) WARNING: No val_data or val_loader in the trainer, will skip evaluation.If this is not the case you want, please check whether there is typo for the name
2023-02-17 17:56:04,398 (context:294) WARNING: No val_data or val_loader in the trainer, will skip evaluation.If this is not the case you want, please check whether there is typo for the name
2023-02-17 17:56:04,594 (context:294) WARNING: No val_data or val_loader in the trainer, will skip evaluation.If this is not the case you want, please check whether there is typo for the name
2023-02-17 17:56:04,774 (context:294) WARNING: No val_data or val_loader in the trainer, will skip evaluation.If this is not the case you want, please check whether there is typo for the name
2023-02-17 17:56:05,063 (context:294) WARNING: No val_data or val_loader in the trainer, will skip evaluation.If this is not the case you want, please check whether there is typo for the name
2023-02-17 17:56:05,370 (context:294) WARNING: No val_data or val_loader in the trainer, will skip evaluation.If this is not the case you want, please check whether there is typo for the name
2023-02-17 17:56:05,414 (context:294) WARNING: No val_data or val_loader in the trainer, will skip evaluation.If this is not the case you want, please check whether there is typo for the name
2023-02-17 17:56:05,678 (context:294) WARNING: No val_data or val_loader in the trainer, will skip evaluation.If this is not the case you want, please check whether there is typo for the name
2023-02-17 17:56:05,900 (context:294) WARNING: No val_data or val_loader in the trainer, will skip evaluation.If this is not the case you want, please check whether there is typo for the name
2023-02-17 17:56:06,843 (client:306) INFO: {'Role': 'Client #4', 'Round': 6, 'Results_raw': {'train_f1': 0.475936, 'train_acc': 0.908163, 'train_correct': 89.0, 'train_loss': 14.850528, 'train_avg_loss': 0.151536, 'train_total': 98}}
2023-02-17 17:56:06,946 (client:306) INFO: {'Role': 'Client #9', 'Round': 6, 'Results_raw': {'train_f1': 0.25, 'train_acc': 0.333333, 'train_correct': 2.0, 'train_loss': 4.84589, 'train_avg_loss': 0.807648, 'train_total': 6}}
2023-02-17 17:56:08,563 (client:306) INFO: {'Role': 'Client #8', 'Round': 6, 'Results_raw': {'train_f1': 0.584329, 'train_acc': 0.798851, 'train_correct': 139.0, 'train_loss': 80.923991, 'train_avg_loss': 0.46508, 'train_total': 174}}
2023-02-17 17:56:08,878 (client:306) INFO: {'Role': 'Client #2', 'Round': 6, 'Results_raw': {'train_f1': 0.320786, 'train_acc': 0.645161, 'train_correct': 20.0, 'train_loss': 19.978887, 'train_avg_loss': 0.64448, 'train_total': 31}}
2023-02-17 17:56:10,379 (client:306) INFO: {'Role': 'Client #5', 'Round': 6, 'Results_raw': {'train_f1': 0.337496, 'train_acc': 0.509091, 'train_correct': 84.0, 'train_loss': 171.637405, 'train_avg_loss': 1.040227, 'train_total': 165}}
2023-02-17 17:56:10,485 (client:306) INFO: {'Role': 'Client #1', 'Round': 6, 'Results_raw': {'train_f1': 0.0, 'train_acc': 0.0, 'train_correct': 0.0, 'train_loss': 23.81267, 'train_avg_loss': 3.40181, 'train_total': 7}}
2023-02-17 17:56:10,667 (client:306) INFO: {'Role': 'Client #7', 'Round': 6, 'Results_raw': {'train_f1': 0.121212, 'train_acc': 0.125, 'train_correct': 2.0, 'train_loss': 41.106491, 'train_avg_loss': 2.569156, 'train_total': 16}}
2023-02-17 17:56:12,665 (client:306) INFO: {'Role': 'Client #3', 'Round': 6, 'Results_raw': {'train_f1': 0.571813, 'train_acc': 0.955157, 'train_correct': 213.0, 'train_loss': 53.202574, 'train_avg_loss': 0.238577, 'train_total': 223}}
2023-02-17 17:56:12,787 (client:306) INFO: {'Role': 'Client #6', 'Round': 6, 'Results_raw': {'train_f1': 0.4375, 'train_acc': 0.777778, 'train_correct': 7.0, 'train_loss': 8.842838, 'train_avg_loss': 0.982538, 'train_total': 9}}
2023-02-17 17:56:14,142 (client:306) INFO: {'Role': 'Client #10', 'Round': 6, 'Results_raw': {'train_f1': 0.416239, 'train_acc': 0.662162, 'train_correct': 98.0, 'train_loss': 96.751543, 'train_avg_loss': 0.653727, 'train_total': 148}}
2023-02-17 17:56:14,146 (server:590) INFO: {'Role': 'Server #', 'Round': 5, 'Results_weighted_avg': {'test_f1': 0.466715, 'test_acc': 0.654545, 'test_correct': 14.4, 'test_loss': 21.861036, 'test_avg_loss': 0.804089, 'test_total': 22.0}, 'Results_avg': {'test_f1': 0.367355, 'test_acc': 0.535115, 'test_correct': 14.4, 'test_loss': 17.689959, 'test_avg_loss': 1.199901, 'test_total': 22.0}, 'Results_fairness': {'test_correct': 14.4, 'test_total': 22.0, 'test_f1_std': 0.283739, 'test_f1_bottom_decile': 0.0, 'test_f1_top_decile': 1.0, 'test_f1_min': 0.0, 'test_f1_max': 1.0, 'test_f1_bottom10%': 0.0, 'test_f1_top10%': 1.0, 'test_f1_cos1': 0.791417, 'test_f1_entropy': 1.956765, 'test_acc_std': 0.344864, 'test_acc_bottom_decile': 0.0, 'test_acc_top_decile': 1.0, 'test_acc_min': 0.0, 'test_acc_max': 1.0, 'test_acc_bottom10%': 0.0, 'test_acc_top10%': 1.0, 'test_acc_cos1': 0.840562, 'test_acc_entropy': 2.010186, 'test_loss_std': 9.473691, 'test_loss_bottom_decile': 2.942049, 'test_loss_top_decile': 27.130676, 'test_loss_min': 2.766981, 'test_loss_max': 27.130676, 'test_loss_bottom10%': 2.766981, 'test_loss_top10%': 27.130676, 'test_loss_cos1': 0.881544, 'test_loss_entropy': 2.122494, 'test_avg_loss_std': 0.923068, 'test_avg_loss_bottom_decile': 0.484301, 'test_avg_loss_top_decile': 3.110027, 'test_avg_loss_min': 0.285796, 'test_avg_loss_max': 3.110027, 'test_avg_loss_bottom10%': 0.285796, 'test_avg_loss_top10%': 3.110027, 'test_avg_loss_cos1': 0.792602, 'test_avg_loss_entropy': 2.04364}}
2023-02-17 17:56:14,160 (monitor:541) INFO: {'Role': 'Server #', 'Round': 6, 'Results_model_metric': {}}
2023-02-17 17:56:14,248 (server:330) INFO: Server: Starting evaluation at the end of round 6.
2023-02-17 17:56:14,250 (server:336) INFO: ----------- Starting a new training round (Round #7) -------------
2023-02-17 17:56:14,639 (context:294) WARNING: No val_data or val_loader in the trainer, will skip evaluation.If this is not the case you want, please check whether there is typo for the name
2023-02-17 17:56:14,714 (context:294) WARNING: No val_data or val_loader in the trainer, will skip evaluation.If this is not the case you want, please check whether there is typo for the name
2023-02-17 17:56:14,795 (context:294) WARNING: No val_data or val_loader in the trainer, will skip evaluation.If this is not the case you want, please check whether there is typo for the name
2023-02-17 17:56:14,993 (context:294) WARNING: No val_data or val_loader in the trainer, will skip evaluation.If this is not the case you want, please check whether there is typo for the name
2023-02-17 17:56:15,170 (context:294) WARNING: No val_data or val_loader in the trainer, will skip evaluation.If this is not the case you want, please check whether there is typo for the name
2023-02-17 17:56:15,458 (context:294) WARNING: No val_data or val_loader in the trainer, will skip evaluation.If this is not the case you want, please check whether there is typo for the name
2023-02-17 17:56:15,765 (context:294) WARNING: No val_data or val_loader in the trainer, will skip evaluation.If this is not the case you want, please check whether there is typo for the name
2023-02-17 17:56:15,811 (context:294) WARNING: No val_data or val_loader in the trainer, will skip evaluation.If this is not the case you want, please check whether there is typo for the name
2023-02-17 17:56:16,080 (context:294) WARNING: No val_data or val_loader in the trainer, will skip evaluation.If this is not the case you want, please check whether there is typo for the name
2023-02-17 17:56:16,300 (context:294) WARNING: No val_data or val_loader in the trainer, will skip evaluation.If this is not the case you want, please check whether there is typo for the name
2023-02-17 17:56:17,793 (client:306) INFO: {'Role': 'Client #5', 'Round': 7, 'Results_raw': {'train_f1': 0.361363, 'train_acc': 0.545455, 'train_correct': 90.0, 'train_loss': 148.379214, 'train_avg_loss': 0.899268, 'train_total': 165}}
2023-02-17 17:56:19,154 (client:306) INFO: {'Role': 'Client #10', 'Round': 7, 'Results_raw': {'train_f1': 0.449427, 'train_acc': 0.72973, 'train_correct': 108.0, 'train_loss': 102.161444, 'train_avg_loss': 0.69028, 'train_total': 148}}
2023-02-17 17:56:20,775 (client:306) INFO: {'Role': 'Client #8', 'Round': 7, 'Results_raw': {'train_f1': 0.599194, 'train_acc': 0.816092, 'train_correct': 142.0, 'train_loss': 70.583193, 'train_avg_loss': 0.405651, 'train_total': 174}}
2023-02-17 17:56:20,877 (client:306) INFO: {'Role': 'Client #9', 'Round': 7, 'Results_raw': {'train_f1': 0.333333, 'train_acc': 0.5, 'train_correct': 3.0, 'train_loss': 4.91403, 'train_avg_loss': 0.819005, 'train_total': 6}}
2023-02-17 17:56:21,195 (client:306) INFO: {'Role': 'Client #2', 'Round': 7, 'Results_raw': {'train_f1': 0.333333, 'train_acc': 0.677419, 'train_correct': 21.0, 'train_loss': 22.315493, 'train_avg_loss': 0.719855, 'train_total': 31}}
2023-02-17 17:56:22,143 (client:306) INFO: {'Role': 'Client #4', 'Round': 7, 'Results_raw': {'train_f1': 0.475936, 'train_acc': 0.908163, 'train_correct': 89.0, 'train_loss': 14.592869, 'train_avg_loss': 0.148907, 'train_total': 98}}
2023-02-17 17:56:22,257 (client:306) INFO: {'Role': 'Client #1', 'Round': 7, 'Results_raw': {'train_f1': 0.0, 'train_acc': 0.0, 'train_correct': 0.0, 'train_loss': 24.125307, 'train_avg_loss': 3.446472, 'train_total': 7}}
2023-02-17 17:56:24,274 (client:306) INFO: {'Role': 'Client #3', 'Round': 7, 'Results_raw': {'train_f1': 0.546221, 'train_acc': 0.93722, 'train_correct': 209.0, 'train_loss': 54.000313, 'train_avg_loss': 0.242154, 'train_total': 223}}
2023-02-17 17:56:24,461 (client:306) INFO: {'Role': 'Client #7', 'Round': 7, 'Results_raw': {'train_f1': 0.066667, 'train_acc': 0.0625, 'train_correct': 1.0, 'train_loss': 42.887428, 'train_avg_loss': 2.680464, 'train_total': 16}}
2023-02-17 17:56:24,582 (client:306) INFO: {'Role': 'Client #6', 'Round': 7, 'Results_raw': {'train_f1': 0.285714, 'train_acc': 0.666667, 'train_correct': 6.0, 'train_loss': 9.978093, 'train_avg_loss': 1.108677, 'train_total': 9}}
2023-02-17 17:56:24,585 (server:590) INFO: {'Role': 'Server #', 'Round': 6, 'Results_weighted_avg': {'test_f1': 0.440124, 'test_acc': 0.690909, 'test_correct': 15.2, 'test_loss': 21.341265, 'test_avg_loss': 0.80404, 'test_total': 22.0}, 'Results_avg': {'test_f1': 0.339116, 'test_acc': 0.56161, 'test_correct': 15.2, 'test_loss': 17.68889, 'test_avg_loss': 1.305094, 'test_total': 22.0}, 'Results_fairness': {'test_correct': 15.2, 'test_total': 22.0, 'test_f1_std': 0.204694, 'test_f1_bottom_decile': 0.0, 'test_f1_top_decile': 0.655172, 'test_f1_min': 0.0, 'test_f1_max': 0.655172, 'test_f1_bottom10%': 0.0, 'test_f1_top10%': 0.655172, 'test_f1_cos1': 0.856126, 'test_f1_entropy': 2.034091, 'test_acc_std': 0.326991, 'test_acc_bottom_decile': 0.0, 'test_acc_top_decile': 0.96, 'test_acc_min': 0.0, 'test_acc_max': 0.96, 'test_acc_bottom10%': 0.0, 'test_acc_top10%': 0.96, 'test_acc_cos1': 0.86419, 'test_acc_entropy': 2.043306, 'test_loss_std': 9.318326, 'test_loss_bottom_decile': 3.446971, 'test_loss_top_decile': 28.737275, 'test_loss_min': 2.445062, 'test_loss_max': 28.737275, 'test_loss_bottom10%': 2.445062, 'test_loss_top10%': 28.737275, 'test_loss_cos1': 0.884745, 'test_loss_entropy': 2.127797, 'test_avg_loss_std': 1.156965, 'test_avg_loss_bottom_decile': 0.40751, 'test_avg_loss_top_decile': 3.582801, 'test_avg_loss_min': 0.288839, 'test_avg_loss_max': 3.582801, 'test_avg_loss_bottom10%': 0.288839, 'test_avg_loss_top10%': 3.582801, 'test_avg_loss_cos1': 0.748297, 'test_avg_loss_entropy': 1.967147}}
2023-02-17 17:56:24,600 (monitor:541) INFO: {'Role': 'Server #', 'Round': 7, 'Results_model_metric': {}}
2023-02-17 17:56:24,690 (server:330) INFO: Server: Starting evaluation at the end of round 7.
2023-02-17 17:56:24,692 (server:336) INFO: ----------- Starting a new training round (Round #8) -------------
2023-02-17 17:56:25,081 (context:294) WARNING: No val_data or val_loader in the trainer, will skip evaluation.If this is not the case you want, please check whether there is typo for the name
2023-02-17 17:56:25,156 (context:294) WARNING: No val_data or val_loader in the trainer, will skip evaluation.If this is not the case you want, please check whether there is typo for the name
2023-02-17 17:56:25,239 (context:294) WARNING: No val_data or val_loader in the trainer, will skip evaluation.If this is not the case you want, please check whether there is typo for the name
2023-02-17 17:56:25,436 (context:294) WARNING: No val_data or val_loader in the trainer, will skip evaluation.If this is not the case you want, please check whether there is typo for the name
2023-02-17 17:56:25,625 (context:294) WARNING: No val_data or val_loader in the trainer, will skip evaluation.If this is not the case you want, please check whether there is typo for the name
2023-02-17 17:56:25,912 (context:294) WARNING: No val_data or val_loader in the trainer, will skip evaluation.If this is not the case you want, please check whether there is typo for the name
2023-02-17 17:56:26,224 (context:294) WARNING: No val_data or val_loader in the trainer, will skip evaluation.If this is not the case you want, please check whether there is typo for the name
2023-02-17 17:56:26,270 (context:294) WARNING: No val_data or val_loader in the trainer, will skip evaluation.If this is not the case you want, please check whether there is typo for the name
2023-02-17 17:56:26,537 (context:294) WARNING: No val_data or val_loader in the trainer, will skip evaluation.If this is not the case you want, please check whether there is typo for the name
2023-02-17 17:56:26,754 (context:294) WARNING: No val_data or val_loader in the trainer, will skip evaluation.If this is not the case you want, please check whether there is typo for the name
2023-02-17 17:56:26,935 (client:306) INFO: {'Role': 'Client #7', 'Round': 8, 'Results_raw': {'train_f1': 0.083333, 'train_acc': 0.0625, 'train_correct': 1.0, 'train_loss': 48.092644, 'train_avg_loss': 3.00579, 'train_total': 16}}
2023-02-17 17:56:27,039 (client:306) INFO: {'Role': 'Client #9', 'Round': 8, 'Results_raw': {'train_f1': 0.142857, 'train_acc': 0.166667, 'train_correct': 1.0, 'train_loss': 7.303277, 'train_avg_loss': 1.217213, 'train_total': 6}}
2023-02-17 17:56:29,040 (client:306) INFO: {'Role': 'Client #3', 'Round': 8, 'Results_raw': {'train_f1': 0.594756, 'train_acc': 0.93722, 'train_correct': 209.0, 'train_loss': 45.881613, 'train_avg_loss': 0.205747, 'train_total': 223}}
2023-02-17 17:56:29,359 (client:306) INFO: {'Role': 'Client #2', 'Round': 8, 'Results_raw': {'train_f1': 0.31099, 'train_acc': 0.548387, 'train_correct': 17.0, 'train_loss': 26.312063, 'train_avg_loss': 0.848776, 'train_total': 31}}
2023-02-17 17:56:30,856 (client:306) INFO: {'Role': 'Client #5', 'Round': 8, 'Results_raw': {'train_f1': 0.419753, 'train_acc': 0.636364, 'train_correct': 105.0, 'train_loss': 132.510176, 'train_avg_loss': 0.803092, 'train_total': 165}}
2023-02-17 17:56:30,980 (client:306) INFO: {'Role': 'Client #6', 'Round': 8, 'Results_raw': {'train_f1': 0.4375, 'train_acc': 0.777778, 'train_correct': 7.0, 'train_loss': 8.824795, 'train_avg_loss': 0.980533, 'train_total': 9}}
2023-02-17 17:56:31,088 (client:306) INFO: {'Role': 'Client #1', 'Round': 8, 'Results_raw': {'train_f1': 0.0, 'train_acc': 0.0, 'train_correct': 0.0, 'train_loss': 26.423293, 'train_avg_loss': 3.774756, 'train_total': 7}}
2023-02-17 17:56:32,051 (client:306) INFO: {'Role': 'Client #4', 'Round': 8, 'Results_raw': {'train_f1': 0.464481, 'train_acc': 0.867347, 'train_correct': 85.0, 'train_loss': 18.106166, 'train_avg_loss': 0.184757, 'train_total': 98}}
2023-02-17 17:56:33,402 (client:306) INFO: {'Role': 'Client #10', 'Round': 8, 'Results_raw': {'train_f1': 0.420535, 'train_acc': 0.689189, 'train_correct': 102.0, 'train_loss': 98.841311, 'train_avg_loss': 0.667847, 'train_total': 148}}
2023-02-17 17:56:35,003 (client:306) INFO: {'Role': 'Client #8', 'Round': 8, 'Results_raw': {'train_f1': 0.584329, 'train_acc': 0.798851, 'train_correct': 139.0, 'train_loss': 69.557511, 'train_avg_loss': 0.399756, 'train_total': 174}}
2023-02-17 17:56:35,006 (server:590) INFO: {'Role': 'Server #', 'Round': 7, 'Results_weighted_avg': {'test_f1': 0.46967, 'test_acc': 0.636364, 'test_correct': 14.0, 'test_loss': 24.565778, 'test_avg_loss': 0.924492, 'test_total': 22.0}, 'Results_avg': {'test_f1': 0.368751, 'test_acc': 0.521514, 'test_correct': 14.0, 'test_loss': 20.338832, 'test_avg_loss': 1.447505, 'test_total': 22.0}, 'Results_fairness': {'test_correct': 14.0, 'test_total': 22.0, 'test_f1_std': 0.285725, 'test_f1_bottom_decile': 0.0, 'test_f1_top_decile': 1.0, 'test_f1_min': 0.0, 'test_f1_max': 1.0, 'test_f1_bottom10%': 0.0, 'test_f1_top10%': 1.0, 'test_f1_cos1': 0.790474, 'test_f1_entropy': 1.952369, 'test_acc_std': 0.351014, 'test_acc_bottom_decile': 0.0, 'test_acc_top_decile': 1.0, 'test_acc_min': 0.0, 'test_acc_max': 1.0, 'test_acc_bottom10%': 0.0, 'test_acc_top10%': 1.0, 'test_acc_cos1': 0.829592, 'test_acc_entropy': 1.993059, 'test_loss_std': 12.952313, 'test_loss_bottom_decile': 2.640388, 'test_loss_top_decile': 37.604237, 'test_loss_min': 2.337744, 'test_loss_max': 37.604237, 'test_loss_bottom10%': 2.337744, 'test_loss_top10%': 37.604237, 'test_loss_cos1': 0.843484, 'test_loss_entropy': 2.051579, 'test_avg_loss_std': 1.252823, 'test_avg_loss_bottom_decile': 0.373922, 'test_avg_loss_top_decile': 3.895277, 'test_avg_loss_min': 0.105616, 'test_avg_loss_max': 3.895277, 'test_avg_loss_bottom10%': 0.105616, 'test_avg_loss_top10%': 3.895277, 'test_avg_loss_cos1': 0.756124, 'test_avg_loss_entropy': 1.954614}}
2023-02-17 17:56:35,020 (monitor:541) INFO: {'Role': 'Server #', 'Round': 8, 'Results_model_metric': {}}
2023-02-17 17:56:35,104 (server:330) INFO: Server: Starting evaluation at the end of round 8.
2023-02-17 17:56:35,107 (server:336) INFO: ----------- Starting a new training round (Round #9) -------------
2023-02-17 17:56:35,494 (context:294) WARNING: No val_data or val_loader in the trainer, will skip evaluation.If this is not the case you want, please check whether there is typo for the name
2023-02-17 17:56:35,570 (context:294) WARNING: No val_data or val_loader in the trainer, will skip evaluation.If this is not the case you want, please check whether there is typo for the name
2023-02-17 17:56:35,652 (context:294) WARNING: No val_data or val_loader in the trainer, will skip evaluation.If this is not the case you want, please check whether there is typo for the name
2023-02-17 17:56:35,853 (context:294) WARNING: No val_data or val_loader in the trainer, will skip evaluation.If this is not the case you want, please check whether there is typo for the name
2023-02-17 17:56:36,032 (context:294) WARNING: No val_data or val_loader in the trainer, will skip evaluation.If this is not the case you want, please check whether there is typo for the name
2023-02-17 17:56:36,319 (context:294) WARNING: No val_data or val_loader in the trainer, will skip evaluation.If this is not the case you want, please check whether there is typo for the name
2023-02-17 17:56:36,631 (context:294) WARNING: No val_data or val_loader in the trainer, will skip evaluation.If this is not the case you want, please check whether there is typo for the name
2023-02-17 17:56:36,676 (context:294) WARNING: No val_data or val_loader in the trainer, will skip evaluation.If this is not the case you want, please check whether there is typo for the name
2023-02-17 17:56:36,943 (context:294) WARNING: No val_data or val_loader in the trainer, will skip evaluation.If this is not the case you want, please check whether there is typo for the name
2023-02-17 17:56:37,173 (context:294) WARNING: No val_data or val_loader in the trainer, will skip evaluation.If this is not the case you want, please check whether there is typo for the name
2023-02-17 17:56:38,678 (client:306) INFO: {'Role': 'Client #5', 'Round': 9, 'Results_raw': {'train_f1': 0.446716, 'train_acc': 0.672727, 'train_correct': 111.0, 'train_loss': 111.861711, 'train_avg_loss': 0.67795, 'train_total': 165}}
2023-02-17 17:56:39,644 (client:306) INFO: {'Role': 'Client #4', 'Round': 9, 'Results_raw': {'train_f1': 0.467391, 'train_acc': 0.877551, 'train_correct': 86.0, 'train_loss': 17.708654, 'train_avg_loss': 0.180701, 'train_total': 98}}
2023-02-17 17:56:39,771 (client:306) INFO: {'Role': 'Client #6', 'Round': 9, 'Results_raw': {'train_f1': 0.4375, 'train_acc': 0.777778, 'train_correct': 7.0, 'train_loss': 8.112562, 'train_avg_loss': 0.901396, 'train_total': 9}}
2023-02-17 17:56:41,131 (client:306) INFO: {'Role': 'Client #10', 'Round': 9, 'Results_raw': {'train_f1': 0.508401, 'train_acc': 0.797297, 'train_correct': 118.0, 'train_loss': 90.960572, 'train_avg_loss': 0.614598, 'train_total': 148}}
2023-02-17 17:56:41,447 (client:306) INFO: {'Role': 'Client #2', 'Round': 9, 'Results_raw': {'train_f1': 0.266667, 'train_acc': 0.516129, 'train_correct': 16.0, 'train_loss': 26.386092, 'train_avg_loss': 0.851164, 'train_total': 31}}
2023-02-17 17:56:41,544 (client:306) INFO: {'Role': 'Client #9', 'Round': 9, 'Results_raw': {'train_f1': 0.25, 'train_acc': 0.333333, 'train_correct': 2.0, 'train_loss': 6.653189, 'train_avg_loss': 1.108865, 'train_total': 6}}
2023-02-17 17:56:43,170 (client:306) INFO: {'Role': 'Client #8', 'Round': 9, 'Results_raw': {'train_f1': 0.588232, 'train_acc': 0.787356, 'train_correct': 137.0, 'train_loss': 75.352835, 'train_avg_loss': 0.433062, 'train_total': 174}}
2023-02-17 17:56:43,279 (client:306) INFO: {'Role': 'Client #1', 'Round': 9, 'Results_raw': {'train_f1': 0.0, 'train_acc': 0.0, 'train_correct': 0.0, 'train_loss': 23.592871, 'train_avg_loss': 3.37041, 'train_total': 7}}
2023-02-17 17:56:45,262 (client:306) INFO: {'Role': 'Client #3', 'Round': 9, 'Results_raw': {'train_f1': 0.689559, 'train_acc': 0.959641, 'train_correct': 214.0, 'train_loss': 40.884346, 'train_avg_loss': 0.183338, 'train_total': 223}}
2023-02-17 17:56:45,444 (client:306) INFO: {'Role': 'Client #7', 'Round': 9, 'Results_raw': {'train_f1': 0.066667, 'train_acc': 0.0625, 'train_correct': 1.0, 'train_loss': 42.048759, 'train_avg_loss': 2.628047, 'train_total': 16}}
2023-02-17 17:56:45,447 (server:590) INFO: {'Role': 'Server #', 'Round': 8, 'Results_weighted_avg': {'test_f1': 0.431516, 'test_acc': 0.677273, 'test_correct': 14.9, 'test_loss': 21.023862, 'test_avg_loss': 0.79401, 'test_total': 22.0}, 'Results_avg': {'test_f1': 0.333284, 'test_acc': 0.551709, 'test_correct': 14.9, 'test_loss': 17.468222, 'test_avg_loss': 1.253602, 'test_total': 22.0}, 'Results_fairness': {'test_correct': 14.9, 'test_total': 22.0, 'test_f1_std': 0.201974, 'test_f1_bottom_decile': 0.0, 'test_f1_top_decile': 0.655172, 'test_f1_min': 0.0, 'test_f1_max': 0.655172, 'test_f1_bottom10%': 0.0, 'test_f1_top10%': 0.655172, 'test_f1_cos1': 0.855217, 'test_f1_entropy': 2.033169, 'test_acc_std': 0.326347, 'test_acc_bottom_decile': 0.0, 'test_acc_top_decile': 0.96, 'test_acc_min': 0.0, 'test_acc_max': 0.96, 'test_acc_bottom10%': 0.0, 'test_acc_top10%': 0.96, 'test_acc_cos1': 0.860696, 'test_acc_entropy': 2.039423, 'test_loss_std': 9.903078, 'test_loss_bottom_decile': 3.054293, 'test_loss_top_decile': 29.178014, 'test_loss_min': 2.580687, 'test_loss_max': 29.178014, 'test_loss_bottom10%': 2.580687, 'test_loss_top10%': 29.178014, 'test_loss_cos1': 0.869928, 'test_loss_entropy': 2.101502, 'test_avg_loss_std': 1.072551, 'test_avg_loss_bottom_decile': 0.389114, 'test_avg_loss_top_decile': 3.491067, 'test_avg_loss_min': 0.187359, 'test_avg_loss_max': 3.491067, 'test_avg_loss_bottom10%': 0.187359, 'test_avg_loss_top10%': 3.491067, 'test_avg_loss_cos1': 0.759845, 'test_avg_loss_entropy': 1.97972}}
2023-02-17 17:56:45,462 (monitor:541) INFO: {'Role': 'Server #', 'Round': 9, 'Results_model_metric': {}}
2023-02-17 17:56:45,549 (server:347) INFO: Server: Training is finished! Starting evaluation.
2023-02-17 17:56:45,939 (context:294) WARNING: No val_data or val_loader in the trainer, will skip evaluation.If this is not the case you want, please check whether there is typo for the name
2023-02-17 17:56:46,019 (context:294) WARNING: No val_data or val_loader in the trainer, will skip evaluation.If this is not the case you want, please check whether there is typo for the name
2023-02-17 17:56:46,107 (context:294) WARNING: No val_data or val_loader in the trainer, will skip evaluation.If this is not the case you want, please check whether there is typo for the name
2023-02-17 17:56:46,317 (context:294) WARNING: No val_data or val_loader in the trainer, will skip evaluation.If this is not the case you want, please check whether there is typo for the name
2023-02-17 17:56:46,509 (context:294) WARNING: No val_data or val_loader in the trainer, will skip evaluation.If this is not the case you want, please check whether there is typo for the name
2023-02-17 17:56:46,804 (context:294) WARNING: No val_data or val_loader in the trainer, will skip evaluation.If this is not the case you want, please check whether there is typo for the name
2023-02-17 17:56:47,122 (context:294) WARNING: No val_data or val_loader in the trainer, will skip evaluation.If this is not the case you want, please check whether there is typo for the name
2023-02-17 17:56:47,177 (context:294) WARNING: No val_data or val_loader in the trainer, will skip evaluation.If this is not the case you want, please check whether there is typo for the name
2023-02-17 17:56:47,443 (context:294) WARNING: No val_data or val_loader in the trainer, will skip evaluation.If this is not the case you want, please check whether there is typo for the name
2023-02-17 17:56:47,667 (context:294) WARNING: No val_data or val_loader in the trainer, will skip evaluation.If this is not the case you want, please check whether there is typo for the name
2023-02-17 17:56:47,670 (server:590) INFO: {'Role': 'Server #', 'Round': 9, 'Results_weighted_avg': {'test_f1': 0.466657, 'test_acc': 0.631818, 'test_correct': 13.9, 'test_loss': 31.516079, 'test_avg_loss': 1.17848, 'test_total': 22.0}, 'Results_avg': {'test_f1': 0.366679, 'test_acc': 0.518389, 'test_correct': 13.9, 'test_loss': 25.926557, 'test_avg_loss': 1.735285, 'test_total': 22.0}, 'Results_fairness': {'test_correct': 13.9, 'test_total': 22.0, 'test_f1_std': 0.286382, 'test_f1_bottom_decile': 0.0, 'test_f1_top_decile': 1.0, 'test_f1_min': 0.0, 'test_f1_max': 1.0, 'test_f1_bottom10%': 0.0, 'test_f1_top10%': 1.0, 'test_f1_cos1': 0.788114, 'test_f1_entropy': 1.94879, 'test_acc_std': 0.352718, 'test_acc_bottom_decile': 0.0, 'test_acc_top_decile': 1.0, 'test_acc_min': 0.0, 'test_acc_max': 1.0, 'test_acc_bottom10%': 0.0, 'test_acc_top10%': 1.0, 'test_acc_cos1': 0.826768, 'test_acc_entropy': 1.988416, 'test_loss_std': 20.063728, 'test_loss_bottom_decile': 3.172618, 'test_loss_top_decile': 59.057217, 'test_loss_min': 1.023064, 'test_loss_max': 59.057217, 'test_loss_bottom10%': 1.023064, 'test_loss_top10%': 59.057217, 'test_loss_cos1': 0.790848, 'test_loss_entropy': 1.962348, 'test_avg_loss_std': 1.417279, 'test_avg_loss_bottom_decile': 0.322064, 'test_avg_loss_top_decile': 4.609112, 'test_avg_loss_min': 0.040923, 'test_avg_loss_max': 4.609112, 'test_avg_loss_bottom10%': 0.040923, 'test_avg_loss_top10%': 4.609112, 'test_avg_loss_cos1': 0.774504, 'test_avg_loss_entropy': 1.962255}}
2023-02-17 17:56:47,671 (server:395) INFO: Server: Final evaluation is finished! Starting merging results.
2023-02-17 17:56:47,671 (server:521) INFO: {'Role': 'Server #', 'Round': 'Final', 'Results_raw': {'client_best_individual': {'test_loss': 1.023064, 'test_f1': 1.0, 'test_acc': 1.0, 'test_correct': 43.0, 'test_avg_loss': 0.040923, 'test_total': 1.0}, 'client_summarized_weighted_avg': {'test_loss': 21.023862, 'test_f1': 0.431516, 'test_acc': 0.677273, 'test_correct': 14.9, 'test_avg_loss': 0.79401, 'test_total': 22.0}, 'client_summarized_avg': {'test_loss': 17.468222, 'test_f1': 0.333284, 'test_acc': 0.551709, 'test_correct': 14.9, 'test_avg_loss': 1.253602, 'test_total': 22.0}, 'client_summarized_fairness': {'test_loss_entropy': 1.962348, 'test_loss_cos1': 0.790848, 'test_loss_top10%': 59.057217, 'test_loss_bottom10%': 1.023064, 'test_loss_max': 59.057217, 'test_loss_min': 1.023064, 'test_loss_top_decile': 59.057217, 'test_loss_bottom_decile': 3.172618, 'test_loss_std': 20.063728, 'test_correct': 13.9, 'test_total': 22.0, 'test_f1_std': 0.286382, 'test_f1_bottom_decile': 0.0, 'test_f1_top_decile': 1.0, 'test_f1_min': 0.0, 'test_f1_max': 1.0, 'test_f1_bottom10%': 0.0, 'test_f1_top10%': 1.0, 'test_f1_cos1': 0.788114, 'test_f1_entropy': 1.94879, 'test_acc_std': 0.352718, 'test_acc_bottom_decile': 0.0, 'test_acc_top_decile': 1.0, 'test_acc_min': 0.0, 'test_acc_max': 1.0, 'test_acc_bottom10%': 0.0, 'test_acc_top10%': 1.0, 'test_acc_cos1': 0.826768, 'test_acc_entropy': 1.988416, 'test_avg_loss_std': 1.417279, 'test_avg_loss_bottom_decile': 0.322064, 'test_avg_loss_top_decile': 4.609112, 'test_avg_loss_min': 0.040923, 'test_avg_loss_max': 4.609112, 'test_avg_loss_bottom10%': 0.040923, 'test_avg_loss_top10%': 4.609112, 'test_avg_loss_cos1': 0.774504, 'test_avg_loss_entropy': 1.962255}}}
2023-02-17 17:56:47,672 (server:540) INFO: {'Role': 'Client #1', 'Round': 10, 'Results_raw': {'test_f1': 0.655172, 'test_acc': 0.934783, 'test_correct': 43.0, 'test_loss': 14.814964, 'test_avg_loss': 0.322064, 'test_total': 46}}
2023-02-17 17:56:47,673 (server:540) INFO: {'Role': 'Client #7', 'Round': 10, 'Results_raw': {'test_f1': 0.454545, 'test_acc': 0.833333, 'test_correct': 5.0, 'test_loss': 3.172618, 'test_avg_loss': 0.52877, 'test_total': 6}}
2023-02-17 17:56:47,673 (server:540) INFO: {'Role': 'Client #8', 'Round': 10, 'Results_raw': {'test_f1': 0.39206, 'test_acc': 0.4, 'test_correct': 14.0, 'test_loss': 56.517701, 'test_avg_loss': 1.614791, 'test_total': 35}}
2023-02-17 17:56:47,673 (server:540) INFO: {'Role': 'Client #4', 'Round': 10, 'Results_raw': {'test_f1': 1.0, 'test_acc': 1.0, 'test_correct': 25.0, 'test_loss': 1.023064, 'test_avg_loss': 0.040923, 'test_total': 25}}
2023-02-17 17:56:47,674 (server:540) INFO: {'Role': 'Client #2', 'Round': 10, 'Results_raw': {'test_f1': 0.446429, 'test_acc': 0.806452, 'test_correct': 25.0, 'test_loss': 26.143832, 'test_avg_loss': 0.843349, 'test_total': 31}}
2023-02-17 17:56:47,674 (server:540) INFO: {'Role': 'Client #6', 'Round': 10, 'Results_raw': {'test_f1': 0.266667, 'test_acc': 0.3125, 'test_correct': 10.0, 'test_loss': 59.057217, 'test_avg_loss': 1.845538, 'test_total': 32}}
2023-02-17 17:56:47,674 (server:540) INFO: {'Role': 'Client #5', 'Round': 10, 'Results_raw': {'test_f1': 0.0, 'test_acc': 0.0, 'test_correct': 0.0, 'test_loss': 3.890955, 'test_avg_loss': 3.890955, 'test_total': 1}}
2023-02-17 17:56:47,674 (server:540) INFO: {'Role': 'Client #9', 'Round': 10, 'Results_raw': {'test_f1': 0.261905, 'test_acc': 0.611111, 'test_correct': 11.0, 'test_loss': 31.228094, 'test_avg_loss': 1.734894, 'test_total': 18}}
2023-02-17 17:56:47,675 (server:540) INFO: {'Role': 'Client #3', 'Round': 10, 'Results_raw': {'test_f1': 0.0, 'test_acc': 0.0, 'test_correct': 0.0, 'test_loss': 23.045559, 'test_avg_loss': 4.609112, 'test_total': 5}}
2023-02-17 17:56:47,675 (server:540) INFO: {'Role': 'Client #10', 'Round': 10, 'Results_raw': {'test_f1': 0.190016, 'test_acc': 0.285714, 'test_correct': 6.0, 'test_loss': 40.371569, 'test_avg_loss': 1.922456, 'test_total': 21}}
2023-02-17 17:56:47,676 (monitor:172) INFO: In worker #0, the system-related metrics are: {'id': 0, 'fl_end_time_minutes': 1.851869, 'total_model_size': 0, 'total_flops': 0, 'total_upload_bytes': 8324800, 'total_download_bytes': 3660840, 'global_convergence_round': 0, 'local_convergence_round': 0, 'global_convergence_time_minutes': 0, 'local_convergence_time_minutes': 0}
2023-02-17 17:56:47,679 (client:513) INFO: ================= client 1 received finish message =================
2023-02-17 17:56:47,687 (monitor:172) INFO: In worker #1, the system-related metrics are: {'id': 1, 'fl_end_time_minutes': 1.848932, 'total_model_size': 11182659, 'total_flops': 389279224320.0, 'total_upload_bytes': 366176, 'total_download_bytes': 832480, 'global_convergence_round': 0, 'local_convergence_round': 0, 'global_convergence_time_minutes': 0, 'local_convergence_time_minutes': 0}
2023-02-17 17:56:47,687 (client:513) INFO: ================= client 3 received finish message =================
2023-02-17 17:56:47,696 (monitor:172) INFO: In worker #3, the system-related metrics are: {'id': 3, 'fl_end_time_minutes': 1.842866, 'total_model_size': 11182659, 'total_flops': 12401323860480.0, 'total_upload_bytes': 366176, 'total_download_bytes': 832480, 'global_convergence_round': 0, 'local_convergence_round': 0, 'global_convergence_time_minutes': 0, 'local_convergence_time_minutes': 0}
2023-02-17 17:56:47,697 (client:513) INFO: ================= client 7 received finish message =================
2023-02-17 17:56:47,705 (monitor:172) INFO: In worker #7, the system-related metrics are: {'id': 7, 'fl_end_time_minutes': 1.830343, 'total_model_size': 11182659, 'total_flops': 889781084160.0, 'total_upload_bytes': 366176, 'total_download_bytes': 832480, 'global_convergence_round': 0, 'local_convergence_round': 0, 'global_convergence_time_minutes': 0, 'local_convergence_time_minutes': 0}
2023-02-17 17:56:47,706 (client:513) INFO: ================= client 10 received finish message =================
2023-02-17 17:56:47,714 (monitor:172) INFO: In worker #10, the system-related metrics are: {'id': 10, 'fl_end_time_minutes': 1.81917, 'total_model_size': 11182659, 'total_flops': 8230475028480.0, 'total_upload_bytes': 366176, 'total_download_bytes': 832480, 'global_convergence_round': 0, 'local_convergence_round': 0, 'global_convergence_time_minutes': 0, 'local_convergence_time_minutes': 0}
2023-02-17 17:56:47,715 (client:513) INFO: ================= client 9 received finish message =================
2023-02-17 17:56:47,723 (monitor:172) INFO: In worker #9, the system-related metrics are: {'id': 9, 'fl_end_time_minutes': 1.822991, 'total_model_size': 11182659, 'total_flops': 333667906560.0, 'total_upload_bytes': 366176, 'total_download_bytes': 832480, 'global_convergence_round': 0, 'local_convergence_round': 0, 'global_convergence_time_minutes': 0, 'local_convergence_time_minutes': 0}
2023-02-17 17:56:47,724 (client:513) INFO: ================= client 6 received finish message =================
2023-02-17 17:56:47,732 (monitor:172) INFO: In worker #6, the system-related metrics are: {'id': 6, 'fl_end_time_minutes': 1.833478, 'total_model_size': 11182659, 'total_flops': 500501859840.0, 'total_upload_bytes': 366176, 'total_download_bytes': 832480, 'global_convergence_round': 0, 'local_convergence_round': 0, 'global_convergence_time_minutes': 0, 'local_convergence_time_minutes': 0}
2023-02-17 17:56:47,732 (client:513) INFO: ================= client 8 received finish message =================
2023-02-17 17:56:47,740 (monitor:172) INFO: In worker #8, the system-related metrics are: {'id': 8, 'fl_end_time_minutes': 1.826973, 'total_model_size': 11182659, 'total_flops': 9676369290240.0, 'total_upload_bytes': 366176, 'total_download_bytes': 832480, 'global_convergence_round': 0, 'local_convergence_round': 0, 'global_convergence_time_minutes': 0, 'local_convergence_time_minutes': 0}
2023-02-17 17:56:47,741 (client:513) INFO: ================= client 5 received finish message =================
2023-02-17 17:56:47,749 (monitor:172) INFO: In worker #5, the system-related metrics are: {'id': 5, 'fl_end_time_minutes': 1.837776, 'total_model_size': 11182659, 'total_flops': 9175867430400.0, 'total_upload_bytes': 366176, 'total_download_bytes': 832480, 'global_convergence_round': 0, 'local_convergence_round': 0, 'global_convergence_time_minutes': 0, 'local_convergence_time_minutes': 0}
2023-02-17 17:56:47,749 (client:513) INFO: ================= client 2 received finish message =================
2023-02-17 17:56:47,757 (monitor:172) INFO: In worker #2, the system-related metrics are: {'id': 2, 'fl_end_time_minutes': 1.846347, 'total_model_size': 11182659, 'total_flops': 1723950850560.0, 'total_upload_bytes': 366176, 'total_download_bytes': 832480, 'global_convergence_round': 0, 'local_convergence_round': 0, 'global_convergence_time_minutes': 0, 'local_convergence_time_minutes': 0}
2023-02-17 17:56:47,758 (client:513) INFO: ================= client 4 received finish message =================
2023-02-17 17:56:47,766 (monitor:172) INFO: In worker #4, the system-related metrics are: {'id': 4, 'fl_end_time_minutes': 1.840208, 'total_model_size': 11182659, 'total_flops': 5449909140480.0, 'total_upload_bytes': 366176, 'total_download_bytes': 832480, 'global_convergence_round': 0, 'local_convergence_round': 0, 'global_convergence_time_minutes': 0, 'local_convergence_time_minutes': 0}
2023-02-17 17:56:47,767 (monitor:337) INFO: We will compress the file eval_results.raw into a .gz file, and delete the old one
2023-02-17 17:56:47,771 (monitor:245) INFO: After merging the system metrics from all works, we got avg: defaultdict(None, {'id': 'sys_avg', 'sys_avg/fl_end_time_minutes': 1.83645, 'sys_avg/total_model_size': '9.7M', 'sys_avg/total_flops': '4.03T', 'sys_avg/total_upload_bytes': '1.04M', 'sys_avg/total_download_bytes': '1.04M', 'sys_avg/global_convergence_round': 0.0, 'sys_avg/local_convergence_round': 0.0, 'sys_avg/global_convergence_time_minutes': 0.0, 'sys_avg/local_convergence_time_minutes': 0.0})
2023-02-17 17:56:47,771 (monitor:248) INFO: After merging the system metrics from all works, we got std: defaultdict(None, {'id': 'sys_std', 'sys_std/fl_end_time_minutes': 0.010288, 'sys_std/total_model_size': '3.07M', 'sys_std/total_flops': '4.04T', 'sys_std/total_upload_bytes': '2.18M', 'sys_std/total_download_bytes': '794.04K', 'sys_std/global_convergence_round': 0.0, 'sys_std/local_convergence_round': 0.0, 'sys_std/global_convergence_time_minutes': 0.0, 'sys_std/local_convergence_time_minutes': 0.0})
