2023-02-15 15:46:28,796 (logging:124) INFO: the current machine is at 192.168.0.1
2023-02-15 15:46:28,797 (logging:126) INFO: the current dir is /home/ubuntu/medscale
2023-02-15 15:46:28,797 (logging:127) INFO: the output dir is exp/FedAvg_vit_on_lung_lr0.01_lstep4
2023-02-15 15:46:36,874 (cfg_data:145) WARNING: config `cfg.data.batch_size` will be removed in the future, use `cfg.dataloader.batch_size` instead.
2023-02-15 15:46:36,874 (cfg_data:145) WARNING: config `cfg.data.batch_size` will be removed in the future, use `cfg.dataloader.batch_size` instead.
2023-02-15 15:46:36,898 (config:243) INFO: the used configs are: 
aggregator:
  inside_weight: 1.0
  num_agg_groups: 1
  num_agg_topk: []
  outside_weight: 0.0
asyn:
  use: False
attack:
  alpha_TV: 0.001
  alpha_prop_loss: 0
  attack_method: 
  attacker_id: -1
  classifier_PIA: randomforest
  edge_num: 100
  edge_path: edge_data/
  freq: 10
  info_diff_type: l2
  inject_round: 0
  insert_round: 100000
  label_type: dirty
  max_ite: 400
  mean: [0.1307]
  mia_is_simulate_in: False
  mia_simulate_in_round: 20
  pgd_eps: 2
  pgd_lr: 0.1
  pgd_poisoning: False
  poison_ratio: 0.5
  reconstruct_lr: 0.01
  reconstruct_optim: Adam
  scale_para: 1.0
  scale_poisoning: False
  self_epoch: 6
  self_lr: 0.05
  self_opt: False
  setting: fix
  std: [0.3081]
  target_label_ind: -1
  trigger_path: trigger/
  trigger_type: edge
backend: torch
cfg_file: 
check_completeness: False
criterion:
  type: CrossEntropyLoss
data:
  args: []
  batch_size: 16
  cSBM_phi: [0.5, 0.5, 0.5]
  cache_dir: 
  consistent_label_distribution: False
  drop_last: False
  hetero_data_name: []
  hetero_synth_batch_size: 32
  hetero_synth_feat_dim: 128
  hetero_synth_prim_weight: 0.5
  is_debug: False
  loader: 
  max_query_len: 128
  max_seq_len: 384
  max_tgt_len: 128
  num_contrast: 0
  num_of_client_for_data: []
  num_steps: 30
  num_workers: 0
  pre_transform: []
  quadratic:
    dim: 1
    max_curv: 12.5
    min_curv: 0.02
  root: data/
  save_data: False
  server_holds_all: False
  shuffle: True
  sizes: [10, 5]
  splits: [0.8, 0, 0.2]
  splitter: lda
  splitter_args: [{'alpha': 0.2}]
  subsample: 1.0
  target_transform: []
  test_pre_transform: []
  test_target_transform: []
  test_transform: []
  transform: []
  trunc_stride: 128
  type: lung
  val_pre_transform: []
  val_target_transform: []
  val_transform: []
  walk_length: 2
dataloader:
  batch_size: 16
  drop_last: False
  num_steps: 30
  num_workers: 0
  pin_memory: False
  shuffle: True
  sizes: [10, 5]
  theta: -1
  type: base
  walk_length: 2
device: 0
distribute:
  use: False
early_stop:
  delta: 0.0
  improve_indicator_mode: best
  patience: 5
eval:
  best_res_update_round_wise_key: test_loss
  count_flops: True
  freq: 1
  metrics: ['acc', 'correct', 'f1']
  monitoring: []
  report: ['weighted_avg', 'avg', 'fairness', 'raw']
  split: ['test', 'val']
expname: FedAvg_vit_on_lung_lr0.01_lstep4
expname_tag: 
feat_engr:
  num_bins: 5
  scenario: hfl
  secure:
    dp:
      
    encrypt:
      type: dummy
    key_size: 3072
    type: encrypt
  selec_threshold: 0.05
  selec_woe_binning: quantile
  type: 
federate:
  atc_load_from: 
  atc_vanilla: False
  client_num: 10
  data_weighted_aggr: False
  ignore_weight: False
  join_in_info: []
  make_global_eval: False
  merge_test_data: False
  method: FedAvg
  mode: standalone
  online_aggr: True
  resource_info_file: 
  restore_from: 
  sample_client_num: 10
  sample_client_rate: -1.0
  sampler: uniform
  save_to: 
  share_local_model: False
  total_round_num: 10
  unseen_clients_rate: 0.0
  use_diff: False
  use_ss: False
fedopt:
  use: False
fedprox:
  use: False
fedsageplus:
  a: 1.0
  b: 1.0
  c: 1.0
  fedgen_epoch: 200
  gen_hidden: 128
  hide_portion: 0.5
  loc_epoch: 1
  num_pred: 5
finetune:
  batch_or_epoch: epoch
  before_eval: False
  freeze_param: 
  local_update_steps: 1
  optimizer:
    lr: 0.1
    type: SGD
  scheduler:
    type: 
    warmup_ratio: 0.0
flitplus:
  factor_ema: 0.8
  lambdavat: 0.5
  tmpFed: 0.5
  weightReg: 1.0
gcflplus:
  EPS_1: 0.05
  EPS_2: 0.1
  seq_length: 5
  standardize: False
grad:
  grad_accum_count: 1
  grad_clip: 5.0
hpo:
  fedex:
    cutoff: 0.0
    diff: False
    eta0: -1.0
    flatten_ss: True
    gamma: 0.0
    pi_lr: 0.01
    psn: False
    sched: auto
    ss: 
    use: False
  init_cand_num: 16
  larger_better: False
  metric: client_summarized_weighted_avg.val_loss
  num_workers: 0
  pbt:
    max_stage: 5
    perf_threshold: 0.1
  scheduler: rs
  sha:
    budgets: []
    elim_rate: 3
    iter: 0
  ss: 
  table:
    eps: 0.1
    idx: 0
    num: 27
  working_folder: hpo
model:
  contrast_temp: 1.0
  contrast_topk: 100
  downstream_tasks: []
  dropout: 0.0
  embed_size: 8
  gamma: 0
  graph_pooling: mean
  hidden: 2048
  in_channels: 0
  input_shape: ()
  label_smoothing: 0.1
  lambda_: 0.1
  layer: 2
  length_penalty: 2.0
  max_answer_len: 30
  max_length: 200
  max_tree_depth: 3
  min_length: 1
  model_num_per_trainer: 1
  model_type: google/bert_uncased_L-2_H-128_A-2
  n_best_size: 20
  no_repeat_ngram_size: 3
  null_score_diff_threshold: 0.0
  num_beams: 5
  num_item: 0
  num_labels: 1
  num_of_trees: 10
  num_user: 0
  out_channels: 3
  pretrain_tasks: []
  stage: 
  task: node
  type: vit
  use_bias: True
  use_contrastive_loss: False
nbafl:
  use: False
outdir: exp/FedAvg_vit_on_lung_lr0.01_lstep4
personalization:
  K: 5
  beta: 1.0
  local_param: []
  local_update_steps: 1
  lr: 0.5
  regular_weight: 1.0
  share_non_trainable_para: False
print_decimal_digits: 6
regularizer:
  mu: 0.0
  type: 
seed: 2
sgdmf:
  use: False
train:
  batch_or_epoch: epoch
  local_update_steps: 4
  optimizer:
    lr: 0.01
    type: SGD
    weight_decay: 0.0
  scheduler:
    type: 
    warmup_ratio: 0.0
trainer:
  disp_freq: 50
  local_entropy:
    alpha: 0.75
    eps: 0.001
    gamma: 0.0001
  sam:
    adaptive: False
    eta: 0.0
    rho: 1.0
  type: cvtrainer
  val_freq: 100000000
use_gpu: True
verbose: 1
vertical:
  use: False
wandb:
  use: False
2023-02-15 15:46:36,973 (utils:144) INFO: The device information file is not provided
2023-02-15 15:46:37,459 (fed_runner:169) INFO: Server has been set up ... 
2023-02-15 15:46:37,971 (fed_runner:221) INFO: Client 1 has been set up ... 
2023-02-15 15:46:38,452 (fed_runner:221) INFO: Client 2 has been set up ... 
2023-02-15 15:46:38,956 (fed_runner:221) INFO: Client 3 has been set up ... 
2023-02-15 15:46:39,456 (fed_runner:221) INFO: Client 4 has been set up ... 
2023-02-15 15:46:39,901 (fed_runner:221) INFO: Client 5 has been set up ... 
2023-02-15 15:46:40,409 (fed_runner:221) INFO: Client 6 has been set up ... 
2023-02-15 15:46:40,974 (fed_runner:221) INFO: Client 7 has been set up ... 
2023-02-15 15:46:41,419 (fed_runner:221) INFO: Client 8 has been set up ... 
2023-02-15 15:46:41,924 (fed_runner:221) INFO: Client 9 has been set up ... 
2023-02-15 15:46:42,369 (fed_runner:221) INFO: Client 10 has been set up ... 
<<<<<<< HEAD
2023-02-15 15:46:42,369 (trainer:341) INFO: Model meta-info: <class 'medscale.contrib.model.VIT2.HAT_Net'>.
=======
<<<<<<< HEAD
2023-02-15 15:46:42,369 (trainer:341) INFO: Model meta-info: <class 'medscale.contrib.model.VIT2.HAT_Net'>.
=======
2023-02-15 15:46:42,369 (trainer:341) INFO: Model meta-info: <class 'medscale.contrib.model.VIT2.HAT_Net'>.
>>>>>>> fe4962455354c9c11afd9c9806ceda28eb280737
>>>>>>> 64b283ee525ef53c32509882719e74890329b83f
2023-02-15 15:46:42,375 (trainer:349) INFO: Num of original para names: 290.
2023-02-15 15:46:42,375 (trainer:350) INFO: Num of original trainable para names: 290.
2023-02-15 15:46:42,375 (trainer:352) INFO: Num of preserved para names in local update: 290. 
Preserved para names in local update: {'blocks.2.5.attn.proj.weight', 'classifier.1.bias', 'blocks.1.2.attn.norm.weight', 'blocks.2.3.conv.conv1.1.weight', 'blocks.2.5.attn.norm.bias', 'blocks.0.0.conv.conv3.1.bias', 'blocks.1.0.attn.proj.bias', 'blocks.1.1.attn.qkv.weight', 'blocks.1.2.conv.conv1.1.weight', 'blocks.2.1.attn.norm.weight', 'blocks.0.2.conv.conv1.1.weight', 'blocks.1.2.conv.conv3.1.weight', 'blocks.1.3.conv.conv1.0.bias', 'blocks.1.3.conv.conv1.0.weight', 'blocks.0.0.conv.conv3.0.weight', 'blocks.2.2.attn.norm.bias', 'blocks.2.3.attn.norm.weight', 'blocks.2.4.attn.norm.weight', 'blocks.2.5.attn.qkv.bias', 'ds2.conv.bias', 'blocks.3.1.attn.qkv.weight', 'blocks.2.1.attn.proj.weight', 'blocks.0.1.attn.proj.weight', 'blocks.2.6.attn.proj.bias', 'blocks.2.1.conv.conv1.0.weight', 'blocks.2.4.attn.proj_norm.weight', 'blocks.1.1.attn.proj.weight', 'blocks.2.4.conv.conv1.0.weight', 'blocks.0.1.attn.proj_norm.weight', 'blocks.2.3.conv.conv3.1.bias', 'blocks.3.2.attn.proj_norm.weight', 'blocks.0.1.attn.proj.bias', 'blocks.2.2.conv.conv1.0.weight', 'blocks.3.0.conv.conv3.0.weight', 'blocks.1.1.attn.proj_norm.weight', 'blocks.3.1.conv.conv1.1.weight', 'blocks.2.2.conv.conv3.0.weight', 'blocks.1.3.conv.conv3.0.weight', 'blocks.1.2.attn.proj.weight', 'classifier.1.weight', 'blocks.1.3.attn.qkv.bias', 'blocks.3.0.conv.conv3.1.bias', 'blocks.1.1.attn.proj.bias', 'blocks.2.0.attn.proj.weight', 'blocks.1.1.attn.norm.bias', 'blocks.1.1.conv.conv1.1.weight', 'blocks.2.4.attn.qkv.bias', 'blocks.1.2.attn.proj.bias', 'blocks.2.1.conv.conv1.1.weight', 'blocks.2.5.attn.norm.weight', 'blocks.2.6.conv.conv3.0.weight', 'blocks.2.2.attn.proj.bias', 'blocks.2.7.attn.proj_norm.bias', 'blocks.3.1.conv.conv3.1.bias', 'blocks.2.1.conv.conv3.1.bias', 'blocks.3.0.attn.norm.bias', 'blocks.2.6.conv.conv1.0.weight', 'blocks.2.6.attn.qkv.bias', 'blocks.3.2.attn.proj.bias', 'blocks.0.0.conv.conv3.1.weight', 'blocks.3.2.attn.proj.weight', 'blocks.0.1.attn.qkv.bias', 'blocks.3.2.attn.proj_norm.bias', 'blocks.1.2.conv.conv3.1.bias', 'blocks.2.7.attn.norm.weight', 'blocks.0.0.conv.conv1.0.weight', 'blocks.2.6.attn.proj_norm.bias', 'blocks.2.7.attn.proj_norm.weight', 'blocks.2.1.attn.proj.bias', 'blocks.1.3.attn.proj_norm.bias', 'blocks.0.1.attn.norm.weight', 'ds3.conv.bias', 'blocks.2.4.conv.conv1.1.weight', 'blocks.3.0.conv.conv3.1.weight', 'blocks.1.1.conv.conv1.0.weight', 'blocks.2.3.attn.qkv.weight', 'blocks.1.3.attn.norm.weight', 'blocks.2.5.attn.qkv.weight', 'blocks.2.3.attn.proj.weight', 'blocks.0.1.conv.conv1.1.weight', 'blocks.2.4.attn.proj.bias', 'blocks.2.2.attn.proj_norm.weight', 'blocks.2.7.conv.conv3.1.bias', 'blocks.3.0.attn.proj_norm.weight', 'blocks.3.1.attn.norm.bias', 'blocks.2.6.conv.conv3.1.bias', 'blocks.3.0.attn.proj.bias', 'blocks.3.2.attn.norm.weight', 'blocks.1.3.conv.conv3.1.weight', 'blocks.2.7.conv.conv3.0.weight', 'blocks.3.2.conv.conv3.1.bias', 'blocks.1.2.attn.proj_norm.weight', 'blocks.0.1.conv.conv1.0.weight', 'blocks.1.3.conv.conv2.0.weight', 'ds4.conv.bias', 'blocks.3.1.conv.conv2.0.weight', 'blocks.1.2.attn.qkv.weight', 'blocks.1.3.attn.norm.bias', 'blocks.2.0.conv.conv3.1.bias', 'blocks.2.1.attn.qkv.bias', 'ds2.norm.bias', 'blocks.0.2.attn.norm.bias', 'blocks.2.6.attn.proj.weight', 'blocks.3.1.attn.qkv.bias', 'blocks.2.0.attn.qkv.weight', 'blocks.2.0.attn.proj_norm.bias', 'patch_embed.3.bias', 'blocks.0.2.attn.proj_norm.weight', 'blocks.2.3.attn.qkv.bias', 'blocks.3.2.conv.conv3.0.weight', 'ds3.conv.weight', 'blocks.2.5.attn.proj_norm.weight', 'blocks.2.0.conv.conv3.1.weight', 'blocks.0.2.attn.qkv.weight', 'blocks.0.2.conv.conv1.0.bias', 'blocks.0.2.conv.conv1.0.weight', 'blocks.2.5.conv.conv1.0.bias', 'blocks.2.6.attn.proj_norm.weight', 'blocks.2.5.attn.proj_norm.bias', 'blocks.3.2.conv.conv2.0.weight', 'blocks.1.1.conv.conv1.0.bias', 'blocks.3.2.conv.conv1.0.bias', 'blocks.1.0.attn.norm.bias', 'blocks.2.0.attn.proj.bias', 'blocks.3.0.attn.proj.weight', 'blocks.3.0.conv.conv1.0.bias', 'patch_embed.0.bias', 'blocks.2.2.conv.conv2.0.weight', 'blocks.1.0.conv.conv1.0.weight', 'blocks.1.0.conv.conv1.0.bias', 'blocks.2.0.conv.conv3.0.weight', 'blocks.0.0.attn.proj_norm.weight', 'blocks.2.3.attn.norm.bias', 'blocks.0.0.attn.qkv.bias', 'blocks.2.3.conv.conv1.0.weight', 'blocks.0.2.attn.norm.weight', 'blocks.1.3.attn.proj_norm.weight', 'blocks.3.0.conv.conv1.1.weight', 'blocks.2.2.conv.conv3.1.weight', 'blocks.3.0.attn.norm.weight', 'blocks.3.0.attn.proj_norm.bias', 'blocks.2.1.attn.qkv.weight', 'blocks.2.5.conv.conv3.1.bias', 'ds4.norm.weight', 'blocks.2.7.attn.qkv.weight', 'blocks.2.1.conv.conv1.0.bias', 'blocks.0.0.attn.proj.weight', 'blocks.0.0.conv.conv2.0.weight', 'blocks.1.3.attn.proj.weight', 'blocks.2.2.attn.qkv.bias', 'blocks.2.3.attn.proj_norm.bias', 'blocks.2.5.conv.conv3.1.weight', 'ds2.norm.weight', 'blocks.0.1.conv.conv3.0.weight', 'blocks.3.0.attn.qkv.weight', 'blocks.1.1.conv.conv3.1.weight', 'blocks.3.1.attn.proj.weight', 'blocks.2.5.conv.conv3.0.weight', 'blocks.2.4.attn.qkv.weight', 'blocks.0.0.attn.proj.bias', 'blocks.2.4.conv.conv1.0.bias', 'blocks.3.0.attn.qkv.bias', 'blocks.2.6.attn.norm.weight', 'blocks.1.2.conv.conv1.0.weight', 'blocks.2.4.conv.conv3.1.bias', 'blocks.0.2.conv.conv3.0.weight', 'blocks.2.0.attn.norm.bias', 'blocks.2.7.conv.conv1.0.weight', 'blocks.1.0.attn.qkv.weight', 'blocks.2.6.conv.conv1.0.bias', 'blocks.3.1.attn.proj_norm.weight', 'blocks.2.5.conv.conv1.1.weight', 'ds3.norm.weight', 'blocks.2.1.attn.proj_norm.weight', 'blocks.0.1.conv.conv2.0.weight', 'blocks.1.0.conv.conv2.0.weight', 'blocks.2.2.attn.proj_norm.bias', 'blocks.0.0.attn.qkv.weight', 'blocks.1.0.attn.proj_norm.bias', 'blocks.0.0.attn.norm.weight', 'blocks.1.1.attn.qkv.bias', 'blocks.1.0.attn.proj_norm.weight', 'blocks.1.3.conv.conv3.1.bias', 'blocks.1.1.conv.conv3.0.weight', 'blocks.2.7.conv.conv1.1.weight', 'blocks.2.1.conv.conv2.0.weight', 'blocks.0.1.attn.norm.bias', 'blocks.2.7.attn.qkv.bias', 'blocks.1.2.conv.conv1.0.bias', 'patch_embed.1.weight', 'blocks.0.1.conv.conv3.1.bias', 'blocks.0.1.conv.conv3.1.weight', 'blocks.1.3.attn.proj.bias', 'blocks.2.2.conv.conv1.0.bias', 'blocks.1.3.attn.qkv.weight', 'blocks.2.2.conv.conv1.1.weight', 'blocks.3.1.attn.proj.bias', 'blocks.0.2.conv.conv2.0.weight', 'blocks.0.2.attn.qkv.bias', 'blocks.2.2.attn.proj.weight', 'blocks.2.4.attn.proj.weight', 'blocks.2.0.attn.qkv.bias', 'blocks.3.0.conv.conv2.0.weight', 'blocks.2.4.attn.proj_norm.bias', 'blocks.0.2.attn.proj.bias', 'blocks.2.7.attn.proj.weight', 'blocks.2.3.conv.conv1.0.bias', 'blocks.2.6.attn.norm.bias', 'blocks.1.3.conv.conv1.1.weight', 'blocks.0.0.attn.norm.bias', 'blocks.2.6.conv.conv2.0.weight', 'blocks.2.5.conv.conv2.0.weight', 'blocks.1.0.conv.conv1.1.weight', 'blocks.2.3.conv.conv2.0.weight', 'blocks.1.2.conv.conv3.0.weight', 'blocks.0.1.attn.qkv.weight', 'blocks.0.1.attn.proj_norm.bias', 'blocks.2.5.conv.conv1.0.weight', 'blocks.3.0.conv.conv1.0.weight', 'blocks.3.1.conv.conv1.0.bias', 'blocks.2.4.conv.conv2.0.weight', 'blocks.2.4.conv.conv3.1.weight', 'blocks.2.7.attn.proj.bias', 'blocks.0.1.conv.conv1.0.bias', 'blocks.0.2.conv.conv3.1.weight', 'patch_embed.0.weight', 'blocks.2.0.attn.proj_norm.weight', 'blocks.2.7.attn.norm.bias', 'blocks.2.3.conv.conv3.0.weight', 'blocks.3.1.attn.proj_norm.bias', 'blocks.0.2.attn.proj.weight', 'blocks.2.1.conv.conv3.0.weight', 'blocks.2.1.conv.conv3.1.weight', 'blocks.2.2.attn.qkv.weight', 'blocks.3.2.conv.conv1.1.weight', 'blocks.2.3.attn.proj.bias', 'blocks.3.2.attn.qkv.weight', 'blocks.0.0.attn.proj_norm.bias', 'ds4.norm.bias', 'blocks.3.1.conv.conv3.0.weight', 'blocks.2.1.attn.proj_norm.bias', 'ds4.conv.weight', 'blocks.1.0.attn.norm.weight', 'blocks.1.2.attn.proj_norm.bias', 'blocks.2.4.conv.conv3.0.weight', 'blocks.3.2.attn.qkv.bias', 'blocks.2.7.conv.conv3.1.weight', 'blocks.2.7.conv.conv1.0.bias', 'blocks.3.1.attn.norm.weight', 'blocks.1.0.conv.conv3.1.bias', 'blocks.1.1.attn.norm.weight', 'ds3.norm.bias', 'blocks.2.6.conv.conv3.1.weight', 'blocks.0.0.conv.conv1.0.bias', 'blocks.1.0.attn.qkv.bias', 'blocks.1.0.conv.conv3.0.weight', 'blocks.3.2.conv.conv3.1.weight', 'blocks.3.1.conv.conv3.1.weight', 'blocks.2.1.attn.norm.bias', 'blocks.1.2.attn.qkv.bias', 'blocks.2.0.conv.conv1.0.bias', 'blocks.2.3.attn.proj_norm.weight', 'blocks.0.2.attn.proj_norm.bias', 'blocks.2.2.attn.norm.weight', 'blocks.0.0.conv.conv1.1.weight', 'blocks.1.1.attn.proj_norm.bias', 'blocks.1.0.attn.proj.weight', 'blocks.2.0.conv.conv1.1.weight', 'blocks.2.6.conv.conv1.1.weight', 'blocks.2.0.attn.norm.weight', 'blocks.1.2.attn.norm.bias', 'blocks.2.0.conv.conv1.0.weight', 'blocks.1.1.conv.conv2.0.weight', 'blocks.2.2.conv.conv3.1.bias', 'blocks.2.5.attn.proj.bias', 'blocks.2.6.attn.qkv.weight', 'blocks.2.7.conv.conv2.0.weight', 'blocks.0.2.conv.conv3.1.bias', 'blocks.3.1.conv.conv1.0.weight', 'blocks.3.2.attn.norm.bias', 'blocks.1.1.conv.conv3.1.bias', 'blocks.2.3.conv.conv3.1.weight', 'blocks.2.4.attn.norm.bias', 'ds2.conv.weight', 'patch_embed.1.bias', 'patch_embed.3.weight', 'blocks.1.2.conv.conv2.0.weight', 'blocks.3.2.conv.conv1.0.weight', 'blocks.1.0.conv.conv3.1.weight', 'blocks.2.0.conv.conv2.0.weight'}.
2023-02-15 15:46:42,380 (trainer:356) INFO: Num of filtered para names in local update: 0. 
Filtered para names in local update: set().
2023-02-15 15:46:42,380 (trainer:361) INFO: After register default hooks,
	the hooks_in_train is:
	{
	  "on_fit_start": [
	    "_hook_on_fit_start_init",
	    "_hook_on_fit_start_calculate_model_size"
	  ],
	  "on_epoch_start": [
	    "_hook_on_epoch_start"
	  ],
	  "on_batch_start": [
	    "_hook_on_batch_start_init"
	  ],
	  "on_batch_forward": [
	    "_hook_on_batch_forward",
	    "_hook_on_batch_forward_regularizer",
	    "_hook_on_batch_forward_flop_count"
	  ],
	  "on_batch_backward": [
	    "_hook_on_batch_backward"
	  ],
	  "on_batch_end": [
	    "_hook_on_batch_end"
	  ],
	  "on_fit_end": [
	    "_hook_on_fit_end"
	  ]
	};
	the hooks_in_eval is:
            t{
	  "on_fit_start": [
	    "_hook_on_fit_start_init"
	  ],
	  "on_epoch_start": [
	    "_hook_on_epoch_start"
	  ],
	  "on_batch_start": [
	    "_hook_on_batch_start_init"
	  ],
	  "on_batch_forward": [
	    "_hook_on_batch_forward"
	  ],
	  "on_batch_end": [
	    "_hook_on_batch_end"
	  ],
	  "on_fit_end": [
	    "_hook_on_fit_end"
	  ]
	}
2023-02-15 15:46:42,465 (server:804) INFO: ----------- Starting training (Round #0) -------------
2023-02-15 15:46:52,820 (client:306) INFO: {'Role': 'Client #5', 'Round': 0, 'Results_raw': {'train_total': 548, 'train_f1': 0.113559, 'train_avg_loss': 0.736642, 'train_acc': 0.791971, 'train_correct': 434.0, 'train_loss': 403.67955}}
2023-02-15 15:47:07,361 (client:306) INFO: {'Role': 'Client #3', 'Round': 0, 'Results_raw': {'train_total': 1192, 'train_f1': 0.098983, 'train_avg_loss': 0.145375, 'train_acc': 0.979866, 'train_correct': 1168.0, 'train_loss': 173.286735}}
2023-02-15 15:47:08,149 (client:306) INFO: {'Role': 'Client #10', 'Round': 0, 'Results_raw': {'train_total': 12, 'train_f1': 0.378968, 'train_avg_loss': 2.455036, 'train_acc': 0.666667, 'train_correct': 8.0, 'train_loss': 29.460437}}
2023-02-15 15:47:12,094 (client:306) INFO: {'Role': 'Client #6', 'Round': 0, 'Results_raw': {'train_total': 272, 'train_f1': 0.118447, 'train_avg_loss': 0.644648, 'train_acc': 0.897059, 'train_correct': 244.0, 'train_loss': 175.344165}}
2023-02-15 15:47:26,987 (client:306) INFO: {'Role': 'Client #2', 'Round': 0, 'Results_raw': {'train_total': 1160, 'train_f1': 0.110145, 'train_avg_loss': 0.126279, 'train_acc': 0.982759, 'train_correct': 1140.0, 'train_loss': 146.484129}}
2023-02-15 15:47:28,644 (client:306) INFO: {'Role': 'Client #7', 'Round': 0, 'Results_raw': {'train_total': 84, 'train_f1': 0.149123, 'train_avg_loss': 0.969552, 'train_acc': 0.809524, 'train_correct': 68.0, 'train_loss': 81.442378}}
2023-02-15 15:47:30,253 (client:306) INFO: {'Role': 'Client #8', 'Round': 0, 'Results_raw': {'train_total': 80, 'train_f1': 0.085294, 'train_avg_loss': 1.595879, 'train_acc': 0.725, 'train_correct': 58.0, 'train_loss': 127.670343}}
2023-02-15 15:47:31,217 (client:306) INFO: {'Role': 'Client #1', 'Round': 0, 'Results_raw': {'train_total': 28, 'train_f1': 0.142857, 'train_avg_loss': 1.482895, 'train_acc': 0.75, 'train_correct': 21.0, 'train_loss': 41.521055}}
2023-02-15 15:47:33,291 (client:306) INFO: {'Role': 'Client #9', 'Round': 0, 'Results_raw': {'train_total': 128, 'train_f1': 0.130751, 'train_avg_loss': 1.019263, 'train_acc': 0.84375, 'train_correct': 108.0, 'train_loss': 130.46567}}
2023-02-15 15:47:34,029 (client:306) INFO: {'Role': 'Client #4', 'Round': 0, 'Results_raw': {'train_total': 4, 'train_f1': 0.428571, 'train_avg_loss': 1.622699, 'train_acc': 0.75, 'train_correct': 3.0, 'train_loss': 6.490798}}
2023-02-15 15:47:34,083 (monitor:541) INFO: {'Role': 'Server #', 'Round': 0, 'Results_model_metric': {}}
2023-02-15 15:47:34,114 (server:330) INFO: Server: Starting evaluation at the end of round 0.
2023-02-15 15:47:34,129 (server:336) INFO: ----------- Starting a new training round (Round #1) -------------
2023-02-15 15:47:34,353 (context:294) WARNING: No val_data or val_loader in the trainer, will skip evaluation.If this is not the case you want, please check whether there is typo for the name
2023-02-15 15:47:34,550 (context:294) WARNING: No val_data or val_loader in the trainer, will skip evaluation.If this is not the case you want, please check whether there is typo for the name
2023-02-15 15:47:34,966 (context:294) WARNING: No val_data or val_loader in the trainer, will skip evaluation.If this is not the case you want, please check whether there is typo for the name
2023-02-15 15:47:35,737 (context:294) WARNING: No val_data or val_loader in the trainer, will skip evaluation.If this is not the case you want, please check whether there is typo for the name
2023-02-15 15:47:35,910 (context:294) WARNING: No val_data or val_loader in the trainer, will skip evaluation.If this is not the case you want, please check whether there is typo for the name
2023-02-15 15:47:36,230 (context:294) WARNING: No val_data or val_loader in the trainer, will skip evaluation.If this is not the case you want, please check whether there is typo for the name
2023-02-15 15:47:36,394 (context:294) WARNING: No val_data or val_loader in the trainer, will skip evaluation.If this is not the case you want, please check whether there is typo for the name
2023-02-15 15:47:36,549 (context:294) WARNING: No val_data or val_loader in the trainer, will skip evaluation.If this is not the case you want, please check whether there is typo for the name
2023-02-15 15:47:36,982 (context:294) WARNING: No val_data or val_loader in the trainer, will skip evaluation.If this is not the case you want, please check whether there is typo for the name
2023-02-15 15:47:37,170 (context:294) WARNING: No val_data or val_loader in the trainer, will skip evaluation.If this is not the case you want, please check whether there is typo for the name
2023-02-15 15:47:37,172 (server:590) INFO: {'Role': 'Server #', 'Round': 0, 'Results_weighted_avg': {'test_total': 22.0, 'test_f1': 0.336879, 'test_avg_loss': 1.124699, 'test_acc': 0.554545, 'test_correct': 12.2, 'test_loss': 32.788894}, 'Results_avg': {'test_total': 22.0, 'test_f1': 0.27007, 'test_avg_loss': 1.608089, 'test_acc': 0.383999, 'test_correct': 12.2, 'test_loss': 24.743374}, 'Results_fairness': {'test_total': 22.0, 'test_correct': 12.2, 'test_f1_std': 0.296347, 'test_f1_bottom_decile': 0.0, 'test_f1_top_decile': 1.0, 'test_f1_min': 0.0, 'test_f1_max': 1.0, 'test_f1_bottom10%': 0.0, 'test_f1_top10%': 1.0, 'test_f1_cos1': 0.673579, 'test_f1_entropy': 1.728622, 'test_avg_loss_std': 1.211079, 'test_avg_loss_bottom_decile': 0.414796, 'test_avg_loss_top_decile': 4.038782, 'test_avg_loss_min': 0.331745, 'test_avg_loss_max': 4.038782, 'test_avg_loss_bottom10%': 0.331745, 'test_avg_loss_top10%': 4.038782, 'test_avg_loss_cos1': 0.798803, 'test_avg_loss_entropy': 2.037286, 'test_acc_std': 0.37167, 'test_acc_bottom_decile': 0.0, 'test_acc_top_decile': 1.0, 'test_acc_min': 0.0, 'test_acc_max': 1.0, 'test_acc_bottom10%': 0.0, 'test_acc_top10%': 1.0, 'test_acc_cos1': 0.718548, 'test_acc_entropy': 1.781257, 'test_loss_std': 16.98217, 'test_loss_bottom_decile': 3.786311, 'test_loss_top_decile': 63.282495, 'test_loss_min': 3.649198, 'test_loss_max': 63.282495, 'test_loss_bottom10%': 3.649198, 'test_loss_top10%': 63.282495, 'test_loss_cos1': 0.824491, 'test_loss_entropy': 2.057897}}
2023-02-15 15:47:38,433 (client:306) INFO: {'Role': 'Client #8', 'Round': 1, 'Results_raw': {'train_total': 80, 'train_f1': 0.313466, 'train_avg_loss': 0.654309, 'train_acc': 0.8875, 'train_correct': 71.0, 'train_loss': 52.344707}}
2023-02-15 15:47:38,884 (client:306) INFO: {'Role': 'Client #4', 'Round': 1, 'Results_raw': {'train_total': 4, 'train_f1': 0.428571, 'train_avg_loss': 0.279297, 'train_acc': 0.75, 'train_correct': 3.0, 'train_loss': 1.11719}}
2023-02-15 15:47:45,766 (client:306) INFO: {'Role': 'Client #5', 'Round': 1, 'Results_raw': {'train_total': 548, 'train_f1': 0.585433, 'train_avg_loss': 0.46249, 'train_acc': 0.843066, 'train_correct': 462.0, 'train_loss': 253.444513}}
2023-02-15 15:47:46,292 (client:306) INFO: {'Role': 'Client #10', 'Round': 1, 'Results_raw': {'train_total': 12, 'train_f1': 0.411111, 'train_avg_loss': 1.597771, 'train_acc': 0.416667, 'train_correct': 5.0, 'train_loss': 19.173249}}
2023-02-15 15:47:49,990 (client:306) INFO: {'Role': 'Client #6', 'Round': 1, 'Results_raw': {'train_total': 272, 'train_f1': 0.306163, 'train_avg_loss': 0.636232, 'train_acc': 0.849265, 'train_correct': 231.0, 'train_loss': 173.054976}}
2023-02-15 15:48:04,559 (client:306) INFO: {'Role': 'Client #3', 'Round': 1, 'Results_raw': {'train_total': 1192, 'train_f1': 0.498316, 'train_avg_loss': 0.062117, 'train_acc': 0.993289, 'train_correct': 1184.0, 'train_loss': 74.043563}}
2023-02-15 15:48:19,277 (client:306) INFO: {'Role': 'Client #2', 'Round': 1, 'Results_raw': {'train_total': 1160, 'train_f1': 0.330727, 'train_avg_loss': 0.04902, 'train_acc': 0.984483, 'train_correct': 1142.0, 'train_loss': 56.863425}}
2023-02-15 15:48:21,028 (client:306) INFO: {'Role': 'Client #9', 'Round': 1, 'Results_raw': {'train_total': 128, 'train_f1': 0.312413, 'train_avg_loss': 0.33009, 'train_acc': 0.875, 'train_correct': 112.0, 'train_loss': 42.251508}}
2023-02-15 15:48:21,677 (client:306) INFO: {'Role': 'Client #1', 'Round': 1, 'Results_raw': {'train_total': 28, 'train_f1': 0.269504, 'train_avg_loss': 1.452043, 'train_acc': 0.678571, 'train_correct': 19.0, 'train_loss': 40.657209}}
2023-02-15 15:48:23,039 (client:306) INFO: {'Role': 'Client #7', 'Round': 1, 'Results_raw': {'train_total': 84, 'train_f1': 0.293333, 'train_avg_loss': 1.028921, 'train_acc': 0.785714, 'train_correct': 66.0, 'train_loss': 86.429362}}
2023-02-15 15:48:23,085 (monitor:541) INFO: {'Role': 'Server #', 'Round': 1, 'Results_model_metric': {}}
2023-02-15 15:48:23,116 (server:330) INFO: Server: Starting evaluation at the end of round 1.
2023-02-15 15:48:23,130 (server:336) INFO: ----------- Starting a new training round (Round #2) -------------
2023-02-15 15:48:23,354 (context:294) WARNING: No val_data or val_loader in the trainer, will skip evaluation.If this is not the case you want, please check whether there is typo for the name
2023-02-15 15:48:23,548 (context:294) WARNING: No val_data or val_loader in the trainer, will skip evaluation.If this is not the case you want, please check whether there is typo for the name
2023-02-15 15:48:23,963 (context:294) WARNING: No val_data or val_loader in the trainer, will skip evaluation.If this is not the case you want, please check whether there is typo for the name
2023-02-15 15:48:24,730 (context:294) WARNING: No val_data or val_loader in the trainer, will skip evaluation.If this is not the case you want, please check whether there is typo for the name
2023-02-15 15:48:24,901 (context:294) WARNING: No val_data or val_loader in the trainer, will skip evaluation.If this is not the case you want, please check whether there is typo for the name
2023-02-15 15:48:25,213 (context:294) WARNING: No val_data or val_loader in the trainer, will skip evaluation.If this is not the case you want, please check whether there is typo for the name
2023-02-15 15:48:25,368 (context:294) WARNING: No val_data or val_loader in the trainer, will skip evaluation.If this is not the case you want, please check whether there is typo for the name
2023-02-15 15:48:25,517 (context:294) WARNING: No val_data or val_loader in the trainer, will skip evaluation.If this is not the case you want, please check whether there is typo for the name
2023-02-15 15:48:25,941 (context:294) WARNING: No val_data or val_loader in the trainer, will skip evaluation.If this is not the case you want, please check whether there is typo for the name
2023-02-15 15:48:26,112 (context:294) WARNING: No val_data or val_loader in the trainer, will skip evaluation.If this is not the case you want, please check whether there is typo for the name
2023-02-15 15:48:26,114 (server:590) INFO: {'Role': 'Server #', 'Round': 1, 'Results_weighted_avg': {'test_total': 22.0, 'test_f1': 0.475729, 'test_avg_loss': 1.081256, 'test_acc': 0.668182, 'test_correct': 14.7, 'test_loss': 32.340609}, 'Results_avg': {'test_total': 22.0, 'test_f1': 0.39156, 'test_avg_loss': 1.552056, 'test_acc': 0.507586, 'test_correct': 14.7, 'test_loss': 23.787628}, 'Results_fairness': {'test_total': 22.0, 'test_correct': 14.7, 'test_f1_std': 0.263068, 'test_f1_bottom_decile': 0.133333, 'test_f1_top_decile': 1.0, 'test_f1_min': 0.095238, 'test_f1_max': 1.0, 'test_f1_bottom10%': 0.095238, 'test_f1_top10%': 1.0, 'test_f1_cos1': 0.830061, 'test_f1_entropy': 2.094055, 'test_avg_loss_std': 1.306877, 'test_avg_loss_bottom_decile': 0.448625, 'test_avg_loss_top_decile': 4.243961, 'test_avg_loss_min': 0.414299, 'test_avg_loss_max': 4.243961, 'test_avg_loss_bottom10%': 0.414299, 'test_avg_loss_top10%': 4.243961, 'test_avg_loss_cos1': 0.76494, 'test_avg_loss_entropy': 1.987192, 'test_acc_std': 0.297515, 'test_acc_bottom_decile': 0.2, 'test_acc_top_decile': 1.0, 'test_acc_min': 0.125, 'test_acc_max': 1.0, 'test_acc_bottom10%': 0.125, 'test_acc_top10%': 1.0, 'test_acc_cos1': 0.862724, 'test_acc_entropy': 2.124503, 'test_loss_std': 18.683815, 'test_loss_bottom_decile': 4.557293, 'test_loss_top_decile': 69.022625, 'test_loss_min': 3.381848, 'test_loss_max': 69.022625, 'test_loss_bottom10%': 3.381848, 'test_loss_top10%': 69.022625, 'test_loss_cos1': 0.786422, 'test_loss_entropy': 2.010643}}
2023-02-15 15:48:26,581 (client:306) INFO: {'Role': 'Client #10', 'Round': 2, 'Results_raw': {'train_total': 12, 'train_f1': 0.477778, 'train_avg_loss': 1.358961, 'train_acc': 0.5, 'train_correct': 6.0, 'train_loss': 16.307527}}
2023-02-15 15:48:27,220 (client:306) INFO: {'Role': 'Client #1', 'Round': 2, 'Results_raw': {'train_total': 28, 'train_f1': 0.251852, 'train_avg_loss': 1.666792, 'train_acc': 0.607143, 'train_correct': 17.0, 'train_loss': 46.670172}}
2023-02-15 15:48:41,920 (client:306) INFO: {'Role': 'Client #2', 'Round': 2, 'Results_raw': {'train_total': 1160, 'train_f1': 0.331019, 'train_avg_loss': 0.043537, 'train_acc': 0.986207, 'train_correct': 1144.0, 'train_loss': 50.502766}}
2023-02-15 15:48:42,353 (client:306) INFO: {'Role': 'Client #4', 'Round': 2, 'Results_raw': {'train_total': 4, 'train_f1': 0.428571, 'train_avg_loss': 0.246536, 'train_acc': 0.75, 'train_correct': 3.0, 'train_loss': 0.986146}}
2023-02-15 15:48:44,075 (client:306) INFO: {'Role': 'Client #9', 'Round': 2, 'Results_raw': {'train_total': 128, 'train_f1': 0.319783, 'train_avg_loss': 0.317555, 'train_acc': 0.921875, 'train_correct': 118.0, 'train_loss': 40.646978}}
2023-02-15 15:48:58,633 (client:306) INFO: {'Role': 'Client #3', 'Round': 2, 'Results_raw': {'train_total': 1192, 'train_f1': 0.497046, 'train_avg_loss': 0.056927, 'train_acc': 0.988255, 'train_correct': 1178.0, 'train_loss': 67.856708}}
2023-02-15 15:48:59,999 (client:306) INFO: {'Role': 'Client #7', 'Round': 2, 'Results_raw': {'train_total': 84, 'train_f1': 0.290828, 'train_avg_loss': 1.094513, 'train_acc': 0.77381, 'train_correct': 65.0, 'train_loss': 91.939062}}
2023-02-15 15:49:01,307 (client:306) INFO: {'Role': 'Client #8', 'Round': 2, 'Results_raw': {'train_total': 80, 'train_f1': 0.386999, 'train_avg_loss': 0.587721, 'train_acc': 0.875, 'train_correct': 70.0, 'train_loss': 47.017665}}
2023-02-15 15:49:04,960 (client:306) INFO: {'Role': 'Client #6', 'Round': 2, 'Results_raw': {'train_total': 272, 'train_f1': 0.339367, 'train_avg_loss': 0.599268, 'train_acc': 0.886029, 'train_correct': 241.0, 'train_loss': 163.000775}}
2023-02-15 15:49:11,871 (client:306) INFO: {'Role': 'Client #5', 'Round': 2, 'Results_raw': {'train_total': 548, 'train_f1': 0.553815, 'train_avg_loss': 0.483349, 'train_acc': 0.846715, 'train_correct': 464.0, 'train_loss': 264.875115}}
2023-02-15 15:49:11,920 (monitor:541) INFO: {'Role': 'Server #', 'Round': 2, 'Results_model_metric': {}}
2023-02-15 15:49:11,951 (server:330) INFO: Server: Starting evaluation at the end of round 2.
2023-02-15 15:49:11,965 (server:336) INFO: ----------- Starting a new training round (Round #3) -------------
2023-02-15 15:49:12,189 (context:294) WARNING: No val_data or val_loader in the trainer, will skip evaluation.If this is not the case you want, please check whether there is typo for the name
2023-02-15 15:49:12,385 (context:294) WARNING: No val_data or val_loader in the trainer, will skip evaluation.If this is not the case you want, please check whether there is typo for the name
2023-02-15 15:49:12,809 (context:294) WARNING: No val_data or val_loader in the trainer, will skip evaluation.If this is not the case you want, please check whether there is typo for the name
2023-02-15 15:49:13,583 (context:294) WARNING: No val_data or val_loader in the trainer, will skip evaluation.If this is not the case you want, please check whether there is typo for the name
2023-02-15 15:49:13,758 (context:294) WARNING: No val_data or val_loader in the trainer, will skip evaluation.If this is not the case you want, please check whether there is typo for the name
2023-02-15 15:49:14,074 (context:294) WARNING: No val_data or val_loader in the trainer, will skip evaluation.If this is not the case you want, please check whether there is typo for the name
2023-02-15 15:49:14,233 (context:294) WARNING: No val_data or val_loader in the trainer, will skip evaluation.If this is not the case you want, please check whether there is typo for the name
2023-02-15 15:49:14,386 (context:294) WARNING: No val_data or val_loader in the trainer, will skip evaluation.If this is not the case you want, please check whether there is typo for the name
2023-02-15 15:49:14,818 (context:294) WARNING: No val_data or val_loader in the trainer, will skip evaluation.If this is not the case you want, please check whether there is typo for the name
2023-02-15 15:49:14,993 (context:294) WARNING: No val_data or val_loader in the trainer, will skip evaluation.If this is not the case you want, please check whether there is typo for the name
2023-02-15 15:49:14,995 (server:590) INFO: {'Role': 'Server #', 'Round': 2, 'Results_weighted_avg': {'test_total': 22.0, 'test_f1': 0.47507, 'test_avg_loss': 0.977944, 'test_acc': 0.659091, 'test_correct': 14.5, 'test_loss': 30.827426}, 'Results_avg': {'test_total': 22.0, 'test_f1': 0.445759, 'test_avg_loss': 1.363269, 'test_acc': 0.60611, 'test_correct': 14.5, 'test_loss': 21.514775}, 'Results_fairness': {'test_total': 22.0, 'test_correct': 14.5, 'test_f1_std': 0.192795, 'test_f1_bottom_decile': 0.25641, 'test_f1_top_decile': 0.828571, 'test_f1_min': 0.244444, 'test_f1_max': 0.828571, 'test_f1_bottom10%': 0.244444, 'test_f1_top10%': 0.828571, 'test_f1_cos1': 0.917831, 'test_f1_entropy': 2.214275, 'test_avg_loss_std': 1.132897, 'test_avg_loss_bottom_decile': 0.485148, 'test_avg_loss_top_decile': 3.719601, 'test_avg_loss_min': 0.46484, 'test_avg_loss_max': 3.719601, 'test_avg_loss_bottom10%': 0.46484, 'test_avg_loss_top10%': 3.719601, 'test_avg_loss_cos1': 0.769098, 'test_avg_loss_entropy': 1.999243, 'test_acc_std': 0.210356, 'test_acc_bottom_decile': 0.25, 'test_acc_top_decile': 0.909091, 'test_acc_min': 0.25, 'test_acc_max': 0.909091, 'test_acc_bottom10%': 0.25, 'test_acc_top10%': 0.909091, 'test_acc_cos1': 0.944721, 'test_acc_entropy': 2.235261, 'test_loss_std': 17.444621, 'test_loss_bottom_decile': 5.113243, 'test_loss_top_decile': 62.819223, 'test_loss_min': 3.029626, 'test_loss_max': 62.819223, 'test_loss_bottom10%': 3.029626, 'test_loss_top10%': 62.819223, 'test_loss_cos1': 0.776752, 'test_loss_entropy': 1.996077}}
2023-02-15 15:49:16,699 (client:306) INFO: {'Role': 'Client #9', 'Round': 3, 'Results_raw': {'train_total': 128, 'train_f1': 0.321188, 'train_avg_loss': 0.25471, 'train_acc': 0.929688, 'train_correct': 119.0, 'train_loss': 32.602869}}
2023-02-15 15:49:17,217 (client:306) INFO: {'Role': 'Client #10', 'Round': 3, 'Results_raw': {'train_total': 12, 'train_f1': 0.481481, 'train_avg_loss': 1.421376, 'train_acc': 0.5, 'train_correct': 6.0, 'train_loss': 17.056517}}
2023-02-15 15:49:31,777 (client:306) INFO: {'Role': 'Client #3', 'Round': 3, 'Results_raw': {'train_total': 1192, 'train_f1': 0.496622, 'train_avg_loss': 0.058333, 'train_acc': 0.986577, 'train_correct': 1176.0, 'train_loss': 69.532846}}
2023-02-15 15:49:33,078 (client:306) INFO: {'Role': 'Client #8', 'Round': 3, 'Results_raw': {'train_total': 80, 'train_f1': 0.382464, 'train_avg_loss': 0.578268, 'train_acc': 0.8625, 'train_correct': 69.0, 'train_loss': 46.26143}}
2023-02-15 15:49:39,990 (client:306) INFO: {'Role': 'Client #5', 'Round': 3, 'Results_raw': {'train_total': 548, 'train_f1': 0.522746, 'train_avg_loss': 0.47905, 'train_acc': 0.813869, 'train_correct': 446.0, 'train_loss': 262.519494}}
2023-02-15 15:49:41,355 (client:306) INFO: {'Role': 'Client #7', 'Round': 3, 'Results_raw': {'train_total': 84, 'train_f1': 0.298246, 'train_avg_loss': 0.960036, 'train_acc': 0.809524, 'train_correct': 68.0, 'train_loss': 80.643001}}
2023-02-15 15:49:45,010 (client:306) INFO: {'Role': 'Client #6', 'Round': 3, 'Results_raw': {'train_total': 272, 'train_f1': 0.299595, 'train_avg_loss': 0.607952, 'train_acc': 0.816176, 'train_correct': 222.0, 'train_loss': 165.36298}}
2023-02-15 15:49:59,742 (client:306) INFO: {'Role': 'Client #2', 'Round': 3, 'Results_raw': {'train_total': 1160, 'train_f1': 0.33189, 'train_avg_loss': 0.038105, 'train_acc': 0.991379, 'train_correct': 1150.0, 'train_loss': 44.202196}}
2023-02-15 15:50:00,394 (client:306) INFO: {'Role': 'Client #1', 'Round': 3, 'Results_raw': {'train_total': 28, 'train_f1': 0.277778, 'train_avg_loss': 1.281146, 'train_acc': 0.714286, 'train_correct': 20.0, 'train_loss': 35.872098}}
2023-02-15 15:50:00,843 (client:306) INFO: {'Role': 'Client #4', 'Round': 3, 'Results_raw': {'train_total': 4, 'train_f1': 0.428571, 'train_avg_loss': 0.193506, 'train_acc': 0.75, 'train_correct': 3.0, 'train_loss': 0.774024}}
2023-02-15 15:50:00,893 (monitor:541) INFO: {'Role': 'Server #', 'Round': 3, 'Results_model_metric': {}}
2023-02-15 15:50:00,923 (server:330) INFO: Server: Starting evaluation at the end of round 3.
2023-02-15 15:50:00,937 (server:336) INFO: ----------- Starting a new training round (Round #4) -------------
2023-02-15 15:50:01,163 (context:294) WARNING: No val_data or val_loader in the trainer, will skip evaluation.If this is not the case you want, please check whether there is typo for the name
2023-02-15 15:50:01,361 (context:294) WARNING: No val_data or val_loader in the trainer, will skip evaluation.If this is not the case you want, please check whether there is typo for the name
2023-02-15 15:50:01,785 (context:294) WARNING: No val_data or val_loader in the trainer, will skip evaluation.If this is not the case you want, please check whether there is typo for the name
2023-02-15 15:50:02,573 (context:294) WARNING: No val_data or val_loader in the trainer, will skip evaluation.If this is not the case you want, please check whether there is typo for the name
2023-02-15 15:50:02,751 (context:294) WARNING: No val_data or val_loader in the trainer, will skip evaluation.If this is not the case you want, please check whether there is typo for the name
2023-02-15 15:50:03,070 (context:294) WARNING: No val_data or val_loader in the trainer, will skip evaluation.If this is not the case you want, please check whether there is typo for the name
2023-02-15 15:50:03,230 (context:294) WARNING: No val_data or val_loader in the trainer, will skip evaluation.If this is not the case you want, please check whether there is typo for the name
2023-02-15 15:50:03,384 (context:294) WARNING: No val_data or val_loader in the trainer, will skip evaluation.If this is not the case you want, please check whether there is typo for the name
2023-02-15 15:50:03,812 (context:294) WARNING: No val_data or val_loader in the trainer, will skip evaluation.If this is not the case you want, please check whether there is typo for the name
2023-02-15 15:50:03,985 (context:294) WARNING: No val_data or val_loader in the trainer, will skip evaluation.If this is not the case you want, please check whether there is typo for the name
2023-02-15 15:50:03,987 (server:590) INFO: {'Role': 'Server #', 'Round': 3, 'Results_weighted_avg': {'test_total': 22.0, 'test_f1': 0.397678, 'test_avg_loss': 1.038616, 'test_acc': 0.604545, 'test_correct': 13.3, 'test_loss': 28.952458}, 'Results_avg': {'test_total': 22.0, 'test_f1': 0.332867, 'test_avg_loss': 1.527336, 'test_acc': 0.431033, 'test_correct': 13.3, 'test_loss': 22.849548}, 'Results_fairness': {'test_total': 22.0, 'test_correct': 13.3, 'test_f1_std': 0.277757, 'test_f1_bottom_decile': 0.0, 'test_f1_top_decile': 1.0, 'test_f1_min': 0.0, 'test_f1_max': 1.0, 'test_f1_bottom10%': 0.0, 'test_f1_top10%': 1.0, 'test_f1_cos1': 0.767803, 'test_f1_entropy': 1.914375, 'test_avg_loss_std': 1.206704, 'test_avg_loss_bottom_decile': 0.323276, 'test_avg_loss_top_decile': 3.905074, 'test_avg_loss_min': 0.255973, 'test_avg_loss_max': 3.905074, 'test_avg_loss_bottom10%': 0.255973, 'test_avg_loss_top10%': 3.905074, 'test_avg_loss_cos1': 0.784655, 'test_avg_loss_entropy': 2.005008, 'test_acc_std': 0.348305, 'test_acc_bottom_decile': 0.0, 'test_acc_top_decile': 1.0, 'test_acc_min': 0.0, 'test_acc_max': 1.0, 'test_acc_bottom10%': 0.0, 'test_acc_top10%': 1.0, 'test_acc_cos1': 0.777798, 'test_acc_entropy': 1.90817, 'test_loss_std': 16.112086, 'test_loss_bottom_decile': 3.053522, 'test_loss_top_decile': 60.467857, 'test_loss_min': 2.815702, 'test_loss_max': 60.467857, 'test_loss_bottom10%': 2.815702, 'test_loss_top10%': 60.467857, 'test_loss_cos1': 0.817254, 'test_loss_entropy': 2.046553}}
2023-02-15 15:50:04,381 (client:306) INFO: {'Role': 'Client #4', 'Round': 4, 'Results_raw': {'train_total': 4, 'train_f1': 0.428571, 'train_avg_loss': 0.214662, 'train_acc': 0.75, 'train_correct': 3.0, 'train_loss': 0.858649}}
2023-02-15 15:50:05,020 (client:306) INFO: {'Role': 'Client #1', 'Round': 4, 'Results_raw': {'train_total': 28, 'train_f1': 0.251852, 'train_avg_loss': 1.567991, 'train_acc': 0.607143, 'train_correct': 17.0, 'train_loss': 43.90376}}
2023-02-15 15:50:08,644 (client:306) INFO: {'Role': 'Client #6', 'Round': 4, 'Results_raw': {'train_total': 272, 'train_f1': 0.360506, 'train_avg_loss': 0.553878, 'train_acc': 0.849265, 'train_correct': 231.0, 'train_loss': 150.654798}}
2023-02-15 15:50:09,942 (client:306) INFO: {'Role': 'Client #8', 'Round': 4, 'Results_raw': {'train_total': 80, 'train_f1': 0.426667, 'train_avg_loss': 0.515695, 'train_acc': 0.9, 'train_correct': 72.0, 'train_loss': 41.255568}}
2023-02-15 15:50:11,696 (client:306) INFO: {'Role': 'Client #9', 'Round': 4, 'Results_raw': {'train_total': 128, 'train_f1': 0.315353, 'train_avg_loss': 0.312222, 'train_acc': 0.890625, 'train_correct': 114.0, 'train_loss': 39.964458}}
2023-02-15 15:50:26,498 (client:306) INFO: {'Role': 'Client #2', 'Round': 4, 'Results_raw': {'train_total': 1160, 'train_f1': 0.330727, 'train_avg_loss': 0.043954, 'train_acc': 0.984483, 'train_correct': 1142.0, 'train_loss': 50.986143}}
2023-02-15 15:50:27,879 (client:306) INFO: {'Role': 'Client #7', 'Round': 4, 'Results_raw': {'train_total': 84, 'train_f1': 0.290828, 'train_avg_loss': 1.018679, 'train_acc': 0.77381, 'train_correct': 65.0, 'train_loss': 85.569066}}
2023-02-15 15:50:28,413 (client:306) INFO: {'Role': 'Client #10', 'Round': 4, 'Results_raw': {'train_total': 12, 'train_f1': 0.561111, 'train_avg_loss': 1.198946, 'train_acc': 0.583333, 'train_correct': 7.0, 'train_loss': 14.387356}}
2023-02-15 15:50:35,359 (client:306) INFO: {'Role': 'Client #5', 'Round': 4, 'Results_raw': {'train_total': 548, 'train_f1': 0.582237, 'train_avg_loss': 0.441481, 'train_acc': 0.854015, 'train_correct': 468.0, 'train_loss': 241.931465}}
2023-02-15 15:50:49,959 (client:306) INFO: {'Role': 'Client #3', 'Round': 4, 'Results_raw': {'train_total': 1192, 'train_f1': 0.498316, 'train_avg_loss': 0.050336, 'train_acc': 0.993289, 'train_correct': 1184.0, 'train_loss': 60.001081}}
2023-02-15 15:50:50,006 (monitor:541) INFO: {'Role': 'Server #', 'Round': 4, 'Results_model_metric': {}}
2023-02-15 15:50:50,036 (server:330) INFO: Server: Starting evaluation at the end of round 4.
2023-02-15 15:50:50,051 (server:336) INFO: ----------- Starting a new training round (Round #5) -------------
2023-02-15 15:50:50,275 (context:294) WARNING: No val_data or val_loader in the trainer, will skip evaluation.If this is not the case you want, please check whether there is typo for the name
2023-02-15 15:50:50,471 (context:294) WARNING: No val_data or val_loader in the trainer, will skip evaluation.If this is not the case you want, please check whether there is typo for the name
2023-02-15 15:50:50,894 (context:294) WARNING: No val_data or val_loader in the trainer, will skip evaluation.If this is not the case you want, please check whether there is typo for the name
2023-02-15 15:50:51,674 (context:294) WARNING: No val_data or val_loader in the trainer, will skip evaluation.If this is not the case you want, please check whether there is typo for the name
2023-02-15 15:50:51,848 (context:294) WARNING: No val_data or val_loader in the trainer, will skip evaluation.If this is not the case you want, please check whether there is typo for the name
2023-02-15 15:50:52,167 (context:294) WARNING: No val_data or val_loader in the trainer, will skip evaluation.If this is not the case you want, please check whether there is typo for the name
2023-02-15 15:50:52,324 (context:294) WARNING: No val_data or val_loader in the trainer, will skip evaluation.If this is not the case you want, please check whether there is typo for the name
2023-02-15 15:50:52,474 (context:294) WARNING: No val_data or val_loader in the trainer, will skip evaluation.If this is not the case you want, please check whether there is typo for the name
2023-02-15 15:50:52,904 (context:294) WARNING: No val_data or val_loader in the trainer, will skip evaluation.If this is not the case you want, please check whether there is typo for the name
2023-02-15 15:50:53,083 (context:294) WARNING: No val_data or val_loader in the trainer, will skip evaluation.If this is not the case you want, please check whether there is typo for the name
2023-02-15 15:50:53,085 (server:590) INFO: {'Role': 'Server #', 'Round': 4, 'Results_weighted_avg': {'test_total': 22.0, 'test_f1': 0.456285, 'test_avg_loss': 0.969275, 'test_acc': 0.627273, 'test_correct': 13.8, 'test_loss': 30.670849}, 'Results_avg': {'test_total': 22.0, 'test_f1': 0.418988, 'test_avg_loss': 1.34605, 'test_acc': 0.571792, 'test_correct': 13.8, 'test_loss': 21.32406}, 'Results_fairness': {'test_total': 22.0, 'test_correct': 13.8, 'test_f1_std': 0.212881, 'test_f1_bottom_decile': 0.231293, 'test_f1_top_decile': 0.828571, 'test_f1_min': 0.095238, 'test_f1_max': 0.828571, 'test_f1_bottom10%': 0.095238, 'test_f1_top10%': 0.828571, 'test_f1_cos1': 0.891526, 'test_f1_entropy': 2.170577, 'test_avg_loss_std': 1.144909, 'test_avg_loss_bottom_decile': 0.4736, 'test_avg_loss_top_decile': 3.742465, 'test_avg_loss_min': 0.444113, 'test_avg_loss_max': 3.742465, 'test_avg_loss_bottom10%': 0.444113, 'test_avg_loss_top10%': 3.742465, 'test_avg_loss_cos1': 0.761725, 'test_avg_loss_entropy': 1.985789, 'test_acc_std': 0.221412, 'test_acc_bottom_decile': 0.25, 'test_acc_top_decile': 0.833333, 'test_acc_min': 0.125, 'test_acc_max': 0.833333, 'test_acc_bottom10%': 0.125, 'test_acc_top10%': 0.833333, 'test_acc_cos1': 0.932528, 'test_acc_entropy': 2.211943, 'test_loss_std': 17.593515, 'test_loss_bottom_decile': 5.209599, 'test_loss_top_decile': 62.918159, 'test_loss_min': 2.664677, 'test_loss_max': 62.918159, 'test_loss_bottom10%': 2.664677, 'test_loss_top10%': 62.918159, 'test_loss_cos1': 0.771353, 'test_loss_entropy': 1.984771}}
2023-02-15 15:50:59,938 (client:306) INFO: {'Role': 'Client #5', 'Round': 5, 'Results_raw': {'train_total': 548, 'train_f1': 0.5318, 'train_avg_loss': 0.433329, 'train_acc': 0.863139, 'train_correct': 473.0, 'train_loss': 237.464381}}
2023-02-15 15:51:03,586 (client:306) INFO: {'Role': 'Client #6', 'Round': 5, 'Results_raw': {'train_total': 272, 'train_f1': 0.333595, 'train_avg_loss': 0.553323, 'train_acc': 0.841912, 'train_correct': 229.0, 'train_loss': 150.503962}}
2023-02-15 15:51:04,936 (client:306) INFO: {'Role': 'Client #7', 'Round': 5, 'Results_raw': {'train_total': 84, 'train_f1': 0.288288, 'train_avg_loss': 0.999423, 'train_acc': 0.761905, 'train_correct': 64.0, 'train_loss': 83.951553}}
2023-02-15 15:51:06,669 (client:306) INFO: {'Role': 'Client #9', 'Round': 5, 'Results_raw': {'train_total': 128, 'train_f1': 0.318367, 'train_avg_loss': 0.23138, 'train_acc': 0.914062, 'train_correct': 117.0, 'train_loss': 29.616704}}
2023-02-15 15:51:07,949 (client:306) INFO: {'Role': 'Client #8', 'Round': 5, 'Results_raw': {'train_total': 80, 'train_f1': 0.368652, 'train_avg_loss': 0.511447, 'train_acc': 0.85, 'train_correct': 68.0, 'train_loss': 40.915747}}
2023-02-15 15:51:22,630 (client:306) INFO: {'Role': 'Client #2', 'Round': 5, 'Results_raw': {'train_total': 1160, 'train_f1': 0.332325, 'train_avg_loss': 0.034974, 'train_acc': 0.993966, 'train_correct': 1153.0, 'train_loss': 40.569908}}
2023-02-15 15:51:23,142 (client:306) INFO: {'Role': 'Client #10', 'Round': 5, 'Results_raw': {'train_total': 12, 'train_f1': 0.485714, 'train_avg_loss': 1.156238, 'train_acc': 0.5, 'train_correct': 6.0, 'train_loss': 13.874858}}
2023-02-15 15:51:37,684 (client:306) INFO: {'Role': 'Client #3', 'Round': 5, 'Results_raw': {'train_total': 1192, 'train_f1': 0.49747, 'train_avg_loss': 0.052677, 'train_acc': 0.989933, 'train_correct': 1180.0, 'train_loss': 62.790519}}
2023-02-15 15:51:38,339 (client:306) INFO: {'Role': 'Client #1', 'Round': 5, 'Results_raw': {'train_total': 28, 'train_f1': 0.269504, 'train_avg_loss': 1.404149, 'train_acc': 0.678571, 'train_correct': 19.0, 'train_loss': 39.316177}}
2023-02-15 15:51:38,782 (client:306) INFO: {'Role': 'Client #4', 'Round': 5, 'Results_raw': {'train_total': 4, 'train_f1': 1.0, 'train_avg_loss': 0.064783, 'train_acc': 1.0, 'train_correct': 4.0, 'train_loss': 0.259133}}
2023-02-15 15:51:38,828 (monitor:541) INFO: {'Role': 'Server #', 'Round': 5, 'Results_model_metric': {}}
2023-02-15 15:51:38,857 (server:330) INFO: Server: Starting evaluation at the end of round 5.
2023-02-15 15:51:38,871 (server:336) INFO: ----------- Starting a new training round (Round #6) -------------
2023-02-15 15:51:39,096 (context:294) WARNING: No val_data or val_loader in the trainer, will skip evaluation.If this is not the case you want, please check whether there is typo for the name
2023-02-15 15:51:39,293 (context:294) WARNING: No val_data or val_loader in the trainer, will skip evaluation.If this is not the case you want, please check whether there is typo for the name
2023-02-15 15:51:39,711 (context:294) WARNING: No val_data or val_loader in the trainer, will skip evaluation.If this is not the case you want, please check whether there is typo for the name
2023-02-15 15:51:40,484 (context:294) WARNING: No val_data or val_loader in the trainer, will skip evaluation.If this is not the case you want, please check whether there is typo for the name
2023-02-15 15:51:40,656 (context:294) WARNING: No val_data or val_loader in the trainer, will skip evaluation.If this is not the case you want, please check whether there is typo for the name
2023-02-15 15:51:40,969 (context:294) WARNING: No val_data or val_loader in the trainer, will skip evaluation.If this is not the case you want, please check whether there is typo for the name
2023-02-15 15:51:41,126 (context:294) WARNING: No val_data or val_loader in the trainer, will skip evaluation.If this is not the case you want, please check whether there is typo for the name
2023-02-15 15:51:41,275 (context:294) WARNING: No val_data or val_loader in the trainer, will skip evaluation.If this is not the case you want, please check whether there is typo for the name
2023-02-15 15:51:41,700 (context:294) WARNING: No val_data or val_loader in the trainer, will skip evaluation.If this is not the case you want, please check whether there is typo for the name
2023-02-15 15:51:41,872 (context:294) WARNING: No val_data or val_loader in the trainer, will skip evaluation.If this is not the case you want, please check whether there is typo for the name
2023-02-15 15:51:41,874 (server:590) INFO: {'Role': 'Server #', 'Round': 5, 'Results_weighted_avg': {'test_total': 22.0, 'test_f1': 0.467449, 'test_avg_loss': 0.938524, 'test_acc': 0.622727, 'test_correct': 13.7, 'test_loss': 30.615405}, 'Results_avg': {'test_total': 22.0, 'test_f1': 0.422209, 'test_avg_loss': 1.283298, 'test_acc': 0.572785, 'test_correct': 13.7, 'test_loss': 20.647527}, 'Results_fairness': {'test_total': 22.0, 'test_correct': 13.7, 'test_f1_std': 0.213032, 'test_f1_bottom_decile': 0.222222, 'test_f1_top_decile': 0.828571, 'test_f1_min': 0.111111, 'test_f1_max': 0.828571, 'test_f1_bottom10%': 0.111111, 'test_f1_top10%': 0.828571, 'test_f1_cos1': 0.892791, 'test_f1_entropy': 2.174117, 'test_avg_loss_std': 1.073441, 'test_avg_loss_bottom_decile': 0.519819, 'test_avg_loss_top_decile': 3.564057, 'test_avg_loss_min': 0.479126, 'test_avg_loss_max': 3.564057, 'test_avg_loss_bottom10%': 0.479126, 'test_avg_loss_top10%': 3.564057, 'test_avg_loss_cos1': 0.767037, 'test_avg_loss_entropy': 2.000063, 'test_acc_std': 0.217595, 'test_acc_bottom_decile': 0.25, 'test_acc_top_decile': 0.833333, 'test_acc_min': 0.125, 'test_acc_max': 0.833333, 'test_acc_bottom10%': 0.125, 'test_acc_top10%': 0.833333, 'test_acc_cos1': 0.934818, 'test_acc_entropy': 2.213954, 'test_loss_std': 17.277552, 'test_loss_bottom_decile': 5.774208, 'test_loss_top_decile': 60.310605, 'test_loss_min': 3.141422, 'test_loss_max': 60.310605, 'test_loss_bottom10%': 3.141422, 'test_loss_top10%': 60.310605, 'test_loss_cos1': 0.766918, 'test_loss_entropy': 1.978783}}
2023-02-15 15:51:43,192 (client:306) INFO: {'Role': 'Client #7', 'Round': 6, 'Results_raw': {'train_total': 84, 'train_f1': 0.298246, 'train_avg_loss': 0.892732, 'train_acc': 0.809524, 'train_correct': 68.0, 'train_loss': 74.989473}}
2023-02-15 15:51:43,701 (client:306) INFO: {'Role': 'Client #10', 'Round': 6, 'Results_raw': {'train_total': 12, 'train_f1': 0.647619, 'train_avg_loss': 1.079848, 'train_acc': 0.666667, 'train_correct': 8.0, 'train_loss': 12.958173}}
2023-02-15 15:51:58,265 (client:306) INFO: {'Role': 'Client #3', 'Round': 6, 'Results_raw': {'train_total': 1192, 'train_f1': 0.497046, 'train_avg_loss': 0.052912, 'train_acc': 0.988255, 'train_correct': 1178.0, 'train_loss': 63.071338}}
2023-02-15 15:51:59,557 (client:306) INFO: {'Role': 'Client #8', 'Round': 6, 'Results_raw': {'train_total': 80, 'train_f1': 0.313199, 'train_avg_loss': 0.49629, 'train_acc': 0.875, 'train_correct': 70.0, 'train_loss': 39.703235}}
2023-02-15 15:52:03,225 (client:306) INFO: {'Role': 'Client #6', 'Round': 6, 'Results_raw': {'train_total': 272, 'train_f1': 0.350239, 'train_avg_loss': 0.52023, 'train_acc': 0.875, 'train_correct': 238.0, 'train_loss': 141.502499}}
2023-02-15 15:52:04,965 (client:306) INFO: {'Role': 'Client #9', 'Round': 6, 'Results_raw': {'train_total': 128, 'train_f1': 0.322581, 'train_avg_loss': 0.2202, 'train_acc': 0.9375, 'train_correct': 120.0, 'train_loss': 28.185632}}
2023-02-15 15:52:05,609 (client:306) INFO: {'Role': 'Client #1', 'Round': 6, 'Results_raw': {'train_total': 28, 'train_f1': 0.26087, 'train_avg_loss': 1.336322, 'train_acc': 0.642857, 'train_correct': 18.0, 'train_loss': 37.417028}}
2023-02-15 15:52:20,219 (client:306) INFO: {'Role': 'Client #2', 'Round': 6, 'Results_raw': {'train_total': 1160, 'train_f1': 0.33218, 'train_avg_loss': 0.037387, 'train_acc': 0.993103, 'train_correct': 1152.0, 'train_loss': 43.368847}}
2023-02-15 15:52:20,660 (client:306) INFO: {'Role': 'Client #4', 'Round': 6, 'Results_raw': {'train_total': 4, 'train_f1': 1.0, 'train_avg_loss': 0.058648, 'train_acc': 1.0, 'train_correct': 4.0, 'train_loss': 0.234591}}
2023-02-15 15:52:27,682 (client:306) INFO: {'Role': 'Client #5', 'Round': 6, 'Results_raw': {'train_total': 548, 'train_f1': 0.570792, 'train_avg_loss': 0.428246, 'train_acc': 0.841241, 'train_correct': 461.0, 'train_loss': 234.678907}}
2023-02-15 15:52:27,728 (monitor:541) INFO: {'Role': 'Server #', 'Round': 6, 'Results_model_metric': {}}
2023-02-15 15:52:27,757 (server:330) INFO: Server: Starting evaluation at the end of round 6.
2023-02-15 15:52:27,771 (server:336) INFO: ----------- Starting a new training round (Round #7) -------------
2023-02-15 15:52:27,992 (context:294) WARNING: No val_data or val_loader in the trainer, will skip evaluation.If this is not the case you want, please check whether there is typo for the name
2023-02-15 15:52:28,189 (context:294) WARNING: No val_data or val_loader in the trainer, will skip evaluation.If this is not the case you want, please check whether there is typo for the name
2023-02-15 15:52:28,605 (context:294) WARNING: No val_data or val_loader in the trainer, will skip evaluation.If this is not the case you want, please check whether there is typo for the name
2023-02-15 15:52:29,378 (context:294) WARNING: No val_data or val_loader in the trainer, will skip evaluation.If this is not the case you want, please check whether there is typo for the name
2023-02-15 15:52:29,552 (context:294) WARNING: No val_data or val_loader in the trainer, will skip evaluation.If this is not the case you want, please check whether there is typo for the name
2023-02-15 15:52:29,868 (context:294) WARNING: No val_data or val_loader in the trainer, will skip evaluation.If this is not the case you want, please check whether there is typo for the name
2023-02-15 15:52:30,027 (context:294) WARNING: No val_data or val_loader in the trainer, will skip evaluation.If this is not the case you want, please check whether there is typo for the name
2023-02-15 15:52:30,179 (context:294) WARNING: No val_data or val_loader in the trainer, will skip evaluation.If this is not the case you want, please check whether there is typo for the name
2023-02-15 15:52:30,608 (context:294) WARNING: No val_data or val_loader in the trainer, will skip evaluation.If this is not the case you want, please check whether there is typo for the name
2023-02-15 15:52:30,783 (context:294) WARNING: No val_data or val_loader in the trainer, will skip evaluation.If this is not the case you want, please check whether there is typo for the name
2023-02-15 15:52:30,785 (server:590) INFO: {'Role': 'Server #', 'Round': 6, 'Results_weighted_avg': {'test_total': 22.0, 'test_f1': 0.4361, 'test_avg_loss': 1.030896, 'test_acc': 0.572727, 'test_correct': 12.6, 'test_loss': 37.869224}, 'Results_avg': {'test_total': 22.0, 'test_f1': 0.395094, 'test_avg_loss': 1.310663, 'test_acc': 0.550298, 'test_correct': 12.6, 'test_loss': 22.679716}, 'Results_fairness': {'test_total': 22.0, 'test_correct': 12.6, 'test_f1_std': 0.194075, 'test_f1_bottom_decile': 0.205128, 'test_f1_top_decile': 0.732143, 'test_f1_min': 0.074074, 'test_f1_max': 0.732143, 'test_f1_bottom10%': 0.074074, 'test_f1_top10%': 0.732143, 'test_f1_cos1': 0.897559, 'test_f1_entropy': 2.172583, 'test_avg_loss_std': 1.106767, 'test_avg_loss_bottom_decile': 0.363224, 'test_avg_loss_top_decile': 3.640375, 'test_avg_loss_min': 0.356386, 'test_avg_loss_max': 3.640375, 'test_avg_loss_bottom10%': 0.356386, 'test_avg_loss_top10%': 3.640375, 'test_avg_loss_cos1': 0.764034, 'test_avg_loss_entropy': 1.985516, 'test_acc_std': 0.235125, 'test_acc_bottom_decile': 0.342857, 'test_acc_top_decile': 0.916667, 'test_acc_min': 0.125, 'test_acc_max': 0.916667, 'test_acc_bottom10%': 0.125, 'test_acc_top10%': 0.916667, 'test_acc_cos1': 0.919578, 'test_acc_entropy': 2.201209, 'test_loss_std': 22.319781, 'test_loss_bottom_decile': 4.358683, 'test_loss_top_decile': 68.175969, 'test_loss_min': 3.654793, 'test_loss_max': 68.175969, 'test_loss_bottom10%': 3.654793, 'test_loss_top10%': 68.175969, 'test_loss_cos1': 0.71274, 'test_loss_entropy': 1.8744}}
2023-02-15 15:52:31,388 (client:306) INFO: {'Role': 'Client #1', 'Round': 7, 'Results_raw': {'train_total': 28, 'train_f1': 0.242424, 'train_avg_loss': 1.426158, 'train_acc': 0.571429, 'train_correct': 16.0, 'train_loss': 39.932428}}
2023-02-15 15:52:31,899 (client:306) INFO: {'Role': 'Client #10', 'Round': 7, 'Results_raw': {'train_total': 12, 'train_f1': 0.625758, 'train_avg_loss': 1.044558, 'train_acc': 0.666667, 'train_correct': 8.0, 'train_loss': 12.534696}}
2023-02-15 15:52:35,531 (client:306) INFO: {'Role': 'Client #6', 'Round': 7, 'Results_raw': {'train_total': 272, 'train_f1': 0.380315, 'train_avg_loss': 0.512009, 'train_acc': 0.867647, 'train_correct': 236.0, 'train_loss': 139.26641}}
2023-02-15 15:52:50,068 (client:306) INFO: {'Role': 'Client #3', 'Round': 7, 'Results_raw': {'train_total': 1192, 'train_f1': 0.495983, 'train_avg_loss': 0.060712, 'train_acc': 0.98406, 'train_correct': 1173.0, 'train_loss': 72.369031}}
2023-02-15 15:52:51,363 (client:306) INFO: {'Role': 'Client #8', 'Round': 7, 'Results_raw': {'train_total': 80, 'train_f1': 0.300926, 'train_avg_loss': 0.551236, 'train_acc': 0.8125, 'train_correct': 65.0, 'train_loss': 44.098889}}
2023-02-15 15:52:52,723 (client:306) INFO: {'Role': 'Client #7', 'Round': 7, 'Results_raw': {'train_total': 84, 'train_f1': 0.290828, 'train_avg_loss': 0.943409, 'train_acc': 0.77381, 'train_correct': 65.0, 'train_loss': 79.246321}}
2023-02-15 15:52:54,471 (client:306) INFO: {'Role': 'Client #9', 'Round': 7, 'Results_raw': {'train_total': 128, 'train_f1': 0.458602, 'train_avg_loss': 0.183318, 'train_acc': 0.953125, 'train_correct': 122.0, 'train_loss': 23.464711}}
2023-02-15 15:52:54,915 (client:306) INFO: {'Role': 'Client #4', 'Round': 7, 'Results_raw': {'train_total': 4, 'train_f1': 1.0, 'train_avg_loss': 0.05318, 'train_acc': 1.0, 'train_correct': 4.0, 'train_loss': 0.21272}}
2023-02-15 15:53:09,705 (client:306) INFO: {'Role': 'Client #2', 'Round': 7, 'Results_raw': {'train_total': 1160, 'train_f1': 0.332325, 'train_avg_loss': 0.031935, 'train_acc': 0.993966, 'train_correct': 1153.0, 'train_loss': 37.045118}}
2023-02-15 15:53:16,645 (client:306) INFO: {'Role': 'Client #5', 'Round': 7, 'Results_raw': {'train_total': 548, 'train_f1': 0.605901, 'train_avg_loss': 0.376322, 'train_acc': 0.857664, 'train_correct': 470.0, 'train_loss': 206.224653}}
2023-02-15 15:53:16,692 (monitor:541) INFO: {'Role': 'Server #', 'Round': 7, 'Results_model_metric': {}}
2023-02-15 15:53:16,721 (server:330) INFO: Server: Starting evaluation at the end of round 7.
2023-02-15 15:53:16,736 (server:336) INFO: ----------- Starting a new training round (Round #8) -------------
2023-02-15 15:53:16,959 (context:294) WARNING: No val_data or val_loader in the trainer, will skip evaluation.If this is not the case you want, please check whether there is typo for the name
2023-02-15 15:53:17,156 (context:294) WARNING: No val_data or val_loader in the trainer, will skip evaluation.If this is not the case you want, please check whether there is typo for the name
2023-02-15 15:53:17,574 (context:294) WARNING: No val_data or val_loader in the trainer, will skip evaluation.If this is not the case you want, please check whether there is typo for the name
2023-02-15 15:53:18,348 (context:294) WARNING: No val_data or val_loader in the trainer, will skip evaluation.If this is not the case you want, please check whether there is typo for the name
2023-02-15 15:53:18,525 (context:294) WARNING: No val_data or val_loader in the trainer, will skip evaluation.If this is not the case you want, please check whether there is typo for the name
2023-02-15 15:53:18,840 (context:294) WARNING: No val_data or val_loader in the trainer, will skip evaluation.If this is not the case you want, please check whether there is typo for the name
2023-02-15 15:53:18,999 (context:294) WARNING: No val_data or val_loader in the trainer, will skip evaluation.If this is not the case you want, please check whether there is typo for the name
2023-02-15 15:53:19,151 (context:294) WARNING: No val_data or val_loader in the trainer, will skip evaluation.If this is not the case you want, please check whether there is typo for the name
2023-02-15 15:53:19,580 (context:294) WARNING: No val_data or val_loader in the trainer, will skip evaluation.If this is not the case you want, please check whether there is typo for the name
2023-02-15 15:53:19,754 (context:294) WARNING: No val_data or val_loader in the trainer, will skip evaluation.If this is not the case you want, please check whether there is typo for the name
2023-02-15 15:53:19,756 (server:590) INFO: {'Role': 'Server #', 'Round': 7, 'Results_weighted_avg': {'test_total': 22.0, 'test_f1': 0.487186, 'test_avg_loss': 0.912167, 'test_acc': 0.654545, 'test_correct': 14.4, 'test_loss': 28.73356}, 'Results_avg': {'test_total': 22.0, 'test_f1': 0.44859, 'test_avg_loss': 1.268693, 'test_acc': 0.604054, 'test_correct': 14.4, 'test_loss': 20.067663}, 'Results_fairness': {'test_total': 22.0, 'test_correct': 14.4, 'test_f1_std': 0.19408, 'test_f1_bottom_decile': 0.244444, 'test_f1_top_decile': 0.828571, 'test_f1_min': 0.222222, 'test_f1_max': 0.828571, 'test_f1_bottom10%': 0.222222, 'test_f1_top10%': 0.828571, 'test_f1_cos1': 0.917786, 'test_f1_entropy': 2.211841, 'test_avg_loss_std': 1.083558, 'test_avg_loss_bottom_decile': 0.434437, 'test_avg_loss_top_decile': 3.502803, 'test_avg_loss_min': 0.421594, 'test_avg_loss_max': 3.502803, 'test_avg_loss_bottom10%': 0.421594, 'test_avg_loss_top10%': 3.502803, 'test_avg_loss_cos1': 0.760408, 'test_avg_loss_entropy': 1.981514, 'test_acc_std': 0.216546, 'test_acc_bottom_decile': 0.25, 'test_acc_top_decile': 0.909091, 'test_acc_min': 0.25, 'test_acc_max': 0.909091, 'test_acc_bottom10%': 0.25, 'test_acc_top10%': 0.909091, 'test_acc_cos1': 0.94134, 'test_acc_entropy': 2.231184, 'test_loss_std': 16.579304, 'test_loss_bottom_decile': 4.778806, 'test_loss_top_decile': 59.359713, 'test_loss_min': 2.529563, 'test_loss_max': 59.359713, 'test_loss_bottom10%': 2.529563, 'test_loss_top10%': 59.359713, 'test_loss_cos1': 0.77093, 'test_loss_entropy': 1.982551}}
2023-02-15 15:53:34,245 (client:306) INFO: {'Role': 'Client #3', 'Round': 8, 'Results_raw': {'train_total': 1192, 'train_f1': 0.581225, 'train_avg_loss': 0.043013, 'train_acc': 0.991611, 'train_correct': 1182.0, 'train_loss': 51.271237}}
2023-02-15 15:53:35,605 (client:306) INFO: {'Role': 'Client #7', 'Round': 8, 'Results_raw': {'train_total': 84, 'train_f1': 0.293333, 'train_avg_loss': 0.940579, 'train_acc': 0.785714, 'train_correct': 66.0, 'train_loss': 79.008641}}
2023-02-15 15:53:50,413 (client:306) INFO: {'Role': 'Client #2', 'Round': 8, 'Results_raw': {'train_total': 1160, 'train_f1': 0.332035, 'train_avg_loss': 0.030968, 'train_acc': 0.992241, 'train_correct': 1151.0, 'train_loss': 35.922892}}
2023-02-15 15:53:52,184 (client:306) INFO: {'Role': 'Client #9', 'Round': 8, 'Results_raw': {'train_total': 128, 'train_f1': 0.31694, 'train_avg_loss': 0.248811, 'train_acc': 0.90625, 'train_correct': 116.0, 'train_loss': 31.84779}}
2023-02-15 15:53:53,489 (client:306) INFO: {'Role': 'Client #8', 'Round': 8, 'Results_raw': {'train_total': 80, 'train_f1': 0.448649, 'train_avg_loss': 0.497838, 'train_acc': 0.8875, 'train_correct': 71.0, 'train_loss': 39.827054}}
2023-02-15 15:53:54,003 (client:306) INFO: {'Role': 'Client #10', 'Round': 8, 'Results_raw': {'train_total': 12, 'train_f1': 0.738889, 'train_avg_loss': 0.958178, 'train_acc': 0.75, 'train_correct': 9.0, 'train_loss': 11.498133}}
2023-02-15 15:54:00,937 (client:306) INFO: {'Role': 'Client #5', 'Round': 8, 'Results_raw': {'train_total': 548, 'train_f1': 0.617969, 'train_avg_loss': 0.378984, 'train_acc': 0.863139, 'train_correct': 473.0, 'train_loss': 207.683177}}
2023-02-15 15:54:01,393 (client:306) INFO: {'Role': 'Client #4', 'Round': 8, 'Results_raw': {'train_total': 4, 'train_f1': 1.0, 'train_avg_loss': 0.084675, 'train_acc': 1.0, 'train_correct': 4.0, 'train_loss': 0.3387}}
2023-02-15 15:54:02,062 (client:306) INFO: {'Role': 'Client #1', 'Round': 8, 'Results_raw': {'train_total': 28, 'train_f1': 0.26087, 'train_avg_loss': 1.320391, 'train_acc': 0.642857, 'train_correct': 18.0, 'train_loss': 36.970943}}
2023-02-15 15:54:05,719 (client:306) INFO: {'Role': 'Client #6', 'Round': 8, 'Results_raw': {'train_total': 272, 'train_f1': 0.335266, 'train_avg_loss': 0.53207, 'train_acc': 0.856618, 'train_correct': 233.0, 'train_loss': 144.723171}}
2023-02-15 15:54:05,764 (monitor:541) INFO: {'Role': 'Server #', 'Round': 8, 'Results_model_metric': {}}
2023-02-15 15:54:05,794 (server:330) INFO: Server: Starting evaluation at the end of round 8.
2023-02-15 15:54:05,808 (server:336) INFO: ----------- Starting a new training round (Round #9) -------------
2023-02-15 15:54:06,031 (context:294) WARNING: No val_data or val_loader in the trainer, will skip evaluation.If this is not the case you want, please check whether there is typo for the name
2023-02-15 15:54:06,225 (context:294) WARNING: No val_data or val_loader in the trainer, will skip evaluation.If this is not the case you want, please check whether there is typo for the name
2023-02-15 15:54:06,643 (context:294) WARNING: No val_data or val_loader in the trainer, will skip evaluation.If this is not the case you want, please check whether there is typo for the name
2023-02-15 15:54:07,411 (context:294) WARNING: No val_data or val_loader in the trainer, will skip evaluation.If this is not the case you want, please check whether there is typo for the name
2023-02-15 15:54:07,583 (context:294) WARNING: No val_data or val_loader in the trainer, will skip evaluation.If this is not the case you want, please check whether there is typo for the name
2023-02-15 15:54:07,897 (context:294) WARNING: No val_data or val_loader in the trainer, will skip evaluation.If this is not the case you want, please check whether there is typo for the name
2023-02-15 15:54:08,053 (context:294) WARNING: No val_data or val_loader in the trainer, will skip evaluation.If this is not the case you want, please check whether there is typo for the name
2023-02-15 15:54:08,202 (context:294) WARNING: No val_data or val_loader in the trainer, will skip evaluation.If this is not the case you want, please check whether there is typo for the name
2023-02-15 15:54:08,628 (context:294) WARNING: No val_data or val_loader in the trainer, will skip evaluation.If this is not the case you want, please check whether there is typo for the name
2023-02-15 15:54:08,802 (context:294) WARNING: No val_data or val_loader in the trainer, will skip evaluation.If this is not the case you want, please check whether there is typo for the name
2023-02-15 15:54:08,804 (server:590) INFO: {'Role': 'Server #', 'Round': 8, 'Results_weighted_avg': {'test_total': 22.0, 'test_f1': 0.487501, 'test_avg_loss': 0.874639, 'test_acc': 0.677273, 'test_correct': 14.9, 'test_loss': 27.095859}, 'Results_avg': {'test_total': 22.0, 'test_f1': 0.44744, 'test_avg_loss': 1.232346, 'test_acc': 0.608188, 'test_correct': 14.9, 'test_loss': 19.242068}, 'Results_fairness': {'test_total': 22.0, 'test_correct': 14.9, 'test_f1_std': 0.191914, 'test_f1_bottom_decile': 0.248366, 'test_f1_top_decile': 0.828571, 'test_f1_min': 0.244444, 'test_f1_max': 0.828571, 'test_f1_bottom10%': 0.244444, 'test_f1_top10%': 0.828571, 'test_f1_cos1': 0.919031, 'test_f1_entropy': 2.214572, 'test_avg_loss_std': 1.041056, 'test_avg_loss_bottom_decile': 0.413864, 'test_avg_loss_top_decile': 3.324292, 'test_avg_loss_min': 0.40234, 'test_avg_loss_max': 3.324292, 'test_avg_loss_bottom10%': 0.40234, 'test_avg_loss_top10%': 3.324292, 'test_avg_loss_cos1': 0.763905, 'test_avg_loss_entropy': 1.986212, 'test_acc_std': 0.214843, 'test_acc_bottom_decile': 0.25, 'test_acc_top_decile': 0.909091, 'test_acc_min': 0.25, 'test_acc_max': 0.909091, 'test_acc_bottom10%': 0.25, 'test_acc_top10%': 0.909091, 'test_acc_cos1': 0.942898, 'test_acc_entropy': 2.233148, 'test_loss_std': 15.450037, 'test_loss_bottom_decile': 4.425741, 'test_loss_top_decile': 55.854785, 'test_loss_min': 2.494558, 'test_loss_max': 55.854785, 'test_loss_bottom10%': 2.494558, 'test_loss_top10%': 55.854785, 'test_loss_cos1': 0.779753, 'test_loss_entropy': 1.997211}}
2023-02-15 15:54:10,517 (client:306) INFO: {'Role': 'Client #9', 'Round': 9, 'Results_raw': {'train_total': 128, 'train_f1': 0.322581, 'train_avg_loss': 0.202359, 'train_acc': 0.9375, 'train_correct': 120.0, 'train_loss': 25.901963}}
2023-02-15 15:54:14,173 (client:306) INFO: {'Role': 'Client #6', 'Round': 9, 'Results_raw': {'train_total': 272, 'train_f1': 0.384831, 'train_avg_loss': 0.474651, 'train_acc': 0.871324, 'train_correct': 237.0, 'train_loss': 129.10499}}
2023-02-15 15:54:28,902 (client:306) INFO: {'Role': 'Client #2', 'Round': 9, 'Results_raw': {'train_total': 1160, 'train_f1': 0.332325, 'train_avg_loss': 0.027338, 'train_acc': 0.993966, 'train_correct': 1153.0, 'train_loss': 31.712034}}
2023-02-15 15:54:30,262 (client:306) INFO: {'Role': 'Client #7', 'Round': 9, 'Results_raw': {'train_total': 84, 'train_f1': 0.293333, 'train_avg_loss': 0.848452, 'train_acc': 0.785714, 'train_correct': 66.0, 'train_loss': 71.269946}}
2023-02-15 15:54:30,783 (client:306) INFO: {'Role': 'Client #10', 'Round': 9, 'Results_raw': {'train_total': 12, 'train_f1': 0.750361, 'train_avg_loss': 0.809185, 'train_acc': 0.75, 'train_correct': 9.0, 'train_loss': 9.710218}}
2023-02-15 15:54:31,431 (client:306) INFO: {'Role': 'Client #1', 'Round': 9, 'Results_raw': {'train_total': 28, 'train_f1': 0.277778, 'train_avg_loss': 1.240878, 'train_acc': 0.714286, 'train_correct': 20.0, 'train_loss': 34.74457}}
2023-02-15 15:54:38,519 (client:306) INFO: {'Role': 'Client #5', 'Round': 9, 'Results_raw': {'train_total': 548, 'train_f1': 0.606542, 'train_avg_loss': 0.350982, 'train_acc': 0.85219, 'train_correct': 467.0, 'train_loss': 192.338182}}
2023-02-15 15:54:39,814 (client:306) INFO: {'Role': 'Client #8', 'Round': 9, 'Results_raw': {'train_total': 80, 'train_f1': 0.403284, 'train_avg_loss': 0.465267, 'train_acc': 0.85, 'train_correct': 68.0, 'train_loss': 37.221329}}
2023-02-15 15:54:54,397 (client:306) INFO: {'Role': 'Client #3', 'Round': 9, 'Results_raw': {'train_total': 1192, 'train_f1': 0.497682, 'train_avg_loss': 0.041066, 'train_acc': 0.990772, 'train_correct': 1181.0, 'train_loss': 48.95046}}
2023-02-15 15:54:54,847 (client:306) INFO: {'Role': 'Client #4', 'Round': 9, 'Results_raw': {'train_total': 4, 'train_f1': 1.0, 'train_avg_loss': 0.081486, 'train_acc': 1.0, 'train_correct': 4.0, 'train_loss': 0.325943}}
2023-02-15 15:54:54,892 (monitor:541) INFO: {'Role': 'Server #', 'Round': 9, 'Results_model_metric': {}}
2023-02-15 15:54:54,922 (server:347) INFO: Server: Training is finished! Starting evaluation.
2023-02-15 15:54:55,144 (context:294) WARNING: No val_data or val_loader in the trainer, will skip evaluation.If this is not the case you want, please check whether there is typo for the name
2023-02-15 15:54:55,353 (context:294) WARNING: No val_data or val_loader in the trainer, will skip evaluation.If this is not the case you want, please check whether there is typo for the name
2023-02-15 15:54:55,812 (context:294) WARNING: No val_data or val_loader in the trainer, will skip evaluation.If this is not the case you want, please check whether there is typo for the name
2023-02-15 15:54:56,614 (context:294) WARNING: No val_data or val_loader in the trainer, will skip evaluation.If this is not the case you want, please check whether there is typo for the name
2023-02-15 15:54:56,811 (context:294) WARNING: No val_data or val_loader in the trainer, will skip evaluation.If this is not the case you want, please check whether there is typo for the name
2023-02-15 15:54:57,150 (context:294) WARNING: No val_data or val_loader in the trainer, will skip evaluation.If this is not the case you want, please check whether there is typo for the name
2023-02-15 15:54:57,331 (context:294) WARNING: No val_data or val_loader in the trainer, will skip evaluation.If this is not the case you want, please check whether there is typo for the name
2023-02-15 15:54:57,504 (context:294) WARNING: No val_data or val_loader in the trainer, will skip evaluation.If this is not the case you want, please check whether there is typo for the name
2023-02-15 15:54:57,955 (context:294) WARNING: No val_data or val_loader in the trainer, will skip evaluation.If this is not the case you want, please check whether there is typo for the name
2023-02-15 15:54:58,151 (context:294) WARNING: No val_data or val_loader in the trainer, will skip evaluation.If this is not the case you want, please check whether there is typo for the name
2023-02-15 15:54:58,152 (server:590) INFO: {'Role': 'Server #', 'Round': 9, 'Results_weighted_avg': {'test_total': 22.0, 'test_f1': 0.47503, 'test_avg_loss': 0.925186, 'test_acc': 0.604545, 'test_correct': 13.3, 'test_loss': 32.574475}, 'Results_avg': {'test_total': 22.0, 'test_f1': 0.427248, 'test_avg_loss': 1.202001, 'test_acc': 0.574601, 'test_correct': 13.3, 'test_loss': 20.354095}, 'Results_fairness': {'test_total': 22.0, 'test_correct': 13.3, 'test_f1_std': 0.227744, 'test_f1_bottom_decile': 0.216667, 'test_f1_top_decile': 0.828571, 'test_f1_min': 0.083333, 'test_f1_max': 0.828571, 'test_f1_bottom10%': 0.083333, 'test_f1_top10%': 0.828571, 'test_f1_cos1': 0.882458, 'test_f1_entropy': 2.155425, 'test_avg_loss_std': 1.059479, 'test_avg_loss_bottom_decile': 0.373661, 'test_avg_loss_top_decile': 3.403576, 'test_avg_loss_min': 0.354749, 'test_avg_loss_max': 3.403576, 'test_avg_loss_bottom10%': 0.354749, 'test_avg_loss_top10%': 3.403576, 'test_avg_loss_cos1': 0.750182, 'test_avg_loss_entropy': 1.964093, 'test_acc_std': 0.2464, 'test_acc_bottom_decile': 0.25, 'test_acc_top_decile': 0.916667, 'test_acc_min': 0.125, 'test_acc_max': 0.916667, 'test_acc_bottom10%': 0.125, 'test_acc_top10%': 0.916667, 'test_acc_cos1': 0.919062, 'test_acc_entropy': 2.196184, 'test_loss_std': 18.95027, 'test_loss_bottom_decile': 4.256989, 'test_loss_top_decile': 60.684085, 'test_loss_min': 2.38151, 'test_loss_max': 60.684085, 'test_loss_bottom10%': 2.38151, 'test_loss_top10%': 60.684085, 'test_loss_cos1': 0.731896, 'test_loss_entropy': 1.904862}}
2023-02-15 15:54:58,154 (server:395) INFO: Server: Final evaluation is finished! Starting merging results.
2023-02-15 15:54:58,154 (server:521) INFO: {'Role': 'Server #', 'Round': 'Final', 'Results_raw': {'client_best_individual': {'test_loss': 2.38151, 'test_total': 5.0, 'test_f1': 0.828571, 'test_avg_loss': 0.354749, 'test_acc': 0.916667, 'test_correct': 48.0}, 'client_summarized_weighted_avg': {'test_loss': 27.095859, 'test_total': 22.0, 'test_f1': 0.487501, 'test_avg_loss': 0.874639, 'test_acc': 0.677273, 'test_correct': 14.9}, 'client_summarized_avg': {'test_loss': 19.242068, 'test_total': 22.0, 'test_f1': 0.44744, 'test_avg_loss': 1.232346, 'test_acc': 0.608188, 'test_correct': 14.9}, 'client_summarized_fairness': {'test_loss_entropy': 1.8744, 'test_loss_cos1': 0.71274, 'test_loss_top10%': 68.175969, 'test_loss_bottom10%': 3.654793, 'test_loss_max': 68.175969, 'test_loss_min': 3.654793, 'test_loss_top_decile': 68.175969, 'test_loss_bottom_decile': 4.358683, 'test_loss_std': 22.319781, 'test_total': 22.0, 'test_correct': 12.6, 'test_f1_std': 0.194075, 'test_f1_bottom_decile': 0.205128, 'test_f1_top_decile': 0.732143, 'test_f1_min': 0.074074, 'test_f1_max': 0.732143, 'test_f1_bottom10%': 0.074074, 'test_f1_top10%': 0.732143, 'test_f1_cos1': 0.897559, 'test_f1_entropy': 2.172583, 'test_avg_loss_std': 1.106767, 'test_avg_loss_bottom_decile': 0.363224, 'test_avg_loss_top_decile': 3.640375, 'test_avg_loss_min': 0.356386, 'test_avg_loss_max': 3.640375, 'test_avg_loss_bottom10%': 0.356386, 'test_avg_loss_top10%': 3.640375, 'test_avg_loss_cos1': 0.764034, 'test_avg_loss_entropy': 1.985516, 'test_acc_std': 0.235125, 'test_acc_bottom_decile': 0.342857, 'test_acc_top_decile': 0.916667, 'test_acc_min': 0.125, 'test_acc_max': 0.916667, 'test_acc_bottom10%': 0.125, 'test_acc_top10%': 0.916667, 'test_acc_cos1': 0.919578, 'test_acc_entropy': 2.201209}}}
2023-02-15 15:54:58,155 (server:540) INFO: {'Role': 'Client #1', 'Round': 10, 'Results_raw': {'test_total': 12, 'test_f1': 0.478261, 'test_avg_loss': 0.354749, 'test_acc': 0.916667, 'test_correct': 11.0, 'test_loss': 4.256989}}
2023-02-15 15:54:58,155 (server:540) INFO: {'Role': 'Client #2', 'Round': 10, 'Results_raw': {'test_total': 11, 'test_f1': 0.352941, 'test_avg_loss': 0.604558, 'test_acc': 0.545455, 'test_correct': 6.0, 'test_loss': 6.650137}}
2023-02-15 15:54:58,156 (server:540) INFO: {'Role': 'Client #3', 'Round': 10, 'Results_raw': {'test_total': 35, 'test_f1': 0.216667, 'test_avg_loss': 1.733831, 'test_acc': 0.371429, 'test_correct': 13.0, 'test_loss': 60.684085}}
2023-02-15 15:54:58,156 (server:540) INFO: {'Role': 'Client #4', 'Round': 10, 'Results_raw': {'test_total': 77, 'test_f1': 0.518023, 'test_avg_loss': 0.630693, 'test_acc': 0.623377, 'test_correct': 48.0, 'test_loss': 48.56333}}
2023-02-15 15:54:58,156 (server:540) INFO: {'Role': 'Client #5', 'Round': 10, 'Results_raw': {'test_total': 8, 'test_f1': 0.244444, 'test_avg_loss': 2.90084, 'test_acc': 0.25, 'test_correct': 2.0, 'test_loss': 23.20672}}
2023-02-15 15:54:58,156 (server:540) INFO: {'Role': 'Client #6', 'Round': 10, 'Results_raw': {'test_total': 23, 'test_f1': 0.488889, 'test_avg_loss': 0.521417, 'test_acc': 0.652174, 'test_correct': 15.0, 'test_loss': 11.992581}}
2023-02-15 15:54:58,157 (server:540) INFO: {'Role': 'Client #7', 'Round': 10, 'Results_raw': {'test_total': 6, 'test_f1': 0.828571, 'test_avg_loss': 0.396918, 'test_acc': 0.833333, 'test_correct': 5.0, 'test_loss': 2.38151}}
2023-02-15 15:54:58,157 (server:540) INFO: {'Role': 'Client #8', 'Round': 10, 'Results_raw': {'test_total': 5, 'test_f1': 0.285714, 'test_avg_loss': 1.099772, 'test_acc': 0.6, 'test_correct': 3.0, 'test_loss': 5.49886}}
2023-02-15 15:54:58,157 (server:540) INFO: {'Role': 'Client #9', 'Round': 10, 'Results_raw': {'test_total': 35, 'test_f1': 0.775641, 'test_avg_loss': 0.373661, 'test_acc': 0.828571, 'test_correct': 29.0, 'test_loss': 13.078121}}
2023-02-15 15:54:58,157 (server:540) INFO: {'Role': 'Client #10', 'Round': 10, 'Results_raw': {'test_total': 8, 'test_f1': 0.083333, 'test_avg_loss': 3.403576, 'test_acc': 0.125, 'test_correct': 1.0, 'test_loss': 27.228611}}
2023-02-15 15:54:58,159 (monitor:172) INFO: In worker #0, the system-related metrics are: {'id': 0, 'fl_end_time_minutes': 8.345034, 'total_model_size': 0, 'total_flops': 0, 'total_upload_bytes': 19376000, 'total_download_bytes': 8444040, 'global_convergence_round': 0, 'local_convergence_round': 0, 'global_convergence_time_minutes': 0, 'local_convergence_time_minutes': 0}
2023-02-15 15:54:58,163 (client:513) INFO: ================= client 1 received finish message =================
2023-02-15 15:54:58,194 (monitor:172) INFO: In worker #1, the system-related metrics are: {'id': 1, 'fl_end_time_minutes': 8.338452, 'total_model_size': 23769312, 'total_flops': 307869416960.0, 'total_upload_bytes': 844496, 'total_download_bytes': 0, 'global_convergence_round': 0, 'local_convergence_round': 0, 'global_convergence_time_minutes': 0, 'local_convergence_time_minutes': 0}
2023-02-15 15:54:58,195 (client:513) INFO: ================= client 2 received finish message =================
2023-02-15 15:54:58,225 (monitor:172) INFO: In worker #2, the system-related metrics are: {'id': 2, 'fl_end_time_minutes': 8.330866, 'total_model_size': 23769312, 'total_flops': 12754590131200.0, 'total_upload_bytes': 844496, 'total_download_bytes': 0, 'global_convergence_round': 0, 'local_convergence_round': 0, 'global_convergence_time_minutes': 0, 'local_convergence_time_minutes': 0}
2023-02-15 15:54:58,226 (client:513) INFO: ================= client 3 received finish message =================
2023-02-15 15:54:58,257 (monitor:172) INFO: In worker #3, the system-related metrics are: {'id': 3, 'fl_end_time_minutes': 8.322986, 'total_model_size': 23769312, 'total_flops': 13106440893440.0, 'total_upload_bytes': 844496, 'total_download_bytes': 0, 'global_convergence_round': 0, 'local_convergence_round': 0, 'global_convergence_time_minutes': 0, 'local_convergence_time_minutes': 0}
2023-02-15 15:54:58,258 (client:513) INFO: ================= client 4 received finish message =================
2023-02-15 15:54:58,288 (monitor:172) INFO: In worker #4, the system-related metrics are: {'id': 4, 'fl_end_time_minutes': 8.315138, 'total_model_size': 23769312, 'total_flops': 43981345280.0, 'total_upload_bytes': 844496, 'total_download_bytes': 0, 'global_convergence_round': 0, 'local_convergence_round': 0, 'global_convergence_time_minutes': 0, 'local_convergence_time_minutes': 0}
2023-02-15 15:54:58,288 (client:513) INFO: ================= client 5 received finish message =================
2023-02-15 15:54:58,319 (monitor:172) INFO: In worker #5, the system-related metrics are: {'id': 5, 'fl_end_time_minutes': 8.308244, 'total_model_size': 23769312, 'total_flops': 6025444303360.0, 'total_upload_bytes': 844496, 'total_download_bytes': 0, 'global_convergence_round': 0, 'local_convergence_round': 0, 'global_convergence_time_minutes': 0, 'local_convergence_time_minutes': 0}
2023-02-15 15:54:58,319 (client:513) INFO: ================= client 6 received finish message =================
2023-02-15 15:54:58,351 (monitor:172) INFO: In worker #6, the system-related metrics are: {'id': 6, 'fl_end_time_minutes': 8.300312, 'total_model_size': 23769312, 'total_flops': 2990731479040.0, 'total_upload_bytes': 844496, 'total_download_bytes': 0, 'global_convergence_round': 0, 'local_convergence_round': 0, 'global_convergence_time_minutes': 0, 'local_convergence_time_minutes': 0}
2023-02-15 15:54:58,351 (client:513) INFO: ================= client 7 received finish message =================
2023-02-15 15:54:58,382 (monitor:172) INFO: In worker #7, the system-related metrics are: {'id': 7, 'fl_end_time_minutes': 8.291411, 'total_model_size': 23769312, 'total_flops': 923608250880.0, 'total_upload_bytes': 844496, 'total_download_bytes': 0, 'global_convergence_round': 0, 'local_convergence_round': 0, 'global_convergence_time_minutes': 0, 'local_convergence_time_minutes': 0}
2023-02-15 15:54:58,383 (client:513) INFO: ================= client 8 received finish message =================
2023-02-15 15:54:58,414 (monitor:172) INFO: In worker #8, the system-related metrics are: {'id': 8, 'fl_end_time_minutes': 8.284539, 'total_model_size': 23769312, 'total_flops': 879626905600.0, 'total_upload_bytes': 844496, 'total_download_bytes': 0, 'global_convergence_round': 0, 'local_convergence_round': 0, 'global_convergence_time_minutes': 0, 'local_convergence_time_minutes': 0}
2023-02-15 15:54:58,415 (client:513) INFO: ================= client 9 received finish message =================
2023-02-15 15:54:58,446 (monitor:172) INFO: In worker #9, the system-related metrics are: {'id': 9, 'fl_end_time_minutes': 8.276636, 'total_model_size': 23769312, 'total_flops': 1407403048960.0, 'total_upload_bytes': 844496, 'total_download_bytes': 0, 'global_convergence_round': 0, 'local_convergence_round': 0, 'global_convergence_time_minutes': 0, 'local_convergence_time_minutes': 0}
2023-02-15 15:54:58,447 (client:513) INFO: ================= client 10 received finish message =================
2023-02-15 15:54:58,479 (monitor:172) INFO: In worker #10, the system-related metrics are: {'id': 10, 'fl_end_time_minutes': 8.269759, 'total_model_size': 23769312, 'total_flops': 131944035840.0, 'total_upload_bytes': 844496, 'total_download_bytes': 0, 'global_convergence_round': 0, 'local_convergence_round': 0, 'global_convergence_time_minutes': 0, 'local_convergence_time_minutes': 0}
2023-02-15 15:54:58,479 (monitor:337) INFO: We will compress the file eval_results.raw into a .gz file, and delete the old one
2023-02-15 15:54:58,483 (monitor:245) INFO: After merging the system metrics from all works, we got avg: defaultdict(None, {'id': 'sys_avg', 'sys_avg/fl_end_time_minutes': 8.30758, 'sys_avg/total_model_size': '20.61M', 'sys_avg/total_flops': '3.19T', 'sys_avg/total_upload_bytes': '2.41M', 'sys_avg/total_download_bytes': '749.65K', 'sys_avg/global_convergence_round': 0.0, 'sys_avg/local_convergence_round': 0.0, 'sys_avg/global_convergence_time_minutes': 0.0, 'sys_avg/local_convergence_time_minutes': 0.0})
2023-02-15 15:54:58,483 (monitor:248) INFO: After merging the system metrics from all works, we got std: defaultdict(None, {'id': 'sys_std', 'sys_std/fl_end_time_minutes': 0.02417, 'sys_std/total_model_size': '6.52M', 'sys_std/total_flops': '4.32T', 'sys_std/total_upload_bytes': '5.08M', 'sys_std/total_download_bytes': '2.32M', 'sys_std/global_convergence_round': 0.0, 'sys_std/local_convergence_round': 0.0, 'sys_std/global_convergence_time_minutes': 0.0, 'sys_std/local_convergence_time_minutes': 0.0})
