2023-01-20 21:26:14,032 (logging:124) INFO: the current machine is at 192.168.0.1
2023-01-20 21:26:14,032 (logging:126) INFO: the current dir is /home/ubuntu/medscale
2023-01-20 21:26:14,033 (logging:127) INFO: the output dir is exp/FedAvg_convnet2_on_CIFAR10@torchvision_lr0.5_lstep2
2023-01-20 21:26:34,810 (config:243) INFO: the used configs are: 
aggregator:
  inside_weight: 1.0
  num_agg_groups: 1
  num_agg_topk: []
  outside_weight: 0.0
asyn:
  aggregator: goal_achieved
  broadcast_manner: after_receiving
  min_received_num: 10
  min_received_rate: -1.0
  overselection: False
  staleness_discount_factor: 0.2
  staleness_toleration: 10
  time_budget: 0
  use: True
attack:
  alpha_TV: 0.001
  alpha_prop_loss: 0
  attack_method: 
  attacker_id: -1
  classifier_PIA: randomforest
  edge_num: 100
  edge_path: edge_data/
  freq: 10
  info_diff_type: l2
  inject_round: 0
  insert_round: 100000
  label_type: dirty
  max_ite: 400
  mean: [0.1307]
  mia_is_simulate_in: False
  mia_simulate_in_round: 20
  pgd_eps: 2
  pgd_lr: 0.1
  pgd_poisoning: False
  poison_ratio: 0.5
  reconstruct_lr: 0.01
  reconstruct_optim: Adam
  scale_para: 1.0
  scale_poisoning: False
  self_epoch: 6
  self_lr: 0.05
  self_opt: False
  setting: fix
  std: [0.3081]
  target_label_ind: -1
  trigger_path: trigger/
  trigger_type: edge
backend: torch
cfg_file: 
check_completeness: False
criterion:
  type: CrossEntropyLoss
data:
  args: [{'download': True}]
  batch_size: 64
  cSBM_phi: [0.5, 0.5, 0.5]
  cache_dir: 
  consistent_label_distribution: False
  drop_last: False
  hetero_data_name: []
  hetero_synth_batch_size: 32
  hetero_synth_feat_dim: 128
  hetero_synth_prim_weight: 0.5
  is_debug: False
  loader: 
  max_query_len: 128
  max_seq_len: 384
  max_tgt_len: 128
  num_contrast: 0
  num_of_client_for_data: []
  num_steps: 30
  num_workers: 0
  pre_transform: []
  quadratic:
    dim: 1
    max_curv: 12.5
    min_curv: 0.02
  root: data/
  save_data: False
  server_holds_all: False
  shuffle: True
  sizes: [10, 5]
  splits: [0.8, 0.2, 0.2]
  splitter: lda
  splitter_args: [{'alpha': 0.2}]
  subsample: 0.2
  target_transform: []
  test_pre_transform: []
  test_target_transform: []
  test_transform: []
  transform: [['ToTensor', {}], ['Normalize', {'mean': [0.4914, 0.4822, 0.4465], 'std': [0.247, 0.243, 0.261]}]]
  trunc_stride: 128
  type: CIFAR10@torchvision
  val_pre_transform: []
  val_target_transform: []
  val_transform: []
  walk_length: 2
dataloader:
  batch_size: 10
  drop_last: False
  num_steps: 30
  num_workers: 0
  pin_memory: False
  shuffle: True
  sizes: [10, 5]
  theta: -1
  type: base
  walk_length: 2
device: 0
distribute:
  use: False
early_stop:
  delta: 0.0
  improve_indicator_mode: best
  patience: 0
eval:
  best_res_update_round_wise_key: test_acc
  count_flops: True
  freq: 5
  metrics: ['acc', 'correct']
  monitoring: []
  report: ['weighted_avg', 'avg', 'fairness', 'raw']
  split: ['test', 'val']
expname: FedAvg_convnet2_on_CIFAR10@torchvision_lr0.5_lstep2
expname_tag: 
feat_engr:
  num_bins: 5
  scenario: hfl
  secure:
    dp:
      
    encrypt:
      type: dummy
    key_size: 3072
    type: encrypt
  selec_threshold: 0.05
  selec_woe_binning: quantile
  type: 
federate:
  atc_load_from: 
  atc_vanilla: False
  client_num: 200
  data_weighted_aggr: False
  ignore_weight: False
  join_in_info: []
  make_global_eval: True
  merge_test_data: True
  method: FedAvg
  mode: standalone
  online_aggr: False
  resource_info_file: client_device_capacity
  restore_from: 
  sample_client_num: 13
  sample_client_rate: -1.0
  sampler: uniform
  save_to: 
  share_local_model: False
  total_round_num: 20
  unseen_clients_rate: 0.0
  use_diff: False
  use_ss: False
fedopt:
  use: False
fedprox:
  use: False
fedsageplus:
  a: 1.0
  b: 1.0
  c: 1.0
  fedgen_epoch: 200
  gen_hidden: 128
  hide_portion: 0.5
  loc_epoch: 1
  num_pred: 5
finetune:
  batch_or_epoch: epoch
  before_eval: False
  freeze_param: 
  local_update_steps: 1
  optimizer:
    lr: 0.1
    type: SGD
  scheduler:
    type: 
    warmup_ratio: 0.0
flitplus:
  factor_ema: 0.8
  lambdavat: 0.5
  tmpFed: 0.5
  weightReg: 1.0
gcflplus:
  EPS_1: 0.05
  EPS_2: 0.1
  seq_length: 5
  standardize: False
grad:
  grad_accum_count: 1
  grad_clip: 5.0
hpo:
  fedex:
    cutoff: 0.0
    diff: False
    eta0: -1.0
    flatten_ss: True
    gamma: 0.0
    pi_lr: 0.01
    psn: False
    sched: auto
    ss: 
    use: False
  init_cand_num: 16
  larger_better: False
  metric: client_summarized_weighted_avg.val_loss
  num_workers: 0
  pbt:
    max_stage: 5
    perf_threshold: 0.1
  scheduler: rs
  sha:
    budgets: []
    elim_rate: 3
    iter: 0
  ss: 
  table:
    eps: 0.1
    idx: 0
    num: 27
  working_folder: hpo
model:
  contrast_temp: 1.0
  contrast_topk: 100
  downstream_tasks: []
  dropout: 0.5
  embed_size: 8
  gamma: 0
  graph_pooling: mean
  hidden: 512
  in_channels: 0
  input_shape: ()
  label_smoothing: 0.1
  lambda_: 0.1
  layer: 2
  length_penalty: 2.0
  max_answer_len: 30
  max_length: 200
  max_tree_depth: 3
  min_length: 1
  model_num_per_trainer: 1
  model_type: google/bert_uncased_L-2_H-128_A-2
  n_best_size: 20
  no_repeat_ngram_size: 3
  null_score_diff_threshold: 0.0
  num_beams: 5
  num_item: 0
  num_labels: 1
  num_of_trees: 10
  num_user: 0
  out_channels: 10
  pretrain_tasks: []
  stage: 
  task: node
  type: convnet2
  use_bias: True
  use_contrastive_loss: False
nbafl:
  use: False
outdir: exp/FedAvg_convnet2_on_CIFAR10@torchvision_lr0.5_lstep2
personalization:
  K: 5
  beta: 1.0
  local_param: []
  local_update_steps: 2
  lr: 0.5
  regular_weight: 0.1
  share_non_trainable_para: False
print_decimal_digits: 6
regularizer:
  mu: 0.0
  type: 
seed: 2
sgdmf:
  use: False
train:
  batch_or_epoch: batch
  local_update_steps: 2
  optimizer:
    lr: 0.5
    type: SGD
    weight_decay: 0.0
  scheduler:
    type: 
    warmup_ratio: 0.0
trainer:
  disp_freq: 50
  local_entropy:
    alpha: 0.75
    eps: 0.001
    gamma: 0.0001
  sam:
    adaptive: False
    eta: 0.0
    rho: 1.0
  type: cvtrainer
  val_freq: 100000000
use_gpu: True
verbose: 1
vertical:
  use: False
wandb:
  use: False
2023-01-20 21:26:35,015 (utils:143) INFO: The device information file is not provided
2023-01-20 21:26:35,281 (fed_runner:169) INFO: Server has been set up ... 
2023-01-20 21:26:35,301 (fed_runner:221) INFO: Client 1 has been set up ... 
2023-01-20 21:26:35,319 (fed_runner:221) INFO: Client 2 has been set up ... 
2023-01-20 21:26:35,337 (fed_runner:221) INFO: Client 3 has been set up ... 
2023-01-20 21:26:35,355 (fed_runner:221) INFO: Client 4 has been set up ... 
2023-01-20 21:26:35,373 (fed_runner:221) INFO: Client 5 has been set up ... 
2023-01-20 21:26:35,391 (fed_runner:221) INFO: Client 6 has been set up ... 
2023-01-20 21:26:35,409 (fed_runner:221) INFO: Client 7 has been set up ... 
2023-01-20 21:26:35,427 (fed_runner:221) INFO: Client 8 has been set up ... 
2023-01-20 21:26:35,445 (fed_runner:221) INFO: Client 9 has been set up ... 
2023-01-20 21:26:35,464 (fed_runner:221) INFO: Client 10 has been set up ... 
2023-01-20 21:26:35,482 (fed_runner:221) INFO: Client 11 has been set up ... 
2023-01-20 21:26:35,500 (fed_runner:221) INFO: Client 12 has been set up ... 
2023-01-20 21:26:35,518 (fed_runner:221) INFO: Client 13 has been set up ... 
2023-01-20 21:26:35,536 (fed_runner:221) INFO: Client 14 has been set up ... 
2023-01-20 21:26:35,554 (fed_runner:221) INFO: Client 15 has been set up ... 
2023-01-20 21:26:35,571 (fed_runner:221) INFO: Client 16 has been set up ... 
2023-01-20 21:26:35,589 (fed_runner:221) INFO: Client 17 has been set up ... 
2023-01-20 21:26:35,608 (fed_runner:221) INFO: Client 18 has been set up ... 
2023-01-20 21:26:35,626 (fed_runner:221) INFO: Client 19 has been set up ... 
2023-01-20 21:26:35,643 (fed_runner:221) INFO: Client 20 has been set up ... 
2023-01-20 21:26:35,662 (fed_runner:221) INFO: Client 21 has been set up ... 
2023-01-20 21:26:35,680 (fed_runner:221) INFO: Client 22 has been set up ... 
2023-01-20 21:26:35,699 (fed_runner:221) INFO: Client 23 has been set up ... 
2023-01-20 21:26:35,717 (fed_runner:221) INFO: Client 24 has been set up ... 
2023-01-20 21:26:35,735 (fed_runner:221) INFO: Client 25 has been set up ... 
2023-01-20 21:26:35,753 (fed_runner:221) INFO: Client 26 has been set up ... 
2023-01-20 21:26:35,770 (fed_runner:221) INFO: Client 27 has been set up ... 
2023-01-20 21:26:35,788 (fed_runner:221) INFO: Client 28 has been set up ... 
2023-01-20 21:26:35,807 (fed_runner:221) INFO: Client 29 has been set up ... 
2023-01-20 21:26:35,824 (fed_runner:221) INFO: Client 30 has been set up ... 
2023-01-20 21:26:35,842 (fed_runner:221) INFO: Client 31 has been set up ... 
2023-01-20 21:26:35,861 (fed_runner:221) INFO: Client 32 has been set up ... 
2023-01-20 21:26:35,879 (fed_runner:221) INFO: Client 33 has been set up ... 
2023-01-20 21:26:35,897 (fed_runner:221) INFO: Client 34 has been set up ... 
2023-01-20 21:26:35,916 (fed_runner:221) INFO: Client 35 has been set up ... 
2023-01-20 21:26:35,934 (fed_runner:221) INFO: Client 36 has been set up ... 
2023-01-20 21:26:35,952 (fed_runner:221) INFO: Client 37 has been set up ... 
2023-01-20 21:26:35,970 (fed_runner:221) INFO: Client 38 has been set up ... 
2023-01-20 21:26:35,988 (fed_runner:221) INFO: Client 39 has been set up ... 
2023-01-20 21:26:36,007 (fed_runner:221) INFO: Client 40 has been set up ... 
2023-01-20 21:26:36,025 (fed_runner:221) INFO: Client 41 has been set up ... 
2023-01-20 21:26:36,043 (fed_runner:221) INFO: Client 42 has been set up ... 
2023-01-20 21:26:36,060 (fed_runner:221) INFO: Client 43 has been set up ... 
2023-01-20 21:26:36,079 (fed_runner:221) INFO: Client 44 has been set up ... 
2023-01-20 21:26:36,097 (fed_runner:221) INFO: Client 45 has been set up ... 
2023-01-20 21:26:36,115 (fed_runner:221) INFO: Client 46 has been set up ... 
2023-01-20 21:26:36,133 (fed_runner:221) INFO: Client 47 has been set up ... 
2023-01-20 21:26:36,151 (fed_runner:221) INFO: Client 48 has been set up ... 
2023-01-20 21:26:36,170 (fed_runner:221) INFO: Client 49 has been set up ... 
2023-01-20 21:26:36,188 (fed_runner:221) INFO: Client 50 has been set up ... 
2023-01-20 21:26:36,206 (fed_runner:221) INFO: Client 51 has been set up ... 
2023-01-20 21:26:36,224 (fed_runner:221) INFO: Client 52 has been set up ... 
2023-01-20 21:26:36,242 (fed_runner:221) INFO: Client 53 has been set up ... 
2023-01-20 21:26:36,259 (fed_runner:221) INFO: Client 54 has been set up ... 
2023-01-20 21:26:36,277 (fed_runner:221) INFO: Client 55 has been set up ... 
2023-01-20 21:26:36,296 (fed_runner:221) INFO: Client 56 has been set up ... 
2023-01-20 21:26:36,314 (fed_runner:221) INFO: Client 57 has been set up ... 
2023-01-20 21:26:36,332 (fed_runner:221) INFO: Client 58 has been set up ... 
2023-01-20 21:26:36,351 (fed_runner:221) INFO: Client 59 has been set up ... 
2023-01-20 21:26:36,369 (fed_runner:221) INFO: Client 60 has been set up ... 
2023-01-20 21:26:36,388 (fed_runner:221) INFO: Client 61 has been set up ... 
2023-01-20 21:26:36,407 (fed_runner:221) INFO: Client 62 has been set up ... 
2023-01-20 21:26:36,425 (fed_runner:221) INFO: Client 63 has been set up ... 
2023-01-20 21:26:36,443 (fed_runner:221) INFO: Client 64 has been set up ... 
2023-01-20 21:26:36,462 (fed_runner:221) INFO: Client 65 has been set up ... 
2023-01-20 21:26:36,480 (fed_runner:221) INFO: Client 66 has been set up ... 
2023-01-20 21:26:36,498 (fed_runner:221) INFO: Client 67 has been set up ... 
2023-01-20 21:26:36,517 (fed_runner:221) INFO: Client 68 has been set up ... 
2023-01-20 21:26:36,536 (fed_runner:221) INFO: Client 69 has been set up ... 
2023-01-20 21:26:36,554 (fed_runner:221) INFO: Client 70 has been set up ... 
2023-01-20 21:26:36,572 (fed_runner:221) INFO: Client 71 has been set up ... 
2023-01-20 21:26:36,591 (fed_runner:221) INFO: Client 72 has been set up ... 
2023-01-20 21:26:36,609 (fed_runner:221) INFO: Client 73 has been set up ... 
2023-01-20 21:26:36,628 (fed_runner:221) INFO: Client 74 has been set up ... 
2023-01-20 21:26:36,647 (fed_runner:221) INFO: Client 75 has been set up ... 
2023-01-20 21:26:36,666 (fed_runner:221) INFO: Client 76 has been set up ... 
2023-01-20 21:26:36,685 (fed_runner:221) INFO: Client 77 has been set up ... 
2023-01-20 21:26:36,703 (fed_runner:221) INFO: Client 78 has been set up ... 
2023-01-20 21:26:36,721 (fed_runner:221) INFO: Client 79 has been set up ... 
2023-01-20 21:26:36,740 (fed_runner:221) INFO: Client 80 has been set up ... 
2023-01-20 21:26:36,759 (fed_runner:221) INFO: Client 81 has been set up ... 
2023-01-20 21:26:36,777 (fed_runner:221) INFO: Client 82 has been set up ... 
2023-01-20 21:26:36,796 (fed_runner:221) INFO: Client 83 has been set up ... 
2023-01-20 21:26:36,814 (fed_runner:221) INFO: Client 84 has been set up ... 
2023-01-20 21:26:36,839 (fed_runner:221) INFO: Client 85 has been set up ... 
2023-01-20 21:26:36,858 (fed_runner:221) INFO: Client 86 has been set up ... 
2023-01-20 21:26:36,877 (fed_runner:221) INFO: Client 87 has been set up ... 
2023-01-20 21:26:36,895 (fed_runner:221) INFO: Client 88 has been set up ... 
2023-01-20 21:26:36,915 (fed_runner:221) INFO: Client 89 has been set up ... 
2023-01-20 21:26:36,934 (fed_runner:221) INFO: Client 90 has been set up ... 
2023-01-20 21:26:36,953 (fed_runner:221) INFO: Client 91 has been set up ... 
2023-01-20 21:26:36,972 (fed_runner:221) INFO: Client 92 has been set up ... 
2023-01-20 21:26:36,990 (fed_runner:221) INFO: Client 93 has been set up ... 
2023-01-20 21:26:37,009 (fed_runner:221) INFO: Client 94 has been set up ... 
2023-01-20 21:26:37,028 (fed_runner:221) INFO: Client 95 has been set up ... 
2023-01-20 21:26:37,047 (fed_runner:221) INFO: Client 96 has been set up ... 
2023-01-20 21:26:37,065 (fed_runner:221) INFO: Client 97 has been set up ... 
2023-01-20 21:26:37,084 (fed_runner:221) INFO: Client 98 has been set up ... 
2023-01-20 21:26:37,104 (fed_runner:221) INFO: Client 99 has been set up ... 
2023-01-20 21:26:37,127 (fed_runner:221) INFO: Client 100 has been set up ... 
2023-01-20 21:26:37,148 (fed_runner:221) INFO: Client 101 has been set up ... 
2023-01-20 21:26:37,167 (fed_runner:221) INFO: Client 102 has been set up ... 
2023-01-20 21:26:37,186 (fed_runner:221) INFO: Client 103 has been set up ... 
2023-01-20 21:26:37,205 (fed_runner:221) INFO: Client 104 has been set up ... 
2023-01-20 21:26:37,225 (fed_runner:221) INFO: Client 105 has been set up ... 
2023-01-20 21:26:37,247 (fed_runner:221) INFO: Client 106 has been set up ... 
2023-01-20 21:26:37,265 (fed_runner:221) INFO: Client 107 has been set up ... 
2023-01-20 21:26:37,284 (fed_runner:221) INFO: Client 108 has been set up ... 
2023-01-20 21:26:37,302 (fed_runner:221) INFO: Client 109 has been set up ... 
2023-01-20 21:26:37,321 (fed_runner:221) INFO: Client 110 has been set up ... 
2023-01-20 21:26:37,339 (fed_runner:221) INFO: Client 111 has been set up ... 
2023-01-20 21:26:37,358 (fed_runner:221) INFO: Client 112 has been set up ... 
2023-01-20 21:26:37,377 (fed_runner:221) INFO: Client 113 has been set up ... 
2023-01-20 21:26:37,396 (fed_runner:221) INFO: Client 114 has been set up ... 
2023-01-20 21:26:37,415 (fed_runner:221) INFO: Client 115 has been set up ... 
2023-01-20 21:26:37,434 (fed_runner:221) INFO: Client 116 has been set up ... 
2023-01-20 21:26:37,452 (fed_runner:221) INFO: Client 117 has been set up ... 
2023-01-20 21:26:37,471 (fed_runner:221) INFO: Client 118 has been set up ... 
2023-01-20 21:26:37,489 (fed_runner:221) INFO: Client 119 has been set up ... 
2023-01-20 21:26:37,508 (fed_runner:221) INFO: Client 120 has been set up ... 
2023-01-20 21:26:37,527 (fed_runner:221) INFO: Client 121 has been set up ... 
2023-01-20 21:26:37,545 (fed_runner:221) INFO: Client 122 has been set up ... 
2023-01-20 21:26:37,564 (fed_runner:221) INFO: Client 123 has been set up ... 
2023-01-20 21:26:37,582 (fed_runner:221) INFO: Client 124 has been set up ... 
2023-01-20 21:26:37,601 (fed_runner:221) INFO: Client 125 has been set up ... 
2023-01-20 21:26:37,619 (fed_runner:221) INFO: Client 126 has been set up ... 
2023-01-20 21:26:37,639 (fed_runner:221) INFO: Client 127 has been set up ... 
2023-01-20 21:26:37,729 (fed_runner:221) INFO: Client 128 has been set up ... 
2023-01-20 21:26:37,747 (fed_runner:221) INFO: Client 129 has been set up ... 
2023-01-20 21:26:37,766 (fed_runner:221) INFO: Client 130 has been set up ... 
2023-01-20 21:26:37,784 (fed_runner:221) INFO: Client 131 has been set up ... 
2023-01-20 21:26:37,803 (fed_runner:221) INFO: Client 132 has been set up ... 
2023-01-20 21:26:37,822 (fed_runner:221) INFO: Client 133 has been set up ... 
2023-01-20 21:26:37,841 (fed_runner:221) INFO: Client 134 has been set up ... 
2023-01-20 21:26:37,859 (fed_runner:221) INFO: Client 135 has been set up ... 
2023-01-20 21:26:37,878 (fed_runner:221) INFO: Client 136 has been set up ... 
2023-01-20 21:26:37,897 (fed_runner:221) INFO: Client 137 has been set up ... 
2023-01-20 21:26:37,915 (fed_runner:221) INFO: Client 138 has been set up ... 
2023-01-20 21:26:37,934 (fed_runner:221) INFO: Client 139 has been set up ... 
2023-01-20 21:26:37,953 (fed_runner:221) INFO: Client 140 has been set up ... 
2023-01-20 21:26:37,972 (fed_runner:221) INFO: Client 141 has been set up ... 
2023-01-20 21:26:37,991 (fed_runner:221) INFO: Client 142 has been set up ... 
2023-01-20 21:26:38,009 (fed_runner:221) INFO: Client 143 has been set up ... 
2023-01-20 21:26:38,027 (fed_runner:221) INFO: Client 144 has been set up ... 
2023-01-20 21:26:38,046 (fed_runner:221) INFO: Client 145 has been set up ... 
2023-01-20 21:26:38,064 (fed_runner:221) INFO: Client 146 has been set up ... 
2023-01-20 21:26:38,083 (fed_runner:221) INFO: Client 147 has been set up ... 
2023-01-20 21:26:38,102 (fed_runner:221) INFO: Client 148 has been set up ... 
2023-01-20 21:26:38,121 (fed_runner:221) INFO: Client 149 has been set up ... 
2023-01-20 21:26:38,139 (fed_runner:221) INFO: Client 150 has been set up ... 
2023-01-20 21:26:38,158 (fed_runner:221) INFO: Client 151 has been set up ... 
2023-01-20 21:26:38,178 (fed_runner:221) INFO: Client 152 has been set up ... 
2023-01-20 21:26:38,196 (fed_runner:221) INFO: Client 153 has been set up ... 
2023-01-20 21:26:38,215 (fed_runner:221) INFO: Client 154 has been set up ... 
2023-01-20 21:26:38,234 (fed_runner:221) INFO: Client 155 has been set up ... 
2023-01-20 21:26:38,252 (fed_runner:221) INFO: Client 156 has been set up ... 
2023-01-20 21:26:38,271 (fed_runner:221) INFO: Client 157 has been set up ... 
2023-01-20 21:26:38,289 (fed_runner:221) INFO: Client 158 has been set up ... 
2023-01-20 21:26:38,308 (fed_runner:221) INFO: Client 159 has been set up ... 
2023-01-20 21:26:38,326 (fed_runner:221) INFO: Client 160 has been set up ... 
2023-01-20 21:26:38,345 (fed_runner:221) INFO: Client 161 has been set up ... 
2023-01-20 21:26:38,364 (fed_runner:221) INFO: Client 162 has been set up ... 
2023-01-20 21:26:38,382 (fed_runner:221) INFO: Client 163 has been set up ... 
2023-01-20 21:26:38,403 (fed_runner:221) INFO: Client 164 has been set up ... 
2023-01-20 21:26:38,422 (fed_runner:221) INFO: Client 165 has been set up ... 
2023-01-20 21:26:38,440 (fed_runner:221) INFO: Client 166 has been set up ... 
2023-01-20 21:26:38,459 (fed_runner:221) INFO: Client 167 has been set up ... 
2023-01-20 21:26:38,477 (fed_runner:221) INFO: Client 168 has been set up ... 
2023-01-20 21:26:38,496 (fed_runner:221) INFO: Client 169 has been set up ... 
2023-01-20 21:26:38,515 (fed_runner:221) INFO: Client 170 has been set up ... 
2023-01-20 21:26:38,534 (fed_runner:221) INFO: Client 171 has been set up ... 
2023-01-20 21:26:38,552 (fed_runner:221) INFO: Client 172 has been set up ... 
2023-01-20 21:26:38,571 (fed_runner:221) INFO: Client 173 has been set up ... 
2023-01-20 21:26:38,590 (fed_runner:221) INFO: Client 174 has been set up ... 
2023-01-20 21:26:38,609 (fed_runner:221) INFO: Client 175 has been set up ... 
2023-01-20 21:26:38,628 (fed_runner:221) INFO: Client 176 has been set up ... 
2023-01-20 21:26:38,646 (fed_runner:221) INFO: Client 177 has been set up ... 
2023-01-20 21:26:38,665 (fed_runner:221) INFO: Client 178 has been set up ... 
2023-01-20 21:26:38,684 (fed_runner:221) INFO: Client 179 has been set up ... 
2023-01-20 21:26:38,702 (fed_runner:221) INFO: Client 180 has been set up ... 
2023-01-20 21:26:38,721 (fed_runner:221) INFO: Client 181 has been set up ... 
2023-01-20 21:26:38,739 (fed_runner:221) INFO: Client 182 has been set up ... 
2023-01-20 21:26:38,758 (fed_runner:221) INFO: Client 183 has been set up ... 
2023-01-20 21:26:38,777 (fed_runner:221) INFO: Client 184 has been set up ... 
2023-01-20 21:26:38,796 (fed_runner:221) INFO: Client 185 has been set up ... 
2023-01-20 21:26:38,814 (fed_runner:221) INFO: Client 186 has been set up ... 
2023-01-20 21:26:38,833 (fed_runner:221) INFO: Client 187 has been set up ... 
2023-01-20 21:26:38,851 (fed_runner:221) INFO: Client 188 has been set up ... 
2023-01-20 21:26:38,870 (fed_runner:221) INFO: Client 189 has been set up ... 
2023-01-20 21:26:38,889 (fed_runner:221) INFO: Client 190 has been set up ... 
2023-01-20 21:26:38,907 (fed_runner:221) INFO: Client 191 has been set up ... 
2023-01-20 21:26:38,926 (fed_runner:221) INFO: Client 192 has been set up ... 
2023-01-20 21:26:38,945 (fed_runner:221) INFO: Client 193 has been set up ... 
2023-01-20 21:26:38,963 (fed_runner:221) INFO: Client 194 has been set up ... 
2023-01-20 21:26:38,982 (fed_runner:221) INFO: Client 195 has been set up ... 
2023-01-20 21:26:39,000 (fed_runner:221) INFO: Client 196 has been set up ... 
2023-01-20 21:26:39,019 (fed_runner:221) INFO: Client 197 has been set up ... 
2023-01-20 21:26:39,039 (fed_runner:221) INFO: Client 198 has been set up ... 
2023-01-20 21:26:39,057 (fed_runner:221) INFO: Client 199 has been set up ... 
2023-01-20 21:26:39,076 (fed_runner:221) INFO: Client 200 has been set up ... 
2023-01-20 21:26:39,076 (trainer:341) INFO: Model meta-info: <class 'medscale.cv.model.cnn.ConvNet2'>.
2023-01-20 21:26:39,093 (trainer:349) INFO: Num of original para names: 18.
2023-01-20 21:26:39,093 (trainer:350) INFO: Num of original trainable para names: 12.
2023-01-20 21:26:39,093 (trainer:352) INFO: Num of preserved para names in local update: 18. 
Preserved para names in local update: {'fc2.weight', 'bn1.running_var', 'conv2.bias', 'bn1.num_batches_tracked', 'bn2.weight', 'bn1.bias', 'bn2.num_batches_tracked', 'bn2.running_var', 'conv2.weight', 'bn2.running_mean', 'conv1.bias', 'bn2.bias', 'bn1.running_mean', 'bn1.weight', 'fc2.bias', 'fc1.weight', 'conv1.weight', 'fc1.bias'}.
2023-01-20 21:26:39,093 (trainer:356) INFO: Num of filtered para names in local update: 0. 
Filtered para names in local update: set().
2023-01-20 21:26:39,093 (trainer:361) INFO: After register default hooks,
	the hooks_in_train is:
	{
	  "on_fit_start": [
	    "_hook_on_fit_start_init",
	    "_hook_on_fit_start_calculate_model_size"
	  ],
	  "on_epoch_start": [
	    "_hook_on_epoch_start"
	  ],
	  "on_batch_start": [
	    "_hook_on_batch_start_init"
	  ],
	  "on_batch_forward": [
	    "_hook_on_batch_forward",
	    "_hook_on_batch_forward_regularizer",
	    "_hook_on_batch_forward_flop_count"
	  ],
	  "on_batch_backward": [
	    "_hook_on_batch_backward"
	  ],
	  "on_batch_end": [
	    "_hook_on_batch_end"
	  ],
	  "on_fit_end": [
	    "_hook_on_fit_end"
	  ]
	};
	the hooks_in_eval is:
            t{
	  "on_fit_start": [
	    "_hook_on_fit_start_init"
	  ],
	  "on_epoch_start": [
	    "_hook_on_epoch_start"
	  ],
	  "on_batch_start": [
	    "_hook_on_batch_start_init"
	  ],
	  "on_batch_forward": [
	    "_hook_on_batch_forward"
	  ],
	  "on_batch_end": [
	    "_hook_on_batch_end"
	  ],
	  "on_fit_end": [
	    "_hook_on_fit_end"
	  ]
	}
2023-01-20 21:26:39,134 (server:804) INFO: ----------- Starting training (Round #0) -------------
