2023-02-13 20:45:12,123 (logging:124) INFO: the current machine is at 192.168.0.1
2023-02-13 20:45:12,124 (logging:126) INFO: the current dir is /home/ubuntu/medscale
2023-02-13 20:45:12,124 (logging:127) INFO: the output dir is exp/Ditto_convnet2_on_lung_lr0.01_lstep1
2023-02-13 20:45:20,199 (cfg_data:145) WARNING: config `cfg.data.batch_size` will be removed in the future, use `cfg.dataloader.batch_size` instead.
2023-02-13 20:45:20,200 (cfg_data:145) WARNING: config `cfg.data.batch_size` will be removed in the future, use `cfg.dataloader.batch_size` instead.
2023-02-13 20:45:20,223 (config:243) INFO: the used configs are: 
aggregator:
  inside_weight: 1.0
  num_agg_groups: 1
  num_agg_topk: []
  outside_weight: 0.0
asyn:
  use: False
attack:
  alpha_TV: 0.001
  alpha_prop_loss: 0
  attack_method: 
  attacker_id: -1
  classifier_PIA: randomforest
  edge_num: 100
  edge_path: edge_data/
  freq: 10
  info_diff_type: l2
  inject_round: 0
  insert_round: 100000
  label_type: dirty
  max_ite: 400
  mean: [0.1307]
  mia_is_simulate_in: False
  mia_simulate_in_round: 20
  pgd_eps: 2
  pgd_lr: 0.1
  pgd_poisoning: False
  poison_ratio: 0.5
  reconstruct_lr: 0.01
  reconstruct_optim: Adam
  scale_para: 1.0
  scale_poisoning: False
  self_epoch: 6
  self_lr: 0.05
  self_opt: False
  setting: fix
  std: [0.3081]
  target_label_ind: -1
  trigger_path: trigger/
  trigger_type: edge
backend: torch
cfg_file: 
check_completeness: False
criterion:
  type: CrossEntropyLoss
data:
  args: []
  batch_size: 16
  cSBM_phi: [0.5, 0.5, 0.5]
  cache_dir: 
  consistent_label_distribution: False
  drop_last: False
  hetero_data_name: []
  hetero_synth_batch_size: 32
  hetero_synth_feat_dim: 128
  hetero_synth_prim_weight: 0.5
  is_debug: False
  loader: 
  max_query_len: 128
  max_seq_len: 384
  max_tgt_len: 128
  num_contrast: 0
  num_of_client_for_data: []
  num_steps: 30
  num_workers: 0
  pre_transform: []
  quadratic:
    dim: 1
    max_curv: 12.5
    min_curv: 0.02
  root: data/
  save_data: False
  server_holds_all: False
  shuffle: True
  sizes: [10, 5]
  splits: [0.8, 0, 0.2]
  splitter: lda
  splitter_args: [{'alpha': 0.3}]
  subsample: 1.0
  target_transform: []
  test_pre_transform: []
  test_target_transform: []
  test_transform: []
  transform: []
  trunc_stride: 128
  type: lung
  val_pre_transform: []
  val_target_transform: []
  val_transform: []
  walk_length: 2
dataloader:
  batch_size: 16
  drop_last: False
  num_steps: 30
  num_workers: 0
  pin_memory: False
  shuffle: True
  sizes: [10, 5]
  theta: -1
  type: base
  walk_length: 2
device: 0
distribute:
  use: False
early_stop:
  delta: 0.0
  improve_indicator_mode: best
  patience: 5
eval:
  best_res_update_round_wise_key: test_loss
  count_flops: True
  freq: 1
  metrics: ['acc', 'correct', 'f1']
  monitoring: []
  report: ['weighted_avg', 'avg', 'fairness', 'raw']
  split: ['test', 'val']
expname: Ditto_convnet2_on_lung_lr0.01_lstep1
expname_tag: 
feat_engr:
  num_bins: 5
  scenario: hfl
  secure:
    dp:
      
    encrypt:
      type: dummy
    key_size: 3072
    type: encrypt
  selec_threshold: 0.05
  selec_woe_binning: quantile
  type: 
federate:
  atc_load_from: 
  atc_vanilla: False
  client_num: 10
  data_weighted_aggr: False
  ignore_weight: False
  join_in_info: []
  make_global_eval: False
  merge_test_data: False
  method: Ditto
  mode: standalone
  online_aggr: True
  resource_info_file: 
  restore_from: 
  sample_client_num: 10
  sample_client_rate: -1.0
  sampler: uniform
  save_to: 
  share_local_model: False
  total_round_num: 10
  unseen_clients_rate: 0.0
  use_diff: False
  use_ss: False
fedopt:
  use: False
fedprox:
  use: False
fedsageplus:
  a: 1.0
  b: 1.0
  c: 1.0
  fedgen_epoch: 200
  gen_hidden: 128
  hide_portion: 0.5
  loc_epoch: 1
  num_pred: 5
finetune:
  batch_or_epoch: epoch
  before_eval: False
  freeze_param: 
  local_update_steps: 1
  optimizer:
    lr: 0.1
    type: SGD
  scheduler:
    type: 
    warmup_ratio: 0.0
flitplus:
  factor_ema: 0.8
  lambdavat: 0.5
  tmpFed: 0.5
  weightReg: 1.0
gcflplus:
  EPS_1: 0.05
  EPS_2: 0.1
  seq_length: 5
  standardize: False
grad:
  grad_accum_count: 1
  grad_clip: 5.0
hpo:
  fedex:
    cutoff: 0.0
    diff: False
    eta0: -1.0
    flatten_ss: True
    gamma: 0.0
    pi_lr: 0.01
    psn: False
    sched: auto
    ss: 
    use: False
  init_cand_num: 16
  larger_better: False
  metric: client_summarized_weighted_avg.val_loss
  num_workers: 0
  pbt:
    max_stage: 5
    perf_threshold: 0.1
  scheduler: rs
  sha:
    budgets: []
    elim_rate: 3
    iter: 0
  ss: 
  table:
    eps: 0.1
    idx: 0
    num: 27
  working_folder: hpo
model:
  contrast_temp: 1.0
  contrast_topk: 100
  downstream_tasks: []
  dropout: 0.0
  embed_size: 8
  gamma: 0
  graph_pooling: mean
  hidden: 2048
  in_channels: 0
  input_shape: ()
  label_smoothing: 0.1
  lambda_: 0.1
  layer: 2
  length_penalty: 2.0
  max_answer_len: 30
  max_length: 200
  max_tree_depth: 3
  min_length: 1
  model_num_per_trainer: 1
  model_type: google/bert_uncased_L-2_H-128_A-2
  n_best_size: 20
  no_repeat_ngram_size: 3
  null_score_diff_threshold: 0.0
  num_beams: 5
  num_item: 0
  num_labels: 1
  num_of_trees: 10
  num_user: 0
  out_channels: 3
  pretrain_tasks: []
  stage: 
  task: node
  type: convnet2
  use_bias: True
  use_contrastive_loss: False
nbafl:
  use: False
outdir: exp/Ditto_convnet2_on_lung_lr0.01_lstep1
personalization:
  K: 5
  beta: 1.0
  local_param: []
  local_update_steps: 1
  lr: 0.5
  regular_weight: 1.0
  share_non_trainable_para: False
print_decimal_digits: 6
regularizer:
  mu: 0.0
  type: 
seed: 2
sgdmf:
  use: False
train:
  batch_or_epoch: epoch
  local_update_steps: 1
  optimizer:
    lr: 0.01
    type: SGD
    weight_decay: 0.0
  scheduler:
    type: 
    warmup_ratio: 0.0
trainer:
  disp_freq: 50
  local_entropy:
    alpha: 0.75
    eps: 0.001
    gamma: 0.0001
  sam:
    adaptive: False
    eta: 0.0
    rho: 1.0
  type: cvtrainer
  val_freq: 100000000
use_gpu: True
verbose: 1
vertical:
  use: False
wandb:
  use: False
2023-02-13 20:45:20,320 (utils:144) INFO: The device information file is not provided
2023-02-13 20:45:20,768 (fed_runner:169) INFO: Server has been set up ... 
2023-02-13 20:45:21,317 (context:228) WARNING: cur_split `None` not found in data_split, will use `train` split to calculate `ctx.var`.
2023-02-13 20:45:21,399 (fed_runner:221) INFO: Client 1 has been set up ... 
2023-02-13 20:45:21,954 (context:228) WARNING: cur_split `None` not found in data_split, will use `train` split to calculate `ctx.var`.
2023-02-13 20:45:22,038 (fed_runner:221) INFO: Client 2 has been set up ... 
2023-02-13 20:45:22,647 (context:228) WARNING: cur_split `None` not found in data_split, will use `train` split to calculate `ctx.var`.
2023-02-13 20:45:22,724 (fed_runner:221) INFO: Client 3 has been set up ... 
2023-02-13 20:45:23,275 (context:228) WARNING: cur_split `None` not found in data_split, will use `train` split to calculate `ctx.var`.
2023-02-13 20:45:23,356 (fed_runner:221) INFO: Client 4 has been set up ... 
2023-02-13 20:45:23,797 (context:228) WARNING: cur_split `None` not found in data_split, will use `train` split to calculate `ctx.var`.
2023-02-13 20:45:23,878 (fed_runner:221) INFO: Client 5 has been set up ... 
2023-02-13 20:45:24,432 (context:228) WARNING: cur_split `None` not found in data_split, will use `train` split to calculate `ctx.var`.
2023-02-13 20:45:24,507 (fed_runner:221) INFO: Client 6 has been set up ... 
2023-02-13 20:45:24,988 (context:228) WARNING: cur_split `None` not found in data_split, will use `train` split to calculate `ctx.var`.
2023-02-13 20:45:25,063 (fed_runner:221) INFO: Client 7 has been set up ... 
2023-02-13 20:45:25,612 (context:228) WARNING: cur_split `None` not found in data_split, will use `train` split to calculate `ctx.var`.
2023-02-13 20:45:25,686 (fed_runner:221) INFO: Client 8 has been set up ... 
2023-02-13 20:45:26,392 (context:228) WARNING: cur_split `None` not found in data_split, will use `train` split to calculate `ctx.var`.
2023-02-13 20:45:26,471 (fed_runner:221) INFO: Client 9 has been set up ... 
2023-02-13 20:45:27,021 (context:228) WARNING: cur_split `None` not found in data_split, will use `train` split to calculate `ctx.var`.
2023-02-13 20:45:27,094 (fed_runner:221) INFO: Client 10 has been set up ... 
<<<<<<< HEAD
2023-02-13 20:45:27,094 (trainer:341) INFO: Model meta-info: <class 'medscale.contrib.model.VIT2.HAT_Net'>.
=======
<<<<<<< HEAD
2023-02-13 20:45:27,094 (trainer:341) INFO: Model meta-info: <class 'medscale.contrib.model.VIT2.HAT_Net'>.
=======
2023-02-13 20:45:27,094 (trainer:341) INFO: Model meta-info: <class 'medscale.contrib.model.VIT2.HAT_Net'>.
>>>>>>> fe4962455354c9c11afd9c9806ceda28eb280737
>>>>>>> 64b283ee525ef53c32509882719e74890329b83f
2023-02-13 20:45:27,100 (trainer:349) INFO: Num of original para names: 290.
2023-02-13 20:45:27,100 (trainer:350) INFO: Num of original trainable para names: 290.
2023-02-13 20:45:27,100 (trainer:352) INFO: Num of preserved para names in local update: 290. 
Preserved para names in local update: {'blocks.1.0.conv.conv1.0.weight', 'blocks.1.3.attn.qkv.weight', 'blocks.2.1.conv.conv3.0.weight', 'blocks.2.3.attn.norm.weight', 'blocks.2.7.conv.conv3.0.weight', 'blocks.1.1.conv.conv1.0.bias', 'blocks.3.1.conv.conv1.1.weight', 'blocks.1.1.attn.proj.weight', 'blocks.3.0.attn.norm.weight', 'blocks.2.5.conv.conv3.1.bias', 'blocks.3.0.attn.proj_norm.weight', 'blocks.3.0.conv.conv3.0.weight', 'blocks.0.1.conv.conv3.1.weight', 'blocks.2.6.attn.proj_norm.weight', 'blocks.2.2.conv.conv1.1.weight', 'blocks.2.5.attn.proj.bias', 'patch_embed.0.weight', 'blocks.1.0.attn.norm.weight', 'blocks.1.2.conv.conv1.1.weight', 'blocks.1.1.attn.proj_norm.bias', 'blocks.2.4.conv.conv1.0.weight', 'blocks.2.4.attn.proj.bias', 'blocks.2.0.conv.conv2.0.weight', 'blocks.2.0.attn.proj.weight', 'blocks.0.1.attn.proj_norm.weight', 'blocks.2.1.conv.conv1.0.weight', 'blocks.2.2.conv.conv1.0.bias', 'blocks.3.1.attn.proj_norm.weight', 'blocks.2.2.attn.proj_norm.weight', 'blocks.1.2.attn.proj.bias', 'blocks.2.1.attn.qkv.bias', 'blocks.1.1.attn.qkv.weight', 'blocks.1.3.conv.conv2.0.weight', 'blocks.2.5.conv.conv3.0.weight', 'blocks.1.2.conv.conv1.0.bias', 'blocks.2.1.conv.conv3.1.weight', 'blocks.2.4.attn.qkv.bias', 'blocks.2.7.conv.conv1.0.bias', 'patch_embed.1.bias', 'blocks.0.2.attn.proj.weight', 'blocks.3.0.attn.proj.weight', 'blocks.3.2.attn.proj_norm.weight', 'blocks.3.2.conv.conv1.0.bias', 'blocks.1.0.conv.conv3.1.weight', 'blocks.1.1.conv.conv1.0.weight', 'blocks.2.4.attn.qkv.weight', 'blocks.1.1.conv.conv1.1.weight', 'blocks.0.2.attn.norm.bias', 'blocks.1.1.attn.qkv.bias', 'blocks.1.3.conv.conv3.1.weight', 'ds4.conv.weight', 'blocks.0.1.conv.conv3.0.weight', 'blocks.2.7.attn.proj_norm.bias', 'patch_embed.1.weight', 'blocks.0.2.conv.conv3.1.bias', 'blocks.1.0.conv.conv3.0.weight', 'blocks.2.2.conv.conv3.1.bias', 'blocks.1.2.attn.norm.bias', 'blocks.2.6.conv.conv3.1.bias', 'blocks.2.7.attn.qkv.bias', 'blocks.2.5.conv.conv1.0.bias', 'blocks.2.5.conv.conv1.1.weight', 'blocks.2.2.attn.norm.weight', 'blocks.2.6.conv.conv2.0.weight', 'blocks.3.0.conv.conv1.1.weight', 'blocks.2.6.conv.conv3.1.weight', 'blocks.1.0.attn.qkv.weight', 'blocks.1.3.attn.norm.bias', 'blocks.1.3.conv.conv3.0.weight', 'blocks.3.1.attn.proj.bias', 'blocks.1.3.conv.conv3.1.bias', 'blocks.2.1.conv.conv1.1.weight', 'blocks.3.1.attn.proj_norm.bias', 'blocks.2.3.attn.proj.weight', 'blocks.3.0.attn.norm.bias', 'blocks.3.1.conv.conv2.0.weight', 'blocks.3.2.attn.qkv.bias', 'blocks.2.0.conv.conv3.1.bias', 'blocks.0.1.conv.conv2.0.weight', 'blocks.3.1.conv.conv3.0.weight', 'blocks.1.1.conv.conv3.1.weight', 'blocks.1.1.attn.norm.weight', 'blocks.0.1.attn.proj.bias', 'blocks.1.3.attn.proj.bias', 'blocks.2.2.attn.norm.bias', 'blocks.2.3.conv.conv1.0.weight', 'blocks.2.4.conv.conv3.0.weight', 'classifier.1.bias', 'blocks.0.0.attn.norm.weight', 'blocks.3.1.conv.conv3.1.bias', 'blocks.3.1.attn.qkv.weight', 'blocks.0.0.conv.conv2.0.weight', 'blocks.2.4.attn.proj_norm.bias', 'blocks.2.3.conv.conv1.0.bias', 'blocks.2.4.conv.conv1.1.weight', 'blocks.2.0.attn.proj.bias', 'blocks.1.2.attn.qkv.weight', 'blocks.2.5.attn.proj_norm.bias', 'blocks.2.0.attn.proj_norm.weight', 'blocks.2.6.attn.qkv.weight', 'blocks.2.0.conv.conv1.0.weight', 'blocks.2.3.attn.proj_norm.bias', 'blocks.3.2.attn.proj.bias', 'blocks.0.0.attn.proj_norm.weight', 'blocks.0.1.attn.norm.bias', 'blocks.0.2.conv.conv1.0.bias', 'blocks.2.7.attn.proj_norm.weight', 'ds4.norm.bias', 'blocks.1.2.attn.proj.weight', 'blocks.2.7.attn.qkv.weight', 'blocks.3.1.conv.conv1.0.bias', 'blocks.0.1.conv.conv1.1.weight', 'blocks.3.2.conv.conv3.0.weight', 'blocks.2.2.conv.conv3.1.weight', 'ds3.norm.bias', 'blocks.3.2.conv.conv1.0.weight', 'blocks.2.2.conv.conv2.0.weight', 'blocks.1.3.conv.conv1.1.weight', 'blocks.2.7.attn.norm.bias', 'blocks.3.2.conv.conv3.1.bias', 'blocks.0.1.attn.proj.weight', 'blocks.1.1.conv.conv3.0.weight', 'blocks.1.2.conv.conv3.1.bias', 'blocks.2.2.attn.qkv.weight', 'blocks.1.2.conv.conv2.0.weight', 'blocks.1.2.attn.norm.weight', 'blocks.2.5.attn.norm.weight', 'blocks.1.2.attn.proj_norm.weight', 'blocks.3.0.attn.qkv.bias', 'blocks.3.1.conv.conv1.0.weight', 'ds4.conv.bias', 'blocks.0.2.attn.norm.weight', 'blocks.2.7.attn.norm.weight', 'blocks.2.0.conv.conv3.1.weight', 'blocks.2.6.attn.proj.bias', 'blocks.3.1.attn.qkv.bias', 'blocks.1.2.conv.conv1.0.weight', 'blocks.2.3.conv.conv3.0.weight', 'blocks.3.0.attn.qkv.weight', 'blocks.0.0.attn.norm.bias', 'blocks.2.1.conv.conv3.1.bias', 'ds4.norm.weight', 'blocks.2.4.conv.conv1.0.bias', 'blocks.0.1.attn.qkv.weight', 'blocks.2.0.attn.norm.weight', 'blocks.2.2.conv.conv1.0.weight', 'blocks.2.3.attn.qkv.bias', 'blocks.0.0.conv.conv1.0.bias', 'classifier.1.weight', 'blocks.1.0.conv.conv1.1.weight', 'blocks.2.5.attn.qkv.weight', 'blocks.2.5.conv.conv2.0.weight', 'blocks.0.0.attn.proj_norm.bias', 'blocks.0.0.conv.conv3.1.weight', 'blocks.2.0.attn.qkv.bias', 'blocks.2.7.conv.conv3.1.weight', 'blocks.3.0.attn.proj_norm.bias', 'blocks.2.7.conv.conv3.1.bias', 'blocks.0.1.attn.qkv.bias', 'blocks.1.3.attn.qkv.bias', 'blocks.2.4.attn.proj.weight', 'blocks.3.2.attn.proj_norm.bias', 'patch_embed.3.weight', 'blocks.0.0.attn.qkv.weight', 'ds3.conv.bias', 'blocks.3.1.conv.conv3.1.weight', 'blocks.1.1.attn.proj_norm.weight', 'blocks.2.0.attn.qkv.weight', 'blocks.0.1.conv.conv1.0.weight', 'blocks.2.3.attn.proj.bias', 'blocks.0.2.conv.conv3.0.weight', 'blocks.2.4.attn.norm.weight', 'patch_embed.0.bias', 'blocks.2.3.conv.conv3.1.bias', 'blocks.0.0.conv.conv3.1.bias', 'blocks.1.1.conv.conv2.0.weight', 'blocks.0.0.conv.conv3.0.weight', 'blocks.2.5.attn.norm.bias', 'blocks.2.7.attn.proj.weight', 'blocks.1.1.attn.proj.bias', 'blocks.3.0.conv.conv3.1.bias', 'blocks.0.2.conv.conv1.0.weight', 'blocks.1.0.conv.conv1.0.bias', 'blocks.1.1.conv.conv3.1.bias', 'blocks.1.3.attn.norm.weight', 'blocks.2.1.conv.conv1.0.bias', 'blocks.2.4.conv.conv3.1.bias', 'blocks.2.5.conv.conv1.0.weight', 'blocks.2.2.attn.proj.weight', 'blocks.2.6.conv.conv3.0.weight', 'blocks.3.1.attn.norm.bias', 'blocks.1.3.conv.conv1.0.bias', 'blocks.0.2.attn.proj_norm.bias', 'blocks.2.0.conv.conv3.0.weight', 'blocks.2.2.attn.proj.bias', 'blocks.1.3.conv.conv1.0.weight', 'blocks.2.3.conv.conv2.0.weight', 'blocks.1.0.conv.conv3.1.bias', 'blocks.2.1.attn.norm.bias', 'blocks.2.4.attn.norm.bias', 'blocks.2.0.conv.conv1.0.bias', 'blocks.2.7.conv.conv1.0.weight', 'blocks.2.1.attn.norm.weight', 'ds2.norm.bias', 'blocks.2.0.attn.proj_norm.bias', 'blocks.2.2.attn.proj_norm.bias', 'blocks.2.6.attn.norm.weight', 'blocks.3.0.attn.proj.bias', 'blocks.2.6.attn.qkv.bias', 'blocks.3.2.attn.norm.weight', 'blocks.0.2.attn.qkv.bias', 'blocks.3.0.conv.conv1.0.bias', 'blocks.1.0.attn.proj_norm.bias', 'blocks.1.2.attn.proj_norm.bias', 'blocks.2.4.attn.proj_norm.weight', 'blocks.0.1.conv.conv1.0.bias', 'blocks.1.3.attn.proj_norm.bias', 'blocks.2.6.conv.conv1.0.weight', 'blocks.1.1.attn.norm.bias', 'blocks.0.2.attn.proj_norm.weight', 'blocks.0.0.conv.conv1.1.weight', 'patch_embed.3.bias', 'blocks.1.3.attn.proj_norm.weight', 'blocks.3.2.attn.norm.bias', 'blocks.1.0.conv.conv2.0.weight', 'blocks.0.0.attn.proj.bias', 'blocks.1.2.conv.conv3.0.weight', 'blocks.0.2.attn.proj.bias', 'blocks.0.2.conv.conv2.0.weight', 'blocks.2.3.attn.norm.bias', 'blocks.2.1.attn.proj.bias', 'blocks.2.5.conv.conv3.1.weight', 'blocks.2.6.attn.norm.bias', 'blocks.2.7.attn.proj.bias', 'blocks.3.2.conv.conv3.1.weight', 'blocks.2.3.attn.qkv.weight', 'blocks.2.7.conv.conv1.1.weight', 'blocks.3.0.conv.conv3.1.weight', 'blocks.0.0.attn.proj.weight', 'ds2.norm.weight', 'blocks.0.1.attn.norm.weight', 'blocks.1.0.attn.proj.weight', 'blocks.2.6.conv.conv1.1.weight', 'blocks.3.2.attn.qkv.weight', 'blocks.2.0.conv.conv1.1.weight', 'blocks.2.4.conv.conv3.1.weight', 'blocks.1.0.attn.norm.bias', 'blocks.3.0.conv.conv1.0.weight', 'blocks.1.0.attn.proj_norm.weight', 'blocks.1.2.attn.qkv.bias', 'ds3.norm.weight', 'blocks.2.1.conv.conv2.0.weight', 'blocks.3.2.conv.conv1.1.weight', 'ds2.conv.weight', 'blocks.2.6.conv.conv1.0.bias', 'blocks.2.2.conv.conv3.0.weight', 'blocks.2.0.attn.norm.bias', 'blocks.2.3.conv.conv1.1.weight', 'blocks.0.0.attn.qkv.bias', 'blocks.3.2.conv.conv2.0.weight', 'blocks.2.4.conv.conv2.0.weight', 'blocks.2.5.attn.proj_norm.weight', 'blocks.2.1.attn.proj_norm.bias', 'blocks.2.3.conv.conv3.1.weight', 'blocks.2.6.attn.proj.weight', 'blocks.3.0.conv.conv2.0.weight', 'blocks.3.2.attn.proj.weight', 'blocks.1.0.attn.proj.bias', 'blocks.2.1.attn.proj.weight', 'blocks.2.5.attn.proj.weight', 'blocks.2.5.attn.qkv.bias', 'blocks.2.1.attn.qkv.weight', 'blocks.1.0.attn.qkv.bias', 'blocks.2.2.attn.qkv.bias', 'blocks.2.6.attn.proj_norm.bias', 'blocks.0.0.conv.conv1.0.weight', 'blocks.3.1.attn.proj.weight', 'ds3.conv.weight', 'blocks.2.1.attn.proj_norm.weight', 'blocks.2.7.conv.conv2.0.weight', 'blocks.1.3.attn.proj.weight', 'blocks.0.1.attn.proj_norm.bias', 'blocks.3.1.attn.norm.weight', 'blocks.0.2.attn.qkv.weight', 'blocks.2.3.attn.proj_norm.weight', 'blocks.0.2.conv.conv1.1.weight', 'blocks.0.2.conv.conv3.1.weight', 'ds2.conv.bias', 'blocks.0.1.conv.conv3.1.bias', 'blocks.1.2.conv.conv3.1.weight'}.
2023-02-13 20:45:27,105 (trainer:356) INFO: Num of filtered para names in local update: 0. 
Filtered para names in local update: set().
2023-02-13 20:45:27,105 (trainer:361) INFO: After register default hooks,
	the hooks_in_train is:
	{
	  "on_fit_start": [
	    "_hook_on_fit_start_set_regularized_para",
	    "_hook_on_fit_start_init",
	    "_hook_on_fit_start_calculate_model_size",
	    "_hook_on_fit_start_clean"
	  ],
	  "on_epoch_start": [
	    "_hook_on_epoch_start"
	  ],
	  "on_batch_start": [
	    "_hook_on_batch_start_switch_model",
	    "_hook_on_batch_start_init"
	  ],
	  "on_batch_forward": [
	    "_hook_on_batch_forward",
	    "_hook_on_batch_forward_regularizer",
	    "_hook_on_batch_forward_flop_count",
	    "_hook_on_batch_forward_cnt_num"
	  ],
	  "on_batch_backward": [
	    "_hook_on_batch_backward"
	  ],
	  "on_batch_end": [
	    "_hook_on_batch_end",
	    "_hook_on_batch_end_flop_count"
	  ],
	  "on_fit_end": [
	    "_hook_on_fit_end",
	    "_hook_on_fit_end_calibrate",
	    "_hook_on_fit_end_free_cuda"
	  ]
	};
	the hooks_in_eval is:
            t{
	  "on_fit_start": [
	    "_hook_on_fit_start_switch_local_model",
	    "_hook_on_fit_start_init"
	  ],
	  "on_epoch_start": [
	    "_hook_on_epoch_start"
	  ],
	  "on_batch_start": [
	    "_hook_on_batch_start_init"
	  ],
	  "on_batch_forward": [
	    "_hook_on_batch_forward"
	  ],
	  "on_batch_end": [
	    "_hook_on_batch_end"
	  ],
	  "on_fit_end": [
	    "_hook_on_fit_end",
	    "_hook_on_fit_end_switch_global_model",
	    "_hook_on_fit_end_free_cuda"
	  ]
	}
2023-02-13 20:45:27,189 (server:804) INFO: ----------- Starting training (Round #0) -------------
2023-02-13 20:45:31,281 (client:306) INFO: {'Role': 'Client #9', 'Round': 0, 'Results_raw': {'train_acc': 0.166667, 'train_loss': 14.561904, 'train_f1': 0.095238, 'train_total': 6, 'train_avg_loss': 1.213492, 'train_correct': 2.0, 'train_total_local_model': 6}}
2023-02-13 20:45:37,276 (client:306) INFO: {'Role': 'Client #3', 'Round': 0, 'Results_raw': {'train_acc': 0.890135, 'train_loss': 163.417997, 'train_f1': 0.313958, 'train_total': 223, 'train_avg_loss': 0.366408, 'train_correct': 397.0, 'train_total_local_model': 223}}
2023-02-13 20:45:41,543 (client:306) INFO: {'Role': 'Client #10', 'Round': 0, 'Results_raw': {'train_acc': 0.631757, 'train_loss': 250.640034, 'train_f1': 0.386908, 'train_total': 148, 'train_avg_loss': 0.846757, 'train_correct': 187.0, 'train_total_local_model': 148}}
2023-02-13 20:45:46,463 (client:306) INFO: {'Role': 'Client #8', 'Round': 0, 'Results_raw': {'train_acc': 0.735632, 'train_loss': 216.659175, 'train_f1': 0.350307, 'train_total': 174, 'train_avg_loss': 0.622584, 'train_correct': 256.0, 'train_total_local_model': 174}}
2023-02-13 20:45:47,275 (client:306) INFO: {'Role': 'Client #1', 'Round': 0, 'Results_raw': {'train_acc': 0.357143, 'train_loss': 16.345143, 'train_f1': 0.175439, 'train_total': 7, 'train_avg_loss': 1.16751, 'train_correct': 5.0, 'train_total_local_model': 7}}
2023-02-13 20:45:48,595 (client:306) INFO: {'Role': 'Client #2', 'Round': 0, 'Results_raw': {'train_acc': 0.645161, 'train_loss': 51.480122, 'train_f1': 0.316588, 'train_total': 31, 'train_avg_loss': 0.830325, 'train_correct': 40.0, 'train_total_local_model': 31}}
2023-02-13 20:45:51,708 (client:306) INFO: {'Role': 'Client #4', 'Round': 0, 'Results_raw': {'train_acc': 0.887755, 'train_loss': 37.465151, 'train_f1': 0.313514, 'train_total': 98, 'train_avg_loss': 0.191149, 'train_correct': 174.0, 'train_total_local_model': 98}}
2023-02-13 20:45:52,651 (client:306) INFO: {'Role': 'Client #7', 'Round': 0, 'Results_raw': {'train_acc': 0.34375, 'train_loss': 35.169451, 'train_f1': 0.232338, 'train_total': 16, 'train_avg_loss': 1.099045, 'train_correct': 11.0, 'train_total_local_model': 16}}
2023-02-13 20:45:57,366 (client:306) INFO: {'Role': 'Client #5', 'Round': 0, 'Results_raw': {'train_acc': 0.530303, 'train_loss': 300.620867, 'train_f1': 0.349097, 'train_total': 165, 'train_avg_loss': 0.910972, 'train_correct': 175.0, 'train_total_local_model': 165}}
2023-02-13 20:45:58,190 (client:306) INFO: {'Role': 'Client #6', 'Round': 0, 'Results_raw': {'train_acc': 0.333333, 'train_loss': 21.566846, 'train_f1': 0.190476, 'train_total': 9, 'train_avg_loss': 1.198158, 'train_correct': 6.0, 'train_total_local_model': 9}}
2023-02-13 20:45:58,247 (monitor:541) INFO: {'Role': 'Server #', 'Round': 0, 'Results_model_metric': {}}
2023-02-13 20:45:58,278 (server:330) INFO: Server: Starting evaluation at the end of round 0.
2023-02-13 20:45:58,292 (server:336) INFO: ----------- Starting a new training round (Round #1) -------------
2023-02-13 20:45:58,838 (context:294) WARNING: No val_data or val_loader in the trainer, will skip evaluation.If this is not the case you want, please check whether there is typo for the name
2023-02-13 20:45:59,234 (context:294) WARNING: No val_data or val_loader in the trainer, will skip evaluation.If this is not the case you want, please check whether there is typo for the name
2023-02-13 20:45:59,418 (context:294) WARNING: No val_data or val_loader in the trainer, will skip evaluation.If this is not the case you want, please check whether there is typo for the name
2023-02-13 20:45:59,772 (context:294) WARNING: No val_data or val_loader in the trainer, will skip evaluation.If this is not the case you want, please check whether there is typo for the name
2023-02-13 20:45:59,913 (context:294) WARNING: No val_data or val_loader in the trainer, will skip evaluation.If this is not the case you want, please check whether there is typo for the name
2023-02-13 20:46:00,323 (context:294) WARNING: No val_data or val_loader in the trainer, will skip evaluation.If this is not the case you want, please check whether there is typo for the name
2023-02-13 20:46:00,509 (context:294) WARNING: No val_data or val_loader in the trainer, will skip evaluation.If this is not the case you want, please check whether there is typo for the name
2023-02-13 20:46:00,971 (context:294) WARNING: No val_data or val_loader in the trainer, will skip evaluation.If this is not the case you want, please check whether there is typo for the name
2023-02-13 20:46:01,275 (context:294) WARNING: No val_data or val_loader in the trainer, will skip evaluation.If this is not the case you want, please check whether there is typo for the name
2023-02-13 20:46:01,604 (context:294) WARNING: No val_data or val_loader in the trainer, will skip evaluation.If this is not the case you want, please check whether there is typo for the name
2023-02-13 20:46:01,606 (server:590) INFO: {'Role': 'Server #', 'Round': 0, 'Results_weighted_avg': {'test_acc': 0.240909, 'test_loss': 74.746028, 'test_f1': 0.155283, 'test_total': 22.0, 'test_avg_loss': 2.618651, 'test_correct': 5.3}, 'Results_avg': {'test_acc': 0.281014, 'test_loss': 57.61033, 'test_f1': 0.216541, 'test_total': 22.0, 'test_avg_loss': 2.909342, 'test_correct': 5.3}, 'Results_fairness': {'test_total': 22.0, 'test_correct': 5.3, 'test_acc_std': 0.380621, 'test_acc_bottom_decile': 0.0, 'test_acc_top_decile': 1.0, 'test_acc_min': 0.0, 'test_acc_max': 1.0, 'test_acc_bottom10%': 0.0, 'test_acc_top10%': 1.0, 'test_acc_cos1': 0.593961, 'test_acc_entropy': 1.379305, 'test_loss_std': 50.864054, 'test_loss_bottom_decile': 15.915392, 'test_loss_top_decile': 178.322923, 'test_loss_min': 0.373377, 'test_loss_max': 178.322923, 'test_loss_bottom10%': 0.373377, 'test_loss_top10%': 178.322923, 'test_loss_cos1': 0.749635, 'test_loss_entropy': 1.937491, 'test_f1_std': 0.318802, 'test_f1_bottom_decile': 0.0, 'test_f1_top_decile': 1.0, 'test_f1_min': 0.0, 'test_f1_max': 1.0, 'test_f1_bottom10%': 0.0, 'test_f1_top10%': 1.0, 'test_f1_cos1': 0.561877, 'test_f1_entropy': 1.330508, 'test_avg_loss_std': 2.279525, 'test_avg_loss_bottom_decile': 0.757876, 'test_avg_loss_top_decile': 7.132917, 'test_avg_loss_min': 0.373377, 'test_avg_loss_max': 7.132917, 'test_avg_loss_bottom10%': 0.373377, 'test_avg_loss_top10%': 7.132917, 'test_avg_loss_cos1': 0.787157, 'test_avg_loss_entropy': 2.008964}}
2023-02-13 20:46:02,082 (client:306) INFO: {'Role': 'Client #1', 'Round': 1, 'Results_raw': {'train_acc': 0.5, 'train_loss': 17.521829, 'train_f1': 0.222222, 'train_total': 7, 'train_avg_loss': 1.251559, 'train_correct': 7.0, 'train_total_local_model': 7}}
2023-02-13 20:46:03,136 (client:306) INFO: {'Role': 'Client #2', 'Round': 1, 'Results_raw': {'train_acc': 0.564516, 'train_loss': 41.984258, 'train_f1': 0.35349, 'train_total': 31, 'train_avg_loss': 0.677165, 'train_correct': 35.0, 'train_total_local_model': 31}}
2023-02-13 20:46:07,164 (client:306) INFO: {'Role': 'Client #10', 'Round': 1, 'Results_raw': {'train_acc': 0.648649, 'train_loss': 216.701666, 'train_f1': 0.389749, 'train_total': 148, 'train_avg_loss': 0.7321, 'train_correct': 192.0, 'train_total_local_model': 148}}
2023-02-13 20:46:11,747 (client:306) INFO: {'Role': 'Client #5', 'Round': 1, 'Results_raw': {'train_acc': 0.60303, 'train_loss': 268.368496, 'train_f1': 0.593317, 'train_total': 165, 'train_avg_loss': 0.813238, 'train_correct': 199.0, 'train_total_local_model': 165}}
2023-02-13 20:46:12,403 (client:306) INFO: {'Role': 'Client #7', 'Round': 1, 'Results_raw': {'train_acc': 0.375, 'train_loss': 43.97724, 'train_f1': 0.2, 'train_total': 16, 'train_avg_loss': 1.374289, 'train_correct': 12.0, 'train_total_local_model': 16}}
2023-02-13 20:46:17,161 (client:306) INFO: {'Role': 'Client #8', 'Round': 1, 'Results_raw': {'train_acc': 0.795977, 'train_loss': 181.732958, 'train_f1': 0.559407, 'train_total': 174, 'train_avg_loss': 0.522221, 'train_correct': 277.0, 'train_total_local_model': 174}}
2023-02-13 20:46:22,969 (client:306) INFO: {'Role': 'Client #3', 'Round': 1, 'Results_raw': {'train_acc': 0.912556, 'train_loss': 133.562225, 'train_f1': 0.501476, 'train_total': 223, 'train_avg_loss': 0.299467, 'train_correct': 407.0, 'train_total_local_model': 223}}
2023-02-13 20:46:23,522 (client:306) INFO: {'Role': 'Client #6', 'Round': 1, 'Results_raw': {'train_acc': 0.777778, 'train_loss': 12.196934, 'train_f1': 0.4375, 'train_total': 9, 'train_avg_loss': 0.677607, 'train_correct': 14.0, 'train_total_local_model': 9}}
2023-02-13 20:46:26,376 (client:306) INFO: {'Role': 'Client #4', 'Round': 1, 'Results_raw': {'train_acc': 0.918367, 'train_loss': 20.112333, 'train_f1': 0.478723, 'train_total': 98, 'train_avg_loss': 0.102614, 'train_correct': 180.0, 'train_total_local_model': 98}}
2023-02-13 20:46:26,842 (client:306) INFO: {'Role': 'Client #9', 'Round': 1, 'Results_raw': {'train_acc': 0.5, 'train_loss': 8.286092, 'train_f1': 0.333333, 'train_total': 6, 'train_avg_loss': 0.690508, 'train_correct': 6.0, 'train_total_local_model': 6}}
2023-02-13 20:46:26,891 (monitor:541) INFO: {'Role': 'Server #', 'Round': 1, 'Results_model_metric': {}}
2023-02-13 20:46:26,921 (server:330) INFO: Server: Starting evaluation at the end of round 1.
2023-02-13 20:46:26,935 (server:336) INFO: ----------- Starting a new training round (Round #2) -------------
2023-02-13 20:46:27,470 (context:294) WARNING: No val_data or val_loader in the trainer, will skip evaluation.If this is not the case you want, please check whether there is typo for the name
2023-02-13 20:46:27,849 (context:294) WARNING: No val_data or val_loader in the trainer, will skip evaluation.If this is not the case you want, please check whether there is typo for the name
2023-02-13 20:46:28,009 (context:294) WARNING: No val_data or val_loader in the trainer, will skip evaluation.If this is not the case you want, please check whether there is typo for the name
2023-02-13 20:46:28,337 (context:294) WARNING: No val_data or val_loader in the trainer, will skip evaluation.If this is not the case you want, please check whether there is typo for the name
2023-02-13 20:46:28,471 (context:294) WARNING: No val_data or val_loader in the trainer, will skip evaluation.If this is not the case you want, please check whether there is typo for the name
2023-02-13 20:46:28,870 (context:294) WARNING: No val_data or val_loader in the trainer, will skip evaluation.If this is not the case you want, please check whether there is typo for the name
2023-02-13 20:46:29,040 (context:294) WARNING: No val_data or val_loader in the trainer, will skip evaluation.If this is not the case you want, please check whether there is typo for the name
2023-02-13 20:46:29,481 (context:294) WARNING: No val_data or val_loader in the trainer, will skip evaluation.If this is not the case you want, please check whether there is typo for the name
2023-02-13 20:46:29,782 (context:294) WARNING: No val_data or val_loader in the trainer, will skip evaluation.If this is not the case you want, please check whether there is typo for the name
2023-02-13 20:46:30,101 (context:294) WARNING: No val_data or val_loader in the trainer, will skip evaluation.If this is not the case you want, please check whether there is typo for the name
2023-02-13 20:46:30,103 (server:590) INFO: {'Role': 'Server #', 'Round': 1, 'Results_weighted_avg': {'test_acc': 0.195455, 'test_loss': 126.669918, 'test_f1': 0.150617, 'test_total': 22.0, 'test_avg_loss': 4.025358, 'test_correct': 4.3}, 'Results_avg': {'test_acc': 0.25298, 'test_loss': 88.55787, 'test_f1': 0.218317, 'test_total': 22.0, 'test_avg_loss': 3.717398, 'test_correct': 4.3}, 'Results_fairness': {'test_total': 22.0, 'test_correct': 4.3, 'test_acc_std': 0.349175, 'test_acc_bottom_decile': 0.0, 'test_acc_top_decile': 1.0, 'test_acc_min': 0.0, 'test_acc_max': 1.0, 'test_acc_bottom10%': 0.0, 'test_acc_top10%': 1.0, 'test_acc_cos1': 0.586706, 'test_acc_entropy': 1.380548, 'test_loss_std': 83.131573, 'test_loss_bottom_decile': 17.354683, 'test_loss_top_decile': 268.933234, 'test_loss_min': 0.692042, 'test_loss_max': 268.933234, 'test_loss_bottom10%': 0.692042, 'test_loss_top10%': 268.933234, 'test_loss_cos1': 0.729091, 'test_loss_entropy': 1.850327, 'test_f1_std': 0.299956, 'test_f1_bottom_decile': 0.0, 'test_f1_top_decile': 1.0, 'test_f1_min': 0.0, 'test_f1_max': 1.0, 'test_f1_bottom10%': 0.0, 'test_f1_top10%': 1.0, 'test_f1_cos1': 0.588466, 'test_f1_entropy': 1.45583, 'test_avg_loss_std': 2.266079, 'test_avg_loss_bottom_decile': 0.692042, 'test_avg_loss_top_decile': 7.049637, 'test_avg_loss_min': 0.628968, 'test_avg_loss_max': 7.049637, 'test_avg_loss_bottom10%': 0.628968, 'test_avg_loss_top10%': 7.049637, 'test_avg_loss_cos1': 0.85386, 'test_avg_loss_entropy': 2.084059}}
2023-02-13 20:46:30,716 (client:306) INFO: {'Role': 'Client #7', 'Round': 2, 'Results_raw': {'train_acc': 0.15625, 'train_loss': 49.74659, 'train_f1': 0.119048, 'train_total': 16, 'train_avg_loss': 1.554581, 'train_correct': 5.0, 'train_total_local_model': 16}}
2023-02-13 20:46:31,759 (client:306) INFO: {'Role': 'Client #2', 'Round': 2, 'Results_raw': {'train_acc': 0.741935, 'train_loss': 40.411275, 'train_f1': 0.330128, 'train_total': 31, 'train_avg_loss': 0.651795, 'train_correct': 46.0, 'train_total_local_model': 31}}
2023-02-13 20:46:36,455 (client:306) INFO: {'Role': 'Client #8', 'Round': 2, 'Results_raw': {'train_acc': 0.821839, 'train_loss': 149.981302, 'train_f1': 0.552402, 'train_total': 174, 'train_avg_loss': 0.430981, 'train_correct': 286.0, 'train_total_local_model': 174}}
2023-02-13 20:46:40,928 (client:306) INFO: {'Role': 'Client #5', 'Round': 2, 'Results_raw': {'train_acc': 0.681818, 'train_loss': 233.214934, 'train_f1': 0.450839, 'train_total': 165, 'train_avg_loss': 0.706712, 'train_correct': 225.0, 'train_total_local_model': 165}}
2023-02-13 20:46:41,455 (client:306) INFO: {'Role': 'Client #6', 'Round': 2, 'Results_raw': {'train_acc': 0.611111, 'train_loss': 13.856245, 'train_f1': 0.373333, 'train_total': 9, 'train_avg_loss': 0.769791, 'train_correct': 11.0, 'train_total_local_model': 9}}
2023-02-13 20:46:41,949 (client:306) INFO: {'Role': 'Client #1', 'Round': 2, 'Results_raw': {'train_acc': 0.5, 'train_loss': 20.752128, 'train_f1': 0.222222, 'train_total': 7, 'train_avg_loss': 1.482295, 'train_correct': 7.0, 'train_total_local_model': 7}}
2023-02-13 20:46:42,425 (client:306) INFO: {'Role': 'Client #9', 'Round': 2, 'Results_raw': {'train_acc': 0.5, 'train_loss': 7.001686, 'train_f1': 0.333333, 'train_total': 6, 'train_avg_loss': 0.583474, 'train_correct': 6.0, 'train_total_local_model': 6}}
2023-02-13 20:46:46,497 (client:306) INFO: {'Role': 'Client #10', 'Round': 2, 'Results_raw': {'train_acc': 0.668919, 'train_loss': 201.5506, 'train_f1': 0.392581, 'train_total': 148, 'train_avg_loss': 0.680914, 'train_correct': 198.0, 'train_total_local_model': 148}}
2023-02-13 20:46:49,350 (client:306) INFO: {'Role': 'Client #4', 'Round': 2, 'Results_raw': {'train_acc': 0.938776, 'train_loss': 18.674951, 'train_f1': 0.484211, 'train_total': 98, 'train_avg_loss': 0.09528, 'train_correct': 184.0, 'train_total_local_model': 98}}
2023-02-13 20:46:55,065 (client:306) INFO: {'Role': 'Client #3', 'Round': 2, 'Results_raw': {'train_acc': 0.950673, 'train_loss': 112.928844, 'train_f1': 0.487356, 'train_total': 223, 'train_avg_loss': 0.253204, 'train_correct': 424.0, 'train_total_local_model': 223}}
2023-02-13 20:46:55,113 (monitor:541) INFO: {'Role': 'Server #', 'Round': 2, 'Results_model_metric': {}}
2023-02-13 20:46:55,143 (server:330) INFO: Server: Starting evaluation at the end of round 2.
2023-02-13 20:46:55,158 (server:336) INFO: ----------- Starting a new training round (Round #3) -------------
2023-02-13 20:46:55,699 (context:294) WARNING: No val_data or val_loader in the trainer, will skip evaluation.If this is not the case you want, please check whether there is typo for the name
2023-02-13 20:46:56,077 (context:294) WARNING: No val_data or val_loader in the trainer, will skip evaluation.If this is not the case you want, please check whether there is typo for the name
2023-02-13 20:46:56,241 (context:294) WARNING: No val_data or val_loader in the trainer, will skip evaluation.If this is not the case you want, please check whether there is typo for the name
2023-02-13 20:46:56,576 (context:294) WARNING: No val_data or val_loader in the trainer, will skip evaluation.If this is not the case you want, please check whether there is typo for the name
2023-02-13 20:46:56,709 (context:294) WARNING: No val_data or val_loader in the trainer, will skip evaluation.If this is not the case you want, please check whether there is typo for the name
2023-02-13 20:46:57,108 (context:294) WARNING: No val_data or val_loader in the trainer, will skip evaluation.If this is not the case you want, please check whether there is typo for the name
2023-02-13 20:46:57,279 (context:294) WARNING: No val_data or val_loader in the trainer, will skip evaluation.If this is not the case you want, please check whether there is typo for the name
2023-02-13 20:46:57,723 (context:294) WARNING: No val_data or val_loader in the trainer, will skip evaluation.If this is not the case you want, please check whether there is typo for the name
2023-02-13 20:46:58,010 (context:294) WARNING: No val_data or val_loader in the trainer, will skip evaluation.If this is not the case you want, please check whether there is typo for the name
2023-02-13 20:46:58,320 (context:294) WARNING: No val_data or val_loader in the trainer, will skip evaluation.If this is not the case you want, please check whether there is typo for the name
2023-02-13 20:46:58,322 (server:590) INFO: {'Role': 'Server #', 'Round': 2, 'Results_weighted_avg': {'test_acc': 0.213636, 'test_loss': 126.495673, 'test_f1': 0.143568, 'test_total': 22.0, 'test_avg_loss': 4.031487, 'test_correct': 4.7}, 'Results_avg': {'test_acc': 0.16298, 'test_loss': 88.692714, 'test_f1': 0.108402, 'test_total': 22.0, 'test_avg_loss': 3.895569, 'test_correct': 4.7}, 'Results_fairness': {'test_total': 22.0, 'test_correct': 4.7, 'test_acc_std': 0.302524, 'test_acc_bottom_decile': 0.0, 'test_acc_top_decile': 0.771429, 'test_acc_min': 0.0, 'test_acc_max': 0.771429, 'test_acc_bottom10%': 0.0, 'test_acc_top10%': 0.771429, 'test_acc_cos1': 0.474286, 'test_acc_entropy': 0.914112, 'test_loss_std': 84.795705, 'test_loss_bottom_decile': 13.000761, 'test_loss_top_decile': 278.189859, 'test_loss_min': 0.94546, 'test_loss_max': 278.189859, 'test_loss_bottom10%': 0.94546, 'test_loss_top10%': 278.189859, 'test_loss_cos1': 0.722808, 'test_loss_entropy': 1.838604, 'test_f1_std': 0.199876, 'test_f1_bottom_decile': 0.0, 'test_f1_top_decile': 0.533333, 'test_f1_min': 0.0, 'test_f1_max': 0.533333, 'test_f1_bottom10%': 0.0, 'test_f1_top10%': 0.533333, 'test_f1_cos1': 0.476745, 'test_f1_entropy': 0.933235, 'test_avg_loss_std': 2.483953, 'test_avg_loss_bottom_decile': 0.619084, 'test_avg_loss_top_decile': 7.065284, 'test_avg_loss_min': 0.535814, 'test_avg_loss_max': 7.065284, 'test_avg_loss_bottom10%': 0.535814, 'test_avg_loss_top10%': 7.065284, 'test_avg_loss_cos1': 0.843175, 'test_avg_loss_entropy': 2.062228}}
2023-02-13 20:46:58,922 (client:306) INFO: {'Role': 'Client #7', 'Round': 3, 'Results_raw': {'train_acc': 0.4375, 'train_loss': 48.158687, 'train_f1': 0.263492, 'train_total': 16, 'train_avg_loss': 1.504959, 'train_correct': 14.0, 'train_total_local_model': 16}}
2023-02-13 20:47:04,662 (client:306) INFO: {'Role': 'Client #3', 'Round': 3, 'Results_raw': {'train_acc': 0.932735, 'train_loss': 110.089229, 'train_f1': 0.541341, 'train_total': 223, 'train_avg_loss': 0.246837, 'train_correct': 416.0, 'train_total_local_model': 223}}
2023-02-13 20:47:05,124 (client:306) INFO: {'Role': 'Client #9', 'Round': 3, 'Results_raw': {'train_acc': 0.666667, 'train_loss': 4.833872, 'train_f1': 0.4, 'train_total': 6, 'train_avg_loss': 0.402823, 'train_correct': 8.0, 'train_total_local_model': 6}}
2023-02-13 20:47:06,133 (client:306) INFO: {'Role': 'Client #2', 'Round': 3, 'Results_raw': {'train_acc': 0.83871, 'train_loss': 29.675973, 'train_f1': 0.436364, 'train_total': 31, 'train_avg_loss': 0.478645, 'train_correct': 52.0, 'train_total_local_model': 31}}
2023-02-13 20:47:08,940 (client:306) INFO: {'Role': 'Client #4', 'Round': 3, 'Results_raw': {'train_acc': 0.97449, 'train_loss': 11.306709, 'train_f1': 0.49354, 'train_total': 98, 'train_avg_loss': 0.057687, 'train_correct': 191.0, 'train_total_local_model': 98}}
2023-02-13 20:47:13,600 (client:306) INFO: {'Role': 'Client #8', 'Round': 3, 'Results_raw': {'train_acc': 0.859195, 'train_loss': 152.445625, 'train_f1': 0.61573, 'train_total': 174, 'train_avg_loss': 0.438062, 'train_correct': 299.0, 'train_total_local_model': 174}}
2023-02-13 20:47:14,118 (client:306) INFO: {'Role': 'Client #6', 'Round': 3, 'Results_raw': {'train_acc': 0.666667, 'train_loss': 15.587027, 'train_f1': 0.275862, 'train_total': 9, 'train_avg_loss': 0.865946, 'train_correct': 12.0, 'train_total_local_model': 9}}
2023-02-13 20:47:14,604 (client:306) INFO: {'Role': 'Client #1', 'Round': 3, 'Results_raw': {'train_acc': 0.5, 'train_loss': 23.636828, 'train_f1': 0.222222, 'train_total': 7, 'train_avg_loss': 1.688345, 'train_correct': 7.0, 'train_total_local_model': 7}}
2023-02-13 20:47:18,639 (client:306) INFO: {'Role': 'Client #10', 'Round': 3, 'Results_raw': {'train_acc': 0.722973, 'train_loss': 169.105322, 'train_f1': 0.451481, 'train_total': 148, 'train_avg_loss': 0.571302, 'train_correct': 214.0, 'train_total_local_model': 148}}
