2023-02-17 20:21:43,998 (logging:124) INFO: the current machine is at 192.168.0.1
2023-02-17 20:21:43,998 (logging:126) INFO: the current dir is /home/ubuntu/medscale
2023-02-17 20:21:43,998 (logging:127) INFO: the output dir is exp/FedAvg_resnet18_on_lung_lr0.01_lstep2
2023-02-17 20:21:52,016 (cfg_data:145) WARNING: config `cfg.data.batch_size` will be removed in the future, use `cfg.dataloader.batch_size` instead.
2023-02-17 20:21:52,017 (cfg_data:145) WARNING: config `cfg.data.batch_size` will be removed in the future, use `cfg.dataloader.batch_size` instead.
2023-02-17 20:21:52,041 (config:243) INFO: the used configs are: 
aggregator:
  inside_weight: 1.0
  num_agg_groups: 1
  num_agg_topk: []
  outside_weight: 0.0
asyn:
  use: False
attack:
  alpha_TV: 0.001
  alpha_prop_loss: 0
  attack_method: 
  attacker_id: -1
  classifier_PIA: randomforest
  edge_num: 100
  edge_path: edge_data/
  freq: 10
  info_diff_type: l2
  inject_round: 0
  insert_round: 100000
  label_type: dirty
  max_ite: 400
  mean: [0.1307]
  mia_is_simulate_in: False
  mia_simulate_in_round: 20
  pgd_eps: 2
  pgd_lr: 0.1
  pgd_poisoning: False
  poison_ratio: 0.5
  reconstruct_lr: 0.01
  reconstruct_optim: Adam
  scale_para: 1.0
  scale_poisoning: False
  self_epoch: 6
  self_lr: 0.05
  self_opt: False
  setting: fix
  std: [0.3081]
  target_label_ind: -1
  trigger_path: trigger/
  trigger_type: edge
backend: torch
cfg_file: 
check_completeness: False
criterion:
  type: CrossEntropyLoss
data:
  args: []
  batch_size: 16
  cSBM_phi: [0.5, 0.5, 0.5]
  cache_dir: 
  consistent_label_distribution: False
  drop_last: False
  hetero_data_name: []
  hetero_synth_batch_size: 32
  hetero_synth_feat_dim: 128
  hetero_synth_prim_weight: 0.5
  is_debug: False
  loader: 
  max_query_len: 128
  max_seq_len: 384
  max_tgt_len: 128
  num_contrast: 0
  num_of_client_for_data: []
  num_steps: 30
  num_workers: 0
  pre_transform: []
  quadratic:
    dim: 1
    max_curv: 12.5
    min_curv: 0.02
  root: data/
  save_data: False
  server_holds_all: False
  shuffle: True
  sizes: [10, 5]
  splits: [0.8, 0, 0.2]
  splitter: lda
  splitter_args: [{'alpha': 0.1}]
  subsample: 1.0
  target_transform: []
  test_pre_transform: []
  test_target_transform: []
  test_transform: []
  transform: []
  trunc_stride: 128
  type: lung
  val_pre_transform: []
  val_target_transform: []
  val_transform: []
  walk_length: 2
dataloader:
  batch_size: 16
  drop_last: False
  num_steps: 30
  num_workers: 0
  pin_memory: False
  shuffle: True
  sizes: [10, 5]
  theta: -1
  type: base
  walk_length: 2
device: 0
distribute:
  use: False
early_stop:
  delta: 0.0
  improve_indicator_mode: best
  patience: 5
eval:
  best_res_update_round_wise_key: test_loss
  count_flops: True
  freq: 1
  metrics: ['acc', 'correct', 'f1']
  monitoring: []
  report: ['weighted_avg', 'avg', 'fairness', 'raw']
  split: ['test', 'val']
expname: FedAvg_resnet18_on_lung_lr0.01_lstep2
expname_tag: 
feat_engr:
  num_bins: 5
  scenario: hfl
  secure:
    dp:
      
    encrypt:
      type: dummy
    key_size: 3072
    type: encrypt
  selec_threshold: 0.05
  selec_woe_binning: quantile
  type: 
federate:
  atc_load_from: 
  atc_vanilla: False
  client_num: 10
  data_weighted_aggr: False
  ignore_weight: False
  join_in_info: []
  make_global_eval: False
  merge_test_data: False
  method: FedAvg
  mode: standalone
  online_aggr: False
  resource_info_file: 
  restore_from: 
  sample_client_num: 10
  sample_client_rate: -1.0
  sampler: uniform
  save_to: 
  share_local_model: False
  total_round_num: 10
  unseen_clients_rate: 0.0
  use_diff: False
  use_ss: False
fedopt:
  use: False
fedprox:
  use: False
fedsageplus:
  a: 1.0
  b: 1.0
  c: 1.0
  fedgen_epoch: 200
  gen_hidden: 128
  hide_portion: 0.5
  loc_epoch: 1
  num_pred: 5
finetune:
  batch_or_epoch: epoch
  before_eval: False
  freeze_param: 
  local_update_steps: 1
  optimizer:
    lr: 0.1
    type: SGD
  scheduler:
    type: 
    warmup_ratio: 0.0
flitplus:
  factor_ema: 0.8
  lambdavat: 0.5
  tmpFed: 0.5
  weightReg: 1.0
gcflplus:
  EPS_1: 0.05
  EPS_2: 0.1
  seq_length: 5
  standardize: False
grad:
  grad_accum_count: 1
  grad_clip: 5.0
hpo:
  fedex:
    cutoff: 0.0
    diff: False
    eta0: -1.0
    flatten_ss: True
    gamma: 0.0
    pi_lr: 0.01
    psn: False
    sched: auto
    ss: 
    use: False
  init_cand_num: 16
  larger_better: False
  metric: client_summarized_weighted_avg.val_loss
  num_workers: 0
  pbt:
    max_stage: 5
    perf_threshold: 0.1
  scheduler: rs
  sha:
    budgets: []
    elim_rate: 3
    iter: 0
  ss: 
  table:
    eps: 0.1
    idx: 0
    num: 27
  working_folder: hpo
model:
  contrast_temp: 1.0
  contrast_topk: 100
  downstream_tasks: []
  dropout: 0.0
  embed_size: 8
  gamma: 0
  graph_pooling: mean
  hidden: 2048
  in_channels: 0
  input_shape: ()
  label_smoothing: 0.1
  lambda_: 0.1
  layer: 2
  length_penalty: 2.0
  max_answer_len: 30
  max_length: 200
  max_tree_depth: 3
  min_length: 1
  model_num_per_trainer: 1
  model_type: google/bert_uncased_L-2_H-128_A-2
  n_best_size: 20
  no_repeat_ngram_size: 3
  null_score_diff_threshold: 0.0
  num_beams: 5
  num_item: 0
  num_labels: 1
  num_of_trees: 10
  num_user: 0
  out_channels: 62
  pretrain_tasks: []
  stage: 
  task: node
  type: resnet18
  use_bias: True
  use_contrastive_loss: False
nbafl:
  use: False
outdir: exp/FedAvg_resnet18_on_lung_lr0.01_lstep2
personalization:
  K: 5
  beta: 1.0
  local_param: ['bn', 'norms']
  local_update_steps: 2
  lr: 0.01
  regular_weight: 0.1
  share_non_trainable_para: False
print_decimal_digits: 6
regularizer:
  mu: 0.0
  type: 
seed: 2
sgdmf:
  use: False
train:
  batch_or_epoch: epoch
  local_update_steps: 2
  optimizer:
    lr: 0.01
    type: SGD
    weight_decay: 0.0
  scheduler:
    type: 
    warmup_ratio: 0.0
trainer:
  disp_freq: 50
  local_entropy:
    alpha: 0.75
    eps: 0.001
    gamma: 0.0001
  sam:
    adaptive: False
    eta: 0.0
    rho: 1.0
  type: cvtrainer
  val_freq: 100000000
use_gpu: True
verbose: 1
vertical:
  use: False
wandb:
  use: False
2023-02-17 20:21:52,113 (utils:144) INFO: The device information file is not provided
2023-02-17 20:21:52,315 (fed_runner:169) INFO: Server has been set up ... 
2023-02-17 20:21:52,526 (fed_runner:221) INFO: Client 1 has been set up ... 
2023-02-17 20:21:52,731 (fed_runner:221) INFO: Client 2 has been set up ... 
2023-02-17 20:21:52,837 (fed_runner:221) INFO: Client 3 has been set up ... 
2023-02-17 20:21:53,060 (fed_runner:221) INFO: Client 4 has been set up ... 
2023-02-17 20:21:53,186 (fed_runner:221) INFO: Client 5 has been set up ... 
2023-02-17 20:21:53,379 (fed_runner:221) INFO: Client 6 has been set up ... 
2023-02-17 20:21:53,601 (fed_runner:221) INFO: Client 7 has been set up ... 
2023-02-17 20:21:53,732 (fed_runner:221) INFO: Client 8 has been set up ... 
2023-02-17 20:21:53,849 (fed_runner:221) INFO: Client 9 has been set up ... 
2023-02-17 20:21:53,972 (fed_runner:221) INFO: Client 10 has been set up ... 
<<<<<<< HEAD
2023-02-17 20:21:53,972 (trainer:341) INFO: Model meta-info: <class 'medscale.contrib.model.resnet.ResNet'>.
=======
<<<<<<< HEAD
2023-02-17 20:21:53,972 (trainer:341) INFO: Model meta-info: <class 'medscale.contrib.model.resnet.ResNet'>.
=======
2023-02-17 20:21:53,972 (trainer:341) INFO: Model meta-info: <class 'medscale.contrib.model.resnet.ResNet'>.
>>>>>>> fe4962455354c9c11afd9c9806ceda28eb280737
>>>>>>> 64b283ee525ef53c32509882719e74890329b83f
2023-02-17 20:21:53,974 (trainer:349) INFO: Num of original para names: 122.
2023-02-17 20:21:53,974 (trainer:350) INFO: Num of original trainable para names: 62.
2023-02-17 20:21:53,974 (trainer:352) INFO: Num of preserved para names in local update: 37. 
Preserved para names in local update: {'layer1.1.conv1.weight', 'layer3.0.shortcut.0.weight', 'linear.bias', 'layer2.0.conv2.weight', 'layer1.0.conv1.weight', 'layer3.0.conv2.weight', 'layer3.0.shortcut.1.running_mean', 'layer2.0.conv1.weight', 'layer3.0.shortcut.1.num_batches_tracked', 'layer2.0.shortcut.1.num_batches_tracked', 'layer4.0.shortcut.0.weight', 'layer4.0.conv2.weight', 'layer4.0.shortcut.1.running_mean', 'layer2.0.shortcut.1.running_mean', 'layer3.1.conv1.weight', 'layer3.0.shortcut.1.weight', 'layer2.1.conv1.weight', 'conv1.weight', 'layer4.0.shortcut.1.running_var', 'layer2.0.shortcut.0.weight', 'layer3.0.conv1.weight', 'layer4.1.conv2.weight', 'layer3.0.shortcut.1.bias', 'layer4.0.shortcut.1.bias', 'layer4.0.shortcut.1.num_batches_tracked', 'layer1.0.conv2.weight', 'linear.weight', 'layer3.1.conv2.weight', 'layer4.1.conv1.weight', 'layer2.0.shortcut.1.bias', 'layer4.0.conv1.weight', 'layer4.0.shortcut.1.weight', 'layer2.1.conv2.weight', 'layer2.0.shortcut.1.weight', 'layer3.0.shortcut.1.running_var', 'layer1.1.conv2.weight', 'layer2.0.shortcut.1.running_var'}.
2023-02-17 20:21:53,975 (trainer:356) INFO: Num of filtered para names in local update: 85. 
Filtered para names in local update: {'layer4.0.bn2.weight', 'layer3.0.bn1.running_var', 'layer4.1.bn1.running_mean', 'layer1.1.bn1.num_batches_tracked', 'layer3.0.bn2.running_var', 'layer3.1.bn1.num_batches_tracked', 'layer1.0.bn1.running_var', 'layer2.1.bn1.running_var', 'layer4.0.bn1.num_batches_tracked', 'layer2.0.bn2.weight', 'bn1.num_batches_tracked', 'layer2.0.bn1.running_var', 'layer1.0.bn1.bias', 'layer4.1.bn1.running_var', 'layer2.1.bn2.num_batches_tracked', 'layer2.1.bn2.running_var', 'layer2.0.bn2.num_batches_tracked', 'layer4.1.bn2.bias', 'layer1.1.bn2.running_mean', 'layer3.0.bn2.running_mean', 'layer3.1.bn1.running_var', 'layer1.0.bn1.num_batches_tracked', 'layer4.1.bn1.num_batches_tracked', 'layer3.1.bn2.running_mean', 'layer2.0.bn2.running_var', 'layer1.0.bn2.bias', 'layer3.1.bn2.running_var', 'layer1.1.bn2.running_var', 'layer3.0.bn1.bias', 'layer4.0.bn1.running_var', 'layer4.0.bn2.bias', 'layer3.0.bn1.running_mean', 'layer2.0.bn1.weight', 'layer3.1.bn2.weight', 'layer1.1.bn1.bias', 'layer3.0.bn2.num_batches_tracked', 'bn1.weight', 'layer3.0.bn2.weight', 'layer4.1.bn1.bias', 'layer3.1.bn2.num_batches_tracked', 'layer1.0.bn2.running_mean', 'layer4.1.bn1.weight', 'layer4.1.bn2.num_batches_tracked', 'layer2.1.bn2.bias', 'layer2.1.bn1.bias', 'layer3.0.bn1.num_batches_tracked', 'layer1.1.bn1.weight', 'layer3.1.bn2.bias', 'layer3.1.bn1.bias', 'layer2.0.bn1.bias', 'layer1.1.bn1.running_mean', 'layer2.1.bn2.weight', 'layer4.0.bn2.num_batches_tracked', 'layer1.0.bn2.weight', 'layer4.1.bn2.weight', 'layer4.0.bn2.running_var', 'layer2.1.bn2.running_mean', 'layer1.1.bn1.running_var', 'layer1.0.bn2.running_var', 'layer2.0.bn1.running_mean', 'layer2.1.bn1.weight', 'layer1.0.bn1.running_mean', 'layer4.0.bn1.running_mean', 'layer1.0.bn2.num_batches_tracked', 'layer3.0.bn2.bias', 'layer3.0.bn1.weight', 'layer3.1.bn1.running_mean', 'layer1.1.bn2.num_batches_tracked', 'layer4.0.bn2.running_mean', 'layer3.1.bn1.weight', 'bn1.running_var', 'layer2.1.bn1.num_batches_tracked', 'layer2.0.bn1.num_batches_tracked', 'layer1.0.bn1.weight', 'layer4.1.bn2.running_mean', 'layer4.0.bn1.bias', 'layer2.0.bn2.running_mean', 'layer2.1.bn1.running_mean', 'bn1.running_mean', 'layer4.0.bn1.weight', 'bn1.bias', 'layer4.1.bn2.running_var', 'layer1.1.bn2.bias', 'layer2.0.bn2.bias', 'layer1.1.bn2.weight'}.
2023-02-17 20:21:53,976 (trainer:361) INFO: After register default hooks,
	the hooks_in_train is:
	{
	  "on_fit_start": [
	    "_hook_on_fit_start_init",
	    "_hook_on_fit_start_calculate_model_size"
	  ],
	  "on_epoch_start": [
	    "_hook_on_epoch_start"
	  ],
	  "on_batch_start": [
	    "_hook_on_batch_start_init"
	  ],
	  "on_batch_forward": [
	    "_hook_on_batch_forward",
	    "_hook_on_batch_forward_regularizer",
	    "_hook_on_batch_forward_flop_count"
	  ],
	  "on_batch_backward": [
	    "_hook_on_batch_backward"
	  ],
	  "on_batch_end": [
	    "_hook_on_batch_end"
	  ],
	  "on_fit_end": [
	    "_hook_on_fit_end"
	  ]
	};
	the hooks_in_eval is:
            t{
	  "on_fit_start": [
	    "_hook_on_fit_start_init"
	  ],
	  "on_epoch_start": [
	    "_hook_on_epoch_start"
	  ],
	  "on_batch_start": [
	    "_hook_on_batch_start_init"
	  ],
	  "on_batch_forward": [
	    "_hook_on_batch_forward"
	  ],
	  "on_batch_end": [
	    "_hook_on_batch_end"
	  ],
	  "on_fit_end": [
	    "_hook_on_fit_end"
	  ]
	}
2023-02-17 20:21:54,018 (server:804) INFO: ----------- Starting training (Round #0) -------------
2023-02-17 20:21:57,584 (client:306) INFO: {'Role': 'Client #6', 'Round': 0, 'Results_raw': {'train_avg_loss': 0.993125, 'train_acc': 0.5, 'train_loss': 3.9725, 'train_f1': 0.333333, 'train_total': 4, 'train_correct': 2.0}}
2023-02-17 20:21:58,145 (client:306) INFO: {'Role': 'Client #5', 'Round': 0, 'Results_raw': {'train_avg_loss': 0.167463, 'train_acc': 1.0, 'train_loss': 8.038213, 'train_f1': 1.0, 'train_total': 48, 'train_correct': 48.0}}
2023-02-17 20:22:02,199 (client:306) INFO: {'Role': 'Client #8', 'Round': 0, 'Results_raw': {'train_avg_loss': 0.476146, 'train_acc': 0.841518, 'train_loss': 213.313315, 'train_f1': 0.346694, 'train_total': 448, 'train_correct': 377.0}}
2023-02-17 20:22:03,110 (client:306) INFO: {'Role': 'Client #2', 'Round': 0, 'Results_raw': {'train_avg_loss': 0.32118, 'train_acc': 0.818182, 'train_loss': 28.263876, 'train_f1': 0.45, 'train_total': 88, 'train_correct': 72.0}}
2023-02-17 20:22:08,322 (client:306) INFO: {'Role': 'Client #4', 'Round': 0, 'Results_raw': {'train_avg_loss': 0.045598, 'train_acc': 0.996416, 'train_loss': 25.443675, 'train_f1': 0.499102, 'train_total': 558, 'train_correct': 556.0}}
2023-02-17 20:22:09,206 (client:306) INFO: {'Role': 'Client #7', 'Round': 0, 'Results_raw': {'train_avg_loss': 0.322998, 'train_acc': 0.818182, 'train_loss': 28.423851, 'train_f1': 0.45, 'train_total': 88, 'train_correct': 72.0}}
2023-02-17 20:22:11,780 (client:306) INFO: {'Role': 'Client #9', 'Round': 0, 'Results_raw': {'train_avg_loss': 0.101027, 'train_acc': 0.942446, 'train_loss': 28.085584, 'train_f1': 0.485185, 'train_total': 278, 'train_correct': 262.0}}
2023-02-17 20:22:13,213 (client:306) INFO: {'Role': 'Client #1', 'Round': 0, 'Results_raw': {'train_avg_loss': 0.284348, 'train_acc': 0.878378, 'train_loss': 42.083515, 'train_f1': 0.467626, 'train_total': 148, 'train_correct': 130.0}}
2023-02-17 20:22:13,357 (client:306) INFO: {'Role': 'Client #3', 'Round': 0, 'Results_raw': {'train_avg_loss': 0.284198, 'train_acc': 1.0, 'train_loss': 0.568396, 'train_f1': 1.0, 'train_total': 2, 'train_correct': 2.0}}
2023-02-17 20:22:14,293 (client:306) INFO: {'Role': 'Client #10', 'Round': 0, 'Results_raw': {'train_avg_loss': 0.691708, 'train_acc': 0.804348, 'train_loss': 63.637121, 'train_f1': 0.297189, 'train_total': 92, 'train_correct': 74.0}}
2023-02-17 20:22:14,299 (monitor:541) INFO: {'Role': 'Server #', 'Round': 0, 'Results_model_metric': {}}
2023-02-17 20:22:14,382 (server:330) INFO: Server: Starting evaluation at the end of round 0.
2023-02-17 20:22:14,384 (server:336) INFO: ----------- Starting a new training round (Round #1) -------------
2023-02-17 20:22:15,310 (context:294) WARNING: No val_data or val_loader in the trainer, will skip evaluation.If this is not the case you want, please check whether there is typo for the name
2023-02-17 20:22:15,357 (context:294) WARNING: No val_data or val_loader in the trainer, will skip evaluation.If this is not the case you want, please check whether there is typo for the name
2023-02-17 20:22:15,575 (context:294) WARNING: No val_data or val_loader in the trainer, will skip evaluation.If this is not the case you want, please check whether there is typo for the name
2023-02-17 20:22:15,641 (context:294) WARNING: No val_data or val_loader in the trainer, will skip evaluation.If this is not the case you want, please check whether there is typo for the name
2023-02-17 20:22:15,702 (context:294) WARNING: No val_data or val_loader in the trainer, will skip evaluation.If this is not the case you want, please check whether there is typo for the name
2023-02-17 20:22:15,838 (context:294) WARNING: No val_data or val_loader in the trainer, will skip evaluation.If this is not the case you want, please check whether there is typo for the name
2023-02-17 20:22:15,917 (context:294) WARNING: No val_data or val_loader in the trainer, will skip evaluation.If this is not the case you want, please check whether there is typo for the name
2023-02-17 20:22:15,982 (context:294) WARNING: No val_data or val_loader in the trainer, will skip evaluation.If this is not the case you want, please check whether there is typo for the name
2023-02-17 20:22:16,138 (context:294) WARNING: No val_data or val_loader in the trainer, will skip evaluation.If this is not the case you want, please check whether there is typo for the name
2023-02-17 20:22:16,502 (context:294) WARNING: No val_data or val_loader in the trainer, will skip evaluation.If this is not the case you want, please check whether there is typo for the name
2023-02-17 20:22:17,888 (client:306) INFO: {'Role': 'Client #1', 'Round': 1, 'Results_raw': {'train_avg_loss': 0.384461, 'train_acc': 0.878378, 'train_loss': 56.900245, 'train_f1': 0.311751, 'train_total': 148, 'train_correct': 130.0}}
2023-02-17 20:22:18,693 (client:306) INFO: {'Role': 'Client #2', 'Round': 1, 'Results_raw': {'train_avg_loss': 0.075858, 'train_acc': 1.0, 'train_loss': 6.675532, 'train_f1': 1.0, 'train_total': 88, 'train_correct': 88.0}}
2023-02-17 20:22:19,187 (client:306) INFO: {'Role': 'Client #5', 'Round': 1, 'Results_raw': {'train_avg_loss': 0.545926, 'train_acc': 0.666667, 'train_loss': 26.204445, 'train_f1': 0.4, 'train_total': 48, 'train_correct': 32.0}}
2023-02-17 20:22:19,294 (client:306) INFO: {'Role': 'Client #6', 'Round': 1, 'Results_raw': {'train_avg_loss': 1.583858, 'train_acc': 0.5, 'train_loss': 6.335431, 'train_f1': 0.333333, 'train_total': 4, 'train_correct': 2.0}}
2023-02-17 20:22:20,099 (client:306) INFO: {'Role': 'Client #7', 'Round': 1, 'Results_raw': {'train_avg_loss': 0.070462, 'train_acc': 1.0, 'train_loss': 6.200693, 'train_f1': 1.0, 'train_total': 88, 'train_correct': 88.0}}
2023-02-17 20:22:22,602 (client:306) INFO: {'Role': 'Client #9', 'Round': 1, 'Results_raw': {'train_avg_loss': 0.024705, 'train_acc': 1.0, 'train_loss': 6.868001, 'train_f1': 1.0, 'train_total': 278, 'train_correct': 278.0}}
2023-02-17 20:22:27,739 (client:306) INFO: {'Role': 'Client #4', 'Round': 1, 'Results_raw': {'train_avg_loss': 0.07352, 'train_acc': 0.967742, 'train_loss': 41.02437, 'train_f1': 0.327869, 'train_total': 558, 'train_correct': 540.0}}
2023-02-17 20:22:31,682 (client:306) INFO: {'Role': 'Client #8', 'Round': 1, 'Results_raw': {'train_avg_loss': 0.400109, 'train_acc': 0.872768, 'train_loss': 179.248999, 'train_f1': 0.498655, 'train_total': 448, 'train_correct': 391.0}}
2023-02-17 20:22:32,557 (client:306) INFO: {'Role': 'Client #10', 'Round': 1, 'Results_raw': {'train_avg_loss': 0.957024, 'train_acc': 0.554348, 'train_loss': 88.046212, 'train_f1': 0.278772, 'train_total': 92, 'train_correct': 51.0}}
2023-02-17 20:22:32,642 (client:306) INFO: {'Role': 'Client #3', 'Round': 1, 'Results_raw': {'train_avg_loss': 0.968485, 'train_acc': 0.5, 'train_loss': 1.93697, 'train_f1': 0.333333, 'train_total': 2, 'train_correct': 1.0}}
2023-02-17 20:22:32,645 (server:590) INFO: {'Role': 'Server #', 'Round': 0, 'Results_weighted_avg': {'test_avg_loss': 0.999323, 'test_acc': 0.609091, 'test_loss': 68.215965, 'test_f1': 0.592377, 'test_total': 22.0, 'test_correct': 13.4}, 'Results_avg': {'test_avg_loss': 1.100181, 'test_acc': 0.25447, 'test_loss': 21.985114, 'test_f1': 0.208391, 'test_total': 22.0, 'test_correct': 13.4}, 'Results_fairness': {'test_total': 22.0, 'test_correct': 13.4, 'test_avg_loss_std': 0.153784, 'test_avg_loss_bottom_decile': 0.928006, 'test_avg_loss_top_decile': 1.330807, 'test_avg_loss_min': 0.867377, 'test_avg_loss_max': 1.330807, 'test_avg_loss_bottom10%': 0.867377, 'test_avg_loss_top10%': 1.330807, 'test_avg_loss_cos1': 0.990372, 'test_avg_loss_entropy': 2.292716, 'test_acc_std': 0.295664, 'test_acc_bottom_decile': 0.0, 'test_acc_top_decile': 1.0, 'test_acc_min': 0.0, 'test_acc_max': 1.0, 'test_acc_bottom10%': 0.0, 'test_acc_top10%': 1.0, 'test_acc_cos1': 0.652332, 'test_acc_entropy': 1.640801, 'test_loss_std': 30.170965, 'test_loss_bottom_decile': 1.856012, 'test_loss_top_decile': 102.350533, 'test_loss_min': 1.330807, 'test_loss_max': 102.350533, 'test_loss_bottom10%': 1.330807, 'test_loss_top10%': 102.350533, 'test_loss_cos1': 0.588918, 'test_loss_entropy': 1.575398, 'test_f1_std': 0.284835, 'test_f1_bottom_decile': 0.0, 'test_f1_top_decile': 1.0, 'test_f1_min': 0.0, 'test_f1_max': 1.0, 'test_f1_bottom10%': 0.0, 'test_f1_top10%': 1.0, 'test_f1_cos1': 0.590465, 'test_f1_entropy': 1.544299}}
2023-02-17 20:22:32,651 (monitor:541) INFO: {'Role': 'Server #', 'Round': 1, 'Results_model_metric': {}}
2023-02-17 20:22:32,728 (server:330) INFO: Server: Starting evaluation at the end of round 1.
2023-02-17 20:22:32,731 (server:336) INFO: ----------- Starting a new training round (Round #2) -------------
2023-02-17 20:22:33,660 (context:294) WARNING: No val_data or val_loader in the trainer, will skip evaluation.If this is not the case you want, please check whether there is typo for the name
2023-02-17 20:22:33,704 (context:294) WARNING: No val_data or val_loader in the trainer, will skip evaluation.If this is not the case you want, please check whether there is typo for the name
2023-02-17 20:22:33,913 (context:294) WARNING: No val_data or val_loader in the trainer, will skip evaluation.If this is not the case you want, please check whether there is typo for the name
2023-02-17 20:22:33,972 (context:294) WARNING: No val_data or val_loader in the trainer, will skip evaluation.If this is not the case you want, please check whether there is typo for the name
2023-02-17 20:22:34,025 (context:294) WARNING: No val_data or val_loader in the trainer, will skip evaluation.If this is not the case you want, please check whether there is typo for the name
2023-02-17 20:22:34,154 (context:294) WARNING: No val_data or val_loader in the trainer, will skip evaluation.If this is not the case you want, please check whether there is typo for the name
2023-02-17 20:22:34,221 (context:294) WARNING: No val_data or val_loader in the trainer, will skip evaluation.If this is not the case you want, please check whether there is typo for the name
2023-02-17 20:22:34,279 (context:294) WARNING: No val_data or val_loader in the trainer, will skip evaluation.If this is not the case you want, please check whether there is typo for the name
2023-02-17 20:22:34,432 (context:294) WARNING: No val_data or val_loader in the trainer, will skip evaluation.If this is not the case you want, please check whether there is typo for the name
2023-02-17 20:22:34,783 (context:294) WARNING: No val_data or val_loader in the trainer, will skip evaluation.If this is not the case you want, please check whether there is typo for the name
2023-02-17 20:22:34,883 (client:306) INFO: {'Role': 'Client #6', 'Round': 2, 'Results_raw': {'train_avg_loss': 1.591556, 'train_acc': 0.5, 'train_loss': 6.366224, 'train_f1': 0.333333, 'train_total': 4, 'train_correct': 2.0}}
2023-02-17 20:22:35,757 (client:306) INFO: {'Role': 'Client #10', 'Round': 2, 'Results_raw': {'train_avg_loss': 0.964637, 'train_acc': 0.576087, 'train_loss': 88.746648, 'train_f1': 0.28632, 'train_total': 92, 'train_correct': 53.0}}
2023-02-17 20:22:35,839 (client:306) INFO: {'Role': 'Client #3', 'Round': 2, 'Results_raw': {'train_avg_loss': 0.870255, 'train_acc': 0.5, 'train_loss': 1.74051, 'train_f1': 0.333333, 'train_total': 2, 'train_correct': 1.0}}
2023-02-17 20:22:36,640 (client:306) INFO: {'Role': 'Client #2', 'Round': 2, 'Results_raw': {'train_avg_loss': 0.069372, 'train_acc': 1.0, 'train_loss': 6.104741, 'train_f1': 1.0, 'train_total': 88, 'train_correct': 88.0}}
2023-02-17 20:22:41,721 (client:306) INFO: {'Role': 'Client #4', 'Round': 2, 'Results_raw': {'train_avg_loss': 0.069624, 'train_acc': 0.967742, 'train_loss': 38.850316, 'train_f1': 0.327869, 'train_total': 558, 'train_correct': 540.0}}
2023-02-17 20:22:44,185 (client:306) INFO: {'Role': 'Client #9', 'Round': 2, 'Results_raw': {'train_avg_loss': 0.023741, 'train_acc': 1.0, 'train_loss': 6.599938, 'train_f1': 1.0, 'train_total': 278, 'train_correct': 278.0}}
2023-02-17 20:22:44,988 (client:306) INFO: {'Role': 'Client #7', 'Round': 2, 'Results_raw': {'train_avg_loss': 0.071792, 'train_acc': 1.0, 'train_loss': 6.317675, 'train_f1': 1.0, 'train_total': 88, 'train_correct': 88.0}}
2023-02-17 20:22:45,472 (client:306) INFO: {'Role': 'Client #5', 'Round': 2, 'Results_raw': {'train_avg_loss': 0.448884, 'train_acc': 0.666667, 'train_loss': 21.546446, 'train_f1': 0.4, 'train_total': 48, 'train_correct': 32.0}}
2023-02-17 20:22:46,837 (client:306) INFO: {'Role': 'Client #1', 'Round': 2, 'Results_raw': {'train_avg_loss': 0.397525, 'train_acc': 0.878378, 'train_loss': 58.833635, 'train_f1': 0.311751, 'train_total': 148, 'train_correct': 130.0}}
2023-02-17 20:22:50,732 (client:306) INFO: {'Role': 'Client #8', 'Round': 2, 'Results_raw': {'train_avg_loss': 0.383384, 'train_acc': 0.883929, 'train_loss': 171.756252, 'train_f1': 0.504762, 'train_total': 448, 'train_correct': 396.0}}
2023-02-17 20:22:50,735 (server:590) INFO: {'Role': 'Server #', 'Round': 1, 'Results_weighted_avg': {'test_avg_loss': 0.98859, 'test_acc': 0.554545, 'test_loss': 59.770743, 'test_f1': 0.549277, 'test_total': 22.0, 'test_correct': 12.2}, 'Results_avg': {'test_avg_loss': 1.202806, 'test_acc': 0.1775, 'test_loss': 21.74899, 'test_f1': 0.149234, 'test_total': 22.0, 'test_correct': 12.2}, 'Results_fairness': {'test_total': 22.0, 'test_correct': 12.2, 'test_avg_loss_std': 0.262663, 'test_avg_loss_bottom_decile': 0.909992, 'test_avg_loss_top_decile': 1.505786, 'test_avg_loss_min': 0.693013, 'test_avg_loss_max': 1.505786, 'test_avg_loss_bottom10%': 0.693013, 'test_avg_loss_top10%': 1.505786, 'test_avg_loss_cos1': 0.976976, 'test_avg_loss_entropy': 2.27726, 'test_acc_std': 0.302445, 'test_acc_bottom_decile': 0.0, 'test_acc_top_decile': 1.0, 'test_acc_min': 0.0, 'test_acc_max': 1.0, 'test_acc_bottom10%': 0.0, 'test_acc_top10%': 1.0, 'test_acc_cos1': 0.506154, 'test_acc_entropy': 1.155043, 'test_loss_std': 26.351983, 'test_loss_bottom_decile': 1.872331, 'test_loss_top_decile': 81.775476, 'test_loss_min': 1.505786, 'test_loss_max': 81.775476, 'test_loss_bottom10%': 1.505786, 'test_loss_top10%': 81.775476, 'test_loss_cos1': 0.636533, 'test_loss_entropy': 1.665394, 'test_f1_std': 0.295092, 'test_f1_bottom_decile': 0.0, 'test_f1_top_decile': 1.0, 'test_f1_min': 0.0, 'test_f1_max': 1.0, 'test_f1_bottom10%': 0.0, 'test_f1_top10%': 1.0, 'test_f1_cos1': 0.451292, 'test_f1_entropy': 0.995454}}
2023-02-17 20:22:50,741 (monitor:541) INFO: {'Role': 'Server #', 'Round': 2, 'Results_model_metric': {}}
2023-02-17 20:22:50,820 (server:330) INFO: Server: Starting evaluation at the end of round 2.
2023-02-17 20:22:50,822 (server:336) INFO: ----------- Starting a new training round (Round #3) -------------
2023-02-17 20:22:51,741 (context:294) WARNING: No val_data or val_loader in the trainer, will skip evaluation.If this is not the case you want, please check whether there is typo for the name
2023-02-17 20:22:51,785 (context:294) WARNING: No val_data or val_loader in the trainer, will skip evaluation.If this is not the case you want, please check whether there is typo for the name
2023-02-17 20:22:51,993 (context:294) WARNING: No val_data or val_loader in the trainer, will skip evaluation.If this is not the case you want, please check whether there is typo for the name
2023-02-17 20:22:52,056 (context:294) WARNING: No val_data or val_loader in the trainer, will skip evaluation.If this is not the case you want, please check whether there is typo for the name
2023-02-17 20:22:52,107 (context:294) WARNING: No val_data or val_loader in the trainer, will skip evaluation.If this is not the case you want, please check whether there is typo for the name
2023-02-17 20:22:52,237 (context:294) WARNING: No val_data or val_loader in the trainer, will skip evaluation.If this is not the case you want, please check whether there is typo for the name
2023-02-17 20:22:52,305 (context:294) WARNING: No val_data or val_loader in the trainer, will skip evaluation.If this is not the case you want, please check whether there is typo for the name
2023-02-17 20:22:52,368 (context:294) WARNING: No val_data or val_loader in the trainer, will skip evaluation.If this is not the case you want, please check whether there is typo for the name
2023-02-17 20:22:52,519 (context:294) WARNING: No val_data or val_loader in the trainer, will skip evaluation.If this is not the case you want, please check whether there is typo for the name
2023-02-17 20:22:52,869 (context:294) WARNING: No val_data or val_loader in the trainer, will skip evaluation.If this is not the case you want, please check whether there is typo for the name
2023-02-17 20:22:52,969 (client:306) INFO: {'Role': 'Client #6', 'Round': 3, 'Results_raw': {'train_avg_loss': 1.441387, 'train_acc': 0.5, 'train_loss': 5.765547, 'train_f1': 0.333333, 'train_total': 4, 'train_correct': 2.0}}
2023-02-17 20:22:53,772 (client:306) INFO: {'Role': 'Client #7', 'Round': 3, 'Results_raw': {'train_avg_loss': 0.070842, 'train_acc': 1.0, 'train_loss': 6.234104, 'train_f1': 1.0, 'train_total': 88, 'train_correct': 88.0}}
2023-02-17 20:22:54,640 (client:306) INFO: {'Role': 'Client #10', 'Round': 3, 'Results_raw': {'train_avg_loss': 0.940511, 'train_acc': 0.565217, 'train_loss': 86.526969, 'train_f1': 0.282887, 'train_total': 92, 'train_correct': 52.0}}
2023-02-17 20:22:57,101 (client:306) INFO: {'Role': 'Client #9', 'Round': 3, 'Results_raw': {'train_avg_loss': 0.022979, 'train_acc': 1.0, 'train_loss': 6.388061, 'train_f1': 1.0, 'train_total': 278, 'train_correct': 278.0}}
2023-02-17 20:22:57,897 (client:306) INFO: {'Role': 'Client #2', 'Round': 3, 'Results_raw': {'train_avg_loss': 0.0683, 'train_acc': 1.0, 'train_loss': 6.010371, 'train_f1': 1.0, 'train_total': 88, 'train_correct': 88.0}}
2023-02-17 20:22:58,379 (client:306) INFO: {'Role': 'Client #5', 'Round': 3, 'Results_raw': {'train_avg_loss': 0.46986, 'train_acc': 0.666667, 'train_loss': 22.553304, 'train_f1': 0.4, 'train_total': 48, 'train_correct': 32.0}}
2023-02-17 20:23:03,466 (client:306) INFO: {'Role': 'Client #4', 'Round': 3, 'Results_raw': {'train_avg_loss': 0.06636, 'train_acc': 0.967742, 'train_loss': 37.029006, 'train_f1': 0.327869, 'train_total': 558, 'train_correct': 540.0}}
2023-02-17 20:23:04,840 (client:306) INFO: {'Role': 'Client #1', 'Round': 3, 'Results_raw': {'train_avg_loss': 0.402049, 'train_acc': 0.878378, 'train_loss': 59.503242, 'train_f1': 0.311751, 'train_total': 148, 'train_correct': 130.0}}
2023-02-17 20:23:04,921 (client:306) INFO: {'Role': 'Client #3', 'Round': 3, 'Results_raw': {'train_avg_loss': 0.898088, 'train_acc': 0.5, 'train_loss': 1.796177, 'train_f1': 0.333333, 'train_total': 2, 'train_correct': 1.0}}
2023-02-17 20:23:08,970 (client:306) INFO: {'Role': 'Client #8', 'Round': 3, 'Results_raw': {'train_avg_loss': 0.307848, 'train_acc': 0.908482, 'train_loss': 137.915759, 'train_f1': 0.499223, 'train_total': 448, 'train_correct': 407.0}}
2023-02-17 20:23:08,973 (server:590) INFO: {'Role': 'Server #', 'Round': 2, 'Results_weighted_avg': {'test_avg_loss': 0.945109, 'test_acc': 0.554545, 'test_loss': 50.576613, 'test_f1': 0.549277, 'test_total': 22.0, 'test_correct': 12.2}, 'Results_avg': {'test_avg_loss': 1.290786, 'test_acc': 0.1775, 'test_loss': 20.792398, 'test_f1': 0.149234, 'test_total': 22.0, 'test_correct': 12.2}, 'Results_fairness': {'test_total': 22.0, 'test_correct': 12.2, 'test_avg_loss_std': 0.331646, 'test_avg_loss_bottom_decile': 0.935799, 'test_avg_loss_top_decile': 1.684325, 'test_avg_loss_min': 0.534496, 'test_avg_loss_max': 1.684325, 'test_avg_loss_bottom10%': 0.534496, 'test_avg_loss_top10%': 1.684325, 'test_avg_loss_cos1': 0.968542, 'test_avg_loss_entropy': 2.265075, 'test_acc_std': 0.302445, 'test_acc_bottom_decile': 0.0, 'test_acc_top_decile': 1.0, 'test_acc_min': 0.0, 'test_acc_max': 1.0, 'test_acc_bottom10%': 0.0, 'test_acc_top10%': 1.0, 'test_acc_cos1': 0.506154, 'test_acc_entropy': 1.155043, 'test_loss_std': 22.798738, 'test_loss_bottom_decile': 2.292578, 'test_loss_top_decile': 63.070529, 'test_loss_min': 1.611787, 'test_loss_max': 63.070529, 'test_loss_bottom10%': 1.611787, 'test_loss_top10%': 63.070529, 'test_loss_cos1': 0.673848, 'test_loss_entropy': 1.744918, 'test_f1_std': 0.295092, 'test_f1_bottom_decile': 0.0, 'test_f1_top_decile': 1.0, 'test_f1_min': 0.0, 'test_f1_max': 1.0, 'test_f1_bottom10%': 0.0, 'test_f1_top10%': 1.0, 'test_f1_cos1': 0.451292, 'test_f1_entropy': 0.995454}}
2023-02-17 20:23:08,980 (monitor:541) INFO: {'Role': 'Server #', 'Round': 3, 'Results_model_metric': {}}
2023-02-17 20:23:09,067 (server:330) INFO: Server: Starting evaluation at the end of round 3.
2023-02-17 20:23:09,070 (server:336) INFO: ----------- Starting a new training round (Round #4) -------------
2023-02-17 20:23:10,147 (context:294) WARNING: No val_data or val_loader in the trainer, will skip evaluation.If this is not the case you want, please check whether there is typo for the name
2023-02-17 20:23:10,197 (context:294) WARNING: No val_data or val_loader in the trainer, will skip evaluation.If this is not the case you want, please check whether there is typo for the name
2023-02-17 20:23:10,432 (context:294) WARNING: No val_data or val_loader in the trainer, will skip evaluation.If this is not the case you want, please check whether there is typo for the name
2023-02-17 20:23:10,498 (context:294) WARNING: No val_data or val_loader in the trainer, will skip evaluation.If this is not the case you want, please check whether there is typo for the name
2023-02-17 20:23:10,557 (context:294) WARNING: No val_data or val_loader in the trainer, will skip evaluation.If this is not the case you want, please check whether there is typo for the name
2023-02-17 20:23:10,701 (context:294) WARNING: No val_data or val_loader in the trainer, will skip evaluation.If this is not the case you want, please check whether there is typo for the name
2023-02-17 20:23:10,777 (context:294) WARNING: No val_data or val_loader in the trainer, will skip evaluation.If this is not the case you want, please check whether there is typo for the name
2023-02-17 20:23:10,843 (context:294) WARNING: No val_data or val_loader in the trainer, will skip evaluation.If this is not the case you want, please check whether there is typo for the name
2023-02-17 20:23:11,013 (context:294) WARNING: No val_data or val_loader in the trainer, will skip evaluation.If this is not the case you want, please check whether there is typo for the name
2023-02-17 20:23:11,409 (context:294) WARNING: No val_data or val_loader in the trainer, will skip evaluation.If this is not the case you want, please check whether there is typo for the name
2023-02-17 20:23:15,824 (client:306) INFO: {'Role': 'Client #8', 'Round': 4, 'Results_raw': {'train_avg_loss': 0.416705, 'train_acc': 0.888393, 'train_loss': 186.683662, 'train_f1': 0.52381, 'train_total': 448, 'train_correct': 398.0}}
2023-02-17 20:23:16,723 (client:306) INFO: {'Role': 'Client #2', 'Round': 4, 'Results_raw': {'train_avg_loss': 0.100341, 'train_acc': 1.0, 'train_loss': 8.830017, 'train_f1': 1.0, 'train_total': 88, 'train_correct': 88.0}}
2023-02-17 20:23:17,628 (client:306) INFO: {'Role': 'Client #7', 'Round': 4, 'Results_raw': {'train_avg_loss': 0.100405, 'train_acc': 1.0, 'train_loss': 8.835641, 'train_f1': 1.0, 'train_total': 88, 'train_correct': 88.0}}
2023-02-17 20:23:23,317 (client:306) INFO: {'Role': 'Client #4', 'Round': 4, 'Results_raw': {'train_avg_loss': 0.062293, 'train_acc': 0.967742, 'train_loss': 34.759667, 'train_f1': 0.327869, 'train_total': 558, 'train_correct': 540.0}}
2023-02-17 20:23:23,425 (client:306) INFO: {'Role': 'Client #6', 'Round': 4, 'Results_raw': {'train_avg_loss': 0.868573, 'train_acc': 0.5, 'train_loss': 3.474294, 'train_f1': 0.333333, 'train_total': 4, 'train_correct': 2.0}}
2023-02-17 20:23:24,838 (client:306) INFO: {'Role': 'Client #1', 'Round': 4, 'Results_raw': {'train_avg_loss': 0.278337, 'train_acc': 0.878378, 'train_loss': 41.193932, 'train_f1': 0.311751, 'train_total': 148, 'train_correct': 130.0}}
2023-02-17 20:23:25,708 (client:306) INFO: {'Role': 'Client #10', 'Round': 4, 'Results_raw': {'train_avg_loss': 0.708066, 'train_acc': 0.630435, 'train_loss': 65.142068, 'train_f1': 0.359867, 'train_total': 92, 'train_correct': 58.0}}
2023-02-17 20:23:25,789 (client:306) INFO: {'Role': 'Client #3', 'Round': 4, 'Results_raw': {'train_avg_loss': 0.70115, 'train_acc': 0.5, 'train_loss': 1.4023, 'train_f1': 0.333333, 'train_total': 2, 'train_correct': 1.0}}
2023-02-17 20:23:28,250 (client:306) INFO: {'Role': 'Client #9', 'Round': 4, 'Results_raw': {'train_avg_loss': 0.031244, 'train_acc': 1.0, 'train_loss': 8.685901, 'train_f1': 1.0, 'train_total': 278, 'train_correct': 278.0}}
2023-02-17 20:23:28,733 (client:306) INFO: {'Role': 'Client #5', 'Round': 4, 'Results_raw': {'train_avg_loss': 0.400203, 'train_acc': 0.6875, 'train_loss': 19.209738, 'train_f1': 0.407407, 'train_total': 48, 'train_correct': 33.0}}
2023-02-17 20:23:28,735 (server:590) INFO: {'Role': 'Server #', 'Round': 3, 'Results_weighted_avg': {'test_avg_loss': 0.915765, 'test_acc': 0.568182, 'test_loss': 52.272144, 'test_f1': 0.556777, 'test_total': 22.0, 'test_correct': 12.5}, 'Results_avg': {'test_avg_loss': 1.242158, 'test_acc': 0.185, 'test_loss': 20.146827, 'test_f1': 0.153359, 'test_total': 22.0, 'test_correct': 12.5}, 'Results_fairness': {'test_total': 22.0, 'test_correct': 12.5, 'test_avg_loss_std': 0.340071, 'test_avg_loss_bottom_decile': 0.903289, 'test_avg_loss_top_decile': 1.720593, 'test_avg_loss_min': 0.600352, 'test_avg_loss_max': 1.720593, 'test_avg_loss_bottom10%': 0.600352, 'test_avg_loss_top10%': 1.720593, 'test_avg_loss_cos1': 0.964507, 'test_avg_loss_entropy': 2.2631, 'test_acc_std': 0.299486, 'test_acc_bottom_decile': 0.0, 'test_acc_top_decile': 1.0, 'test_acc_min': 0.0, 'test_acc_max': 1.0, 'test_acc_bottom10%': 0.0, 'test_acc_top10%': 1.0, 'test_acc_cos1': 0.525541, 'test_acc_entropy': 1.247479, 'test_loss_std': 22.503086, 'test_loss_bottom_decile': 1.940409, 'test_loss_top_decile': 70.841591, 'test_loss_min': 1.675199, 'test_loss_max': 70.841591, 'test_loss_bottom10%': 1.675199, 'test_loss_top10%': 70.841591, 'test_loss_cos1': 0.667024, 'test_loss_entropy': 1.737564, 'test_f1_std': 0.293603, 'test_f1_bottom_decile': 0.0, 'test_f1_top_decile': 1.0, 'test_f1_min': 0.0, 'test_f1_max': 1.0, 'test_f1_bottom10%': 0.0, 'test_f1_top10%': 1.0, 'test_f1_cos1': 0.46298, 'test_f1_entropy': 1.064221}}
2023-02-17 20:23:28,741 (monitor:541) INFO: {'Role': 'Server #', 'Round': 4, 'Results_model_metric': {}}
2023-02-17 20:23:28,817 (server:330) INFO: Server: Starting evaluation at the end of round 4.
2023-02-17 20:23:28,819 (server:336) INFO: ----------- Starting a new training round (Round #5) -------------
2023-02-17 20:23:29,744 (context:294) WARNING: No val_data or val_loader in the trainer, will skip evaluation.If this is not the case you want, please check whether there is typo for the name
2023-02-17 20:23:29,788 (context:294) WARNING: No val_data or val_loader in the trainer, will skip evaluation.If this is not the case you want, please check whether there is typo for the name
2023-02-17 20:23:29,998 (context:294) WARNING: No val_data or val_loader in the trainer, will skip evaluation.If this is not the case you want, please check whether there is typo for the name
2023-02-17 20:23:30,058 (context:294) WARNING: No val_data or val_loader in the trainer, will skip evaluation.If this is not the case you want, please check whether there is typo for the name
2023-02-17 20:23:30,113 (context:294) WARNING: No val_data or val_loader in the trainer, will skip evaluation.If this is not the case you want, please check whether there is typo for the name
2023-02-17 20:23:30,242 (context:294) WARNING: No val_data or val_loader in the trainer, will skip evaluation.If this is not the case you want, please check whether there is typo for the name
2023-02-17 20:23:30,309 (context:294) WARNING: No val_data or val_loader in the trainer, will skip evaluation.If this is not the case you want, please check whether there is typo for the name
2023-02-17 20:23:30,367 (context:294) WARNING: No val_data or val_loader in the trainer, will skip evaluation.If this is not the case you want, please check whether there is typo for the name
2023-02-17 20:23:30,522 (context:294) WARNING: No val_data or val_loader in the trainer, will skip evaluation.If this is not the case you want, please check whether there is typo for the name
2023-02-17 20:23:30,876 (context:294) WARNING: No val_data or val_loader in the trainer, will skip evaluation.If this is not the case you want, please check whether there is typo for the name
2023-02-17 20:23:31,681 (client:306) INFO: {'Role': 'Client #2', 'Round': 5, 'Results_raw': {'train_avg_loss': 0.07359, 'train_acc': 1.0, 'train_loss': 6.475914, 'train_f1': 1.0, 'train_total': 88, 'train_correct': 88.0}}
2023-02-17 20:23:32,554 (client:306) INFO: {'Role': 'Client #10', 'Round': 5, 'Results_raw': {'train_avg_loss': 0.799843, 'train_acc': 0.684783, 'train_loss': 73.585551, 'train_f1': 0.343764, 'train_total': 92, 'train_correct': 63.0}}
2023-02-17 20:23:36,530 (client:306) INFO: {'Role': 'Client #8', 'Round': 5, 'Results_raw': {'train_avg_loss': 0.331114, 'train_acc': 0.921875, 'train_loss': 148.338928, 'train_f1': 0.622196, 'train_total': 448, 'train_correct': 413.0}}
2023-02-17 20:23:37,357 (client:306) INFO: {'Role': 'Client #7', 'Round': 5, 'Results_raw': {'train_avg_loss': 0.082595, 'train_acc': 1.0, 'train_loss': 7.26837, 'train_f1': 1.0, 'train_total': 88, 'train_correct': 88.0}}
2023-02-17 20:23:38,736 (client:306) INFO: {'Role': 'Client #1', 'Round': 5, 'Results_raw': {'train_avg_loss': 0.336605, 'train_acc': 0.885135, 'train_loss': 49.8175, 'train_f1': 0.314149, 'train_total': 148, 'train_correct': 131.0}}
2023-02-17 20:23:43,813 (client:306) INFO: {'Role': 'Client #4', 'Round': 5, 'Results_raw': {'train_avg_loss': 0.047536, 'train_acc': 0.971326, 'train_loss': 26.525123, 'train_f1': 0.328784, 'train_total': 558, 'train_correct': 542.0}}
2023-02-17 20:23:43,893 (client:306) INFO: {'Role': 'Client #3', 'Round': 5, 'Results_raw': {'train_avg_loss': 0.501622, 'train_acc': 0.5, 'train_loss': 1.003244, 'train_f1': 0.333333, 'train_total': 2, 'train_correct': 1.0}}
2023-02-17 20:23:44,376 (client:306) INFO: {'Role': 'Client #5', 'Round': 5, 'Results_raw': {'train_avg_loss': 0.369789, 'train_acc': 0.666667, 'train_loss': 17.749882, 'train_f1': 0.4, 'train_total': 48, 'train_correct': 32.0}}
2023-02-17 20:23:44,473 (client:306) INFO: {'Role': 'Client #6', 'Round': 5, 'Results_raw': {'train_avg_loss': 1.347655, 'train_acc': 0.5, 'train_loss': 5.390618, 'train_f1': 0.333333, 'train_total': 4, 'train_correct': 2.0}}
2023-02-17 20:23:46,949 (client:306) INFO: {'Role': 'Client #9', 'Round': 5, 'Results_raw': {'train_avg_loss': 0.026814, 'train_acc': 1.0, 'train_loss': 7.454252, 'train_f1': 1.0, 'train_total': 278, 'train_correct': 278.0}}
2023-02-17 20:23:46,951 (server:590) INFO: {'Role': 'Server #', 'Round': 4, 'Results_weighted_avg': {'test_avg_loss': 0.878093, 'test_acc': 0.554545, 'test_loss': 42.045989, 'test_f1': 0.549277, 'test_total': 22.0, 'test_correct': 12.2}, 'Results_avg': {'test_avg_loss': 1.366843, 'test_acc': 0.1775, 'test_loss': 19.31804, 'test_f1': 0.149234, 'test_total': 22.0, 'test_correct': 12.2}, 'Results_fairness': {'test_total': 22.0, 'test_correct': 12.2, 'test_avg_loss_std': 0.505322, 'test_avg_loss_bottom_decile': 0.917738, 'test_avg_loss_top_decile': 2.057683, 'test_avg_loss_min': 0.420661, 'test_avg_loss_max': 2.057683, 'test_avg_loss_bottom10%': 0.420661, 'test_avg_loss_top10%': 2.057683, 'test_avg_loss_cos1': 0.937953, 'test_avg_loss_entropy': 2.228543, 'test_acc_std': 0.302445, 'test_acc_bottom_decile': 0.0, 'test_acc_top_decile': 1.0, 'test_acc_min': 0.0, 'test_acc_max': 1.0, 'test_acc_bottom10%': 0.0, 'test_acc_top10%': 1.0, 'test_acc_cos1': 0.506154, 'test_acc_entropy': 1.155043, 'test_loss_std': 19.175001, 'test_loss_bottom_decile': 2.098819, 'test_loss_top_decile': 49.637989, 'test_loss_min': 2.045666, 'test_loss_max': 49.637989, 'test_loss_bottom10%': 2.045666, 'test_loss_top10%': 49.637989, 'test_loss_cos1': 0.709729, 'test_loss_entropy': 1.817465, 'test_f1_std': 0.295092, 'test_f1_bottom_decile': 0.0, 'test_f1_top_decile': 1.0, 'test_f1_min': 0.0, 'test_f1_max': 1.0, 'test_f1_bottom10%': 0.0, 'test_f1_top10%': 1.0, 'test_f1_cos1': 0.451292, 'test_f1_entropy': 0.995454}}
2023-02-17 20:23:46,957 (monitor:541) INFO: {'Role': 'Server #', 'Round': 5, 'Results_model_metric': {}}
2023-02-17 20:23:47,034 (server:330) INFO: Server: Starting evaluation at the end of round 5.
2023-02-17 20:23:47,036 (server:336) INFO: ----------- Starting a new training round (Round #6) -------------
2023-02-17 20:23:47,966 (context:294) WARNING: No val_data or val_loader in the trainer, will skip evaluation.If this is not the case you want, please check whether there is typo for the name
2023-02-17 20:23:48,010 (context:294) WARNING: No val_data or val_loader in the trainer, will skip evaluation.If this is not the case you want, please check whether there is typo for the name
2023-02-17 20:23:48,221 (context:294) WARNING: No val_data or val_loader in the trainer, will skip evaluation.If this is not the case you want, please check whether there is typo for the name
2023-02-17 20:23:48,280 (context:294) WARNING: No val_data or val_loader in the trainer, will skip evaluation.If this is not the case you want, please check whether there is typo for the name
2023-02-17 20:23:48,331 (context:294) WARNING: No val_data or val_loader in the trainer, will skip evaluation.If this is not the case you want, please check whether there is typo for the name
2023-02-17 20:23:48,460 (context:294) WARNING: No val_data or val_loader in the trainer, will skip evaluation.If this is not the case you want, please check whether there is typo for the name
2023-02-17 20:23:48,527 (context:294) WARNING: No val_data or val_loader in the trainer, will skip evaluation.If this is not the case you want, please check whether there is typo for the name
2023-02-17 20:23:48,585 (context:294) WARNING: No val_data or val_loader in the trainer, will skip evaluation.If this is not the case you want, please check whether there is typo for the name
2023-02-17 20:23:48,738 (context:294) WARNING: No val_data or val_loader in the trainer, will skip evaluation.If this is not the case you want, please check whether there is typo for the name
2023-02-17 20:23:49,089 (context:294) WARNING: No val_data or val_loader in the trainer, will skip evaluation.If this is not the case you want, please check whether there is typo for the name
2023-02-17 20:23:49,172 (client:306) INFO: {'Role': 'Client #3', 'Round': 6, 'Results_raw': {'train_avg_loss': 0.623136, 'train_acc': 0.5, 'train_loss': 1.246272, 'train_f1': 0.333333, 'train_total': 2, 'train_correct': 1.0}}
2023-02-17 20:23:54,301 (client:306) INFO: {'Role': 'Client #4', 'Round': 6, 'Results_raw': {'train_avg_loss': 0.061919, 'train_acc': 0.971326, 'train_loss': 34.550603, 'train_f1': 0.328485, 'train_total': 558, 'train_correct': 542.0}}
2023-02-17 20:23:55,180 (client:306) INFO: {'Role': 'Client #10', 'Round': 6, 'Results_raw': {'train_avg_loss': 0.813334, 'train_acc': 0.586957, 'train_loss': 74.826729, 'train_f1': 0.278383, 'train_total': 92, 'train_correct': 54.0}}
2023-02-17 20:23:55,685 (client:306) INFO: {'Role': 'Client #5', 'Round': 6, 'Results_raw': {'train_avg_loss': 0.356032, 'train_acc': 0.6875, 'train_loss': 17.089523, 'train_f1': 0.407407, 'train_total': 48, 'train_correct': 33.0}}
2023-02-17 20:23:59,633 (client:306) INFO: {'Role': 'Client #8', 'Round': 6, 'Results_raw': {'train_avg_loss': 0.327965, 'train_acc': 0.917411, 'train_loss': 146.928143, 'train_f1': 0.600607, 'train_total': 448, 'train_correct': 411.0}}
2023-02-17 20:24:02,149 (client:306) INFO: {'Role': 'Client #9', 'Round': 6, 'Results_raw': {'train_avg_loss': 0.025862, 'train_acc': 1.0, 'train_loss': 7.189764, 'train_f1': 1.0, 'train_total': 278, 'train_correct': 278.0}}
2023-02-17 20:24:02,951 (client:306) INFO: {'Role': 'Client #2', 'Round': 6, 'Results_raw': {'train_avg_loss': 0.087065, 'train_acc': 1.0, 'train_loss': 7.661688, 'train_f1': 1.0, 'train_total': 88, 'train_correct': 88.0}}
2023-02-17 20:24:04,330 (client:306) INFO: {'Role': 'Client #1', 'Round': 6, 'Results_raw': {'train_avg_loss': 0.318254, 'train_acc': 0.878378, 'train_loss': 47.10158, 'train_f1': 0.311751, 'train_total': 148, 'train_correct': 130.0}}
2023-02-17 20:24:04,430 (client:306) INFO: {'Role': 'Client #6', 'Round': 6, 'Results_raw': {'train_avg_loss': 0.964299, 'train_acc': 0.5, 'train_loss': 3.857196, 'train_f1': 0.222222, 'train_total': 4, 'train_correct': 2.0}}
2023-02-17 20:24:05,237 (client:306) INFO: {'Role': 'Client #7', 'Round': 6, 'Results_raw': {'train_avg_loss': 0.089498, 'train_acc': 1.0, 'train_loss': 7.875807, 'train_f1': 1.0, 'train_total': 88, 'train_correct': 88.0}}
2023-02-17 20:24:05,240 (server:590) INFO: {'Role': 'Server #', 'Round': 5, 'Results_weighted_avg': {'test_avg_loss': 0.887861, 'test_acc': 0.554545, 'test_loss': 42.894887, 'test_f1': 0.549277, 'test_total': 22.0, 'test_correct': 12.2}, 'Results_avg': {'test_avg_loss': 1.356177, 'test_acc': 0.1775, 'test_loss': 19.532942, 'test_f1': 0.149234, 'test_total': 22.0, 'test_correct': 12.2}, 'Results_fairness': {'test_total': 22.0, 'test_correct': 12.2, 'test_avg_loss_std': 0.522527, 'test_avg_loss_bottom_decile': 0.943805, 'test_avg_loss_top_decile': 2.135961, 'test_avg_loss_min': 0.427277, 'test_avg_loss_max': 2.135961, 'test_avg_loss_bottom10%': 0.427277, 'test_avg_loss_top10%': 2.135961, 'test_avg_loss_cos1': 0.933133, 'test_avg_loss_entropy': 2.223351, 'test_acc_std': 0.302445, 'test_acc_bottom_decile': 0.0, 'test_acc_top_decile': 1.0, 'test_acc_min': 0.0, 'test_acc_max': 1.0, 'test_acc_bottom10%': 0.0, 'test_acc_top10%': 1.0, 'test_acc_cos1': 0.506154, 'test_acc_entropy': 1.155043, 'test_loss_std': 19.529763, 'test_loss_bottom_decile': 2.135961, 'test_loss_top_decile': 51.56242, 'test_loss_min': 1.92992, 'test_loss_max': 51.56242, 'test_loss_bottom10%': 1.92992, 'test_loss_top10%': 51.56242, 'test_loss_cos1': 0.707164, 'test_loss_entropy': 1.80827, 'test_f1_std': 0.295092, 'test_f1_bottom_decile': 0.0, 'test_f1_top_decile': 1.0, 'test_f1_min': 0.0, 'test_f1_max': 1.0, 'test_f1_bottom10%': 0.0, 'test_f1_top10%': 1.0, 'test_f1_cos1': 0.451292, 'test_f1_entropy': 0.995454}}
2023-02-17 20:24:05,245 (monitor:541) INFO: {'Role': 'Server #', 'Round': 6, 'Results_model_metric': {}}
2023-02-17 20:24:05,320 (server:330) INFO: Server: Starting evaluation at the end of round 6.
2023-02-17 20:24:05,322 (server:336) INFO: ----------- Starting a new training round (Round #7) -------------
2023-02-17 20:24:06,251 (context:294) WARNING: No val_data or val_loader in the trainer, will skip evaluation.If this is not the case you want, please check whether there is typo for the name
2023-02-17 20:24:06,296 (context:294) WARNING: No val_data or val_loader in the trainer, will skip evaluation.If this is not the case you want, please check whether there is typo for the name
2023-02-17 20:24:06,505 (context:294) WARNING: No val_data or val_loader in the trainer, will skip evaluation.If this is not the case you want, please check whether there is typo for the name
2023-02-17 20:24:06,565 (context:294) WARNING: No val_data or val_loader in the trainer, will skip evaluation.If this is not the case you want, please check whether there is typo for the name
2023-02-17 20:24:06,618 (context:294) WARNING: No val_data or val_loader in the trainer, will skip evaluation.If this is not the case you want, please check whether there is typo for the name
2023-02-17 20:24:06,747 (context:294) WARNING: No val_data or val_loader in the trainer, will skip evaluation.If this is not the case you want, please check whether there is typo for the name
2023-02-17 20:24:06,815 (context:294) WARNING: No val_data or val_loader in the trainer, will skip evaluation.If this is not the case you want, please check whether there is typo for the name
2023-02-17 20:24:06,874 (context:294) WARNING: No val_data or val_loader in the trainer, will skip evaluation.If this is not the case you want, please check whether there is typo for the name
2023-02-17 20:24:07,028 (context:294) WARNING: No val_data or val_loader in the trainer, will skip evaluation.If this is not the case you want, please check whether there is typo for the name
2023-02-17 20:24:07,379 (context:294) WARNING: No val_data or val_loader in the trainer, will skip evaluation.If this is not the case you want, please check whether there is typo for the name
2023-02-17 20:24:09,878 (client:306) INFO: {'Role': 'Client #9', 'Round': 7, 'Results_raw': {'train_avg_loss': 0.02153, 'train_acc': 1.0, 'train_loss': 5.985454, 'train_f1': 1.0, 'train_total': 278, 'train_correct': 278.0}}
2023-02-17 20:24:09,976 (client:306) INFO: {'Role': 'Client #6', 'Round': 7, 'Results_raw': {'train_avg_loss': 1.279546, 'train_acc': 0.5, 'train_loss': 5.118184, 'train_f1': 0.333333, 'train_total': 4, 'train_correct': 2.0}}
2023-02-17 20:24:11,355 (client:306) INFO: {'Role': 'Client #1', 'Round': 7, 'Results_raw': {'train_avg_loss': 0.430889, 'train_acc': 0.878378, 'train_loss': 63.771624, 'train_f1': 0.311751, 'train_total': 148, 'train_correct': 130.0}}
2023-02-17 20:24:11,839 (client:306) INFO: {'Role': 'Client #5', 'Round': 7, 'Results_raw': {'train_avg_loss': 0.406017, 'train_acc': 0.666667, 'train_loss': 19.488798, 'train_f1': 0.4, 'train_total': 48, 'train_correct': 32.0}}
2023-02-17 20:24:15,776 (client:306) INFO: {'Role': 'Client #8', 'Round': 7, 'Results_raw': {'train_avg_loss': 0.344858, 'train_acc': 0.915179, 'train_loss': 154.496471, 'train_f1': 0.564604, 'train_total': 448, 'train_correct': 410.0}}
2023-02-17 20:24:15,859 (client:306) INFO: {'Role': 'Client #3', 'Round': 7, 'Results_raw': {'train_avg_loss': 0.666659, 'train_acc': 0.5, 'train_loss': 1.333318, 'train_f1': 0.333333, 'train_total': 2, 'train_correct': 1.0}}
2023-02-17 20:24:16,664 (client:306) INFO: {'Role': 'Client #2', 'Round': 7, 'Results_raw': {'train_avg_loss': 0.066116, 'train_acc': 1.0, 'train_loss': 5.818238, 'train_f1': 1.0, 'train_total': 88, 'train_correct': 88.0}}
2023-02-17 20:24:17,540 (client:306) INFO: {'Role': 'Client #10', 'Round': 7, 'Results_raw': {'train_avg_loss': 0.719882, 'train_acc': 0.717391, 'train_loss': 66.229153, 'train_f1': 0.405634, 'train_total': 92, 'train_correct': 66.0}}
2023-02-17 20:24:18,345 (client:306) INFO: {'Role': 'Client #7', 'Round': 7, 'Results_raw': {'train_avg_loss': 0.06638, 'train_acc': 1.0, 'train_loss': 5.841479, 'train_f1': 1.0, 'train_total': 88, 'train_correct': 88.0}}
2023-02-17 20:24:23,432 (client:306) INFO: {'Role': 'Client #4', 'Round': 7, 'Results_raw': {'train_avg_loss': 0.058798, 'train_acc': 0.967742, 'train_loss': 32.809498, 'train_f1': 0.327869, 'train_total': 558, 'train_correct': 540.0}}
2023-02-17 20:24:23,435 (server:590) INFO: {'Role': 'Server #', 'Round': 6, 'Results_weighted_avg': {'test_avg_loss': 0.920166, 'test_acc': 0.554545, 'test_loss': 37.410022, 'test_f1': 0.549277, 'test_total': 22.0, 'test_correct': 12.2}, 'Results_avg': {'test_avg_loss': 1.592392, 'test_acc': 0.1775, 'test_loss': 20.243659, 'test_f1': 0.149234, 'test_total': 22.0, 'test_correct': 12.2}, 'Results_fairness': {'test_total': 22.0, 'test_correct': 12.2, 'test_avg_loss_std': 0.657224, 'test_avg_loss_bottom_decile': 1.145454, 'test_avg_loss_top_decile': 2.598702, 'test_avg_loss_min': 0.314302, 'test_avg_loss_max': 2.598702, 'test_avg_loss_bottom10%': 0.314302, 'test_avg_loss_top10%': 2.598702, 'test_avg_loss_cos1': 0.924364, 'test_avg_loss_entropy': 2.206566, 'test_acc_std': 0.302445, 'test_acc_bottom_decile': 0.0, 'test_acc_top_decile': 1.0, 'test_acc_min': 0.0, 'test_acc_max': 1.0, 'test_acc_bottom10%': 0.0, 'test_acc_top10%': 1.0, 'test_acc_cos1': 0.506154, 'test_acc_entropy': 1.155043, 'test_loss_std': 19.087147, 'test_loss_bottom_decile': 2.598702, 'test_loss_top_decile': 53.854053, 'test_loss_min': 2.391002, 'test_loss_max': 53.854053, 'test_loss_bottom10%': 2.391002, 'test_loss_top10%': 53.854053, 'test_loss_cos1': 0.727585, 'test_loss_entropy': 1.863843, 'test_f1_std': 0.295092, 'test_f1_bottom_decile': 0.0, 'test_f1_top_decile': 1.0, 'test_f1_min': 0.0, 'test_f1_max': 1.0, 'test_f1_bottom10%': 0.0, 'test_f1_top10%': 1.0, 'test_f1_cos1': 0.451292, 'test_f1_entropy': 0.995454}}
2023-02-17 20:24:23,441 (monitor:541) INFO: {'Role': 'Server #', 'Round': 7, 'Results_model_metric': {}}
2023-02-17 20:24:23,517 (server:330) INFO: Server: Starting evaluation at the end of round 7.
2023-02-17 20:24:23,519 (server:336) INFO: ----------- Starting a new training round (Round #8) -------------
2023-02-17 20:24:24,441 (context:294) WARNING: No val_data or val_loader in the trainer, will skip evaluation.If this is not the case you want, please check whether there is typo for the name
2023-02-17 20:24:24,485 (context:294) WARNING: No val_data or val_loader in the trainer, will skip evaluation.If this is not the case you want, please check whether there is typo for the name
2023-02-17 20:24:24,694 (context:294) WARNING: No val_data or val_loader in the trainer, will skip evaluation.If this is not the case you want, please check whether there is typo for the name
2023-02-17 20:24:24,753 (context:294) WARNING: No val_data or val_loader in the trainer, will skip evaluation.If this is not the case you want, please check whether there is typo for the name
2023-02-17 20:24:24,805 (context:294) WARNING: No val_data or val_loader in the trainer, will skip evaluation.If this is not the case you want, please check whether there is typo for the name
2023-02-17 20:24:24,933 (context:294) WARNING: No val_data or val_loader in the trainer, will skip evaluation.If this is not the case you want, please check whether there is typo for the name
2023-02-17 20:24:24,999 (context:294) WARNING: No val_data or val_loader in the trainer, will skip evaluation.If this is not the case you want, please check whether there is typo for the name
2023-02-17 20:24:25,058 (context:294) WARNING: No val_data or val_loader in the trainer, will skip evaluation.If this is not the case you want, please check whether there is typo for the name
2023-02-17 20:24:25,209 (context:294) WARNING: No val_data or val_loader in the trainer, will skip evaluation.If this is not the case you want, please check whether there is typo for the name
2023-02-17 20:24:25,558 (context:294) WARNING: No val_data or val_loader in the trainer, will skip evaluation.If this is not the case you want, please check whether there is typo for the name
2023-02-17 20:24:26,927 (client:306) INFO: {'Role': 'Client #1', 'Round': 8, 'Results_raw': {'train_avg_loss': 0.287474, 'train_acc': 0.891892, 'train_loss': 42.546107, 'train_f1': 0.314286, 'train_total': 148, 'train_correct': 132.0}}
2023-02-17 20:24:27,009 (client:306) INFO: {'Role': 'Client #3', 'Round': 8, 'Results_raw': {'train_avg_loss': 0.471323, 'train_acc': 0.5, 'train_loss': 0.942645, 'train_f1': 0.333333, 'train_total': 2, 'train_correct': 1.0}}
2023-02-17 20:24:27,886 (client:306) INFO: {'Role': 'Client #10', 'Round': 8, 'Results_raw': {'train_avg_loss': 0.825237, 'train_acc': 0.684783, 'train_loss': 75.92179, 'train_f1': 0.329062, 'train_total': 92, 'train_correct': 63.0}}
2023-02-17 20:24:30,349 (client:306) INFO: {'Role': 'Client #9', 'Round': 8, 'Results_raw': {'train_avg_loss': 0.028014, 'train_acc': 1.0, 'train_loss': 7.78778, 'train_f1': 1.0, 'train_total': 278, 'train_correct': 278.0}}
2023-02-17 20:24:34,274 (client:306) INFO: {'Role': 'Client #8', 'Round': 8, 'Results_raw': {'train_avg_loss': 0.310782, 'train_acc': 0.915179, 'train_loss': 139.230365, 'train_f1': 0.425776, 'train_total': 448, 'train_correct': 410.0}}
2023-02-17 20:24:35,074 (client:306) INFO: {'Role': 'Client #2', 'Round': 8, 'Results_raw': {'train_avg_loss': 0.088616, 'train_acc': 1.0, 'train_loss': 7.798246, 'train_f1': 1.0, 'train_total': 88, 'train_correct': 88.0}}
2023-02-17 20:24:35,881 (client:306) INFO: {'Role': 'Client #7', 'Round': 8, 'Results_raw': {'train_avg_loss': 0.082696, 'train_acc': 0.988636, 'train_loss': 7.277271, 'train_f1': 0.497143, 'train_total': 88, 'train_correct': 87.0}}
2023-02-17 20:24:36,364 (client:306) INFO: {'Role': 'Client #5', 'Round': 8, 'Results_raw': {'train_avg_loss': 0.332272, 'train_acc': 0.791667, 'train_loss': 15.949067, 'train_f1': 0.294574, 'train_total': 48, 'train_correct': 38.0}}
2023-02-17 20:24:36,463 (client:306) INFO: {'Role': 'Client #6', 'Round': 8, 'Results_raw': {'train_avg_loss': 0.674678, 'train_acc': 0.5, 'train_loss': 2.698712, 'train_f1': 0.222222, 'train_total': 4, 'train_correct': 2.0}}
2023-02-17 20:24:41,552 (client:306) INFO: {'Role': 'Client #4', 'Round': 8, 'Results_raw': {'train_avg_loss': 0.05786, 'train_acc': 0.971326, 'train_loss': 32.285626, 'train_f1': 0.328485, 'train_total': 558, 'train_correct': 542.0}}
2023-02-17 20:24:41,555 (server:590) INFO: {'Role': 'Server #', 'Round': 7, 'Results_weighted_avg': {'test_avg_loss': 0.868123, 'test_acc': 0.6, 'test_loss': 45.113648, 'test_f1': 0.334946, 'test_total': 22.0, 'test_correct': 13.2}, 'Results_avg': {'test_avg_loss': 1.405053, 'test_acc': 0.291052, 'test_loss': 19.098706, 'test_f1': 0.186919, 'test_total': 22.0, 'test_correct': 13.2}, 'Results_fairness': {'test_total': 22.0, 'test_correct': 13.2, 'test_avg_loss_std': 0.635004, 'test_avg_loss_bottom_decile': 0.911874, 'test_avg_loss_top_decile': 2.697446, 'test_avg_loss_min': 0.496309, 'test_avg_loss_max': 2.697446, 'test_avg_loss_bottom10%': 0.496309, 'test_avg_loss_top10%': 2.697446, 'test_avg_loss_cos1': 0.911258, 'test_avg_loss_entropy': 2.203345, 'test_acc_std': 0.272427, 'test_acc_bottom_decile': 0.0, 'test_acc_top_decile': 0.949153, 'test_acc_min': 0.0, 'test_acc_max': 0.949153, 'test_acc_bottom10%': 0.0, 'test_acc_top10%': 0.949153, 'test_acc_cos1': 0.73008, 'test_acc_entropy': 1.851291, 'test_loss_std': 18.954446, 'test_loss_bottom_decile': 2.697446, 'test_loss_top_decile': 58.564436, 'test_loss_min': 1.868951, 'test_loss_max': 58.564436, 'test_loss_bottom10%': 1.868951, 'test_loss_top10%': 58.564436, 'test_loss_cos1': 0.709782, 'test_loss_entropy': 1.829204, 'test_f1_std': 0.147439, 'test_f1_bottom_decile': 0.0, 'test_f1_top_decile': 0.486957, 'test_f1_min': 0.0, 'test_f1_max': 0.486957, 'test_f1_bottom10%': 0.0, 'test_f1_top10%': 0.486957, 'test_f1_cos1': 0.785146, 'test_f1_entropy': 1.928482}}
2023-02-17 20:24:41,561 (monitor:541) INFO: {'Role': 'Server #', 'Round': 8, 'Results_model_metric': {}}
2023-02-17 20:24:41,641 (server:330) INFO: Server: Starting evaluation at the end of round 8.
2023-02-17 20:24:41,643 (server:336) INFO: ----------- Starting a new training round (Round #9) -------------
2023-02-17 20:24:42,569 (context:294) WARNING: No val_data or val_loader in the trainer, will skip evaluation.If this is not the case you want, please check whether there is typo for the name
2023-02-17 20:24:42,612 (context:294) WARNING: No val_data or val_loader in the trainer, will skip evaluation.If this is not the case you want, please check whether there is typo for the name
2023-02-17 20:24:42,821 (context:294) WARNING: No val_data or val_loader in the trainer, will skip evaluation.If this is not the case you want, please check whether there is typo for the name
2023-02-17 20:24:42,880 (context:294) WARNING: No val_data or val_loader in the trainer, will skip evaluation.If this is not the case you want, please check whether there is typo for the name
2023-02-17 20:24:42,934 (context:294) WARNING: No val_data or val_loader in the trainer, will skip evaluation.If this is not the case you want, please check whether there is typo for the name
2023-02-17 20:24:43,063 (context:294) WARNING: No val_data or val_loader in the trainer, will skip evaluation.If this is not the case you want, please check whether there is typo for the name
2023-02-17 20:24:43,130 (context:294) WARNING: No val_data or val_loader in the trainer, will skip evaluation.If this is not the case you want, please check whether there is typo for the name
2023-02-17 20:24:43,189 (context:294) WARNING: No val_data or val_loader in the trainer, will skip evaluation.If this is not the case you want, please check whether there is typo for the name
2023-02-17 20:24:43,340 (context:294) WARNING: No val_data or val_loader in the trainer, will skip evaluation.If this is not the case you want, please check whether there is typo for the name
2023-02-17 20:24:43,688 (context:294) WARNING: No val_data or val_loader in the trainer, will skip evaluation.If this is not the case you want, please check whether there is typo for the name
2023-02-17 20:24:46,157 (client:306) INFO: {'Role': 'Client #9', 'Round': 9, 'Results_raw': {'train_avg_loss': 0.019995, 'train_acc': 1.0, 'train_loss': 5.558572, 'train_f1': 1.0, 'train_total': 278, 'train_correct': 278.0}}
2023-02-17 20:24:46,254 (client:306) INFO: {'Role': 'Client #6', 'Round': 9, 'Results_raw': {'train_avg_loss': 0.802393, 'train_acc': 0.5, 'train_loss': 3.209571, 'train_f1': 0.222222, 'train_total': 4, 'train_correct': 2.0}}
2023-02-17 20:24:46,336 (client:306) INFO: {'Role': 'Client #3', 'Round': 9, 'Results_raw': {'train_avg_loss': 0.415307, 'train_acc': 1.0, 'train_loss': 0.830614, 'train_f1': 1.0, 'train_total': 2, 'train_correct': 2.0}}
2023-02-17 20:24:47,140 (client:306) INFO: {'Role': 'Client #7', 'Round': 9, 'Results_raw': {'train_avg_loss': 0.061847, 'train_acc': 1.0, 'train_loss': 5.442562, 'train_f1': 1.0, 'train_total': 88, 'train_correct': 88.0}}
2023-02-17 20:24:48,007 (client:306) INFO: {'Role': 'Client #10', 'Round': 9, 'Results_raw': {'train_avg_loss': 0.656226, 'train_acc': 0.76087, 'train_loss': 60.37279, 'train_f1': 0.419048, 'train_total': 92, 'train_correct': 70.0}}
2023-02-17 20:24:48,806 (client:306) INFO: {'Role': 'Client #2', 'Round': 9, 'Results_raw': {'train_avg_loss': 0.071149, 'train_acc': 1.0, 'train_loss': 6.26114, 'train_f1': 1.0, 'train_total': 88, 'train_correct': 88.0}}
2023-02-17 20:24:52,733 (client:306) INFO: {'Role': 'Client #8', 'Round': 9, 'Results_raw': {'train_avg_loss': 0.293842, 'train_acc': 0.910714, 'train_loss': 131.641126, 'train_f1': 0.422686, 'train_total': 448, 'train_correct': 408.0}}
2023-02-17 20:24:57,843 (client:306) INFO: {'Role': 'Client #4', 'Round': 9, 'Results_raw': {'train_avg_loss': 0.051021, 'train_acc': 0.971326, 'train_loss': 28.469645, 'train_f1': 0.328784, 'train_total': 558, 'train_correct': 542.0}}
2023-02-17 20:24:59,243 (client:306) INFO: {'Role': 'Client #1', 'Round': 9, 'Results_raw': {'train_avg_loss': 0.354482, 'train_acc': 0.885135, 'train_loss': 52.463362, 'train_f1': 0.313023, 'train_total': 148, 'train_correct': 131.0}}
2023-02-17 20:24:59,725 (client:306) INFO: {'Role': 'Client #5', 'Round': 9, 'Results_raw': {'train_avg_loss': 0.361465, 'train_acc': 0.729167, 'train_loss': 17.350301, 'train_f1': 0.421687, 'train_total': 48, 'train_correct': 35.0}}
2023-02-17 20:24:59,728 (server:590) INFO: {'Role': 'Server #', 'Round': 8, 'Results_weighted_avg': {'test_avg_loss': 0.836246, 'test_acc': 0.590909, 'test_loss': 35.97276, 'test_f1': 0.581275, 'test_total': 22.0, 'test_correct': 13.0}, 'Results_avg': {'test_avg_loss': 1.493618, 'test_acc': 0.222348, 'test_loss': 18.397411, 'test_f1': 0.188562, 'test_total': 22.0, 'test_correct': 13.0}, 'Results_fairness': {'test_total': 22.0, 'test_correct': 13.0, 'test_avg_loss_std': 0.75484, 'test_avg_loss_bottom_decile': 0.967133, 'test_avg_loss_top_decile': 3.150253, 'test_avg_loss_min': 0.323373, 'test_avg_loss_max': 3.150253, 'test_avg_loss_bottom10%': 0.323373, 'test_avg_loss_top10%': 3.150253, 'test_avg_loss_cos1': 0.892499, 'test_avg_loss_entropy': 2.175584, 'test_acc_std': 0.289754, 'test_acc_bottom_decile': 0.0, 'test_acc_top_decile': 1.0, 'test_acc_min': 0.0, 'test_acc_max': 1.0, 'test_acc_bottom10%': 0.0, 'test_acc_top10%': 1.0, 'test_acc_cos1': 0.608783, 'test_acc_entropy': 1.561001, 'test_loss_std': 16.987668, 'test_loss_bottom_decile': 3.150253, 'test_loss_top_decile': 52.0495, 'test_loss_min': 2.002486, 'test_loss_max': 52.0495, 'test_loss_bottom10%': 2.002486, 'test_loss_top10%': 52.0495, 'test_loss_cos1': 0.734695, 'test_loss_entropy': 1.875654, 'test_f1_std': 0.286048, 'test_f1_bottom_decile': 0.0, 'test_f1_top_decile': 1.0, 'test_f1_min': 0.0, 'test_f1_max': 1.0, 'test_f1_bottom10%': 0.0, 'test_f1_top10%': 1.0, 'test_f1_cos1': 0.550375, 'test_f1_entropy': 1.434869}}
2023-02-17 20:24:59,734 (monitor:541) INFO: {'Role': 'Server #', 'Round': 9, 'Results_model_metric': {}}
2023-02-17 20:24:59,811 (server:347) INFO: Server: Training is finished! Starting evaluation.
2023-02-17 20:25:00,772 (context:294) WARNING: No val_data or val_loader in the trainer, will skip evaluation.If this is not the case you want, please check whether there is typo for the name
2023-02-17 20:25:00,823 (context:294) WARNING: No val_data or val_loader in the trainer, will skip evaluation.If this is not the case you want, please check whether there is typo for the name
2023-02-17 20:25:01,045 (context:294) WARNING: No val_data or val_loader in the trainer, will skip evaluation.If this is not the case you want, please check whether there is typo for the name
2023-02-17 20:25:01,113 (context:294) WARNING: No val_data or val_loader in the trainer, will skip evaluation.If this is not the case you want, please check whether there is typo for the name
2023-02-17 20:25:01,178 (context:294) WARNING: No val_data or val_loader in the trainer, will skip evaluation.If this is not the case you want, please check whether there is typo for the name
2023-02-17 20:25:01,314 (context:294) WARNING: No val_data or val_loader in the trainer, will skip evaluation.If this is not the case you want, please check whether there is typo for the name
2023-02-17 20:25:01,390 (context:294) WARNING: No val_data or val_loader in the trainer, will skip evaluation.If this is not the case you want, please check whether there is typo for the name
2023-02-17 20:25:01,460 (context:294) WARNING: No val_data or val_loader in the trainer, will skip evaluation.If this is not the case you want, please check whether there is typo for the name
2023-02-17 20:25:01,619 (context:294) WARNING: No val_data or val_loader in the trainer, will skip evaluation.If this is not the case you want, please check whether there is typo for the name
2023-02-17 20:25:01,980 (context:294) WARNING: No val_data or val_loader in the trainer, will skip evaluation.If this is not the case you want, please check whether there is typo for the name
2023-02-17 20:25:01,982 (server:590) INFO: {'Role': 'Server #', 'Round': 9, 'Results_weighted_avg': {'test_avg_loss': 0.8066, 'test_acc': 0.618182, 'test_loss': 36.120618, 'test_f1': 0.244943, 'test_total': 22.0, 'test_correct': 13.6}, 'Results_avg': {'test_avg_loss': 1.412565, 'test_acc': 0.347155, 'test_loss': 17.745207, 'test_f1': 0.199588, 'test_total': 22.0, 'test_correct': 13.6}, 'Results_fairness': {'test_total': 22.0, 'test_correct': 13.6, 'test_avg_loss_std': 0.774331, 'test_avg_loss_bottom_decile': 0.884319, 'test_avg_loss_top_decile': 3.241272, 'test_avg_loss_min': 0.3391, 'test_avg_loss_max': 3.241272, 'test_avg_loss_bottom10%': 0.3391, 'test_avg_loss_top10%': 3.241272, 'test_avg_loss_cos1': 0.876891, 'test_avg_loss_entropy': 2.162234, 'test_acc_std': 0.268262, 'test_acc_bottom_decile': 0.05, 'test_acc_top_decile': 0.974576, 'test_acc_min': 0.0, 'test_acc_max': 0.974576, 'test_acc_bottom10%': 0.0, 'test_acc_top10%': 0.974576, 'test_acc_cos1': 0.791278, 'test_acc_entropy': 1.976716, 'test_loss_std': 16.619954, 'test_loss_bottom_decile': 3.241272, 'test_loss_top_decile': 50.528057, 'test_loss_min': 1.768637, 'test_loss_max': 50.528057, 'test_loss_bottom10%': 1.768637, 'test_loss_top10%': 50.528057, 'test_loss_cos1': 0.729869, 'test_loss_entropy': 1.862816, 'test_f1_std': 0.127501, 'test_f1_bottom_decile': 0.036275, 'test_f1_top_decile': 0.333333, 'test_f1_min': 0.0, 'test_f1_max': 0.333333, 'test_f1_bottom10%': 0.0, 'test_f1_top10%': 0.333333, 'test_f1_cos1': 0.842722, 'test_f1_entropy': 2.034054}}
2023-02-17 20:25:01,984 (server:395) INFO: Server: Final evaluation is finished! Starting merging results.
2023-02-17 20:25:01,984 (server:521) INFO: {'Role': 'Server #', 'Round': 'Final', 'Results_raw': {'client_best_individual': {'test_loss': 1.330807, 'test_avg_loss': 0.867377, 'test_acc': 1.0, 'test_f1': 1.0, 'test_total': 1.0, 'test_correct': 118.0}, 'client_summarized_weighted_avg': {'test_loss': 35.97276, 'test_avg_loss': 0.836246, 'test_acc': 0.590909, 'test_f1': 0.581275, 'test_total': 22.0, 'test_correct': 13.0}, 'client_summarized_avg': {'test_loss': 17.745207, 'test_avg_loss': 1.412565, 'test_acc': 0.347155, 'test_f1': 0.199588, 'test_total': 22.0, 'test_correct': 13.6}, 'client_summarized_fairness': {'test_loss_entropy': 1.575398, 'test_loss_cos1': 0.588918, 'test_loss_top10%': 102.350533, 'test_loss_bottom10%': 1.330807, 'test_loss_max': 102.350533, 'test_loss_min': 1.330807, 'test_loss_top_decile': 102.350533, 'test_loss_bottom_decile': 1.856012, 'test_loss_std': 30.170965, 'test_total': 22.0, 'test_correct': 13.4, 'test_avg_loss_std': 0.153784, 'test_avg_loss_bottom_decile': 0.928006, 'test_avg_loss_top_decile': 1.330807, 'test_avg_loss_min': 0.867377, 'test_avg_loss_max': 1.330807, 'test_avg_loss_bottom10%': 0.867377, 'test_avg_loss_top10%': 1.330807, 'test_avg_loss_cos1': 0.990372, 'test_avg_loss_entropy': 2.292716, 'test_acc_std': 0.295664, 'test_acc_bottom_decile': 0.0, 'test_acc_top_decile': 1.0, 'test_acc_min': 0.0, 'test_acc_max': 1.0, 'test_acc_bottom10%': 0.0, 'test_acc_top10%': 1.0, 'test_acc_cos1': 0.652332, 'test_acc_entropy': 1.640801, 'test_f1_std': 0.284835, 'test_f1_bottom_decile': 0.0, 'test_f1_top_decile': 1.0, 'test_f1_min': 0.0, 'test_f1_max': 1.0, 'test_f1_bottom10%': 0.0, 'test_f1_top10%': 1.0, 'test_f1_cos1': 0.590465, 'test_f1_entropy': 1.544299}}}
2023-02-17 20:25:01,985 (server:540) INFO: {'Role': 'Client #1', 'Round': 10, 'Results_raw': {'test_avg_loss': 0.3391, 'test_acc': 0.974576, 'test_loss': 40.013773, 'test_f1': 0.329041, 'test_total': 118, 'test_correct': 115.0}}
2023-02-17 20:25:01,985 (server:540) INFO: {'Role': 'Client #7', 'Round': 10, 'Results_raw': {'test_avg_loss': 1.276468, 'test_acc': 0.363636, 'test_loss': 28.082304, 'test_f1': 0.329285, 'test_total': 22, 'test_correct': 8.0}}
2023-02-17 20:25:01,985 (server:540) INFO: {'Role': 'Client #8', 'Round': 10, 'Results_raw': {'test_avg_loss': 0.9853, 'test_acc': 0.5, 'test_loss': 3.941198, 'test_f1': 0.333333, 'test_total': 4, 'test_correct': 2.0}}
2023-02-17 20:25:01,986 (server:540) INFO: {'Role': 'Client #4', 'Round': 10, 'Results_raw': {'test_avg_loss': 1.263201, 'test_acc': 0.05, 'test_loss': 50.528057, 'test_f1': 0.036275, 'test_total': 40, 'test_correct': 2.0}}
2023-02-17 20:25:01,986 (server:540) INFO: {'Role': 'Client #2', 'Round': 10, 'Results_raw': {'test_avg_loss': 1.004933, 'test_acc': 0.333333, 'test_loss': 15.073999, 'test_f1': 0.166667, 'test_total': 15, 'test_correct': 5.0}}
2023-02-17 20:25:01,986 (server:540) INFO: {'Role': 'Client #6', 'Round': 10, 'Results_raw': {'test_avg_loss': 2.156629, 'test_acc': 0.083333, 'test_loss': 25.879552, 'test_f1': 0.051282, 'test_total': 12, 'test_correct': 1.0}}
2023-02-17 20:25:01,987 (server:540) INFO: {'Role': 'Client #5', 'Round': 10, 'Results_raw': {'test_avg_loss': 1.851911, 'test_acc': 0.333333, 'test_loss': 5.555733, 'test_f1': 0.25, 'test_total': 3, 'test_correct': 1.0}}
2023-02-17 20:25:01,987 (server:540) INFO: {'Role': 'Client #9', 'Round': 10, 'Results_raw': {'test_avg_loss': 0.884319, 'test_acc': 0.5, 'test_loss': 1.768637, 'test_f1': 0.333333, 'test_total': 2, 'test_correct': 1.0}}
2023-02-17 20:25:01,987 (server:540) INFO: {'Role': 'Client #3', 'Round': 10, 'Results_raw': {'test_avg_loss': 3.241272, 'test_acc': 0.0, 'test_loss': 3.241272, 'test_f1': 0.0, 'test_total': 1, 'test_correct': 0.0}}
2023-02-17 20:25:01,987 (server:540) INFO: {'Role': 'Client #10', 'Round': 10, 'Results_raw': {'test_avg_loss': 1.122516, 'test_acc': 0.333333, 'test_loss': 3.367547, 'test_f1': 0.166667, 'test_total': 3, 'test_correct': 1.0}}
2023-02-17 20:25:01,988 (monitor:172) INFO: In worker #0, the system-related metrics are: {'id': 0, 'fl_end_time_minutes': 3.161232, 'total_model_size': 0, 'total_flops': 0, 'total_upload_bytes': 8324800, 'total_download_bytes': 1152040, 'global_convergence_round': 0, 'local_convergence_round': 0, 'global_convergence_time_minutes': 0, 'local_convergence_time_minutes': 0}
2023-02-17 20:25:01,991 (client:513) INFO: ================= client 1 received finish message =================
2023-02-17 20:25:01,999 (monitor:172) INFO: In worker #1, the system-related metrics are: {'id': 1, 'fl_end_time_minutes': 3.158528, 'total_model_size': 11182659, 'total_flops': 8230475028480.0, 'total_upload_bytes': 115296, 'total_download_bytes': 832480, 'global_convergence_round': 0, 'local_convergence_round': 0, 'global_convergence_time_minutes': 0, 'local_convergence_time_minutes': 0}
2023-02-17 20:25:02,000 (client:513) INFO: ================= client 3 received finish message =================
2023-02-17 20:25:02,008 (monitor:172) INFO: In worker #3, the system-related metrics are: {'id': 3, 'fl_end_time_minutes': 3.153467, 'total_model_size': 11182659, 'total_flops': 111222635520.0, 'total_upload_bytes': 115296, 'total_download_bytes': 832480, 'global_convergence_round': 0, 'local_convergence_round': 0, 'global_convergence_time_minutes': 0, 'local_convergence_time_minutes': 0}
2023-02-17 20:25:02,008 (client:513) INFO: ================= client 7 received finish message =================
2023-02-17 20:25:02,016 (monitor:172) INFO: In worker #7, the system-related metrics are: {'id': 7, 'fl_end_time_minutes': 3.140897, 'total_model_size': 11182659, 'total_flops': 4893795962880.0, 'total_upload_bytes': 115296, 'total_download_bytes': 832480, 'global_convergence_round': 0, 'local_convergence_round': 0, 'global_convergence_time_minutes': 0, 'local_convergence_time_minutes': 0}
2023-02-17 20:25:02,017 (client:513) INFO: ================= client 10 received finish message =================
2023-02-17 20:25:02,025 (monitor:172) INFO: In worker #10, the system-related metrics are: {'id': 10, 'fl_end_time_minutes': 3.134852, 'total_model_size': 11182659, 'total_flops': 5116241233920.0, 'total_upload_bytes': 115296, 'total_download_bytes': 832480, 'global_convergence_round': 0, 'local_convergence_round': 0, 'global_convergence_time_minutes': 0, 'local_convergence_time_minutes': 0}
2023-02-17 20:25:02,025 (client:513) INFO: ================= client 9 received finish message =================
2023-02-17 20:25:02,033 (monitor:172) INFO: In worker #9, the system-related metrics are: {'id': 9, 'fl_end_time_minutes': 3.137027, 'total_model_size': 11182659, 'total_flops': 15459946337280.0, 'total_upload_bytes': 115296, 'total_download_bytes': 832480, 'global_convergence_round': 0, 'local_convergence_round': 0, 'global_convergence_time_minutes': 0, 'local_convergence_time_minutes': 0}
2023-02-17 20:25:02,033 (client:513) INFO: ================= client 6 received finish message =================
2023-02-17 20:25:02,041 (monitor:172) INFO: In worker #6, the system-related metrics are: {'id': 6, 'fl_end_time_minutes': 3.145024, 'total_model_size': 11182659, 'total_flops': 222445271040.0, 'total_upload_bytes': 115296, 'total_download_bytes': 832480, 'global_convergence_round': 0, 'local_convergence_round': 0, 'global_convergence_time_minutes': 0, 'local_convergence_time_minutes': 0}
2023-02-17 20:25:02,042 (client:513) INFO: ================= client 8 received finish message =================
2023-02-17 20:25:02,050 (monitor:172) INFO: In worker #8, the system-related metrics are: {'id': 8, 'fl_end_time_minutes': 3.139268, 'total_model_size': 11182659, 'total_flops': 24913870356480.0, 'total_upload_bytes': 115296, 'total_download_bytes': 832480, 'global_convergence_round': 0, 'local_convergence_round': 0, 'global_convergence_time_minutes': 0, 'local_convergence_time_minutes': 0}
2023-02-17 20:25:02,050 (client:513) INFO: ================= client 5 received finish message =================
2023-02-17 20:25:02,058 (monitor:172) INFO: In worker #5, the system-related metrics are: {'id': 5, 'fl_end_time_minutes': 3.148518, 'total_model_size': 11182659, 'total_flops': 2669343252480.0, 'total_upload_bytes': 115296, 'total_download_bytes': 832480, 'global_convergence_round': 0, 'local_convergence_round': 0, 'global_convergence_time_minutes': 0, 'local_convergence_time_minutes': 0}
2023-02-17 20:25:02,058 (client:513) INFO: ================= client 2 received finish message =================
2023-02-17 20:25:02,066 (monitor:172) INFO: In worker #2, the system-related metrics are: {'id': 2, 'fl_end_time_minutes': 3.156185, 'total_model_size': 11182659, 'total_flops': 4893795962880.0, 'total_upload_bytes': 115296, 'total_download_bytes': 832480, 'global_convergence_round': 0, 'local_convergence_round': 0, 'global_convergence_time_minutes': 0, 'local_convergence_time_minutes': 0}
2023-02-17 20:25:02,066 (client:513) INFO: ================= client 4 received finish message =================
2023-02-17 20:25:02,074 (monitor:172) INFO: In worker #4, the system-related metrics are: {'id': 4, 'fl_end_time_minutes': 3.150881, 'total_model_size': 11182659, 'total_flops': 31031115310080.0, 'total_upload_bytes': 115296, 'total_download_bytes': 832480, 'global_convergence_round': 0, 'local_convergence_round': 0, 'global_convergence_time_minutes': 0, 'local_convergence_time_minutes': 0}
2023-02-17 20:25:02,075 (monitor:337) INFO: We will compress the file eval_results.raw into a .gz file, and delete the old one
2023-02-17 20:25:02,079 (monitor:245) INFO: After merging the system metrics from all works, we got avg: defaultdict(None, {'id': 'sys_avg', 'sys_avg/fl_end_time_minutes': 3.147807, 'sys_avg/total_model_size': '9.7M', 'sys_avg/total_flops': '8.06T', 'sys_avg/total_upload_bytes': '841.42K', 'sys_avg/total_download_bytes': '841.34K', 'sys_avg/global_convergence_round': 0.0, 'sys_avg/local_convergence_round': 0.0, 'sys_avg/global_convergence_time_minutes': 0.0, 'sys_avg/local_convergence_time_minutes': 0.0})
2023-02-17 20:25:02,079 (monitor:248) INFO: After merging the system metrics from all works, we got std: defaultdict(None, {'id': 'sys_std', 'sys_std/fl_end_time_minutes': 0.008633, 'sys_std/total_model_size': '3.07M', 'sys_std/total_flops': '9.12T', 'sys_std/total_upload_bytes': '2.25M', 'sys_std/total_download_bytes': '89.71K', 'sys_std/global_convergence_round': 0.0, 'sys_std/local_convergence_round': 0.0, 'sys_std/global_convergence_time_minutes': 0.0, 'sys_std/local_convergence_time_minutes': 0.0})
