2023-02-13 18:03:05,686 (logging:124) INFO: the current machine is at 192.168.0.1
2023-02-13 18:03:05,687 (logging:126) INFO: the current dir is /home/ubuntu/medscale
2023-02-13 18:03:05,687 (logging:127) INFO: the output dir is exp/FedAvg_vit_on_lung_lr0.01_lstep1
2023-02-13 18:03:13,766 (cfg_data:145) WARNING: config `cfg.data.batch_size` will be removed in the future, use `cfg.dataloader.batch_size` instead.
2023-02-13 18:03:13,766 (cfg_data:145) WARNING: config `cfg.data.batch_size` will be removed in the future, use `cfg.dataloader.batch_size` instead.
2023-02-13 18:03:13,790 (config:243) INFO: the used configs are: 
aggregator:
  inside_weight: 1.0
  num_agg_groups: 1
  num_agg_topk: []
  outside_weight: 0.0
asyn:
  use: False
attack:
  alpha_TV: 0.001
  alpha_prop_loss: 0
  attack_method: 
  attacker_id: -1
  classifier_PIA: randomforest
  edge_num: 100
  edge_path: edge_data/
  freq: 10
  info_diff_type: l2
  inject_round: 0
  insert_round: 100000
  label_type: dirty
  max_ite: 400
  mean: [0.1307]
  mia_is_simulate_in: False
  mia_simulate_in_round: 20
  pgd_eps: 2
  pgd_lr: 0.1
  pgd_poisoning: False
  poison_ratio: 0.5
  reconstruct_lr: 0.01
  reconstruct_optim: Adam
  scale_para: 1.0
  scale_poisoning: False
  self_epoch: 6
  self_lr: 0.05
  self_opt: False
  setting: fix
  std: [0.3081]
  target_label_ind: -1
  trigger_path: trigger/
  trigger_type: edge
backend: torch
cfg_file: 
check_completeness: False
criterion:
  type: CrossEntropyLoss
data:
  args: []
  batch_size: 16
  cSBM_phi: [0.5, 0.5, 0.5]
  cache_dir: 
  consistent_label_distribution: False
  drop_last: False
  hetero_data_name: []
  hetero_synth_batch_size: 32
  hetero_synth_feat_dim: 128
  hetero_synth_prim_weight: 0.5
  is_debug: False
  loader: 
  max_query_len: 128
  max_seq_len: 384
  max_tgt_len: 128
  num_contrast: 0
  num_of_client_for_data: []
  num_steps: 30
  num_workers: 0
  pre_transform: []
  quadratic:
    dim: 1
    max_curv: 12.5
    min_curv: 0.02
  root: data/
  save_data: False
  server_holds_all: False
  shuffle: True
  sizes: [10, 5]
  splits: [0.8, 0, 0.2]
  splitter: lda
  splitter_args: [{'alpha': 0.1}]
  subsample: 1.0
  target_transform: []
  test_pre_transform: []
  test_target_transform: []
  test_transform: []
  transform: []
  trunc_stride: 128
  type: lung
  val_pre_transform: []
  val_target_transform: []
  val_transform: []
  walk_length: 2
dataloader:
  batch_size: 16
  drop_last: False
  num_steps: 30
  num_workers: 0
  pin_memory: False
  shuffle: True
  sizes: [10, 5]
  theta: -1
  type: base
  walk_length: 2
device: 0
distribute:
  use: False
early_stop:
  delta: 0.0
  improve_indicator_mode: best
  patience: 5
eval:
  best_res_update_round_wise_key: test_loss
  count_flops: True
  freq: 1
  metrics: ['acc', 'correct', 'f1']
  monitoring: []
  report: ['weighted_avg', 'avg', 'fairness', 'raw']
  split: ['test', 'val']
expname: FedAvg_vit_on_lung_lr0.01_lstep1
expname_tag: 
feat_engr:
  num_bins: 5
  scenario: hfl
  secure:
    dp:
      
    encrypt:
      type: dummy
    key_size: 3072
    type: encrypt
  selec_threshold: 0.05
  selec_woe_binning: quantile
  type: 
federate:
  atc_load_from: 
  atc_vanilla: False
  client_num: 10
  data_weighted_aggr: False
  ignore_weight: False
  join_in_info: []
  make_global_eval: False
  merge_test_data: False
  method: FedAvg
  mode: standalone
  online_aggr: True
  resource_info_file: 
  restore_from: 
  sample_client_num: 10
  sample_client_rate: -1.0
  sampler: uniform
  save_to: 
  share_local_model: False
  total_round_num: 10
  unseen_clients_rate: 0.0
  use_diff: False
  use_ss: False
fedopt:
  use: False
fedprox:
  use: False
fedsageplus:
  a: 1.0
  b: 1.0
  c: 1.0
  fedgen_epoch: 200
  gen_hidden: 128
  hide_portion: 0.5
  loc_epoch: 1
  num_pred: 5
finetune:
  batch_or_epoch: epoch
  before_eval: False
  freeze_param: 
  local_update_steps: 1
  optimizer:
    lr: 0.1
    type: SGD
  scheduler:
    type: 
    warmup_ratio: 0.0
flitplus:
  factor_ema: 0.8
  lambdavat: 0.5
  tmpFed: 0.5
  weightReg: 1.0
gcflplus:
  EPS_1: 0.05
  EPS_2: 0.1
  seq_length: 5
  standardize: False
grad:
  grad_accum_count: 1
  grad_clip: 5.0
hpo:
  fedex:
    cutoff: 0.0
    diff: False
    eta0: -1.0
    flatten_ss: True
    gamma: 0.0
    pi_lr: 0.01
    psn: False
    sched: auto
    ss: 
    use: False
  init_cand_num: 16
  larger_better: False
  metric: client_summarized_weighted_avg.val_loss
  num_workers: 0
  pbt:
    max_stage: 5
    perf_threshold: 0.1
  scheduler: rs
  sha:
    budgets: []
    elim_rate: 3
    iter: 0
  ss: 
  table:
    eps: 0.1
    idx: 0
    num: 27
  working_folder: hpo
model:
  contrast_temp: 1.0
  contrast_topk: 100
  downstream_tasks: []
  dropout: 0.0
  embed_size: 8
  gamma: 0
  graph_pooling: mean
  hidden: 2048
  in_channels: 0
  input_shape: ()
  label_smoothing: 0.1
  lambda_: 0.1
  layer: 2
  length_penalty: 2.0
  max_answer_len: 30
  max_length: 200
  max_tree_depth: 3
  min_length: 1
  model_num_per_trainer: 1
  model_type: google/bert_uncased_L-2_H-128_A-2
  n_best_size: 20
  no_repeat_ngram_size: 3
  null_score_diff_threshold: 0.0
  num_beams: 5
  num_item: 0
  num_labels: 1
  num_of_trees: 10
  num_user: 0
  out_channels: 3
  pretrain_tasks: []
  stage: 
  task: node
  type: vit
  use_bias: True
  use_contrastive_loss: False
nbafl:
  use: False
outdir: exp/FedAvg_vit_on_lung_lr0.01_lstep1
personalization:
  K: 5
  beta: 1.0
  local_param: []
  local_update_steps: 1
  lr: 0.5
  regular_weight: 1.0
  share_non_trainable_para: False
print_decimal_digits: 6
regularizer:
  mu: 0.0
  type: 
seed: 2
sgdmf:
  use: False
train:
  batch_or_epoch: epoch
  local_update_steps: 1
  optimizer:
    lr: 0.01
    type: SGD
    weight_decay: 0.0
  scheduler:
    type: 
    warmup_ratio: 0.0
trainer:
  disp_freq: 50
  local_entropy:
    alpha: 0.75
    eps: 0.001
    gamma: 0.0001
  sam:
    adaptive: False
    eta: 0.0
    rho: 1.0
  type: cvtrainer
  val_freq: 100000000
use_gpu: True
verbose: 1
vertical:
  use: False
wandb:
  use: False
2023-02-13 18:03:13,865 (utils:144) INFO: The device information file is not provided
2023-02-13 18:03:14,331 (fed_runner:169) INFO: Server has been set up ... 
2023-02-13 18:03:14,858 (fed_runner:221) INFO: Client 1 has been set up ... 
2023-02-13 18:03:15,383 (fed_runner:221) INFO: Client 2 has been set up ... 
2023-02-13 18:03:15,786 (fed_runner:221) INFO: Client 3 has been set up ... 
2023-02-13 18:03:16,300 (fed_runner:221) INFO: Client 4 has been set up ... 
2023-02-13 18:03:16,737 (fed_runner:221) INFO: Client 5 has been set up ... 
2023-02-13 18:03:17,224 (fed_runner:221) INFO: Client 6 has been set up ... 
2023-02-13 18:03:17,870 (fed_runner:221) INFO: Client 7 has been set up ... 
2023-02-13 18:03:18,318 (fed_runner:221) INFO: Client 8 has been set up ... 
2023-02-13 18:03:18,732 (fed_runner:221) INFO: Client 9 has been set up ... 
2023-02-13 18:03:19,148 (fed_runner:221) INFO: Client 10 has been set up ... 
<<<<<<< HEAD
2023-02-13 18:03:19,148 (trainer:341) INFO: Model meta-info: <class 'medscale.contrib.model.VIT2.HAT_Net'>.
=======
<<<<<<< HEAD
2023-02-13 18:03:19,148 (trainer:341) INFO: Model meta-info: <class 'medscale.contrib.model.VIT2.HAT_Net'>.
=======
2023-02-13 18:03:19,148 (trainer:341) INFO: Model meta-info: <class 'medscale.contrib.model.VIT2.HAT_Net'>.
>>>>>>> fe4962455354c9c11afd9c9806ceda28eb280737
>>>>>>> 64b283ee525ef53c32509882719e74890329b83f
2023-02-13 18:03:19,154 (trainer:349) INFO: Num of original para names: 290.
2023-02-13 18:03:19,154 (trainer:350) INFO: Num of original trainable para names: 290.
2023-02-13 18:03:19,154 (trainer:352) INFO: Num of preserved para names in local update: 290. 
Preserved para names in local update: {'blocks.0.2.attn.proj.weight', 'blocks.0.1.conv.conv2.0.weight', 'blocks.2.1.attn.qkv.bias', 'blocks.0.1.conv.conv3.1.bias', 'blocks.2.1.conv.conv2.0.weight', 'blocks.2.0.attn.norm.bias', 'blocks.2.0.conv.conv3.1.bias', 'blocks.0.2.attn.proj_norm.weight', 'blocks.0.1.conv.conv1.0.weight', 'blocks.1.0.attn.qkv.weight', 'blocks.2.0.attn.qkv.bias', 'blocks.2.5.attn.proj_norm.bias', 'blocks.1.3.conv.conv2.0.weight', 'blocks.2.6.conv.conv1.1.weight', 'blocks.3.0.conv.conv3.1.weight', 'blocks.2.5.attn.proj_norm.weight', 'blocks.2.5.conv.conv3.1.weight', 'blocks.3.1.attn.proj_norm.weight', 'blocks.2.3.attn.proj_norm.bias', 'blocks.3.2.attn.proj.weight', 'blocks.1.0.attn.proj.bias', 'blocks.0.2.conv.conv1.0.bias', 'blocks.3.2.conv.conv3.1.bias', 'blocks.1.1.conv.conv2.0.weight', 'ds2.norm.weight', 'blocks.0.0.conv.conv1.1.weight', 'blocks.2.3.attn.proj.bias', 'blocks.3.1.conv.conv1.0.weight', 'blocks.1.1.conv.conv3.1.weight', 'blocks.1.2.attn.proj_norm.bias', 'blocks.1.0.attn.proj.weight', 'blocks.1.2.attn.proj_norm.weight', 'blocks.2.0.conv.conv2.0.weight', 'blocks.1.1.attn.norm.bias', 'blocks.1.1.attn.proj.bias', 'blocks.2.2.attn.norm.weight', 'blocks.3.0.attn.qkv.weight', 'blocks.2.5.conv.conv1.0.weight', 'blocks.0.0.conv.conv1.0.bias', 'blocks.2.7.attn.qkv.bias', 'blocks.0.1.attn.qkv.bias', 'blocks.0.1.conv.conv3.0.weight', 'blocks.1.3.attn.proj_norm.weight', 'blocks.2.4.attn.proj_norm.bias', 'blocks.1.1.attn.qkv.bias', 'blocks.0.2.conv.conv3.1.bias', 'ds3.conv.weight', 'blocks.2.7.conv.conv1.1.weight', 'blocks.2.0.attn.proj_norm.bias', 'blocks.1.2.conv.conv1.0.weight', 'blocks.0.1.attn.proj_norm.weight', 'blocks.2.3.attn.proj.weight', 'blocks.2.7.conv.conv3.0.weight', 'blocks.2.3.conv.conv2.0.weight', 'blocks.3.1.conv.conv1.0.bias', 'blocks.0.0.attn.proj.weight', 'blocks.2.0.conv.conv1.1.weight', 'blocks.2.2.conv.conv3.1.weight', 'blocks.2.6.attn.proj_norm.weight', 'blocks.2.4.attn.qkv.weight', 'blocks.0.0.attn.norm.bias', 'blocks.2.3.conv.conv3.1.bias', 'blocks.3.0.attn.proj.weight', 'blocks.3.2.conv.conv3.0.weight', 'blocks.0.2.conv.conv3.0.weight', 'blocks.2.4.attn.proj.bias', 'blocks.1.3.attn.norm.weight', 'blocks.2.2.attn.qkv.bias', 'blocks.2.6.conv.conv2.0.weight', 'blocks.2.0.conv.conv3.1.weight', 'blocks.2.5.conv.conv3.1.bias', 'patch_embed.1.weight', 'blocks.0.0.conv.conv3.0.weight', 'blocks.2.6.attn.qkv.weight', 'blocks.3.2.attn.proj_norm.bias', 'blocks.2.0.conv.conv1.0.bias', 'blocks.2.7.attn.proj.bias', 'blocks.2.7.attn.proj_norm.bias', 'blocks.2.5.conv.conv3.0.weight', 'blocks.2.7.conv.conv1.0.bias', 'blocks.3.1.attn.norm.bias', 'blocks.0.0.conv.conv1.0.weight', 'blocks.1.3.attn.proj.bias', 'blocks.2.1.attn.proj_norm.bias', 'blocks.1.3.conv.conv1.1.weight', 'blocks.1.3.conv.conv3.0.weight', 'blocks.2.4.conv.conv1.1.weight', 'blocks.2.7.attn.qkv.weight', 'blocks.3.0.attn.proj_norm.weight', 'blocks.3.2.attn.proj_norm.weight', 'blocks.0.2.attn.proj.bias', 'blocks.2.6.attn.qkv.bias', 'blocks.2.1.attn.norm.weight', 'blocks.1.1.attn.qkv.weight', 'blocks.2.1.conv.conv3.1.weight', 'blocks.3.0.attn.norm.bias', 'blocks.3.1.conv.conv1.1.weight', 'blocks.3.1.conv.conv3.1.weight', 'blocks.2.1.attn.proj.bias', 'patch_embed.1.bias', 'blocks.1.1.attn.proj.weight', 'blocks.2.0.conv.conv3.0.weight', 'blocks.1.2.conv.conv3.1.weight', 'blocks.0.2.conv.conv3.1.weight', 'blocks.1.3.attn.proj_norm.bias', 'classifier.1.bias', 'blocks.1.0.conv.conv3.1.weight', 'ds2.norm.bias', 'blocks.0.0.conv.conv2.0.weight', 'blocks.0.0.attn.proj.bias', 'blocks.2.1.conv.conv1.0.weight', 'blocks.2.5.attn.qkv.bias', 'blocks.2.2.attn.proj.bias', 'blocks.2.4.attn.proj.weight', 'blocks.2.5.conv.conv1.0.bias', 'blocks.2.7.attn.norm.bias', 'blocks.2.7.conv.conv3.1.bias', 'ds3.norm.weight', 'blocks.2.6.conv.conv3.0.weight', 'blocks.2.2.conv.conv1.1.weight', 'blocks.1.2.conv.conv2.0.weight', 'blocks.3.0.attn.proj.bias', 'blocks.0.1.attn.proj.bias', 'blocks.2.2.conv.conv3.0.weight', 'blocks.2.3.attn.qkv.bias', 'blocks.2.2.conv.conv1.0.bias', 'blocks.2.3.conv.conv1.0.weight', 'blocks.2.6.conv.conv3.1.weight', 'blocks.3.1.conv.conv3.1.bias', 'blocks.3.1.conv.conv3.0.weight', 'blocks.2.3.conv.conv1.1.weight', 'blocks.1.1.conv.conv1.0.bias', 'patch_embed.0.bias', 'blocks.2.1.attn.proj_norm.weight', 'blocks.3.2.conv.conv2.0.weight', 'blocks.2.1.attn.proj.weight', 'blocks.2.7.attn.proj_norm.weight', 'blocks.0.0.conv.conv3.1.bias', 'blocks.2.1.conv.conv3.0.weight', 'blocks.3.0.conv.conv1.1.weight', 'blocks.1.2.attn.qkv.weight', 'blocks.2.2.conv.conv1.0.weight', 'blocks.3.1.attn.qkv.bias', 'blocks.0.0.conv.conv3.1.weight', 'blocks.1.1.conv.conv3.0.weight', 'blocks.1.2.conv.conv1.0.bias', 'blocks.1.2.attn.proj.bias', 'blocks.2.2.attn.proj.weight', 'blocks.3.2.attn.norm.bias', 'blocks.2.4.conv.conv3.0.weight', 'blocks.3.2.conv.conv3.1.weight', 'blocks.2.4.conv.conv1.0.weight', 'blocks.2.1.attn.norm.bias', 'blocks.2.5.attn.proj.bias', 'blocks.2.6.conv.conv1.0.bias', 'blocks.1.2.conv.conv3.1.bias', 'ds4.conv.weight', 'blocks.1.3.attn.proj.weight', 'blocks.2.4.conv.conv2.0.weight', 'blocks.2.6.attn.proj.bias', 'blocks.2.6.attn.proj_norm.bias', 'blocks.3.0.conv.conv3.1.bias', 'blocks.1.2.attn.qkv.bias', 'ds4.conv.bias', 'blocks.0.1.conv.conv3.1.weight', 'blocks.2.1.conv.conv1.1.weight', 'blocks.0.2.conv.conv1.1.weight', 'ds4.norm.bias', 'blocks.2.4.attn.qkv.bias', 'blocks.2.5.attn.proj.weight', 'blocks.3.2.attn.qkv.weight', 'blocks.2.3.attn.norm.weight', 'blocks.0.1.attn.proj_norm.bias', 'blocks.1.0.attn.qkv.bias', 'blocks.2.2.conv.conv2.0.weight', 'blocks.0.1.attn.norm.weight', 'patch_embed.3.weight', 'blocks.2.7.attn.norm.weight', 'blocks.2.2.attn.qkv.weight', 'blocks.2.7.conv.conv2.0.weight', 'blocks.1.3.attn.qkv.weight', 'blocks.2.0.attn.proj.weight', 'blocks.3.2.conv.conv1.0.bias', 'blocks.3.0.conv.conv1.0.weight', 'blocks.0.2.attn.proj_norm.bias', 'patch_embed.0.weight', 'blocks.0.1.attn.norm.bias', 'blocks.2.7.conv.conv1.0.weight', 'blocks.2.6.attn.proj.weight', 'blocks.3.2.conv.conv1.1.weight', 'blocks.0.2.conv.conv2.0.weight', 'blocks.2.7.attn.proj.weight', 'blocks.2.6.conv.conv1.0.weight', 'blocks.3.2.conv.conv1.0.weight', 'blocks.3.1.attn.norm.weight', 'blocks.3.2.attn.proj.bias', 'blocks.2.2.attn.proj_norm.weight', 'blocks.2.0.conv.conv1.0.weight', 'blocks.1.3.conv.conv1.0.weight', 'blocks.3.0.attn.norm.weight', 'blocks.0.1.conv.conv1.1.weight', 'blocks.2.3.attn.qkv.weight', 'blocks.3.2.attn.norm.weight', 'blocks.2.3.attn.norm.bias', 'blocks.0.0.attn.qkv.bias', 'blocks.0.2.attn.norm.bias', 'blocks.1.1.attn.proj_norm.bias', 'blocks.0.2.attn.norm.weight', 'blocks.2.1.conv.conv1.0.bias', 'blocks.3.1.attn.proj_norm.bias', 'blocks.0.1.conv.conv1.0.bias', 'blocks.2.0.attn.qkv.weight', 'blocks.2.5.attn.norm.weight', 'blocks.2.6.attn.norm.bias', 'blocks.1.3.conv.conv1.0.bias', 'blocks.0.2.attn.qkv.bias', 'blocks.2.4.conv.conv3.1.bias', 'ds4.norm.weight', 'ds3.conv.bias', 'blocks.1.1.attn.proj_norm.weight', 'blocks.1.3.conv.conv3.1.bias', 'blocks.0.2.attn.qkv.weight', 'blocks.2.5.attn.norm.bias', 'blocks.1.2.attn.proj.weight', 'blocks.1.0.conv.conv2.0.weight', 'blocks.2.4.conv.conv1.0.bias', 'blocks.2.2.attn.proj_norm.bias', 'blocks.1.2.conv.conv1.1.weight', 'blocks.0.1.attn.proj.weight', 'blocks.1.1.conv.conv1.1.weight', 'blocks.1.1.conv.conv3.1.bias', 'blocks.1.0.conv.conv3.1.bias', 'blocks.2.5.attn.qkv.weight', 'blocks.3.0.attn.proj_norm.bias', 'ds2.conv.weight', 'ds2.conv.bias', 'blocks.1.0.attn.norm.bias', 'blocks.3.1.attn.proj.bias', 'blocks.0.0.attn.qkv.weight', 'blocks.2.2.conv.conv3.1.bias', 'blocks.0.0.attn.norm.weight', 'blocks.2.6.conv.conv3.1.bias', 'blocks.2.5.conv.conv2.0.weight', 'blocks.1.0.conv.conv1.0.bias', 'blocks.2.4.attn.proj_norm.weight', 'blocks.3.1.attn.proj.weight', 'blocks.2.4.attn.norm.bias', 'blocks.2.4.conv.conv3.1.weight', 'classifier.1.weight', 'blocks.1.0.attn.proj_norm.weight', 'blocks.1.2.attn.norm.weight', 'blocks.1.3.attn.norm.bias', 'blocks.2.3.conv.conv3.0.weight', 'blocks.3.2.attn.qkv.bias', 'blocks.2.5.conv.conv1.1.weight', 'blocks.3.1.attn.qkv.weight', 'blocks.2.0.attn.proj_norm.weight', 'blocks.1.2.attn.norm.bias', 'blocks.2.3.conv.conv3.1.weight', 'blocks.1.0.conv.conv1.1.weight', 'blocks.2.1.attn.qkv.weight', 'blocks.2.7.conv.conv3.1.weight', 'blocks.1.0.attn.proj_norm.bias', 'blocks.3.0.conv.conv2.0.weight', 'blocks.0.1.attn.qkv.weight', 'blocks.3.1.conv.conv2.0.weight', 'blocks.2.0.attn.proj.bias', 'blocks.1.3.conv.conv3.1.weight', 'blocks.1.0.conv.conv3.0.weight', 'patch_embed.3.bias', 'blocks.1.3.attn.qkv.bias', 'blocks.2.3.attn.proj_norm.weight', 'blocks.2.1.conv.conv3.1.bias', 'blocks.3.0.conv.conv1.0.bias', 'blocks.3.0.conv.conv3.0.weight', 'blocks.1.1.attn.norm.weight', 'blocks.2.2.attn.norm.bias', 'blocks.2.0.attn.norm.weight', 'blocks.0.0.attn.proj_norm.bias', 'blocks.1.0.attn.norm.weight', 'blocks.0.0.attn.proj_norm.weight', 'blocks.2.6.attn.norm.weight', 'blocks.1.2.conv.conv3.0.weight', 'blocks.3.0.attn.qkv.bias', 'ds3.norm.bias', 'blocks.1.0.conv.conv1.0.weight', 'blocks.2.4.attn.norm.weight', 'blocks.1.1.conv.conv1.0.weight', 'blocks.0.2.conv.conv1.0.weight', 'blocks.2.3.conv.conv1.0.bias'}.
2023-02-13 18:03:19,159 (trainer:356) INFO: Num of filtered para names in local update: 0. 
Filtered para names in local update: set().
2023-02-13 18:03:19,160 (trainer:361) INFO: After register default hooks,
	the hooks_in_train is:
	{
	  "on_fit_start": [
	    "_hook_on_fit_start_init",
	    "_hook_on_fit_start_calculate_model_size"
	  ],
	  "on_epoch_start": [
	    "_hook_on_epoch_start"
	  ],
	  "on_batch_start": [
	    "_hook_on_batch_start_init"
	  ],
	  "on_batch_forward": [
	    "_hook_on_batch_forward",
	    "_hook_on_batch_forward_regularizer",
	    "_hook_on_batch_forward_flop_count"
	  ],
	  "on_batch_backward": [
	    "_hook_on_batch_backward"
	  ],
	  "on_batch_end": [
	    "_hook_on_batch_end"
	  ],
	  "on_fit_end": [
	    "_hook_on_fit_end"
	  ]
	};
	the hooks_in_eval is:
            t{
	  "on_fit_start": [
	    "_hook_on_fit_start_init"
	  ],
	  "on_epoch_start": [
	    "_hook_on_epoch_start"
	  ],
	  "on_batch_start": [
	    "_hook_on_batch_start_init"
	  ],
	  "on_batch_forward": [
	    "_hook_on_batch_forward"
	  ],
	  "on_batch_end": [
	    "_hook_on_batch_end"
	  ],
	  "on_fit_end": [
	    "_hook_on_fit_end"
	  ]
	}
2023-02-13 18:03:19,259 (server:804) INFO: ----------- Starting training (Round #0) -------------
2023-02-13 18:03:23,076 (client:306) INFO: {'Role': 'Client #6', 'Round': 0, 'Results_raw': {'train_total': 2, 'train_acc': 0.5, 'train_correct': 1.0, 'train_loss': 2.150561, 'train_f1': 0.333333, 'train_avg_loss': 1.07528}}
2023-02-13 18:03:23,871 (client:306) INFO: {'Role': 'Client #5', 'Round': 0, 'Results_raw': {'train_total': 24, 'train_acc': 0.375, 'train_correct': 9.0, 'train_loss': 21.097073, 'train_f1': 0.181818, 'train_avg_loss': 0.879045}}
2023-02-13 18:03:26,926 (client:306) INFO: {'Role': 'Client #8', 'Round': 0, 'Results_raw': {'train_total': 224, 'train_acc': 0.794643, 'train_correct': 178.0, 'train_loss': 127.356784, 'train_f1': 0.346704, 'train_avg_loss': 0.568557}}
2023-02-13 18:03:27,890 (client:306) INFO: {'Role': 'Client #2', 'Round': 0, 'Results_raw': {'train_total': 44, 'train_acc': 0.818182, 'train_correct': 36.0, 'train_loss': 18.142658, 'train_f1': 0.3, 'train_avg_loss': 0.412333}}
2023-02-13 18:03:31,802 (client:306) INFO: {'Role': 'Client #4', 'Round': 0, 'Results_raw': {'train_total': 279, 'train_acc': 0.949821, 'train_correct': 265.0, 'train_loss': 29.903632, 'train_f1': 0.324755, 'train_avg_loss': 0.107181}}
2023-02-13 18:03:32,775 (client:306) INFO: {'Role': 'Client #7', 'Round': 0, 'Results_raw': {'train_total': 44, 'train_acc': 0.818182, 'train_correct': 36.0, 'train_loss': 17.845666, 'train_f1': 0.3, 'train_avg_loss': 0.405583}}
2023-02-13 18:03:34,891 (client:306) INFO: {'Role': 'Client #9', 'Round': 0, 'Results_raw': {'train_total': 139, 'train_acc': 0.956835, 'train_correct': 133.0, 'train_loss': 17.032484, 'train_f1': 0.488971, 'train_avg_loss': 0.122536}}
2023-02-13 18:03:36,272 (client:306) INFO: {'Role': 'Client #1', 'Round': 0, 'Results_raw': {'train_total': 74, 'train_acc': 0.824324, 'train_correct': 61.0, 'train_loss': 19.375769, 'train_f1': 0.303483, 'train_avg_loss': 0.261835}}
2023-02-13 18:03:36,772 (client:306) INFO: {'Role': 'Client #3', 'Round': 0, 'Results_raw': {'train_total': 1, 'train_acc': 1.0, 'train_correct': 1.0, 'train_loss': 0.779631, 'train_f1': 1.0, 'train_avg_loss': 0.779631}}
2023-02-13 18:03:37,796 (client:306) INFO: {'Role': 'Client #10', 'Round': 0, 'Results_raw': {'train_total': 46, 'train_acc': 0.673913, 'train_correct': 31.0, 'train_loss': 36.564265, 'train_f1': 0.403865, 'train_avg_loss': 0.794875}}
2023-02-13 18:03:37,852 (monitor:541) INFO: {'Role': 'Server #', 'Round': 0, 'Results_model_metric': {}}
2023-02-13 18:03:37,883 (server:330) INFO: Server: Starting evaluation at the end of round 0.
2023-02-13 18:03:37,896 (server:336) INFO: ----------- Starting a new training round (Round #1) -------------
2023-02-13 18:03:39,046 (context:294) WARNING: No val_data or val_loader in the trainer, will skip evaluation.If this is not the case you want, please check whether there is typo for the name
2023-02-13 18:03:39,277 (context:294) WARNING: No val_data or val_loader in the trainer, will skip evaluation.If this is not the case you want, please check whether there is typo for the name
2023-02-13 18:03:39,396 (context:294) WARNING: No val_data or val_loader in the trainer, will skip evaluation.If this is not the case you want, please check whether there is typo for the name
2023-02-13 18:03:39,865 (context:294) WARNING: No val_data or val_loader in the trainer, will skip evaluation.If this is not the case you want, please check whether there is typo for the name
2023-02-13 18:03:40,005 (context:294) WARNING: No val_data or val_loader in the trainer, will skip evaluation.If this is not the case you want, please check whether there is typo for the name
2023-02-13 18:03:40,217 (context:294) WARNING: No val_data or val_loader in the trainer, will skip evaluation.If this is not the case you want, please check whether there is typo for the name
2023-02-13 18:03:40,524 (context:294) WARNING: No val_data or val_loader in the trainer, will skip evaluation.If this is not the case you want, please check whether there is typo for the name
2023-02-13 18:03:40,677 (context:294) WARNING: No val_data or val_loader in the trainer, will skip evaluation.If this is not the case you want, please check whether there is typo for the name
2023-02-13 18:03:40,804 (context:294) WARNING: No val_data or val_loader in the trainer, will skip evaluation.If this is not the case you want, please check whether there is typo for the name
2023-02-13 18:03:40,939 (context:294) WARNING: No val_data or val_loader in the trainer, will skip evaluation.If this is not the case you want, please check whether there is typo for the name
2023-02-13 18:03:40,941 (server:590) INFO: {'Role': 'Server #', 'Round': 0, 'Results_weighted_avg': {'test_total': 22.0, 'test_acc': 0.559091, 'test_correct': 12.3, 'test_loss': 44.715172, 'test_f1': 0.553934, 'test_avg_loss': 0.884451}, 'Results_avg': {'test_total': 22.0, 'test_acc': 0.18, 'test_correct': 12.3, 'test_loss': 19.457921, 'test_f1': 0.151795, 'test_avg_loss': 1.378004}, 'Results_fairness': {'test_total': 22.0, 'test_correct': 12.3, 'test_acc_std': 0.301275, 'test_acc_bottom_decile': 0.0, 'test_acc_top_decile': 1.0, 'test_acc_min': 0.0, 'test_acc_max': 1.0, 'test_acc_bottom10%': 0.0, 'test_acc_top10%': 1.0, 'test_acc_cos1': 0.512892, 'test_acc_entropy': 1.192937, 'test_loss_std': 19.150337, 'test_loss_bottom_decile': 2.3592, 'test_loss_top_decile': 56.901241, 'test_loss_min': 2.153807, 'test_loss_max': 56.901241, 'test_loss_bottom10%': 2.153807, 'test_loss_top10%': 56.901241, 'test_loss_cos1': 0.712718, 'test_loss_entropy': 1.824952, 'test_f1_std': 0.294107, 'test_f1_bottom_decile': 0.0, 'test_f1_top_decile': 1.0, 'test_f1_min': 0.0, 'test_f1_max': 1.0, 'test_f1_bottom10%': 0.0, 'test_f1_top10%': 1.0, 'test_f1_cos1': 0.458637, 'test_f1_entropy': 1.041436, 'test_avg_loss_std': 0.522981, 'test_avg_loss_bottom_decile': 0.995941, 'test_avg_loss_top_decile': 2.3592, 'test_avg_loss_min': 0.482214, 'test_avg_loss_max': 2.3592, 'test_avg_loss_bottom10%': 0.482214, 'test_avg_loss_top10%': 2.3592, 'test_avg_loss_cos1': 0.934932, 'test_avg_loss_entropy': 2.228111}}
2023-02-13 18:03:41,997 (client:306) INFO: {'Role': 'Client #1', 'Round': 1, 'Results_raw': {'train_total': 74, 'train_acc': 0.77027, 'train_correct': 57.0, 'train_loss': 51.745801, 'train_f1': 0.290076, 'train_avg_loss': 0.699268}}
2023-02-13 18:03:42,699 (client:306) INFO: {'Role': 'Client #2', 'Round': 1, 'Results_raw': {'train_total': 44, 'train_acc': 1.0, 'train_correct': 44.0, 'train_loss': 8.779904, 'train_f1': 1.0, 'train_avg_loss': 0.199543}}
2023-02-13 18:03:43,180 (client:306) INFO: {'Role': 'Client #5', 'Round': 1, 'Results_raw': {'train_total': 24, 'train_acc': 0.375, 'train_correct': 9.0, 'train_loss': 17.377347, 'train_f1': 0.272727, 'train_avg_loss': 0.724056}}
2023-02-13 18:03:43,416 (client:306) INFO: {'Role': 'Client #6', 'Round': 1, 'Results_raw': {'train_total': 2, 'train_acc': 0.0, 'train_correct': 0.0, 'train_loss': 5.82601, 'train_f1': 0.0, 'train_avg_loss': 2.913005}}
2023-02-13 18:03:44,112 (client:306) INFO: {'Role': 'Client #7', 'Round': 1, 'Results_raw': {'train_total': 44, 'train_acc': 0.977273, 'train_correct': 43.0, 'train_loss': 9.050852, 'train_f1': 0.494253, 'train_avg_loss': 0.205701}}
2023-02-13 18:03:45,963 (client:306) INFO: {'Role': 'Client #9', 'Round': 1, 'Results_raw': {'train_total': 139, 'train_acc': 1.0, 'train_correct': 139.0, 'train_loss': 8.023953, 'train_f1': 1.0, 'train_avg_loss': 0.057726}}
2023-02-13 18:03:49,638 (client:306) INFO: {'Role': 'Client #4', 'Round': 1, 'Results_raw': {'train_total': 279, 'train_acc': 0.939068, 'train_correct': 262.0, 'train_loss': 25.962311, 'train_f1': 0.322859, 'train_avg_loss': 0.093055}}
2023-02-13 18:03:52,487 (client:306) INFO: {'Role': 'Client #8', 'Round': 1, 'Results_raw': {'train_total': 224, 'train_acc': 0.866071, 'train_correct': 194.0, 'train_loss': 92.867321, 'train_f1': 0.417108, 'train_avg_loss': 0.414586}}
2023-02-13 18:03:53,234 (client:306) INFO: {'Role': 'Client #10', 'Round': 1, 'Results_raw': {'train_total': 46, 'train_acc': 0.5, 'train_correct': 23.0, 'train_loss': 43.363677, 'train_f1': 0.297133, 'train_avg_loss': 0.942689}}
2023-02-13 18:03:53,458 (client:306) INFO: {'Role': 'Client #3', 'Round': 1, 'Results_raw': {'train_total': 1, 'train_acc': 0.0, 'train_correct': 0.0, 'train_loss': 1.067827, 'train_f1': 0.0, 'train_avg_loss': 1.067827}}
2023-02-13 18:03:53,505 (monitor:541) INFO: {'Role': 'Server #', 'Round': 1, 'Results_model_metric': {}}
2023-02-13 18:03:53,536 (server:330) INFO: Server: Starting evaluation at the end of round 1.
2023-02-13 18:03:53,550 (server:336) INFO: ----------- Starting a new training round (Round #2) -------------
2023-02-13 18:03:54,734 (context:294) WARNING: No val_data or val_loader in the trainer, will skip evaluation.If this is not the case you want, please check whether there is typo for the name
2023-02-13 18:03:54,970 (context:294) WARNING: No val_data or val_loader in the trainer, will skip evaluation.If this is not the case you want, please check whether there is typo for the name
2023-02-13 18:03:55,094 (context:294) WARNING: No val_data or val_loader in the trainer, will skip evaluation.If this is not the case you want, please check whether there is typo for the name
2023-02-13 18:03:55,571 (context:294) WARNING: No val_data or val_loader in the trainer, will skip evaluation.If this is not the case you want, please check whether there is typo for the name
2023-02-13 18:03:55,709 (context:294) WARNING: No val_data or val_loader in the trainer, will skip evaluation.If this is not the case you want, please check whether there is typo for the name
2023-02-13 18:03:55,923 (context:294) WARNING: No val_data or val_loader in the trainer, will skip evaluation.If this is not the case you want, please check whether there is typo for the name
2023-02-13 18:03:56,236 (context:294) WARNING: No val_data or val_loader in the trainer, will skip evaluation.If this is not the case you want, please check whether there is typo for the name
2023-02-13 18:03:56,385 (context:294) WARNING: No val_data or val_loader in the trainer, will skip evaluation.If this is not the case you want, please check whether there is typo for the name
2023-02-13 18:03:56,519 (context:294) WARNING: No val_data or val_loader in the trainer, will skip evaluation.If this is not the case you want, please check whether there is typo for the name
2023-02-13 18:03:56,661 (context:294) WARNING: No val_data or val_loader in the trainer, will skip evaluation.If this is not the case you want, please check whether there is typo for the name
2023-02-13 18:03:56,663 (server:590) INFO: {'Role': 'Server #', 'Round': 1, 'Results_weighted_avg': {'test_total': 22.0, 'test_acc': 0.554545, 'test_correct': 12.2, 'test_loss': 41.491742, 'test_f1': 0.549277, 'test_avg_loss': 0.88705}, 'Results_avg': {'test_total': 22.0, 'test_acc': 0.1775, 'test_correct': 12.2, 'test_loss': 19.515097, 'test_f1': 0.149234, 'test_avg_loss': 1.428239}, 'Results_fairness': {'test_total': 22.0, 'test_correct': 12.2, 'test_acc_std': 0.302445, 'test_acc_bottom_decile': 0.0, 'test_acc_top_decile': 1.0, 'test_acc_min': 0.0, 'test_acc_max': 1.0, 'test_acc_bottom10%': 0.0, 'test_acc_top10%': 1.0, 'test_acc_cos1': 0.506154, 'test_acc_entropy': 1.155043, 'test_loss_std': 18.311233, 'test_loss_bottom_decile': 2.503034, 'test_loss_top_decile': 48.980778, 'test_loss_min': 2.314656, 'test_loss_max': 48.980778, 'test_loss_bottom10%': 2.314656, 'test_loss_top10%': 48.980778, 'test_loss_cos1': 0.729242, 'test_loss_entropy': 1.853668, 'test_f1_std': 0.295092, 'test_f1_bottom_decile': 0.0, 'test_f1_top_decile': 1.0, 'test_f1_min': 0.0, 'test_f1_max': 1.0, 'test_f1_bottom10%': 0.0, 'test_f1_top10%': 1.0, 'test_f1_cos1': 0.451292, 'test_f1_entropy': 0.995454, 'test_avg_loss_std': 0.504305, 'test_avg_loss_bottom_decile': 1.128976, 'test_avg_loss_top_decile': 2.314656, 'test_avg_loss_min': 0.415091, 'test_avg_loss_max': 2.314656, 'test_avg_loss_bottom10%': 0.415091, 'test_avg_loss_top10%': 2.314656, 'test_avg_loss_cos1': 0.942945, 'test_avg_loss_entropy': 2.23402}}
2023-02-13 18:03:56,853 (client:306) INFO: {'Role': 'Client #6', 'Round': 2, 'Results_raw': {'train_total': 2, 'train_acc': 0.0, 'train_correct': 0.0, 'train_loss': 4.439114, 'train_f1': 0.0, 'train_avg_loss': 2.219557}}
2023-02-13 18:03:57,574 (client:306) INFO: {'Role': 'Client #10', 'Round': 2, 'Results_raw': {'train_total': 46, 'train_acc': 0.5, 'train_correct': 23.0, 'train_loss': 58.222771, 'train_f1': 0.266667, 'train_avg_loss': 1.265712}}
2023-02-13 18:03:57,803 (client:306) INFO: {'Role': 'Client #3', 'Round': 2, 'Results_raw': {'train_total': 1, 'train_acc': 0.0, 'train_correct': 0.0, 'train_loss': 1.006399, 'train_f1': 0.0, 'train_avg_loss': 1.006399}}
2023-02-13 18:03:58,500 (client:306) INFO: {'Role': 'Client #2', 'Round': 2, 'Results_raw': {'train_total': 44, 'train_acc': 1.0, 'train_correct': 44.0, 'train_loss': 6.457619, 'train_f1': 1.0, 'train_avg_loss': 0.146764}}
2023-02-13 18:04:02,136 (client:306) INFO: {'Role': 'Client #4', 'Round': 2, 'Results_raw': {'train_total': 279, 'train_acc': 0.942652, 'train_correct': 263.0, 'train_loss': 27.303119, 'train_f1': 0.323493, 'train_avg_loss': 0.097861}}
2023-02-13 18:04:03,978 (client:306) INFO: {'Role': 'Client #9', 'Round': 2, 'Results_raw': {'train_total': 139, 'train_acc': 0.992806, 'train_correct': 138.0, 'train_loss': 6.888206, 'train_f1': 0.498195, 'train_avg_loss': 0.049555}}
2023-02-13 18:04:04,676 (client:306) INFO: {'Role': 'Client #7', 'Round': 2, 'Results_raw': {'train_total': 44, 'train_acc': 0.977273, 'train_correct': 43.0, 'train_loss': 8.114799, 'train_f1': 0.494253, 'train_avg_loss': 0.184427}}
2023-02-13 18:04:05,151 (client:306) INFO: {'Role': 'Client #5', 'Round': 2, 'Results_raw': {'train_total': 24, 'train_acc': 0.375, 'train_correct': 9.0, 'train_loss': 19.191002, 'train_f1': 0.272727, 'train_avg_loss': 0.799625}}
2023-02-13 18:04:06,229 (client:306) INFO: {'Role': 'Client #1', 'Round': 2, 'Results_raw': {'train_total': 74, 'train_acc': 0.554054, 'train_correct': 41.0, 'train_loss': 78.593251, 'train_f1': 0.237681, 'train_avg_loss': 1.062071}}
2023-02-13 18:04:09,086 (client:306) INFO: {'Role': 'Client #8', 'Round': 2, 'Results_raw': {'train_total': 224, 'train_acc': 0.901786, 'train_correct': 202.0, 'train_loss': 105.318608, 'train_f1': 0.316119, 'train_avg_loss': 0.470172}}
2023-02-13 18:04:09,133 (monitor:541) INFO: {'Role': 'Server #', 'Round': 2, 'Results_model_metric': {}}
2023-02-13 18:04:09,166 (server:330) INFO: Server: Starting evaluation at the end of round 2.
2023-02-13 18:04:09,180 (server:336) INFO: ----------- Starting a new training round (Round #3) -------------
2023-02-13 18:04:10,326 (context:294) WARNING: No val_data or val_loader in the trainer, will skip evaluation.If this is not the case you want, please check whether there is typo for the name
2023-02-13 18:04:10,558 (context:294) WARNING: No val_data or val_loader in the trainer, will skip evaluation.If this is not the case you want, please check whether there is typo for the name
2023-02-13 18:04:10,678 (context:294) WARNING: No val_data or val_loader in the trainer, will skip evaluation.If this is not the case you want, please check whether there is typo for the name
2023-02-13 18:04:11,143 (context:294) WARNING: No val_data or val_loader in the trainer, will skip evaluation.If this is not the case you want, please check whether there is typo for the name
2023-02-13 18:04:11,275 (context:294) WARNING: No val_data or val_loader in the trainer, will skip evaluation.If this is not the case you want, please check whether there is typo for the name
2023-02-13 18:04:11,483 (context:294) WARNING: No val_data or val_loader in the trainer, will skip evaluation.If this is not the case you want, please check whether there is typo for the name
2023-02-13 18:04:11,784 (context:294) WARNING: No val_data or val_loader in the trainer, will skip evaluation.If this is not the case you want, please check whether there is typo for the name
2023-02-13 18:04:11,925 (context:294) WARNING: No val_data or val_loader in the trainer, will skip evaluation.If this is not the case you want, please check whether there is typo for the name
2023-02-13 18:04:12,053 (context:294) WARNING: No val_data or val_loader in the trainer, will skip evaluation.If this is not the case you want, please check whether there is typo for the name
2023-02-13 18:04:12,188 (context:294) WARNING: No val_data or val_loader in the trainer, will skip evaluation.If this is not the case you want, please check whether there is typo for the name
2023-02-13 18:04:12,189 (server:590) INFO: {'Role': 'Server #', 'Round': 2, 'Results_weighted_avg': {'test_total': 22.0, 'test_acc': 0.554545, 'test_correct': 12.2, 'test_loss': 35.695263, 'test_f1': 0.549277, 'test_avg_loss': 0.910402}, 'Results_avg': {'test_total': 22.0, 'test_acc': 0.1775, 'test_correct': 12.2, 'test_loss': 20.02884, 'test_f1': 0.149234, 'test_avg_loss': 1.536918}, 'Results_fairness': {'test_total': 22.0, 'test_correct': 12.2, 'test_acc_std': 0.302445, 'test_acc_bottom_decile': 0.0, 'test_acc_top_decile': 1.0, 'test_acc_min': 0.0, 'test_acc_max': 1.0, 'test_acc_bottom10%': 0.0, 'test_acc_top10%': 1.0, 'test_acc_cos1': 0.506154, 'test_acc_entropy': 1.155043, 'test_loss_std': 18.508014, 'test_loss_bottom_decile': 2.817186, 'test_loss_top_decile': 54.995641, 'test_loss_min': 2.276169, 'test_loss_max': 54.995641, 'test_loss_bottom10%': 2.276169, 'test_loss_top10%': 54.995641, 'test_loss_cos1': 0.73444, 'test_loss_entropy': 1.870537, 'test_f1_std': 0.295092, 'test_f1_bottom_decile': 0.0, 'test_f1_top_decile': 1.0, 'test_f1_min': 0.0, 'test_f1_max': 1.0, 'test_f1_bottom10%': 0.0, 'test_f1_top10%': 1.0, 'test_f1_cos1': 0.451292, 'test_f1_entropy': 0.995454, 'test_avg_loss_std': 0.524095, 'test_avg_loss_bottom_decile': 1.374891, 'test_avg_loss_top_decile': 2.276169, 'test_avg_loss_min': 0.28454, 'test_avg_loss_max': 2.276169, 'test_avg_loss_bottom10%': 0.28454, 'test_avg_loss_top10%': 2.276169, 'test_avg_loss_cos1': 0.946483, 'test_avg_loss_entropy': 2.229901}}
2023-02-13 18:04:12,375 (client:306) INFO: {'Role': 'Client #6', 'Round': 3, 'Results_raw': {'train_total': 2, 'train_acc': 0.0, 'train_correct': 0.0, 'train_loss': 4.864081, 'train_f1': 0.0, 'train_avg_loss': 2.432041}}
2023-02-13 18:04:13,066 (client:306) INFO: {'Role': 'Client #7', 'Round': 3, 'Results_raw': {'train_total': 44, 'train_acc': 1.0, 'train_correct': 44.0, 'train_loss': 4.753195, 'train_f1': 1.0, 'train_avg_loss': 0.108027}}
2023-02-13 18:04:13,796 (client:306) INFO: {'Role': 'Client #10', 'Round': 3, 'Results_raw': {'train_total': 46, 'train_acc': 0.565217, 'train_correct': 26.0, 'train_loss': 46.054168, 'train_f1': 0.312323, 'train_avg_loss': 1.001178}}
2023-02-13 18:04:15,646 (client:306) INFO: {'Role': 'Client #9', 'Round': 3, 'Results_raw': {'train_total': 139, 'train_acc': 1.0, 'train_correct': 139.0, 'train_loss': 4.750323, 'train_f1': 1.0, 'train_avg_loss': 0.034175}}
2023-02-13 18:04:16,336 (client:306) INFO: {'Role': 'Client #2', 'Round': 3, 'Results_raw': {'train_total': 44, 'train_acc': 1.0, 'train_correct': 44.0, 'train_loss': 4.806414, 'train_f1': 1.0, 'train_avg_loss': 0.109237}}
2023-02-13 18:04:16,817 (client:306) INFO: {'Role': 'Client #5', 'Round': 3, 'Results_raw': {'train_total': 24, 'train_acc': 0.333333, 'train_correct': 8.0, 'train_loss': 23.245248, 'train_f1': 0.25, 'train_avg_loss': 0.968552}}
2023-02-13 18:04:20,464 (client:306) INFO: {'Role': 'Client #4', 'Round': 3, 'Results_raw': {'train_total': 279, 'train_acc': 0.939068, 'train_correct': 262.0, 'train_loss': 31.130165, 'train_f1': 0.322859, 'train_avg_loss': 0.111578}}
2023-02-13 18:04:21,570 (client:306) INFO: {'Role': 'Client #1', 'Round': 3, 'Results_raw': {'train_total': 74, 'train_acc': 0.77027, 'train_correct': 57.0, 'train_loss': 53.824994, 'train_f1': 0.290076, 'train_avg_loss': 0.727365}}
2023-02-13 18:04:21,790 (client:306) INFO: {'Role': 'Client #3', 'Round': 3, 'Results_raw': {'train_total': 1, 'train_acc': 0.0, 'train_correct': 0.0, 'train_loss': 2.040315, 'train_f1': 0.0, 'train_avg_loss': 2.040315}}
2023-02-13 18:04:24,622 (client:306) INFO: {'Role': 'Client #8', 'Round': 3, 'Results_raw': {'train_total': 224, 'train_acc': 0.901786, 'train_correct': 202.0, 'train_loss': 87.712098, 'train_f1': 0.474178, 'train_avg_loss': 0.391572}}
2023-02-13 18:04:24,666 (monitor:541) INFO: {'Role': 'Server #', 'Round': 3, 'Results_model_metric': {}}
2023-02-13 18:04:24,696 (server:330) INFO: Server: Starting evaluation at the end of round 3.
2023-02-13 18:04:24,710 (server:336) INFO: ----------- Starting a new training round (Round #4) -------------
2023-02-13 18:04:25,852 (context:294) WARNING: No val_data or val_loader in the trainer, will skip evaluation.If this is not the case you want, please check whether there is typo for the name
2023-02-13 18:04:26,082 (context:294) WARNING: No val_data or val_loader in the trainer, will skip evaluation.If this is not the case you want, please check whether there is typo for the name
2023-02-13 18:04:26,200 (context:294) WARNING: No val_data or val_loader in the trainer, will skip evaluation.If this is not the case you want, please check whether there is typo for the name
2023-02-13 18:04:26,670 (context:294) WARNING: No val_data or val_loader in the trainer, will skip evaluation.If this is not the case you want, please check whether there is typo for the name
2023-02-13 18:04:26,803 (context:294) WARNING: No val_data or val_loader in the trainer, will skip evaluation.If this is not the case you want, please check whether there is typo for the name
2023-02-13 18:04:27,011 (context:294) WARNING: No val_data or val_loader in the trainer, will skip evaluation.If this is not the case you want, please check whether there is typo for the name
2023-02-13 18:04:27,313 (context:294) WARNING: No val_data or val_loader in the trainer, will skip evaluation.If this is not the case you want, please check whether there is typo for the name
2023-02-13 18:04:27,453 (context:294) WARNING: No val_data or val_loader in the trainer, will skip evaluation.If this is not the case you want, please check whether there is typo for the name
2023-02-13 18:04:27,581 (context:294) WARNING: No val_data or val_loader in the trainer, will skip evaluation.If this is not the case you want, please check whether there is typo for the name
2023-02-13 18:04:27,715 (context:294) WARNING: No val_data or val_loader in the trainer, will skip evaluation.If this is not the case you want, please check whether there is typo for the name
2023-02-13 18:04:27,716 (server:590) INFO: {'Role': 'Server #', 'Round': 3, 'Results_weighted_avg': {'test_total': 22.0, 'test_acc': 0.568182, 'test_correct': 12.5, 'test_loss': 44.101678, 'test_f1': 0.302933, 'test_avg_loss': 0.837547}, 'Results_avg': {'test_total': 22.0, 'test_acc': 0.216624, 'test_correct': 12.5, 'test_loss': 18.426032, 'test_f1': 0.134406, 'test_avg_loss': 1.207816}, 'Results_fairness': {'test_total': 22.0, 'test_correct': 12.5, 'test_acc_std': 0.281474, 'test_acc_bottom_decile': 0.0, 'test_acc_top_decile': 0.974576, 'test_acc_min': 0.0, 'test_acc_max': 0.974576, 'test_acc_bottom10%': 0.0, 'test_acc_top10%': 0.974576, 'test_acc_cos1': 0.609898, 'test_acc_entropy': 1.581593, 'test_loss_std': 18.688669, 'test_loss_bottom_decile': 2.49777, 'test_loss_top_decile': 57.04999, 'test_loss_min': 1.584163, 'test_loss_max': 57.04999, 'test_loss_bottom10%': 1.584163, 'test_loss_top10%': 57.04999, 'test_loss_cos1': 0.702085, 'test_loss_entropy': 1.803245, 'test_f1_std': 0.146349, 'test_f1_bottom_decile': 0.0, 'test_f1_top_decile': 0.493562, 'test_f1_min': 0.0, 'test_f1_max': 0.493562, 'test_f1_bottom10%': 0.0, 'test_f1_top10%': 0.493562, 'test_f1_cos1': 0.676416, 'test_f1_entropy': 1.706122, 'test_avg_loss_std': 0.295432, 'test_avg_loss_bottom_decile': 1.068644, 'test_avg_loss_top_decile': 1.584163, 'test_avg_loss_min': 0.483474, 'test_avg_loss_max': 1.584163, 'test_avg_loss_bottom10%': 0.483474, 'test_avg_loss_top10%': 1.584163, 'test_avg_loss_cos1': 0.971364, 'test_avg_loss_entropy': 2.268154}}
2023-02-13 18:04:30,560 (client:306) INFO: {'Role': 'Client #8', 'Round': 4, 'Results_raw': {'train_total': 224, 'train_acc': 0.901786, 'train_correct': 202.0, 'train_loss': 91.709587, 'train_f1': 0.316119, 'train_avg_loss': 0.409418}}
2023-02-13 18:04:31,271 (client:306) INFO: {'Role': 'Client #2', 'Round': 4, 'Results_raw': {'train_total': 44, 'train_acc': 1.0, 'train_correct': 44.0, 'train_loss': 7.468733, 'train_f1': 1.0, 'train_avg_loss': 0.169744}}
2023-02-13 18:04:31,964 (client:306) INFO: {'Role': 'Client #7', 'Round': 4, 'Results_raw': {'train_total': 44, 'train_acc': 0.954545, 'train_correct': 42.0, 'train_loss': 10.543699, 'train_f1': 0.488372, 'train_avg_loss': 0.23963}}
2023-02-13 18:04:35,581 (client:306) INFO: {'Role': 'Client #4', 'Round': 4, 'Results_raw': {'train_total': 279, 'train_acc': 0.946237, 'train_correct': 264.0, 'train_loss': 28.786987, 'train_f1': 0.324125, 'train_avg_loss': 0.103179}}
2023-02-13 18:04:35,812 (client:306) INFO: {'Role': 'Client #6', 'Round': 4, 'Results_raw': {'train_total': 2, 'train_acc': 0.0, 'train_correct': 0.0, 'train_loss': 3.669996, 'train_f1': 0.0, 'train_avg_loss': 1.834998}}
2023-02-13 18:04:36,918 (client:306) INFO: {'Role': 'Client #1', 'Round': 4, 'Results_raw': {'train_total': 74, 'train_acc': 0.77027, 'train_correct': 57.0, 'train_loss': 42.074679, 'train_f1': 0.290076, 'train_avg_loss': 0.568577}}
2023-02-13 18:04:37,648 (client:306) INFO: {'Role': 'Client #10', 'Round': 4, 'Results_raw': {'train_total': 46, 'train_acc': 0.586957, 'train_correct': 27.0, 'train_loss': 47.352049, 'train_f1': 0.322139, 'train_avg_loss': 1.029392}}
2023-02-13 18:04:37,870 (client:306) INFO: {'Role': 'Client #3', 'Round': 4, 'Results_raw': {'train_total': 1, 'train_acc': 0.0, 'train_correct': 0.0, 'train_loss': 1.151099, 'train_f1': 0.0, 'train_avg_loss': 1.151099}}
2023-02-13 18:04:39,726 (client:306) INFO: {'Role': 'Client #9', 'Round': 4, 'Results_raw': {'train_total': 139, 'train_acc': 0.985612, 'train_correct': 137.0, 'train_loss': 8.795922, 'train_f1': 0.496377, 'train_avg_loss': 0.06328}}
2023-02-13 18:04:40,221 (client:306) INFO: {'Role': 'Client #5', 'Round': 4, 'Results_raw': {'train_total': 24, 'train_acc': 0.458333, 'train_correct': 11.0, 'train_loss': 18.306192, 'train_f1': 0.314286, 'train_avg_loss': 0.762758}}
2023-02-13 18:04:40,268 (monitor:541) INFO: {'Role': 'Server #', 'Round': 4, 'Results_model_metric': {}}
2023-02-13 18:04:40,298 (server:330) INFO: Server: Starting evaluation at the end of round 4.
2023-02-13 18:04:40,314 (server:336) INFO: ----------- Starting a new training round (Round #5) -------------
2023-02-13 18:04:41,526 (context:294) WARNING: No val_data or val_loader in the trainer, will skip evaluation.If this is not the case you want, please check whether there is typo for the name
2023-02-13 18:04:41,768 (context:294) WARNING: No val_data or val_loader in the trainer, will skip evaluation.If this is not the case you want, please check whether there is typo for the name
2023-02-13 18:04:41,886 (context:294) WARNING: No val_data or val_loader in the trainer, will skip evaluation.If this is not the case you want, please check whether there is typo for the name
2023-02-13 18:04:42,369 (context:294) WARNING: No val_data or val_loader in the trainer, will skip evaluation.If this is not the case you want, please check whether there is typo for the name
2023-02-13 18:04:42,514 (context:294) WARNING: No val_data or val_loader in the trainer, will skip evaluation.If this is not the case you want, please check whether there is typo for the name
2023-02-13 18:04:42,735 (context:294) WARNING: No val_data or val_loader in the trainer, will skip evaluation.If this is not the case you want, please check whether there is typo for the name
2023-02-13 18:04:43,055 (context:294) WARNING: No val_data or val_loader in the trainer, will skip evaluation.If this is not the case you want, please check whether there is typo for the name
2023-02-13 18:04:43,196 (context:294) WARNING: No val_data or val_loader in the trainer, will skip evaluation.If this is not the case you want, please check whether there is typo for the name
2023-02-13 18:04:43,324 (context:294) WARNING: No val_data or val_loader in the trainer, will skip evaluation.If this is not the case you want, please check whether there is typo for the name
2023-02-13 18:04:43,458 (context:294) WARNING: No val_data or val_loader in the trainer, will skip evaluation.If this is not the case you want, please check whether there is typo for the name
2023-02-13 18:04:43,460 (server:590) INFO: {'Role': 'Server #', 'Round': 4, 'Results_weighted_avg': {'test_total': 22.0, 'test_acc': 0.554545, 'test_correct': 12.2, 'test_loss': 35.594513, 'test_f1': 0.549277, 'test_avg_loss': 0.917637}, 'Results_avg': {'test_total': 22.0, 'test_acc': 0.1775, 'test_correct': 12.2, 'test_loss': 20.188014, 'test_f1': 0.149234, 'test_avg_loss': 1.503933}, 'Results_fairness': {'test_total': 22.0, 'test_correct': 12.2, 'test_acc_std': 0.302445, 'test_acc_bottom_decile': 0.0, 'test_acc_top_decile': 1.0, 'test_acc_min': 0.0, 'test_acc_max': 1.0, 'test_acc_bottom10%': 0.0, 'test_acc_top10%': 1.0, 'test_acc_cos1': 0.506154, 'test_acc_entropy': 1.155043, 'test_loss_std': 19.383465, 'test_loss_bottom_decile': 3.33065, 'test_loss_top_decile': 62.852118, 'test_loss_min': 1.930142, 'test_loss_max': 62.852118, 'test_loss_bottom10%': 1.930142, 'test_loss_top10%': 62.852118, 'test_loss_cos1': 0.721334, 'test_loss_entropy': 1.851908, 'test_f1_std': 0.295092, 'test_f1_bottom_decile': 0.0, 'test_f1_top_decile': 1.0, 'test_f1_min': 0.0, 'test_f1_max': 1.0, 'test_f1_bottom10%': 0.0, 'test_f1_top10%': 1.0, 'test_f1_cos1': 0.451292, 'test_f1_entropy': 0.995454, 'test_avg_loss_std': 0.454266, 'test_avg_loss_bottom_decile': 1.317058, 'test_avg_loss_top_decile': 1.930142, 'test_avg_loss_min': 0.266719, 'test_avg_loss_max': 1.930142, 'test_avg_loss_bottom10%': 0.266719, 'test_avg_loss_top10%': 1.930142, 'test_avg_loss_cos1': 0.957284, 'test_avg_loss_entropy': 2.239862}}
2023-02-13 18:04:44,119 (client:306) INFO: {'Role': 'Client #2', 'Round': 5, 'Results_raw': {'train_total': 44, 'train_acc': 1.0, 'train_correct': 44.0, 'train_loss': 4.926412, 'train_f1': 1.0, 'train_avg_loss': 0.111964}}
2023-02-13 18:04:44,847 (client:306) INFO: {'Role': 'Client #10', 'Round': 5, 'Results_raw': {'train_total': 46, 'train_acc': 0.478261, 'train_correct': 22.0, 'train_loss': 62.676441, 'train_f1': 0.274317, 'train_avg_loss': 1.362531}}
2023-02-13 18:04:47,720 (client:306) INFO: {'Role': 'Client #8', 'Round': 5, 'Results_raw': {'train_total': 224, 'train_acc': 0.870536, 'train_correct': 195.0, 'train_loss': 79.793964, 'train_f1': 0.497486, 'train_avg_loss': 0.356223}}
2023-02-13 18:04:48,416 (client:306) INFO: {'Role': 'Client #7', 'Round': 5, 'Results_raw': {'train_total': 44, 'train_acc': 1.0, 'train_correct': 44.0, 'train_loss': 4.861132, 'train_f1': 1.0, 'train_avg_loss': 0.11048}}
2023-02-13 18:04:49,506 (client:306) INFO: {'Role': 'Client #1', 'Round': 5, 'Results_raw': {'train_total': 74, 'train_acc': 0.77027, 'train_correct': 57.0, 'train_loss': 41.088932, 'train_f1': 0.290076, 'train_avg_loss': 0.555256}}
2023-02-13 18:04:53,168 (client:306) INFO: {'Role': 'Client #4', 'Round': 5, 'Results_raw': {'train_total': 279, 'train_acc': 0.939068, 'train_correct': 262.0, 'train_loss': 35.819094, 'train_f1': 0.322859, 'train_avg_loss': 0.128384}}
2023-02-13 18:04:53,391 (client:306) INFO: {'Role': 'Client #3', 'Round': 5, 'Results_raw': {'train_total': 1, 'train_acc': 0.0, 'train_correct': 0.0, 'train_loss': 1.646664, 'train_f1': 0.0, 'train_avg_loss': 1.646664}}
2023-02-13 18:04:53,877 (client:306) INFO: {'Role': 'Client #5', 'Round': 5, 'Results_raw': {'train_total': 24, 'train_acc': 0.333333, 'train_correct': 8.0, 'train_loss': 28.264139, 'train_f1': 0.25, 'train_avg_loss': 1.177672}}
2023-02-13 18:04:54,121 (client:306) INFO: {'Role': 'Client #6', 'Round': 5, 'Results_raw': {'train_total': 2, 'train_acc': 0.0, 'train_correct': 0.0, 'train_loss': 3.696988, 'train_f1': 0.0, 'train_avg_loss': 1.848494}}
2023-02-13 18:04:55,977 (client:306) INFO: {'Role': 'Client #9', 'Round': 5, 'Results_raw': {'train_total': 139, 'train_acc': 1.0, 'train_correct': 139.0, 'train_loss': 4.828896, 'train_f1': 1.0, 'train_avg_loss': 0.03474}}
2023-02-13 18:04:56,023 (monitor:541) INFO: {'Role': 'Server #', 'Round': 5, 'Results_model_metric': {}}
2023-02-13 18:04:56,052 (server:330) INFO: Server: Starting evaluation at the end of round 5.
2023-02-13 18:04:56,066 (server:336) INFO: ----------- Starting a new training round (Round #6) -------------
2023-02-13 18:04:57,212 (context:294) WARNING: No val_data or val_loader in the trainer, will skip evaluation.If this is not the case you want, please check whether there is typo for the name
2023-02-13 18:04:57,443 (context:294) WARNING: No val_data or val_loader in the trainer, will skip evaluation.If this is not the case you want, please check whether there is typo for the name
2023-02-13 18:04:57,565 (context:294) WARNING: No val_data or val_loader in the trainer, will skip evaluation.If this is not the case you want, please check whether there is typo for the name
2023-02-13 18:04:58,029 (context:294) WARNING: No val_data or val_loader in the trainer, will skip evaluation.If this is not the case you want, please check whether there is typo for the name
2023-02-13 18:04:58,164 (context:294) WARNING: No val_data or val_loader in the trainer, will skip evaluation.If this is not the case you want, please check whether there is typo for the name
2023-02-13 18:04:58,373 (context:294) WARNING: No val_data or val_loader in the trainer, will skip evaluation.If this is not the case you want, please check whether there is typo for the name
2023-02-13 18:04:58,676 (context:294) WARNING: No val_data or val_loader in the trainer, will skip evaluation.If this is not the case you want, please check whether there is typo for the name
2023-02-13 18:04:58,821 (context:294) WARNING: No val_data or val_loader in the trainer, will skip evaluation.If this is not the case you want, please check whether there is typo for the name
2023-02-13 18:04:58,952 (context:294) WARNING: No val_data or val_loader in the trainer, will skip evaluation.If this is not the case you want, please check whether there is typo for the name
2023-02-13 18:04:59,096 (context:294) WARNING: No val_data or val_loader in the trainer, will skip evaluation.If this is not the case you want, please check whether there is typo for the name
2023-02-13 18:04:59,098 (server:590) INFO: {'Role': 'Server #', 'Round': 5, 'Results_weighted_avg': {'test_total': 22.0, 'test_acc': 0.554545, 'test_correct': 12.2, 'test_loss': 33.52225, 'test_f1': 0.549277, 'test_avg_loss': 0.891383}, 'Results_avg': {'test_total': 22.0, 'test_acc': 0.1775, 'test_correct': 12.2, 'test_loss': 19.610417, 'test_f1': 0.149234, 'test_avg_loss': 1.531153}, 'Results_fairness': {'test_total': 22.0, 'test_correct': 12.2, 'test_acc_std': 0.302445, 'test_acc_bottom_decile': 0.0, 'test_acc_top_decile': 1.0, 'test_acc_min': 0.0, 'test_acc_max': 1.0, 'test_acc_bottom10%': 0.0, 'test_acc_top10%': 1.0, 'test_acc_cos1': 0.506154, 'test_acc_entropy': 1.155043, 'test_loss_std': 18.262102, 'test_loss_bottom_decile': 3.119895, 'test_loss_top_decile': 56.876532, 'test_loss_min': 2.182079, 'test_loss_max': 56.876532, 'test_loss_bottom10%': 2.182079, 'test_loss_top10%': 56.876532, 'test_loss_cos1': 0.731817, 'test_loss_entropy': 1.872976, 'test_f1_std': 0.295092, 'test_f1_bottom_decile': 0.0, 'test_f1_top_decile': 1.0, 'test_f1_min': 0.0, 'test_f1_max': 1.0, 'test_f1_bottom10%': 0.0, 'test_f1_top10%': 1.0, 'test_f1_cos1': 0.451292, 'test_f1_entropy': 0.995454, 'test_avg_loss_std': 0.495879, 'test_avg_loss_bottom_decile': 1.381061, 'test_avg_loss_top_decile': 2.182079, 'test_avg_loss_min': 0.247852, 'test_avg_loss_max': 2.182079, 'test_avg_loss_bottom10%': 0.247852, 'test_avg_loss_top10%': 2.182079, 'test_avg_loss_cos1': 0.951352, 'test_avg_loss_entropy': 2.232596}}
2023-02-13 18:04:59,278 (client:306) INFO: {'Role': 'Client #3', 'Round': 6, 'Results_raw': {'train_total': 1, 'train_acc': 0.0, 'train_correct': 0.0, 'train_loss': 1.41956, 'train_f1': 0.0, 'train_avg_loss': 1.41956}}
2023-02-13 18:05:02,964 (client:306) INFO: {'Role': 'Client #4', 'Round': 6, 'Results_raw': {'train_total': 279, 'train_acc': 0.942652, 'train_correct': 263.0, 'train_loss': 24.993224, 'train_f1': 0.324091, 'train_avg_loss': 0.089581}}
2023-02-13 18:05:03,703 (client:306) INFO: {'Role': 'Client #10', 'Round': 6, 'Results_raw': {'train_total': 46, 'train_acc': 0.586957, 'train_correct': 27.0, 'train_loss': 43.74702, 'train_f1': 0.338462, 'train_avg_loss': 0.951022}}
2023-02-13 18:05:04,184 (client:306) INFO: {'Role': 'Client #5', 'Round': 6, 'Results_raw': {'train_total': 24, 'train_acc': 0.333333, 'train_correct': 8.0, 'train_loss': 24.527613, 'train_f1': 0.25, 'train_avg_loss': 1.021984}}
2023-02-13 18:05:07,028 (client:306) INFO: {'Role': 'Client #8', 'Round': 6, 'Results_raw': {'train_total': 224, 'train_acc': 0.915179, 'train_correct': 205.0, 'train_loss': 79.990262, 'train_f1': 0.564604, 'train_avg_loss': 0.357099}}
2023-02-13 18:05:08,877 (client:306) INFO: {'Role': 'Client #9', 'Round': 6, 'Results_raw': {'train_total': 139, 'train_acc': 1.0, 'train_correct': 139.0, 'train_loss': 3.728469, 'train_f1': 1.0, 'train_avg_loss': 0.026824}}
2023-02-13 18:05:09,581 (client:306) INFO: {'Role': 'Client #2', 'Round': 6, 'Results_raw': {'train_total': 44, 'train_acc': 1.0, 'train_correct': 44.0, 'train_loss': 4.727423, 'train_f1': 1.0, 'train_avg_loss': 0.107441}}
2023-02-13 18:05:10,668 (client:306) INFO: {'Role': 'Client #1', 'Round': 6, 'Results_raw': {'train_total': 74, 'train_acc': 0.581081, 'train_correct': 43.0, 'train_loss': 70.273643, 'train_f1': 0.245014, 'train_avg_loss': 0.949644}}
2023-02-13 18:05:10,896 (client:306) INFO: {'Role': 'Client #6', 'Round': 6, 'Results_raw': {'train_total': 2, 'train_acc': 0.0, 'train_correct': 0.0, 'train_loss': 4.85014, 'train_f1': 0.0, 'train_avg_loss': 2.42507}}
2023-02-13 18:05:11,586 (client:306) INFO: {'Role': 'Client #7', 'Round': 6, 'Results_raw': {'train_total': 44, 'train_acc': 1.0, 'train_correct': 44.0, 'train_loss': 4.180534, 'train_f1': 1.0, 'train_avg_loss': 0.095012}}
2023-02-13 18:05:11,633 (monitor:541) INFO: {'Role': 'Server #', 'Round': 6, 'Results_model_metric': {}}
2023-02-13 18:05:11,663 (server:330) INFO: Server: Starting evaluation at the end of round 6.
2023-02-13 18:05:11,677 (server:336) INFO: ----------- Starting a new training round (Round #7) -------------
2023-02-13 18:05:12,825 (context:294) WARNING: No val_data or val_loader in the trainer, will skip evaluation.If this is not the case you want, please check whether there is typo for the name
2023-02-13 18:05:13,057 (context:294) WARNING: No val_data or val_loader in the trainer, will skip evaluation.If this is not the case you want, please check whether there is typo for the name
2023-02-13 18:05:13,175 (context:294) WARNING: No val_data or val_loader in the trainer, will skip evaluation.If this is not the case you want, please check whether there is typo for the name
2023-02-13 18:05:13,643 (context:294) WARNING: No val_data or val_loader in the trainer, will skip evaluation.If this is not the case you want, please check whether there is typo for the name
2023-02-13 18:05:13,779 (context:294) WARNING: No val_data or val_loader in the trainer, will skip evaluation.If this is not the case you want, please check whether there is typo for the name
2023-02-13 18:05:13,990 (context:294) WARNING: No val_data or val_loader in the trainer, will skip evaluation.If this is not the case you want, please check whether there is typo for the name
2023-02-13 18:05:14,297 (context:294) WARNING: No val_data or val_loader in the trainer, will skip evaluation.If this is not the case you want, please check whether there is typo for the name
2023-02-13 18:05:14,440 (context:294) WARNING: No val_data or val_loader in the trainer, will skip evaluation.If this is not the case you want, please check whether there is typo for the name
2023-02-13 18:05:14,569 (context:294) WARNING: No val_data or val_loader in the trainer, will skip evaluation.If this is not the case you want, please check whether there is typo for the name
2023-02-13 18:05:14,705 (context:294) WARNING: No val_data or val_loader in the trainer, will skip evaluation.If this is not the case you want, please check whether there is typo for the name
2023-02-13 18:05:14,707 (server:590) INFO: {'Role': 'Server #', 'Round': 6, 'Results_weighted_avg': {'test_total': 22.0, 'test_acc': 0.554545, 'test_correct': 12.2, 'test_loss': 32.815459, 'test_f1': 0.549277, 'test_avg_loss': 1.110874}, 'Results_avg': {'test_total': 22.0, 'test_acc': 0.1775, 'test_correct': 12.2, 'test_loss': 24.439229, 'test_f1': 0.149234, 'test_avg_loss': 1.978329}, 'Results_fairness': {'test_total': 22.0, 'test_correct': 12.2, 'test_acc_std': 0.302445, 'test_acc_bottom_decile': 0.0, 'test_acc_top_decile': 1.0, 'test_acc_min': 0.0, 'test_acc_max': 1.0, 'test_acc_bottom10%': 0.0, 'test_acc_top10%': 1.0, 'test_acc_cos1': 0.506154, 'test_acc_entropy': 1.155043, 'test_loss_std': 26.219867, 'test_loss_bottom_decile': 4.714618, 'test_loss_top_decile': 85.954834, 'test_loss_min': 2.217194, 'test_loss_max': 85.954834, 'test_loss_bottom10%': 2.217194, 'test_loss_top10%': 85.954834, 'test_loss_cos1': 0.681831, 'test_loss_entropy': 1.79605, 'test_f1_std': 0.295092, 'test_f1_bottom_decile': 0.0, 'test_f1_top_decile': 1.0, 'test_f1_min': 0.0, 'test_f1_max': 1.0, 'test_f1_bottom10%': 0.0, 'test_f1_top10%': 1.0, 'test_f1_cos1': 0.451292, 'test_f1_entropy': 0.995454, 'test_avg_loss_std': 0.667958, 'test_avg_loss_bottom_decile': 1.743117, 'test_avg_loss_top_decile': 2.567537, 'test_avg_loss_min': 0.116228, 'test_avg_loss_max': 2.567537, 'test_avg_loss_bottom10%': 0.116228, 'test_avg_loss_top10%': 2.567537, 'test_avg_loss_cos1': 0.947453, 'test_avg_loss_entropy': 2.213079}}
2023-02-13 18:05:16,515 (client:306) INFO: {'Role': 'Client #9', 'Round': 7, 'Results_raw': {'train_total': 139, 'train_acc': 1.0, 'train_correct': 139.0, 'train_loss': 2.279377, 'train_f1': 1.0, 'train_avg_loss': 0.016398}}
2023-02-13 18:05:16,744 (client:306) INFO: {'Role': 'Client #6', 'Round': 7, 'Results_raw': {'train_total': 2, 'train_acc': 0.0, 'train_correct': 0.0, 'train_loss': 4.844722, 'train_f1': 0.0, 'train_avg_loss': 2.422361}}
2023-02-13 18:05:17,826 (client:306) INFO: {'Role': 'Client #1', 'Round': 7, 'Results_raw': {'train_total': 74, 'train_acc': 0.5, 'train_correct': 37.0, 'train_loss': 91.328877, 'train_f1': 0.224242, 'train_avg_loss': 1.234174}}
2023-02-13 18:05:18,304 (client:306) INFO: {'Role': 'Client #5', 'Round': 7, 'Results_raw': {'train_total': 24, 'train_acc': 0.333333, 'train_correct': 8.0, 'train_loss': 34.849294, 'train_f1': 0.25, 'train_avg_loss': 1.452054}}
2023-02-13 18:05:21,203 (client:306) INFO: {'Role': 'Client #8', 'Round': 7, 'Results_raw': {'train_total': 224, 'train_acc': 0.897321, 'train_correct': 201.0, 'train_loss': 72.105001, 'train_f1': 0.546758, 'train_avg_loss': 0.321897}}
2023-02-13 18:05:21,421 (client:306) INFO: {'Role': 'Client #3', 'Round': 7, 'Results_raw': {'train_total': 1, 'train_acc': 0.0, 'train_correct': 0.0, 'train_loss': 1.953272, 'train_f1': 0.0, 'train_avg_loss': 1.953272}}
2023-02-13 18:05:22,114 (client:306) INFO: {'Role': 'Client #2', 'Round': 7, 'Results_raw': {'train_total': 44, 'train_acc': 1.0, 'train_correct': 44.0, 'train_loss': 2.410568, 'train_f1': 1.0, 'train_avg_loss': 0.054786}}
2023-02-13 18:05:22,857 (client:306) INFO: {'Role': 'Client #10', 'Round': 7, 'Results_raw': {'train_total': 46, 'train_acc': 0.456522, 'train_correct': 21.0, 'train_loss': 60.267884, 'train_f1': 0.27621, 'train_avg_loss': 1.310171}}
2023-02-13 18:05:23,562 (client:306) INFO: {'Role': 'Client #7', 'Round': 7, 'Results_raw': {'train_total': 44, 'train_acc': 1.0, 'train_correct': 44.0, 'train_loss': 2.590755, 'train_f1': 1.0, 'train_avg_loss': 0.058881}}
2023-02-13 18:05:27,307 (client:306) INFO: {'Role': 'Client #4', 'Round': 7, 'Results_raw': {'train_total': 279, 'train_acc': 0.939068, 'train_correct': 262.0, 'train_loss': 44.491855, 'train_f1': 0.322859, 'train_avg_loss': 0.159469}}
2023-02-13 18:05:27,356 (monitor:541) INFO: {'Role': 'Server #', 'Round': 7, 'Results_model_metric': {}}
2023-02-13 18:05:27,387 (server:330) INFO: Server: Starting evaluation at the end of round 7.
2023-02-13 18:05:27,401 (server:336) INFO: ----------- Starting a new training round (Round #8) -------------
2023-02-13 18:05:28,594 (context:294) WARNING: No val_data or val_loader in the trainer, will skip evaluation.If this is not the case you want, please check whether there is typo for the name
2023-02-13 18:05:28,834 (context:294) WARNING: No val_data or val_loader in the trainer, will skip evaluation.If this is not the case you want, please check whether there is typo for the name
2023-02-13 18:05:28,961 (context:294) WARNING: No val_data or val_loader in the trainer, will skip evaluation.If this is not the case you want, please check whether there is typo for the name
2023-02-13 18:05:29,439 (context:294) WARNING: No val_data or val_loader in the trainer, will skip evaluation.If this is not the case you want, please check whether there is typo for the name
2023-02-13 18:05:29,574 (context:294) WARNING: No val_data or val_loader in the trainer, will skip evaluation.If this is not the case you want, please check whether there is typo for the name
2023-02-13 18:05:29,783 (context:294) WARNING: No val_data or val_loader in the trainer, will skip evaluation.If this is not the case you want, please check whether there is typo for the name
2023-02-13 18:05:30,087 (context:294) WARNING: No val_data or val_loader in the trainer, will skip evaluation.If this is not the case you want, please check whether there is typo for the name
2023-02-13 18:05:30,231 (context:294) WARNING: No val_data or val_loader in the trainer, will skip evaluation.If this is not the case you want, please check whether there is typo for the name
2023-02-13 18:05:30,361 (context:294) WARNING: No val_data or val_loader in the trainer, will skip evaluation.If this is not the case you want, please check whether there is typo for the name
2023-02-13 18:05:30,515 (context:294) WARNING: No val_data or val_loader in the trainer, will skip evaluation.If this is not the case you want, please check whether there is typo for the name
2023-02-13 18:05:30,518 (server:590) INFO: {'Role': 'Server #', 'Round': 7, 'Results_weighted_avg': {'test_total': 22.0, 'test_acc': 0.559091, 'test_correct': 12.3, 'test_loss': 35.366305, 'test_f1': 0.553539, 'test_avg_loss': 0.851482}, 'Results_avg': {'test_total': 22.0, 'test_acc': 0.184167, 'test_correct': 12.3, 'test_loss': 18.732612, 'test_f1': 0.155484, 'test_avg_loss': 1.371529}, 'Results_fairness': {'test_total': 22.0, 'test_correct': 12.3, 'test_acc_std': 0.299176, 'test_acc_bottom_decile': 0.0, 'test_acc_top_decile': 1.0, 'test_acc_min': 0.0, 'test_acc_max': 1.0, 'test_acc_bottom10%': 0.0, 'test_acc_top10%': 1.0, 'test_acc_cos1': 0.524218, 'test_acc_entropy': 1.268902, 'test_loss_std': 17.483919, 'test_loss_bottom_decile': 2.916138, 'test_loss_top_decile': 53.543902, 'test_loss_min': 1.800999, 'test_loss_max': 53.543902, 'test_loss_bottom10%': 1.800999, 'test_loss_top10%': 53.543902, 'test_loss_cos1': 0.731052, 'test_loss_entropy': 1.860007, 'test_f1_std': 0.292516, 'test_f1_bottom_decile': 0.0, 'test_f1_top_decile': 1.0, 'test_f1_min': 0.0, 'test_f1_max': 1.0, 'test_f1_bottom10%': 0.0, 'test_f1_top10%': 1.0, 'test_f1_cos1': 0.469355, 'test_f1_entropy': 1.124009, 'test_avg_loss_std': 0.401186, 'test_avg_loss_bottom_decile': 1.25234, 'test_avg_loss_top_decile': 1.800999, 'test_avg_loss_min': 0.299159, 'test_avg_loss_max': 1.800999, 'test_avg_loss_bottom10%': 0.299159, 'test_avg_loss_top10%': 1.800999, 'test_avg_loss_cos1': 0.959782, 'test_avg_loss_entropy': 2.246323}}
2023-02-13 18:05:31,595 (client:306) INFO: {'Role': 'Client #1', 'Round': 8, 'Results_raw': {'train_total': 74, 'train_acc': 0.77027, 'train_correct': 57.0, 'train_loss': 40.999715, 'train_f1': 0.290076, 'train_avg_loss': 0.55405}}
2023-02-13 18:05:31,823 (client:306) INFO: {'Role': 'Client #3', 'Round': 8, 'Results_raw': {'train_total': 1, 'train_acc': 0.0, 'train_correct': 0.0, 'train_loss': 1.310542, 'train_f1': 0.0, 'train_avg_loss': 1.310542}}
2023-02-13 18:05:32,566 (client:306) INFO: {'Role': 'Client #10', 'Round': 8, 'Results_raw': {'train_total': 46, 'train_acc': 0.456522, 'train_correct': 21.0, 'train_loss': 53.554605, 'train_f1': 0.248677, 'train_avg_loss': 1.164231}}
2023-02-13 18:05:34,405 (client:306) INFO: {'Role': 'Client #9', 'Round': 8, 'Results_raw': {'train_total': 139, 'train_acc': 1.0, 'train_correct': 139.0, 'train_loss': 5.60119, 'train_f1': 1.0, 'train_avg_loss': 0.040296}}
2023-02-13 18:05:37,237 (client:306) INFO: {'Role': 'Client #8', 'Round': 8, 'Results_raw': {'train_total': 224, 'train_acc': 0.879464, 'train_correct': 197.0, 'train_loss': 78.862674, 'train_f1': 0.532142, 'train_avg_loss': 0.352066}}
2023-02-13 18:05:37,928 (client:306) INFO: {'Role': 'Client #2', 'Round': 8, 'Results_raw': {'train_total': 44, 'train_acc': 1.0, 'train_correct': 44.0, 'train_loss': 6.685688, 'train_f1': 1.0, 'train_avg_loss': 0.151947}}
2023-02-13 18:05:38,617 (client:306) INFO: {'Role': 'Client #7', 'Round': 8, 'Results_raw': {'train_total': 44, 'train_acc': 1.0, 'train_correct': 44.0, 'train_loss': 4.404581, 'train_f1': 1.0, 'train_avg_loss': 0.100104}}
2023-02-13 18:05:39,094 (client:306) INFO: {'Role': 'Client #5', 'Round': 8, 'Results_raw': {'train_total': 24, 'train_acc': 0.333333, 'train_correct': 8.0, 'train_loss': 23.235487, 'train_f1': 0.25, 'train_avg_loss': 0.968145}}
2023-02-13 18:05:39,320 (client:306) INFO: {'Role': 'Client #6', 'Round': 8, 'Results_raw': {'train_total': 2, 'train_acc': 0.0, 'train_correct': 0.0, 'train_loss': 3.707239, 'train_f1': 0.0, 'train_avg_loss': 1.85362}}
2023-02-13 18:05:43,044 (client:306) INFO: {'Role': 'Client #4', 'Round': 8, 'Results_raw': {'train_total': 279, 'train_acc': 0.935484, 'train_correct': 261.0, 'train_loss': 31.882676, 'train_f1': 0.322222, 'train_avg_loss': 0.114275}}
2023-02-13 18:05:43,092 (monitor:541) INFO: {'Role': 'Server #', 'Round': 8, 'Results_model_metric': {}}
2023-02-13 18:05:43,122 (server:330) INFO: Server: Starting evaluation at the end of round 8.
2023-02-13 18:05:43,137 (server:336) INFO: ----------- Starting a new training round (Round #9) -------------
2023-02-13 18:05:44,323 (context:294) WARNING: No val_data or val_loader in the trainer, will skip evaluation.If this is not the case you want, please check whether there is typo for the name
2023-02-13 18:05:44,557 (context:294) WARNING: No val_data or val_loader in the trainer, will skip evaluation.If this is not the case you want, please check whether there is typo for the name
2023-02-13 18:05:44,678 (context:294) WARNING: No val_data or val_loader in the trainer, will skip evaluation.If this is not the case you want, please check whether there is typo for the name
2023-02-13 18:05:45,144 (context:294) WARNING: No val_data or val_loader in the trainer, will skip evaluation.If this is not the case you want, please check whether there is typo for the name
2023-02-13 18:05:45,278 (context:294) WARNING: No val_data or val_loader in the trainer, will skip evaluation.If this is not the case you want, please check whether there is typo for the name
2023-02-13 18:05:45,503 (context:294) WARNING: No val_data or val_loader in the trainer, will skip evaluation.If this is not the case you want, please check whether there is typo for the name
2023-02-13 18:05:45,813 (context:294) WARNING: No val_data or val_loader in the trainer, will skip evaluation.If this is not the case you want, please check whether there is typo for the name
2023-02-13 18:05:45,957 (context:294) WARNING: No val_data or val_loader in the trainer, will skip evaluation.If this is not the case you want, please check whether there is typo for the name
2023-02-13 18:05:46,087 (context:294) WARNING: No val_data or val_loader in the trainer, will skip evaluation.If this is not the case you want, please check whether there is typo for the name
2023-02-13 18:05:46,223 (context:294) WARNING: No val_data or val_loader in the trainer, will skip evaluation.If this is not the case you want, please check whether there is typo for the name
2023-02-13 18:05:46,225 (server:590) INFO: {'Role': 'Server #', 'Round': 8, 'Results_weighted_avg': {'test_total': 22.0, 'test_acc': 0.568182, 'test_correct': 12.5, 'test_loss': 41.136889, 'test_f1': 0.299606, 'test_avg_loss': 0.82666}, 'Results_avg': {'test_total': 22.0, 'test_acc': 0.192865, 'test_correct': 12.5, 'test_loss': 18.186513, 'test_f1': 0.116762, 'test_avg_loss': 1.191315}, 'Results_fairness': {'test_total': 22.0, 'test_correct': 12.5, 'test_acc_std': 0.291969, 'test_acc_bottom_decile': 0.0, 'test_acc_top_decile': 0.991525, 'test_acc_min': 0.0, 'test_acc_max': 0.991525, 'test_acc_bottom10%': 0.0, 'test_acc_top10%': 0.991525, 'test_acc_cos1': 0.551171, 'test_acc_entropy': 1.415501, 'test_loss_std': 17.983408, 'test_loss_bottom_decile': 2.581129, 'test_loss_top_decile': 49.846357, 'test_loss_min': 1.394649, 'test_loss_max': 49.846357, 'test_loss_bottom10%': 1.394649, 'test_loss_top10%': 49.846357, 'test_loss_cos1': 0.711066, 'test_loss_entropy': 1.813846, 'test_f1_std': 0.147657, 'test_f1_bottom_decile': 0.0, 'test_f1_top_decile': 0.497872, 'test_f1_min': 0.0, 'test_f1_max': 0.497872, 'test_f1_bottom10%': 0.0, 'test_f1_top10%': 0.497872, 'test_f1_cos1': 0.62027, 'test_f1_entropy': 1.601956, 'test_avg_loss_std': 0.282784, 'test_avg_loss_bottom_decile': 1.082788, 'test_avg_loss_top_decile': 1.463462, 'test_avg_loss_min': 0.422427, 'test_avg_loss_max': 1.463462, 'test_avg_loss_bottom10%': 0.422427, 'test_avg_loss_top10%': 1.463462, 'test_avg_loss_cos1': 0.972965, 'test_avg_loss_entropy': 2.267793}}
2023-02-13 18:05:48,039 (client:306) INFO: {'Role': 'Client #9', 'Round': 9, 'Results_raw': {'train_total': 139, 'train_acc': 1.0, 'train_correct': 139.0, 'train_loss': 8.08163, 'train_f1': 1.0, 'train_avg_loss': 0.058141}}
2023-02-13 18:05:48,269 (client:306) INFO: {'Role': 'Client #6', 'Round': 9, 'Results_raw': {'train_total': 2, 'train_acc': 0.0, 'train_correct': 0.0, 'train_loss': 3.228429, 'train_f1': 0.0, 'train_avg_loss': 1.614215}}
2023-02-13 18:05:48,490 (client:306) INFO: {'Role': 'Client #3', 'Round': 9, 'Results_raw': {'train_total': 1, 'train_acc': 1.0, 'train_correct': 1.0, 'train_loss': 0.959568, 'train_f1': 1.0, 'train_avg_loss': 0.959568}}
2023-02-13 18:05:49,186 (client:306) INFO: {'Role': 'Client #7', 'Round': 9, 'Results_raw': {'train_total': 44, 'train_acc': 0.954545, 'train_correct': 42.0, 'train_loss': 8.931949, 'train_f1': 0.488372, 'train_avg_loss': 0.202999}}
2023-02-13 18:05:49,906 (client:306) INFO: {'Role': 'Client #10', 'Round': 9, 'Results_raw': {'train_total': 46, 'train_acc': 0.652174, 'train_correct': 30.0, 'train_loss': 50.272347, 'train_f1': 0.376114, 'train_avg_loss': 1.092877}}
2023-02-13 18:05:50,594 (client:306) INFO: {'Role': 'Client #2', 'Round': 9, 'Results_raw': {'train_total': 44, 'train_acc': 0.977273, 'train_correct': 43.0, 'train_loss': 6.726308, 'train_f1': 0.494253, 'train_avg_loss': 0.152871}}
2023-02-13 18:05:53,421 (client:306) INFO: {'Role': 'Client #8', 'Round': 9, 'Results_raw': {'train_total': 224, 'train_acc': 0.892857, 'train_correct': 200.0, 'train_loss': 75.594643, 'train_f1': 0.385623, 'train_avg_loss': 0.337476}}
2023-02-13 18:05:57,084 (client:306) INFO: {'Role': 'Client #4', 'Round': 9, 'Results_raw': {'train_total': 279, 'train_acc': 0.949821, 'train_correct': 265.0, 'train_loss': 26.693814, 'train_f1': 0.324755, 'train_avg_loss': 0.095677}}
2023-02-13 18:05:58,159 (client:306) INFO: {'Role': 'Client #1', 'Round': 9, 'Results_raw': {'train_total': 74, 'train_acc': 0.743243, 'train_correct': 55.0, 'train_loss': 42.872009, 'train_f1': 0.284238, 'train_avg_loss': 0.579351}}
2023-02-13 18:05:58,635 (client:306) INFO: {'Role': 'Client #5', 'Round': 9, 'Results_raw': {'train_total': 24, 'train_acc': 0.375, 'train_correct': 9.0, 'train_loss': 20.809543, 'train_f1': 0.181818, 'train_avg_loss': 0.867064}}
2023-02-13 18:05:58,682 (monitor:541) INFO: {'Role': 'Server #', 'Round': 9, 'Results_model_metric': {}}
2023-02-13 18:05:58,711 (server:347) INFO: Server: Training is finished! Starting evaluation.
2023-02-13 18:05:59,851 (context:294) WARNING: No val_data or val_loader in the trainer, will skip evaluation.If this is not the case you want, please check whether there is typo for the name
2023-02-13 18:06:00,088 (context:294) WARNING: No val_data or val_loader in the trainer, will skip evaluation.If this is not the case you want, please check whether there is typo for the name
2023-02-13 18:06:00,217 (context:294) WARNING: No val_data or val_loader in the trainer, will skip evaluation.If this is not the case you want, please check whether there is typo for the name
2023-02-13 18:06:00,698 (context:294) WARNING: No val_data or val_loader in the trainer, will skip evaluation.If this is not the case you want, please check whether there is typo for the name
2023-02-13 18:06:00,855 (context:294) WARNING: No val_data or val_loader in the trainer, will skip evaluation.If this is not the case you want, please check whether there is typo for the name
2023-02-13 18:06:01,086 (context:294) WARNING: No val_data or val_loader in the trainer, will skip evaluation.If this is not the case you want, please check whether there is typo for the name
2023-02-13 18:06:01,412 (context:294) WARNING: No val_data or val_loader in the trainer, will skip evaluation.If this is not the case you want, please check whether there is typo for the name
2023-02-13 18:06:01,578 (context:294) WARNING: No val_data or val_loader in the trainer, will skip evaluation.If this is not the case you want, please check whether there is typo for the name
2023-02-13 18:06:01,729 (context:294) WARNING: No val_data or val_loader in the trainer, will skip evaluation.If this is not the case you want, please check whether there is typo for the name
2023-02-13 18:06:01,887 (context:294) WARNING: No val_data or val_loader in the trainer, will skip evaluation.If this is not the case you want, please check whether there is typo for the name
2023-02-13 18:06:01,889 (server:590) INFO: {'Role': 'Server #', 'Round': 9, 'Results_weighted_avg': {'test_total': 22.0, 'test_acc': 0.554545, 'test_correct': 12.2, 'test_loss': 33.369885, 'test_f1': 0.549277, 'test_avg_loss': 0.897245}, 'Results_avg': {'test_total': 22.0, 'test_acc': 0.1775, 'test_correct': 12.2, 'test_loss': 19.73939, 'test_f1': 0.149234, 'test_avg_loss': 1.465594}, 'Results_fairness': {'test_total': 22.0, 'test_correct': 12.2, 'test_acc_std': 0.302445, 'test_acc_bottom_decile': 0.0, 'test_acc_top_decile': 1.0, 'test_acc_min': 0.0, 'test_acc_max': 1.0, 'test_acc_bottom10%': 0.0, 'test_acc_top10%': 1.0, 'test_acc_cos1': 0.506154, 'test_acc_entropy': 1.155043, 'test_loss_std': 19.414351, 'test_loss_bottom_decile': 3.500095, 'test_loss_top_decile': 64.15349, 'test_loss_min': 1.453204, 'test_loss_max': 64.15349, 'test_loss_bottom10%': 1.453204, 'test_loss_top10%': 64.15349, 'test_loss_cos1': 0.712952, 'test_loss_entropy': 1.842648, 'test_f1_std': 0.295092, 'test_f1_bottom_decile': 0.0, 'test_f1_top_decile': 1.0, 'test_f1_min': 0.0, 'test_f1_max': 1.0, 'test_f1_bottom10%': 0.0, 'test_f1_top10%': 1.0, 'test_f1_cos1': 0.451292, 'test_f1_entropy': 0.995454, 'test_avg_loss_std': 0.444323, 'test_avg_loss_bottom_decile': 1.308544, 'test_avg_loss_top_decile': 1.874673, 'test_avg_loss_min': 0.229391, 'test_avg_loss_max': 1.874673, 'test_avg_loss_bottom10%': 0.229391, 'test_avg_loss_top10%': 1.874673, 'test_avg_loss_cos1': 0.956987, 'test_avg_loss_entropy': 2.237476}}
2023-02-13 18:06:01,890 (server:395) INFO: Server: Final evaluation is finished! Starting merging results.
2023-02-13 18:06:01,891 (server:521) INFO: {'Role': 'Server #', 'Round': 'Final', 'Results_raw': {'client_best_individual': {'test_loss': 1.394649, 'test_total': 1.0, 'test_acc': 0.991525, 'test_correct': 117.0, 'test_f1': 0.497872, 'test_avg_loss': 0.422427}, 'client_summarized_weighted_avg': {'test_loss': 32.815459, 'test_total': 22.0, 'test_acc': 0.554545, 'test_correct': 12.2, 'test_f1': 0.549277, 'test_avg_loss': 1.110874}, 'client_summarized_avg': {'test_loss': 18.186513, 'test_total': 22.0, 'test_acc': 0.192865, 'test_correct': 12.5, 'test_f1': 0.116762, 'test_avg_loss': 1.191315}, 'client_summarized_fairness': {'test_loss_entropy': 1.79605, 'test_loss_cos1': 0.681831, 'test_loss_top10%': 85.954834, 'test_loss_bottom10%': 2.217194, 'test_loss_max': 85.954834, 'test_loss_min': 2.217194, 'test_loss_top_decile': 85.954834, 'test_loss_bottom_decile': 4.714618, 'test_loss_std': 26.219867, 'test_total': 22.0, 'test_correct': 12.2, 'test_acc_std': 0.302445, 'test_acc_bottom_decile': 0.0, 'test_acc_top_decile': 1.0, 'test_acc_min': 0.0, 'test_acc_max': 1.0, 'test_acc_bottom10%': 0.0, 'test_acc_top10%': 1.0, 'test_acc_cos1': 0.506154, 'test_acc_entropy': 1.155043, 'test_f1_std': 0.295092, 'test_f1_bottom_decile': 0.0, 'test_f1_top_decile': 1.0, 'test_f1_min': 0.0, 'test_f1_max': 1.0, 'test_f1_bottom10%': 0.0, 'test_f1_top10%': 1.0, 'test_f1_cos1': 0.451292, 'test_f1_entropy': 0.995454, 'test_avg_loss_std': 0.667958, 'test_avg_loss_bottom_decile': 1.743117, 'test_avg_loss_top_decile': 2.567537, 'test_avg_loss_min': 0.116228, 'test_avg_loss_max': 2.567537, 'test_avg_loss_bottom10%': 0.116228, 'test_avg_loss_top10%': 2.567537, 'test_avg_loss_cos1': 0.947453, 'test_avg_loss_entropy': 2.213079}}}
2023-02-13 18:06:01,892 (server:540) INFO: {'Role': 'Client #1', 'Round': 10, 'Results_raw': {'test_total': 118, 'test_acc': 1.0, 'test_correct': 118.0, 'test_loss': 27.068115, 'test_f1': 1.0, 'test_avg_loss': 0.229391}}
2023-02-13 18:06:01,892 (server:540) INFO: {'Role': 'Client #2', 'Round': 10, 'Results_raw': {'test_total': 15, 'test_acc': 0.0, 'test_correct': 0.0, 'test_loss': 24.194781, 'test_f1': 0.0, 'test_avg_loss': 1.612985}}
2023-02-13 18:06:01,892 (server:540) INFO: {'Role': 'Client #3', 'Round': 10, 'Results_raw': {'test_total': 1, 'test_acc': 0.0, 'test_correct': 0.0, 'test_loss': 1.453204, 'test_f1': 0.0, 'test_avg_loss': 1.453204}}
2023-02-13 18:06:01,893 (server:540) INFO: {'Role': 'Client #4', 'Round': 10, 'Results_raw': {'test_total': 40, 'test_acc': 0.025, 'test_correct': 1.0, 'test_loss': 64.15349, 'test_f1': 0.02439, 'test_avg_loss': 1.603837}}
2023-02-13 18:06:01,893 (server:540) INFO: {'Role': 'Client #5', 'Round': 10, 'Results_raw': {'test_total': 3, 'test_acc': 0.333333, 'test_correct': 1.0, 'test_loss': 4.175902, 'test_f1': 0.25, 'test_avg_loss': 1.391967}}
2023-02-13 18:06:01,893 (server:540) INFO: {'Role': 'Client #6', 'Round': 10, 'Results_raw': {'test_total': 12, 'test_acc': 0.083333, 'test_correct': 1.0, 'test_loss': 20.932074, 'test_f1': 0.051282, 'test_avg_loss': 1.744339}}
2023-02-13 18:06:01,893 (server:540) INFO: {'Role': 'Client #7', 'Round': 10, 'Results_raw': {'test_total': 22, 'test_acc': 0.0, 'test_correct': 0.0, 'test_loss': 41.242806, 'test_f1': 0.0, 'test_avg_loss': 1.874673}}
2023-02-13 18:06:01,894 (server:540) INFO: {'Role': 'Client #8', 'Round': 10, 'Results_raw': {'test_total': 4, 'test_acc': 0.0, 'test_correct': 0.0, 'test_loss': 6.7478, 'test_f1': 0.0, 'test_avg_loss': 1.68695}}
2023-02-13 18:06:01,894 (server:540) INFO: {'Role': 'Client #9', 'Round': 10, 'Results_raw': {'test_total': 2, 'test_acc': 0.0, 'test_correct': 0.0, 'test_loss': 3.500095, 'test_f1': 0.0, 'test_avg_loss': 1.750047}}
2023-02-13 18:06:01,894 (server:540) INFO: {'Role': 'Client #10', 'Round': 10, 'Results_raw': {'test_total': 3, 'test_acc': 0.333333, 'test_correct': 1.0, 'test_loss': 3.925633, 'test_f1': 0.166667, 'test_avg_loss': 1.308544}}
2023-02-13 18:06:01,896 (monitor:172) INFO: In worker #0, the system-related metrics are: {'id': 0, 'fl_end_time_minutes': 2.792782, 'total_model_size': 0, 'total_flops': 0, 'total_upload_bytes': 19376000, 'total_download_bytes': 8444040, 'global_convergence_round': 0, 'local_convergence_round': 0, 'global_convergence_time_minutes': 0, 'local_convergence_time_minutes': 0}
2023-02-13 18:06:01,899 (client:513) INFO: ================= client 1 received finish message =================
2023-02-13 18:06:01,931 (monitor:172) INFO: In worker #1, the system-related metrics are: {'id': 1, 'fl_end_time_minutes': 2.785873, 'total_model_size': 23738019, 'total_flops': 813631776000.0, 'total_upload_bytes': 844496, 'total_download_bytes': 0, 'global_convergence_round': 0, 'local_convergence_round': 0, 'global_convergence_time_minutes': 0, 'local_convergence_time_minutes': 0}
2023-02-13 18:06:01,931 (client:513) INFO: ================= client 2 received finish message =================
2023-02-13 18:06:01,963 (monitor:172) INFO: In worker #2, the system-related metrics are: {'id': 2, 'fl_end_time_minutes': 2.777616, 'total_model_size': 23738019, 'total_flops': 483781056000.0, 'total_upload_bytes': 844496, 'total_download_bytes': 0, 'global_convergence_round': 0, 'local_convergence_round': 0, 'global_convergence_time_minutes': 0, 'local_convergence_time_minutes': 0}
2023-02-13 18:06:01,964 (client:513) INFO: ================= client 3 received finish message =================
2023-02-13 18:06:01,996 (monitor:172) INFO: In worker #3, the system-related metrics are: {'id': 3, 'fl_end_time_minutes': 2.771432, 'total_model_size': 23738019, 'total_flops': 10995024000.0, 'total_upload_bytes': 844496, 'total_download_bytes': 0, 'global_convergence_round': 0, 'local_convergence_round': 0, 'global_convergence_time_minutes': 0, 'local_convergence_time_minutes': 0}
2023-02-13 18:06:01,997 (client:513) INFO: ================= client 4 received finish message =================
2023-02-13 18:06:02,029 (monitor:172) INFO: In worker #4, the system-related metrics are: {'id': 4, 'fl_end_time_minutes': 2.763403, 'total_model_size': 23738019, 'total_flops': 3067611696000.0, 'total_upload_bytes': 844496, 'total_download_bytes': 0, 'global_convergence_round': 0, 'local_convergence_round': 0, 'global_convergence_time_minutes': 0, 'local_convergence_time_minutes': 0}
2023-02-13 18:06:02,030 (client:513) INFO: ================= client 5 received finish message =================
2023-02-13 18:06:02,061 (monitor:172) INFO: In worker #5, the system-related metrics are: {'id': 5, 'fl_end_time_minutes': 2.756657, 'total_model_size': 23738019, 'total_flops': 263880576000.0, 'total_upload_bytes': 844496, 'total_download_bytes': 0, 'global_convergence_round': 0, 'local_convergence_round': 0, 'global_convergence_time_minutes': 0, 'local_convergence_time_minutes': 0}
2023-02-13 18:06:02,062 (client:513) INFO: ================= client 6 received finish message =================
2023-02-13 18:06:02,093 (monitor:172) INFO: In worker #6, the system-related metrics are: {'id': 6, 'fl_end_time_minutes': 2.749115, 'total_model_size': 23738019, 'total_flops': 21990048000.0, 'total_upload_bytes': 844496, 'total_download_bytes': 0, 'global_convergence_round': 0, 'local_convergence_round': 0, 'global_convergence_time_minutes': 0, 'local_convergence_time_minutes': 0}
2023-02-13 18:06:02,093 (client:513) INFO: ================= client 7 received finish message =================
2023-02-13 18:06:02,124 (monitor:172) INFO: In worker #7, the system-related metrics are: {'id': 7, 'fl_end_time_minutes': 2.738836, 'total_model_size': 23738019, 'total_flops': 483781056000.0, 'total_upload_bytes': 844496, 'total_download_bytes': 0, 'global_convergence_round': 0, 'local_convergence_round': 0, 'global_convergence_time_minutes': 0, 'local_convergence_time_minutes': 0}
2023-02-13 18:06:02,125 (client:513) INFO: ================= client 8 received finish message =================
2023-02-13 18:06:02,159 (monitor:172) INFO: In worker #8, the system-related metrics are: {'id': 8, 'fl_end_time_minutes': 2.731922, 'total_model_size': 23738019, 'total_flops': 2462885376000.0, 'total_upload_bytes': 844496, 'total_download_bytes': 0, 'global_convergence_round': 0, 'local_convergence_round': 0, 'global_convergence_time_minutes': 0, 'local_convergence_time_minutes': 0}
2023-02-13 18:06:02,159 (client:513) INFO: ================= client 9 received finish message =================
2023-02-13 18:06:02,191 (monitor:172) INFO: In worker #9, the system-related metrics are: {'id': 9, 'fl_end_time_minutes': 2.725575, 'total_model_size': 23738019, 'total_flops': 1528308336000.0, 'total_upload_bytes': 844496, 'total_download_bytes': 0, 'global_convergence_round': 0, 'local_convergence_round': 0, 'global_convergence_time_minutes': 0, 'local_convergence_time_minutes': 0}
2023-02-13 18:06:02,192 (client:513) INFO: ================= client 10 received finish message =================
2023-02-13 18:06:02,222 (monitor:172) INFO: In worker #10, the system-related metrics are: {'id': 10, 'fl_end_time_minutes': 2.719159, 'total_model_size': 23738019, 'total_flops': 505771104000.0, 'total_upload_bytes': 844496, 'total_download_bytes': 0, 'global_convergence_round': 0, 'local_convergence_round': 0, 'global_convergence_time_minutes': 0, 'local_convergence_time_minutes': 0}
2023-02-13 18:06:02,223 (monitor:337) INFO: We will compress the file eval_results.raw into a .gz file, and delete the old one
2023-02-13 18:06:02,226 (monitor:245) INFO: After merging the system metrics from all works, we got avg: defaultdict(None, {'id': 'sys_avg', 'sys_avg/fl_end_time_minutes': 2.75567, 'sys_avg/total_model_size': '20.58M', 'sys_avg/total_flops': '816.4G', 'sys_avg/total_upload_bytes': '2.41M', 'sys_avg/total_download_bytes': '749.65K', 'sys_avg/global_convergence_round': 0.0, 'sys_avg/local_convergence_round': 0.0, 'sys_avg/global_convergence_time_minutes': 0.0, 'sys_avg/local_convergence_time_minutes': 0.0})
2023-02-13 18:06:02,227 (monitor:248) INFO: After merging the system metrics from all works, we got std: defaultdict(None, {'id': 'sys_std', 'sys_std/fl_end_time_minutes': 0.023759, 'sys_std/total_model_size': '6.51M', 'sys_std/total_flops': '923.46G', 'sys_std/total_upload_bytes': '5.08M', 'sys_std/total_download_bytes': '2.32M', 'sys_std/global_convergence_round': 0.0, 'sys_std/local_convergence_round': 0.0, 'sys_std/global_convergence_time_minutes': 0.0, 'sys_std/local_convergence_time_minutes': 0.0})
