2023-03-04 18:20:33,880 (logging:124) INFO: the current machine is at 192.168.0.1
2023-03-04 18:20:33,880 (logging:126) INFO: the current dir is /home/ubuntu/medscale
2023-03-04 18:20:33,880 (logging:127) INFO: the output dir is exp/local_convnet5_on_lung100_lr0.01_lstep1
2023-03-04 18:20:42,084 (cfg_data:145) WARNING: config `cfg.data.batch_size` will be removed in the future, use `cfg.dataloader.batch_size` instead.
2023-03-04 18:20:42,084 (cfg_fl_setting:123) WARNING: In local/global training mode, the sampling related configs are in-valid, we will use all clients. 
2023-03-04 18:20:42,084 (cfg_data:145) WARNING: config `cfg.data.batch_size` will be removed in the future, use `cfg.dataloader.batch_size` instead.
2023-03-04 18:20:42,084 (cfg_fl_setting:123) WARNING: In local/global training mode, the sampling related configs are in-valid, we will use all clients. 
2023-03-04 18:20:42,108 (config:243) INFO: the used configs are: 
aggregator:
  inside_weight: 1.0
  num_agg_groups: 1
  num_agg_topk: []
  outside_weight: 0.0
asyn:
  use: False
attack:
  alpha_TV: 0.001
  alpha_prop_loss: 0
  attack_method: 
  attacker_id: -1
  classifier_PIA: randomforest
  edge_num: 100
  edge_path: edge_data/
  freq: 10
  info_diff_type: l2
  inject_round: 0
  insert_round: 100000
  label_type: dirty
  max_ite: 400
  mean: [0.1307]
  mia_is_simulate_in: False
  mia_simulate_in_round: 20
  pgd_eps: 2
  pgd_lr: 0.1
  pgd_poisoning: False
  poison_ratio: 0.5
  reconstruct_lr: 0.01
  reconstruct_optim: Adam
  scale_para: 1.0
  scale_poisoning: False
  self_epoch: 6
  self_lr: 0.05
  self_opt: False
  setting: fix
  std: [0.3081]
  target_label_ind: -1
  trigger_path: trigger/
  trigger_type: edge
backend: torch
cfg_file: 
check_completeness: False
criterion:
  type: CrossEntropyLoss
data:
  args: []
  batch_size: 16
  cSBM_phi: [0.5, 0.5, 0.5]
  cache_dir: 
  consistent_label_distribution: False
  drop_last: False
  hetero_data_name: []
  hetero_synth_batch_size: 32
  hetero_synth_feat_dim: 128
  hetero_synth_prim_weight: 0.5
  is_debug: False
  loader: 
  max_query_len: 128
  max_seq_len: 384
  max_tgt_len: 128
  num_contrast: 0
  num_of_client_for_data: []
  num_steps: 30
  num_workers: 0
  pre_transform: []
  quadratic:
    dim: 1
    max_curv: 12.5
    min_curv: 0.02
  root: data/
  save_data: False
  server_holds_all: False
  shuffle: True
  sizes: [10, 5]
  splits: [0.8, 0, 0.2]
  splitter: lda
  splitter_args: [{'alpha': 0.1}]
  subsample: 1.0
  target_transform: []
  test_pre_transform: []
  test_target_transform: []
  test_transform: []
  transform: []
  trunc_stride: 128
  type: lung100
  val_pre_transform: []
  val_target_transform: []
  val_transform: []
  walk_length: 2
dataloader:
  batch_size: 16
  drop_last: False
  num_steps: 30
  num_workers: 0
  pin_memory: False
  shuffle: True
  sizes: [10, 5]
  theta: -1
  type: base
  walk_length: 2
device: 0
distribute:
  use: False
early_stop:
  delta: 0.0
  improve_indicator_mode: best
  patience: 5
eval:
  best_res_update_round_wise_key: test_loss
  count_flops: True
  freq: 1
  metrics: ['acc', 'correct', 'f1']
  monitoring: []
  report: ['weighted_avg', 'avg', 'fairness', 'raw']
  split: ['test', 'val']
expname: local_convnet5_on_lung100_lr0.01_lstep1
expname_tag: 
feat_engr:
  num_bins: 5
  scenario: hfl
  secure:
    dp:
      
    encrypt:
      type: dummy
    key_size: 3072
    type: encrypt
  selec_threshold: 0.05
  selec_woe_binning: quantile
  type: 
federate:
  atc_load_from: 
  atc_vanilla: False
  client_num: 10
  data_weighted_aggr: False
  ignore_weight: False
  join_in_info: []
  make_global_eval: False
  merge_test_data: False
  method: local
  mode: standalone
  online_aggr: False
  resource_info_file: 
  restore_from: 
  sample_client_num: 10
  sample_client_rate: -1.0
  sampler: uniform
  save_to: 
  share_local_model: False
  total_round_num: 10
  unseen_clients_rate: 0.0
  use_diff: False
  use_ss: False
fedopt:
  use: False
fedprox:
  use: False
fedsageplus:
  a: 1.0
  b: 1.0
  c: 1.0
  fedgen_epoch: 200
  gen_hidden: 128
  hide_portion: 0.5
  loc_epoch: 1
  num_pred: 5
finetune:
  batch_or_epoch: epoch
  before_eval: False
  freeze_param: 
  local_update_steps: 1
  optimizer:
    lr: 0.1
    type: SGD
  scheduler:
    type: 
    warmup_ratio: 0.0
flitplus:
  factor_ema: 0.8
  lambdavat: 0.5
  tmpFed: 0.5
  weightReg: 1.0
gcflplus:
  EPS_1: 0.05
  EPS_2: 0.1
  seq_length: 5
  standardize: False
grad:
  grad_accum_count: 1
  grad_clip: 5.0
hpo:
  fedex:
    cutoff: 0.0
    diff: False
    eta0: -1.0
    flatten_ss: True
    gamma: 0.0
    pi_lr: 0.01
    psn: False
    sched: auto
    ss: 
    use: False
  init_cand_num: 16
  larger_better: False
  metric: client_summarized_weighted_avg.val_loss
  num_workers: 0
  pbt:
    max_stage: 5
    perf_threshold: 0.1
  scheduler: rs
  sha:
    budgets: []
    elim_rate: 3
    iter: 0
  ss: 
  table:
    eps: 0.1
    idx: 0
    num: 27
  working_folder: hpo
model:
  contrast_temp: 1.0
  contrast_topk: 100
  downstream_tasks: []
  dropout: 0.0
  embed_size: 8
  gamma: 0
  graph_pooling: mean
  hidden: 2048
  in_channels: 0
  input_shape: ()
  label_smoothing: 0.1
  lambda_: 0.1
  layer: 2
  length_penalty: 2.0
  max_answer_len: 30
  max_length: 200
  max_tree_depth: 3
  min_length: 1
  model_num_per_trainer: 1
  model_type: google/bert_uncased_L-2_H-128_A-2
  n_best_size: 20
  no_repeat_ngram_size: 3
  null_score_diff_threshold: 0.0
  num_beams: 5
  num_item: 0
  num_labels: 1
  num_of_trees: 10
  num_user: 0
  out_channels: 62
  pretrain_tasks: []
  stage: 
  task: node
  type: convnet5
  use_bias: True
  use_contrastive_loss: False
nbafl:
  use: False
outdir: exp/local_convnet5_on_lung100_lr0.01_lstep1
personalization:
  K: 5
  beta: 1.0
  local_param: []
  local_update_steps: 1
  lr: 0.5
  regular_weight: 0.1
  share_non_trainable_para: False
print_decimal_digits: 6
regularizer:
  mu: 0.0
  type: 
seed: 2
sgdmf:
  use: False
train:
  batch_or_epoch: epoch
  local_update_steps: 1
  optimizer:
    lr: 0.01
    type: SGD
    weight_decay: 0.0
  scheduler:
    type: 
    warmup_ratio: 0.0
trainer:
  disp_freq: 50
  local_entropy:
    alpha: 0.75
    eps: 0.001
    gamma: 0.0001
  sam:
    adaptive: False
    eta: 0.0
    rho: 1.0
  type: cvtrainer
  val_freq: 100000000
use_gpu: True
verbose: 1
vertical:
  use: False
wandb:
  use: False
2023-03-04 18:20:42,173 (utils:144) INFO: The device information file is not provided
2023-03-04 18:20:42,336 (fed_runner:169) INFO: Server has been set up ... 
2023-03-04 18:20:42,479 (fed_runner:221) INFO: Client 1 has been set up ... 
2023-03-04 18:20:42,617 (fed_runner:221) INFO: Client 2 has been set up ... 
2023-03-04 18:20:42,651 (fed_runner:221) INFO: Client 3 has been set up ... 
2023-03-04 18:20:42,798 (fed_runner:221) INFO: Client 4 has been set up ... 
2023-03-04 18:20:42,845 (fed_runner:221) INFO: Client 5 has been set up ... 
2023-03-04 18:20:42,961 (fed_runner:221) INFO: Client 6 has been set up ... 
2023-03-04 18:20:43,107 (fed_runner:221) INFO: Client 7 has been set up ... 
2023-03-04 18:20:43,163 (fed_runner:221) INFO: Client 8 has been set up ... 
2023-03-04 18:20:43,208 (fed_runner:221) INFO: Client 9 has been set up ... 
2023-03-04 18:20:43,259 (fed_runner:221) INFO: Client 10 has been set up ... 
<<<<<<< HEAD
2023-03-04 18:20:43,260 (trainer:341) INFO: Model meta-info: <class 'medscale.cv.model.cnn.ConvNet5'>.
=======
<<<<<<< HEAD
2023-03-04 18:20:43,260 (trainer:341) INFO: Model meta-info: <class 'medscale.cv.model.cnn.ConvNet5'>.
=======
2023-03-04 18:20:43,260 (trainer:341) INFO: Model meta-info: <class 'medscale.cv.model.cnn.ConvNet5'>.
>>>>>>> fe4962455354c9c11afd9c9806ceda28eb280737
>>>>>>> 64b283ee525ef53c32509882719e74890329b83f
2023-03-04 18:20:43,260 (trainer:349) INFO: Num of original para names: 39.
2023-03-04 18:20:43,260 (trainer:350) INFO: Num of original trainable para names: 24.
2023-03-04 18:20:43,260 (trainer:352) INFO: Num of preserved para names in local update: 0. 
Preserved para names in local update: set().
2023-03-04 18:20:43,260 (trainer:356) INFO: Num of filtered para names in local update: 39. 
Filtered para names in local update: {'bn2.running_mean', 'bn5.running_var', 'fc1.bias', 'bn4.bias', 'bn1.running_var', 'bn1.bias', 'bn3.bias', 'fc1.weight', 'conv2.bias', 'bn4.weight', 'bn4.running_var', 'bn3.running_var', 'bn3.running_mean', 'bn4.running_mean', 'conv1.bias', 'bn5.bias', 'bn2.bias', 'conv4.weight', 'fc2.weight', 'fc2.bias', 'bn2.num_batches_tracked', 'conv1.weight', 'bn4.num_batches_tracked', 'bn5.num_batches_tracked', 'bn2.weight', 'conv5.weight', 'conv3.bias', 'conv4.bias', 'bn1.num_batches_tracked', 'bn2.running_var', 'conv5.bias', 'bn5.weight', 'bn5.running_mean', 'bn1.running_mean', 'conv3.weight', 'bn1.weight', 'conv2.weight', 'bn3.num_batches_tracked', 'bn3.weight'}.
2023-03-04 18:20:43,261 (trainer:361) INFO: After register default hooks,
	the hooks_in_train is:
	{
	  "on_fit_start": [
	    "_hook_on_fit_start_init",
	    "_hook_on_fit_start_calculate_model_size"
	  ],
	  "on_epoch_start": [
	    "_hook_on_epoch_start"
	  ],
	  "on_batch_start": [
	    "_hook_on_batch_start_init"
	  ],
	  "on_batch_forward": [
	    "_hook_on_batch_forward",
	    "_hook_on_batch_forward_regularizer",
	    "_hook_on_batch_forward_flop_count"
	  ],
	  "on_batch_backward": [
	    "_hook_on_batch_backward"
	  ],
	  "on_batch_end": [
	    "_hook_on_batch_end"
	  ],
	  "on_fit_end": [
	    "_hook_on_fit_end"
	  ]
	};
	the hooks_in_eval is:
            t{
	  "on_fit_start": [
	    "_hook_on_fit_start_init"
	  ],
	  "on_epoch_start": [
	    "_hook_on_epoch_start"
	  ],
	  "on_batch_start": [
	    "_hook_on_batch_start_init"
	  ],
	  "on_batch_forward": [
	    "_hook_on_batch_forward"
	  ],
	  "on_batch_end": [
	    "_hook_on_batch_end"
	  ],
	  "on_fit_end": [
	    "_hook_on_fit_end"
	  ]
	}
2023-03-04 18:20:43,273 (server:804) INFO: ----------- Starting training (Round #0) -------------
2023-03-04 18:20:46,701 (client:306) INFO: {'Role': 'Client #6', 'Round': 0, 'Results_raw': {'train_avg_loss': 3.634005, 'train_correct': 1.0, 'train_loss': 7.26801, 'train_f1': 0.333333, 'train_total': 2, 'train_acc': 0.5}}
2023-03-04 18:20:46,928 (client:306) INFO: {'Role': 'Client #5', 'Round': 0, 'Results_raw': {'train_avg_loss': 3.565761, 'train_correct': 8.0, 'train_loss': 85.578274, 'train_f1': 0.083333, 'train_total': 24, 'train_acc': 0.333333}}
2023-03-04 18:20:48,646 (client:306) INFO: {'Role': 'Client #8', 'Round': 0, 'Results_raw': {'train_avg_loss': 1.050836, 'train_correct': 192.0, 'train_loss': 235.3872, 'train_f1': 0.116505, 'train_total': 224, 'train_acc': 0.857143}}
2023-03-04 18:20:49,010 (client:306) INFO: {'Role': 'Client #2', 'Round': 0, 'Results_raw': {'train_avg_loss': 3.24451, 'train_correct': 28.0, 'train_loss': 142.758429, 'train_f1': 0.12963, 'train_total': 44, 'train_acc': 0.636364}}
2023-03-04 18:20:51,264 (client:306) INFO: {'Role': 'Client #4', 'Round': 0, 'Results_raw': {'train_avg_loss': 0.578459, 'train_correct': 262.0, 'train_loss': 161.390168, 'train_f1': 0.138368, 'train_total': 279, 'train_acc': 0.939068}}
2023-03-04 18:20:51,639 (client:306) INFO: {'Role': 'Client #7', 'Round': 0, 'Results_raw': {'train_avg_loss': 2.786271, 'train_correct': 28.0, 'train_loss': 122.595931, 'train_f1': 0.111111, 'train_total': 44, 'train_acc': 0.636364}}
2023-03-04 18:20:52,755 (client:306) INFO: {'Role': 'Client #9', 'Round': 0, 'Results_raw': {'train_avg_loss': 1.05476, 'train_correct': 123.0, 'train_loss': 146.611659, 'train_f1': 0.312977, 'train_total': 139, 'train_acc': 0.884892}}
2023-03-04 18:20:53,383 (client:306) INFO: {'Role': 'Client #1', 'Round': 0, 'Results_raw': {'train_avg_loss': 2.552121, 'train_correct': 56.0, 'train_loss': 188.856957, 'train_f1': 0.172308, 'train_total': 74, 'train_acc': 0.756757}}
2023-03-04 18:20:53,426 (client:306) INFO: {'Role': 'Client #3', 'Round': 0, 'Results_raw': {'train_avg_loss': 3.991039, 'train_correct': 0.0, 'train_loss': 3.991039, 'train_f1': 0.0, 'train_total': 1, 'train_acc': 0.0}}
2023-03-04 18:20:53,829 (client:306) INFO: {'Role': 'Client #10', 'Round': 0, 'Results_raw': {'train_avg_loss': 3.220918, 'train_correct': 25.0, 'train_loss': 148.162213, 'train_f1': 0.186567, 'train_total': 46, 'train_acc': 0.543478}}
2023-03-04 18:20:53,831 (monitor:541) INFO: {'Role': 'Server #', 'Round': 0, 'Results_model_metric': {}}
2023-03-04 18:20:53,832 (server:330) INFO: Server: Starting evaluation at the end of round 0.
2023-03-04 18:20:53,833 (server:336) INFO: ----------- Starting a new training round (Round #1) -------------
2023-03-04 18:20:54,710 (context:294) WARNING: No val_data or val_loader in the trainer, will skip evaluation.If this is not the case you want, please check whether there is typo for the name
2023-03-04 18:20:54,732 (context:294) WARNING: No val_data or val_loader in the trainer, will skip evaluation.If this is not the case you want, please check whether there is typo for the name
2023-03-04 18:20:54,917 (context:294) WARNING: No val_data or val_loader in the trainer, will skip evaluation.If this is not the case you want, please check whether there is typo for the name
2023-03-04 18:20:54,954 (context:294) WARNING: No val_data or val_loader in the trainer, will skip evaluation.If this is not the case you want, please check whether there is typo for the name
2023-03-04 18:20:54,988 (context:294) WARNING: No val_data or val_loader in the trainer, will skip evaluation.If this is not the case you want, please check whether there is typo for the name
2023-03-04 18:20:55,093 (context:294) WARNING: No val_data or val_loader in the trainer, will skip evaluation.If this is not the case you want, please check whether there is typo for the name
2023-03-04 18:20:55,138 (context:294) WARNING: No val_data or val_loader in the trainer, will skip evaluation.If this is not the case you want, please check whether there is typo for the name
2023-03-04 18:20:55,178 (context:294) WARNING: No val_data or val_loader in the trainer, will skip evaluation.If this is not the case you want, please check whether there is typo for the name
2023-03-04 18:20:55,316 (context:294) WARNING: No val_data or val_loader in the trainer, will skip evaluation.If this is not the case you want, please check whether there is typo for the name
2023-03-04 18:20:55,642 (context:294) WARNING: No val_data or val_loader in the trainer, will skip evaluation.If this is not the case you want, please check whether there is typo for the name
2023-03-04 18:20:56,242 (client:306) INFO: {'Role': 'Client #1', 'Round': 1, 'Results_raw': {'train_avg_loss': 0.151007, 'train_correct': 73.0, 'train_loss': 11.174532, 'train_f1': 0.496599, 'train_total': 74, 'train_acc': 0.986486}}
2023-03-04 18:20:56,597 (client:306) INFO: {'Role': 'Client #2', 'Round': 1, 'Results_raw': {'train_avg_loss': 0.533774, 'train_correct': 44.0, 'train_loss': 23.486078, 'train_f1': 1.0, 'train_total': 44, 'train_acc': 1.0}}
2023-03-04 18:20:56,806 (client:306) INFO: {'Role': 'Client #5', 'Round': 1, 'Results_raw': {'train_avg_loss': 1.242525, 'train_correct': 24.0, 'train_loss': 29.820593, 'train_f1': 1.0, 'train_total': 24, 'train_acc': 1.0}}
2023-03-04 18:20:56,842 (client:306) INFO: {'Role': 'Client #6', 'Round': 1, 'Results_raw': {'train_avg_loss': 2.379103, 'train_correct': 2.0, 'train_loss': 4.758206, 'train_f1': 1.0, 'train_total': 2, 'train_acc': 1.0}}
2023-03-04 18:20:57,209 (client:306) INFO: {'Role': 'Client #7', 'Round': 1, 'Results_raw': {'train_avg_loss': 0.313405, 'train_correct': 44.0, 'train_loss': 13.789799, 'train_f1': 1.0, 'train_total': 44, 'train_acc': 1.0}}
2023-03-04 18:20:58,315 (client:306) INFO: {'Role': 'Client #9', 'Round': 1, 'Results_raw': {'train_avg_loss': 0.010863, 'train_correct': 139.0, 'train_loss': 1.509926, 'train_f1': 1.0, 'train_total': 139, 'train_acc': 1.0}}
2023-03-04 18:21:00,581 (client:306) INFO: {'Role': 'Client #4', 'Round': 1, 'Results_raw': {'train_avg_loss': 0.03312, 'train_correct': 278.0, 'train_loss': 9.240613, 'train_f1': 0.499102, 'train_total': 279, 'train_acc': 0.996416}}
2023-03-04 18:21:02,306 (client:306) INFO: {'Role': 'Client #8', 'Round': 1, 'Results_raw': {'train_avg_loss': 0.312601, 'train_correct': 204.0, 'train_loss': 70.022531, 'train_f1': 0.476636, 'train_total': 224, 'train_acc': 0.910714}}
2023-03-04 18:21:02,686 (client:306) INFO: {'Role': 'Client #10', 'Round': 1, 'Results_raw': {'train_avg_loss': 1.158079, 'train_correct': 37.0, 'train_loss': 53.271642, 'train_f1': 0.297189, 'train_total': 46, 'train_acc': 0.804348}}
2023-03-04 18:21:02,712 (client:306) INFO: {'Role': 'Client #3', 'Round': 1, 'Results_raw': {'train_avg_loss': 2.253833, 'train_correct': 1.0, 'train_loss': 2.253833, 'train_f1': 1.0, 'train_total': 1, 'train_acc': 1.0}}
2023-03-04 18:21:02,714 (server:590) INFO: {'Role': 'Server #', 'Round': 0, 'Results_weighted_avg': {'test_avg_loss': 3.668509, 'test_correct': 4.6, 'test_loss': 289.039724, 'test_f1': 0.104152, 'test_total': 22.0, 'test_acc': 0.209091}, 'Results_avg': {'test_avg_loss': 3.87972, 'test_correct': 4.6, 'test_loss': 80.707208, 'test_f1': 0.088256, 'test_total': 22.0, 'test_acc': 0.180833}, 'Results_fairness': {'test_correct': 4.6, 'test_total': 22.0, 'test_avg_loss_std': 0.748675, 'test_avg_loss_bottom_decile': 4.045144, 'test_avg_loss_top_decile': 4.164825, 'test_avg_loss_min': 1.635839, 'test_avg_loss_max': 4.164825, 'test_avg_loss_bottom10%': 1.635839, 'test_avg_loss_top10%': 4.164825, 'test_avg_loss_cos1': 0.981885, 'test_avg_loss_entropy': 2.279309, 'test_loss_std': 137.861357, 'test_loss_bottom_decile': 8.324602, 'test_loss_top_decile': 485.447663, 'test_loss_min': 4.148358, 'test_loss_max': 485.447663, 'test_loss_bottom10%': 4.148358, 'test_loss_top10%': 485.447663, 'test_loss_cos1': 0.505216, 'test_loss_entropy': 1.405497, 'test_f1_std': 0.155878, 'test_f1_bottom_decile': 0.0, 'test_f1_top_decile': 0.493671, 'test_f1_min': 0.0, 'test_f1_max': 0.493671, 'test_f1_bottom10%': 0.0, 'test_f1_top10%': 0.493671, 'test_f1_cos1': 0.492696, 'test_f1_entropy': 0.986998, 'test_acc_std': 0.313804, 'test_acc_bottom_decile': 0.0, 'test_acc_top_decile': 0.975, 'test_acc_min': 0.0, 'test_acc_max': 0.975, 'test_acc_bottom10%': 0.0, 'test_acc_top10%': 0.975, 'test_acc_cos1': 0.499293, 'test_acc_entropy': 1.000219}}
2023-03-04 18:21:02,716 (monitor:541) INFO: {'Role': 'Server #', 'Round': 1, 'Results_model_metric': {}}
2023-03-04 18:21:02,717 (server:330) INFO: Server: Starting evaluation at the end of round 1.
2023-03-04 18:21:02,718 (server:336) INFO: ----------- Starting a new training round (Round #2) -------------
2023-03-04 18:21:03,588 (context:294) WARNING: No val_data or val_loader in the trainer, will skip evaluation.If this is not the case you want, please check whether there is typo for the name
2023-03-04 18:21:03,608 (context:294) WARNING: No val_data or val_loader in the trainer, will skip evaluation.If this is not the case you want, please check whether there is typo for the name
2023-03-04 18:21:03,788 (context:294) WARNING: No val_data or val_loader in the trainer, will skip evaluation.If this is not the case you want, please check whether there is typo for the name
2023-03-04 18:21:03,823 (context:294) WARNING: No val_data or val_loader in the trainer, will skip evaluation.If this is not the case you want, please check whether there is typo for the name
2023-03-04 18:21:03,852 (context:294) WARNING: No val_data or val_loader in the trainer, will skip evaluation.If this is not the case you want, please check whether there is typo for the name
2023-03-04 18:21:03,955 (context:294) WARNING: No val_data or val_loader in the trainer, will skip evaluation.If this is not the case you want, please check whether there is typo for the name
2023-03-04 18:21:03,998 (context:294) WARNING: No val_data or val_loader in the trainer, will skip evaluation.If this is not the case you want, please check whether there is typo for the name
2023-03-04 18:21:04,033 (context:294) WARNING: No val_data or val_loader in the trainer, will skip evaluation.If this is not the case you want, please check whether there is typo for the name
2023-03-04 18:21:04,158 (context:294) WARNING: No val_data or val_loader in the trainer, will skip evaluation.If this is not the case you want, please check whether there is typo for the name
2023-03-04 18:21:04,475 (context:294) WARNING: No val_data or val_loader in the trainer, will skip evaluation.If this is not the case you want, please check whether there is typo for the name
2023-03-04 18:21:04,509 (client:306) INFO: {'Role': 'Client #6', 'Round': 2, 'Results_raw': {'train_avg_loss': 1.313611, 'train_correct': 2.0, 'train_loss': 2.627222, 'train_f1': 1.0, 'train_total': 2, 'train_acc': 1.0}}
2023-03-04 18:21:04,894 (client:306) INFO: {'Role': 'Client #10', 'Round': 2, 'Results_raw': {'train_avg_loss': 0.716537, 'train_correct': 37.0, 'train_loss': 32.960701, 'train_f1': 0.297189, 'train_total': 46, 'train_acc': 0.804348}}
2023-03-04 18:21:04,921 (client:306) INFO: {'Role': 'Client #3', 'Round': 2, 'Results_raw': {'train_avg_loss': 1.181394, 'train_correct': 1.0, 'train_loss': 1.181394, 'train_f1': 1.0, 'train_total': 1, 'train_acc': 1.0}}
2023-03-04 18:21:05,267 (client:306) INFO: {'Role': 'Client #2', 'Round': 2, 'Results_raw': {'train_avg_loss': 0.036121, 'train_correct': 44.0, 'train_loss': 1.589343, 'train_f1': 1.0, 'train_total': 44, 'train_acc': 1.0}}
2023-03-04 18:21:07,507 (client:306) INFO: {'Role': 'Client #4', 'Round': 2, 'Results_raw': {'train_avg_loss': 0.033585, 'train_correct': 278.0, 'train_loss': 9.370202, 'train_f1': 0.499102, 'train_total': 279, 'train_acc': 0.996416}}
2023-03-04 18:21:08,587 (client:306) INFO: {'Role': 'Client #9', 'Round': 2, 'Results_raw': {'train_avg_loss': 0.005116, 'train_correct': 139.0, 'train_loss': 0.711193, 'train_f1': 1.0, 'train_total': 139, 'train_acc': 1.0}}
2023-03-04 18:21:08,935 (client:306) INFO: {'Role': 'Client #7', 'Round': 2, 'Results_raw': {'train_avg_loss': 0.025523, 'train_correct': 44.0, 'train_loss': 1.123022, 'train_f1': 1.0, 'train_total': 44, 'train_acc': 1.0}}
2023-03-04 18:21:09,147 (client:306) INFO: {'Role': 'Client #5', 'Round': 2, 'Results_raw': {'train_avg_loss': 0.175927, 'train_correct': 24.0, 'train_loss': 4.222259, 'train_f1': 1.0, 'train_total': 24, 'train_acc': 1.0}}
2023-03-04 18:21:09,750 (client:306) INFO: {'Role': 'Client #1', 'Round': 2, 'Results_raw': {'train_avg_loss': 0.108241, 'train_correct': 73.0, 'train_loss': 8.009797, 'train_f1': 0.496599, 'train_total': 74, 'train_acc': 0.986486}}
2023-03-04 18:21:11,467 (client:306) INFO: {'Role': 'Client #8', 'Round': 2, 'Results_raw': {'train_avg_loss': 0.308245, 'train_correct': 204.0, 'train_loss': 69.04699, 'train_f1': 0.476636, 'train_total': 224, 'train_acc': 0.910714}}
2023-03-04 18:21:11,469 (server:590) INFO: {'Role': 'Server #', 'Round': 1, 'Results_weighted_avg': {'test_avg_loss': 3.436065, 'test_correct': 4.6, 'test_loss': 278.932125, 'test_f1': 0.104152, 'test_total': 22.0, 'test_acc': 0.209091}, 'Results_avg': {'test_avg_loss': 3.879441, 'test_correct': 4.6, 'test_loss': 75.59344, 'test_f1': 0.088256, 'test_total': 22.0, 'test_acc': 0.180833}, 'Results_fairness': {'test_correct': 4.6, 'test_total': 22.0, 'test_avg_loss_std': 1.298246, 'test_avg_loss_bottom_decile': 3.879677, 'test_avg_loss_top_decile': 5.547064, 'test_avg_loss_min': 0.211531, 'test_avg_loss_max': 5.547064, 'test_avg_loss_bottom10%': 0.211531, 'test_avg_loss_top10%': 5.547064, 'test_avg_loss_cos1': 0.948309, 'test_avg_loss_entropy': 2.213755, 'test_loss_std': 139.402076, 'test_loss_bottom_decile': 8.461233, 'test_loss_top_decile': 485.677165, 'test_loss_min': 4.150973, 'test_loss_max': 485.677165, 'test_loss_bottom10%': 4.150973, 'test_loss_top10%': 485.677165, 'test_loss_cos1': 0.476693, 'test_loss_entropy': 1.288305, 'test_f1_std': 0.155878, 'test_f1_bottom_decile': 0.0, 'test_f1_top_decile': 0.493671, 'test_f1_min': 0.0, 'test_f1_max': 0.493671, 'test_f1_bottom10%': 0.0, 'test_f1_top10%': 0.493671, 'test_f1_cos1': 0.492696, 'test_f1_entropy': 0.986998, 'test_acc_std': 0.313804, 'test_acc_bottom_decile': 0.0, 'test_acc_top_decile': 0.975, 'test_acc_min': 0.0, 'test_acc_max': 0.975, 'test_acc_bottom10%': 0.0, 'test_acc_top10%': 0.975, 'test_acc_cos1': 0.499293, 'test_acc_entropy': 1.000219}}
2023-03-04 18:21:11,471 (monitor:541) INFO: {'Role': 'Server #', 'Round': 2, 'Results_model_metric': {}}
2023-03-04 18:21:11,472 (server:330) INFO: Server: Starting evaluation at the end of round 2.
2023-03-04 18:21:11,472 (server:336) INFO: ----------- Starting a new training round (Round #3) -------------
2023-03-04 18:21:12,342 (context:294) WARNING: No val_data or val_loader in the trainer, will skip evaluation.If this is not the case you want, please check whether there is typo for the name
2023-03-04 18:21:12,362 (context:294) WARNING: No val_data or val_loader in the trainer, will skip evaluation.If this is not the case you want, please check whether there is typo for the name
2023-03-04 18:21:12,542 (context:294) WARNING: No val_data or val_loader in the trainer, will skip evaluation.If this is not the case you want, please check whether there is typo for the name
2023-03-04 18:21:12,577 (context:294) WARNING: No val_data or val_loader in the trainer, will skip evaluation.If this is not the case you want, please check whether there is typo for the name
2023-03-04 18:21:12,605 (context:294) WARNING: No val_data or val_loader in the trainer, will skip evaluation.If this is not the case you want, please check whether there is typo for the name
2023-03-04 18:21:12,708 (context:294) WARNING: No val_data or val_loader in the trainer, will skip evaluation.If this is not the case you want, please check whether there is typo for the name
2023-03-04 18:21:12,751 (context:294) WARNING: No val_data or val_loader in the trainer, will skip evaluation.If this is not the case you want, please check whether there is typo for the name
2023-03-04 18:21:12,785 (context:294) WARNING: No val_data or val_loader in the trainer, will skip evaluation.If this is not the case you want, please check whether there is typo for the name
2023-03-04 18:21:12,912 (context:294) WARNING: No val_data or val_loader in the trainer, will skip evaluation.If this is not the case you want, please check whether there is typo for the name
2023-03-04 18:21:13,229 (context:294) WARNING: No val_data or val_loader in the trainer, will skip evaluation.If this is not the case you want, please check whether there is typo for the name
2023-03-04 18:21:13,262 (client:306) INFO: {'Role': 'Client #6', 'Round': 3, 'Results_raw': {'train_avg_loss': 0.767555, 'train_correct': 2.0, 'train_loss': 1.53511, 'train_f1': 1.0, 'train_total': 2, 'train_acc': 1.0}}
2023-03-04 18:21:13,611 (client:306) INFO: {'Role': 'Client #7', 'Round': 3, 'Results_raw': {'train_avg_loss': 0.01314, 'train_correct': 44.0, 'train_loss': 0.578157, 'train_f1': 1.0, 'train_total': 44, 'train_acc': 1.0}}
2023-03-04 18:21:13,989 (client:306) INFO: {'Role': 'Client #10', 'Round': 3, 'Results_raw': {'train_avg_loss': 0.61671, 'train_correct': 38.0, 'train_loss': 28.368649, 'train_f1': 0.374887, 'train_total': 46, 'train_acc': 0.826087}}
2023-03-04 18:21:15,071 (client:306) INFO: {'Role': 'Client #9', 'Round': 3, 'Results_raw': {'train_avg_loss': 0.003332, 'train_correct': 139.0, 'train_loss': 0.4631, 'train_f1': 1.0, 'train_total': 139, 'train_acc': 1.0}}
2023-03-04 18:21:15,423 (client:306) INFO: {'Role': 'Client #2', 'Round': 3, 'Results_raw': {'train_avg_loss': 0.016431, 'train_correct': 44.0, 'train_loss': 0.722981, 'train_f1': 1.0, 'train_total': 44, 'train_acc': 1.0}}
2023-03-04 18:21:15,633 (client:306) INFO: {'Role': 'Client #5', 'Round': 3, 'Results_raw': {'train_avg_loss': 0.030646, 'train_correct': 24.0, 'train_loss': 0.7355, 'train_f1': 1.0, 'train_total': 24, 'train_acc': 1.0}}
2023-03-04 18:21:17,876 (client:306) INFO: {'Role': 'Client #4', 'Round': 3, 'Results_raw': {'train_avg_loss': 0.025582, 'train_correct': 278.0, 'train_loss': 7.137239, 'train_f1': 0.499102, 'train_total': 279, 'train_acc': 0.996416}}
2023-03-04 18:21:18,470 (client:306) INFO: {'Role': 'Client #1', 'Round': 3, 'Results_raw': {'train_avg_loss': 0.088954, 'train_correct': 73.0, 'train_loss': 6.582609, 'train_f1': 0.496599, 'train_total': 74, 'train_acc': 0.986486}}
2023-03-04 18:21:18,496 (client:306) INFO: {'Role': 'Client #3', 'Round': 3, 'Results_raw': {'train_avg_loss': 0.944662, 'train_correct': 1.0, 'train_loss': 0.944662, 'train_f1': 1.0, 'train_total': 1, 'train_acc': 1.0}}
2023-03-04 18:21:20,212 (client:306) INFO: {'Role': 'Client #8', 'Round': 3, 'Results_raw': {'train_avg_loss': 0.253517, 'train_correct': 206.0, 'train_loss': 56.787772, 'train_f1': 0.569782, 'train_total': 224, 'train_acc': 0.919643}}
2023-03-04 18:21:20,214 (server:590) INFO: {'Role': 'Server #', 'Round': 2, 'Results_weighted_avg': {'test_avg_loss': 3.488991, 'test_correct': 4.7, 'test_loss': 281.058935, 'test_f1': 0.109455, 'test_total': 22.0, 'test_acc': 0.213636}, 'Results_avg': {'test_avg_loss': 4.125878, 'test_correct': 4.7, 'test_loss': 76.757813, 'test_f1': 0.127145, 'test_total': 22.0, 'test_acc': 0.214167}, 'Results_fairness': {'test_correct': 4.7, 'test_total': 22.0, 'test_avg_loss_std': 1.608898, 'test_avg_loss_bottom_decile': 3.692348, 'test_avg_loss_top_decile': 7.063405, 'test_avg_loss_min': 0.216746, 'test_avg_loss_max': 7.063405, 'test_avg_loss_bottom10%': 0.216746, 'test_avg_loss_top10%': 7.063405, 'test_avg_loss_cos1': 0.931669, 'test_avg_loss_entropy': 2.197131, 'test_loss_std': 140.168405, 'test_loss_bottom_decile': 8.66985, 'test_loss_top_decile': 489.279416, 'test_loss_min': 4.156483, 'test_loss_max': 489.279416, 'test_loss_bottom10%': 4.156483, 'test_loss_top10%': 489.279416, 'test_loss_cos1': 0.480309, 'test_loss_entropy': 1.308439, 'test_f1_std': 0.20978, 'test_f1_bottom_decile': 0.0, 'test_f1_top_decile': 0.555556, 'test_f1_min': 0.0, 'test_f1_max': 0.555556, 'test_f1_bottom10%': 0.0, 'test_f1_top10%': 0.555556, 'test_f1_cos1': 0.518318, 'test_f1_entropy': 1.033947, 'test_acc_std': 0.344441, 'test_acc_bottom_decile': 0.0, 'test_acc_top_decile': 0.975, 'test_acc_min': 0.0, 'test_acc_max': 0.975, 'test_acc_bottom10%': 0.0, 'test_acc_top10%': 0.975, 'test_acc_cos1': 0.528031, 'test_acc_entropy': 1.061149}}
2023-03-04 18:21:20,216 (monitor:541) INFO: {'Role': 'Server #', 'Round': 3, 'Results_model_metric': {}}
2023-03-04 18:21:20,218 (server:330) INFO: Server: Starting evaluation at the end of round 3.
2023-03-04 18:21:20,218 (server:336) INFO: ----------- Starting a new training round (Round #4) -------------
2023-03-04 18:21:21,093 (context:294) WARNING: No val_data or val_loader in the trainer, will skip evaluation.If this is not the case you want, please check whether there is typo for the name
2023-03-04 18:21:21,113 (context:294) WARNING: No val_data or val_loader in the trainer, will skip evaluation.If this is not the case you want, please check whether there is typo for the name
2023-03-04 18:21:21,293 (context:294) WARNING: No val_data or val_loader in the trainer, will skip evaluation.If this is not the case you want, please check whether there is typo for the name
2023-03-04 18:21:21,328 (context:294) WARNING: No val_data or val_loader in the trainer, will skip evaluation.If this is not the case you want, please check whether there is typo for the name
2023-03-04 18:21:21,356 (context:294) WARNING: No val_data or val_loader in the trainer, will skip evaluation.If this is not the case you want, please check whether there is typo for the name
2023-03-04 18:21:21,460 (context:294) WARNING: No val_data or val_loader in the trainer, will skip evaluation.If this is not the case you want, please check whether there is typo for the name
2023-03-04 18:21:21,502 (context:294) WARNING: No val_data or val_loader in the trainer, will skip evaluation.If this is not the case you want, please check whether there is typo for the name
2023-03-04 18:21:21,537 (context:294) WARNING: No val_data or val_loader in the trainer, will skip evaluation.If this is not the case you want, please check whether there is typo for the name
2023-03-04 18:21:21,662 (context:294) WARNING: No val_data or val_loader in the trainer, will skip evaluation.If this is not the case you want, please check whether there is typo for the name
2023-03-04 18:21:21,983 (context:294) WARNING: No val_data or val_loader in the trainer, will skip evaluation.If this is not the case you want, please check whether there is typo for the name
2023-03-04 18:21:23,708 (client:306) INFO: {'Role': 'Client #8', 'Round': 4, 'Results_raw': {'train_avg_loss': 0.201271, 'train_correct': 210.0, 'train_loss': 45.084649, 'train_f1': 0.714182, 'train_total': 224, 'train_acc': 0.9375}}
2023-03-04 18:21:24,057 (client:306) INFO: {'Role': 'Client #2', 'Round': 4, 'Results_raw': {'train_avg_loss': 0.010679, 'train_correct': 44.0, 'train_loss': 0.469886, 'train_f1': 1.0, 'train_total': 44, 'train_acc': 1.0}}
2023-03-04 18:21:24,412 (client:306) INFO: {'Role': 'Client #7', 'Round': 4, 'Results_raw': {'train_avg_loss': 0.009196, 'train_correct': 44.0, 'train_loss': 0.40464, 'train_f1': 1.0, 'train_total': 44, 'train_acc': 1.0}}
2023-03-04 18:21:26,651 (client:306) INFO: {'Role': 'Client #4', 'Round': 4, 'Results_raw': {'train_avg_loss': 0.026636, 'train_correct': 278.0, 'train_loss': 7.431352, 'train_f1': 0.499102, 'train_total': 279, 'train_acc': 0.996416}}
2023-03-04 18:21:26,684 (client:306) INFO: {'Role': 'Client #6', 'Round': 4, 'Results_raw': {'train_avg_loss': 0.224102, 'train_correct': 2.0, 'train_loss': 0.448204, 'train_f1': 1.0, 'train_total': 2, 'train_acc': 1.0}}
2023-03-04 18:21:27,280 (client:306) INFO: {'Role': 'Client #1', 'Round': 4, 'Results_raw': {'train_avg_loss': 0.095176, 'train_correct': 73.0, 'train_loss': 7.043007, 'train_f1': 0.496599, 'train_total': 74, 'train_acc': 0.986486}}
2023-03-04 18:21:27,681 (client:306) INFO: {'Role': 'Client #10', 'Round': 4, 'Results_raw': {'train_avg_loss': 0.479547, 'train_correct': 39.0, 'train_loss': 22.059156, 'train_f1': 0.43786, 'train_total': 46, 'train_acc': 0.847826}}
2023-03-04 18:21:27,708 (client:306) INFO: {'Role': 'Client #3', 'Round': 4, 'Results_raw': {'train_avg_loss': 0.386267, 'train_correct': 1.0, 'train_loss': 0.386267, 'train_f1': 1.0, 'train_total': 1, 'train_acc': 1.0}}
2023-03-04 18:21:28,790 (client:306) INFO: {'Role': 'Client #9', 'Round': 4, 'Results_raw': {'train_avg_loss': 0.00246, 'train_correct': 139.0, 'train_loss': 0.341924, 'train_f1': 1.0, 'train_total': 139, 'train_acc': 1.0}}
2023-03-04 18:21:29,003 (client:306) INFO: {'Role': 'Client #5', 'Round': 4, 'Results_raw': {'train_avg_loss': 0.017181, 'train_correct': 24.0, 'train_loss': 0.412348, 'train_f1': 1.0, 'train_total': 24, 'train_acc': 1.0}}
2023-03-04 18:21:29,005 (server:590) INFO: {'Role': 'Server #', 'Round': 3, 'Results_weighted_avg': {'test_avg_loss': 3.591556, 'test_correct': 4.6, 'test_loss': 289.299915, 'test_f1': 0.104152, 'test_total': 22.0, 'test_acc': 0.209091}, 'Results_avg': {'test_avg_loss': 4.402121, 'test_correct': 4.6, 'test_loss': 79.014237, 'test_f1': 0.088256, 'test_total': 22.0, 'test_acc': 0.180833}, 'Results_fairness': {'test_correct': 4.6, 'test_total': 22.0, 'test_avg_loss_std': 2.007943, 'test_avg_loss_bottom_decile': 3.440245, 'test_avg_loss_top_decile': 7.844086, 'test_avg_loss_min': 0.234879, 'test_avg_loss_max': 7.844086, 'test_avg_loss_bottom10%': 0.234879, 'test_avg_loss_top10%': 7.844086, 'test_avg_loss_cos1': 0.909822, 'test_avg_loss_entropy': 2.17441, 'test_loss_std': 144.261454, 'test_loss_bottom_decile': 9.395147, 'test_loss_top_decile': 504.113978, 'test_loss_min': 4.159368, 'test_loss_max': 504.113978, 'test_loss_bottom10%': 4.159368, 'test_loss_top10%': 504.113978, 'test_loss_cos1': 0.48038, 'test_loss_entropy': 1.314912, 'test_f1_std': 0.155878, 'test_f1_bottom_decile': 0.0, 'test_f1_top_decile': 0.493671, 'test_f1_min': 0.0, 'test_f1_max': 0.493671, 'test_f1_bottom10%': 0.0, 'test_f1_top10%': 0.493671, 'test_f1_cos1': 0.492696, 'test_f1_entropy': 0.986998, 'test_acc_std': 0.313804, 'test_acc_bottom_decile': 0.0, 'test_acc_top_decile': 0.975, 'test_acc_min': 0.0, 'test_acc_max': 0.975, 'test_acc_bottom10%': 0.0, 'test_acc_top10%': 0.975, 'test_acc_cos1': 0.499293, 'test_acc_entropy': 1.000219}}
2023-03-04 18:21:29,007 (monitor:541) INFO: {'Role': 'Server #', 'Round': 4, 'Results_model_metric': {}}
2023-03-04 18:21:29,008 (server:330) INFO: Server: Starting evaluation at the end of round 4.
2023-03-04 18:21:29,009 (server:336) INFO: ----------- Starting a new training round (Round #5) -------------
2023-03-04 18:21:29,888 (context:294) WARNING: No val_data or val_loader in the trainer, will skip evaluation.If this is not the case you want, please check whether there is typo for the name
2023-03-04 18:21:29,909 (context:294) WARNING: No val_data or val_loader in the trainer, will skip evaluation.If this is not the case you want, please check whether there is typo for the name
2023-03-04 18:21:30,098 (context:294) WARNING: No val_data or val_loader in the trainer, will skip evaluation.If this is not the case you want, please check whether there is typo for the name
2023-03-04 18:21:30,133 (context:294) WARNING: No val_data or val_loader in the trainer, will skip evaluation.If this is not the case you want, please check whether there is typo for the name
2023-03-04 18:21:30,167 (context:294) WARNING: No val_data or val_loader in the trainer, will skip evaluation.If this is not the case you want, please check whether there is typo for the name
2023-03-04 18:21:30,272 (context:294) WARNING: No val_data or val_loader in the trainer, will skip evaluation.If this is not the case you want, please check whether there is typo for the name
2023-03-04 18:21:30,320 (context:294) WARNING: No val_data or val_loader in the trainer, will skip evaluation.If this is not the case you want, please check whether there is typo for the name
2023-03-04 18:21:30,356 (context:294) WARNING: No val_data or val_loader in the trainer, will skip evaluation.If this is not the case you want, please check whether there is typo for the name
2023-03-04 18:21:30,484 (context:294) WARNING: No val_data or val_loader in the trainer, will skip evaluation.If this is not the case you want, please check whether there is typo for the name
2023-03-04 18:21:30,810 (context:294) WARNING: No val_data or val_loader in the trainer, will skip evaluation.If this is not the case you want, please check whether there is typo for the name
2023-03-04 18:21:31,163 (client:306) INFO: {'Role': 'Client #2', 'Round': 5, 'Results_raw': {'train_avg_loss': 0.007826, 'train_correct': 44.0, 'train_loss': 0.344361, 'train_f1': 1.0, 'train_total': 44, 'train_acc': 1.0}}
2023-03-04 18:21:31,550 (client:306) INFO: {'Role': 'Client #10', 'Round': 5, 'Results_raw': {'train_avg_loss': 0.402933, 'train_correct': 41.0, 'train_loss': 18.534928, 'train_f1': 0.534459, 'train_total': 46, 'train_acc': 0.891304}}
2023-03-04 18:21:33,260 (client:306) INFO: {'Role': 'Client #8', 'Round': 5, 'Results_raw': {'train_avg_loss': 0.215844, 'train_correct': 208.0, 'train_loss': 48.348958, 'train_f1': 0.714195, 'train_total': 224, 'train_acc': 0.928571}}
2023-03-04 18:21:33,605 (client:306) INFO: {'Role': 'Client #7', 'Round': 5, 'Results_raw': {'train_avg_loss': 0.007301, 'train_correct': 44.0, 'train_loss': 0.321249, 'train_f1': 1.0, 'train_total': 44, 'train_acc': 1.0}}
2023-03-04 18:21:34,199 (client:306) INFO: {'Role': 'Client #1', 'Round': 5, 'Results_raw': {'train_avg_loss': 0.084002, 'train_correct': 73.0, 'train_loss': 6.216117, 'train_f1': 0.496599, 'train_total': 74, 'train_acc': 0.986486}}
2023-03-04 18:21:36,425 (client:306) INFO: {'Role': 'Client #4', 'Round': 5, 'Results_raw': {'train_avg_loss': 0.022207, 'train_correct': 278.0, 'train_loss': 6.1957, 'train_f1': 0.499102, 'train_total': 279, 'train_acc': 0.996416}}
2023-03-04 18:21:36,450 (client:306) INFO: {'Role': 'Client #3', 'Round': 5, 'Results_raw': {'train_avg_loss': 0.119967, 'train_correct': 1.0, 'train_loss': 0.119967, 'train_f1': 1.0, 'train_total': 1, 'train_acc': 1.0}}
2023-03-04 18:21:36,657 (client:306) INFO: {'Role': 'Client #5', 'Round': 5, 'Results_raw': {'train_avg_loss': 0.011995, 'train_correct': 24.0, 'train_loss': 0.287891, 'train_f1': 1.0, 'train_total': 24, 'train_acc': 1.0}}
2023-03-04 18:21:36,690 (client:306) INFO: {'Role': 'Client #6', 'Round': 5, 'Results_raw': {'train_avg_loss': 0.060746, 'train_correct': 2.0, 'train_loss': 0.121492, 'train_f1': 1.0, 'train_total': 2, 'train_acc': 1.0}}
2023-03-04 18:21:37,788 (client:306) INFO: {'Role': 'Client #9', 'Round': 5, 'Results_raw': {'train_avg_loss': 0.001927, 'train_correct': 139.0, 'train_loss': 0.26791, 'train_f1': 1.0, 'train_total': 139, 'train_acc': 1.0}}
2023-03-04 18:21:37,790 (server:590) INFO: {'Role': 'Server #', 'Round': 4, 'Results_weighted_avg': {'test_avg_loss': 3.827717, 'test_correct': 4.7, 'test_loss': 313.57996, 'test_f1': 0.109455, 'test_total': 22.0, 'test_acc': 0.213636}, 'Results_avg': {'test_avg_loss': 4.665131, 'test_correct': 4.7, 'test_loss': 84.209763, 'test_f1': 0.127145, 'test_total': 22.0, 'test_acc': 0.214167}, 'Results_fairness': {'test_correct': 4.7, 'test_total': 22.0, 'test_avg_loss_std': 2.447954, 'test_avg_loss_bottom_decile': 3.133808, 'test_avg_loss_top_decile': 9.269958, 'test_avg_loss_min': 0.239477, 'test_avg_loss_max': 9.269958, 'test_avg_loss_bottom10%': 0.239477, 'test_avg_loss_top10%': 9.269958, 'test_avg_loss_cos1': 0.885495, 'test_avg_loss_entropy': 2.147515, 'test_loss_std': 157.283429, 'test_loss_bottom_decile': 9.401424, 'test_loss_top_decile': 548.892742, 'test_loss_min': 4.158827, 'test_loss_max': 548.892742, 'test_loss_bottom10%': 4.158827, 'test_loss_top10%': 548.892742, 'test_loss_cos1': 0.472007, 'test_loss_entropy': 1.284206, 'test_f1_std': 0.20978, 'test_f1_bottom_decile': 0.0, 'test_f1_top_decile': 0.555556, 'test_f1_min': 0.0, 'test_f1_max': 0.555556, 'test_f1_bottom10%': 0.0, 'test_f1_top10%': 0.555556, 'test_f1_cos1': 0.518318, 'test_f1_entropy': 1.033947, 'test_acc_std': 0.344441, 'test_acc_bottom_decile': 0.0, 'test_acc_top_decile': 0.975, 'test_acc_min': 0.0, 'test_acc_max': 0.975, 'test_acc_bottom10%': 0.0, 'test_acc_top10%': 0.975, 'test_acc_cos1': 0.528031, 'test_acc_entropy': 1.061149}}
2023-03-04 18:21:37,792 (monitor:541) INFO: {'Role': 'Server #', 'Round': 5, 'Results_model_metric': {}}
2023-03-04 18:21:37,793 (server:330) INFO: Server: Starting evaluation at the end of round 5.
2023-03-04 18:21:37,794 (server:336) INFO: ----------- Starting a new training round (Round #6) -------------
2023-03-04 18:21:38,663 (context:294) WARNING: No val_data or val_loader in the trainer, will skip evaluation.If this is not the case you want, please check whether there is typo for the name
2023-03-04 18:21:38,683 (context:294) WARNING: No val_data or val_loader in the trainer, will skip evaluation.If this is not the case you want, please check whether there is typo for the name
2023-03-04 18:21:38,863 (context:294) WARNING: No val_data or val_loader in the trainer, will skip evaluation.If this is not the case you want, please check whether there is typo for the name
2023-03-04 18:21:38,898 (context:294) WARNING: No val_data or val_loader in the trainer, will skip evaluation.If this is not the case you want, please check whether there is typo for the name
2023-03-04 18:21:38,929 (context:294) WARNING: No val_data or val_loader in the trainer, will skip evaluation.If this is not the case you want, please check whether there is typo for the name
2023-03-04 18:21:39,034 (context:294) WARNING: No val_data or val_loader in the trainer, will skip evaluation.If this is not the case you want, please check whether there is typo for the name
2023-03-04 18:21:39,077 (context:294) WARNING: No val_data or val_loader in the trainer, will skip evaluation.If this is not the case you want, please check whether there is typo for the name
2023-03-04 18:21:39,111 (context:294) WARNING: No val_data or val_loader in the trainer, will skip evaluation.If this is not the case you want, please check whether there is typo for the name
2023-03-04 18:21:39,239 (context:294) WARNING: No val_data or val_loader in the trainer, will skip evaluation.If this is not the case you want, please check whether there is typo for the name
2023-03-04 18:21:39,556 (context:294) WARNING: No val_data or val_loader in the trainer, will skip evaluation.If this is not the case you want, please check whether there is typo for the name
2023-03-04 18:21:39,558 (client:285) INFO: [Local/Global mode] Client #3 has been early stopped, we will skip the local training
2023-03-04 18:21:41,795 (client:306) INFO: {'Role': 'Client #4', 'Round': 6, 'Results_raw': {'train_avg_loss': 0.018434, 'train_correct': 278.0, 'train_loss': 5.142992, 'train_f1': 0.499102, 'train_total': 279, 'train_acc': 0.996416}}
2023-03-04 18:21:42,171 (client:306) INFO: {'Role': 'Client #10', 'Round': 6, 'Results_raw': {'train_avg_loss': 0.361084, 'train_correct': 42.0, 'train_loss': 16.609842, 'train_f1': 0.57265, 'train_total': 46, 'train_acc': 0.913043}}
2023-03-04 18:21:42,173 (client:285) INFO: [Local/Global mode] Client #5 has been early stopped, we will skip the local training
2023-03-04 18:21:42,175 (client:285) INFO: [Local/Global mode] Client #8 has been early stopped, we will skip the local training
2023-03-04 18:21:42,177 (client:285) INFO: [Local/Global mode] Client #9 has been early stopped, we will skip the local training
2023-03-04 18:21:42,179 (client:285) INFO: [Local/Global mode] Client #2 has been early stopped, we will skip the local training
2023-03-04 18:21:42,181 (client:285) INFO: [Local/Global mode] Client #1 has been early stopped, we will skip the local training
2023-03-04 18:21:42,214 (client:306) INFO: {'Role': 'Client #6', 'Round': 6, 'Results_raw': {'train_avg_loss': 0.040224, 'train_correct': 2.0, 'train_loss': 0.080449, 'train_f1': 1.0, 'train_total': 2, 'train_acc': 1.0}}
2023-03-04 18:21:42,216 (client:285) INFO: [Local/Global mode] Client #7 has been early stopped, we will skip the local training
2023-03-04 18:21:42,218 (server:590) INFO: {'Role': 'Server #', 'Round': 5, 'Results_weighted_avg': {'test_avg_loss': 4.252766, 'test_correct': 4.7, 'test_loss': 361.257593, 'test_f1': 0.109455, 'test_total': 22.0, 'test_acc': 0.213636}, 'Results_avg': {'test_avg_loss': 4.822026, 'test_correct': 4.7, 'test_loss': 93.560861, 'test_f1': 0.127145, 'test_total': 22.0, 'test_acc': 0.214167}, 'Results_fairness': {'test_correct': 4.7, 'test_total': 22.0, 'test_avg_loss_std': 2.636769, 'test_avg_loss_bottom_decile': 2.845772, 'test_avg_loss_top_decile': 9.928434, 'test_avg_loss_min': 0.239668, 'test_avg_loss_max': 9.928434, 'test_avg_loss_bottom10%': 0.239668, 'test_avg_loss_top10%': 9.928434, 'test_avg_loss_cos1': 0.877392, 'test_avg_loss_entropy': 2.136565, 'test_loss_std': 183.339016, 'test_loss_bottom_decile': 8.537315, 'test_loss_top_decile': 637.045891, 'test_loss_min': 4.167418, 'test_loss_max': 637.045891, 'test_loss_bottom10%': 4.167418, 'test_loss_top10%': 637.045891, 'test_loss_cos1': 0.45455, 'test_loss_entropy': 1.208129, 'test_f1_std': 0.20978, 'test_f1_bottom_decile': 0.0, 'test_f1_top_decile': 0.555556, 'test_f1_min': 0.0, 'test_f1_max': 0.555556, 'test_f1_bottom10%': 0.0, 'test_f1_top10%': 0.555556, 'test_f1_cos1': 0.518318, 'test_f1_entropy': 1.033947, 'test_acc_std': 0.344441, 'test_acc_bottom_decile': 0.0, 'test_acc_top_decile': 0.975, 'test_acc_min': 0.0, 'test_acc_max': 0.975, 'test_acc_bottom10%': 0.0, 'test_acc_top10%': 0.975, 'test_acc_cos1': 0.528031, 'test_acc_entropy': 1.061149}}
2023-03-04 18:21:42,220 (monitor:541) INFO: {'Role': 'Server #', 'Round': 6, 'Results_model_metric': {}}
2023-03-04 18:21:42,221 (server:330) INFO: Server: Starting evaluation at the end of round 6.
2023-03-04 18:21:42,221 (server:336) INFO: ----------- Starting a new training round (Round #7) -------------
2023-03-04 18:21:42,260 (context:294) WARNING: No val_data or val_loader in the trainer, will skip evaluation.If this is not the case you want, please check whether there is typo for the name
2023-03-04 18:21:42,364 (context:294) WARNING: No val_data or val_loader in the trainer, will skip evaluation.If this is not the case you want, please check whether there is typo for the name
2023-03-04 18:21:42,684 (context:294) WARNING: No val_data or val_loader in the trainer, will skip evaluation.If this is not the case you want, please check whether there is typo for the name
2023-03-04 18:21:42,686 (client:285) INFO: [Local/Global mode] Client #9 has been early stopped, we will skip the local training
2023-03-04 18:21:42,719 (client:306) INFO: {'Role': 'Client #6', 'Round': 7, 'Results_raw': {'train_avg_loss': 0.020949, 'train_correct': 2.0, 'train_loss': 0.041897, 'train_f1': 1.0, 'train_total': 2, 'train_acc': 1.0}}
2023-03-04 18:21:42,721 (client:285) INFO: [Local/Global mode] Client #1 has been early stopped, we will skip the local training
2023-03-04 18:21:42,723 (client:285) INFO: [Local/Global mode] Client #5 has been early stopped, we will skip the local training
2023-03-04 18:21:42,725 (client:285) INFO: [Local/Global mode] Client #8 has been early stopped, we will skip the local training
2023-03-04 18:21:42,727 (client:285) INFO: [Local/Global mode] Client #3 has been early stopped, we will skip the local training
2023-03-04 18:21:42,729 (client:285) INFO: [Local/Global mode] Client #2 has been early stopped, we will skip the local training
2023-03-04 18:21:43,105 (client:306) INFO: {'Role': 'Client #10', 'Round': 7, 'Results_raw': {'train_avg_loss': 0.494728, 'train_correct': 40.0, 'train_loss': 22.757496, 'train_f1': 0.512821, 'train_total': 46, 'train_acc': 0.869565}}
2023-03-04 18:21:43,107 (client:285) INFO: [Local/Global mode] Client #7 has been early stopped, we will skip the local training
2023-03-04 18:21:43,109 (client:285) INFO: [Local/Global mode] Client #4 has been early stopped, we will skip the local training
2023-03-04 18:21:43,111 (server:590) INFO: {'Role': 'Server #', 'Round': 6, 'Results_weighted_avg': {'test_loss': 278.567031, 'test_avg_loss': 3.374827, 'test_correct': 4.7, 'test_f1': 0.109455, 'test_total': 22.0, 'test_acc': 0.213636}, 'Results_avg': {'test_loss': 74.246197, 'test_avg_loss': 3.553108, 'test_correct': 4.7, 'test_f1': 0.127145, 'test_total': 22.0, 'test_acc': 0.214167}, 'Results_fairness': {'test_correct': 4.7, 'test_total': 22.0, 'test_loss_std': 139.790254, 'test_loss_bottom_decile': 7.522753, 'test_loss_top_decile': 485.447663, 'test_loss_min': 4.148358, 'test_loss_max': 485.447663, 'test_loss_bottom10%': 4.148358, 'test_loss_top10%': 485.447663, 'test_loss_cos1': 0.46907, 'test_loss_entropy': 1.24819, 'test_avg_loss_std': 1.208601, 'test_avg_loss_bottom_decile': 2.507584, 'test_avg_loss_top_decile': 4.164825, 'test_avg_loss_min': 0.233887, 'test_avg_loss_max': 4.164825, 'test_avg_loss_bottom10%': 0.233887, 'test_avg_loss_top10%': 4.164825, 'test_avg_loss_cos1': 0.946729, 'test_avg_loss_entropy': 2.212859, 'test_f1_std': 0.20978, 'test_f1_bottom_decile': 0.0, 'test_f1_top_decile': 0.555556, 'test_f1_min': 0.0, 'test_f1_max': 0.555556, 'test_f1_bottom10%': 0.0, 'test_f1_top10%': 0.555556, 'test_f1_cos1': 0.518318, 'test_f1_entropy': 1.033947, 'test_acc_std': 0.344441, 'test_acc_bottom_decile': 0.0, 'test_acc_top_decile': 0.975, 'test_acc_min': 0.0, 'test_acc_max': 0.975, 'test_acc_bottom10%': 0.0, 'test_acc_top10%': 0.975, 'test_acc_cos1': 0.528031, 'test_acc_entropy': 1.061149}}
2023-03-04 18:21:43,113 (monitor:541) INFO: {'Role': 'Server #', 'Round': 7, 'Results_model_metric': {}}
2023-03-04 18:21:43,114 (server:330) INFO: Server: Starting evaluation at the end of round 7.
2023-03-04 18:21:43,115 (server:336) INFO: ----------- Starting a new training round (Round #8) -------------
2023-03-04 18:21:43,155 (context:294) WARNING: No val_data or val_loader in the trainer, will skip evaluation.If this is not the case you want, please check whether there is typo for the name
2023-03-04 18:21:43,260 (context:294) WARNING: No val_data or val_loader in the trainer, will skip evaluation.If this is not the case you want, please check whether there is typo for the name
2023-03-04 18:21:43,268 (client:285) INFO: [Local/Global mode] Client #1 has been early stopped, we will skip the local training
2023-03-04 18:21:43,270 (client:285) INFO: [Local/Global mode] Client #3 has been early stopped, we will skip the local training
2023-03-04 18:21:43,646 (client:306) INFO: {'Role': 'Client #10', 'Round': 8, 'Results_raw': {'train_avg_loss': 0.309675, 'train_correct': 42.0, 'train_loss': 14.245044, 'train_f1': 0.57265, 'train_total': 46, 'train_acc': 0.913043}}
2023-03-04 18:21:43,648 (client:285) INFO: [Local/Global mode] Client #9 has been early stopped, we will skip the local training
2023-03-04 18:21:43,650 (client:285) INFO: [Local/Global mode] Client #8 has been early stopped, we will skip the local training
2023-03-04 18:21:43,652 (client:285) INFO: [Local/Global mode] Client #2 has been early stopped, we will skip the local training
2023-03-04 18:21:43,654 (client:285) INFO: [Local/Global mode] Client #7 has been early stopped, we will skip the local training
2023-03-04 18:21:43,656 (client:285) INFO: [Local/Global mode] Client #5 has been early stopped, we will skip the local training
2023-03-04 18:21:43,688 (client:306) INFO: {'Role': 'Client #6', 'Round': 8, 'Results_raw': {'train_avg_loss': 0.020324, 'train_correct': 2.0, 'train_loss': 0.040648, 'train_f1': 1.0, 'train_total': 2, 'train_acc': 1.0}}
2023-03-04 18:21:43,690 (client:285) INFO: [Local/Global mode] Client #4 has been early stopped, we will skip the local training
2023-03-04 18:21:43,692 (server:590) INFO: {'Role': 'Server #', 'Round': 7, 'Results_weighted_avg': {'test_loss': 278.356856, 'test_avg_loss': 3.363426, 'test_correct': 4.6, 'test_f1': 0.104152, 'test_total': 22.0, 'test_acc': 0.209091}, 'Results_avg': {'test_loss': 73.995377, 'test_avg_loss': 3.512702, 'test_correct': 4.6, 'test_f1': 0.088256, 'test_total': 22.0, 'test_acc': 0.180833}, 'Results_fairness': {'test_correct': 4.6, 'test_total': 22.0, 'test_loss_std': 139.892376, 'test_loss_bottom_decile': 6.533938, 'test_loss_top_decile': 485.447663, 'test_loss_min': 4.148358, 'test_loss_max': 485.447663, 'test_loss_bottom10%': 4.148358, 'test_loss_top10%': 485.447663, 'test_loss_cos1': 0.467565, 'test_loss_entropy': 1.238486, 'test_avg_loss_std': 1.245646, 'test_avg_loss_bottom_decile': 2.177979, 'test_avg_loss_top_decile': 4.164825, 'test_avg_loss_min': 0.211531, 'test_avg_loss_max': 4.164825, 'test_avg_loss_bottom10%': 0.211531, 'test_avg_loss_top10%': 4.164825, 'test_avg_loss_cos1': 0.942495, 'test_avg_loss_entropy': 2.206297, 'test_f1_std': 0.155878, 'test_f1_bottom_decile': 0.0, 'test_f1_top_decile': 0.493671, 'test_f1_min': 0.0, 'test_f1_max': 0.493671, 'test_f1_bottom10%': 0.0, 'test_f1_top10%': 0.493671, 'test_f1_cos1': 0.492696, 'test_f1_entropy': 0.986998, 'test_acc_std': 0.313804, 'test_acc_bottom_decile': 0.0, 'test_acc_top_decile': 0.975, 'test_acc_min': 0.0, 'test_acc_max': 0.975, 'test_acc_bottom10%': 0.0, 'test_acc_top10%': 0.975, 'test_acc_cos1': 0.499293, 'test_acc_entropy': 1.000219}}
2023-03-04 18:21:43,694 (monitor:541) INFO: {'Role': 'Server #', 'Round': 8, 'Results_model_metric': {}}
2023-03-04 18:21:43,695 (server:330) INFO: Server: Starting evaluation at the end of round 8.
2023-03-04 18:21:43,695 (server:336) INFO: ----------- Starting a new training round (Round #9) -------------
2023-03-04 18:21:43,735 (context:294) WARNING: No val_data or val_loader in the trainer, will skip evaluation.If this is not the case you want, please check whether there is typo for the name
2023-03-04 18:21:43,839 (context:294) WARNING: No val_data or val_loader in the trainer, will skip evaluation.If this is not the case you want, please check whether there is typo for the name
2023-03-04 18:21:43,847 (client:285) INFO: [Local/Global mode] Client #9 has been early stopped, we will skip the local training
2023-03-04 18:21:43,881 (client:306) INFO: {'Role': 'Client #6', 'Round': 9, 'Results_raw': {'train_avg_loss': 0.01324, 'train_correct': 2.0, 'train_loss': 0.026481, 'train_f1': 1.0, 'train_total': 2, 'train_acc': 1.0}}
2023-03-04 18:21:43,883 (client:285) INFO: [Local/Global mode] Client #3 has been early stopped, we will skip the local training
2023-03-04 18:21:43,885 (client:285) INFO: [Local/Global mode] Client #7 has been early stopped, we will skip the local training
2023-03-04 18:21:44,260 (client:306) INFO: {'Role': 'Client #10', 'Round': 9, 'Results_raw': {'train_avg_loss': 0.354581, 'train_correct': 40.0, 'train_loss': 16.310732, 'train_f1': 0.490152, 'train_total': 46, 'train_acc': 0.869565}}
2023-03-04 18:21:44,263 (client:285) INFO: [Local/Global mode] Client #2 has been early stopped, we will skip the local training
2023-03-04 18:21:44,265 (client:285) INFO: [Local/Global mode] Client #8 has been early stopped, we will skip the local training
2023-03-04 18:21:44,267 (client:285) INFO: [Local/Global mode] Client #4 has been early stopped, we will skip the local training
2023-03-04 18:21:44,269 (client:285) INFO: [Local/Global mode] Client #1 has been early stopped, we will skip the local training
2023-03-04 18:21:44,271 (client:285) INFO: [Local/Global mode] Client #5 has been early stopped, we will skip the local training
2023-03-04 18:21:44,273 (server:590) INFO: {'Role': 'Server #', 'Round': 8, 'Results_weighted_avg': {'test_loss': 278.30957, 'test_avg_loss': 3.35741, 'test_correct': 4.6, 'test_f1': 0.104152, 'test_total': 22.0, 'test_acc': 0.209091}, 'Results_avg': {'test_loss': 73.863022, 'test_avg_loss': 3.486452, 'test_correct': 4.6, 'test_f1': 0.088256, 'test_total': 22.0, 'test_acc': 0.180833}, 'Results_fairness': {'test_correct': 4.6, 'test_total': 22.0, 'test_loss_std': 139.936911, 'test_loss_bottom_decile': 5.925087, 'test_loss_top_decile': 485.447663, 'test_loss_min': 4.148358, 'test_loss_max': 485.447663, 'test_loss_bottom10%': 4.148358, 'test_loss_top10%': 485.447663, 'test_loss_cos1': 0.466795, 'test_loss_entropy': 1.234047, 'test_avg_loss_std': 1.267672, 'test_avg_loss_bottom_decile': 1.975029, 'test_avg_loss_top_decile': 4.164825, 'test_avg_loss_min': 0.211531, 'test_avg_loss_max': 4.164825, 'test_avg_loss_bottom10%': 0.211531, 'test_avg_loss_top10%': 4.164825, 'test_avg_loss_cos1': 0.939805, 'test_avg_loss_entropy': 2.202627, 'test_f1_std': 0.155878, 'test_f1_bottom_decile': 0.0, 'test_f1_top_decile': 0.493671, 'test_f1_min': 0.0, 'test_f1_max': 0.493671, 'test_f1_bottom10%': 0.0, 'test_f1_top10%': 0.493671, 'test_f1_cos1': 0.492696, 'test_f1_entropy': 0.986998, 'test_acc_std': 0.313804, 'test_acc_bottom_decile': 0.0, 'test_acc_top_decile': 0.975, 'test_acc_min': 0.0, 'test_acc_max': 0.975, 'test_acc_bottom10%': 0.0, 'test_acc_top10%': 0.975, 'test_acc_cos1': 0.499293, 'test_acc_entropy': 1.000219}}
2023-03-04 18:21:44,274 (monitor:541) INFO: {'Role': 'Server #', 'Round': 9, 'Results_model_metric': {}}
2023-03-04 18:21:44,276 (server:347) INFO: Server: Training is finished! Starting evaluation.
2023-03-04 18:21:44,316 (context:294) WARNING: No val_data or val_loader in the trainer, will skip evaluation.If this is not the case you want, please check whether there is typo for the name
2023-03-04 18:21:44,419 (context:294) WARNING: No val_data or val_loader in the trainer, will skip evaluation.If this is not the case you want, please check whether there is typo for the name
2023-03-04 18:21:44,427 (server:590) INFO: {'Role': 'Server #', 'Round': 9, 'Results_weighted_avg': {'test_loss': 278.264097, 'test_avg_loss': 3.35134, 'test_correct': 4.7, 'test_f1': 0.109455, 'test_total': 22.0, 'test_acc': 0.213636}, 'Results_avg': {'test_loss': 73.729476, 'test_avg_loss': 3.458596, 'test_correct': 4.7, 'test_f1': 0.127145, 'test_total': 22.0, 'test_acc': 0.214167}, 'Results_fairness': {'test_correct': 4.7, 'test_total': 22.0, 'test_loss_std': 139.983833, 'test_loss_bottom_decile': 5.256038, 'test_loss_top_decile': 485.447663, 'test_loss_min': 4.148358, 'test_loss_max': 485.447663, 'test_loss_bottom10%': 4.148358, 'test_loss_top10%': 485.447663, 'test_loss_cos1': 0.466013, 'test_loss_entropy': 1.229297, 'test_avg_loss_std': 1.294934, 'test_avg_loss_bottom_decile': 1.752013, 'test_avg_loss_top_decile': 4.164825, 'test_avg_loss_min': 0.211531, 'test_avg_loss_max': 4.164825, 'test_avg_loss_bottom10%': 0.211531, 'test_avg_loss_top10%': 4.164825, 'test_avg_loss_cos1': 0.936511, 'test_avg_loss_entropy': 2.197882, 'test_f1_std': 0.20978, 'test_f1_bottom_decile': 0.0, 'test_f1_top_decile': 0.555556, 'test_f1_min': 0.0, 'test_f1_max': 0.555556, 'test_f1_bottom10%': 0.0, 'test_f1_top10%': 0.555556, 'test_f1_cos1': 0.518318, 'test_f1_entropy': 1.033947, 'test_acc_std': 0.344441, 'test_acc_bottom_decile': 0.0, 'test_acc_top_decile': 0.975, 'test_acc_min': 0.0, 'test_acc_max': 0.975, 'test_acc_bottom10%': 0.0, 'test_acc_top10%': 0.975, 'test_acc_cos1': 0.528031, 'test_acc_entropy': 1.061149}}
2023-03-04 18:21:44,428 (server:395) INFO: Server: Final evaluation is finished! Starting merging results.
2023-03-04 18:21:44,429 (server:521) INFO: {'Role': 'Server #', 'Round': 'Final', 'Results_raw': {'client_best_individual': {'test_loss': 4.148358, 'test_avg_loss': 1.635839, 'test_correct': 39.0, 'test_f1': 0.493671, 'test_total': 1.0, 'test_acc': 0.975}, 'client_summarized_weighted_avg': {'test_loss': 278.264097, 'test_avg_loss': 3.35134, 'test_correct': 4.7, 'test_f1': 0.109455, 'test_total': 22.0, 'test_acc': 0.213636}, 'client_summarized_avg': {'test_loss': 73.729476, 'test_avg_loss': 3.458596, 'test_correct': 4.7, 'test_f1': 0.127145, 'test_total': 22.0, 'test_acc': 0.214167}, 'client_summarized_fairness': {'test_loss_entropy': 1.208129, 'test_loss_cos1': 0.45455, 'test_loss_top10%': 637.045891, 'test_loss_bottom10%': 4.167418, 'test_loss_max': 637.045891, 'test_loss_min': 4.167418, 'test_loss_top_decile': 637.045891, 'test_loss_bottom_decile': 8.537315, 'test_loss_std': 183.339016, 'test_correct': 4.7, 'test_total': 22.0, 'test_avg_loss_std': 2.636769, 'test_avg_loss_bottom_decile': 2.845772, 'test_avg_loss_top_decile': 9.928434, 'test_avg_loss_min': 0.239668, 'test_avg_loss_max': 9.928434, 'test_avg_loss_bottom10%': 0.239668, 'test_avg_loss_top10%': 9.928434, 'test_avg_loss_cos1': 0.877392, 'test_avg_loss_entropy': 2.136565, 'test_f1_std': 0.20978, 'test_f1_bottom_decile': 0.0, 'test_f1_top_decile': 0.555556, 'test_f1_min': 0.0, 'test_f1_max': 0.555556, 'test_f1_bottom10%': 0.0, 'test_f1_top10%': 0.555556, 'test_f1_cos1': 0.518318, 'test_f1_entropy': 1.033947, 'test_acc_std': 0.344441, 'test_acc_bottom_decile': 0.0, 'test_acc_top_decile': 0.975, 'test_acc_min': 0.0, 'test_acc_max': 0.975, 'test_acc_bottom10%': 0.0, 'test_acc_top10%': 0.975, 'test_acc_cos1': 0.528031, 'test_acc_entropy': 1.061149}}}
2023-03-04 18:21:44,430 (server:540) INFO: {'Role': 'Client #1', 'Round': 10, 'Results_raw': {'test_loss': 485.447663, 'test_avg_loss': 4.113963, 'test_correct': 0.0, 'test_f1': 0.0, 'test_total': 118, 'test_acc': 0.0}}
2023-03-04 18:21:44,430 (server:540) INFO: {'Role': 'Client #7', 'Round': 10, 'Results_raw': {'test_loss': 91.107856, 'test_avg_loss': 4.141266, 'test_correct': 0.0, 'test_f1': 0.0, 'test_total': 22, 'test_acc': 0.0}}
2023-03-04 18:21:44,430 (server:540) INFO: {'Role': 'Client #8', 'Round': 10, 'Results_raw': {'test_loss': 16.6593, 'test_avg_loss': 4.164825, 'test_correct': 0.0, 'test_f1': 0.0, 'test_total': 4, 'test_acc': 0.0}}
2023-03-04 18:21:44,431 (server:540) INFO: {'Role': 'Client #4', 'Round': 10, 'Results_raw': {'test_loss': 8.461233, 'test_avg_loss': 0.211531, 'test_correct': 39.0, 'test_f1': 0.493671, 'test_total': 40, 'test_acc': 0.975}}
2023-03-04 18:21:44,431 (server:540) INFO: {'Role': 'Client #2', 'Round': 10, 'Results_raw': {'test_loss': 62.08663, 'test_avg_loss': 4.139109, 'test_correct': 0.0, 'test_f1': 0.0, 'test_total': 15, 'test_acc': 0.0}}
2023-03-04 18:21:44,431 (server:540) INFO: {'Role': 'Client #6', 'Round': 10, 'Results_raw': {'test_avg_loss': 3.616142, 'test_correct': 6.0, 'test_loss': 43.393704, 'test_f1': 0.222222, 'test_total': 12, 'test_acc': 0.5}}
2023-03-04 18:21:44,432 (server:540) INFO: {'Role': 'Client #5', 'Round': 10, 'Results_raw': {'test_loss': 12.409371, 'test_avg_loss': 4.136457, 'test_correct': 0.0, 'test_f1': 0.0, 'test_total': 3, 'test_acc': 0.0}}
2023-03-04 18:21:44,432 (server:540) INFO: {'Role': 'Client #9', 'Round': 10, 'Results_raw': {'test_loss': 8.324602, 'test_avg_loss': 4.162301, 'test_correct': 0.0, 'test_f1': 0.0, 'test_total': 2, 'test_acc': 0.0}}
2023-03-04 18:21:44,432 (server:540) INFO: {'Role': 'Client #3', 'Round': 10, 'Results_raw': {'test_loss': 4.148358, 'test_avg_loss': 4.148358, 'test_correct': 0.0, 'test_f1': 0.0, 'test_total': 1, 'test_acc': 0.0}}
2023-03-04 18:21:44,432 (server:540) INFO: {'Role': 'Client #10', 'Round': 10, 'Results_raw': {'test_avg_loss': 1.752013, 'test_correct': 2.0, 'test_loss': 5.256038, 'test_f1': 0.555556, 'test_total': 3, 'test_acc': 0.666667}}
2023-03-04 18:21:44,433 (monitor:172) INFO: In worker #0, the system-related metrics are: {'id': 0, 'fl_end_time_minutes': 1.034968, 'total_model_size': 0, 'total_flops': 0, 'total_upload_bytes': 12800, 'total_download_bytes': 106192, 'global_convergence_round': 0, 'local_convergence_round': 0, 'global_convergence_time_minutes': 0, 'local_convergence_time_minutes': 0}
2023-03-04 18:21:44,434 (client:513) INFO: ================= client 1 received finish message =================
2023-03-04 18:21:44,435 (monitor:172) INFO: In worker #1, the system-related metrics are: {'id': 1, 'fl_end_time_minutes': 1.032796, 'total_model_size': 3260030, 'total_flops': 117854592768.0, 'total_upload_bytes': 10704, 'total_download_bytes': 1280, 'global_convergence_round': 0, 'local_convergence_round': 9, 'global_convergence_time_minutes': 0, 'local_convergence_time_minutes': 1.030016}
2023-03-04 18:21:44,436 (client:513) INFO: ================= client 3 received finish message =================
2023-03-04 18:21:44,437 (monitor:172) INFO: In worker #3, the system-related metrics are: {'id': 3, 'fl_end_time_minutes': 1.029905, 'total_model_size': 3260030, 'total_flops': 1592629632.0, 'total_upload_bytes': 10704, 'total_download_bytes': 1280, 'global_convergence_round': 0, 'local_convergence_round': 9, 'global_convergence_time_minutes': 0, 'local_convergence_time_minutes': 1.020671}
2023-03-04 18:21:44,438 (client:513) INFO: ================= client 7 received finish message =================
2023-03-04 18:21:44,439 (monitor:172) INFO: In worker #7, the system-related metrics are: {'id': 7, 'fl_end_time_minutes': 1.022336, 'total_model_size': 3260030, 'total_flops': 70075703808.0, 'total_upload_bytes': 10704, 'total_download_bytes': 1280, 'global_convergence_round': 0, 'local_convergence_round': 9, 'global_convergence_time_minutes': 0, 'local_convergence_time_minutes': 1.013103}
2023-03-04 18:21:44,439 (client:513) INFO: ================= client 10 received finish message =================
2023-03-04 18:21:44,441 (monitor:172) INFO: In worker #10, the system-related metrics are: {'id': 10, 'fl_end_time_minutes': 1.019877, 'total_model_size': 3260030, 'total_flops': 122101605120.0, 'total_upload_bytes': 10736, 'total_download_bytes': 1280, 'global_convergence_round': 0, 'local_convergence_round': 0, 'global_convergence_time_minutes': 0, 'local_convergence_time_minutes': 0}
2023-03-04 18:21:44,441 (client:513) INFO: ================= client 9 received finish message =================
2023-03-04 18:21:44,443 (monitor:172) INFO: In worker #9, the system-related metrics are: {'id': 9, 'fl_end_time_minutes': 1.020756, 'total_model_size': 3260030, 'total_flops': 221375518848.0, 'total_upload_bytes': 10704, 'total_download_bytes': 1280, 'global_convergence_round': 0, 'local_convergence_round': 9, 'global_convergence_time_minutes': 0, 'local_convergence_time_minutes': 1.010837}
2023-03-04 18:21:44,443 (client:513) INFO: ================= client 6 received finish message =================
2023-03-04 18:21:44,445 (monitor:172) INFO: In worker #6, the system-related metrics are: {'id': 6, 'fl_end_time_minutes': 1.024842, 'total_model_size': 3260030, 'total_flops': 5308765440.0, 'total_upload_bytes': 10736, 'total_download_bytes': 1280, 'global_convergence_round': 0, 'local_convergence_round': 0, 'global_convergence_time_minutes': 0, 'local_convergence_time_minutes': 0}
2023-03-04 18:21:44,445 (client:513) INFO: ================= client 8 received finish message =================
2023-03-04 18:21:44,446 (monitor:172) INFO: In worker #8, the system-related metrics are: {'id': 8, 'fl_end_time_minutes': 1.021531, 'total_model_size': 3260030, 'total_flops': 356749037568.0, 'total_upload_bytes': 10704, 'total_download_bytes': 1280, 'global_convergence_round': 0, 'local_convergence_round': 9, 'global_convergence_time_minutes': 0, 'local_convergence_time_minutes': 1.018504}
2023-03-04 18:21:44,447 (client:513) INFO: ================= client 5 received finish message =================
2023-03-04 18:21:44,448 (monitor:172) INFO: In worker #5, the system-related metrics are: {'id': 5, 'fl_end_time_minutes': 1.02685, 'total_model_size': 3260030, 'total_flops': 38223111168.0, 'total_upload_bytes': 10704, 'total_download_bytes': 1280, 'global_convergence_round': 0, 'local_convergence_round': 9, 'global_convergence_time_minutes': 0, 'local_convergence_time_minutes': 1.023891}
2023-03-04 18:21:44,448 (client:513) INFO: ================= client 2 received finish message =================
2023-03-04 18:21:44,450 (monitor:172) INFO: In worker #2, the system-related metrics are: {'id': 2, 'fl_end_time_minutes': 1.030674, 'total_model_size': 3260030, 'total_flops': 70075703808.0, 'total_upload_bytes': 10704, 'total_download_bytes': 1280, 'global_convergence_round': 0, 'local_convergence_round': 9, 'global_convergence_time_minutes': 0, 'local_convergence_time_minutes': 1.027554}
2023-03-04 18:21:44,450 (client:513) INFO: ================= client 4 received finish message =================
2023-03-04 18:21:44,452 (monitor:172) INFO: In worker #4, the system-related metrics are: {'id': 4, 'fl_end_time_minutes': 1.0277, 'total_model_size': 3260030, 'total_flops': 518400945216.0, 'total_upload_bytes': 10712, 'total_download_bytes': 1280, 'global_convergence_round': 0, 'local_convergence_round': 9, 'global_convergence_time_minutes': 0, 'local_convergence_time_minutes': 1.024616}
2023-03-04 18:21:44,452 (monitor:337) INFO: We will compress the file eval_results.raw into a .gz file, and delete the old one
2023-03-04 18:21:44,455 (monitor:245) INFO: After merging the system metrics from all works, we got avg: defaultdict(None, {'id': 'sys_avg', 'sys_avg/fl_end_time_minutes': 1.026567, 'sys_avg/total_model_size': '2.83M', 'sys_avg/total_flops': '128.84G', 'sys_avg/total_upload_bytes': '10.65K', 'sys_avg/total_download_bytes': '10.56K', 'sys_avg/global_convergence_round': 0.0, 'sys_avg/local_convergence_round': 6.545455, 'sys_avg/global_convergence_time_minutes': 0.0, 'sys_avg/local_convergence_time_minutes': 0.742654})
2023-03-04 18:21:44,455 (monitor:248) INFO: After merging the system metrics from all works, we got std: defaultdict(None, {'id': 'sys_std', 'sys_std/fl_end_time_minutes': 0.004895, 'sys_std/total_model_size': '915.23K', 'sys_std/total_flops': '147.15G', 'sys_std/total_upload_bytes': '600.61', 'sys_std/total_download_bytes': '29.45K', 'sys_std/global_convergence_round': 0.0, 'sys_std/local_convergence_round': 4.008256, 'sys_std/global_convergence_time_minutes': 0.0, 'sys_std/local_convergence_time_minutes': 0.454812})
