2023-01-29 21:48:04,349 (logging:124) INFO: the current machine is at 192.168.0.1
2023-01-29 21:48:04,349 (logging:126) INFO: the current dir is /home/ubuntu/medscale
2023-01-29 21:48:04,349 (logging:127) INFO: the output dir is exp/FedAvg_convnet2_on_femnist_lr0.5_lstep3
2023-01-29 21:48:15,381 (cfg_fl_setting:150) WARNING: Users specify both valid sample_client_rate as 0.2 and sample_client_num as 1.
		We will use the sample_client_rate value to calculate the actual number of participated clients as 40.
2023-01-29 21:48:22,667 (splitter_builder:79) WARNING: Splitter  not found or not used.
2023-01-29 21:48:22,741 (cfg_fl_setting:150) WARNING: Users specify both valid sample_client_rate as 0.2 and sample_client_num as 40.
		We will use the sample_client_rate value to calculate the actual number of participated clients as 40.
2023-01-29 21:48:22,741 (cfg_fl_setting:150) WARNING: Users specify both valid sample_client_rate as 0.2 and sample_client_num as 40.
		We will use the sample_client_rate value to calculate the actual number of participated clients as 40.
2023-01-29 21:48:22,766 (config:243) INFO: the used configs are: 
aggregator:
  inside_weight: 1.0
  num_agg_groups: 1
  num_agg_topk: []
  outside_weight: 0.0
asyn:
  use: False
attack:
  alpha_TV: 0.001
  alpha_prop_loss: 0
  attack_method: 
  attacker_id: -1
  classifier_PIA: randomforest
  edge_num: 100
  edge_path: edge_data/
  freq: 10
  info_diff_type: l2
  inject_round: 0
  insert_round: 100000
  label_type: dirty
  max_ite: 400
  mean: [0.1307]
  mia_is_simulate_in: False
  mia_simulate_in_round: 20
  pgd_eps: 2
  pgd_lr: 0.1
  pgd_poisoning: False
  poison_ratio: 0.5
  reconstruct_lr: 0.01
  reconstruct_optim: Adam
  scale_para: 1.0
  scale_poisoning: False
  self_epoch: 6
  self_lr: 0.05
  self_opt: False
  setting: fix
  std: [0.3081]
  target_label_ind: -1
  trigger_path: trigger/
  trigger_type: edge
backend: torch
cfg_file: 
check_completeness: False
criterion:
  type: CrossEntropyLoss
data:
  args: []
  batch_size: 64
  cSBM_phi: [0.5, 0.5, 0.5]
  cache_dir: 
  consistent_label_distribution: False
  drop_last: False
  hetero_data_name: []
  hetero_synth_batch_size: 32
  hetero_synth_feat_dim: 128
  hetero_synth_prim_weight: 0.5
  is_debug: False
  loader: 
  max_query_len: 128
  max_seq_len: 384
  max_tgt_len: 128
  num_contrast: 0
  num_of_client_for_data: []
  num_steps: 30
  num_workers: 0
  pre_transform: []
  quadratic:
    dim: 1
    max_curv: 12.5
    min_curv: 0.02
  root: data/
  save_data: False
  server_holds_all: False
  shuffle: True
  sizes: [10, 5]
  splits: [0.6, 0.2, 0.2]
  splitter: 
  splitter_args: []
  subsample: 0.05
  target_transform: []
  test_pre_transform: []
  test_target_transform: []
  test_transform: []
  transform: [['ToTensor', {}], ['Normalize', {'mean': [0.1307], 'std': [0.3081]}]]
  trunc_stride: 128
  type: femnist
  val_pre_transform: []
  val_target_transform: []
  val_transform: []
  walk_length: 2
dataloader:
  batch_size: 64
  drop_last: False
  num_steps: 30
  num_workers: 0
  pin_memory: False
  shuffle: True
  sizes: [10, 5]
  theta: -1
  type: base
  walk_length: 2
device: 0
distribute:
  use: False
early_stop:
  delta: 0.0
  improve_indicator_mode: best
  patience: 5
eval:
  best_res_update_round_wise_key: val_loss
  count_flops: True
  freq: 10
  metrics: ['acc', 'correct']
  monitoring: []
  report: ['weighted_avg', 'avg', 'fairness', 'raw']
  split: ['test', 'val']
expname: FedAvg_convnet2_on_femnist_lr0.5_lstep3
expname_tag: 
feat_engr:
  num_bins: 5
  scenario: hfl
  secure:
    dp:
      
    encrypt:
      type: dummy
    key_size: 3072
    type: encrypt
  selec_threshold: 0.05
  selec_woe_binning: quantile
  type: 
federate:
  atc_load_from: 
  atc_vanilla: False
  client_num: 200
  data_weighted_aggr: False
  ignore_weight: False
  join_in_info: []
  make_global_eval: False
  merge_test_data: False
  method: FedAvg
  mode: standalone
  online_aggr: False
  resource_info_file: 
  restore_from: 
  sample_client_num: 40
  sample_client_rate: 0.2
  sampler: uniform
  save_to: 
  share_local_model: False
  total_round_num: 300
  unseen_clients_rate: 0.0
  use_diff: False
  use_ss: False
fedopt:
  use: False
fedprox:
  use: False
fedsageplus:
  a: 1.0
  b: 1.0
  c: 1.0
  fedgen_epoch: 200
  gen_hidden: 128
  hide_portion: 0.5
  loc_epoch: 1
  num_pred: 5
finetune:
  batch_or_epoch: epoch
  before_eval: False
  freeze_param: 
  local_update_steps: 1
  optimizer:
    lr: 0.1
    type: SGD
  scheduler:
    type: 
    warmup_ratio: 0.0
flitplus:
  factor_ema: 0.8
  lambdavat: 0.5
  tmpFed: 0.5
  weightReg: 1.0
gcflplus:
  EPS_1: 0.05
  EPS_2: 0.1
  seq_length: 5
  standardize: False
grad:
  grad_accum_count: 1
  grad_clip: 5.0
hpo:
  fedex:
    cutoff: 0.0
    diff: False
    eta0: -1.0
    flatten_ss: True
    gamma: 0.0
    pi_lr: 0.01
    psn: False
    sched: auto
    ss: 
    use: False
  init_cand_num: 16
  larger_better: False
  metric: client_summarized_weighted_avg.val_loss
  num_workers: 0
  pbt:
    max_stage: 5
    perf_threshold: 0.1
  scheduler: rs
  sha:
    budgets: []
    elim_rate: 3
    iter: 0
  ss: 
  table:
    eps: 0.1
    idx: 0
    num: 27
  working_folder: hpo
model:
  contrast_temp: 1.0
  contrast_topk: 100
  downstream_tasks: []
  dropout: 0.5
  embed_size: 8
  gamma: 0
  graph_pooling: mean
  hidden: 2048
  in_channels: 0
  input_shape: ()
  label_smoothing: 0.1
  lambda_: 0.1
  layer: 2
  length_penalty: 2.0
  max_answer_len: 30
  max_length: 200
  max_tree_depth: 3
  min_length: 1
  model_num_per_trainer: 1
  model_type: google/bert_uncased_L-2_H-128_A-2
  n_best_size: 20
  no_repeat_ngram_size: 3
  null_score_diff_threshold: 0.0
  num_beams: 5
  num_item: 0
  num_labels: 1
  num_of_trees: 10
  num_user: 0
  out_channels: 62
  pretrain_tasks: []
  stage: 
  task: node
  type: convnet2
  use_bias: True
  use_contrastive_loss: False
nbafl:
  use: False
outdir: exp/FedAvg_convnet2_on_femnist_lr0.5_lstep3
personalization:
  K: 5
  beta: 1.0
  local_param: []
  local_update_steps: 3
  lr: 0.5
  regular_weight: 1.0
  share_non_trainable_para: False
print_decimal_digits: 6
regularizer:
  mu: 0.0
  type: 
seed: 2
sgdmf:
  use: False
train:
  batch_or_epoch: epoch
  local_update_steps: 3
  optimizer:
    lr: 0.5
    type: SGD
    weight_decay: 0.0
  scheduler:
    type: 
    warmup_ratio: 0.0
trainer:
  disp_freq: 50
  local_entropy:
    alpha: 0.75
    eps: 0.001
    gamma: 0.0001
  sam:
    adaptive: False
    eta: 0.0
    rho: 1.0
  type: cvtrainer
  val_freq: 100000000
use_gpu: True
verbose: 1
vertical:
  use: False
wandb:
  use: False
2023-01-29 21:48:22,901 (utils:143) INFO: The device information file is not provided
2023-01-29 21:48:23,029 (fed_runner:169) INFO: Server has been set up ... 
2023-01-29 21:48:23,101 (fed_runner:221) INFO: Client 1 has been set up ... 
2023-01-29 21:48:23,158 (fed_runner:221) INFO: Client 2 has been set up ... 
2023-01-29 21:48:23,209 (fed_runner:221) INFO: Client 3 has been set up ... 
2023-01-29 21:48:23,260 (fed_runner:221) INFO: Client 4 has been set up ... 
2023-01-29 21:48:23,312 (fed_runner:221) INFO: Client 5 has been set up ... 
2023-01-29 21:48:23,363 (fed_runner:221) INFO: Client 6 has been set up ... 
2023-01-29 21:48:23,414 (fed_runner:221) INFO: Client 7 has been set up ... 
2023-01-29 21:48:23,464 (fed_runner:221) INFO: Client 8 has been set up ... 
2023-01-29 21:48:23,516 (fed_runner:221) INFO: Client 9 has been set up ... 
2023-01-29 21:48:23,567 (fed_runner:221) INFO: Client 10 has been set up ... 
2023-01-29 21:48:23,618 (fed_runner:221) INFO: Client 11 has been set up ... 
2023-01-29 21:48:23,674 (fed_runner:221) INFO: Client 12 has been set up ... 
2023-01-29 21:48:23,726 (fed_runner:221) INFO: Client 13 has been set up ... 
2023-01-29 21:48:23,777 (fed_runner:221) INFO: Client 14 has been set up ... 
2023-01-29 21:48:23,829 (fed_runner:221) INFO: Client 15 has been set up ... 
2023-01-29 21:48:23,880 (fed_runner:221) INFO: Client 16 has been set up ... 
2023-01-29 21:48:23,931 (fed_runner:221) INFO: Client 17 has been set up ... 
2023-01-29 21:48:23,983 (fed_runner:221) INFO: Client 18 has been set up ... 
2023-01-29 21:48:24,034 (fed_runner:221) INFO: Client 19 has been set up ... 
2023-01-29 21:48:24,085 (fed_runner:221) INFO: Client 20 has been set up ... 
2023-01-29 21:48:24,135 (fed_runner:221) INFO: Client 21 has been set up ... 
2023-01-29 21:48:24,187 (fed_runner:221) INFO: Client 22 has been set up ... 
2023-01-29 21:48:24,238 (fed_runner:221) INFO: Client 23 has been set up ... 
2023-01-29 21:48:24,290 (fed_runner:221) INFO: Client 24 has been set up ... 
2023-01-29 21:48:24,341 (fed_runner:221) INFO: Client 25 has been set up ... 
2023-01-29 21:48:24,392 (fed_runner:221) INFO: Client 26 has been set up ... 
2023-01-29 21:48:24,444 (fed_runner:221) INFO: Client 27 has been set up ... 
2023-01-29 21:48:24,495 (fed_runner:221) INFO: Client 28 has been set up ... 
2023-01-29 21:48:24,546 (fed_runner:221) INFO: Client 29 has been set up ... 
2023-01-29 21:48:24,597 (fed_runner:221) INFO: Client 30 has been set up ... 
2023-01-29 21:48:24,648 (fed_runner:221) INFO: Client 31 has been set up ... 
2023-01-29 21:48:24,700 (fed_runner:221) INFO: Client 32 has been set up ... 
2023-01-29 21:48:24,751 (fed_runner:221) INFO: Client 33 has been set up ... 
2023-01-29 21:48:24,802 (fed_runner:221) INFO: Client 34 has been set up ... 
2023-01-29 21:48:24,853 (fed_runner:221) INFO: Client 35 has been set up ... 
2023-01-29 21:48:24,904 (fed_runner:221) INFO: Client 36 has been set up ... 
2023-01-29 21:48:24,956 (fed_runner:221) INFO: Client 37 has been set up ... 
2023-01-29 21:48:25,008 (fed_runner:221) INFO: Client 38 has been set up ... 
2023-01-29 21:48:25,059 (fed_runner:221) INFO: Client 39 has been set up ... 
2023-01-29 21:48:25,111 (fed_runner:221) INFO: Client 40 has been set up ... 
2023-01-29 21:48:25,162 (fed_runner:221) INFO: Client 41 has been set up ... 
2023-01-29 21:48:25,214 (fed_runner:221) INFO: Client 42 has been set up ... 
2023-01-29 21:48:25,266 (fed_runner:221) INFO: Client 43 has been set up ... 
2023-01-29 21:48:25,318 (fed_runner:221) INFO: Client 44 has been set up ... 
2023-01-29 21:48:25,370 (fed_runner:221) INFO: Client 45 has been set up ... 
2023-01-29 21:48:25,422 (fed_runner:221) INFO: Client 46 has been set up ... 
2023-01-29 21:48:25,473 (fed_runner:221) INFO: Client 47 has been set up ... 
2023-01-29 21:48:25,525 (fed_runner:221) INFO: Client 48 has been set up ... 
2023-01-29 21:48:25,577 (fed_runner:221) INFO: Client 49 has been set up ... 
2023-01-29 21:48:25,629 (fed_runner:221) INFO: Client 50 has been set up ... 
2023-01-29 21:48:25,681 (fed_runner:221) INFO: Client 51 has been set up ... 
2023-01-29 21:48:25,733 (fed_runner:221) INFO: Client 52 has been set up ... 
2023-01-29 21:48:25,784 (fed_runner:221) INFO: Client 53 has been set up ... 
2023-01-29 21:48:25,835 (fed_runner:221) INFO: Client 54 has been set up ... 
2023-01-29 21:48:25,887 (fed_runner:221) INFO: Client 55 has been set up ... 
2023-01-29 21:48:25,938 (fed_runner:221) INFO: Client 56 has been set up ... 
2023-01-29 21:48:25,990 (fed_runner:221) INFO: Client 57 has been set up ... 
2023-01-29 21:48:26,041 (fed_runner:221) INFO: Client 58 has been set up ... 
2023-01-29 21:48:26,093 (fed_runner:221) INFO: Client 59 has been set up ... 
2023-01-29 21:48:26,145 (fed_runner:221) INFO: Client 60 has been set up ... 
2023-01-29 21:48:26,197 (fed_runner:221) INFO: Client 61 has been set up ... 
2023-01-29 21:48:26,249 (fed_runner:221) INFO: Client 62 has been set up ... 
2023-01-29 21:48:26,300 (fed_runner:221) INFO: Client 63 has been set up ... 
2023-01-29 21:48:26,352 (fed_runner:221) INFO: Client 64 has been set up ... 
2023-01-29 21:48:26,404 (fed_runner:221) INFO: Client 65 has been set up ... 
2023-01-29 21:48:26,454 (fed_runner:221) INFO: Client 66 has been set up ... 
2023-01-29 21:48:26,504 (fed_runner:221) INFO: Client 67 has been set up ... 
2023-01-29 21:48:26,557 (fed_runner:221) INFO: Client 68 has been set up ... 
2023-01-29 21:48:26,611 (fed_runner:221) INFO: Client 69 has been set up ... 
2023-01-29 21:48:26,663 (fed_runner:221) INFO: Client 70 has been set up ... 
2023-01-29 21:48:26,714 (fed_runner:221) INFO: Client 71 has been set up ... 
2023-01-29 21:48:26,771 (fed_runner:221) INFO: Client 72 has been set up ... 
2023-01-29 21:48:26,821 (fed_runner:221) INFO: Client 73 has been set up ... 
2023-01-29 21:48:26,872 (fed_runner:221) INFO: Client 74 has been set up ... 
2023-01-29 21:48:26,923 (fed_runner:221) INFO: Client 75 has been set up ... 
2023-01-29 21:48:26,976 (fed_runner:221) INFO: Client 76 has been set up ... 
2023-01-29 21:48:27,030 (fed_runner:221) INFO: Client 77 has been set up ... 
2023-01-29 21:48:27,082 (fed_runner:221) INFO: Client 78 has been set up ... 
2023-01-29 21:48:27,134 (fed_runner:221) INFO: Client 79 has been set up ... 
2023-01-29 21:48:27,185 (fed_runner:221) INFO: Client 80 has been set up ... 
2023-01-29 21:48:27,237 (fed_runner:221) INFO: Client 81 has been set up ... 
2023-01-29 21:48:27,288 (fed_runner:221) INFO: Client 82 has been set up ... 
2023-01-29 21:48:27,340 (fed_runner:221) INFO: Client 83 has been set up ... 
2023-01-29 21:48:27,391 (fed_runner:221) INFO: Client 84 has been set up ... 
2023-01-29 21:48:27,442 (fed_runner:221) INFO: Client 85 has been set up ... 
2023-01-29 21:48:27,493 (fed_runner:221) INFO: Client 86 has been set up ... 
2023-01-29 21:48:27,544 (fed_runner:221) INFO: Client 87 has been set up ... 
2023-01-29 21:48:27,595 (fed_runner:221) INFO: Client 88 has been set up ... 
2023-01-29 21:48:27,646 (fed_runner:221) INFO: Client 89 has been set up ... 
2023-01-29 21:48:27,697 (fed_runner:221) INFO: Client 90 has been set up ... 
2023-01-29 21:48:27,749 (fed_runner:221) INFO: Client 91 has been set up ... 
2023-01-29 21:48:27,800 (fed_runner:221) INFO: Client 92 has been set up ... 
2023-01-29 21:48:27,852 (fed_runner:221) INFO: Client 93 has been set up ... 
2023-01-29 21:48:27,904 (fed_runner:221) INFO: Client 94 has been set up ... 
2023-01-29 21:48:27,955 (fed_runner:221) INFO: Client 95 has been set up ... 
2023-01-29 21:48:28,006 (fed_runner:221) INFO: Client 96 has been set up ... 
2023-01-29 21:48:28,057 (fed_runner:221) INFO: Client 97 has been set up ... 
2023-01-29 21:48:28,109 (fed_runner:221) INFO: Client 98 has been set up ... 
2023-01-29 21:48:28,160 (fed_runner:221) INFO: Client 99 has been set up ... 
2023-01-29 21:48:28,211 (fed_runner:221) INFO: Client 100 has been set up ... 
2023-01-29 21:48:28,263 (fed_runner:221) INFO: Client 101 has been set up ... 
2023-01-29 21:48:28,315 (fed_runner:221) INFO: Client 102 has been set up ... 
2023-01-29 21:48:28,366 (fed_runner:221) INFO: Client 103 has been set up ... 
2023-01-29 21:48:28,417 (fed_runner:221) INFO: Client 104 has been set up ... 
2023-01-29 21:48:28,468 (fed_runner:221) INFO: Client 105 has been set up ... 
2023-01-29 21:48:28,520 (fed_runner:221) INFO: Client 106 has been set up ... 
2023-01-29 21:48:28,572 (fed_runner:221) INFO: Client 107 has been set up ... 
2023-01-29 21:48:28,751 (fed_runner:221) INFO: Client 108 has been set up ... 
2023-01-29 21:48:28,803 (fed_runner:221) INFO: Client 109 has been set up ... 
2023-01-29 21:48:28,854 (fed_runner:221) INFO: Client 110 has been set up ... 
2023-01-29 21:48:28,905 (fed_runner:221) INFO: Client 111 has been set up ... 
2023-01-29 21:48:28,957 (fed_runner:221) INFO: Client 112 has been set up ... 
2023-01-29 21:48:29,009 (fed_runner:221) INFO: Client 113 has been set up ... 
2023-01-29 21:48:29,061 (fed_runner:221) INFO: Client 114 has been set up ... 
2023-01-29 21:48:29,113 (fed_runner:221) INFO: Client 115 has been set up ... 
2023-01-29 21:48:29,164 (fed_runner:221) INFO: Client 116 has been set up ... 
2023-01-29 21:48:29,216 (fed_runner:221) INFO: Client 117 has been set up ... 
2023-01-29 21:48:29,267 (fed_runner:221) INFO: Client 118 has been set up ... 
2023-01-29 21:48:29,319 (fed_runner:221) INFO: Client 119 has been set up ... 
2023-01-29 21:48:29,370 (fed_runner:221) INFO: Client 120 has been set up ... 
2023-01-29 21:48:29,422 (fed_runner:221) INFO: Client 121 has been set up ... 
2023-01-29 21:48:29,474 (fed_runner:221) INFO: Client 122 has been set up ... 
2023-01-29 21:48:29,526 (fed_runner:221) INFO: Client 123 has been set up ... 
2023-01-29 21:48:29,577 (fed_runner:221) INFO: Client 124 has been set up ... 
2023-01-29 21:48:29,630 (fed_runner:221) INFO: Client 125 has been set up ... 
2023-01-29 21:48:29,682 (fed_runner:221) INFO: Client 126 has been set up ... 
2023-01-29 21:48:29,734 (fed_runner:221) INFO: Client 127 has been set up ... 
2023-01-29 21:48:29,785 (fed_runner:221) INFO: Client 128 has been set up ... 
