2023-02-24 20:28:26,512 (logging:124) INFO: the current machine is at 192.168.0.1
2023-02-24 20:28:26,512 (logging:126) INFO: the current dir is /home/ubuntu/medscale
2023-02-24 20:28:26,512 (logging:127) INFO: the output dir is exp/local_convnet5_on_lung100_lr0.01_lstep2
2023-02-24 20:28:34,699 (cfg_data:145) WARNING: config `cfg.data.batch_size` will be removed in the future, use `cfg.dataloader.batch_size` instead.
2023-02-24 20:28:34,700 (cfg_fl_setting:123) WARNING: In local/global training mode, the sampling related configs are in-valid, we will use all clients. 
2023-02-24 20:28:34,700 (cfg_data:145) WARNING: config `cfg.data.batch_size` will be removed in the future, use `cfg.dataloader.batch_size` instead.
2023-02-24 20:28:34,700 (cfg_fl_setting:123) WARNING: In local/global training mode, the sampling related configs are in-valid, we will use all clients. 
2023-02-24 20:28:34,723 (config:243) INFO: the used configs are: 
aggregator:
  inside_weight: 1.0
  num_agg_groups: 1
  num_agg_topk: []
  outside_weight: 0.0
asyn:
  use: False
attack:
  alpha_TV: 0.001
  alpha_prop_loss: 0
  attack_method: 
  attacker_id: -1
  classifier_PIA: randomforest
  edge_num: 100
  edge_path: edge_data/
  freq: 10
  info_diff_type: l2
  inject_round: 0
  insert_round: 100000
  label_type: dirty
  max_ite: 400
  mean: [0.1307]
  mia_is_simulate_in: False
  mia_simulate_in_round: 20
  pgd_eps: 2
  pgd_lr: 0.1
  pgd_poisoning: False
  poison_ratio: 0.5
  reconstruct_lr: 0.01
  reconstruct_optim: Adam
  scale_para: 1.0
  scale_poisoning: False
  self_epoch: 6
  self_lr: 0.05
  self_opt: False
  setting: fix
  std: [0.3081]
  target_label_ind: -1
  trigger_path: trigger/
  trigger_type: edge
backend: torch
cfg_file: 
check_completeness: False
criterion:
  type: CrossEntropyLoss
data:
  args: []
  batch_size: 16
  cSBM_phi: [0.5, 0.5, 0.5]
  cache_dir: 
  consistent_label_distribution: False
  drop_last: False
  hetero_data_name: []
  hetero_synth_batch_size: 32
  hetero_synth_feat_dim: 128
  hetero_synth_prim_weight: 0.5
  is_debug: False
  loader: 
  max_query_len: 128
  max_seq_len: 384
  max_tgt_len: 128
  num_contrast: 0
  num_of_client_for_data: []
  num_steps: 30
  num_workers: 0
  pre_transform: []
  quadratic:
    dim: 1
    max_curv: 12.5
    min_curv: 0.02
  root: data/
  save_data: False
  server_holds_all: False
  shuffle: True
  sizes: [10, 5]
  splits: [0.8, 0, 0.2]
  splitter: lda
  splitter_args: [{'alpha': 0.1}]
  subsample: 1.0
  target_transform: []
  test_pre_transform: []
  test_target_transform: []
  test_transform: []
  transform: []
  trunc_stride: 128
  type: lung100
  val_pre_transform: []
  val_target_transform: []
  val_transform: []
  walk_length: 2
dataloader:
  batch_size: 16
  drop_last: False
  num_steps: 30
  num_workers: 0
  pin_memory: False
  shuffle: True
  sizes: [10, 5]
  theta: -1
  type: base
  walk_length: 2
device: 0
distribute:
  use: False
early_stop:
  delta: 0.0
  improve_indicator_mode: best
  patience: 5
eval:
  best_res_update_round_wise_key: test_loss
  count_flops: True
  freq: 1
  metrics: ['acc', 'correct', 'f1']
  monitoring: []
  report: ['weighted_avg', 'avg', 'fairness', 'raw']
  split: ['test', 'val']
expname: local_convnet5_on_lung100_lr0.01_lstep2
expname_tag: 
feat_engr:
  num_bins: 5
  scenario: hfl
  secure:
    dp:
      
    encrypt:
      type: dummy
    key_size: 3072
    type: encrypt
  selec_threshold: 0.05
  selec_woe_binning: quantile
  type: 
federate:
  atc_load_from: 
  atc_vanilla: False
  client_num: 10
  data_weighted_aggr: False
  ignore_weight: False
  join_in_info: []
  make_global_eval: False
  merge_test_data: False
  method: local
  mode: standalone
  online_aggr: False
  resource_info_file: 
  restore_from: 
  sample_client_num: 10
  sample_client_rate: -1.0
  sampler: uniform
  save_to: 
  share_local_model: False
  total_round_num: 10
  unseen_clients_rate: 0.0
  use_diff: False
  use_ss: False
fedopt:
  use: False
fedprox:
  use: False
fedsageplus:
  a: 1.0
  b: 1.0
  c: 1.0
  fedgen_epoch: 200
  gen_hidden: 128
  hide_portion: 0.5
  loc_epoch: 1
  num_pred: 5
finetune:
  batch_or_epoch: epoch
  before_eval: False
  freeze_param: 
  local_update_steps: 1
  optimizer:
    lr: 0.1
    type: SGD
  scheduler:
    type: 
    warmup_ratio: 0.0
flitplus:
  factor_ema: 0.8
  lambdavat: 0.5
  tmpFed: 0.5
  weightReg: 1.0
gcflplus:
  EPS_1: 0.05
  EPS_2: 0.1
  seq_length: 5
  standardize: False
grad:
  grad_accum_count: 1
  grad_clip: 5.0
hpo:
  fedex:
    cutoff: 0.0
    diff: False
    eta0: -1.0
    flatten_ss: True
    gamma: 0.0
    pi_lr: 0.01
    psn: False
    sched: auto
    ss: 
    use: False
  init_cand_num: 16
  larger_better: False
  metric: client_summarized_weighted_avg.val_loss
  num_workers: 0
  pbt:
    max_stage: 5
    perf_threshold: 0.1
  scheduler: rs
  sha:
    budgets: []
    elim_rate: 3
    iter: 0
  ss: 
  table:
    eps: 0.1
    idx: 0
    num: 27
  working_folder: hpo
model:
  contrast_temp: 1.0
  contrast_topk: 100
  downstream_tasks: []
  dropout: 0.0
  embed_size: 8
  gamma: 0
  graph_pooling: mean
  hidden: 2048
  in_channels: 0
  input_shape: ()
  label_smoothing: 0.1
  lambda_: 0.1
  layer: 2
  length_penalty: 2.0
  max_answer_len: 30
  max_length: 200
  max_tree_depth: 3
  min_length: 1
  model_num_per_trainer: 1
  model_type: google/bert_uncased_L-2_H-128_A-2
  n_best_size: 20
  no_repeat_ngram_size: 3
  null_score_diff_threshold: 0.0
  num_beams: 5
  num_item: 0
  num_labels: 1
  num_of_trees: 10
  num_user: 0
  out_channels: 62
  pretrain_tasks: []
  stage: 
  task: node
  type: convnet5
  use_bias: True
  use_contrastive_loss: False
nbafl:
  use: False
outdir: exp/local_convnet5_on_lung100_lr0.01_lstep2
personalization:
  K: 5
  beta: 1.0
  local_param: []
  local_update_steps: 1
  lr: 0.5
  regular_weight: 0.1
  share_non_trainable_para: False
print_decimal_digits: 6
regularizer:
  mu: 0.0
  type: 
seed: 2
sgdmf:
  use: False
train:
  batch_or_epoch: epoch
  local_update_steps: 2
  optimizer:
    lr: 0.01
    type: SGD
    weight_decay: 0.0
  scheduler:
    type: 
    warmup_ratio: 0.0
trainer:
  disp_freq: 50
  local_entropy:
    alpha: 0.75
    eps: 0.001
    gamma: 0.0001
  sam:
    adaptive: False
    eta: 0.0
    rho: 1.0
  type: cvtrainer
  val_freq: 100000000
use_gpu: True
verbose: 1
vertical:
  use: False
wandb:
  use: False
2023-02-24 20:28:34,785 (utils:144) INFO: The device information file is not provided
2023-02-24 20:28:34,948 (fed_runner:169) INFO: Server has been set up ... 
2023-02-24 20:28:35,102 (fed_runner:221) INFO: Client 1 has been set up ... 
2023-02-24 20:28:35,262 (fed_runner:221) INFO: Client 2 has been set up ... 
2023-02-24 20:28:35,297 (fed_runner:221) INFO: Client 3 has been set up ... 
2023-02-24 20:28:35,454 (fed_runner:221) INFO: Client 4 has been set up ... 
2023-02-24 20:28:35,501 (fed_runner:221) INFO: Client 5 has been set up ... 
2023-02-24 20:28:35,621 (fed_runner:221) INFO: Client 6 has been set up ... 
2023-02-24 20:28:35,776 (fed_runner:221) INFO: Client 7 has been set up ... 
2023-02-24 20:28:35,837 (fed_runner:221) INFO: Client 8 has been set up ... 
2023-02-24 20:28:35,887 (fed_runner:221) INFO: Client 9 has been set up ... 
2023-02-24 20:28:35,941 (fed_runner:221) INFO: Client 10 has been set up ... 
<<<<<<< HEAD
2023-02-24 20:28:35,941 (trainer:341) INFO: Model meta-info: <class 'medscale.cv.model.cnn.ConvNet5'>.
=======
<<<<<<< HEAD
2023-02-24 20:28:35,941 (trainer:341) INFO: Model meta-info: <class 'medscale.cv.model.cnn.ConvNet5'>.
=======
2023-02-24 20:28:35,941 (trainer:341) INFO: Model meta-info: <class 'medscale.cv.model.cnn.ConvNet5'>.
>>>>>>> fe4962455354c9c11afd9c9806ceda28eb280737
>>>>>>> 64b283ee525ef53c32509882719e74890329b83f
2023-02-24 20:28:35,942 (trainer:349) INFO: Num of original para names: 39.
2023-02-24 20:28:35,942 (trainer:350) INFO: Num of original trainable para names: 24.
2023-02-24 20:28:35,942 (trainer:352) INFO: Num of preserved para names in local update: 0. 
Preserved para names in local update: set().
2023-02-24 20:28:35,942 (trainer:356) INFO: Num of filtered para names in local update: 39. 
Filtered para names in local update: {'conv4.bias', 'bn1.bias', 'bn2.bias', 'conv1.weight', 'bn4.running_var', 'conv5.bias', 'fc2.bias', 'bn5.weight', 'bn5.running_var', 'conv1.bias', 'bn2.running_var', 'bn2.weight', 'bn3.running_mean', 'conv2.bias', 'bn2.running_mean', 'bn4.num_batches_tracked', 'bn2.num_batches_tracked', 'conv2.weight', 'bn5.bias', 'fc1.weight', 'conv3.weight', 'conv5.weight', 'bn5.running_mean', 'bn3.bias', 'fc1.bias', 'conv3.bias', 'bn1.running_var', 'bn3.running_var', 'fc2.weight', 'bn1.running_mean', 'bn1.num_batches_tracked', 'bn3.num_batches_tracked', 'conv4.weight', 'bn4.weight', 'bn4.running_mean', 'bn3.weight', 'bn4.bias', 'bn1.weight', 'bn5.num_batches_tracked'}.
2023-02-24 20:28:35,942 (trainer:361) INFO: After register default hooks,
	the hooks_in_train is:
	{
	  "on_fit_start": [
	    "_hook_on_fit_start_init",
	    "_hook_on_fit_start_calculate_model_size"
	  ],
	  "on_epoch_start": [
	    "_hook_on_epoch_start"
	  ],
	  "on_batch_start": [
	    "_hook_on_batch_start_init"
	  ],
	  "on_batch_forward": [
	    "_hook_on_batch_forward",
	    "_hook_on_batch_forward_regularizer",
	    "_hook_on_batch_forward_flop_count"
	  ],
	  "on_batch_backward": [
	    "_hook_on_batch_backward"
	  ],
	  "on_batch_end": [
	    "_hook_on_batch_end"
	  ],
	  "on_fit_end": [
	    "_hook_on_fit_end"
	  ]
	};
	the hooks_in_eval is:
            t{
	  "on_fit_start": [
	    "_hook_on_fit_start_init"
	  ],
	  "on_epoch_start": [
	    "_hook_on_epoch_start"
	  ],
	  "on_batch_start": [
	    "_hook_on_batch_start_init"
	  ],
	  "on_batch_forward": [
	    "_hook_on_batch_forward"
	  ],
	  "on_batch_end": [
	    "_hook_on_batch_end"
	  ],
	  "on_fit_end": [
	    "_hook_on_fit_end"
	  ]
	}
2023-02-24 20:28:35,955 (server:804) INFO: ----------- Starting training (Round #0) -------------
2023-02-24 20:28:39,487 (client:306) INFO: {'Role': 'Client #6', 'Round': 0, 'Results_raw': {'train_acc': 0.75, 'train_avg_loss': 3.085, 'train_f1': 0.428571, 'train_loss': 12.340001, 'train_correct': 3.0, 'train_total': 4}}
2023-02-24 20:28:39,935 (client:306) INFO: {'Role': 'Client #5', 'Round': 0, 'Results_raw': {'train_acc': 0.666667, 'train_avg_loss': 2.410463, 'train_f1': 0.133333, 'train_loss': 115.702248, 'train_correct': 32.0, 'train_total': 48}}
2023-02-24 20:28:43,429 (client:306) INFO: {'Role': 'Client #8', 'Round': 0, 'Results_raw': {'train_acc': 0.879464, 'train_avg_loss': 0.695194, 'train_f1': 0.134014, 'train_loss': 311.447045, 'train_correct': 394.0, 'train_total': 448}}
2023-02-24 20:28:44,144 (client:306) INFO: {'Role': 'Client #2', 'Round': 0, 'Results_raw': {'train_acc': 0.818182, 'train_avg_loss': 1.907093, 'train_f1': 0.15, 'train_loss': 167.824227, 'train_correct': 72.0, 'train_total': 88}}
2023-02-24 20:28:48,775 (client:306) INFO: {'Role': 'Client #4', 'Round': 0, 'Results_raw': {'train_acc': 0.967742, 'train_avg_loss': 0.306508, 'train_f1': 0.196721, 'train_loss': 171.031699, 'train_correct': 540.0, 'train_total': 558}}
2023-02-24 20:28:49,506 (client:306) INFO: {'Role': 'Client #7', 'Round': 0, 'Results_raw': {'train_acc': 0.818182, 'train_avg_loss': 1.552312, 'train_f1': 0.1125, 'train_loss': 136.603499, 'train_correct': 72.0, 'train_total': 88}}
2023-02-24 20:28:51,714 (client:306) INFO: {'Role': 'Client #9', 'Round': 0, 'Results_raw': {'train_acc': 0.942446, 'train_avg_loss': 0.528358, 'train_f1': 0.194074, 'train_loss': 146.883527, 'train_correct': 262.0, 'train_total': 278}}
2023-02-24 20:28:52,935 (client:306) INFO: {'Role': 'Client #1', 'Round': 0, 'Results_raw': {'train_acc': 0.878378, 'train_avg_loss': 1.347041, 'train_f1': 0.18705, 'train_loss': 199.362021, 'train_correct': 130.0, 'train_total': 148}}
2023-02-24 20:28:52,994 (client:306) INFO: {'Role': 'Client #3', 'Round': 0, 'Results_raw': {'train_acc': 0.5, 'train_avg_loss': 3.204554, 'train_f1': 0.333333, 'train_loss': 6.409109, 'train_correct': 1.0, 'train_total': 2}}
2023-02-24 20:28:53,775 (client:306) INFO: {'Role': 'Client #10', 'Round': 0, 'Results_raw': {'train_acc': 0.652174, 'train_avg_loss': 2.185799, 'train_f1': 0.2, 'train_loss': 201.093488, 'train_correct': 60.0, 'train_total': 92}}
2023-02-24 20:28:53,776 (monitor:541) INFO: {'Role': 'Server #', 'Round': 0, 'Results_model_metric': {}}
2023-02-24 20:28:53,777 (server:330) INFO: Server: Starting evaluation at the end of round 0.
2023-02-24 20:28:53,778 (server:336) INFO: ----------- Starting a new training round (Round #1) -------------
2023-02-24 20:28:54,669 (context:294) WARNING: No val_data or val_loader in the trainer, will skip evaluation.If this is not the case you want, please check whether there is typo for the name
2023-02-24 20:28:54,690 (context:294) WARNING: No val_data or val_loader in the trainer, will skip evaluation.If this is not the case you want, please check whether there is typo for the name
2023-02-24 20:28:54,874 (context:294) WARNING: No val_data or val_loader in the trainer, will skip evaluation.If this is not the case you want, please check whether there is typo for the name
2023-02-24 20:28:54,909 (context:294) WARNING: No val_data or val_loader in the trainer, will skip evaluation.If this is not the case you want, please check whether there is typo for the name
2023-02-24 20:28:54,942 (context:294) WARNING: No val_data or val_loader in the trainer, will skip evaluation.If this is not the case you want, please check whether there is typo for the name
2023-02-24 20:28:55,048 (context:294) WARNING: No val_data or val_loader in the trainer, will skip evaluation.If this is not the case you want, please check whether there is typo for the name
2023-02-24 20:28:55,091 (context:294) WARNING: No val_data or val_loader in the trainer, will skip evaluation.If this is not the case you want, please check whether there is typo for the name
2023-02-24 20:28:55,125 (context:294) WARNING: No val_data or val_loader in the trainer, will skip evaluation.If this is not the case you want, please check whether there is typo for the name
2023-02-24 20:28:55,252 (context:294) WARNING: No val_data or val_loader in the trainer, will skip evaluation.If this is not the case you want, please check whether there is typo for the name
2023-02-24 20:28:55,582 (context:294) WARNING: No val_data or val_loader in the trainer, will skip evaluation.If this is not the case you want, please check whether there is typo for the name
2023-02-24 20:28:56,798 (client:306) INFO: {'Role': 'Client #1', 'Round': 1, 'Results_raw': {'train_acc': 0.986486, 'train_avg_loss': 0.099381, 'train_f1': 0.496599, 'train_loss': 14.708443, 'train_correct': 146.0, 'train_total': 148}}
2023-02-24 20:28:57,471 (client:306) INFO: {'Role': 'Client #2', 'Round': 1, 'Results_raw': {'train_acc': 1.0, 'train_avg_loss': 0.023271, 'train_f1': 1.0, 'train_loss': 2.047826, 'train_correct': 88.0, 'train_total': 88}}
2023-02-24 20:28:57,874 (client:306) INFO: {'Role': 'Client #5', 'Round': 1, 'Results_raw': {'train_acc': 1.0, 'train_avg_loss': 0.097923, 'train_f1': 1.0, 'train_loss': 4.700313, 'train_correct': 48.0, 'train_total': 48}}
2023-02-24 20:28:57,928 (client:306) INFO: {'Role': 'Client #6', 'Round': 1, 'Results_raw': {'train_acc': 1.0, 'train_avg_loss': 1.035476, 'train_f1': 1.0, 'train_loss': 4.141904, 'train_correct': 4.0, 'train_total': 4}}
2023-02-24 20:28:58,885 (client:306) INFO: {'Role': 'Client #7', 'Round': 1, 'Results_raw': {'train_acc': 1.0, 'train_avg_loss': 0.018268, 'train_f1': 1.0, 'train_loss': 1.607556, 'train_correct': 88.0, 'train_total': 88}}
2023-02-24 20:29:01,048 (client:306) INFO: {'Role': 'Client #9', 'Round': 1, 'Results_raw': {'train_acc': 1.0, 'train_avg_loss': 0.004077, 'train_f1': 1.0, 'train_loss': 1.133498, 'train_correct': 278.0, 'train_total': 278}}
2023-02-24 20:29:05,584 (client:306) INFO: {'Role': 'Client #4', 'Round': 1, 'Results_raw': {'train_acc': 0.996416, 'train_avg_loss': 0.027903, 'train_f1': 0.499102, 'train_loss': 15.569991, 'train_correct': 556.0, 'train_total': 558}}
2023-02-24 20:29:09,049 (client:306) INFO: {'Role': 'Client #8', 'Round': 1, 'Results_raw': {'train_acc': 0.912946, 'train_avg_loss': 0.256021, 'train_f1': 0.579018, 'train_loss': 114.697612, 'train_correct': 409.0, 'train_total': 448}}
2023-02-24 20:29:09,881 (client:306) INFO: {'Role': 'Client #10', 'Round': 1, 'Results_raw': {'train_acc': 0.815217, 'train_avg_loss': 0.666816, 'train_f1': 0.338206, 'train_loss': 61.347085, 'train_correct': 75.0, 'train_total': 92}}
2023-02-24 20:29:09,923 (client:306) INFO: {'Role': 'Client #3', 'Round': 1, 'Results_raw': {'train_acc': 1.0, 'train_avg_loss': 1.146598, 'train_f1': 1.0, 'train_loss': 2.293197, 'train_correct': 2.0, 'train_total': 2}}
2023-02-24 20:29:09,925 (server:590) INFO: {'Role': 'Server #', 'Round': 0, 'Results_weighted_avg': {'test_acc': 0.209091, 'test_avg_loss': 3.433659, 'test_f1': 0.104152, 'test_loss': 278.977081, 'test_correct': 4.6, 'test_total': 22.0}, 'Results_avg': {'test_acc': 0.180833, 'test_avg_loss': 3.864466, 'test_f1': 0.088256, 'test_loss': 75.540506, 'test_correct': 4.6, 'test_total': 22.0}, 'Results_fairness': {'test_correct': 4.6, 'test_total': 22.0, 'test_acc_std': 0.313804, 'test_acc_bottom_decile': 0.0, 'test_acc_top_decile': 0.975, 'test_acc_min': 0.0, 'test_acc_max': 0.975, 'test_acc_bottom10%': 0.0, 'test_acc_top10%': 0.975, 'test_acc_cos1': 0.499293, 'test_acc_entropy': 1.000219, 'test_avg_loss_std': 1.280071, 'test_avg_loss_bottom_decile': 3.888253, 'test_avg_loss_top_decile': 5.396699, 'test_avg_loss_min': 0.209033, 'test_avg_loss_max': 5.396699, 'test_avg_loss_bottom10%': 0.209033, 'test_avg_loss_top10%': 5.396699, 'test_avg_loss_cos1': 0.949277, 'test_avg_loss_entropy': 2.214586, 'test_f1_std': 0.155878, 'test_f1_bottom_decile': 0.0, 'test_f1_top_decile': 0.493671, 'test_f1_min': 0.0, 'test_f1_max': 0.493671, 'test_f1_bottom10%': 0.0, 'test_f1_top10%': 0.493671, 'test_f1_cos1': 0.492696, 'test_f1_entropy': 0.986998, 'test_loss_std': 139.468834, 'test_loss_bottom_decile': 8.361318, 'test_loss_top_decile': 485.807824, 'test_loss_min': 4.152044, 'test_loss_max': 485.807824, 'test_loss_bottom10%': 4.152044, 'test_loss_top10%': 485.807824, 'test_loss_cos1': 0.476258, 'test_loss_entropy': 1.285994}}
2023-02-24 20:29:09,927 (monitor:541) INFO: {'Role': 'Server #', 'Round': 1, 'Results_model_metric': {}}
2023-02-24 20:29:09,929 (server:330) INFO: Server: Starting evaluation at the end of round 1.
2023-02-24 20:29:09,929 (server:336) INFO: ----------- Starting a new training round (Round #2) -------------
2023-02-24 20:29:10,915 (context:294) WARNING: No val_data or val_loader in the trainer, will skip evaluation.If this is not the case you want, please check whether there is typo for the name
2023-02-24 20:29:10,936 (context:294) WARNING: No val_data or val_loader in the trainer, will skip evaluation.If this is not the case you want, please check whether there is typo for the name
2023-02-24 20:29:11,116 (context:294) WARNING: No val_data or val_loader in the trainer, will skip evaluation.If this is not the case you want, please check whether there is typo for the name
2023-02-24 20:29:11,152 (context:294) WARNING: No val_data or val_loader in the trainer, will skip evaluation.If this is not the case you want, please check whether there is typo for the name
2023-02-24 20:29:11,180 (context:294) WARNING: No val_data or val_loader in the trainer, will skip evaluation.If this is not the case you want, please check whether there is typo for the name
2023-02-24 20:29:11,284 (context:294) WARNING: No val_data or val_loader in the trainer, will skip evaluation.If this is not the case you want, please check whether there is typo for the name
2023-02-24 20:29:11,328 (context:294) WARNING: No val_data or val_loader in the trainer, will skip evaluation.If this is not the case you want, please check whether there is typo for the name
2023-02-24 20:29:11,363 (context:294) WARNING: No val_data or val_loader in the trainer, will skip evaluation.If this is not the case you want, please check whether there is typo for the name
2023-02-24 20:29:11,489 (context:294) WARNING: No val_data or val_loader in the trainer, will skip evaluation.If this is not the case you want, please check whether there is typo for the name
2023-02-24 20:29:11,806 (context:294) WARNING: No val_data or val_loader in the trainer, will skip evaluation.If this is not the case you want, please check whether there is typo for the name
2023-02-24 20:29:11,859 (client:306) INFO: {'Role': 'Client #6', 'Round': 2, 'Results_raw': {'train_acc': 1.0, 'train_avg_loss': 0.14374, 'train_f1': 1.0, 'train_loss': 0.574959, 'train_correct': 4.0, 'train_total': 4}}
2023-02-24 20:29:12,605 (client:306) INFO: {'Role': 'Client #10', 'Round': 2, 'Results_raw': {'train_acc': 0.847826, 'train_avg_loss': 0.459999, 'train_f1': 0.43786, 'train_loss': 42.319939, 'train_correct': 78.0, 'train_total': 92}}
2023-02-24 20:29:12,643 (client:306) INFO: {'Role': 'Client #3', 'Round': 2, 'Results_raw': {'train_acc': 1.0, 'train_avg_loss': 0.254659, 'train_f1': 1.0, 'train_loss': 0.509318, 'train_correct': 2.0, 'train_total': 2}}
2023-02-24 20:29:13,526 (client:306) INFO: {'Role': 'Client #2', 'Round': 2, 'Results_raw': {'train_acc': 1.0, 'train_avg_loss': 0.00925, 'train_f1': 1.0, 'train_loss': 0.814002, 'train_correct': 88.0, 'train_total': 88}}
2023-02-24 20:29:18,033 (client:306) INFO: {'Role': 'Client #4', 'Round': 2, 'Results_raw': {'train_acc': 0.996416, 'train_avg_loss': 0.021115, 'train_f1': 0.499102, 'train_loss': 11.782281, 'train_correct': 556.0, 'train_total': 558}}
2023-02-24 20:29:20,214 (client:306) INFO: {'Role': 'Client #9', 'Round': 2, 'Results_raw': {'train_acc': 1.0, 'train_avg_loss': 0.002144, 'train_f1': 1.0, 'train_loss': 0.596107, 'train_correct': 278.0, 'train_total': 278}}
2023-02-24 20:29:20,997 (client:306) INFO: {'Role': 'Client #7', 'Round': 2, 'Results_raw': {'train_acc': 1.0, 'train_avg_loss': 0.008075, 'train_f1': 1.0, 'train_loss': 0.710598, 'train_correct': 88.0, 'train_total': 88}}
2023-02-24 20:29:21,478 (client:306) INFO: {'Role': 'Client #5', 'Round': 2, 'Results_raw': {'train_acc': 1.0, 'train_avg_loss': 0.015371, 'train_f1': 1.0, 'train_loss': 0.737821, 'train_correct': 48.0, 'train_total': 48}}
2023-02-24 20:29:22,808 (client:306) INFO: {'Role': 'Client #1', 'Round': 2, 'Results_raw': {'train_acc': 0.986486, 'train_avg_loss': 0.079395, 'train_f1': 0.496599, 'train_loss': 11.750399, 'train_correct': 146.0, 'train_total': 148}}
2023-02-24 20:29:27,201 (client:306) INFO: {'Role': 'Client #8', 'Round': 2, 'Results_raw': {'train_acc': 0.933036, 'train_avg_loss': 0.205965, 'train_f1': 0.704407, 'train_loss': 92.272147, 'train_correct': 418.0, 'train_total': 448}}
2023-02-24 20:29:27,203 (server:590) INFO: {'Role': 'Server #', 'Round': 1, 'Results_weighted_avg': {'test_acc': 0.209091, 'test_avg_loss': 3.608487, 'test_f1': 0.104152, 'test_loss': 290.091118, 'test_correct': 4.6, 'test_total': 22.0}, 'Results_avg': {'test_acc': 0.180833, 'test_avg_loss': 4.46963, 'test_f1': 0.088256, 'test_loss': 79.386718, 'test_correct': 4.6, 'test_total': 22.0}, 'Results_fairness': {'test_correct': 4.6, 'test_total': 22.0, 'test_acc_std': 0.313804, 'test_acc_bottom_decile': 0.0, 'test_acc_top_decile': 0.975, 'test_acc_min': 0.0, 'test_acc_max': 0.975, 'test_acc_bottom10%': 0.0, 'test_acc_top10%': 0.975, 'test_acc_cos1': 0.499293, 'test_acc_entropy': 1.000219, 'test_avg_loss_std': 2.127317, 'test_avg_loss_bottom_decile': 3.427037, 'test_avg_loss_top_decile': 8.416668, 'test_avg_loss_min': 0.227041, 'test_avg_loss_max': 8.416668, 'test_avg_loss_bottom10%': 0.227041, 'test_avg_loss_top10%': 8.416668, 'test_avg_loss_cos1': 0.902945, 'test_avg_loss_entropy': 2.16683, 'test_f1_std': 0.155878, 'test_f1_bottom_decile': 0.0, 'test_f1_top_decile': 0.493671, 'test_f1_min': 0.0, 'test_f1_max': 0.493671, 'test_f1_bottom10%': 0.0, 'test_f1_top10%': 0.493671, 'test_f1_cos1': 0.492696, 'test_f1_entropy': 0.986998, 'test_loss_std': 144.633289, 'test_loss_bottom_decile': 9.081654, 'test_loss_top_decile': 505.599263, 'test_loss_min': 4.161456, 'test_loss_max': 505.599263, 'test_loss_bottom10%': 4.161456, 'test_loss_top10%': 505.599263, 'test_loss_cos1': 0.481167, 'test_loss_entropy': 1.318143}}
2023-02-24 20:29:27,205 (monitor:541) INFO: {'Role': 'Server #', 'Round': 2, 'Results_model_metric': {}}
2023-02-24 20:29:27,219 (server:330) INFO: Server: Starting evaluation at the end of round 2.
2023-02-24 20:29:27,219 (server:336) INFO: ----------- Starting a new training round (Round #3) -------------
2023-02-24 20:29:28,438 (context:294) WARNING: No val_data or val_loader in the trainer, will skip evaluation.If this is not the case you want, please check whether there is typo for the name
2023-02-24 20:29:28,470 (context:294) WARNING: No val_data or val_loader in the trainer, will skip evaluation.If this is not the case you want, please check whether there is typo for the name
2023-02-24 20:29:28,727 (context:294) WARNING: No val_data or val_loader in the trainer, will skip evaluation.If this is not the case you want, please check whether there is typo for the name
2023-02-24 20:29:28,783 (context:294) WARNING: No val_data or val_loader in the trainer, will skip evaluation.If this is not the case you want, please check whether there is typo for the name
2023-02-24 20:29:28,812 (context:294) WARNING: No val_data or val_loader in the trainer, will skip evaluation.If this is not the case you want, please check whether there is typo for the name
2023-02-24 20:29:28,941 (context:294) WARNING: No val_data or val_loader in the trainer, will skip evaluation.If this is not the case you want, please check whether there is typo for the name
2023-02-24 20:29:28,989 (context:294) WARNING: No val_data or val_loader in the trainer, will skip evaluation.If this is not the case you want, please check whether there is typo for the name
2023-02-24 20:29:29,044 (context:294) WARNING: No val_data or val_loader in the trainer, will skip evaluation.If this is not the case you want, please check whether there is typo for the name
2023-02-24 20:29:29,244 (context:294) WARNING: No val_data or val_loader in the trainer, will skip evaluation.If this is not the case you want, please check whether there is typo for the name
2023-02-24 20:29:29,700 (context:294) WARNING: No val_data or val_loader in the trainer, will skip evaluation.If this is not the case you want, please check whether there is typo for the name
2023-02-24 20:29:29,797 (client:306) INFO: {'Role': 'Client #6', 'Round': 3, 'Results_raw': {'train_acc': 1.0, 'train_avg_loss': 0.028776, 'train_f1': 1.0, 'train_loss': 0.115105, 'train_correct': 4.0, 'train_total': 4}}
2023-02-24 20:29:30,733 (client:306) INFO: {'Role': 'Client #7', 'Round': 3, 'Results_raw': {'train_acc': 1.0, 'train_avg_loss': 0.00506, 'train_f1': 1.0, 'train_loss': 0.445316, 'train_correct': 88.0, 'train_total': 88}}
2023-02-24 20:29:31,926 (client:306) INFO: {'Role': 'Client #10', 'Round': 3, 'Results_raw': {'train_acc': 0.858696, 'train_avg_loss': 0.435286, 'train_f1': 0.465148, 'train_loss': 40.046294, 'train_correct': 79.0, 'train_total': 92}}
2023-02-24 20:29:34,557 (client:306) INFO: {'Role': 'Client #9', 'Round': 3, 'Results_raw': {'train_acc': 1.0, 'train_avg_loss': 0.001476, 'train_f1': 1.0, 'train_loss': 0.410303, 'train_correct': 278.0, 'train_total': 278}}
2023-02-24 20:29:35,543 (client:306) INFO: {'Role': 'Client #2', 'Round': 3, 'Results_raw': {'train_acc': 1.0, 'train_avg_loss': 0.005669, 'train_f1': 1.0, 'train_loss': 0.498903, 'train_correct': 88.0, 'train_total': 88}}
2023-02-24 20:29:36,161 (client:306) INFO: {'Role': 'Client #5', 'Round': 3, 'Results_raw': {'train_acc': 1.0, 'train_avg_loss': 0.009025, 'train_f1': 1.0, 'train_loss': 0.433195, 'train_correct': 48.0, 'train_total': 48}}
2023-02-24 20:29:42,086 (client:306) INFO: {'Role': 'Client #4', 'Round': 3, 'Results_raw': {'train_acc': 0.996416, 'train_avg_loss': 0.015507, 'train_f1': 0.499102, 'train_loss': 8.652896, 'train_correct': 556.0, 'train_total': 558}}
2023-02-24 20:29:44,181 (client:306) INFO: {'Role': 'Client #1', 'Round': 3, 'Results_raw': {'train_acc': 0.986486, 'train_avg_loss': 0.067454, 'train_f1': 0.496599, 'train_loss': 9.98319, 'train_correct': 146.0, 'train_total': 148}}
2023-02-24 20:29:44,244 (client:306) INFO: {'Role': 'Client #3', 'Round': 3, 'Results_raw': {'train_acc': 1.0, 'train_avg_loss': 0.035982, 'train_f1': 1.0, 'train_loss': 0.071963, 'train_correct': 2.0, 'train_total': 2}}
2023-02-24 20:29:50,593 (client:306) INFO: {'Role': 'Client #8', 'Round': 3, 'Results_raw': {'train_acc': 0.941964, 'train_avg_loss': 0.150708, 'train_f1': 0.760349, 'train_loss': 67.517003, 'train_correct': 422.0, 'train_total': 448}}
2023-02-24 20:29:50,595 (server:590) INFO: {'Role': 'Server #', 'Round': 2, 'Results_weighted_avg': {'test_acc': 0.213636, 'test_avg_loss': 4.253829, 'test_f1': 0.109455, 'test_loss': 361.899236, 'test_correct': 4.7, 'test_total': 22.0}, 'Results_avg': {'test_acc': 0.214167, 'test_avg_loss': 4.791868, 'test_f1': 0.127145, 'test_loss': 93.584231, 'test_correct': 4.7, 'test_total': 22.0}, 'Results_fairness': {'test_correct': 4.7, 'test_total': 22.0, 'test_acc_std': 0.344441, 'test_acc_bottom_decile': 0.0, 'test_acc_top_decile': 0.975, 'test_acc_min': 0.0, 'test_acc_max': 0.975, 'test_acc_bottom10%': 0.0, 'test_acc_top10%': 0.975, 'test_acc_cos1': 0.528031, 'test_acc_entropy': 1.061149, 'test_avg_loss_std': 2.593202, 'test_avg_loss_bottom_decile': 2.819487, 'test_avg_loss_top_decile': 9.938885, 'test_avg_loss_min': 0.244887, 'test_avg_loss_max': 9.938885, 'test_avg_loss_bottom10%': 0.244887, 'test_avg_loss_top10%': 9.938885, 'test_avg_loss_cos1': 0.879476, 'test_avg_loss_entropy': 2.13929, 'test_f1_std': 0.20978, 'test_f1_bottom_decile': 0.0, 'test_f1_top_decile': 0.555556, 'test_f1_min': 0.0, 'test_f1_max': 0.555556, 'test_f1_bottom10%': 0.0, 'test_f1_top10%': 0.555556, 'test_f1_cos1': 0.518318, 'test_f1_entropy': 1.033947, 'test_loss_std': 183.708678, 'test_loss_bottom_decile': 8.45846, 'test_loss_top_decile': 638.183934, 'test_loss_min': 4.16789, 'test_loss_max': 638.183934, 'test_loss_bottom10%': 4.16789, 'test_loss_top10%': 638.183934, 'test_loss_cos1': 0.453913, 'test_loss_entropy': 1.205119}}
2023-02-24 20:29:50,597 (monitor:541) INFO: {'Role': 'Server #', 'Round': 3, 'Results_model_metric': {}}
2023-02-24 20:29:50,603 (server:330) INFO: Server: Starting evaluation at the end of round 3.
2023-02-24 20:29:50,603 (server:336) INFO: ----------- Starting a new training round (Round #4) -------------
2023-02-24 20:29:51,875 (context:294) WARNING: No val_data or val_loader in the trainer, will skip evaluation.If this is not the case you want, please check whether there is typo for the name
2023-02-24 20:29:51,913 (context:294) WARNING: No val_data or val_loader in the trainer, will skip evaluation.If this is not the case you want, please check whether there is typo for the name
2023-02-24 20:29:52,105 (context:294) WARNING: No val_data or val_loader in the trainer, will skip evaluation.If this is not the case you want, please check whether there is typo for the name
2023-02-24 20:29:52,152 (context:294) WARNING: No val_data or val_loader in the trainer, will skip evaluation.If this is not the case you want, please check whether there is typo for the name
2023-02-24 20:29:52,205 (context:294) WARNING: No val_data or val_loader in the trainer, will skip evaluation.If this is not the case you want, please check whether there is typo for the name
2023-02-24 20:29:52,321 (context:294) WARNING: No val_data or val_loader in the trainer, will skip evaluation.If this is not the case you want, please check whether there is typo for the name
2023-02-24 20:29:52,364 (context:294) WARNING: No val_data or val_loader in the trainer, will skip evaluation.If this is not the case you want, please check whether there is typo for the name
2023-02-24 20:29:52,408 (context:294) WARNING: No val_data or val_loader in the trainer, will skip evaluation.If this is not the case you want, please check whether there is typo for the name
2023-02-24 20:29:52,536 (context:294) WARNING: No val_data or val_loader in the trainer, will skip evaluation.If this is not the case you want, please check whether there is typo for the name
2023-02-24 20:29:52,880 (context:294) WARNING: No val_data or val_loader in the trainer, will skip evaluation.If this is not the case you want, please check whether there is typo for the name
2023-02-24 20:29:58,654 (client:306) INFO: {'Role': 'Client #8', 'Round': 4, 'Results_raw': {'train_acc': 0.964286, 'train_avg_loss': 0.112158, 'train_f1': 0.869149, 'train_loss': 50.246815, 'train_correct': 432.0, 'train_total': 448}}
2023-02-24 20:29:59,657 (client:306) INFO: {'Role': 'Client #2', 'Round': 4, 'Results_raw': {'train_acc': 1.0, 'train_avg_loss': 0.0041, 'train_f1': 1.0, 'train_loss': 0.360794, 'train_correct': 88.0, 'train_total': 88}}
2023-02-24 20:30:00,731 (client:306) INFO: {'Role': 'Client #7', 'Round': 4, 'Results_raw': {'train_acc': 1.0, 'train_avg_loss': 0.003725, 'train_f1': 1.0, 'train_loss': 0.327775, 'train_correct': 88.0, 'train_total': 88}}
2023-02-24 20:30:07,539 (client:306) INFO: {'Role': 'Client #4', 'Round': 4, 'Results_raw': {'train_acc': 0.996416, 'train_avg_loss': 0.009294, 'train_f1': 0.499102, 'train_loss': 5.185831, 'train_correct': 556.0, 'train_total': 558}}
2023-02-24 20:30:07,633 (client:306) INFO: {'Role': 'Client #6', 'Round': 4, 'Results_raw': {'train_acc': 1.0, 'train_avg_loss': 0.01523, 'train_f1': 1.0, 'train_loss': 0.060921, 'train_correct': 4.0, 'train_total': 4}}
2023-02-24 20:30:09,038 (client:306) INFO: {'Role': 'Client #1', 'Round': 4, 'Results_raw': {'train_acc': 0.986486, 'train_avg_loss': 0.056621, 'train_f1': 0.496599, 'train_loss': 8.379933, 'train_correct': 146.0, 'train_total': 148}}
2023-02-24 20:30:10,061 (client:306) INFO: {'Role': 'Client #10', 'Round': 4, 'Results_raw': {'train_acc': 0.891304, 'train_avg_loss': 0.364383, 'train_f1': 0.534459, 'train_loss': 33.523244, 'train_correct': 82.0, 'train_total': 92}}
2023-02-24 20:30:10,114 (client:306) INFO: {'Role': 'Client #3', 'Round': 4, 'Results_raw': {'train_acc': 1.0, 'train_avg_loss': 0.009414, 'train_f1': 1.0, 'train_loss': 0.018829, 'train_correct': 2.0, 'train_total': 2}}
2023-02-24 20:30:13,184 (client:306) INFO: {'Role': 'Client #9', 'Round': 4, 'Results_raw': {'train_acc': 1.0, 'train_avg_loss': 0.001088, 'train_f1': 1.0, 'train_loss': 0.302432, 'train_correct': 278.0, 'train_total': 278}}
2023-02-24 20:30:13,718 (client:306) INFO: {'Role': 'Client #5', 'Round': 4, 'Results_raw': {'train_acc': 1.0, 'train_avg_loss': 0.00645, 'train_f1': 1.0, 'train_loss': 0.309609, 'train_correct': 48.0, 'train_total': 48}}
2023-02-24 20:30:13,720 (server:590) INFO: {'Role': 'Server #', 'Round': 3, 'Results_weighted_avg': {'test_acc': 0.213636, 'test_avg_loss': 5.15099, 'test_f1': 0.109455, 'test_loss': 455.679354, 'test_correct': 4.7, 'test_total': 22.0}, 'Results_avg': {'test_acc': 0.214167, 'test_avg_loss': 5.096015, 'test_f1': 0.127145, 'test_loss': 113.321787, 'test_correct': 4.7, 'test_total': 22.0}, 'Results_fairness': {'test_correct': 4.7, 'test_total': 22.0, 'test_acc_std': 0.344441, 'test_acc_bottom_decile': 0.0, 'test_acc_top_decile': 0.975, 'test_acc_min': 0.0, 'test_acc_max': 0.975, 'test_acc_bottom10%': 0.0, 'test_acc_top10%': 0.975, 'test_acc_cos1': 0.528031, 'test_acc_entropy': 1.061149, 'test_avg_loss_std': 2.845663, 'test_avg_loss_bottom_decile': 2.154012, 'test_avg_loss_top_decile': 10.375667, 'test_avg_loss_min': 0.252496, 'test_avg_loss_max': 10.375667, 'test_avg_loss_bottom10%': 0.252496, 'test_avg_loss_top10%': 10.375667, 'test_avg_loss_cos1': 0.873097, 'test_avg_loss_entropy': 2.124714, 'test_f1_std': 0.20978, 'test_f1_bottom_decile': 0.0, 'test_f1_top_decile': 0.555556, 'test_f1_min': 0.0, 'test_f1_max': 0.555556, 'test_f1_bottom10%': 0.0, 'test_f1_top10%': 0.555556, 'test_f1_cos1': 0.518318, 'test_f1_entropy': 1.033947, 'test_loss_std': 234.132636, 'test_loss_bottom_decile': 6.462037, 'test_loss_top_decile': 808.485336, 'test_loss_min': 4.180195, 'test_loss_max': 808.485336, 'test_loss_bottom10%': 4.180195, 'test_loss_top10%': 808.485336, 'test_loss_cos1': 0.43566, 'test_loss_entropy': 1.105175}}
2023-02-24 20:30:13,722 (monitor:541) INFO: {'Role': 'Server #', 'Round': 4, 'Results_model_metric': {}}
2023-02-24 20:30:13,723 (server:330) INFO: Server: Starting evaluation at the end of round 4.
2023-02-24 20:30:13,724 (server:336) INFO: ----------- Starting a new training round (Round #5) -------------
2023-02-24 20:30:14,771 (context:294) WARNING: No val_data or val_loader in the trainer, will skip evaluation.If this is not the case you want, please check whether there is typo for the name
2023-02-24 20:30:14,795 (context:294) WARNING: No val_data or val_loader in the trainer, will skip evaluation.If this is not the case you want, please check whether there is typo for the name
2023-02-24 20:30:14,981 (context:294) WARNING: No val_data or val_loader in the trainer, will skip evaluation.If this is not the case you want, please check whether there is typo for the name
2023-02-24 20:30:15,017 (context:294) WARNING: No val_data or val_loader in the trainer, will skip evaluation.If this is not the case you want, please check whether there is typo for the name
2023-02-24 20:30:15,046 (context:294) WARNING: No val_data or val_loader in the trainer, will skip evaluation.If this is not the case you want, please check whether there is typo for the name
2023-02-24 20:30:15,152 (context:294) WARNING: No val_data or val_loader in the trainer, will skip evaluation.If this is not the case you want, please check whether there is typo for the name
2023-02-24 20:30:15,195 (context:294) WARNING: No val_data or val_loader in the trainer, will skip evaluation.If this is not the case you want, please check whether there is typo for the name
2023-02-24 20:30:15,231 (context:294) WARNING: No val_data or val_loader in the trainer, will skip evaluation.If this is not the case you want, please check whether there is typo for the name
2023-02-24 20:30:15,379 (context:294) WARNING: No val_data or val_loader in the trainer, will skip evaluation.If this is not the case you want, please check whether there is typo for the name
2023-02-24 20:30:15,952 (context:294) WARNING: No val_data or val_loader in the trainer, will skip evaluation.If this is not the case you want, please check whether there is typo for the name
2023-02-24 20:30:16,885 (client:306) INFO: {'Role': 'Client #2', 'Round': 5, 'Results_raw': {'train_acc': 1.0, 'train_avg_loss': 0.003272, 'train_f1': 1.0, 'train_loss': 0.287918, 'train_correct': 88.0, 'train_total': 88}}
2023-02-24 20:30:17,909 (client:306) INFO: {'Role': 'Client #10', 'Round': 5, 'Results_raw': {'train_acc': 0.902174, 'train_avg_loss': 0.304715, 'train_f1': 0.560892, 'train_loss': 28.033773, 'train_correct': 83.0, 'train_total': 92}}
2023-02-24 20:30:22,625 (client:306) INFO: {'Role': 'Client #8', 'Round': 5, 'Results_raw': {'train_acc': 0.970982, 'train_avg_loss': 0.077057, 'train_f1': 0.900572, 'train_loss': 34.521411, 'train_correct': 435.0, 'train_total': 448}}
2023-02-24 20:30:23,456 (client:306) INFO: {'Role': 'Client #7', 'Round': 5, 'Results_raw': {'train_acc': 1.0, 'train_avg_loss': 0.002974, 'train_f1': 1.0, 'train_loss': 0.261708, 'train_correct': 88.0, 'train_total': 88}}
2023-02-24 20:30:25,191 (client:306) INFO: {'Role': 'Client #1', 'Round': 5, 'Results_raw': {'train_acc': 0.986486, 'train_avg_loss': 0.044884, 'train_f1': 0.496599, 'train_loss': 6.642857, 'train_correct': 146.0, 'train_total': 148}}
2023-02-24 20:30:32,509 (client:306) INFO: {'Role': 'Client #4', 'Round': 5, 'Results_raw': {'train_acc': 0.996416, 'train_avg_loss': 0.012331, 'train_f1': 0.499102, 'train_loss': 6.880757, 'train_correct': 556.0, 'train_total': 558}}
2023-02-24 20:30:32,549 (client:306) INFO: {'Role': 'Client #3', 'Round': 5, 'Results_raw': {'train_acc': 1.0, 'train_avg_loss': 0.007697, 'train_f1': 1.0, 'train_loss': 0.015394, 'train_correct': 2.0, 'train_total': 2}}
2023-02-24 20:30:33,176 (client:306) INFO: {'Role': 'Client #5', 'Round': 5, 'Results_raw': {'train_acc': 1.0, 'train_avg_loss': 0.004684, 'train_f1': 1.0, 'train_loss': 0.224822, 'train_correct': 48.0, 'train_total': 48}}
2023-02-24 20:30:33,229 (client:306) INFO: {'Role': 'Client #6', 'Round': 5, 'Results_raw': {'train_acc': 1.0, 'train_avg_loss': 0.008185, 'train_f1': 1.0, 'train_loss': 0.032739, 'train_correct': 4.0, 'train_total': 4}}
2023-02-24 20:30:35,812 (client:306) INFO: {'Role': 'Client #9', 'Round': 5, 'Results_raw': {'train_acc': 1.0, 'train_avg_loss': 0.000885, 'train_f1': 1.0, 'train_loss': 0.245926, 'train_correct': 278.0, 'train_total': 278}}
2023-02-24 20:30:35,814 (server:590) INFO: {'Role': 'Server #', 'Round': 4, 'Results_weighted_avg': {'test_acc': 0.213636, 'test_avg_loss': 6.050311, 'test_f1': 0.109455, 'test_loss': 536.755033, 'test_correct': 4.7, 'test_total': 22.0}, 'Results_avg': {'test_acc': 0.214167, 'test_avg_loss': 5.568241, 'test_f1': 0.127145, 'test_loss': 133.106846, 'test_correct': 4.7, 'test_total': 22.0}, 'Results_fairness': {'test_correct': 4.7, 'test_total': 22.0, 'test_acc_std': 0.344441, 'test_acc_bottom_decile': 0.0, 'test_acc_top_decile': 0.975, 'test_acc_min': 0.0, 'test_acc_max': 0.975, 'test_acc_bottom10%': 0.0, 'test_acc_top10%': 0.975, 'test_acc_cos1': 0.528031, 'test_acc_entropy': 1.061149, 'test_avg_loss_std': 3.140623, 'test_avg_loss_bottom_decile': 1.827832, 'test_avg_loss_top_decile': 10.761482, 'test_avg_loss_min': 0.263174, 'test_avg_loss_max': 10.761482, 'test_avg_loss_bottom10%': 0.263174, 'test_avg_loss_top10%': 10.761482, 'test_avg_loss_cos1': 0.871008, 'test_avg_loss_entropy': 2.113535, 'test_f1_std': 0.20978, 'test_f1_bottom_decile': 0.0, 'test_f1_top_decile': 0.555556, 'test_f1_min': 0.0, 'test_f1_max': 0.555556, 'test_f1_bottom10%': 0.0, 'test_f1_top10%': 0.555556, 'test_f1_cos1': 0.518318, 'test_f1_entropy': 1.033947, 'test_loss_std': 276.048105, 'test_loss_bottom_decile': 5.483496, 'test_loss_top_decile': 950.646523, 'test_loss_min': 4.180099, 'test_loss_max': 950.646523, 'test_loss_bottom10%': 4.180099, 'test_loss_top10%': 950.646523, 'test_loss_cos1': 0.434332, 'test_loss_entropy': 1.078445}}
2023-02-24 20:30:35,828 (monitor:541) INFO: {'Role': 'Server #', 'Round': 5, 'Results_model_metric': {}}
2023-02-24 20:30:35,830 (server:330) INFO: Server: Starting evaluation at the end of round 5.
2023-02-24 20:30:35,830 (server:336) INFO: ----------- Starting a new training round (Round #6) -------------
2023-02-24 20:30:37,181 (context:294) WARNING: No val_data or val_loader in the trainer, will skip evaluation.If this is not the case you want, please check whether there is typo for the name
2023-02-24 20:30:37,203 (context:294) WARNING: No val_data or val_loader in the trainer, will skip evaluation.If this is not the case you want, please check whether there is typo for the name
2023-02-24 20:30:37,448 (context:294) WARNING: No val_data or val_loader in the trainer, will skip evaluation.If this is not the case you want, please check whether there is typo for the name
2023-02-24 20:30:37,488 (context:294) WARNING: No val_data or val_loader in the trainer, will skip evaluation.If this is not the case you want, please check whether there is typo for the name
2023-02-24 20:30:37,522 (context:294) WARNING: No val_data or val_loader in the trainer, will skip evaluation.If this is not the case you want, please check whether there is typo for the name
2023-02-24 20:30:37,723 (context:294) WARNING: No val_data or val_loader in the trainer, will skip evaluation.If this is not the case you want, please check whether there is typo for the name
2023-02-24 20:30:37,806 (context:294) WARNING: No val_data or val_loader in the trainer, will skip evaluation.If this is not the case you want, please check whether there is typo for the name
2023-02-24 20:30:37,880 (context:294) WARNING: No val_data or val_loader in the trainer, will skip evaluation.If this is not the case you want, please check whether there is typo for the name
2023-02-24 20:30:38,015 (context:294) WARNING: No val_data or val_loader in the trainer, will skip evaluation.If this is not the case you want, please check whether there is typo for the name
2023-02-24 20:30:38,380 (context:294) WARNING: No val_data or val_loader in the trainer, will skip evaluation.If this is not the case you want, please check whether there is typo for the name
2023-02-24 20:30:38,383 (client:285) INFO: [Local/Global mode] Client #3 has been early stopped, we will skip the local training
2023-02-24 20:30:38,386 (client:285) INFO: [Local/Global mode] Client #4 has been early stopped, we will skip the local training
2023-02-24 20:30:39,506 (client:306) INFO: {'Role': 'Client #10', 'Round': 6, 'Results_raw': {'train_acc': 0.913043, 'train_avg_loss': 0.251882, 'train_f1': 0.57265, 'train_loss': 23.173169, 'train_correct': 84.0, 'train_total': 92}}
2023-02-24 20:30:39,508 (client:285) INFO: [Local/Global mode] Client #5 has been early stopped, we will skip the local training
2023-02-24 20:30:39,511 (client:285) INFO: [Local/Global mode] Client #8 has been early stopped, we will skip the local training
2023-02-24 20:30:39,514 (client:285) INFO: [Local/Global mode] Client #9 has been early stopped, we will skip the local training
2023-02-24 20:30:39,517 (client:285) INFO: [Local/Global mode] Client #2 has been early stopped, we will skip the local training
2023-02-24 20:30:39,519 (client:285) INFO: [Local/Global mode] Client #1 has been early stopped, we will skip the local training
2023-02-24 20:30:39,595 (client:306) INFO: {'Role': 'Client #6', 'Round': 6, 'Results_raw': {'train_acc': 1.0, 'train_avg_loss': 0.008769, 'train_f1': 1.0, 'train_loss': 0.035078, 'train_correct': 4.0, 'train_total': 4}}
2023-02-24 20:30:39,611 (client:285) INFO: [Local/Global mode] Client #7 has been early stopped, we will skip the local training
2023-02-24 20:30:39,613 (server:590) INFO: {'Role': 'Server #', 'Round': 5, 'Results_weighted_avg': {'test_acc': 0.213636, 'test_avg_loss': 6.455087, 'test_f1': 0.109455, 'test_loss': 560.632038, 'test_correct': 4.7, 'test_total': 22.0}, 'Results_avg': {'test_acc': 0.214167, 'test_avg_loss': 5.932431, 'test_f1': 0.127145, 'test_loss': 142.01191, 'test_correct': 4.7, 'test_total': 22.0}, 'Results_fairness': {'test_correct': 4.7, 'test_total': 22.0, 'test_acc_std': 0.344441, 'test_acc_bottom_decile': 0.0, 'test_acc_top_decile': 0.975, 'test_acc_min': 0.0, 'test_acc_max': 0.975, 'test_acc_bottom10%': 0.0, 'test_acc_top10%': 0.975, 'test_acc_cos1': 0.528031, 'test_acc_entropy': 1.061149, 'test_avg_loss_std': 3.350744, 'test_avg_loss_bottom_decile': 1.725503, 'test_avg_loss_top_decile': 11.295855, 'test_avg_loss_min': 0.274322, 'test_avg_loss_max': 11.295855, 'test_avg_loss_bottom10%': 0.274322, 'test_avg_loss_top10%': 11.295855, 'test_avg_loss_cos1': 0.870712, 'test_avg_loss_entropy': 2.108237, 'test_f1_std': 0.20978, 'test_f1_bottom_decile': 0.0, 'test_f1_top_decile': 0.555556, 'test_f1_min': 0.0, 'test_f1_max': 0.555556, 'test_f1_bottom10%': 0.0, 'test_f1_top10%': 0.555556, 'test_f1_cos1': 0.518318, 'test_f1_entropy': 1.033947, 'test_loss_std': 286.691713, 'test_loss_bottom_decile': 5.176509, 'test_loss_top_decile': 986.409933, 'test_loss_min': 4.206198, 'test_loss_max': 986.409933, 'test_loss_bottom10%': 4.206198, 'test_loss_top10%': 986.409933, 'test_loss_cos1': 0.443875, 'test_loss_entropy': 1.106985}}
2023-02-24 20:30:39,615 (server:395) INFO: Server: Final evaluation is finished! Starting merging results.
2023-02-24 20:30:39,615 (server:521) INFO: {'Role': 'Server #', 'Round': 'Final', 'Results_raw': {'client_best_individual': {'test_loss': 4.152044, 'test_acc': 0.975, 'test_avg_loss': 0.209033, 'test_f1': 0.493671, 'test_correct': 39.0, 'test_total': 1.0}, 'client_summarized_weighted_avg': {'test_loss': 278.977081, 'test_acc': 0.209091, 'test_avg_loss': 3.433659, 'test_f1': 0.104152, 'test_correct': 4.6, 'test_total': 22.0}, 'client_summarized_avg': {'test_loss': 75.540506, 'test_acc': 0.180833, 'test_avg_loss': 3.864466, 'test_f1': 0.088256, 'test_correct': 4.6, 'test_total': 22.0}, 'client_summarized_fairness': {'test_loss_entropy': 1.078445, 'test_loss_cos1': 0.434332, 'test_loss_top10%': 950.646523, 'test_loss_bottom10%': 4.180099, 'test_loss_max': 950.646523, 'test_loss_min': 4.180099, 'test_loss_top_decile': 950.646523, 'test_loss_bottom_decile': 5.483496, 'test_loss_std': 276.048105, 'test_correct': 4.7, 'test_total': 22.0, 'test_acc_std': 0.344441, 'test_acc_bottom_decile': 0.0, 'test_acc_top_decile': 0.975, 'test_acc_min': 0.0, 'test_acc_max': 0.975, 'test_acc_bottom10%': 0.0, 'test_acc_top10%': 0.975, 'test_acc_cos1': 0.528031, 'test_acc_entropy': 1.061149, 'test_avg_loss_std': 3.140623, 'test_avg_loss_bottom_decile': 1.827832, 'test_avg_loss_top_decile': 10.761482, 'test_avg_loss_min': 0.263174, 'test_avg_loss_max': 10.761482, 'test_avg_loss_bottom10%': 0.263174, 'test_avg_loss_top10%': 10.761482, 'test_avg_loss_cos1': 0.871008, 'test_avg_loss_entropy': 2.113535, 'test_f1_std': 0.20978, 'test_f1_bottom_decile': 0.0, 'test_f1_top_decile': 0.555556, 'test_f1_min': 0.0, 'test_f1_max': 0.555556, 'test_f1_bottom10%': 0.0, 'test_f1_top10%': 0.555556, 'test_f1_cos1': 0.518318, 'test_f1_entropy': 1.033947}}}
2023-02-24 20:30:39,616 (server:540) INFO: {'Role': 'Client #1', 'Round': 11, 'Results_raw': {'test_acc': 0.0, 'test_avg_loss': 8.359406, 'test_f1': 0.0, 'test_loss': 986.409933, 'test_correct': 0.0, 'test_total': 118}}
2023-02-24 20:30:39,616 (server:540) INFO: {'Role': 'Client #7', 'Round': 11, 'Results_raw': {'test_acc': 0.0, 'test_avg_loss': 8.303885, 'test_f1': 0.0, 'test_loss': 182.685472, 'test_correct': 0.0, 'test_total': 22}}
2023-02-24 20:30:39,616 (server:540) INFO: {'Role': 'Client #8', 'Round': 11, 'Results_raw': {'test_acc': 0.0, 'test_avg_loss': 9.002677, 'test_f1': 0.0, 'test_loss': 36.010708, 'test_correct': 0.0, 'test_total': 4}}
2023-02-24 20:30:39,617 (server:540) INFO: {'Role': 'Client #6', 'Round': 11, 'Results_raw': {'test_acc': 0.5, 'test_avg_loss': 3.497161, 'test_f1': 0.222222, 'test_loss': 41.965931, 'test_correct': 6.0, 'test_total': 12}}
2023-02-24 20:30:39,617 (server:540) INFO: {'Role': 'Client #3', 'Round': 11, 'Results_raw': {'test_acc': 0.0, 'test_avg_loss': 4.206198, 'test_f1': 0.0, 'test_loss': 4.206198, 'test_correct': 0.0, 'test_total': 1}}
2023-02-24 20:30:39,631 (server:540) INFO: {'Role': 'Client #9', 'Round': 11, 'Results_raw': {'test_acc': 0.0, 'test_avg_loss': 11.295855, 'test_f1': 0.0, 'test_loss': 22.591709, 'test_correct': 0.0, 'test_total': 2}}
2023-02-24 20:30:39,631 (server:540) INFO: {'Role': 'Client #4', 'Round': 11, 'Results_raw': {'test_acc': 0.975, 'test_avg_loss': 0.274322, 'test_f1': 0.493671, 'test_loss': 10.972894, 'test_correct': 39.0, 'test_total': 40}}
2023-02-24 20:30:39,631 (server:540) INFO: {'Role': 'Client #10', 'Round': 11, 'Results_raw': {'test_acc': 0.666667, 'test_avg_loss': 1.725503, 'test_f1': 0.555556, 'test_loss': 5.176509, 'test_correct': 2.0, 'test_total': 3}}
2023-02-24 20:30:39,631 (server:540) INFO: {'Role': 'Client #2', 'Round': 11, 'Results_raw': {'test_acc': 0.0, 'test_avg_loss': 7.67682, 'test_f1': 0.0, 'test_loss': 115.152304, 'test_correct': 0.0, 'test_total': 15}}
2023-02-24 20:30:39,632 (server:540) INFO: {'Role': 'Client #5', 'Round': 11, 'Results_raw': {'test_acc': 0.0, 'test_avg_loss': 4.98248, 'test_f1': 0.0, 'test_loss': 14.947439, 'test_correct': 0.0, 'test_total': 3}}
2023-02-24 20:30:39,632 (monitor:172) INFO: In worker #0, the system-related metrics are: {'id': 0, 'fl_end_time_minutes': 2.078083, 'total_model_size': 0, 'total_flops': 0, 'total_upload_bytes': 8880, 'total_download_bytes': 63560, 'global_convergence_round': 6, 'local_convergence_round': 0, 'global_convergence_time_minutes': 2.077792, 'local_convergence_time_minutes': 0}
2023-02-24 20:30:39,633 (client:513) INFO: ================= client 1 received finish message =================
2023-02-24 20:30:39,635 (monitor:172) INFO: In worker #1, the system-related metrics are: {'id': 1, 'fl_end_time_minutes': 2.075753, 'total_model_size': 3260030, 'total_flops': 235709185536.0, 'total_upload_bytes': 6592, 'total_download_bytes': 888, 'global_convergence_round': 6, 'local_convergence_round': 6, 'global_convergence_time_minutes': 2.075718, 'local_convergence_time_minutes': 2.073826}
2023-02-24 20:30:39,635 (client:513) INFO: ================= client 3 received finish message =================
2023-02-24 20:30:39,637 (monitor:172) INFO: In worker #3, the system-related metrics are: {'id': 3, 'fl_end_time_minutes': 2.072464, 'total_model_size': 3260030, 'total_flops': 3185259264.0, 'total_upload_bytes': 6592, 'total_download_bytes': 888, 'global_convergence_round': 6, 'local_convergence_round': 6, 'global_convergence_time_minutes': 2.072397, 'local_convergence_time_minutes': 2.051575}
2023-02-24 20:30:39,637 (client:513) INFO: ================= client 7 received finish message =================
2023-02-24 20:30:39,640 (monitor:172) INFO: In worker #7, the system-related metrics are: {'id': 7, 'fl_end_time_minutes': 2.064553, 'total_model_size': 3260030, 'total_flops': 140151407616.0, 'total_upload_bytes': 6592, 'total_download_bytes': 888, 'global_convergence_round': 6, 'local_convergence_round': 6, 'global_convergence_time_minutes': 2.064427, 'local_convergence_time_minutes': 2.064066}
2023-02-24 20:30:39,641 (client:513) INFO: ================= client 10 received finish message =================
2023-02-24 20:30:39,654 (monitor:172) INFO: In worker #10, the system-related metrics are: {'id': 10, 'fl_end_time_minutes': 2.061885, 'total_model_size': 3260030, 'total_flops': 170942247168.0, 'total_upload_bytes': 6600, 'total_download_bytes': 888, 'global_convergence_round': 6, 'local_convergence_round': 0, 'global_convergence_time_minutes': 2.061727, 'local_convergence_time_minutes': 0}
2023-02-24 20:30:39,655 (client:513) INFO: ================= client 9 received finish message =================
2023-02-24 20:30:39,656 (monitor:172) INFO: In worker #9, the system-related metrics are: {'id': 9, 'fl_end_time_minutes': 2.063017, 'total_model_size': 3260030, 'total_flops': 442751037696.0, 'total_upload_bytes': 6592, 'total_download_bytes': 888, 'global_convergence_round': 6, 'local_convergence_round': 6, 'global_convergence_time_minutes': 2.062628, 'local_convergence_time_minutes': 2.06065}
2023-02-24 20:30:39,657 (client:513) INFO: ================= client 6 received finish message =================
2023-02-24 20:30:39,658 (monitor:172) INFO: In worker #6, the system-related metrics are: {'id': 6, 'fl_end_time_minutes': 2.067417, 'total_model_size': 3260030, 'total_flops': 7432271616.0, 'total_upload_bytes': 6600, 'total_download_bytes': 888, 'global_convergence_round': 6, 'local_convergence_round': 0, 'global_convergence_time_minutes': 2.066998, 'local_convergence_time_minutes': 0}
2023-02-24 20:30:39,658 (client:513) INFO: ================= client 8 received finish message =================
2023-02-24 20:30:39,660 (monitor:172) INFO: In worker #8, the system-related metrics are: {'id': 8, 'fl_end_time_minutes': 2.063877, 'total_model_size': 3260030, 'total_flops': 713498075136.0, 'total_upload_bytes': 6592, 'total_download_bytes': 888, 'global_convergence_round': 6, 'local_convergence_round': 6, 'global_convergence_time_minutes': 2.063429, 'local_convergence_time_minutes': 2.061407}
2023-02-24 20:30:39,660 (client:513) INFO: ================= client 5 received finish message =================
2023-02-24 20:30:39,661 (monitor:172) INFO: In worker #5, the system-related metrics are: {'id': 5, 'fl_end_time_minutes': 2.069468, 'total_model_size': 3260030, 'total_flops': 76446222336.0, 'total_upload_bytes': 6592, 'total_download_bytes': 888, 'global_convergence_round': 6, 'local_convergence_round': 6, 'global_convergence_time_minutes': 2.068991, 'local_convergence_time_minutes': 2.066921}
2023-02-24 20:30:39,662 (client:513) INFO: ================= client 2 received finish message =================
2023-02-24 20:30:39,663 (monitor:172) INFO: In worker #2, the system-related metrics are: {'id': 2, 'fl_end_time_minutes': 2.073507, 'total_model_size': 3260030, 'total_flops': 140151407616.0, 'total_upload_bytes': 6592, 'total_download_bytes': 888, 'global_convergence_round': 6, 'local_convergence_round': 6, 'global_convergence_time_minutes': 2.073, 'local_convergence_time_minutes': 2.071065}
2023-02-24 20:30:39,664 (client:513) INFO: ================= client 4 received finish message =================
2023-02-24 20:30:39,665 (monitor:172) INFO: In worker #4, the system-related metrics are: {'id': 4, 'fl_end_time_minutes': 2.070315, 'total_model_size': 3260030, 'total_flops': 888687334656.0, 'total_upload_bytes': 6592, 'total_download_bytes': 888, 'global_convergence_round': 6, 'local_convergence_round': 6, 'global_convergence_time_minutes': 2.069779, 'local_convergence_time_minutes': 2.049}
2023-02-24 20:30:39,666 (monitor:337) INFO: We will compress the file eval_results.raw into a .gz file, and delete the old one
2023-02-24 20:30:39,680 (monitor:245) INFO: After merging the system metrics from all works, we got avg: defaultdict(None, {'id': 'sys_avg', 'sys_avg/fl_end_time_minutes': 2.069122, 'sys_avg/total_model_size': '2.83M', 'sys_avg/total_flops': '238.67G', 'sys_avg/total_upload_bytes': '6.64K', 'sys_avg/total_download_bytes': '6.43K', 'sys_avg/global_convergence_round': 6.0, 'sys_avg/local_convergence_round': 4.363636, 'sys_avg/global_convergence_time_minutes': 2.068808, 'sys_avg/local_convergence_time_minutes': 1.499864})
2023-02-24 20:30:39,680 (monitor:248) INFO: After merging the system metrics from all works, we got std: defaultdict(None, {'id': 'sys_std', 'sys_std/fl_end_time_minutes': 0.005197, 'sys_std/total_model_size': '915.23K', 'sys_std/total_flops': '266.75G', 'sys_std/total_upload_bytes': '657.3', 'sys_std/total_download_bytes': '17.59K', 'sys_std/global_convergence_round': 0.0, 'sys_std/local_convergence_round': 2.672171, 'sys_std/global_convergence_time_minutes': 0.005219, 'sys_std/local_convergence_time_minutes': 0.918502})
