2023-02-17 17:47:25,855 (logging:124) INFO: the current machine is at 192.168.0.1
2023-02-17 17:47:25,856 (logging:126) INFO: the current dir is /home/ubuntu/medscale
2023-02-17 17:47:25,856 (logging:127) INFO: the output dir is exp/FedEM_resnet18_on_lung_lr0.01_lstep1
2023-02-17 17:47:36,854 (cfg_data:145) WARNING: config `cfg.data.batch_size` will be removed in the future, use `cfg.dataloader.batch_size` instead.
2023-02-17 17:47:36,854 (cfg_data:145) WARNING: config `cfg.data.batch_size` will be removed in the future, use `cfg.dataloader.batch_size` instead.
2023-02-17 17:47:36,878 (config:243) INFO: the used configs are: 
aggregator:
  inside_weight: 1.0
  num_agg_groups: 1
  num_agg_topk: []
  outside_weight: 0.0
asyn:
  use: False
attack:
  alpha_TV: 0.001
  alpha_prop_loss: 0
  attack_method: 
  attacker_id: -1
  classifier_PIA: randomforest
  edge_num: 100
  edge_path: edge_data/
  freq: 10
  info_diff_type: l2
  inject_round: 0
  insert_round: 100000
  label_type: dirty
  max_ite: 400
  mean: [0.1307]
  mia_is_simulate_in: False
  mia_simulate_in_round: 20
  pgd_eps: 2
  pgd_lr: 0.1
  pgd_poisoning: False
  poison_ratio: 0.5
  reconstruct_lr: 0.01
  reconstruct_optim: Adam
  scale_para: 1.0
  scale_poisoning: False
  self_epoch: 6
  self_lr: 0.05
  self_opt: False
  setting: fix
  std: [0.3081]
  target_label_ind: -1
  trigger_path: trigger/
  trigger_type: edge
backend: torch
cfg_file: 
check_completeness: False
criterion:
  type: CrossEntropyLoss
data:
  args: []
  batch_size: 16
  cSBM_phi: [0.5, 0.5, 0.5]
  cache_dir: 
  consistent_label_distribution: False
  drop_last: False
  hetero_data_name: []
  hetero_synth_batch_size: 32
  hetero_synth_feat_dim: 128
  hetero_synth_prim_weight: 0.5
  is_debug: False
  loader: 
  max_query_len: 128
  max_seq_len: 384
  max_tgt_len: 128
  num_contrast: 0
  num_of_client_for_data: []
  num_steps: 30
  num_workers: 0
  pre_transform: []
  quadratic:
    dim: 1
    max_curv: 12.5
    min_curv: 0.02
  root: data/
  save_data: False
  server_holds_all: False
  shuffle: True
  sizes: [10, 5]
  splits: [0.8, 0, 0.2]
  splitter: lda
  splitter_args: [{'alpha': 0.1}]
  subsample: 1.0
  target_transform: []
  test_pre_transform: []
  test_target_transform: []
  test_transform: []
  transform: []
  trunc_stride: 128
  type: lung
  val_pre_transform: []
  val_target_transform: []
  val_transform: []
  walk_length: 2
dataloader:
  batch_size: 16
  drop_last: False
  num_steps: 30
  num_workers: 0
  pin_memory: False
  shuffle: True
  sizes: [10, 5]
  theta: -1
  type: base
  walk_length: 2
device: 0
distribute:
  use: False
early_stop:
  delta: 0.0
  improve_indicator_mode: best
  patience: 5
eval:
  best_res_update_round_wise_key: test_loss
  count_flops: True
  freq: 1
  metrics: ['acc', 'correct', 'f1']
  monitoring: []
  report: ['weighted_avg', 'avg', 'fairness', 'raw']
  split: ['test', 'val']
expname: FedEM_resnet18_on_lung_lr0.01_lstep1
expname_tag: 
feat_engr:
  num_bins: 5
  scenario: hfl
  secure:
    dp:
      
    encrypt:
      type: dummy
    key_size: 3072
    type: encrypt
  selec_threshold: 0.05
  selec_woe_binning: quantile
  type: 
federate:
  atc_load_from: 
  atc_vanilla: False
  client_num: 10
  data_weighted_aggr: False
  ignore_weight: False
  join_in_info: []
  make_global_eval: False
  merge_test_data: False
  method: FedEM
  mode: standalone
  online_aggr: False
  resource_info_file: 
  restore_from: 
  sample_client_num: 10
  sample_client_rate: -1.0
  sampler: uniform
  save_to: 
  share_local_model: False
  total_round_num: 10
  unseen_clients_rate: 0.0
  use_diff: False
  use_ss: False
fedopt:
  use: False
fedprox:
  use: False
fedsageplus:
  a: 1.0
  b: 1.0
  c: 1.0
  fedgen_epoch: 200
  gen_hidden: 128
  hide_portion: 0.5
  loc_epoch: 1
  num_pred: 5
finetune:
  batch_or_epoch: epoch
  before_eval: False
  freeze_param: 
  local_update_steps: 1
  optimizer:
    lr: 0.1
    type: SGD
  scheduler:
    type: 
    warmup_ratio: 0.0
flitplus:
  factor_ema: 0.8
  lambdavat: 0.5
  tmpFed: 0.5
  weightReg: 1.0
gcflplus:
  EPS_1: 0.05
  EPS_2: 0.1
  seq_length: 5
  standardize: False
grad:
  grad_accum_count: 1
  grad_clip: 5.0
hpo:
  fedex:
    cutoff: 0.0
    diff: False
    eta0: -1.0
    flatten_ss: True
    gamma: 0.0
    pi_lr: 0.01
    psn: False
    sched: auto
    ss: 
    use: False
  init_cand_num: 16
  larger_better: False
  metric: client_summarized_weighted_avg.val_loss
  num_workers: 0
  pbt:
    max_stage: 5
    perf_threshold: 0.1
  scheduler: rs
  sha:
    budgets: []
    elim_rate: 3
    iter: 0
  ss: 
  table:
    eps: 0.1
    idx: 0
    num: 27
  working_folder: hpo
model:
  contrast_temp: 1.0
  contrast_topk: 100
  downstream_tasks: []
  dropout: 0.0
  embed_size: 8
  gamma: 0
  graph_pooling: mean
  hidden: 2048
  in_channels: 0
  input_shape: ()
  label_smoothing: 0.1
  lambda_: 0.1
  layer: 2
  length_penalty: 2.0
  max_answer_len: 30
  max_length: 200
  max_tree_depth: 3
  min_length: 1
  model_num_per_trainer: 1
  model_type: google/bert_uncased_L-2_H-128_A-2
  n_best_size: 20
  no_repeat_ngram_size: 3
  null_score_diff_threshold: 0.0
  num_beams: 5
  num_item: 0
  num_labels: 1
  num_of_trees: 10
  num_user: 0
  out_channels: 62
  pretrain_tasks: []
  stage: 
  task: node
  type: resnet18
  use_bias: True
  use_contrastive_loss: False
nbafl:
  use: False
outdir: exp/FedEM_resnet18_on_lung_lr0.01_lstep1
personalization:
  K: 5
  beta: 1.0
  local_param: []
  local_update_steps: 1
  lr: 0.5
  regular_weight: 0.1
  share_non_trainable_para: False
print_decimal_digits: 6
regularizer:
  mu: 0.0
  type: 
seed: 2
sgdmf:
  use: False
train:
  batch_or_epoch: epoch
  local_update_steps: 1
  optimizer:
    lr: 0.01
    type: SGD
    weight_decay: 0.0
  scheduler:
    type: 
    warmup_ratio: 0.0
trainer:
  disp_freq: 50
  local_entropy:
    alpha: 0.75
    eps: 0.001
    gamma: 0.0001
  sam:
    adaptive: False
    eta: 0.0
    rho: 1.0
  type: cvtrainer
  val_freq: 100000000
use_gpu: True
verbose: 1
vertical:
  use: False
wandb:
  use: False
2023-02-17 17:47:36,879 (worker_builder:174) WARNING: Server for method FedEM is not implemented. Will use default one
2023-02-17 17:47:36,880 (worker_builder:71) WARNING: Clients for method FedEM is not implemented. Will use default one
2023-02-17 17:47:36,959 (utils:144) INFO: The device information file is not provided
2023-02-17 17:47:37,166 (aggregator_builder:67) WARNING: Aggregator for method FedEM is not implemented. Will use default one
2023-02-17 17:47:37,166 (fed_runner:169) INFO: Server has been set up ... 
2023-02-17 17:47:37,366 (trainer:161) INFO: Remove the hook `_hook_on_fit_end` from hooks_set at trigger `on_fit_end`
2023-02-17 17:47:40,197 (context:228) WARNING: cur_split `None` not found in data_split, will use `train` split to calculate `ctx.var`.
2023-02-17 17:47:40,198 (context:228) WARNING: cur_split `None` not found in data_split, will use `train` split to calculate `ctx.var`.
2023-02-17 17:47:40,234 (fed_runner:221) INFO: Client 1 has been set up ... 
2023-02-17 17:47:40,426 (trainer:161) INFO: Remove the hook `_hook_on_fit_end` from hooks_set at trigger `on_fit_end`
2023-02-17 17:47:40,427 (context:228) WARNING: cur_split `None` not found in data_split, will use `train` split to calculate `ctx.var`.
2023-02-17 17:47:40,427 (context:228) WARNING: cur_split `None` not found in data_split, will use `train` split to calculate `ctx.var`.
2023-02-17 17:47:40,469 (fed_runner:221) INFO: Client 2 has been set up ... 
2023-02-17 17:47:40,569 (trainer:161) INFO: Remove the hook `_hook_on_fit_end` from hooks_set at trigger `on_fit_end`
2023-02-17 17:47:40,570 (context:228) WARNING: cur_split `None` not found in data_split, will use `train` split to calculate `ctx.var`.
2023-02-17 17:47:40,570 (context:228) WARNING: cur_split `None` not found in data_split, will use `train` split to calculate `ctx.var`.
2023-02-17 17:47:40,611 (fed_runner:221) INFO: Client 3 has been set up ... 
2023-02-17 17:47:40,821 (trainer:161) INFO: Remove the hook `_hook_on_fit_end` from hooks_set at trigger `on_fit_end`
2023-02-17 17:47:40,822 (context:228) WARNING: cur_split `None` not found in data_split, will use `train` split to calculate `ctx.var`.
2023-02-17 17:47:40,822 (context:228) WARNING: cur_split `None` not found in data_split, will use `train` split to calculate `ctx.var`.
2023-02-17 17:47:40,864 (fed_runner:221) INFO: Client 4 has been set up ... 
2023-02-17 17:47:40,974 (trainer:161) INFO: Remove the hook `_hook_on_fit_end` from hooks_set at trigger `on_fit_end`
2023-02-17 17:47:40,975 (context:228) WARNING: cur_split `None` not found in data_split, will use `train` split to calculate `ctx.var`.
2023-02-17 17:47:40,975 (context:228) WARNING: cur_split `None` not found in data_split, will use `train` split to calculate `ctx.var`.
2023-02-17 17:47:41,018 (fed_runner:221) INFO: Client 5 has been set up ... 
2023-02-17 17:47:41,201 (trainer:161) INFO: Remove the hook `_hook_on_fit_end` from hooks_set at trigger `on_fit_end`
2023-02-17 17:47:41,201 (context:228) WARNING: cur_split `None` not found in data_split, will use `train` split to calculate `ctx.var`.
2023-02-17 17:47:41,201 (context:228) WARNING: cur_split `None` not found in data_split, will use `train` split to calculate `ctx.var`.
2023-02-17 17:47:41,242 (fed_runner:221) INFO: Client 6 has been set up ... 
2023-02-17 17:47:41,449 (trainer:161) INFO: Remove the hook `_hook_on_fit_end` from hooks_set at trigger `on_fit_end`
2023-02-17 17:47:41,450 (context:228) WARNING: cur_split `None` not found in data_split, will use `train` split to calculate `ctx.var`.
2023-02-17 17:47:41,450 (context:228) WARNING: cur_split `None` not found in data_split, will use `train` split to calculate `ctx.var`.
2023-02-17 17:47:41,491 (fed_runner:221) INFO: Client 7 has been set up ... 
2023-02-17 17:47:41,613 (trainer:161) INFO: Remove the hook `_hook_on_fit_end` from hooks_set at trigger `on_fit_end`
2023-02-17 17:47:41,613 (context:228) WARNING: cur_split `None` not found in data_split, will use `train` split to calculate `ctx.var`.
2023-02-17 17:47:41,613 (context:228) WARNING: cur_split `None` not found in data_split, will use `train` split to calculate `ctx.var`.
2023-02-17 17:47:41,655 (fed_runner:221) INFO: Client 8 has been set up ... 
2023-02-17 17:47:41,759 (trainer:161) INFO: Remove the hook `_hook_on_fit_end` from hooks_set at trigger `on_fit_end`
2023-02-17 17:47:41,760 (context:228) WARNING: cur_split `None` not found in data_split, will use `train` split to calculate `ctx.var`.
2023-02-17 17:47:41,760 (context:228) WARNING: cur_split `None` not found in data_split, will use `train` split to calculate `ctx.var`.
2023-02-17 17:47:41,802 (fed_runner:221) INFO: Client 9 has been set up ... 
2023-02-17 17:47:41,913 (trainer:161) INFO: Remove the hook `_hook_on_fit_end` from hooks_set at trigger `on_fit_end`
2023-02-17 17:47:41,914 (context:228) WARNING: cur_split `None` not found in data_split, will use `train` split to calculate `ctx.var`.
2023-02-17 17:47:41,914 (context:228) WARNING: cur_split `None` not found in data_split, will use `train` split to calculate `ctx.var`.
2023-02-17 17:47:41,956 (fed_runner:221) INFO: Client 10 has been set up ... 
<<<<<<< HEAD
2023-02-17 17:47:41,956 (trainer:341) INFO: Model meta-info: <class 'medscale.contrib.model.resnet.ResNet'>.
=======
<<<<<<< HEAD
2023-02-17 17:47:41,956 (trainer:341) INFO: Model meta-info: <class 'medscale.contrib.model.resnet.ResNet'>.
=======
2023-02-17 17:47:41,956 (trainer:341) INFO: Model meta-info: <class 'medscale.contrib.model.resnet.ResNet'>.
>>>>>>> fe4962455354c9c11afd9c9806ceda28eb280737
>>>>>>> 64b283ee525ef53c32509882719e74890329b83f
2023-02-17 17:47:41,958 (trainer:349) INFO: Num of original para names: 122.
2023-02-17 17:47:41,958 (trainer:350) INFO: Num of original trainable para names: 62.
2023-02-17 17:47:41,958 (trainer:352) INFO: Num of preserved para names in local update: 122. 
Preserved para names in local update: {'layer4.1.bn2.num_batches_tracked', 'layer1.0.conv1.weight', 'layer2.0.shortcut.1.num_batches_tracked', 'layer1.0.bn1.running_mean', 'layer1.1.bn1.running_mean', 'layer4.1.bn1.num_batches_tracked', 'layer4.1.bn1.bias', 'layer2.0.shortcut.0.weight', 'layer4.0.bn1.num_batches_tracked', 'layer2.1.conv1.weight', 'layer4.1.bn1.running_var', 'layer3.1.bn1.running_mean', 'layer1.0.conv2.weight', 'layer2.0.bn1.num_batches_tracked', 'layer2.1.bn1.running_mean', 'layer1.0.bn2.num_batches_tracked', 'layer1.1.bn2.bias', 'layer1.0.bn2.weight', 'layer2.1.bn2.running_mean', 'layer2.0.bn2.weight', 'layer3.0.bn1.num_batches_tracked', 'layer3.1.bn1.num_batches_tracked', 'layer2.0.bn1.running_mean', 'layer3.1.bn2.running_mean', 'layer2.0.bn1.bias', 'layer3.0.bn1.running_mean', 'layer4.0.conv2.weight', 'bn1.num_batches_tracked', 'layer3.0.bn1.running_var', 'layer3.0.shortcut.1.num_batches_tracked', 'layer1.1.bn2.running_var', 'layer1.0.bn1.weight', 'layer2.1.bn1.weight', 'layer3.1.bn1.weight', 'layer3.1.bn2.weight', 'layer1.1.bn1.bias', 'layer4.1.bn2.weight', 'layer3.0.shortcut.1.running_var', 'layer1.0.bn1.bias', 'layer1.0.bn1.num_batches_tracked', 'layer4.0.bn1.running_var', 'layer3.0.conv2.weight', 'layer2.0.bn2.num_batches_tracked', 'layer4.0.bn1.bias', 'layer2.0.shortcut.1.bias', 'layer2.1.bn2.bias', 'layer3.1.conv1.weight', 'layer2.0.shortcut.1.weight', 'layer4.0.bn1.weight', 'layer4.1.bn1.running_mean', 'layer1.1.bn1.num_batches_tracked', 'layer3.0.shortcut.1.weight', 'layer2.0.bn2.bias', 'layer3.0.bn2.num_batches_tracked', 'layer3.1.bn2.bias', 'layer1.1.bn1.running_var', 'layer1.0.bn2.running_mean', 'layer4.0.shortcut.0.weight', 'layer2.1.bn1.bias', 'layer3.0.shortcut.1.running_mean', 'layer2.1.bn1.running_var', 'layer3.0.bn2.running_mean', 'layer4.0.bn2.weight', 'layer4.1.conv2.weight', 'layer3.0.conv1.weight', 'layer2.0.bn2.running_var', 'layer1.1.bn2.num_batches_tracked', 'layer4.1.bn2.running_mean', 'layer4.1.bn2.running_var', 'layer2.0.conv2.weight', 'layer4.0.conv1.weight', 'layer1.1.bn2.weight', 'layer2.0.conv1.weight', 'linear.weight', 'layer2.0.bn2.running_mean', 'layer2.1.conv2.weight', 'layer4.0.bn2.num_batches_tracked', 'bn1.running_mean', 'layer1.0.bn1.running_var', 'layer3.1.bn1.running_var', 'layer3.0.bn1.bias', 'layer4.0.shortcut.1.weight', 'layer1.0.bn2.bias', 'layer3.0.bn2.bias', 'layer3.0.shortcut.1.bias', 'layer4.1.conv1.weight', 'layer4.1.bn2.bias', 'layer2.1.bn2.running_var', 'layer1.0.bn2.running_var', 'layer4.0.shortcut.1.bias', 'layer2.1.bn2.weight', 'layer1.1.conv2.weight', 'layer3.0.bn2.running_var', 'bn1.bias', 'layer4.0.shortcut.1.running_mean', 'layer2.0.bn1.running_var', 'layer2.0.bn1.weight', 'layer3.1.bn1.bias', 'layer3.0.shortcut.0.weight', 'layer3.0.bn1.weight', 'layer1.1.bn2.running_mean', 'layer2.0.shortcut.1.running_mean', 'linear.bias', 'layer2.1.bn2.num_batches_tracked', 'layer4.0.shortcut.1.running_var', 'layer4.0.shortcut.1.num_batches_tracked', 'bn1.running_var', 'conv1.weight', 'bn1.weight', 'layer2.1.bn1.num_batches_tracked', 'layer3.1.conv2.weight', 'layer4.1.bn1.weight', 'layer3.1.bn2.num_batches_tracked', 'layer3.0.bn2.weight', 'layer2.0.shortcut.1.running_var', 'layer4.0.bn2.running_mean', 'layer4.0.bn1.running_mean', 'layer4.0.bn2.running_var', 'layer3.1.bn2.running_var', 'layer1.1.bn1.weight', 'layer4.0.bn2.bias', 'layer1.1.conv1.weight'}.
2023-02-17 17:47:41,960 (trainer:356) INFO: Num of filtered para names in local update: 0. 
Filtered para names in local update: set().
2023-02-17 17:47:41,960 (trainer:361) INFO: After register default hooks,
	the hooks_in_train is:
	[
	  {
	    "on_fit_start": [
	      "_hook_on_fit_start_mixture_weights_update",
	      "_hook_on_fit_start_flop_count",
	      "_hook_on_fit_start_init",
	      "_hook_on_fit_start_calculate_model_size"
	    ],
	    "on_epoch_start": [
	      "_hook_on_epoch_start"
	    ],
	    "on_batch_start": [
	      "_hook_on_batch_start_track_batch_idx",
	      "_hook_on_batch_start_init"
	    ],
	    "on_batch_forward": [
	      "_hook_on_batch_forward",
	      "_hook_on_batch_forward_regularizer",
	      "_hook_on_batch_forward_flop_count",
	      "_hook_on_batch_forward_weighted_loss"
	    ],
	    "on_batch_backward": [
	      "_hook_on_batch_backward"
	    ],
	    "on_batch_end": [
	      "_hook_on_batch_end"
	    ],
	    "on_fit_end": [
	      "_hook_on_fit_end",
	      "_hook_on_fit_end_flop_count"
	    ]
	  }
	];
	the hooks_in_eval is:
            t[
	  {
	    "on_fit_start": [
	      "_hook_on_fit_start_init"
	    ],
	    "on_epoch_start": [
	      "_hook_on_epoch_start"
	    ],
	    "on_batch_start": [
	      "_hook_on_batch_start_track_batch_idx",
	      "_hook_on_batch_start_init"
	    ],
	    "on_batch_forward": [
	      "_hook_on_batch_forward"
	    ],
	    "on_batch_end": [
	      "_hook_on_batch_end_gather_loss",
	      "_hook_on_batch_end"
	    ],
	    "on_fit_end": [
	      "_hook_on_fit_end_ensemble_eval"
	    ]
	  }
	]
2023-02-17 17:47:42,008 (server:804) INFO: ----------- Starting training (Round #0) -------------
2023-02-17 17:47:42,027 (context:224) WARNING: cur_mode `test` mismatch mode `train`, will use `train` to calculate `ctx.var`.
2023-02-17 17:47:42,027 (context:224) WARNING: cur_mode `test` mismatch mode `train`, will use `train` to calculate `ctx.var`.
2023-02-17 17:47:42,027 (context:224) WARNING: cur_mode `test` mismatch mode `train`, will use `train` to calculate `ctx.var`.
2023-02-17 17:47:43,234 (client:306) INFO: {'Role': 'Client #6', 'Round': 0, 'Results_raw': {'train_total': 2, 'train_avg_loss': 1.726639, 'train_correct': 0.0, 'train_f1': 0.0, 'train_loss': 3.453279, 'train_acc': 0.0}}
2023-02-17 17:47:43,250 (context:224) WARNING: cur_mode `test` mismatch mode `train`, will use `train` to calculate `ctx.var`.
2023-02-17 17:47:43,251 (context:224) WARNING: cur_mode `test` mismatch mode `train`, will use `train` to calculate `ctx.var`.
2023-02-17 17:47:43,251 (context:224) WARNING: cur_mode `test` mismatch mode `train`, will use `train` to calculate `ctx.var`.
2023-02-17 17:47:43,400 (context:224) WARNING: cur_mode `test` mismatch mode `train`, will use `train` to calculate `ctx.var`.
2023-02-17 17:47:43,866 (client:306) INFO: {'Role': 'Client #5', 'Round': 0, 'Results_raw': {'train_total': 24, 'train_avg_loss': 0.366129, 'train_correct': 24.0, 'train_f1': 1.0, 'train_loss': 8.78709, 'train_acc': 1.0}}
2023-02-17 17:47:43,882 (context:224) WARNING: cur_mode `test` mismatch mode `train`, will use `train` to calculate `ctx.var`.
2023-02-17 17:47:43,883 (context:224) WARNING: cur_mode `test` mismatch mode `train`, will use `train` to calculate `ctx.var`.
2023-02-17 17:47:43,883 (context:224) WARNING: cur_mode `test` mismatch mode `train`, will use `train` to calculate `ctx.var`.
2023-02-17 17:47:43,999 (context:224) WARNING: cur_mode `test` mismatch mode `train`, will use `train` to calculate `ctx.var`.
2023-02-17 17:47:44,124 (context:224) WARNING: cur_mode `test` mismatch mode `train`, will use `train` to calculate `ctx.var`.
2023-02-17 17:47:44,248 (context:224) WARNING: cur_mode `test` mismatch mode `train`, will use `train` to calculate `ctx.var`.
2023-02-17 17:47:44,367 (context:224) WARNING: cur_mode `test` mismatch mode `train`, will use `train` to calculate `ctx.var`.
2023-02-17 17:47:44,488 (context:224) WARNING: cur_mode `test` mismatch mode `train`, will use `train` to calculate `ctx.var`.
2023-02-17 17:47:44,608 (context:224) WARNING: cur_mode `test` mismatch mode `train`, will use `train` to calculate `ctx.var`.
2023-02-17 17:47:44,728 (context:224) WARNING: cur_mode `test` mismatch mode `train`, will use `train` to calculate `ctx.var`.
2023-02-17 17:47:44,853 (context:224) WARNING: cur_mode `test` mismatch mode `train`, will use `train` to calculate `ctx.var`.
2023-02-17 17:47:44,974 (context:224) WARNING: cur_mode `test` mismatch mode `train`, will use `train` to calculate `ctx.var`.
2023-02-17 17:47:45,100 (context:224) WARNING: cur_mode `test` mismatch mode `train`, will use `train` to calculate `ctx.var`.
2023-02-17 17:47:45,218 (context:224) WARNING: cur_mode `test` mismatch mode `train`, will use `train` to calculate `ctx.var`.
2023-02-17 17:47:45,337 (context:224) WARNING: cur_mode `test` mismatch mode `train`, will use `train` to calculate `ctx.var`.
2023-02-17 17:47:45,467 (context:224) WARNING: cur_mode `test` mismatch mode `train`, will use `train` to calculate `ctx.var`.
2023-02-17 17:47:47,637 (client:306) INFO: {'Role': 'Client #8', 'Round': 0, 'Results_raw': {'train_total': 224, 'train_avg_loss': 0.463236, 'train_correct': 190.0, 'train_f1': 0.337054, 'train_loss': 103.764917, 'train_acc': 0.848214}}
2023-02-17 17:47:47,655 (context:224) WARNING: cur_mode `test` mismatch mode `train`, will use `train` to calculate `ctx.var`.
2023-02-17 17:47:47,655 (context:224) WARNING: cur_mode `test` mismatch mode `train`, will use `train` to calculate `ctx.var`.
2023-02-17 17:47:47,655 (context:224) WARNING: cur_mode `test` mismatch mode `train`, will use `train` to calculate `ctx.var`.
2023-02-17 17:47:47,781 (context:224) WARNING: cur_mode `test` mismatch mode `train`, will use `train` to calculate `ctx.var`.
2023-02-17 17:47:47,903 (context:224) WARNING: cur_mode `test` mismatch mode `train`, will use `train` to calculate `ctx.var`.
2023-02-17 17:47:48,479 (client:306) INFO: {'Role': 'Client #2', 'Round': 0, 'Results_raw': {'train_total': 44, 'train_avg_loss': 0.658374, 'train_correct': 28.0, 'train_f1': 0.388889, 'train_loss': 28.968472, 'train_acc': 0.636364}}
2023-02-17 17:47:48,496 (context:224) WARNING: cur_mode `test` mismatch mode `train`, will use `train` to calculate `ctx.var`.
2023-02-17 17:47:48,496 (context:224) WARNING: cur_mode `test` mismatch mode `train`, will use `train` to calculate `ctx.var`.
2023-02-17 17:47:48,496 (context:224) WARNING: cur_mode `test` mismatch mode `train`, will use `train` to calculate `ctx.var`.
2023-02-17 17:47:48,621 (context:224) WARNING: cur_mode `test` mismatch mode `train`, will use `train` to calculate `ctx.var`.
2023-02-17 17:47:48,750 (context:224) WARNING: cur_mode `test` mismatch mode `train`, will use `train` to calculate `ctx.var`.
2023-02-17 17:47:48,872 (context:224) WARNING: cur_mode `test` mismatch mode `train`, will use `train` to calculate `ctx.var`.
2023-02-17 17:47:49,000 (context:224) WARNING: cur_mode `test` mismatch mode `train`, will use `train` to calculate `ctx.var`.
2023-02-17 17:47:49,127 (context:224) WARNING: cur_mode `test` mismatch mode `train`, will use `train` to calculate `ctx.var`.
2023-02-17 17:47:49,256 (context:224) WARNING: cur_mode `test` mismatch mode `train`, will use `train` to calculate `ctx.var`.
2023-02-17 17:47:49,380 (context:224) WARNING: cur_mode `test` mismatch mode `train`, will use `train` to calculate `ctx.var`.
2023-02-17 17:47:49,509 (context:224) WARNING: cur_mode `test` mismatch mode `train`, will use `train` to calculate `ctx.var`.
2023-02-17 17:47:49,636 (context:224) WARNING: cur_mode `test` mismatch mode `train`, will use `train` to calculate `ctx.var`.
2023-02-17 17:47:49,763 (context:224) WARNING: cur_mode `test` mismatch mode `train`, will use `train` to calculate `ctx.var`.
2023-02-17 17:47:49,889 (context:224) WARNING: cur_mode `test` mismatch mode `train`, will use `train` to calculate `ctx.var`.
2023-02-17 17:47:50,020 (context:224) WARNING: cur_mode `test` mismatch mode `train`, will use `train` to calculate `ctx.var`.
2023-02-17 17:47:50,145 (context:224) WARNING: cur_mode `test` mismatch mode `train`, will use `train` to calculate `ctx.var`.
2023-02-17 17:47:50,269 (context:224) WARNING: cur_mode `test` mismatch mode `train`, will use `train` to calculate `ctx.var`.
2023-02-17 17:47:50,396 (context:224) WARNING: cur_mode `test` mismatch mode `train`, will use `train` to calculate `ctx.var`.
2023-02-17 17:47:50,522 (context:224) WARNING: cur_mode `test` mismatch mode `train`, will use `train` to calculate `ctx.var`.
2023-02-17 17:47:50,648 (context:224) WARNING: cur_mode `test` mismatch mode `train`, will use `train` to calculate `ctx.var`.
2023-02-17 17:47:53,338 (client:306) INFO: {'Role': 'Client #4', 'Round': 0, 'Results_raw': {'train_total': 279, 'train_avg_loss': 0.059561, 'train_correct': 278.0, 'train_f1': 0.499102, 'train_loss': 16.617526, 'train_acc': 0.996416}}
2023-02-17 17:47:53,354 (context:224) WARNING: cur_mode `test` mismatch mode `train`, will use `train` to calculate `ctx.var`.
2023-02-17 17:47:53,355 (context:224) WARNING: cur_mode `test` mismatch mode `train`, will use `train` to calculate `ctx.var`.
2023-02-17 17:47:53,355 (context:224) WARNING: cur_mode `test` mismatch mode `train`, will use `train` to calculate `ctx.var`.
2023-02-17 17:47:53,473 (context:224) WARNING: cur_mode `test` mismatch mode `train`, will use `train` to calculate `ctx.var`.
2023-02-17 17:47:53,602 (context:224) WARNING: cur_mode `test` mismatch mode `train`, will use `train` to calculate `ctx.var`.
2023-02-17 17:47:54,170 (client:306) INFO: {'Role': 'Client #7', 'Round': 0, 'Results_raw': {'train_total': 44, 'train_avg_loss': 0.618221, 'train_correct': 28.0, 'train_f1': 0.388889, 'train_loss': 27.201703, 'train_acc': 0.636364}}
2023-02-17 17:47:54,187 (context:224) WARNING: cur_mode `test` mismatch mode `train`, will use `train` to calculate `ctx.var`.
2023-02-17 17:47:54,187 (context:224) WARNING: cur_mode `test` mismatch mode `train`, will use `train` to calculate `ctx.var`.
2023-02-17 17:47:54,187 (context:224) WARNING: cur_mode `test` mismatch mode `train`, will use `train` to calculate `ctx.var`.
2023-02-17 17:47:54,310 (context:224) WARNING: cur_mode `test` mismatch mode `train`, will use `train` to calculate `ctx.var`.
2023-02-17 17:47:54,433 (context:224) WARNING: cur_mode `test` mismatch mode `train`, will use `train` to calculate `ctx.var`.
2023-02-17 17:47:54,554 (context:224) WARNING: cur_mode `test` mismatch mode `train`, will use `train` to calculate `ctx.var`.
2023-02-17 17:47:54,673 (context:224) WARNING: cur_mode `test` mismatch mode `train`, will use `train` to calculate `ctx.var`.
2023-02-17 17:47:54,800 (context:224) WARNING: cur_mode `test` mismatch mode `train`, will use `train` to calculate `ctx.var`.
2023-02-17 17:47:54,924 (context:224) WARNING: cur_mode `test` mismatch mode `train`, will use `train` to calculate `ctx.var`.
2023-02-17 17:47:55,044 (context:224) WARNING: cur_mode `test` mismatch mode `train`, will use `train` to calculate `ctx.var`.
2023-02-17 17:47:55,163 (context:224) WARNING: cur_mode `test` mismatch mode `train`, will use `train` to calculate `ctx.var`.
2023-02-17 17:47:56,582 (client:306) INFO: {'Role': 'Client #9', 'Round': 0, 'Results_raw': {'train_total': 139, 'train_avg_loss': 0.197507, 'train_correct': 123.0, 'train_f1': 0.469466, 'train_loss': 27.453539, 'train_acc': 0.884892}}
2023-02-17 17:47:56,599 (context:224) WARNING: cur_mode `test` mismatch mode `train`, will use `train` to calculate `ctx.var`.
2023-02-17 17:47:56,599 (context:224) WARNING: cur_mode `test` mismatch mode `train`, will use `train` to calculate `ctx.var`.
2023-02-17 17:47:56,599 (context:224) WARNING: cur_mode `test` mismatch mode `train`, will use `train` to calculate `ctx.var`.
2023-02-17 17:47:56,726 (context:224) WARNING: cur_mode `test` mismatch mode `train`, will use `train` to calculate `ctx.var`.
2023-02-17 17:47:56,850 (context:224) WARNING: cur_mode `test` mismatch mode `train`, will use `train` to calculate `ctx.var`.
2023-02-17 17:47:56,979 (context:224) WARNING: cur_mode `test` mismatch mode `train`, will use `train` to calculate `ctx.var`.
2023-02-17 17:47:57,107 (context:224) WARNING: cur_mode `test` mismatch mode `train`, will use `train` to calculate `ctx.var`.
2023-02-17 17:47:57,970 (client:306) INFO: {'Role': 'Client #1', 'Round': 0, 'Results_raw': {'train_total': 74, 'train_avg_loss': 0.379027, 'train_correct': 59.0, 'train_f1': 0.501572, 'train_loss': 28.048003, 'train_acc': 0.797297}}
2023-02-17 17:47:57,987 (context:224) WARNING: cur_mode `test` mismatch mode `train`, will use `train` to calculate `ctx.var`.
2023-02-17 17:47:57,987 (context:224) WARNING: cur_mode `test` mismatch mode `train`, will use `train` to calculate `ctx.var`.
2023-02-17 17:47:57,987 (context:224) WARNING: cur_mode `test` mismatch mode `train`, will use `train` to calculate `ctx.var`.
2023-02-17 17:47:58,141 (client:306) INFO: {'Role': 'Client #3', 'Round': 0, 'Results_raw': {'train_total': 1, 'train_avg_loss': 0.478889, 'train_correct': 1.0, 'train_f1': 1.0, 'train_loss': 0.478889, 'train_acc': 1.0}}
2023-02-17 17:47:58,157 (context:224) WARNING: cur_mode `test` mismatch mode `train`, will use `train` to calculate `ctx.var`.
2023-02-17 17:47:58,158 (context:224) WARNING: cur_mode `test` mismatch mode `train`, will use `train` to calculate `ctx.var`.
2023-02-17 17:47:58,158 (context:224) WARNING: cur_mode `test` mismatch mode `train`, will use `train` to calculate `ctx.var`.
2023-02-17 17:47:58,287 (context:224) WARNING: cur_mode `test` mismatch mode `train`, will use `train` to calculate `ctx.var`.
2023-02-17 17:47:58,413 (context:224) WARNING: cur_mode `test` mismatch mode `train`, will use `train` to calculate `ctx.var`.
2023-02-17 17:47:59,039 (client:306) INFO: {'Role': 'Client #10', 'Round': 0, 'Results_raw': {'train_total': 46, 'train_avg_loss': 0.754592, 'train_correct': 37.0, 'train_f1': 0.297189, 'train_loss': 34.711245, 'train_acc': 0.804348}}
2023-02-17 17:47:59,054 (monitor:541) INFO: {'Role': 'Server #', 'Round': 0, 'Results_model_metric': {}}
2023-02-17 17:47:59,143 (server:330) INFO: Server: Starting evaluation at the end of round 0.
2023-02-17 17:47:59,145 (server:336) INFO: ----------- Starting a new training round (Round #1) -------------
2023-02-17 17:47:59,168 (context:224) WARNING: cur_mode `test` mismatch mode `train`, will use `train` to calculate `ctx.var`.
