2023-02-17 20:09:05,559 (logging:124) INFO: the current machine is at 192.168.0.1
2023-02-17 20:09:05,560 (logging:126) INFO: the current dir is /home/ubuntu/medscale
2023-02-17 20:09:05,560 (logging:127) INFO: the output dir is exp/FedAvg_convnet5_on_lung_lr0.01_lstep1
2023-02-17 20:09:13,574 (cfg_data:145) WARNING: config `cfg.data.batch_size` will be removed in the future, use `cfg.dataloader.batch_size` instead.
2023-02-17 20:09:13,575 (cfg_data:145) WARNING: config `cfg.data.batch_size` will be removed in the future, use `cfg.dataloader.batch_size` instead.
2023-02-17 20:09:13,598 (config:243) INFO: the used configs are: 
aggregator:
  inside_weight: 1.0
  num_agg_groups: 1
  num_agg_topk: []
  outside_weight: 0.0
asyn:
  use: False
attack:
  alpha_TV: 0.001
  alpha_prop_loss: 0
  attack_method: 
  attacker_id: -1
  classifier_PIA: randomforest
  edge_num: 100
  edge_path: edge_data/
  freq: 10
  info_diff_type: l2
  inject_round: 0
  insert_round: 100000
  label_type: dirty
  max_ite: 400
  mean: [0.1307]
  mia_is_simulate_in: False
  mia_simulate_in_round: 20
  pgd_eps: 2
  pgd_lr: 0.1
  pgd_poisoning: False
  poison_ratio: 0.5
  reconstruct_lr: 0.01
  reconstruct_optim: Adam
  scale_para: 1.0
  scale_poisoning: False
  self_epoch: 6
  self_lr: 0.05
  self_opt: False
  setting: fix
  std: [0.3081]
  target_label_ind: -1
  trigger_path: trigger/
  trigger_type: edge
backend: torch
cfg_file: 
check_completeness: False
criterion:
  type: CrossEntropyLoss
data:
  args: []
  batch_size: 16
  cSBM_phi: [0.5, 0.5, 0.5]
  cache_dir: 
  consistent_label_distribution: False
  drop_last: False
  hetero_data_name: []
  hetero_synth_batch_size: 32
  hetero_synth_feat_dim: 128
  hetero_synth_prim_weight: 0.5
  is_debug: False
  loader: 
  max_query_len: 128
  max_seq_len: 384
  max_tgt_len: 128
  num_contrast: 0
  num_of_client_for_data: []
  num_steps: 30
  num_workers: 0
  pre_transform: []
  quadratic:
    dim: 1
    max_curv: 12.5
    min_curv: 0.02
  root: data/
  save_data: False
  server_holds_all: False
  shuffle: True
  sizes: [10, 5]
  splits: [0.8, 0, 0.2]
  splitter: lda
  splitter_args: [{'alpha': 0.3}]
  subsample: 1.0
  target_transform: []
  test_pre_transform: []
  test_target_transform: []
  test_transform: []
  transform: []
  trunc_stride: 128
  type: lung
  val_pre_transform: []
  val_target_transform: []
  val_transform: []
  walk_length: 2
dataloader:
  batch_size: 16
  drop_last: False
  num_steps: 30
  num_workers: 0
  pin_memory: False
  shuffle: True
  sizes: [10, 5]
  theta: -1
  type: base
  walk_length: 2
device: 0
distribute:
  use: False
early_stop:
  delta: 0.0
  improve_indicator_mode: best
  patience: 5
eval:
  best_res_update_round_wise_key: test_loss
  count_flops: True
  freq: 1
  metrics: ['acc', 'correct', 'f1']
  monitoring: []
  report: ['weighted_avg', 'avg', 'fairness', 'raw']
  split: ['test', 'val']
expname: FedAvg_convnet5_on_lung_lr0.01_lstep1
expname_tag: 
feat_engr:
  num_bins: 5
  scenario: hfl
  secure:
    dp:
      
    encrypt:
      type: dummy
    key_size: 3072
    type: encrypt
  selec_threshold: 0.05
  selec_woe_binning: quantile
  type: 
federate:
  atc_load_from: 
  atc_vanilla: False
  client_num: 10
  data_weighted_aggr: False
  ignore_weight: False
  join_in_info: []
  make_global_eval: False
  merge_test_data: False
  method: FedAvg
  mode: standalone
  online_aggr: True
  resource_info_file: 
  restore_from: 
  sample_client_num: 10
  sample_client_rate: -1.0
  sampler: uniform
  save_to: 
  share_local_model: False
  total_round_num: 10
  unseen_clients_rate: 0.0
  use_diff: False
  use_ss: False
fedopt:
  use: False
fedprox:
  use: False
fedsageplus:
  a: 1.0
  b: 1.0
  c: 1.0
  fedgen_epoch: 200
  gen_hidden: 128
  hide_portion: 0.5
  loc_epoch: 1
  num_pred: 5
finetune:
  batch_or_epoch: epoch
  before_eval: False
  freeze_param: 
  local_update_steps: 1
  optimizer:
    lr: 0.1
    type: SGD
  scheduler:
    type: 
    warmup_ratio: 0.0
flitplus:
  factor_ema: 0.8
  lambdavat: 0.5
  tmpFed: 0.5
  weightReg: 1.0
gcflplus:
  EPS_1: 0.05
  EPS_2: 0.1
  seq_length: 5
  standardize: False
grad:
  grad_accum_count: 1
  grad_clip: 5.0
hpo:
  fedex:
    cutoff: 0.0
    diff: False
    eta0: -1.0
    flatten_ss: True
    gamma: 0.0
    pi_lr: 0.01
    psn: False
    sched: auto
    ss: 
    use: False
  init_cand_num: 16
  larger_better: False
  metric: client_summarized_weighted_avg.val_loss
  num_workers: 0
  pbt:
    max_stage: 5
    perf_threshold: 0.1
  scheduler: rs
  sha:
    budgets: []
    elim_rate: 3
    iter: 0
  ss: 
  table:
    eps: 0.1
    idx: 0
    num: 27
  working_folder: hpo
model:
  contrast_temp: 1.0
  contrast_topk: 100
  downstream_tasks: []
  dropout: 0.0
  embed_size: 8
  gamma: 0
  graph_pooling: mean
  hidden: 2048
  in_channels: 0
  input_shape: ()
  label_smoothing: 0.1
  lambda_: 0.1
  layer: 2
  length_penalty: 2.0
  max_answer_len: 30
  max_length: 200
  max_tree_depth: 3
  min_length: 1
  model_num_per_trainer: 1
  model_type: google/bert_uncased_L-2_H-128_A-2
  n_best_size: 20
  no_repeat_ngram_size: 3
  null_score_diff_threshold: 0.0
  num_beams: 5
  num_item: 0
  num_labels: 1
  num_of_trees: 10
  num_user: 0
  out_channels: 62
  pretrain_tasks: []
  stage: 
  task: node
  type: convnet5
  use_bias: True
  use_contrastive_loss: False
nbafl:
  use: False
outdir: exp/FedAvg_convnet5_on_lung_lr0.01_lstep1
personalization:
  K: 5
  beta: 1.0
  local_param: []
  local_update_steps: 1
  lr: 0.01
  regular_weight: 0.1
  share_non_trainable_para: False
print_decimal_digits: 6
regularizer:
  mu: 0.0
  type: 
seed: 2
sgdmf:
  use: False
train:
  batch_or_epoch: epoch
  local_update_steps: 1
  optimizer:
    lr: 0.01
    type: SGD
    weight_decay: 0.0
  scheduler:
    type: 
    warmup_ratio: 0.0
trainer:
  disp_freq: 50
  local_entropy:
    alpha: 0.75
    eps: 0.001
    gamma: 0.0001
  sam:
    adaptive: False
    eta: 0.0
    rho: 1.0
  type: cvtrainer
  val_freq: 100000000
use_gpu: True
verbose: 1
vertical:
  use: False
wandb:
  use: False
2023-02-17 20:09:13,687 (utils:144) INFO: The device information file is not provided
2023-02-17 20:09:13,853 (fed_runner:169) INFO: Server has been set up ... 
2023-02-17 20:09:13,999 (fed_runner:221) INFO: Client 1 has been set up ... 
2023-02-17 20:09:14,138 (fed_runner:221) INFO: Client 2 has been set up ... 
2023-02-17 20:09:14,201 (fed_runner:221) INFO: Client 3 has been set up ... 
2023-02-17 20:09:14,333 (fed_runner:221) INFO: Client 4 has been set up ... 
2023-02-17 20:09:14,367 (fed_runner:221) INFO: Client 5 has been set up ... 
2023-02-17 20:09:14,515 (fed_runner:221) INFO: Client 6 has been set up ... 
2023-02-17 20:09:14,583 (fed_runner:221) INFO: Client 7 has been set up ... 
2023-02-17 20:09:14,727 (fed_runner:221) INFO: Client 8 has been set up ... 
2023-02-17 20:09:14,873 (fed_runner:221) INFO: Client 9 has been set up ... 
2023-02-17 20:09:15,018 (fed_runner:221) INFO: Client 10 has been set up ... 
<<<<<<< HEAD
2023-02-17 20:09:15,019 (trainer:341) INFO: Model meta-info: <class 'medscale.cv.model.cnn.ConvNet5'>.
=======
<<<<<<< HEAD
2023-02-17 20:09:15,019 (trainer:341) INFO: Model meta-info: <class 'medscale.cv.model.cnn.ConvNet5'>.
=======
2023-02-17 20:09:15,019 (trainer:341) INFO: Model meta-info: <class 'medscale.cv.model.cnn.ConvNet5'>.
>>>>>>> fe4962455354c9c11afd9c9806ceda28eb280737
>>>>>>> 64b283ee525ef53c32509882719e74890329b83f
2023-02-17 20:09:15,019 (trainer:349) INFO: Num of original para names: 39.
2023-02-17 20:09:15,019 (trainer:350) INFO: Num of original trainable para names: 24.
2023-02-17 20:09:15,019 (trainer:352) INFO: Num of preserved para names in local update: 39. 
Preserved para names in local update: {'bn4.weight', 'fc2.weight', 'fc2.bias', 'bn2.running_var', 'bn5.weight', 'bn1.running_var', 'bn2.num_batches_tracked', 'bn4.running_mean', 'bn1.num_batches_tracked', 'conv3.bias', 'bn4.num_batches_tracked', 'fc1.weight', 'bn3.running_var', 'bn4.bias', 'bn5.num_batches_tracked', 'bn4.running_var', 'bn3.num_batches_tracked', 'bn2.weight', 'conv5.weight', 'conv2.weight', 'conv2.bias', 'bn2.bias', 'bn5.running_mean', 'bn5.running_var', 'bn3.bias', 'bn2.running_mean', 'bn1.bias', 'conv1.weight', 'conv3.weight', 'bn3.running_mean', 'conv5.bias', 'bn5.bias', 'conv1.bias', 'conv4.bias', 'conv4.weight', 'bn1.weight', 'bn3.weight', 'bn1.running_mean', 'fc1.bias'}.
2023-02-17 20:09:15,019 (trainer:356) INFO: Num of filtered para names in local update: 0. 
Filtered para names in local update: set().
2023-02-17 20:09:15,020 (trainer:361) INFO: After register default hooks,
	the hooks_in_train is:
	{
	  "on_fit_start": [
	    "_hook_on_fit_start_init",
	    "_hook_on_fit_start_calculate_model_size"
	  ],
	  "on_epoch_start": [
	    "_hook_on_epoch_start"
	  ],
	  "on_batch_start": [
	    "_hook_on_batch_start_init"
	  ],
	  "on_batch_forward": [
	    "_hook_on_batch_forward",
	    "_hook_on_batch_forward_regularizer",
	    "_hook_on_batch_forward_flop_count"
	  ],
	  "on_batch_backward": [
	    "_hook_on_batch_backward"
	  ],
	  "on_batch_end": [
	    "_hook_on_batch_end"
	  ],
	  "on_fit_end": [
	    "_hook_on_fit_end"
	  ]
	};
	the hooks_in_eval is:
            t{
	  "on_fit_start": [
	    "_hook_on_fit_start_init"
	  ],
	  "on_epoch_start": [
	    "_hook_on_epoch_start"
	  ],
	  "on_batch_start": [
	    "_hook_on_batch_start_init"
	  ],
	  "on_batch_forward": [
	    "_hook_on_batch_forward"
	  ],
	  "on_batch_end": [
	    "_hook_on_batch_end"
	  ],
	  "on_fit_end": [
	    "_hook_on_fit_end"
	  ]
	}
2023-02-17 20:09:15,034 (server:804) INFO: ----------- Starting training (Round #0) -------------
2023-02-17 20:09:18,585 (client:306) INFO: {'Role': 'Client #9', 'Round': 0, 'Results_raw': {'train_avg_loss': 4.726425, 'train_acc': 0.0, 'train_loss': 28.358551, 'train_correct': 0.0, 'train_total': 6, 'train_f1': 0.0}}
2023-02-17 20:09:20,328 (client:306) INFO: {'Role': 'Client #3', 'Round': 0, 'Results_raw': {'train_avg_loss': 1.140972, 'train_acc': 0.869955, 'train_loss': 254.43677, 'train_correct': 194.0, 'train_total': 223, 'train_f1': 0.186091}}
2023-02-17 20:09:21,519 (client:306) INFO: {'Role': 'Client #10', 'Round': 0, 'Results_raw': {'train_avg_loss': 2.078497, 'train_acc': 0.581081, 'train_loss': 307.617608, 'train_correct': 86.0, 'train_total': 148, 'train_f1': 0.156982}}
2023-02-17 20:09:22,938 (client:306) INFO: {'Role': 'Client #8', 'Round': 0, 'Results_raw': {'train_avg_loss': 1.590375, 'train_acc': 0.724138, 'train_loss': 276.725305, 'train_correct': 126.0, 'train_total': 174, 'train_f1': 0.142857}}
2023-02-17 20:09:23,035 (client:306) INFO: {'Role': 'Client #1', 'Round': 0, 'Results_raw': {'train_avg_loss': 4.616558, 'train_acc': 0.0, 'train_loss': 32.315907, 'train_correct': 0.0, 'train_total': 7, 'train_f1': 0.0}}
2023-02-17 20:09:23,317 (client:306) INFO: {'Role': 'Client #2', 'Round': 0, 'Results_raw': {'train_avg_loss': 4.235815, 'train_acc': 0.16129, 'train_loss': 131.31028, 'train_correct': 5.0, 'train_total': 31, 'train_f1': 0.050505}}
2023-02-17 20:09:24,137 (client:306) INFO: {'Role': 'Client #4', 'Round': 0, 'Results_raw': {'train_avg_loss': 1.951801, 'train_acc': 0.785714, 'train_loss': 191.276515, 'train_correct': 77.0, 'train_total': 98, 'train_f1': 0.22}}
2023-02-17 20:09:24,302 (client:306) INFO: {'Role': 'Client #7', 'Round': 0, 'Results_raw': {'train_avg_loss': 4.630018, 'train_acc': 0.0, 'train_loss': 74.080284, 'train_correct': 0.0, 'train_total': 16, 'train_f1': 0.0}}
2023-02-17 20:09:25,621 (client:306) INFO: {'Role': 'Client #5', 'Round': 0, 'Results_raw': {'train_avg_loss': 1.881856, 'train_acc': 0.49697, 'train_loss': 310.506312, 'train_correct': 82.0, 'train_total': 165, 'train_f1': 0.170718}}
2023-02-17 20:09:25,731 (client:306) INFO: {'Role': 'Client #6', 'Round': 0, 'Results_raw': {'train_avg_loss': 4.635056, 'train_acc': 0.0, 'train_loss': 41.7155, 'train_correct': 0.0, 'train_total': 9, 'train_f1': 0.0}}
2023-02-17 20:09:25,742 (monitor:541) INFO: {'Role': 'Server #', 'Round': 0, 'Results_model_metric': {}}
2023-02-17 20:09:25,744 (server:330) INFO: Server: Starting evaluation at the end of round 0.
2023-02-17 20:09:25,747 (server:336) INFO: ----------- Starting a new training round (Round #1) -------------
2023-02-17 20:09:26,103 (context:294) WARNING: No val_data or val_loader in the trainer, will skip evaluation.If this is not the case you want, please check whether there is typo for the name
2023-02-17 20:09:26,342 (context:294) WARNING: No val_data or val_loader in the trainer, will skip evaluation.If this is not the case you want, please check whether there is typo for the name
2023-02-17 20:09:26,392 (context:294) WARNING: No val_data or val_loader in the trainer, will skip evaluation.If this is not the case you want, please check whether there is typo for the name
2023-02-17 20:09:26,583 (context:294) WARNING: No val_data or val_loader in the trainer, will skip evaluation.If this is not the case you want, please check whether there is typo for the name
2023-02-17 20:09:26,604 (context:294) WARNING: No val_data or val_loader in the trainer, will skip evaluation.If this is not the case you want, please check whether there is typo for the name
2023-02-17 20:09:26,860 (context:294) WARNING: No val_data or val_loader in the trainer, will skip evaluation.If this is not the case you want, please check whether there is typo for the name
2023-02-17 20:09:26,915 (context:294) WARNING: No val_data or val_loader in the trainer, will skip evaluation.If this is not the case you want, please check whether there is typo for the name
2023-02-17 20:09:27,191 (context:294) WARNING: No val_data or val_loader in the trainer, will skip evaluation.If this is not the case you want, please check whether there is typo for the name
2023-02-17 20:09:27,341 (context:294) WARNING: No val_data or val_loader in the trainer, will skip evaluation.If this is not the case you want, please check whether there is typo for the name
2023-02-17 20:09:27,509 (context:294) WARNING: No val_data or val_loader in the trainer, will skip evaluation.If this is not the case you want, please check whether there is typo for the name
2023-02-17 20:09:27,511 (server:590) INFO: {'Role': 'Server #', 'Round': 0, 'Results_weighted_avg': {'test_avg_loss': 3.606985, 'test_acc': 0.554545, 'test_loss': 110.588683, 'test_correct': 12.2, 'test_total': 22.0, 'test_f1': 0.333633}, 'Results_avg': {'test_avg_loss': 3.693804, 'test_acc': 0.464281, 'test_loss': 79.35368, 'test_correct': 12.2, 'test_total': 22.0, 'test_f1': 0.293998}, 'Results_fairness': {'test_correct': 12.2, 'test_total': 22.0, 'test_avg_loss_std': 0.203107, 'test_avg_loss_bottom_decile': 3.536817, 'test_avg_loss_top_decile': 4.085915, 'test_avg_loss_min': 3.532792, 'test_avg_loss_max': 4.085915, 'test_avg_loss_bottom10%': 3.532792, 'test_avg_loss_top10%': 4.085915, 'test_avg_loss_cos1': 0.998492, 'test_avg_loss_entropy': 2.301106, 'test_acc_std': 0.387263, 'test_acc_bottom_decile': 0.0, 'test_acc_top_decile': 1.0, 'test_acc_min': 0.0, 'test_acc_max': 1.0, 'test_acc_bottom10%': 0.0, 'test_acc_top10%': 1.0, 'test_acc_cos1': 0.767926, 'test_acc_entropy': 1.854699, 'test_loss_std': 49.377233, 'test_loss_bottom_decile': 20.429573, 'test_loss_top_decile': 164.112689, 'test_loss_min': 4.079415, 'test_loss_max': 164.112689, 'test_loss_bottom10%': 4.079415, 'test_loss_top10%': 164.112689, 'test_loss_cos1': 0.849049, 'test_loss_entropy': 2.06974, 'test_f1_std': 0.289968, 'test_f1_bottom_decile': 0.0, 'test_f1_top_decile': 1.0, 'test_f1_min': 0.0, 'test_f1_max': 1.0, 'test_f1_bottom10%': 0.0, 'test_f1_top10%': 1.0, 'test_f1_cos1': 0.71197, 'test_f1_entropy': 1.799419}}
2023-02-17 20:09:27,586 (client:306) INFO: {'Role': 'Client #1', 'Round': 1, 'Results_raw': {'train_avg_loss': 4.574245, 'train_acc': 0.0, 'train_loss': 32.019715, 'train_correct': 0.0, 'train_total': 7, 'train_f1': 0.0}}
2023-02-17 20:09:27,853 (client:306) INFO: {'Role': 'Client #2', 'Round': 1, 'Results_raw': {'train_avg_loss': 1.160468, 'train_acc': 0.516129, 'train_loss': 35.974522, 'train_correct': 16.0, 'train_total': 31, 'train_f1': 0.296296}}
2023-02-17 20:09:29,039 (client:306) INFO: {'Role': 'Client #10', 'Round': 1, 'Results_raw': {'train_avg_loss': 0.728637, 'train_acc': 0.668919, 'train_loss': 107.838343, 'train_correct': 99.0, 'train_total': 148, 'train_f1': 0.376544}}
2023-02-17 20:09:30,331 (client:306) INFO: {'Role': 'Client #5', 'Round': 1, 'Results_raw': {'train_avg_loss': 1.064384, 'train_acc': 0.569697, 'train_loss': 175.623437, 'train_correct': 94.0, 'train_total': 165, 'train_f1': 0.536755}}
2023-02-17 20:09:30,480 (client:306) INFO: {'Role': 'Client #7', 'Round': 1, 'Results_raw': {'train_avg_loss': 3.784806, 'train_acc': 0.0, 'train_loss': 60.5569, 'train_correct': 0.0, 'train_total': 16, 'train_f1': 0.0}}
2023-02-17 20:09:31,883 (client:306) INFO: {'Role': 'Client #8', 'Round': 1, 'Results_raw': {'train_avg_loss': 0.541277, 'train_acc': 0.781609, 'train_loss': 94.182131, 'train_correct': 136.0, 'train_total': 174, 'train_f1': 0.505682}}
2023-02-17 20:09:33,614 (client:306) INFO: {'Role': 'Client #3', 'Round': 1, 'Results_raw': {'train_avg_loss': 0.277454, 'train_acc': 0.950673, 'train_loss': 61.872247, 'train_correct': 212.0, 'train_total': 223, 'train_f1': 0.487356}}
2023-02-17 20:09:33,708 (client:306) INFO: {'Role': 'Client #6', 'Round': 1, 'Results_raw': {'train_avg_loss': 1.469529, 'train_acc': 0.777778, 'train_loss': 13.225763, 'train_correct': 7.0, 'train_total': 9, 'train_f1': 0.4375}}
2023-02-17 20:09:34,511 (client:306) INFO: {'Role': 'Client #4', 'Round': 1, 'Results_raw': {'train_avg_loss': 0.343557, 'train_acc': 0.836735, 'train_loss': 33.668583, 'train_correct': 82.0, 'train_total': 98, 'train_f1': 0.455556}}
2023-02-17 20:09:34,584 (client:306) INFO: {'Role': 'Client #9', 'Round': 1, 'Results_raw': {'train_avg_loss': 1.54867, 'train_acc': 0.0, 'train_loss': 9.292021, 'train_correct': 0.0, 'train_total': 6, 'train_f1': 0.0}}
2023-02-17 20:09:34,592 (monitor:541) INFO: {'Role': 'Server #', 'Round': 1, 'Results_model_metric': {}}
2023-02-17 20:09:34,594 (server:330) INFO: Server: Starting evaluation at the end of round 1.
2023-02-17 20:09:34,597 (server:336) INFO: ----------- Starting a new training round (Round #2) -------------
2023-02-17 20:09:34,951 (context:294) WARNING: No val_data or val_loader in the trainer, will skip evaluation.If this is not the case you want, please check whether there is typo for the name
2023-02-17 20:09:35,185 (context:294) WARNING: No val_data or val_loader in the trainer, will skip evaluation.If this is not the case you want, please check whether there is typo for the name
2023-02-17 20:09:35,237 (context:294) WARNING: No val_data or val_loader in the trainer, will skip evaluation.If this is not the case you want, please check whether there is typo for the name
2023-02-17 20:09:35,426 (context:294) WARNING: No val_data or val_loader in the trainer, will skip evaluation.If this is not the case you want, please check whether there is typo for the name
2023-02-17 20:09:35,447 (context:294) WARNING: No val_data or val_loader in the trainer, will skip evaluation.If this is not the case you want, please check whether there is typo for the name
2023-02-17 20:09:35,703 (context:294) WARNING: No val_data or val_loader in the trainer, will skip evaluation.If this is not the case you want, please check whether there is typo for the name
2023-02-17 20:09:35,759 (context:294) WARNING: No val_data or val_loader in the trainer, will skip evaluation.If this is not the case you want, please check whether there is typo for the name
2023-02-17 20:09:36,032 (context:294) WARNING: No val_data or val_loader in the trainer, will skip evaluation.If this is not the case you want, please check whether there is typo for the name
2023-02-17 20:09:36,181 (context:294) WARNING: No val_data or val_loader in the trainer, will skip evaluation.If this is not the case you want, please check whether there is typo for the name
2023-02-17 20:09:36,350 (context:294) WARNING: No val_data or val_loader in the trainer, will skip evaluation.If this is not the case you want, please check whether there is typo for the name
2023-02-17 20:09:36,352 (server:590) INFO: {'Role': 'Server #', 'Round': 1, 'Results_weighted_avg': {'test_avg_loss': 2.397031, 'test_acc': 0.722727, 'test_loss': 72.363573, 'test_correct': 15.9, 'test_total': 22.0, 'test_f1': 0.437828}, 'Results_avg': {'test_avg_loss': 2.635482, 'test_acc': 0.579098, 'test_loss': 52.734674, 'test_correct': 15.9, 'test_total': 22.0, 'test_f1': 0.343243}, 'Results_fairness': {'test_correct': 15.9, 'test_total': 22.0, 'test_avg_loss_std': 0.554402, 'test_avg_loss_bottom_decile': 2.226983, 'test_avg_loss_top_decile': 3.718814, 'test_avg_loss_min': 2.221341, 'test_avg_loss_max': 3.718814, 'test_avg_loss_bottom10%': 2.221341, 'test_avg_loss_top10%': 3.718814, 'test_avg_loss_cos1': 0.978582, 'test_avg_loss_entropy': 2.282004, 'test_acc_std': 0.323872, 'test_acc_bottom_decile': 0.0, 'test_acc_top_decile': 0.92, 'test_acc_min': 0.0, 'test_acc_max': 0.92, 'test_acc_bottom10%': 0.0, 'test_acc_top10%': 0.92, 'test_acc_cos1': 0.872777, 'test_acc_entropy': 2.05335, 'test_loss_std': 31.213278, 'test_loss_bottom_decile': 13.328045, 'test_loss_top_decile': 105.67046, 'test_loss_min': 3.675135, 'test_loss_max': 105.67046, 'test_loss_bottom10%': 3.675135, 'test_loss_top10%': 105.67046, 'test_loss_cos1': 0.860556, 'test_loss_entropy': 2.092748, 'test_f1_std': 0.206623, 'test_f1_bottom_decile': 0.0, 'test_f1_top_decile': 0.676198, 'test_f1_min': 0.0, 'test_f1_max': 0.676198, 'test_f1_bottom10%': 0.0, 'test_f1_top10%': 0.676198, 'test_f1_cos1': 0.856746, 'test_f1_entropy': 2.034402}}
2023-02-17 20:09:36,493 (client:306) INFO: {'Role': 'Client #7', 'Round': 2, 'Results_raw': {'train_avg_loss': 3.740197, 'train_acc': 0.0625, 'train_loss': 59.843159, 'train_correct': 1.0, 'train_total': 16, 'train_f1': 0.095238}}
2023-02-17 20:09:36,757 (client:306) INFO: {'Role': 'Client #2', 'Round': 2, 'Results_raw': {'train_avg_loss': 0.833596, 'train_acc': 0.677419, 'train_loss': 25.841491, 'train_correct': 21.0, 'train_total': 31, 'train_f1': 0.375}}
2023-02-17 20:09:38,168 (client:306) INFO: {'Role': 'Client #8', 'Round': 2, 'Results_raw': {'train_avg_loss': 0.433697, 'train_acc': 0.793103, 'train_loss': 75.463202, 'train_correct': 138.0, 'train_total': 174, 'train_f1': 0.549093}}
2023-02-17 20:09:39,459 (client:306) INFO: {'Role': 'Client #5', 'Round': 2, 'Results_raw': {'train_avg_loss': 0.989534, 'train_acc': 0.587879, 'train_loss': 163.273153, 'train_correct': 97.0, 'train_total': 165, 'train_f1': 0.381839}}
2023-02-17 20:09:39,551 (client:306) INFO: {'Role': 'Client #6', 'Round': 2, 'Results_raw': {'train_avg_loss': 1.360588, 'train_acc': 0.777778, 'train_loss': 12.245291, 'train_correct': 7.0, 'train_total': 9, 'train_f1': 0.4375}}
2023-02-17 20:09:39,632 (client:306) INFO: {'Role': 'Client #1', 'Round': 2, 'Results_raw': {'train_avg_loss': 4.750885, 'train_acc': 0.0, 'train_loss': 33.256198, 'train_correct': 0.0, 'train_total': 7, 'train_f1': 0.0}}
2023-02-17 20:09:39,704 (client:306) INFO: {'Role': 'Client #9', 'Round': 2, 'Results_raw': {'train_avg_loss': 1.032125, 'train_acc': 0.166667, 'train_loss': 6.192751, 'train_correct': 1.0, 'train_total': 6, 'train_f1': 0.142857}}
2023-02-17 20:09:40,874 (client:306) INFO: {'Role': 'Client #10', 'Round': 2, 'Results_raw': {'train_avg_loss': 0.5623, 'train_acc': 0.736486, 'train_loss': 83.220462, 'train_correct': 109.0, 'train_total': 148, 'train_f1': 0.447868}}
2023-02-17 20:09:41,676 (client:306) INFO: {'Role': 'Client #4', 'Round': 2, 'Results_raw': {'train_avg_loss': 0.169215, 'train_acc': 0.938776, 'train_loss': 16.583105, 'train_correct': 92.0, 'train_total': 98, 'train_f1': 0.484211}}
2023-02-17 20:09:43,397 (client:306) INFO: {'Role': 'Client #3', 'Round': 2, 'Results_raw': {'train_avg_loss': 0.24639, 'train_acc': 0.950673, 'train_loss': 54.944975, 'train_correct': 212.0, 'train_total': 223, 'train_f1': 0.487356}}
2023-02-17 20:09:43,405 (monitor:541) INFO: {'Role': 'Server #', 'Round': 2, 'Results_model_metric': {}}
2023-02-17 20:09:43,407 (server:330) INFO: Server: Starting evaluation at the end of round 2.
2023-02-17 20:09:43,409 (server:336) INFO: ----------- Starting a new training round (Round #3) -------------
2023-02-17 20:09:43,764 (context:294) WARNING: No val_data or val_loader in the trainer, will skip evaluation.If this is not the case you want, please check whether there is typo for the name
2023-02-17 20:09:44,001 (context:294) WARNING: No val_data or val_loader in the trainer, will skip evaluation.If this is not the case you want, please check whether there is typo for the name
2023-02-17 20:09:44,052 (context:294) WARNING: No val_data or val_loader in the trainer, will skip evaluation.If this is not the case you want, please check whether there is typo for the name
2023-02-17 20:09:44,244 (context:294) WARNING: No val_data or val_loader in the trainer, will skip evaluation.If this is not the case you want, please check whether there is typo for the name
2023-02-17 20:09:44,265 (context:294) WARNING: No val_data or val_loader in the trainer, will skip evaluation.If this is not the case you want, please check whether there is typo for the name
2023-02-17 20:09:44,521 (context:294) WARNING: No val_data or val_loader in the trainer, will skip evaluation.If this is not the case you want, please check whether there is typo for the name
2023-02-17 20:09:44,578 (context:294) WARNING: No val_data or val_loader in the trainer, will skip evaluation.If this is not the case you want, please check whether there is typo for the name
2023-02-17 20:09:44,852 (context:294) WARNING: No val_data or val_loader in the trainer, will skip evaluation.If this is not the case you want, please check whether there is typo for the name
2023-02-17 20:09:44,999 (context:294) WARNING: No val_data or val_loader in the trainer, will skip evaluation.If this is not the case you want, please check whether there is typo for the name
2023-02-17 20:09:45,168 (context:294) WARNING: No val_data or val_loader in the trainer, will skip evaluation.If this is not the case you want, please check whether there is typo for the name
2023-02-17 20:09:45,169 (server:590) INFO: {'Role': 'Server #', 'Round': 2, 'Results_weighted_avg': {'test_avg_loss': 1.267211, 'test_acc': 0.645455, 'test_loss': 36.652832, 'test_correct': 14.2, 'test_total': 22.0, 'test_f1': 0.421165}, 'Results_avg': {'test_avg_loss': 1.668421, 'test_acc': 0.505183, 'test_loss': 27.878649, 'test_correct': 14.2, 'test_total': 22.0, 'test_f1': 0.343873}, 'Results_fairness': {'test_correct': 14.2, 'test_total': 22.0, 'test_avg_loss_std': 0.909292, 'test_avg_loss_bottom_decile': 1.005602, 'test_avg_loss_top_decile': 3.42222, 'test_avg_loss_min': 0.930427, 'test_avg_loss_max': 3.42222, 'test_avg_loss_bottom10%': 0.930427, 'test_avg_loss_top10%': 3.42222, 'test_avg_loss_cos1': 0.878063, 'test_avg_loss_entropy': 2.173036, 'test_acc_std': 0.290138, 'test_acc_bottom_decile': 0.0, 'test_acc_top_decile': 0.9375, 'test_acc_min': 0.0, 'test_acc_max': 0.9375, 'test_acc_bottom10%': 0.0, 'test_acc_top10%': 0.9375, 'test_acc_cos1': 0.867161, 'test_acc_entropy': 2.047745, 'test_loss_std': 15.361977, 'test_loss_bottom_decile': 6.651591, 'test_loss_top_decile': 54.06544, 'test_loss_min': 3.42222, 'test_loss_max': 54.06544, 'test_loss_bottom10%': 3.42222, 'test_loss_top10%': 54.06544, 'test_loss_cos1': 0.875835, 'test_loss_entropy': 2.127157, 'test_f1_std': 0.228197, 'test_f1_bottom_decile': 0.0, 'test_f1_top_decile': 0.733333, 'test_f1_min': 0.0, 'test_f1_max': 0.733333, 'test_f1_bottom10%': 0.0, 'test_f1_top10%': 0.733333, 'test_f1_cos1': 0.833225, 'test_f1_entropy': 2.004484}}
2023-02-17 20:09:45,312 (client:306) INFO: {'Role': 'Client #7', 'Round': 3, 'Results_raw': {'train_avg_loss': 3.22344, 'train_acc': 0.1875, 'train_loss': 51.575035, 'train_correct': 3.0, 'train_total': 16, 'train_f1': 0.111111}}
2023-02-17 20:09:47,028 (client:306) INFO: {'Role': 'Client #3', 'Round': 3, 'Results_raw': {'train_avg_loss': 0.227957, 'train_acc': 0.932735, 'train_loss': 50.834326, 'train_correct': 208.0, 'train_total': 223, 'train_f1': 0.541341}}
2023-02-17 20:09:47,101 (client:306) INFO: {'Role': 'Client #9', 'Round': 3, 'Results_raw': {'train_avg_loss': 0.604169, 'train_acc': 0.5, 'train_loss': 3.625015, 'train_correct': 3.0, 'train_total': 6, 'train_f1': 0.333333}}
2023-02-17 20:09:47,364 (client:306) INFO: {'Role': 'Client #2', 'Round': 3, 'Results_raw': {'train_avg_loss': 0.521641, 'train_acc': 0.870968, 'train_loss': 16.170866, 'train_correct': 27.0, 'train_total': 31, 'train_f1': 0.504942}}
2023-02-17 20:09:48,167 (client:306) INFO: {'Role': 'Client #4', 'Round': 3, 'Results_raw': {'train_avg_loss': 0.112015, 'train_acc': 0.959184, 'train_loss': 10.977486, 'train_correct': 94.0, 'train_total': 98, 'train_f1': 0.489583}}
2023-02-17 20:09:49,567 (client:306) INFO: {'Role': 'Client #8', 'Round': 3, 'Results_raw': {'train_avg_loss': 0.348783, 'train_acc': 0.867816, 'train_loss': 60.688283, 'train_correct': 151.0, 'train_total': 174, 'train_f1': 0.694853}}
2023-02-17 20:09:49,660 (client:306) INFO: {'Role': 'Client #6', 'Round': 3, 'Results_raw': {'train_avg_loss': 1.399328, 'train_acc': 0.444444, 'train_loss': 12.593954, 'train_correct': 4.0, 'train_total': 9, 'train_f1': 0.242424}}
2023-02-17 20:09:49,740 (client:306) INFO: {'Role': 'Client #1', 'Round': 3, 'Results_raw': {'train_avg_loss': 4.289267, 'train_acc': 0.0, 'train_loss': 30.024869, 'train_correct': 0.0, 'train_total': 7, 'train_f1': 0.0}}
2023-02-17 20:09:50,912 (client:306) INFO: {'Role': 'Client #10', 'Round': 3, 'Results_raw': {'train_avg_loss': 0.636515, 'train_acc': 0.682432, 'train_loss': 94.204277, 'train_correct': 101.0, 'train_total': 148, 'train_f1': 0.377989}}
2023-02-17 20:09:52,231 (client:306) INFO: {'Role': 'Client #5', 'Round': 3, 'Results_raw': {'train_avg_loss': 0.968003, 'train_acc': 0.606061, 'train_loss': 159.720549, 'train_correct': 100.0, 'train_total': 165, 'train_f1': 0.392009}}
2023-02-17 20:09:52,240 (monitor:541) INFO: {'Role': 'Server #', 'Round': 3, 'Results_model_metric': {}}
2023-02-17 20:09:52,243 (server:330) INFO: Server: Starting evaluation at the end of round 3.
2023-02-17 20:09:52,246 (server:336) INFO: ----------- Starting a new training round (Round #4) -------------
2023-02-17 20:09:52,600 (context:294) WARNING: No val_data or val_loader in the trainer, will skip evaluation.If this is not the case you want, please check whether there is typo for the name
2023-02-17 20:09:52,835 (context:294) WARNING: No val_data or val_loader in the trainer, will skip evaluation.If this is not the case you want, please check whether there is typo for the name
2023-02-17 20:09:52,886 (context:294) WARNING: No val_data or val_loader in the trainer, will skip evaluation.If this is not the case you want, please check whether there is typo for the name
2023-02-17 20:09:53,076 (context:294) WARNING: No val_data or val_loader in the trainer, will skip evaluation.If this is not the case you want, please check whether there is typo for the name
2023-02-17 20:09:53,098 (context:294) WARNING: No val_data or val_loader in the trainer, will skip evaluation.If this is not the case you want, please check whether there is typo for the name
2023-02-17 20:09:53,356 (context:294) WARNING: No val_data or val_loader in the trainer, will skip evaluation.If this is not the case you want, please check whether there is typo for the name
2023-02-17 20:09:53,412 (context:294) WARNING: No val_data or val_loader in the trainer, will skip evaluation.If this is not the case you want, please check whether there is typo for the name
2023-02-17 20:09:53,688 (context:294) WARNING: No val_data or val_loader in the trainer, will skip evaluation.If this is not the case you want, please check whether there is typo for the name
2023-02-17 20:09:53,836 (context:294) WARNING: No val_data or val_loader in the trainer, will skip evaluation.If this is not the case you want, please check whether there is typo for the name
2023-02-17 20:09:54,005 (context:294) WARNING: No val_data or val_loader in the trainer, will skip evaluation.If this is not the case you want, please check whether there is typo for the name
2023-02-17 20:09:54,007 (server:590) INFO: {'Role': 'Server #', 'Round': 3, 'Results_weighted_avg': {'test_avg_loss': 0.881857, 'test_acc': 0.736364, 'test_loss': 24.075432, 'test_correct': 16.2, 'test_total': 22.0, 'test_f1': 0.455265}, 'Results_avg': {'test_avg_loss': 1.356906, 'test_acc': 0.590796, 'test_loss': 19.400856, 'test_correct': 16.2, 'test_total': 22.0, 'test_f1': 0.354671}, 'Results_fairness': {'test_correct': 16.2, 'test_total': 22.0, 'test_avg_loss_std': 1.081297, 'test_avg_loss_bottom_decile': 0.6074, 'test_avg_loss_top_decile': 3.516596, 'test_avg_loss_min': 0.480267, 'test_avg_loss_max': 3.516596, 'test_avg_loss_bottom10%': 0.480267, 'test_avg_loss_top10%': 3.516596, 'test_avg_loss_cos1': 0.782056, 'test_avg_loss_entropy': 2.036146, 'test_acc_std': 0.32435, 'test_acc_bottom_decile': 0.0, 'test_acc_top_decile': 0.934783, 'test_acc_min': 0.0, 'test_acc_max': 0.934783, 'test_acc_bottom10%': 0.0, 'test_acc_top10%': 0.934783, 'test_acc_cos1': 0.876584, 'test_acc_entropy': 2.058404, 'test_loss_std': 9.793167, 'test_loss_bottom_decile': 3.644401, 'test_loss_top_decile': 31.817493, 'test_loss_min': 3.356447, 'test_loss_max': 31.817493, 'test_loss_bottom10%': 3.356447, 'test_loss_top10%': 31.817493, 'test_loss_cos1': 0.892714, 'test_loss_entropy': 2.146257, 'test_f1_std': 0.210174, 'test_f1_bottom_decile': 0.0, 'test_f1_top_decile': 0.668389, 'test_f1_min': 0.0, 'test_f1_max': 0.668389, 'test_f1_bottom10%': 0.0, 'test_f1_top10%': 0.668389, 'test_f1_cos1': 0.860293, 'test_f1_entropy': 2.03801}}
2023-02-17 20:09:55,729 (client:306) INFO: {'Role': 'Client #3', 'Round': 4, 'Results_raw': {'train_avg_loss': 0.219651, 'train_acc': 0.946188, 'train_loss': 48.982224, 'train_correct': 211.0, 'train_total': 223, 'train_f1': 0.486175}}
2023-02-17 20:09:55,877 (client:306) INFO: {'Role': 'Client #7', 'Round': 4, 'Results_raw': {'train_avg_loss': 3.002546, 'train_acc': 0.125, 'train_loss': 48.040737, 'train_correct': 2.0, 'train_total': 16, 'train_f1': 0.088889}}
2023-02-17 20:09:55,959 (client:306) INFO: {'Role': 'Client #1', 'Round': 4, 'Results_raw': {'train_avg_loss': 3.788415, 'train_acc': 0.0, 'train_loss': 26.518906, 'train_correct': 0.0, 'train_total': 7, 'train_f1': 0.0}}
2023-02-17 20:09:57,119 (client:306) INFO: {'Role': 'Client #10', 'Round': 4, 'Results_raw': {'train_avg_loss': 0.468651, 'train_acc': 0.817568, 'train_loss': 69.360285, 'train_correct': 121.0, 'train_total': 148, 'train_f1': 0.507273}}
2023-02-17 20:09:57,920 (client:306) INFO: {'Role': 'Client #4', 'Round': 4, 'Results_raw': {'train_avg_loss': 0.145373, 'train_acc': 0.938776, 'train_loss': 14.246527, 'train_correct': 92.0, 'train_total': 98, 'train_f1': 0.484211}}
2023-02-17 20:09:58,012 (client:306) INFO: {'Role': 'Client #6', 'Round': 4, 'Results_raw': {'train_avg_loss': 1.107677, 'train_acc': 0.777778, 'train_loss': 9.969089, 'train_correct': 7.0, 'train_total': 9, 'train_f1': 0.311111}}
2023-02-17 20:09:59,408 (client:306) INFO: {'Role': 'Client #8', 'Round': 4, 'Results_raw': {'train_avg_loss': 0.306707, 'train_acc': 0.87931, 'train_loss': 53.366933, 'train_correct': 153.0, 'train_total': 174, 'train_f1': 0.7097}}
2023-02-17 20:09:59,480 (client:306) INFO: {'Role': 'Client #9', 'Round': 4, 'Results_raw': {'train_avg_loss': 0.816808, 'train_acc': 0.333333, 'train_loss': 4.90085, 'train_correct': 2.0, 'train_total': 6, 'train_f1': 0.25}}
2023-02-17 20:10:00,778 (client:306) INFO: {'Role': 'Client #5', 'Round': 4, 'Results_raw': {'train_avg_loss': 0.732505, 'train_acc': 0.709091, 'train_loss': 120.863406, 'train_correct': 117.0, 'train_total': 165, 'train_f1': 0.477068}}
2023-02-17 20:10:01,066 (client:306) INFO: {'Role': 'Client #2', 'Round': 4, 'Results_raw': {'train_avg_loss': 0.694235, 'train_acc': 0.741935, 'train_loss': 21.521281, 'train_correct': 23.0, 'train_total': 31, 'train_f1': 0.361656}}
2023-02-17 20:10:01,080 (monitor:541) INFO: {'Role': 'Server #', 'Round': 4, 'Results_model_metric': {}}
2023-02-17 20:10:01,083 (server:330) INFO: Server: Starting evaluation at the end of round 4.
2023-02-17 20:10:01,086 (server:336) INFO: ----------- Starting a new training round (Round #5) -------------
2023-02-17 20:10:01,462 (context:294) WARNING: No val_data or val_loader in the trainer, will skip evaluation.If this is not the case you want, please check whether there is typo for the name
2023-02-17 20:10:01,711 (context:294) WARNING: No val_data or val_loader in the trainer, will skip evaluation.If this is not the case you want, please check whether there is typo for the name
2023-02-17 20:10:01,768 (context:294) WARNING: No val_data or val_loader in the trainer, will skip evaluation.If this is not the case you want, please check whether there is typo for the name
2023-02-17 20:10:01,971 (context:294) WARNING: No val_data or val_loader in the trainer, will skip evaluation.If this is not the case you want, please check whether there is typo for the name
2023-02-17 20:10:01,998 (context:294) WARNING: No val_data or val_loader in the trainer, will skip evaluation.If this is not the case you want, please check whether there is typo for the name
2023-02-17 20:10:02,271 (context:294) WARNING: No val_data or val_loader in the trainer, will skip evaluation.If this is not the case you want, please check whether there is typo for the name
2023-02-17 20:10:02,337 (context:294) WARNING: No val_data or val_loader in the trainer, will skip evaluation.If this is not the case you want, please check whether there is typo for the name
2023-02-17 20:10:02,634 (context:294) WARNING: No val_data or val_loader in the trainer, will skip evaluation.If this is not the case you want, please check whether there is typo for the name
2023-02-17 20:10:02,794 (context:294) WARNING: No val_data or val_loader in the trainer, will skip evaluation.If this is not the case you want, please check whether there is typo for the name
2023-02-17 20:10:02,975 (context:294) WARNING: No val_data or val_loader in the trainer, will skip evaluation.If this is not the case you want, please check whether there is typo for the name
2023-02-17 20:10:02,977 (server:590) INFO: {'Role': 'Server #', 'Round': 4, 'Results_weighted_avg': {'test_avg_loss': 0.802635, 'test_acc': 0.736364, 'test_loss': 21.143912, 'test_correct': 16.2, 'test_total': 22.0, 'test_f1': 0.45644}, 'Results_avg': {'test_avg_loss': 1.356584, 'test_acc': 0.590963, 'test_loss': 17.657966, 'test_correct': 16.2, 'test_total': 22.0, 'test_f1': 0.355715}, 'Results_fairness': {'test_correct': 16.2, 'test_total': 22.0, 'test_avg_loss_std': 1.254448, 'test_avg_loss_bottom_decile': 0.513706, 'test_avg_loss_top_decile': 3.850696, 'test_avg_loss_min': 0.304332, 'test_avg_loss_max': 3.850696, 'test_avg_loss_bottom10%': 0.304332, 'test_avg_loss_top10%': 3.850696, 'test_avg_loss_cos1': 0.734205, 'test_avg_loss_entropy': 1.944759, 'test_acc_std': 0.323517, 'test_acc_bottom_decile': 0.0, 'test_acc_top_decile': 0.934783, 'test_acc_min': 0.0, 'test_acc_max': 0.934783, 'test_acc_bottom10%': 0.0, 'test_acc_top10%': 0.934783, 'test_acc_cos1': 0.877162, 'test_acc_entropy': 2.05908, 'test_loss_std': 9.317134, 'test_loss_bottom_decile': 3.68819, 'test_loss_top_decile': 29.845739, 'test_loss_min': 3.08999, 'test_loss_max': 29.845739, 'test_loss_bottom10%': 3.08999, 'test_loss_top10%': 29.845739, 'test_loss_cos1': 0.884433, 'test_loss_entropy': 2.134769, 'test_f1_std': 0.208866, 'test_f1_bottom_decile': 0.0, 'test_f1_top_decile': 0.642857, 'test_f1_min': 0.0, 'test_f1_max': 0.642857, 'test_f1_bottom10%': 0.0, 'test_f1_top10%': 0.642857, 'test_f1_cos1': 0.862334, 'test_f1_entropy': 2.039863}}
2023-02-17 20:10:04,163 (client:306) INFO: {'Role': 'Client #10', 'Round': 5, 'Results_raw': {'train_avg_loss': 0.415374, 'train_acc': 0.858108, 'train_loss': 61.475352, 'train_correct': 127.0, 'train_total': 148, 'train_f1': 0.555653}}
2023-02-17 20:10:05,556 (client:306) INFO: {'Role': 'Client #8', 'Round': 5, 'Results_raw': {'train_avg_loss': 0.315091, 'train_acc': 0.867816, 'train_loss': 54.825758, 'train_correct': 151.0, 'train_total': 174, 'train_f1': 0.717113}}
2023-02-17 20:10:06,836 (client:306) INFO: {'Role': 'Client #5', 'Round': 5, 'Results_raw': {'train_avg_loss': 0.739093, 'train_acc': 0.666667, 'train_loss': 121.950322, 'train_correct': 110.0, 'train_total': 165, 'train_f1': 0.443384}}
2023-02-17 20:10:06,983 (client:306) INFO: {'Role': 'Client #7', 'Round': 5, 'Results_raw': {'train_avg_loss': 3.022155, 'train_acc': 0.125, 'train_loss': 48.354473, 'train_correct': 2.0, 'train_total': 16, 'train_f1': 0.088889}}
2023-02-17 20:10:08,713 (client:306) INFO: {'Role': 'Client #3', 'Round': 5, 'Results_raw': {'train_avg_loss': 0.156562, 'train_acc': 0.950673, 'train_loss': 34.913334, 'train_correct': 212.0, 'train_total': 223, 'train_f1': 0.620572}}
2023-02-17 20:10:08,792 (client:306) INFO: {'Role': 'Client #1', 'Round': 5, 'Results_raw': {'train_avg_loss': 3.893871, 'train_acc': 0.0, 'train_loss': 27.257096, 'train_correct': 0.0, 'train_total': 7, 'train_f1': 0.0}}
2023-02-17 20:10:09,613 (client:306) INFO: {'Role': 'Client #4', 'Round': 5, 'Results_raw': {'train_avg_loss': 0.123937, 'train_acc': 0.969388, 'train_loss': 12.145783, 'train_correct': 95.0, 'train_total': 98, 'train_f1': 0.492228}}
2023-02-17 20:10:09,883 (client:306) INFO: {'Role': 'Client #2', 'Round': 5, 'Results_raw': {'train_avg_loss': 0.5299, 'train_acc': 0.903226, 'train_loss': 16.426908, 'train_correct': 28.0, 'train_total': 31, 'train_f1': 0.54321}}
2023-02-17 20:10:09,976 (client:306) INFO: {'Role': 'Client #6', 'Round': 5, 'Results_raw': {'train_avg_loss': 1.091773, 'train_acc': 0.777778, 'train_loss': 9.825958, 'train_correct': 7.0, 'train_total': 9, 'train_f1': 0.311111}}
2023-02-17 20:10:10,048 (client:306) INFO: {'Role': 'Client #9', 'Round': 5, 'Results_raw': {'train_avg_loss': 0.751047, 'train_acc': 0.333333, 'train_loss': 4.50628, 'train_correct': 2.0, 'train_total': 6, 'train_f1': 0.25}}
2023-02-17 20:10:10,057 (monitor:541) INFO: {'Role': 'Server #', 'Round': 5, 'Results_model_metric': {}}
2023-02-17 20:10:10,059 (server:330) INFO: Server: Starting evaluation at the end of round 5.
2023-02-17 20:10:10,061 (server:336) INFO: ----------- Starting a new training round (Round #6) -------------
2023-02-17 20:10:10,424 (context:294) WARNING: No val_data or val_loader in the trainer, will skip evaluation.If this is not the case you want, please check whether there is typo for the name
2023-02-17 20:10:10,661 (context:294) WARNING: No val_data or val_loader in the trainer, will skip evaluation.If this is not the case you want, please check whether there is typo for the name
2023-02-17 20:10:10,713 (context:294) WARNING: No val_data or val_loader in the trainer, will skip evaluation.If this is not the case you want, please check whether there is typo for the name
2023-02-17 20:10:10,903 (context:294) WARNING: No val_data or val_loader in the trainer, will skip evaluation.If this is not the case you want, please check whether there is typo for the name
2023-02-17 20:10:10,924 (context:294) WARNING: No val_data or val_loader in the trainer, will skip evaluation.If this is not the case you want, please check whether there is typo for the name
2023-02-17 20:10:11,180 (context:294) WARNING: No val_data or val_loader in the trainer, will skip evaluation.If this is not the case you want, please check whether there is typo for the name
2023-02-17 20:10:11,236 (context:294) WARNING: No val_data or val_loader in the trainer, will skip evaluation.If this is not the case you want, please check whether there is typo for the name
2023-02-17 20:10:11,509 (context:294) WARNING: No val_data or val_loader in the trainer, will skip evaluation.If this is not the case you want, please check whether there is typo for the name
2023-02-17 20:10:11,658 (context:294) WARNING: No val_data or val_loader in the trainer, will skip evaluation.If this is not the case you want, please check whether there is typo for the name
2023-02-17 20:10:11,829 (context:294) WARNING: No val_data or val_loader in the trainer, will skip evaluation.If this is not the case you want, please check whether there is typo for the name
2023-02-17 20:10:11,831 (server:590) INFO: {'Role': 'Server #', 'Round': 5, 'Results_weighted_avg': {'test_avg_loss': 0.762807, 'test_acc': 0.745455, 'test_loss': 19.945457, 'test_correct': 16.4, 'test_total': 22.0, 'test_f1': 0.456089}, 'Results_avg': {'test_avg_loss': 1.272208, 'test_acc': 0.601413, 'test_loss': 16.781756, 'test_correct': 16.4, 'test_total': 22.0, 'test_f1': 0.356062}, 'Results_fairness': {'test_correct': 16.4, 'test_total': 22.0, 'test_avg_loss_std': 1.165588, 'test_avg_loss_bottom_decile': 0.414499, 'test_avg_loss_top_decile': 3.701179, 'test_avg_loss_min': 0.212302, 'test_avg_loss_max': 3.701179, 'test_avg_loss_bottom10%': 0.212302, 'test_avg_loss_top10%': 3.701179, 'test_avg_loss_cos1': 0.737328, 'test_avg_loss_entropy': 1.945209, 'test_acc_std': 0.32796, 'test_acc_bottom_decile': 0.0, 'test_acc_top_decile': 0.96, 'test_acc_min': 0.0, 'test_acc_max': 0.96, 'test_acc_bottom10%': 0.0, 'test_acc_top10%': 0.96, 'test_acc_cos1': 0.877947, 'test_acc_entropy': 2.060288, 'test_loss_std': 9.096571, 'test_loss_bottom_decile': 3.292584, 'test_loss_top_decile': 27.690437, 'test_loss_min': 2.756339, 'test_loss_max': 27.690437, 'test_loss_bottom10%': 2.756339, 'test_loss_top10%': 27.690437, 'test_loss_cos1': 0.87915, 'test_loss_entropy': 2.120124, 'test_f1_std': 0.207583, 'test_f1_bottom_decile': 0.0, 'test_f1_top_decile': 0.65, 'test_f1_min': 0.0, 'test_f1_max': 0.65, 'test_f1_bottom10%': 0.0, 'test_f1_top10%': 0.65, 'test_f1_cos1': 0.863905, 'test_f1_entropy': 2.042935}}
2023-02-17 20:10:12,637 (client:306) INFO: {'Role': 'Client #4', 'Round': 6, 'Results_raw': {'train_avg_loss': 0.145635, 'train_acc': 0.938776, 'train_loss': 14.272256, 'train_correct': 92.0, 'train_total': 98, 'train_f1': 0.484211}}
2023-02-17 20:10:12,711 (client:306) INFO: {'Role': 'Client #9', 'Round': 6, 'Results_raw': {'train_avg_loss': 0.961348, 'train_acc': 0.333333, 'train_loss': 5.768087, 'train_correct': 2.0, 'train_total': 6, 'train_f1': 0.25}}
2023-02-17 20:10:14,104 (client:306) INFO: {'Role': 'Client #8', 'Round': 6, 'Results_raw': {'train_avg_loss': 0.280483, 'train_acc': 0.890805, 'train_loss': 48.804017, 'train_correct': 155.0, 'train_total': 174, 'train_f1': 0.737348}}
2023-02-17 20:10:14,371 (client:306) INFO: {'Role': 'Client #2', 'Round': 6, 'Results_raw': {'train_avg_loss': 0.582272, 'train_acc': 0.903226, 'train_loss': 18.050433, 'train_correct': 28.0, 'train_total': 31, 'train_f1': 0.54321}}
2023-02-17 20:10:15,675 (client:306) INFO: {'Role': 'Client #5', 'Round': 6, 'Results_raw': {'train_avg_loss': 0.685925, 'train_acc': 0.715152, 'train_loss': 113.177657, 'train_correct': 118.0, 'train_total': 165, 'train_f1': 0.478307}}
2023-02-17 20:10:15,760 (client:306) INFO: {'Role': 'Client #1', 'Round': 6, 'Results_raw': {'train_avg_loss': 3.676847, 'train_acc': 0.0, 'train_loss': 25.737931, 'train_correct': 0.0, 'train_total': 7, 'train_f1': 0.0}}
2023-02-17 20:10:15,910 (client:306) INFO: {'Role': 'Client #7', 'Round': 6, 'Results_raw': {'train_avg_loss': 2.834062, 'train_acc': 0.125, 'train_loss': 45.34499, 'train_correct': 2.0, 'train_total': 16, 'train_f1': 0.095238}}
2023-02-17 20:10:17,670 (client:306) INFO: {'Role': 'Client #3', 'Round': 6, 'Results_raw': {'train_avg_loss': 0.13913, 'train_acc': 0.959641, 'train_loss': 31.02608, 'train_correct': 214.0, 'train_total': 223, 'train_f1': 0.689559}}
2023-02-17 20:10:17,766 (client:306) INFO: {'Role': 'Client #6', 'Round': 6, 'Results_raw': {'train_avg_loss': 0.982907, 'train_acc': 0.777778, 'train_loss': 8.846161, 'train_correct': 7.0, 'train_total': 9, 'train_f1': 0.311111}}
2023-02-17 20:10:18,955 (client:306) INFO: {'Role': 'Client #10', 'Round': 6, 'Results_raw': {'train_avg_loss': 0.428651, 'train_acc': 0.810811, 'train_loss': 63.440337, 'train_correct': 120.0, 'train_total': 148, 'train_f1': 0.50814}}
2023-02-17 20:10:18,963 (monitor:541) INFO: {'Role': 'Server #', 'Round': 6, 'Results_model_metric': {}}
2023-02-17 20:10:18,965 (server:330) INFO: Server: Starting evaluation at the end of round 6.
2023-02-17 20:10:18,968 (server:336) INFO: ----------- Starting a new training round (Round #7) -------------
2023-02-17 20:10:19,324 (context:294) WARNING: No val_data or val_loader in the trainer, will skip evaluation.If this is not the case you want, please check whether there is typo for the name
2023-02-17 20:10:19,562 (context:294) WARNING: No val_data or val_loader in the trainer, will skip evaluation.If this is not the case you want, please check whether there is typo for the name
2023-02-17 20:10:19,614 (context:294) WARNING: No val_data or val_loader in the trainer, will skip evaluation.If this is not the case you want, please check whether there is typo for the name
2023-02-17 20:10:19,804 (context:294) WARNING: No val_data or val_loader in the trainer, will skip evaluation.If this is not the case you want, please check whether there is typo for the name
2023-02-17 20:10:19,826 (context:294) WARNING: No val_data or val_loader in the trainer, will skip evaluation.If this is not the case you want, please check whether there is typo for the name
2023-02-17 20:10:20,086 (context:294) WARNING: No val_data or val_loader in the trainer, will skip evaluation.If this is not the case you want, please check whether there is typo for the name
2023-02-17 20:10:20,143 (context:294) WARNING: No val_data or val_loader in the trainer, will skip evaluation.If this is not the case you want, please check whether there is typo for the name
2023-02-17 20:10:20,419 (context:294) WARNING: No val_data or val_loader in the trainer, will skip evaluation.If this is not the case you want, please check whether there is typo for the name
2023-02-17 20:10:20,570 (context:294) WARNING: No val_data or val_loader in the trainer, will skip evaluation.If this is not the case you want, please check whether there is typo for the name
2023-02-17 20:10:20,739 (context:294) WARNING: No val_data or val_loader in the trainer, will skip evaluation.If this is not the case you want, please check whether there is typo for the name
2023-02-17 20:10:20,741 (server:590) INFO: {'Role': 'Server #', 'Round': 6, 'Results_weighted_avg': {'test_avg_loss': 0.737851, 'test_acc': 0.745455, 'test_loss': 19.016996, 'test_correct': 16.4, 'test_total': 22.0, 'test_f1': 0.459223}, 'Results_avg': {'test_avg_loss': 1.274671, 'test_acc': 0.600877, 'test_loss': 16.232722, 'test_correct': 16.4, 'test_total': 22.0, 'test_f1': 0.357725}, 'Results_fairness': {'test_correct': 16.4, 'test_total': 22.0, 'test_avg_loss_std': 1.233177, 'test_avg_loss_bottom_decile': 0.366628, 'test_avg_loss_top_decile': 3.802248, 'test_avg_loss_min': 0.188116, 'test_avg_loss_max': 3.802248, 'test_avg_loss_bottom10%': 0.188116, 'test_avg_loss_top10%': 3.802248, 'test_avg_loss_cos1': 0.718708, 'test_avg_loss_entropy': 1.904664, 'test_acc_std': 0.328383, 'test_acc_bottom_decile': 0.0, 'test_acc_top_decile': 0.96, 'test_acc_min': 0.0, 'test_acc_max': 0.96, 'test_acc_bottom10%': 0.0, 'test_acc_top10%': 0.96, 'test_acc_cos1': 0.877508, 'test_acc_entropy': 2.059731, 'test_loss_std': 8.904637, 'test_loss_bottom_decile': 3.469184, 'test_loss_top_decile': 27.642962, 'test_loss_min': 2.19977, 'test_loss_max': 27.642962, 'test_loss_bottom10%': 2.19977, 'test_loss_top10%': 27.642962, 'test_loss_cos1': 0.876748, 'test_loss_entropy': 2.113772, 'test_f1_std': 0.213616, 'test_f1_bottom_decile': 0.0, 'test_f1_top_decile': 0.702381, 'test_f1_min': 0.0, 'test_f1_max': 0.702381, 'test_f1_bottom10%': 0.0, 'test_f1_top10%': 0.702381, 'test_f1_cos1': 0.858569, 'test_f1_entropy': 2.037523}}
2023-02-17 20:10:22,024 (client:306) INFO: {'Role': 'Client #5', 'Round': 7, 'Results_raw': {'train_avg_loss': 0.570076, 'train_acc': 0.775758, 'train_loss': 94.062517, 'train_correct': 128.0, 'train_total': 165, 'train_f1': 0.765814}}
2023-02-17 20:10:23,216 (client:306) INFO: {'Role': 'Client #10', 'Round': 7, 'Results_raw': {'train_avg_loss': 0.422085, 'train_acc': 0.851351, 'train_loss': 62.468623, 'train_correct': 126.0, 'train_total': 148, 'train_f1': 0.542442}}
2023-02-17 20:10:24,612 (client:306) INFO: {'Role': 'Client #8', 'Round': 7, 'Results_raw': {'train_avg_loss': 0.270862, 'train_acc': 0.867816, 'train_loss': 47.130026, 'train_correct': 151.0, 'train_total': 174, 'train_f1': 0.744036}}
2023-02-17 20:10:24,684 (client:306) INFO: {'Role': 'Client #9', 'Round': 7, 'Results_raw': {'train_avg_loss': 0.803931, 'train_acc': 0.333333, 'train_loss': 4.823585, 'train_correct': 2.0, 'train_total': 6, 'train_f1': 0.25}}
2023-02-17 20:10:24,946 (client:306) INFO: {'Role': 'Client #2', 'Round': 7, 'Results_raw': {'train_avg_loss': 0.559809, 'train_acc': 0.870968, 'train_loss': 17.354085, 'train_correct': 27.0, 'train_total': 31, 'train_f1': 0.530864}}
2023-02-17 20:10:25,742 (client:306) INFO: {'Role': 'Client #4', 'Round': 7, 'Results_raw': {'train_avg_loss': 0.13243, 'train_acc': 0.94898, 'train_loss': 12.978158, 'train_correct': 93.0, 'train_total': 98, 'train_f1': 0.486911}}
2023-02-17 20:10:25,822 (client:306) INFO: {'Role': 'Client #1', 'Round': 7, 'Results_raw': {'train_avg_loss': 3.385777, 'train_acc': 0.0, 'train_loss': 23.700437, 'train_correct': 0.0, 'train_total': 7, 'train_f1': 0.0}}
2023-02-17 20:10:27,540 (client:306) INFO: {'Role': 'Client #3', 'Round': 7, 'Results_raw': {'train_avg_loss': 0.169309, 'train_acc': 0.928251, 'train_loss': 37.755914, 'train_correct': 207.0, 'train_total': 223, 'train_f1': 0.536864}}
2023-02-17 20:10:27,691 (client:306) INFO: {'Role': 'Client #7', 'Round': 7, 'Results_raw': {'train_avg_loss': 2.63528, 'train_acc': 0.125, 'train_loss': 42.164486, 'train_correct': 2.0, 'train_total': 16, 'train_f1': 0.083333}}
2023-02-17 20:10:27,783 (client:306) INFO: {'Role': 'Client #6', 'Round': 7, 'Results_raw': {'train_avg_loss': 0.900604, 'train_acc': 0.777778, 'train_loss': 8.10544, 'train_correct': 7.0, 'train_total': 9, 'train_f1': 0.311111}}
2023-02-17 20:10:27,793 (monitor:541) INFO: {'Role': 'Server #', 'Round': 7, 'Results_model_metric': {}}
2023-02-17 20:10:27,795 (server:330) INFO: Server: Starting evaluation at the end of round 7.
2023-02-17 20:10:27,797 (server:336) INFO: ----------- Starting a new training round (Round #8) -------------
2023-02-17 20:10:28,150 (context:294) WARNING: No val_data or val_loader in the trainer, will skip evaluation.If this is not the case you want, please check whether there is typo for the name
2023-02-17 20:10:28,387 (context:294) WARNING: No val_data or val_loader in the trainer, will skip evaluation.If this is not the case you want, please check whether there is typo for the name
2023-02-17 20:10:28,439 (context:294) WARNING: No val_data or val_loader in the trainer, will skip evaluation.If this is not the case you want, please check whether there is typo for the name
2023-02-17 20:10:28,630 (context:294) WARNING: No val_data or val_loader in the trainer, will skip evaluation.If this is not the case you want, please check whether there is typo for the name
2023-02-17 20:10:28,651 (context:294) WARNING: No val_data or val_loader in the trainer, will skip evaluation.If this is not the case you want, please check whether there is typo for the name
2023-02-17 20:10:28,922 (context:294) WARNING: No val_data or val_loader in the trainer, will skip evaluation.If this is not the case you want, please check whether there is typo for the name
2023-02-17 20:10:28,978 (context:294) WARNING: No val_data or val_loader in the trainer, will skip evaluation.If this is not the case you want, please check whether there is typo for the name
2023-02-17 20:10:29,254 (context:294) WARNING: No val_data or val_loader in the trainer, will skip evaluation.If this is not the case you want, please check whether there is typo for the name
2023-02-17 20:10:29,401 (context:294) WARNING: No val_data or val_loader in the trainer, will skip evaluation.If this is not the case you want, please check whether there is typo for the name
2023-02-17 20:10:29,570 (context:294) WARNING: No val_data or val_loader in the trainer, will skip evaluation.If this is not the case you want, please check whether there is typo for the name
2023-02-17 20:10:29,572 (server:590) INFO: {'Role': 'Server #', 'Round': 7, 'Results_weighted_avg': {'test_avg_loss': 0.68935, 'test_acc': 0.781818, 'test_loss': 17.646883, 'test_correct': 17.2, 'test_total': 22.0, 'test_f1': 0.504777}, 'Results_avg': {'test_avg_loss': 1.259045, 'test_acc': 0.624607, 'test_loss': 15.165694, 'test_correct': 17.2, 'test_total': 22.0, 'test_f1': 0.390561}, 'Results_fairness': {'test_correct': 17.2, 'test_total': 22.0, 'test_avg_loss_std': 1.270364, 'test_avg_loss_bottom_decile': 0.358475, 'test_avg_loss_top_decile': 3.742845, 'test_avg_loss_min': 0.342331, 'test_avg_loss_max': 3.742845, 'test_avg_loss_bottom10%': 0.342331, 'test_avg_loss_top10%': 3.742845, 'test_avg_loss_cos1': 0.703935, 'test_avg_loss_entropy': 1.879609, 'test_acc_std': 0.33492, 'test_acc_bottom_decile': 0.0, 'test_acc_top_decile': 0.934783, 'test_acc_min': 0.0, 'test_acc_max': 0.934783, 'test_acc_bottom10%': 0.0, 'test_acc_top10%': 0.934783, 'test_acc_cos1': 0.881299, 'test_acc_entropy': 2.063448, 'test_loss_std': 8.729513, 'test_loss_bottom_decile': 3.655944, 'test_loss_top_decile': 28.643397, 'test_loss_min': 2.945632, 'test_loss_max': 28.643397, 'test_loss_bottom10%': 2.945632, 'test_loss_top10%': 28.643397, 'test_loss_cos1': 0.866678, 'test_loss_entropy': 2.123199, 'test_f1_std': 0.244287, 'test_f1_bottom_decile': 0.0, 'test_f1_top_decile': 0.761905, 'test_f1_min': 0.0, 'test_f1_max': 0.761905, 'test_f1_bottom10%': 0.0, 'test_f1_top10%': 0.761905, 'test_f1_cos1': 0.847816, 'test_f1_entropy': 2.021368}}
2023-02-17 20:10:29,717 (client:306) INFO: {'Role': 'Client #7', 'Round': 8, 'Results_raw': {'train_avg_loss': 2.677656, 'train_acc': 0.1875, 'train_loss': 42.842499, 'train_correct': 3.0, 'train_total': 16, 'train_f1': 0.111111}}
2023-02-17 20:10:29,792 (client:306) INFO: {'Role': 'Client #9', 'Round': 8, 'Results_raw': {'train_avg_loss': 0.461874, 'train_acc': 0.833333, 'train_loss': 2.771241, 'train_correct': 5.0, 'train_total': 6, 'train_f1': 0.454545}}
2023-02-17 20:10:31,532 (client:306) INFO: {'Role': 'Client #3', 'Round': 8, 'Results_raw': {'train_avg_loss': 0.15542, 'train_acc': 0.941704, 'train_loss': 34.658761, 'train_correct': 210.0, 'train_total': 223, 'train_f1': 0.602496}}
2023-02-17 20:10:31,799 (client:306) INFO: {'Role': 'Client #2', 'Round': 8, 'Results_raw': {'train_avg_loss': 0.401408, 'train_acc': 0.935484, 'train_loss': 12.443656, 'train_correct': 29.0, 'train_total': 31, 'train_f1': 0.654762}}
2023-02-17 20:10:33,085 (client:306) INFO: {'Role': 'Client #5', 'Round': 8, 'Results_raw': {'train_avg_loss': 0.704499, 'train_acc': 0.678788, 'train_loss': 116.242255, 'train_correct': 112.0, 'train_total': 165, 'train_f1': 0.453168}}
2023-02-17 20:10:33,177 (client:306) INFO: {'Role': 'Client #6', 'Round': 8, 'Results_raw': {'train_avg_loss': 0.993369, 'train_acc': 0.666667, 'train_loss': 8.940318, 'train_correct': 6.0, 'train_total': 9, 'train_f1': 0.307692}}
2023-02-17 20:10:33,257 (client:306) INFO: {'Role': 'Client #1', 'Round': 8, 'Results_raw': {'train_avg_loss': 3.452428, 'train_acc': 0.0, 'train_loss': 24.166997, 'train_correct': 0.0, 'train_total': 7, 'train_f1': 0.0}}
2023-02-17 20:10:34,058 (client:306) INFO: {'Role': 'Client #4', 'Round': 8, 'Results_raw': {'train_avg_loss': 0.05299, 'train_acc': 0.989796, 'train_loss': 5.193043, 'train_correct': 97.0, 'train_total': 98, 'train_f1': 0.497436}}
2023-02-17 20:10:35,222 (client:306) INFO: {'Role': 'Client #10', 'Round': 8, 'Results_raw': {'train_avg_loss': 0.38183, 'train_acc': 0.844595, 'train_loss': 56.510776, 'train_correct': 125.0, 'train_total': 148, 'train_f1': 0.543288}}
2023-02-17 20:10:36,618 (client:306) INFO: {'Role': 'Client #8', 'Round': 8, 'Results_raw': {'train_avg_loss': 0.231851, 'train_acc': 0.913793, 'train_loss': 40.342051, 'train_correct': 159.0, 'train_total': 174, 'train_f1': 0.800991}}
2023-02-17 20:10:36,626 (monitor:541) INFO: {'Role': 'Server #', 'Round': 8, 'Results_model_metric': {}}
2023-02-17 20:10:36,628 (server:330) INFO: Server: Starting evaluation at the end of round 8.
2023-02-17 20:10:36,631 (server:336) INFO: ----------- Starting a new training round (Round #9) -------------
2023-02-17 20:10:36,983 (context:294) WARNING: No val_data or val_loader in the trainer, will skip evaluation.If this is not the case you want, please check whether there is typo for the name
2023-02-17 20:10:37,230 (context:294) WARNING: No val_data or val_loader in the trainer, will skip evaluation.If this is not the case you want, please check whether there is typo for the name
2023-02-17 20:10:37,284 (context:294) WARNING: No val_data or val_loader in the trainer, will skip evaluation.If this is not the case you want, please check whether there is typo for the name
2023-02-17 20:10:37,481 (context:294) WARNING: No val_data or val_loader in the trainer, will skip evaluation.If this is not the case you want, please check whether there is typo for the name
2023-02-17 20:10:37,503 (context:294) WARNING: No val_data or val_loader in the trainer, will skip evaluation.If this is not the case you want, please check whether there is typo for the name
2023-02-17 20:10:37,772 (context:294) WARNING: No val_data or val_loader in the trainer, will skip evaluation.If this is not the case you want, please check whether there is typo for the name
2023-02-17 20:10:37,831 (context:294) WARNING: No val_data or val_loader in the trainer, will skip evaluation.If this is not the case you want, please check whether there is typo for the name
2023-02-17 20:10:38,115 (context:294) WARNING: No val_data or val_loader in the trainer, will skip evaluation.If this is not the case you want, please check whether there is typo for the name
2023-02-17 20:10:38,268 (context:294) WARNING: No val_data or val_loader in the trainer, will skip evaluation.If this is not the case you want, please check whether there is typo for the name
2023-02-17 20:10:38,443 (context:294) WARNING: No val_data or val_loader in the trainer, will skip evaluation.If this is not the case you want, please check whether there is typo for the name
2023-02-17 20:10:38,444 (server:590) INFO: {'Role': 'Server #', 'Round': 8, 'Results_weighted_avg': {'test_avg_loss': 0.692266, 'test_acc': 0.772727, 'test_loss': 17.503651, 'test_correct': 17.0, 'test_total': 22.0, 'test_f1': 0.531103}, 'Results_avg': {'test_avg_loss': 1.244708, 'test_acc': 0.623508, 'test_loss': 15.229862, 'test_correct': 17.0, 'test_total': 22.0, 'test_f1': 0.419951}, 'Results_fairness': {'test_correct': 17.0, 'test_total': 22.0, 'test_avg_loss_std': 1.25148, 'test_avg_loss_bottom_decile': 0.33136, 'test_avg_loss_top_decile': 3.844426, 'test_avg_loss_min': 0.127249, 'test_avg_loss_max': 3.844426, 'test_avg_loss_bottom10%': 0.127249, 'test_avg_loss_top10%': 3.844426, 'test_avg_loss_cos1': 0.705186, 'test_avg_loss_entropy': 1.873336, 'test_acc_std': 0.333492, 'test_acc_bottom_decile': 0.0, 'test_acc_top_decile': 1.0, 'test_acc_min': 0.0, 'test_acc_max': 1.0, 'test_acc_bottom10%': 0.0, 'test_acc_top10%': 1.0, 'test_acc_cos1': 0.881792, 'test_acc_entropy': 2.065106, 'test_loss_std': 8.561391, 'test_loss_bottom_decile': 3.18122, 'test_loss_top_decile': 26.62329, 'test_loss_min': 2.388609, 'test_loss_max': 26.62329, 'test_loss_bottom10%': 2.388609, 'test_loss_top10%': 26.62329, 'test_loss_cos1': 0.871708, 'test_loss_entropy': 2.105217, 'test_f1_std': 0.290242, 'test_f1_bottom_decile': 0.0, 'test_f1_top_decile': 1.0, 'test_f1_min': 0.0, 'test_f1_max': 1.0, 'test_f1_bottom10%': 0.0, 'test_f1_top10%': 1.0, 'test_f1_cos1': 0.822644, 'test_f1_entropy': 1.994741}}
2023-02-17 20:10:39,736 (client:306) INFO: {'Role': 'Client #5', 'Round': 9, 'Results_raw': {'train_avg_loss': 0.635143, 'train_acc': 0.733333, 'train_loss': 104.798546, 'train_correct': 121.0, 'train_total': 165, 'train_f1': 0.490983}}
2023-02-17 20:10:40,533 (client:306) INFO: {'Role': 'Client #4', 'Round': 9, 'Results_raw': {'train_avg_loss': 0.090745, 'train_acc': 0.979592, 'train_loss': 8.892968, 'train_correct': 96.0, 'train_total': 98, 'train_f1': 0.494845}}
2023-02-17 20:10:40,626 (client:306) INFO: {'Role': 'Client #6', 'Round': 9, 'Results_raw': {'train_avg_loss': 0.883045, 'train_acc': 0.777778, 'train_loss': 7.947408, 'train_correct': 7.0, 'train_total': 9, 'train_f1': 0.311111}}
2023-02-17 20:10:41,794 (client:306) INFO: {'Role': 'Client #10', 'Round': 9, 'Results_raw': {'train_avg_loss': 0.346495, 'train_acc': 0.864865, 'train_loss': 51.281196, 'train_correct': 128.0, 'train_total': 148, 'train_f1': 0.560411}}
2023-02-17 20:10:42,056 (client:306) INFO: {'Role': 'Client #2', 'Round': 9, 'Results_raw': {'train_avg_loss': 0.574842, 'train_acc': 0.806452, 'train_loss': 17.820112, 'train_correct': 25.0, 'train_total': 31, 'train_f1': 0.448802}}
2023-02-17 20:10:42,128 (client:306) INFO: {'Role': 'Client #9', 'Round': 9, 'Results_raw': {'train_avg_loss': 0.628441, 'train_acc': 0.666667, 'train_loss': 3.770646, 'train_correct': 4.0, 'train_total': 6, 'train_f1': 0.4}}
2023-02-17 20:10:43,526 (client:306) INFO: {'Role': 'Client #8', 'Round': 9, 'Results_raw': {'train_avg_loss': 0.222855, 'train_acc': 0.91954, 'train_loss': 38.776698, 'train_correct': 160.0, 'train_total': 174, 'train_f1': 0.793209}}
2023-02-17 20:10:43,606 (client:306) INFO: {'Role': 'Client #1', 'Round': 9, 'Results_raw': {'train_avg_loss': 3.417434, 'train_acc': 0.0, 'train_loss': 23.92204, 'train_correct': 0.0, 'train_total': 7, 'train_f1': 0.0}}
2023-02-17 20:10:45,334 (client:306) INFO: {'Role': 'Client #3', 'Round': 9, 'Results_raw': {'train_avg_loss': 0.127206, 'train_acc': 0.955157, 'train_loss': 28.366986, 'train_correct': 213.0, 'train_total': 223, 'train_f1': 0.675872}}
2023-02-17 20:10:45,482 (client:306) INFO: {'Role': 'Client #7', 'Round': 9, 'Results_raw': {'train_avg_loss': 2.589206, 'train_acc': 0.125, 'train_loss': 41.427296, 'train_correct': 2.0, 'train_total': 16, 'train_f1': 0.083333}}
2023-02-17 20:10:45,490 (monitor:541) INFO: {'Role': 'Server #', 'Round': 9, 'Results_model_metric': {}}
2023-02-17 20:10:45,493 (server:347) INFO: Server: Training is finished! Starting evaluation.
2023-02-17 20:10:45,845 (context:294) WARNING: No val_data or val_loader in the trainer, will skip evaluation.If this is not the case you want, please check whether there is typo for the name
2023-02-17 20:10:46,080 (context:294) WARNING: No val_data or val_loader in the trainer, will skip evaluation.If this is not the case you want, please check whether there is typo for the name
2023-02-17 20:10:46,134 (context:294) WARNING: No val_data or val_loader in the trainer, will skip evaluation.If this is not the case you want, please check whether there is typo for the name
2023-02-17 20:10:46,329 (context:294) WARNING: No val_data or val_loader in the trainer, will skip evaluation.If this is not the case you want, please check whether there is typo for the name
2023-02-17 20:10:46,352 (context:294) WARNING: No val_data or val_loader in the trainer, will skip evaluation.If this is not the case you want, please check whether there is typo for the name
2023-02-17 20:10:46,610 (context:294) WARNING: No val_data or val_loader in the trainer, will skip evaluation.If this is not the case you want, please check whether there is typo for the name
2023-02-17 20:10:46,669 (context:294) WARNING: No val_data or val_loader in the trainer, will skip evaluation.If this is not the case you want, please check whether there is typo for the name
2023-02-17 20:10:46,947 (context:294) WARNING: No val_data or val_loader in the trainer, will skip evaluation.If this is not the case you want, please check whether there is typo for the name
2023-02-17 20:10:47,100 (context:294) WARNING: No val_data or val_loader in the trainer, will skip evaluation.If this is not the case you want, please check whether there is typo for the name
2023-02-17 20:10:47,269 (context:294) WARNING: No val_data or val_loader in the trainer, will skip evaluation.If this is not the case you want, please check whether there is typo for the name
2023-02-17 20:10:47,270 (server:590) INFO: {'Role': 'Server #', 'Round': 9, 'Results_weighted_avg': {'test_avg_loss': 0.646395, 'test_acc': 0.772727, 'test_loss': 16.522903, 'test_correct': 17.0, 'test_total': 22.0, 'test_f1': 0.532804}, 'Results_avg': {'test_avg_loss': 1.149973, 'test_acc': 0.626782, 'test_loss': 14.220697, 'test_correct': 17.0, 'test_total': 22.0, 'test_f1': 0.423061}, 'Results_fairness': {'test_correct': 17.0, 'test_total': 22.0, 'test_avg_loss_std': 1.145646, 'test_avg_loss_bottom_decile': 0.31425, 'test_avg_loss_top_decile': 3.451691, 'test_avg_loss_min': 0.112385, 'test_avg_loss_max': 3.451691, 'test_avg_loss_bottom10%': 0.112385, 'test_avg_loss_top10%': 3.451691, 'test_avg_loss_cos1': 0.708438, 'test_avg_loss_entropy': 1.879117, 'test_acc_std': 0.334094, 'test_acc_bottom_decile': 0.0, 'test_acc_top_decile': 1.0, 'test_acc_min': 0.0, 'test_acc_max': 1.0, 'test_acc_bottom10%': 0.0, 'test_acc_top10%': 1.0, 'test_acc_cos1': 0.882464, 'test_acc_entropy': 2.065863, 'test_loss_std': 8.07977, 'test_loss_bottom_decile': 2.809618, 'test_loss_top_decile': 24.552063, 'test_loss_min': 2.162399, 'test_loss_max': 24.552063, 'test_loss_bottom10%': 2.162399, 'test_loss_top10%': 24.552063, 'test_loss_cos1': 0.869461, 'test_loss_entropy': 2.100959, 'test_f1_std': 0.289454, 'test_f1_bottom_decile': 0.0, 'test_f1_top_decile': 1.0, 'test_f1_min': 0.0, 'test_f1_max': 1.0, 'test_f1_bottom10%': 0.0, 'test_f1_top10%': 1.0, 'test_f1_cos1': 0.825315, 'test_f1_entropy': 1.998366}}
2023-02-17 20:10:47,271 (server:395) INFO: Server: Final evaluation is finished! Starting merging results.
2023-02-17 20:10:47,271 (server:521) INFO: {'Role': 'Server #', 'Round': 'Final', 'Results_raw': {'client_best_individual': {'test_loss': 2.162399, 'test_avg_loss': 0.112385, 'test_acc': 1.0, 'test_correct': 43.0, 'test_total': 1.0, 'test_f1': 1.0}, 'client_summarized_weighted_avg': {'test_loss': 16.522903, 'test_avg_loss': 0.646395, 'test_acc': 0.772727, 'test_correct': 17.0, 'test_total': 22.0, 'test_f1': 0.532804}, 'client_summarized_avg': {'test_loss': 14.220697, 'test_avg_loss': 1.149973, 'test_acc': 0.626782, 'test_correct': 17.0, 'test_total': 22.0, 'test_f1': 0.423061}, 'client_summarized_fairness': {'test_loss_entropy': 2.06974, 'test_loss_cos1': 0.849049, 'test_loss_top10%': 164.112689, 'test_loss_bottom10%': 4.079415, 'test_loss_max': 164.112689, 'test_loss_min': 4.079415, 'test_loss_top_decile': 164.112689, 'test_loss_bottom_decile': 20.429573, 'test_loss_std': 49.377233, 'test_correct': 12.2, 'test_total': 22.0, 'test_avg_loss_std': 0.203107, 'test_avg_loss_bottom_decile': 3.536817, 'test_avg_loss_top_decile': 4.085915, 'test_avg_loss_min': 3.532792, 'test_avg_loss_max': 4.085915, 'test_avg_loss_bottom10%': 3.532792, 'test_avg_loss_top10%': 4.085915, 'test_avg_loss_cos1': 0.998492, 'test_avg_loss_entropy': 2.301106, 'test_acc_std': 0.387263, 'test_acc_bottom_decile': 0.0, 'test_acc_top_decile': 1.0, 'test_acc_min': 0.0, 'test_acc_max': 1.0, 'test_acc_bottom10%': 0.0, 'test_acc_top10%': 1.0, 'test_acc_cos1': 0.767926, 'test_acc_entropy': 1.854699, 'test_f1_std': 0.289968, 'test_f1_bottom_decile': 0.0, 'test_f1_top_decile': 1.0, 'test_f1_min': 0.0, 'test_f1_max': 1.0, 'test_f1_bottom10%': 0.0, 'test_f1_top10%': 1.0, 'test_f1_cos1': 0.71197, 'test_f1_entropy': 1.799419}}}
2023-02-17 20:10:47,273 (server:540) INFO: {'Role': 'Client #1', 'Round': 10, 'Results_raw': {'test_avg_loss': 0.31425, 'test_acc': 0.934783, 'test_loss': 14.455498, 'test_correct': 43.0, 'test_total': 46, 'test_f1': 0.547804}}
2023-02-17 20:10:47,273 (server:540) INFO: {'Role': 'Client #2', 'Round': 10, 'Results_raw': {'test_avg_loss': 0.734509, 'test_acc': 0.806452, 'test_loss': 22.769787, 'test_correct': 25.0, 'test_total': 31, 'test_f1': 0.314465}}
2023-02-17 20:10:47,273 (server:540) INFO: {'Role': 'Client #3', 'Round': 10, 'Results_raw': {'test_avg_loss': 3.451691, 'test_acc': 0.0, 'test_loss': 17.258457, 'test_correct': 0.0, 'test_total': 5, 'test_f1': 0.0}}
2023-02-17 20:10:47,273 (server:540) INFO: {'Role': 'Client #4', 'Round': 10, 'Results_raw': {'test_avg_loss': 0.112385, 'test_acc': 1.0, 'test_loss': 2.809618, 'test_correct': 25.0, 'test_total': 25, 'test_f1': 1.0}}
2023-02-17 20:10:47,274 (server:540) INFO: {'Role': 'Client #5', 'Round': 10, 'Results_raw': {'test_avg_loss': 3.249357, 'test_acc': 0.0, 'test_loss': 3.249357, 'test_correct': 0.0, 'test_total': 1, 'test_f1': 0.0}}
2023-02-17 20:10:47,274 (server:540) INFO: {'Role': 'Client #6', 'Round': 10, 'Results_raw': {'test_avg_loss': 0.651804, 'test_acc': 0.625, 'test_loss': 20.857721, 'test_correct': 20.0, 'test_total': 32, 'test_f1': 0.451429}}
2023-02-17 20:10:47,274 (server:540) INFO: {'Role': 'Client #7', 'Round': 10, 'Results_raw': {'test_avg_loss': 0.3604, 'test_acc': 0.833333, 'test_loss': 2.162399, 'test_correct': 5.0, 'test_total': 6, 'test_f1': 0.454545}}
2023-02-17 20:10:47,274 (server:540) INFO: {'Role': 'Client #8', 'Round': 10, 'Results_raw': {'test_avg_loss': 0.54316, 'test_acc': 0.742857, 'test_loss': 19.010588, 'test_correct': 26.0, 'test_total': 35, 'test_f1': 0.728682}}
2023-02-17 20:10:47,275 (server:540) INFO: {'Role': 'Client #9', 'Round': 10, 'Results_raw': {'test_avg_loss': 1.364003, 'test_acc': 0.611111, 'test_loss': 24.552063, 'test_correct': 11.0, 'test_total': 18, 'test_f1': 0.271605}}
2023-02-17 20:10:47,275 (server:540) INFO: {'Role': 'Client #10', 'Round': 10, 'Results_raw': {'test_avg_loss': 0.718166, 'test_acc': 0.714286, 'test_loss': 15.081484, 'test_correct': 15.0, 'test_total': 21, 'test_f1': 0.462081}}
2023-02-17 20:10:47,275 (monitor:172) INFO: In worker #0, the system-related metrics are: {'id': 0, 'fl_end_time_minutes': 1.55706, 'total_model_size': 0, 'total_flops': 0, 'total_upload_bytes': 2488000, 'total_download_bytes': 1161640, 'global_convergence_round': 0, 'local_convergence_round': 0, 'global_convergence_time_minutes': 0, 'local_convergence_time_minutes': 0}
2023-02-17 20:10:47,276 (client:513) INFO: ================= client 1 received finish message =================
2023-02-17 20:10:47,278 (monitor:172) INFO: In worker #1, the system-related metrics are: {'id': 1, 'fl_end_time_minutes': 1.554839, 'total_model_size': 3260030, 'total_flops': 18580679040.0, 'total_upload_bytes': 116256, 'total_download_bytes': 0, 'global_convergence_round': 0, 'local_convergence_round': 0, 'global_convergence_time_minutes': 0, 'local_convergence_time_minutes': 0}
2023-02-17 20:10:47,279 (client:513) INFO: ================= client 2 received finish message =================
2023-02-17 20:10:47,281 (monitor:172) INFO: In worker #2, the system-related metrics are: {'id': 2, 'fl_end_time_minutes': 1.552513, 'total_model_size': 3260030, 'total_flops': 82285864320.0, 'total_upload_bytes': 116256, 'total_download_bytes': 0, 'global_convergence_round': 0, 'local_convergence_round': 0, 'global_convergence_time_minutes': 0, 'local_convergence_time_minutes': 0}
2023-02-17 20:10:47,282 (client:513) INFO: ================= client 3 received finish message =================
2023-02-17 20:10:47,284 (monitor:172) INFO: In worker #3, the system-related metrics are: {'id': 3, 'fl_end_time_minutes': 1.551517, 'total_model_size': 3260030, 'total_flops': 591927346560.0, 'total_upload_bytes': 116256, 'total_download_bytes': 0, 'global_convergence_round': 0, 'local_convergence_round': 0, 'global_convergence_time_minutes': 0, 'local_convergence_time_minutes': 0}
2023-02-17 20:10:47,284 (client:513) INFO: ================= client 4 received finish message =================
2023-02-17 20:10:47,287 (monitor:172) INFO: In worker #4, the system-related metrics are: {'id': 4, 'fl_end_time_minutes': 1.549338, 'total_model_size': 3260030, 'total_flops': 260129506560.0, 'total_upload_bytes': 116256, 'total_download_bytes': 0, 'global_convergence_round': 0, 'local_convergence_round': 0, 'global_convergence_time_minutes': 0, 'local_convergence_time_minutes': 0}
2023-02-17 20:10:47,287 (client:513) INFO: ================= client 5 received finish message =================
2023-02-17 20:10:47,290 (monitor:172) INFO: In worker #5, the system-related metrics are: {'id': 5, 'fl_end_time_minutes': 1.548847, 'total_model_size': 3260030, 'total_flops': 437973148800.0, 'total_upload_bytes': 116256, 'total_download_bytes': 0, 'global_convergence_round': 0, 'local_convergence_round': 0, 'global_convergence_time_minutes': 0, 'local_convergence_time_minutes': 0}
2023-02-17 20:10:47,290 (client:513) INFO: ================= client 6 received finish message =================
2023-02-17 20:10:47,293 (monitor:172) INFO: In worker #6, the system-related metrics are: {'id': 6, 'fl_end_time_minutes': 1.546421, 'total_model_size': 3260030, 'total_flops': 23889444480.0, 'total_upload_bytes': 116256, 'total_download_bytes': 0, 'global_convergence_round': 0, 'local_convergence_round': 0, 'global_convergence_time_minutes': 0, 'local_convergence_time_minutes': 0}
2023-02-17 20:10:47,293 (client:513) INFO: ================= client 7 received finish message =================
2023-02-17 20:10:47,295 (monitor:172) INFO: In worker #7, the system-related metrics are: {'id': 7, 'fl_end_time_minutes': 1.545335, 'total_model_size': 3260030, 'total_flops': 42470123520.0, 'total_upload_bytes': 116256, 'total_download_bytes': 0, 'global_convergence_round': 0, 'local_convergence_round': 0, 'global_convergence_time_minutes': 0, 'local_convergence_time_minutes': 0}
2023-02-17 20:10:47,296 (client:513) INFO: ================= client 8 received finish message =================
2023-02-17 20:10:47,298 (monitor:172) INFO: In worker #8, the system-related metrics are: {'id': 8, 'fl_end_time_minutes': 1.543009, 'total_model_size': 3260030, 'total_flops': 461862593280.0, 'total_upload_bytes': 116256, 'total_download_bytes': 0, 'global_convergence_round': 0, 'local_convergence_round': 0, 'global_convergence_time_minutes': 0, 'local_convergence_time_minutes': 0}
2023-02-17 20:10:47,299 (client:513) INFO: ================= client 9 received finish message =================
2023-02-17 20:10:47,301 (monitor:172) INFO: In worker #9, the system-related metrics are: {'id': 9, 'fl_end_time_minutes': 1.54064, 'total_model_size': 3260030, 'total_flops': 15926296320.0, 'total_upload_bytes': 116256, 'total_download_bytes': 0, 'global_convergence_round': 0, 'local_convergence_round': 0, 'global_convergence_time_minutes': 0, 'local_convergence_time_minutes': 0}
2023-02-17 20:10:47,301 (client:513) INFO: ================= client 10 received finish message =================
2023-02-17 20:10:47,304 (monitor:172) INFO: In worker #10, the system-related metrics are: {'id': 10, 'fl_end_time_minutes': 1.538272, 'total_model_size': 3260030, 'total_flops': 392848642560.0, 'total_upload_bytes': 116256, 'total_download_bytes': 0, 'global_convergence_round': 0, 'local_convergence_round': 0, 'global_convergence_time_minutes': 0, 'local_convergence_time_minutes': 0}
2023-02-17 20:10:47,304 (monitor:337) INFO: We will compress the file eval_results.raw into a .gz file, and delete the old one
2023-02-17 20:10:47,308 (monitor:245) INFO: After merging the system metrics from all works, we got avg: defaultdict(None, {'id': 'sys_avg', 'sys_avg/fl_end_time_minutes': 1.547981, 'sys_avg/total_model_size': '2.83M', 'sys_avg/total_flops': '197.09G', 'sys_avg/total_upload_bytes': '324.09K', 'sys_avg/total_download_bytes': '103.13K', 'sys_avg/global_convergence_round': 0.0, 'sys_avg/local_convergence_round': 0.0, 'sys_avg/global_convergence_time_minutes': 0.0, 'sys_avg/local_convergence_time_minutes': 0.0})
2023-02-17 20:10:47,308 (monitor:248) INFO: After merging the system metrics from all works, we got std: defaultdict(None, {'id': 'sys_std', 'sys_std/fl_end_time_minutes': 0.00562, 'sys_std/total_model_size': '915.23K', 'sys_std/total_flops': '197.49G', 'sys_std/total_upload_bytes': '665.85K', 'sys_std/total_download_bytes': '326.12K', 'sys_std/global_convergence_round': 0.0, 'sys_std/local_convergence_round': 0.0, 'sys_std/global_convergence_time_minutes': 0.0, 'sys_std/local_convergence_time_minutes': 0.0})
