 is at 192.168.0.1[0m
[38;5;39m2023-02-25 00:49:22,553 (logging:126) INFO: the current dir is /home/ubuntu/medscale[0m
[38;5;39m2023-02-25 00:49:22,553 (logging:127) INFO: the output dir is exp/FedAvg_convnet5_on_lung224_lr0.01_lstep2/sub_exp_20230225004922[0m
[33;20m2023-02-25 00:49:48,181 (cfg_data:145) WARNING: config `cfg.data.batch_size` will be removed in the future, use `cfg.dataloader.batch_size` instead.[0m
[33;20m2023-02-25 00:49:48,182 (cfg_data:145) WARNING: config `cfg.data.batch_size` will be removed in the future, use `cfg.dataloader.batch_size` instead.[0m
[38;5;39m2023-02-25 00:49:48,227 (config:243) INFO: the used configs are: 
aggregator:
  inside_weight: 1.0
  num_agg_groups: 1
  num_agg_topk: []
  outside_weight: 0.0
asyn:
  use: False
attack:
  alpha_TV: 0.001
  alpha_prop_loss: 0
  attack_method: 
  attacker_id: -1
  classifier_PIA: randomforest
  edge_num: 100
  edge_path: edge_data/
  freq: 10
  info_diff_type: l2
  inject_round: 0
  insert_round: 100000
  label_type: dirty
  max_ite: 400
  mean: [0.1307]
  mia_is_simulate_in: False
  mia_simulate_in_round: 20
  pgd_eps: 2
  pgd_lr: 0.1
  pgd_poisoning: False
  poison_ratio: 0.5
  reconstruct_lr: 0.01
  reconstruct_optim: Adam
  scale_para: 1.0
  scale_poisoning: False
  self_epoch: 6
  self_lr: 0.05
  self_opt: False
  setting: fix
  std: [0.3081]
  target_label_ind: -1
  trigger_path: trigger/
  trigger_type: edge
backend: torch
cfg_file: 
check_completeness: False
criterion:
  type: CrossEntropyLoss
data:
  args: []
  batch_size: 16
  cSBM_phi: [0.5, 0.5, 0.5]
  cache_dir: 
  consistent_label_distribution: False
  drop_last: False
  hetero_data_name: []
  hetero_synth_batch_size: 32
  hetero_synth_feat_dim: 128
  hetero_synth_prim_weight: 0.5
  is_debug: False
  loader: 
  max_query_len: 128
  max_seq_len: 384
  max_tgt_len: 128
  num_contrast: 0
  num_of_client_for_data: []
  num_steps: 30
  num_workers: 0
  pre_transform: []
  quadratic:
    dim: 1
    max_curv: 12.5
    min_curv: 0.02
  root: data/
  save_data: False
  server_holds_all: False
  shuffle: True
  sizes: [10, 5]
  splits: [0.8, 0, 0.2]
  splitter: lda
  splitter_args: [{'alpha': 0.3}]
  subsample: 1.0
  target_transform: []
  test_pre_transform: []
  test_target_transform: []
  test_transform: []
  transform: []
  trunc_stride: 128
  type: lung224
  val_pre_transform: []
  val_target_transform: []
  val_transform: []
  walk_length: 2
dataloader:
  batch_size: 16
  drop_last: False
  num_steps: 30
  num_workers: 0
  pin_memory: False
  shuffle: True
  sizes: [10, 5]
  theta: -1
  type: base
  walk_length: 2
device: 0
distribute:
  use: False
early_stop:
  delta: 0.0
  improve_indicator_mode: best
  patience: 5
eval:
  best_res_update_round_wise_key: test_loss
  count_flops: True
  freq: 1
  metrics: ['acc', 'correct', 'f1']
  monitoring: []
  report: ['weighted_avg', 'avg', 'fairness', 'raw']
  split: ['test', 'val']
expname: FedAvg_convnet5_on_lung224_lr0.01_lstep2
expname_tag: 
feat_engr:
  num_bins: 5
  scenario: hfl
  secure:
    dp:
      
    encrypt:
      type: dummy
    key_size: 3072
    type: encrypt
  selec_threshold: 0.05
  selec_woe_binning: quantile
  type: 
federate:
  atc_load_from: 
  atc_vanilla: False
  client_num: 10
  data_weighted_aggr: False
  ignore_weight: False
  join_in_info: []
  make_global_eval: False
  merge_test_data: False
  method: FedAvg
  mode: standalone
  online_aggr: False
  resource_info_file: 
  restore_from: 
  sample_client_num: 7
  sample_client_rate: -1.0
  sampler: uniform
  save_to: 
  share_local_model: False
  total_round_num: 10
  unseen_clients_rate: 0.0
  use_diff: False
  use_ss: False
fedopt:
  use: False
fedprox:
  use: False
fedsageplus:
  a: 1.0
  b: 1.0
  c: 1.0
  fedgen_epoch: 200
  gen_hidden: 128
  hide_portion: 0.5
  loc_epoch: 1
  num_pred: 5
finetune:
  batch_or_epoch: epoch
  before_eval: False
  freeze_param: 
  local_update_steps: 1
  optimizer:
    lr: 0.1
    type: SGD
  scheduler:
    type: 
    warmup_ratio: 0.0
flitplus:
  factor_ema: 0.8
  lambdavat: 0.5
  tmpFed: 0.5
  weightReg: 1.0
gcflplus:
  EPS_1: 0.05
  EPS_2: 0.1
  seq_length: 5
  standardize: False
grad:
  grad_accum_count: 1
  grad_clip: 5.0
hpo:
  fedex:
    cutoff: 0.0
    diff: False
    eta0: -1.0
    flatten_ss: True
    gamma: 0.0
    pi_lr: 0.01
    psn: False
    sched: auto
    ss: 
    use: False
  init_cand_num: 16
  larger_better: False
  metric: client_summarized_weighted_avg.val_loss
  num_workers: 0
  pbt:
    max_stage: 5
    perf_threshold: 0.1
  scheduler: rs
  sha:
    budgets: []
    elim_rate: 3
    iter: 0
  ss: 
  table:
    eps: 0.1
    idx: 0
    num: 27
  working_folder: hpo
model:
  contrast_temp: 1.0
  contrast_topk: 100
  downstream_tasks: []
  dropout: 0.0
  embed_size: 8
  gamma: 0
  graph_pooling: mean
  hidden: 2048
  in_channels: 0
  input_shape: ()
  label_smoothing: 0.1
  lambda_: 0.1
  layer: 2
  length_penalty: 2.0
  max_answer_len: 30
  max_length: 200
  max_tree_depth: 3
  min_length: 1
  model_num_per_trainer: 1
  model_type: google/bert_uncased_L-2_H-128_A-2
  n_best_size: 20
  no_repeat_ngram_size: 3
  null_score_diff_threshold: 0.0
  num_beams: 5
  num_item: 0
  num_labels: 1
  num_of_trees: 10
  num_user: 0
  out_channels: 62
  pretrain_tasks: []
  stage: 
  task: node
  type: convnet5
  use_bias: True
  use_contrastive_loss: False
nbafl:
  use: False
outdir: exp/FedAvg_convnet5_on_lung224_lr0.01_lstep2/sub_exp_20230225004922
personalization:
  K: 5
  beta: 1.0
  local_param: []
  local_update_steps: 2
  lr: 0.01
  regular_weight: 0.1
  share_non_trainable_para: False
print_decimal_digits: 6
regularizer:
  mu: 0.0
  type: 
seed: 2
sgdmf:
  use: False
train:
  batch_or_epoch: epoch
  local_update_steps: 2
  optimizer:
    lr: 0.01
    type: SGD
    weight_decay: 0.0
  scheduler:
    type: 
    warmup_ratio: 0.0
trainer:
  disp_freq: 50
  local_entropy:
    alpha: 0.75
    eps: 0.001
    gamma: 0.0001
  sam:
    adaptive: False
    eta: 0.0
    rho: 1.0
  type: cvtrainer
  val_freq: 100000000
use_gpu: True
verbose: 1
vertical:
  use: False
wandb:
  use: False[0m
[38;5;39m2023-02-25 00:49:48,459 (utils:144) INFO: The device information file is not provided[0m
[38;5;39m2023-02-25 00:49:48,925 (fed_runner:169) INFO: Server has been set up ... [0m
[38;5;39m2023-02-25 00:49:49,389 (fed_runner:221) INFO: Client 1 has been set up ... [0m
[38;5;39m2023-02-25 00:49:49,821 (fed_runner:221) INFO: Client 2 has been set up ... [0m
[38;5;39m2023-02-25 00:49:50,073 (fed_runner:221) INFO: Client 3 has been set up ... [0m
[38;5;39m2023-02-25 00:49:50,343 (fed_runner:221) INFO: Client 4 has been set up ... [0m
[38;5;39m2023-02-25 00:49:50,436 (fed_runner:221) INFO: Client 5 has been set up ... [0m
[38;5;39m2023-02-25 00:49:50,785 (fed_runner:221) INFO: Client 6 has been set up ... [0m
[38;5;39m2023-02-25 00:49:50,962 (fed_runner:221) INFO: Client 7 has been set up ... [0m
[38;5;39m2023-02-25 00:49:51,261 (fed_runner:221) INFO: Client 8 has been set up ... [0m
[38;5;39m2023-02-25 00:49:51,677 (fed_runner:221) INFO: Client 9 has been set up ... [0m
[38;5;39m2023-02-25 00:49:52,021 (fed_runner:221) INFO: Client 10 has been set up ... [0m
<<<<<<< HEAD
[38;5;39m2023-02-25 00:49:52,021 (trainer:341) INFO: Model meta-info: <class 'medscale.cv.model.cnn.ConvNet5'>.[0m
=======
<<<<<<< HEAD
[38;5;39m2023-02-25 00:49:52,021 (trainer:341) INFO: Model meta-info: <class 'medscale.cv.model.cnn.ConvNet5'>.[0m
=======
[38;5;39m2023-02-25 00:49:52,021 (trainer:341) INFO: Model meta-info: <class 'medscale.cv.model.cnn.ConvNet5'>.[0m
>>>>>>> fe4962455354c9c11afd9c9806ceda28eb280737
>>>>>>> 64b283ee525ef53c32509882719e74890329b83f
[38;5;39m2023-02-25 00:49:52,022 (trainer:349) INFO: Num of original para names: 39.[0m
[38;5;39m2023-02-25 00:49:52,022 (trainer:350) INFO: Num of original trainable para names: 24.[0m
[38;5;39m2023-02-25 00:49:52,022 (trainer:352) INFO: Num of preserved para names in local update: 39. 
Preserved para names in local update: {'bn3.weight', 'conv2.bias', 'bn1.weight', 'conv2.weight', 'bn4.running_var', 'conv1.bias', 'bn1.num_batches_tracked', 'conv5.bias', 'bn5.running_var', 'conv3.weight', 'bn3.num_batches_tracked', 'bn2.weight', 'fc2.weight', 'bn1.bias', 'fc2.bias', 'bn2.num_batches_tracked', 'bn3.running_mean', 'conv3.bias', 'bn5.bias', 'bn3.running_var', 'bn4.running_mean', 'bn2.running_mean', 'bn1.running_var', 'conv4.bias', 'bn5.num_batches_tracked', 'fc1.bias', 'bn2.running_var', 'conv4.weight', 'bn4.weight', 'bn4.num_batches_tracked', 'bn5.weight', 'bn2.bias', 'conv1.weight', 'bn5.running_mean', 'bn1.running_mean', 'conv5.weight', 'fc1.weight', 'bn4.bias', 'bn3.bias'}.[0m
[38;5;39m2023-02-25 00:49:52,022 (trainer:356) INFO: Num of filtered para names in local update: 0. 
Filtered para names in local update: set().[0m
[38;5;39m2023-02-25 00:49:52,022 (trainer:361) INFO: After register default hooks,
	the hooks_in_train is:
	{
	  "on_fit_start": [
	    "_hook_on_fit_start_init",
	    "_hook_on_fit_start_calculate_model_size"
	  ],
	  "on_epoch_start": [
	    "_hook_on_epoch_start"
	  ],
	  "on_batch_start": [
	    "_hook_on_batch_start_init"
	  ],
	  "on_batch_forward": [
	    "_hook_on_batch_forward",
	    "_hook_on_batch_forward_regularizer",
	    "_hook_on_batch_forward_flop_count"
	  ],
	  "on_batch_backward": [
	    "_hook_on_batch_backward"
	  ],
	  "on_batch_end": [
	    "_hook_on_batch_end"
	  ],
	  "on_fit_end": [
	    "_hook_on_fit_end"
	  ]
	};
	the hooks_in_eval is:
            t{
	  "on_fit_start": [
	    "_hook_on_fit_start_init"
	  ],
	  "on_epoch_start": [
	    "_hook_on_epoch_start"
	  ],
	  "on_batch_start": [
	    "_hook_on_batch_start_init"
	  ],
	  "on_batch_forward": [
	    "_hook_on_batch_forward"
	  ],
	  "on_batch_end": [
	    "_hook_on_batch_end"
	  ],
	  "on_fit_end": [
	    "_hook_on_fit_end"
	  ]
	}[0m
[38;5;39m2023-02-25 00:49:52,081 (server:804) INFO: ----------- Starting training (Round #0) -------------[0m
Unsupported operator aten::max_pool2d encountered 5 time(s)
[38;5;39m2023-02-25 00:49:56,308 (client:306) INFO: {'Role': 'Client #9', 'Round': 0, 'Results_raw': {'train_correct': 6.0, 'train_total': 12, 'train_acc': 0.5, 'train_avg_loss': 3.355497, 'train_f1': 0.222222, 'train_loss': 40.26597}}[0m
Unsupported operator aten::max_pool2d encountered 5 time(s)
[38;5;39m2023-02-25 00:50:02,381 (client:306) INFO: {'Role': 'Client #3', 'Round': 0, 'Results_raw': {'train_correct': 410.0, 'train_total': 446, 'train_acc': 0.919283, 'train_avg_loss': 0.542224, 'train_f1': 0.240047, 'train_loss': 241.831827}}[0m
Unsupported operator aten::max_pool2d encountered 5 time(s)
[38;5;39m2023-02-25 00:50:06,121 (client:306) INFO: {'Role': 'Client #10', 'Round': 0, 'Results_raw': {'train_correct': 203.0, 'train_total': 296, 'train_acc': 0.685811, 'train_avg_loss': 1.167699, 'train_f1': 0.25158, 'train_loss': 345.639046}}[0m
Unsupported operator aten::max_pool2d encountered 5 time(s)
[38;5;39m2023-02-25 00:50:10,334 (client:306) INFO: {'Role': 'Client #8', 'Round': 0, 'Results_raw': {'train_correct': 287.0, 'train_total': 348, 'train_acc': 0.824713, 'train_avg_loss': 0.818228, 'train_f1': 0.180403, 'train_loss': 284.74321}}[0m
Unsupported operator aten::max_pool2d encountered 5 time(s)
[38;5;39m2023-02-25 00:50:10,588 (client:306) INFO: {'Role': 'Client #1', 'Round': 0, 'Results_raw': {'train_correct': 7.0, 'train_total': 14, 'train_acc': 0.5, 'train_avg_loss': 3.350677, 'train_f1': 0.222222, 'train_loss': 46.909485}}[0m
Unsupported operator aten::max_pool2d encountered 5 time(s)
[38;5;39m2023-02-25 00:50:11,283 (client:306) INFO: {'Role': 'Client #2', 'Round': 0, 'Results_raw': {'train_correct': 40.0, 'train_total': 62, 'train_acc': 0.645161, 'train_avg_loss': 2.394757, 'train_f1': 0.133333, 'train_loss': 148.474936}}[0m
Unsupported operator aten::max_pool2d encountered 5 time(s)
[38;5;39m2023-02-25 00:50:13,635 (client:306) INFO: {'Role': 'Client #4', 'Round': 0, 'Results_raw': {'train_correct': 180.0, 'train_total': 196, 'train_acc': 0.918367, 'train_avg_loss': 0.663264, 'train_f1': 0.319149, 'train_loss': 129.999737}}[0m
[38;5;39m2023-02-25 00:50:13,639 (monitor:541) INFO: {'Role': 'Server #', 'Round': 0, 'Results_model_metric': {}}[0m
[38;5;39m2023-02-25 00:50:13,782 (server:330) INFO: Server: Starting evaluation at the end of round 0.[0m
[38;5;39m2023-02-25 00:50:13,783 (server:336) INFO: ----------- Starting a new training round (Round #1) -------------[0m
[33;20m2023-02-25 00:50:14,323 (context:294) WARNING: No val_data or val_loader in the trainer, will skip evaluation.If this is not the case you want, please check whether there is typo for the name[0m
[33;20m2023-02-25 00:50:14,431 (context:294) WARNING: No val_data or val_loader in the trainer, will skip evaluation.If this is not the case you want, please check whether there is typo for the name[0m
[33;20m2023-02-25 00:50:14,518 (context:294) WARNING: No val_data or val_loader in the trainer, will skip evaluation.If this is not the case you want, please check whether there is typo for the name[0m
[33;20m2023-02-25 00:50:14,858 (context:294) WARNING: No val_data or val_loader in the trainer, will skip evaluation.If this is not the case you want, please check whether there is typo for the name[0m
[33;20m2023-02-25 00:50:15,176 (context:294) WARNING: No val_data or val_loader in the trainer, will skip evaluation.If this is not the case you want, please check whether there is typo for the name[0m
[33;20m2023-02-25 00:50:15,562 (context:294) WARNING: No val_data or val_loader in the trainer, will skip evaluation.If this is not the case you want, please check whether there is typo for the name[0m
[33;20m2023-02-25 00:50:15,972 (context:294) WARNING: No val_data or val_loader in the trainer, will skip evaluation.If this is not the case you want, please check whether there is typo for the name[0m
[33;20m2023-02-25 00:50:16,015 (context:294) WARNING: No val_data or val_loader in the trainer, will skip evaluation.If this is not the case you want, please check whether there is typo for the name[0m
[33;20m2023-02-25 00:50:16,357 (context:294) WARNING: No val_data or val_loader in the trainer, will skip evaluation.If this is not the case you want, please check whether there is typo for the name[0m
[33;20m2023-02-25 00:50:16,682 (context:294) WARNING: No val_data or val_loader in the trainer, will skip evaluation.If this is not the case you want, please check whether there is typo for the name[0m
[38;5;39m2023-02-25 00:50:16,931 (client:306) INFO: {'Role': 'Client #1', 'Round': 1, 'Results_raw': {'train_correct': 0.0, 'train_total': 14, 'train_acc': 0.0, 'train_avg_loss': 6.22729, 'train_f1': 0.0, 'train_loss': 87.182059}}[0m
[38;5;39m2023-02-25 00:50:17,702 (client:306) INFO: {'Role': 'Client #2', 'Round': 1, 'Results_raw': {'train_correct': 52.0, 'train_total': 62, 'train_acc': 0.83871, 'train_avg_loss': 0.72703, 'train_f1': 0.38038, 'train_loss': 45.075861}}[0m
[38;5;39m2023-02-25 00:50:21,263 (client:306) INFO: {'Role': 'Client #10', 'Round': 1, 'Results_raw': {'train_correct': 230.0, 'train_total': 296, 'train_acc': 0.777027, 'train_avg_loss': 0.58647, 'train_f1': 0.486266, 'train_loss': 173.595211}}[0m
WARNING:fvcore.nn.jit_analysis:Unsupported operator aten::max_pool2d encountered 5 time(s)
[38;5;39m2023-02-25 00:50:25,079 (client:306) INFO: {'Role': 'Client #5', 'Round': 1, 'Results_raw': {'train_correct': 194.0, 'train_total': 330, 'train_acc': 0.587879, 'train_avg_loss': 0.930316, 'train_f1': 0.385512, 'train_loss': 307.004409}}[0m
WARNING:fvcore.nn.jit_analysis:Unsupported operator aten::max_pool2d encountered 5 time(s)
[38;5;39m2023-02-25 00:50:25,507 (client:306) INFO: {'Role': 'Client #7', 'Round': 1, 'Results_raw': {'train_correct': 6.0, 'train_total': 32, 'train_acc': 0.1875, 'train_avg_loss': 4.834356, 'train_f1': 0.111111, 'train_loss': 154.699398}}[0m
[38;5;39m2023-02-25 00:50:30,068 (client:306) INFO: {'Role': 'Client #8', 'Round': 1, 'Results_raw': {'train_correct': 311.0, 'train_total': 348, 'train_acc': 0.893678, 'train_avg_loss': 0.332208, 'train_f1': 0.723543, 'train_loss': 115.608502}}[0m
[38;5;39m2023-02-25 00:50:35,330 (client:306) INFO: {'Role': 'Client #3', 'Round': 1, 'Results_raw': {'train_correct': 424.0, 'train_total': 446, 'train_acc': 0.950673, 'train_avg_loss': 0.225461, 'train_f1': 0.594411, 'train_loss': 100.555805}}[0m
[38;5;39m2023-02-25 00:50:35,333 (server:590) INFO: {'Role': 'Server #', 'Round': 0, 'Results_weighted_avg': {'test_correct': 12.2, 'test_total': 22.0, 'test_acc': 0.554545, 'test_avg_loss': 2.465382, 'test_f1': 0.333633, 'test_loss': 73.951998}, 'Results_avg': {'test_correct': 12.2, 'test_total': 22.0, 'test_acc': 0.464281, 'test_avg_loss': 2.791443, 'test_f1': 0.293998, 'test_loss': 54.23841}, 'Results_fairness': {'test_correct': 12.2, 'test_total': 22.0, 'test_acc_std': 0.387263, 'test_acc_bottom_decile': 0.0, 'test_acc_top_decile': 1.0, 'test_acc_min': 0.0, 'test_acc_max': 1.0, 'test_acc_bottom10%': 0.0, 'test_acc_top10%': 1.0, 'test_acc_cos1': 0.767926, 'test_acc_entropy': 1.854699, 'test_avg_loss_std': 0.761457, 'test_avg_loss_bottom_decile': 2.206677, 'test_avg_loss_top_decile': 4.271553, 'test_avg_loss_min': 2.133264, 'test_avg_loss_max': 4.271553, 'test_avg_loss_bottom10%': 2.133264, 'test_avg_loss_top10%': 4.271553, 'test_avg_loss_cos1': 0.96475, 'test_avg_loss_entropy': 2.268573, 'test_f1_std': 0.289968, 'test_f1_bottom_decile': 0.0, 'test_f1_top_decile': 1.0, 'test_f1_min': 0.0, 'test_f1_max': 1.0, 'test_f1_bottom10%': 0.0, 'test_f1_top10%': 1.0, 'test_f1_cos1': 0.71197, 'test_f1_entropy': 1.799419, 'test_loss_std': 31.482618, 'test_loss_bottom_decile': 13.240065, 'test_loss_top_decile': 105.491352, 'test_loss_min': 4.271553, 'test_loss_max': 105.491352, 'test_loss_bottom10%': 4.271553, 'test_loss_top10%': 105.491352, 'test_loss_cos1': 0.864863, 'test_loss_entropy': 2.100416}}[0m
[38;5;39m2023-02-25 00:50:35,337 (monitor:541) INFO: {'Role': 'Server #', 'Round': 1, 'Results_model_metric': {}}[0m
[38;5;39m2023-02-25 00:50:35,478 (server:330) INFO: Server: Starting evaluation at the end of round 1.[0m
[38;5;39m2023-02-25 00:50:35,479 (server:336) INFO: ----------- Starting a new training round (Round #2) -------------[0m
[33;20m2023-02-25 00:50:35,980 (context:294) WARNING: No val_data or val_loader in the trainer, will skip evaluation.If this is not the case you want, please check whether there is typo for the name[0m
[33;20m2023-02-25 00:50:36,085 (context:294) WARNING: No val_data or val_loader in the trainer, will skip evaluation.If this is not the case you want, please check whether there is typo for the name[0m
[33;20m2023-02-25 00:50:36,204 (context:294) WARNING: No val_data or val_loader in the trainer, will skip evaluation.If this is not the case you want, please check whether there is typo for the name[0m
[33;20m2023-02-25 00:50:36,486 (context:294) WARNING: No val_data or val_loader in the trainer, will skip evaluation.If this is not the case you want, please check whether there is typo for the name[0m
[33;20m2023-02-25 00:50:36,836 (context:294) WARNING: No val_data or val_loader in the trainer, will skip evaluation.If this is not the case you want, please check whether there is typo for the name[0m
[33;20m2023-02-25 00:50:37,344 (context:294) WARNING: No val_data or val_loader in the trainer, will skip evaluation.If this is not the case you want, please check whether there is typo for the name[0m
[33;20m2023-02-25 00:50:37,833 (context:294) WARNING: No val_data or val_loader in the trainer, will skip evaluation.If this is not the case you want, please check whether there is typo for the name[0m
[33;20m2023-02-25 00:50:37,901 (context:294) WARNING: No val_data or val_loader in the trainer, will skip evaluation.If this is not the case you want, please check whether there is typo for the name[0m
[33;20m2023-02-25 00:50:38,243 (context:294) WARNING: No val_data or val_loader in the trainer, will skip evaluation.If this is not the case you want, please check whether there is typo for the name[0m
[33;20m2023-02-25 00:50:38,590 (context:294) WARNING: No val_data or val_loader in the trainer, will skip evaluation.If this is not the case you want, please check whether there is typo for the name[0m
[38;5;39m2023-02-25 00:50:39,148 (client:306) INFO: {'Role': 'Client #7', 'Round': 2, 'Results_raw': {'train_correct': 4.0, 'train_total': 32, 'train_acc': 0.125, 'train_avg_loss': 3.774718, 'train_f1': 0.111111, 'train_loss': 120.790981}}[0m
[38;5;39m2023-02-25 00:50:39,904 (client:306) INFO: {'Role': 'Client #2', 'Round': 2, 'Results_raw': {'train_correct': 46.0, 'train_total': 62, 'train_acc': 0.741935, 'train_avg_loss': 0.758814, 'train_f1': 0.361656, 'train_loss': 47.046458}}[0m
[38;5;39m2023-02-25 00:50:44,211 (client:306) INFO: {'Role': 'Client #8', 'Round': 2, 'Results_raw': {'train_correct': 289.0, 'train_total': 348, 'train_acc': 0.83046, 'train_avg_loss': 0.346785, 'train_f1': 0.627064, 'train_loss': 120.681009}}[0m
[38;5;39m2023-02-25 00:50:48,361 (client:306) INFO: {'Role': 'Client #5', 'Round': 2, 'Results_raw': {'train_correct': 238.0, 'train_total': 330, 'train_acc': 0.721212, 'train_avg_loss': 0.705768, 'train_f1': 0.477778, 'train_loss': 232.903528}}[0m
WARNING:fvcore.nn.jit_analysis:Unsupported operator aten::max_pool2d encountered 5 time(s)
[38;5;39m2023-02-25 00:50:48,651 (client:306) INFO: {'Role': 'Client #6', 'Round': 2, 'Results_raw': {'train_correct': 14.0, 'train_total': 18, 'train_acc': 0.777778, 'train_avg_loss': 1.244971, 'train_f1': 0.4375, 'train_loss': 22.409474}}[0m
[38;5;39m2023-02-25 00:50:48,900 (client:306) INFO: {'Role': 'Client #1', 'Round': 2, 'Results_raw': {'train_correct': 0.0, 'train_total': 14, 'train_acc': 0.0, 'train_avg_loss': 4.787798, 'train_f1': 0.0, 'train_loss': 67.029168}}[0m
[38;5;39m2023-02-25 00:50:49,107 (client:306) INFO: {'Role': 'Client #9', 'Round': 2, 'Results_raw': {'train_correct': 8.0, 'train_total': 12, 'train_acc': 0.666667, 'train_avg_loss': 0.789909, 'train_f1': 0.4, 'train_loss': 9.47891}}[0m
[38;5;39m2023-02-25 00:50:49,110 (server:590) INFO: {'Role': 'Server #', 'Round': 1, 'Results_weighted_avg': {'test_correct': 12.9, 'test_total': 22.0, 'test_acc': 0.586364, 'test_avg_loss': 1.095832, 'test_f1': 0.356152, 'test_loss': 28.762617}, 'Results_avg': {'test_correct': 12.9, 'test_total': 22.0, 'test_acc': 0.490799, 'test_avg_loss': 1.825156, 'test_f1': 0.30791, 'test_loss': 24.108304}, 'Results_fairness': {'test_correct': 12.9, 'test_total': 22.0, 'test_acc_std': 0.367621, 'test_acc_bottom_decile': 0.0, 'test_acc_top_decile': 1.0, 'test_acc_min': 0.0, 'test_acc_max': 1.0, 'test_acc_bottom10%': 0.0, 'test_acc_top10%': 1.0, 'test_acc_cos1': 0.800374, 'test_acc_entropy': 1.935913, 'test_avg_loss_std': 1.683023, 'test_avg_loss_bottom_decile': 0.572543, 'test_avg_loss_top_decile': 5.22769, 'test_avg_loss_min': 0.24607, 'test_avg_loss_max': 5.22769, 'test_avg_loss_bottom10%': 0.24607, 'test_avg_loss_top10%': 5.22769, 'test_avg_loss_cos1': 0.735152, 'test_avg_loss_entropy': 1.936582, 'test_f1_std': 0.275091, 'test_f1_bottom_decile': 0.0, 'test_f1_top_decile': 1.0, 'test_f1_min': 0.0, 'test_f1_max': 1.0, 'test_f1_bottom10%': 0.0, 'test_f1_top10%': 1.0, 'test_f1_cos1': 0.745731, 'test_f1_entropy': 1.894941, 'test_loss_std': 13.354281, 'test_loss_bottom_decile': 4.863439, 'test_loss_top_decile': 38.305738, 'test_loss_min': 3.521822, 'test_loss_max': 38.305738, 'test_loss_bottom10%': 3.521822, 'test_loss_top10%': 38.305738, 'test_loss_cos1': 0.874761, 'test_loss_entropy': 2.108757}}[0m
[38;5;39m2023-02-25 00:50:49,115 (monitor:541) INFO: {'Role': 'Server #', 'Round': 2, 'Results_model_metric': {}}[0m
[38;5;39m2023-02-25 00:50:49,296 (server:330) INFO: Server: Starting evaluation at the end of round 2.[0m
[38;5;39m2023-02-25 00:50:49,303 (server:336) INFO: ----------- Starting a new training round (Round #3) -------------[0m
[33;20m2023-02-25 00:50:49,845 (context:294) WARNING: No val_data or val_loader in the trainer, will skip evaluation.If this is not the case you want, please check whether there is typo for the name[0m
[33;20m2023-02-25 00:50:50,065 (context:294) WARNING: No val_data or val_loader in the trainer, will skip evaluation.If this is not the case you want, please check whether there is typo for the name[0m
[33;20m2023-02-25 00:50:50,197 (context:294) WARNING: No val_data or val_loader in the trainer, will skip evaluation.If this is not the case you want, please check whether there is typo for the name[0m
[33;20m2023-02-25 00:50:50,556 (context:294) WARNING: No val_data or val_loader in the trainer, will skip evaluation.If this is not the case you want, please check whether there is typo for the name[0m
[33;20m2023-02-25 00:50:50,791 (context:294) WARNING: No val_data or val_loader in the trainer, will skip evaluation.If this is not the case you want, please check whether there is typo for the name[0m
[33;20m2023-02-25 00:50:51,277 (context:294) WARNING: No val_data or val_loader in the trainer, will skip evaluation.If this is not the case you want, please check whether there is typo for the name[0m
[33;20m2023-02-25 00:50:51,731 (context:294) WARNING: No val_data or val_loader in the trainer, will skip evaluation.If this is not the case you want, please check whether there is typo for the name[0m
[33;20m2023-02-25 00:50:51,843 (context:294) WARNING: No val_data or val_loader in the trainer, will skip evaluation.If this is not the case you want, please check whether there is typo for the name[0m
[33;20m2023-02-25 00:50:52,267 (context:294) WARNING: No val_data or val_loader in the trainer, will skip evaluation.If this is not the case you want, please check whether there is typo for the name[0m
[33;20m2023-02-25 00:50:52,604 (context:294) WARNING: No val_data or val_loader in the trainer, will skip evaluation.If this is not the case you want, please check whether there is typo for the name[0m
[38;5;39m2023-02-25 00:50:53,013 (client:306) INFO: {'Role': 'Client #7', 'Round': 3, 'Results_raw': {'train_correct': 12.0, 'train_total': 32, 'train_acc': 0.375, 'train_avg_loss': 1.624259, 'train_f1': 0.287749, 'train_loss': 51.976286}}[0m
[38;5;39m2023-02-25 00:50:58,323 (client:306) INFO: {'Role': 'Client #3', 'Round': 3, 'Results_raw': {'train_correct': 427.0, 'train_total': 446, 'train_acc': 0.957399, 'train_avg_loss': 0.146495, 'train_f1': 0.661406, 'train_loss': 65.336971}}[0m
[38;5;39m2023-02-25 00:50:58,605 (client:306) INFO: {'Role': 'Client #9', 'Round': 3, 'Results_raw': {'train_correct': 7.0, 'train_total': 12, 'train_acc': 0.583333, 'train_avg_loss': 1.048241, 'train_f1': 0.368421, 'train_loss': 12.578888}}[0m
[38;5;39m2023-02-25 00:50:59,387 (client:306) INFO: {'Role': 'Client #2', 'Round': 3, 'Results_raw': {'train_correct': 46.0, 'train_total': 62, 'train_acc': 0.741935, 'train_avg_loss': 0.692673, 'train_f1': 0.389092, 'train_loss': 42.94573}}[0m
[38;5;39m2023-02-25 00:51:02,950 (client:306) INFO: {'Role': 'Client #4', 'Round': 3, 'Results_raw': {'train_correct': 184.0, 'train_total': 196, 'train_acc': 0.938776, 'train_avg_loss': 0.12139, 'train_f1': 0.484211, 'train_loss': 23.792402}}[0m
[38;5;39m2023-02-25 00:51:07,412 (client:306) INFO: {'Role': 'Client #8', 'Round': 3, 'Results_raw': {'train_correct': 288.0, 'train_total': 348, 'train_acc': 0.827586, 'train_avg_loss': 0.383739, 'train_f1': 0.631017, 'train_loss': 133.541204}}[0m
[38;5;39m2023-02-25 00:51:07,704 (client:306) INFO: {'Role': 'Client #6', 'Round': 3, 'Results_raw': {'train_correct': 14.0, 'train_total': 18, 'train_acc': 0.777778, 'train_avg_loss': 0.588607, 'train_f1': 0.4375, 'train_loss': 10.594919}}[0m
[38;5;39m2023-02-25 00:51:07,707 (server:590) INFO: {'Role': 'Server #', 'Round': 2, 'Results_weighted_avg': {'test_correct': 13.5, 'test_total': 22.0, 'test_acc': 0.613636, 'test_avg_loss': 0.847168, 'test_f1': 0.430935, 'test_loss': 23.132755}, 'Results_avg': {'test_correct': 13.5, 'test_total': 22.0, 'test_acc': 0.507, 'test_avg_loss': 1.167685, 'test_f1': 0.348895, 'test_loss': 18.637689}, 'Results_fairness': {'test_correct': 13.5, 'test_total': 22.0, 'test_acc_std': 0.357074, 'test_acc_bottom_decile': 0.0, 'test_acc_top_decile': 1.0, 'test_acc_min': 0.0, 'test_acc_max': 1.0, 'test_acc_bottom10%': 0.0, 'test_acc_top10%': 1.0, 'test_acc_cos1': 0.817582, 'test_acc_entropy': 1.971346, 'test_avg_loss_std': 0.794185, 'test_avg_loss_bottom_decile': 0.331245, 'test_avg_loss_top_decile': 2.897869, 'test_avg_loss_min': 0.178413, 'test_avg_loss_max': 2.897869, 'test_avg_loss_bottom10%': 0.178413, 'test_avg_loss_top10%': 2.897869, 'test_avg_loss_cos1': 0.826874, 'test_avg_loss_entropy': 2.077477, 'test_f1_std': 0.27863, 'test_f1_bottom_decile': 0.0, 'test_f1_top_decile': 1.0, 'test_f1_min': 0.0, 'test_f1_max': 1.0, 'test_f1_bottom10%': 0.0, 'test_f1_top10%': 1.0, 'test_f1_cos1': 0.781399, 'test_f1_entropy': 1.942159, 'test_loss_std': 12.701365, 'test_loss_bottom_decile': 3.735819, 'test_loss_top_decile': 40.498363, 'test_loss_min': 2.198487, 'test_loss_max': 40.498363, 'test_loss_bottom10%': 2.198487, 'test_loss_top10%': 40.498363, 'test_loss_cos1': 0.826354, 'test_loss_entropy': 2.046959}}[0m
[38;5;39m2023-02-25 00:51:07,711 (monitor:541) INFO: {'Role': 'Server #', 'Round': 3, 'Results_model_metric': {}}[0m
[38;5;39m2023-02-25 00:51:07,892 (server:330) INFO: Server: Starting evaluation at the end of round 3.[0m
[38;5;39m2023-02-25 00:51:07,893 (server:336) INFO: ----------- Starting a new training round (Round #4) -------------[0m
[33;20m2023-02-25 00:51:08,551 (context:294) WARNING: No val_data or val_loader in the trainer, will skip evaluation.If this is not the case you want, please check whether there is typo for the name[0m
[33;20m2023-02-25 00:51:08,668 (context:294) WARNING: No val_data or val_loader in the trainer, will skip evaluation.If this is not the case you want, please check whether there is typo for the name[0m
[33;20m2023-02-25 00:51:08,867 (context:294) WARNING: No val_data or val_loader in the trainer, will skip evaluation.If this is not the case you want, please check whether there is typo for the name[0m
[33;20m2023-02-25 00:51:09,125 (context:294) WARNING: No val_data or val_loader in the trainer, will skip evaluation.If this is not the case you want, please check whether there is typo for the name[0m
[33;20m2023-02-25 00:51:09,446 (context:294) WARNING: No val_data or val_loader in the trainer, will skip evaluation.If this is not the case you want, please check whether there is typo for the name[0m
[33;20m2023-02-25 00:51:09,862 (context:294) WARNING: No val_data or val_loader in the trainer, will skip evaluation.If this is not the case you want, please check whether there is typo for the name[0m
[33;20m2023-02-25 00:51:10,382 (context:294) WARNING: No val_data or val_loader in the trainer, will skip evaluation.If this is not the case you want, please check whether there is typo for the name[0m
[33;20m2023-02-25 00:51:10,507 (context:294) WARNING: No val_data or val_loader in the trainer, will skip evaluation.If this is not the case you want, please check whether there is typo for the name[0m
[33;20m2023-02-25 00:51:10,915 (context:294) WARNING: No val_data or val_loader in the trainer, will skip evaluation.If this is not the case you want, please check whether there is typo for the name[0m
[33;20m2023-02-25 00:51:11,267 (context:294) WARNING: No val_data or val_loader in the trainer, will skip evaluation.If this is not the case you want, please check whether there is typo for the name[0m
[38;5;39m2023-02-25 00:51:16,407 (client:306) INFO: {'Role': 'Client #3', 'Round': 4, 'Results_raw': {'train_correct': 427.0, 'train_total': 446, 'train_acc': 0.957399, 'train_avg_loss': 0.124614, 'train_f1': 0.682515, 'train_loss': 55.577642}}[0m
[38;5;39m2023-02-25 00:51:16,868 (client:306) INFO: {'Role': 'Client #7', 'Round': 4, 'Results_raw': {'train_correct': 7.0, 'train_total': 32, 'train_acc': 0.21875, 'train_avg_loss': 2.82916, 'train_f1': 0.122807, 'train_loss': 90.533125}}[0m
[38;5;39m2023-02-25 00:51:17,140 (client:306) INFO: {'Role': 'Client #1', 'Round': 4, 'Results_raw': {'train_correct': 0.0, 'train_total': 14, 'train_acc': 0.0, 'train_avg_loss': 3.716487, 'train_f1': 0.0, 'train_loss': 52.030819}}[0m
[38;5;39m2023-02-25 00:51:20,898 (client:306) INFO: {'Role': 'Client #10', 'Round': 4, 'Results_raw': {'train_correct': 236.0, 'train_total': 296, 'train_acc': 0.797297, 'train_avg_loss': 0.448266, 'train_f1': 0.510877, 'train_loss': 132.686633}}[0m
[38;5;39m2023-02-25 00:51:23,263 (client:306) INFO: {'Role': 'Client #4', 'Round': 4, 'Results_raw': {'train_correct': 195.0, 'train_total': 196, 'train_acc': 0.994898, 'train_avg_loss': 0.030707, 'train_f1': 0.498721, 'train_loss': 6.018635}}[0m
[38;5;39m2023-02-25 00:51:23,558 (client:306) INFO: {'Role': 'Client #6', 'Round': 4, 'Results_raw': {'train_correct': 10.0, 'train_total': 18, 'train_acc': 0.555556, 'train_avg_loss': 1.195995, 'train_f1': 0.25641, 'train_loss': 21.527906}}[0m
[38;5;39m2023-02-25 00:51:27,561 (client:306) INFO: {'Role': 'Client #8', 'Round': 4, 'Results_raw': {'train_correct': 305.0, 'train_total': 348, 'train_acc': 0.876437, 'train_avg_loss': 0.307544, 'train_f1': 0.723007, 'train_loss': 107.025421}}[0m
[38;5;39m2023-02-25 00:51:27,564 (server:590) INFO: {'Role': 'Server #', 'Round': 3, 'Results_weighted_avg': {'test_correct': 16.8, 'test_total': 22.0, 'test_acc': 0.763636, 'test_avg_loss': 0.874485, 'test_f1': 0.479165, 'test_loss': 22.149814}, 'Results_avg': {'test_correct': 16.8, 'test_total': 22.0, 'test_acc': 0.594321, 'test_avg_loss': 1.714992, 'test_f1': 0.375297, 'test_loss': 19.238668}, 'Results_fairness': {'test_correct': 16.8, 'test_total': 22.0, 'test_acc_std': 0.329149, 'test_acc_bottom_decile': 0.0, 'test_acc_top_decile': 0.90625, 'test_acc_min': 0.0, 'test_acc_max': 0.90625, 'test_acc_bottom10%': 0.0, 'test_acc_top10%': 0.90625, 'test_acc_cos1': 0.8748, 'test_acc_entropy': 2.055397, 'test_avg_loss_std': 1.858211, 'test_avg_loss_bottom_decile': 0.415127, 'test_avg_loss_top_decile': 5.614778, 'test_avg_loss_min': 0.322712, 'test_avg_loss_max': 5.614778, 'test_avg_loss_bottom10%': 0.322712, 'test_avg_loss_top10%': 5.614778, 'test_avg_loss_cos1': 0.67822, 'test_avg_loss_entropy': 1.812286, 'test_f1_std': 0.242885, 'test_f1_bottom_decile': 0.0, 'test_f1_top_decile': 0.775641, 'test_f1_min': 0.0, 'test_f1_max': 0.775641, 'test_f1_bottom10%': 0.0, 'test_f1_top10%': 0.775641, 'test_f1_cos1': 0.839524, 'test_f1_entropy': 2.013946, 'test_loss_std': 12.796351, 'test_loss_bottom_decile': 5.614778, 'test_loss_top_decile': 40.595487, 'test_loss_min': 4.345603, 'test_loss_max': 40.595487, 'test_loss_bottom10%': 4.345603, 'test_loss_top10%': 40.595487, 'test_loss_cos1': 0.832638, 'test_loss_entropy': 2.082628}}[0m
[38;5;39m2023-02-25 00:51:27,568 (monitor:541) INFO: {'Role': 'Server #', 'Round': 4, 'Results_model_metric': {}}[0m
[38;5;39m2023-02-25 00:51:27,728 (server:330) INFO: Server: Starting evaluation at the end of round 4.[0m
[38;5;39m2023-02-25 00:51:27,729 (server:336) INFO: ----------- Starting a new training round (Round #5) -------------[0m
[33;20m2023-02-25 00:51:28,273 (context:294) WARNING: No val_data or val_loader in the trainer, will skip evaluation.If this is not the case you want, please check whether there is typo for the name[0m
[33;20m2023-02-25 00:51:28,403 (context:294) WARNING: No val_data or val_loader in the trainer, will skip evaluation.If this is not the case you want, please check whether there is typo for the name[0m
[33;20m2023-02-25 00:51:28,637 (context:294) WARNING: No val_data or val_loader in the trainer, will skip evaluation.If this is not the case you want, please check whether there is typo for the name[0m
[33;20m2023-02-25 00:51:29,085 (context:294) WARNING: No val_data or val_loader in the trainer, will skip evaluation.If this is not the case you want, please check whether there is typo for the name[0m
[33;20m2023-02-25 00:51:29,380 (context:294) WARNING: No val_data or val_loader in the trainer, will skip evaluation.If this is not the case you want, please check whether there is typo for the name[0m
[33;20m2023-02-25 00:51:29,792 (context:294) WARNING: No val_data or val_loader in the trainer, will skip evaluation.If this is not the case you want, please check whether there is typo for the name[0m
[33;20m2023-02-25 00:51:30,250 (context:294) WARNING: No val_data or val_loader in the trainer, will skip evaluation.If this is not the case you want, please check whether there is typo for the name[0m
[33;20m2023-02-25 00:51:30,409 (context:294) WARNING: No val_data or val_loader in the trainer, will skip evaluation.If this is not the case you want, please check whether there is typo for the name[0m
[33;20m2023-02-25 00:51:31,064 (context:294) WARNING: No val_data or val_loader in the trainer, will skip evaluation.If this is not the case you want, please check whether there is typo for the name[0m
[33;20m2023-02-25 00:51:31,509 (context:294) WARNING: No val_data or val_loader in the trainer, will skip evaluation.If this is not the case you want, please check whether there is typo for the name[0m
[38;5;39m2023-02-25 00:51:35,790 (client:306) INFO: {'Role': 'Client #10', 'Round': 5, 'Results_raw': {'train_correct': 248.0, 'train_total': 296, 'train_acc': 0.837838, 'train_avg_loss': 0.376657, 'train_f1': 0.540898, 'train_loss': 111.490612}}[0m
[38;5;39m2023-02-25 00:51:40,108 (client:306) INFO: {'Role': 'Client #8', 'Round': 5, 'Results_raw': {'train_correct': 321.0, 'train_total': 348, 'train_acc': 0.922414, 'train_avg_loss': 0.207256, 'train_f1': 0.811382, 'train_loss': 72.125115}}[0m
[38;5;39m2023-02-25 00:51:43,959 (client:306) INFO: {'Role': 'Client #5', 'Round': 5, 'Results_raw': {'train_correct': 245.0, 'train_total': 330, 'train_acc': 0.742424, 'train_avg_loss': 0.696765, 'train_f1': 0.500784, 'train_loss': 229.93255}}[0m
[38;5;39m2023-02-25 00:51:44,401 (client:306) INFO: {'Role': 'Client #7', 'Round': 5, 'Results_raw': {'train_correct': 8.0, 'train_total': 32, 'train_acc': 0.25, 'train_avg_loss': 3.607581, 'train_f1': 0.2, 'train_loss': 115.442593}}[0m
[38;5;39m2023-02-25 00:51:49,620 (client:306) INFO: {'Role': 'Client #3', 'Round': 5, 'Results_raw': {'train_correct': 420.0, 'train_total': 446, 'train_acc': 0.941704, 'train_avg_loss': 0.161172, 'train_f1': 0.659742, 'train_loss': 71.882877}}[0m
[38;5;39m2023-02-25 00:51:49,899 (client:306) INFO: {'Role': 'Client #1', 'Round': 5, 'Results_raw': {'train_correct': 0.0, 'train_total': 14, 'train_acc': 0.0, 'train_avg_loss': 4.904739, 'train_f1': 0.0, 'train_loss': 68.666343}}[0m
[38;5;39m2023-02-25 00:51:52,411 (client:306) INFO: {'Role': 'Client #4', 'Round': 5, 'Results_raw': {'train_correct': 196.0, 'train_total': 196, 'train_acc': 1.0, 'train_avg_loss': 0.009574, 'train_f1': 1.0, 'train_loss': 1.876465}}[0m
[38;5;39m2023-02-25 00:51:52,414 (server:590) INFO: {'Role': 'Server #', 'Round': 4, 'Results_weighted_avg': {'test_correct': 14.0, 'test_total': 22.0, 'test_acc': 0.636364, 'test_avg_loss': 1.182768, 'test_f1': 0.431472, 'test_loss': 30.860221}, 'Results_avg': {'test_correct': 14.0, 'test_total': 22.0, 'test_acc': 0.498836, 'test_avg_loss': 2.2554, 'test_f1': 0.340748, 'test_loss': 26.020893}, 'Results_fairness': {'test_correct': 14.0, 'test_total': 22.0, 'test_acc_std': 0.31705, 'test_acc_bottom_decile': 0.0, 'test_acc_top_decile': 0.9375, 'test_acc_min': 0.0, 'test_acc_max': 0.9375, 'test_acc_bottom10%': 0.0, 'test_acc_top10%': 0.9375, 'test_acc_cos1': 0.843961, 'test_acc_entropy': 2.017366, 'test_avg_loss_std': 2.396791, 'test_avg_loss_bottom_decile': 0.458953, 'test_avg_loss_top_decile': 7.306904, 'test_avg_loss_min': 0.09875, 'test_avg_loss_max': 7.306904, 'test_avg_loss_bottom10%': 0.09875, 'test_avg_loss_top10%': 7.306904, 'test_avg_loss_cos1': 0.6853, 'test_avg_loss_entropy': 1.806548, 'test_f1_std': 0.243726, 'test_f1_bottom_decile': 0.0, 'test_f1_top_decile': 0.733333, 'test_f1_min': 0.0, 'test_f1_max': 0.733333, 'test_f1_bottom10%': 0.0, 'test_f1_top10%': 0.733333, 'test_f1_cos1': 0.813355, 'test_f1_entropy': 1.977853, 'test_loss_std': 20.190384, 'test_loss_bottom_decile': 6.663553, 'test_loss_top_decile': 59.008772, 'test_loss_min': 3.159988, 'test_loss_max': 59.008772, 'test_loss_bottom10%': 3.159988, 'test_loss_top10%': 59.008772, 'test_loss_cos1': 0.790059, 'test_loss_entropy': 1.994206}}[0m
[38;5;39m2023-02-25 00:51:52,419 (monitor:541) INFO: {'Role': 'Server #', 'Round': 5, 'Results_model_metric': {}}[0m
[38;5;39m2023-02-25 00:51:52,567 (server:330) INFO: Server: Starting evaluation at the end of round 5.[0m
[38;5;39m2023-02-25 00:51:52,567 (server:336) INFO: ----------- Starting a new training round (Round #6) -------------[0m
[33;20m2023-02-25 00:51:53,147 (context:294) WARNING: No val_data or val_loader in the trainer, will skip evaluation.If this is not the case you want, please check whether there is typo for the name[0m
[33;20m2023-02-25 00:51:53,252 (context:294) WARNING: No val_data or val_loader in the trainer, will skip evaluation.If this is not the case you want, please check whether there is typo for the name[0m
[33;20m2023-02-25 00:51:53,404 (context:294) WARNING: No val_data or val_loader in the trainer, will skip evaluation.If this is not the case you want, please check whether there is typo for the name[0m
[33;20m2023-02-25 00:51:53,652 (context:294) WARNING: No val_data or val_loader in the trainer, will skip evaluation.If this is not the case you want, please check whether there is typo for the name[0m
[33;20m2023-02-25 00:51:53,915 (context:294) WARNING: No val_data or val_loader in the trainer, will skip evaluation.If this is not the case you want, please check whether there is typo for the name[0m
[33;20m2023-02-25 00:51:54,331 (context:294) WARNING: No val_data or val_loader in the trainer, will skip evaluation.If this is not the case you want, please check whether there is typo for the name[0m
[33;20m2023-02-25 00:51:54,725 (context:294) WARNING: No val_data or val_loader in the trainer, will skip evaluation.If this is not the case you want, please check whether there is typo for the name[0m
[33;20m2023-02-25 00:51:54,795 (context:294) WARNING: No val_data or val_loader in the trainer, will skip evaluation.If this is not the case you want, please check whether there is typo for the name[0m
[33;20m2023-02-25 00:51:55,190 (context:294) WARNING: No val_data or val_loader in the trainer, will skip evaluation.If this is not the case you want, please check whether there is typo for the name[0m
[33;20m2023-02-25 00:51:55,486 (context:294) WARNING: No val_data or val_loader in the trainer, will skip evaluation.If this is not the case you want, please check whether there is typo for the name[0m
[38;5;39m2023-02-25 00:51:58,139 (client:306) INFO: {'Role': 'Client #4', 'Round': 6, 'Results_raw': {'train_correct': 187.0, 'train_total': 196, 'train_acc': 0.954082, 'train_avg_loss': 0.104145, 'train_f1': 0.488251, 'train_loss': 20.412476}}[0m
[38;5;39m2023-02-25 00:51:58,368 (client:306) INFO: {'Role': 'Client #9', 'Round': 6, 'Results_raw': {'train_correct': 8.0, 'train_total': 12, 'train_acc': 0.666667, 'train_avg_loss': 0.751123, 'train_f1': 0.4, 'train_loss': 9.013476}}[0m
[38;5;39m2023-02-25 00:52:04,442 (client:306) INFO: {'Role': 'Client #8', 'Round': 6, 'Results_raw': {'train_correct': 313.0, 'train_total': 348, 'train_acc': 0.899425, 'train_avg_loss': 0.265613, 'train_f1': 0.782806, 'train_loss': 92.433484}}[0m
[38;5;39m2023-02-25 00:52:05,354 (client:306) INFO: {'Role': 'Client #2', 'Round': 6, 'Results_raw': {'train_correct': 48.0, 'train_total': 62, 'train_acc': 0.774194, 'train_avg_loss': 0.678257, 'train_f1': 0.408909, 'train_loss': 42.051944}}[0m
[38;5;39m2023-02-25 00:52:09,908 (client:306) INFO: {'Role': 'Client #5', 'Round': 6, 'Results_raw': {'train_correct': 259.0, 'train_total': 330, 'train_acc': 0.784848, 'train_avg_loss': 0.510292, 'train_f1': 0.520152, 'train_loss': 168.396481}}[0m
[38;5;39m2023-02-25 00:52:10,138 (client:306) INFO: {'Role': 'Client #1', 'Round': 6, 'Results_raw': {'train_correct': 0.0, 'train_total': 14, 'train_acc': 0.0, 'train_avg_loss': 3.202433, 'train_f1': 0.0, 'train_loss': 44.834068}}[0m
[38;5;39m2023-02-25 00:52:10,771 (client:306) INFO: {'Role': 'Client #7', 'Round': 6, 'Results_raw': {'train_correct': 3.0, 'train_total': 32, 'train_acc': 0.09375, 'train_avg_loss': 2.497949, 'train_f1': 0.08, 'train_loss': 79.934355}}[0m
[38;5;39m2023-02-25 00:52:10,774 (server:590) INFO: {'Role': 'Server #', 'Round': 5, 'Results_weighted_avg': {'test_correct': 15.5, 'test_total': 22.0, 'test_acc': 0.704545, 'test_avg_loss': 0.876733, 'test_f1': 0.482615, 'test_loss': 22.162711}, 'Results_avg': {'test_correct': 15.5, 'test_total': 22.0, 'test_acc': 0.576604, 'test_avg_loss': 1.574991, 'test_f1': 0.387155, 'test_loss': 19.288116}, 'Results_fairness': {'test_correct': 15.5, 'test_total': 22.0, 'test_acc_std': 0.333442, 'test_acc_bottom_decile': 0.0, 'test_acc_top_decile': 1.0, 'test_acc_min': 0.0, 'test_acc_max': 1.0, 'test_acc_bottom10%': 0.0, 'test_acc_top10%': 1.0, 'test_acc_cos1': 0.865674, 'test_acc_entropy': 2.045192, 'test_avg_loss_std': 1.546247, 'test_avg_loss_bottom_decile': 0.349677, 'test_avg_loss_top_decile': 4.764068, 'test_avg_loss_min': 0.050974, 'test_avg_loss_max': 4.764068, 'test_avg_loss_bottom10%': 0.050974, 'test_avg_loss_top10%': 4.764068, 'test_avg_loss_cos1': 0.713588, 'test_avg_loss_entropy': 1.880381, 'test_f1_std': 0.275931, 'test_f1_bottom_decile': 0.0, 'test_f1_top_decile': 1.0, 'test_f1_min': 0.0, 'test_f1_max': 1.0, 'test_f1_bottom10%': 0.0, 'test_f1_top10%': 1.0, 'test_f1_cos1': 0.814338, 'test_f1_entropy': 1.988846, 'test_loss_std': 11.431872, 'test_loss_bottom_decile': 4.288695, 'test_loss_top_decile': 32.430551, 'test_loss_min': 1.274352, 'test_loss_max': 32.430551, 'test_loss_bottom10%': 1.274352, 'test_loss_top10%': 32.430551, 'test_loss_cos1': 0.860255, 'test_loss_entropy': 2.077493}}[0m
[38;5;39m2023-02-25 00:52:10,778 (monitor:541) INFO: {'Role': 'Server #', 'Round': 6, 'Results_model_metric': {}}[0m
[38;5;39m2023-02-25 00:52:10,984 (server:330) INFO: Server: Starting evaluation at the end of round 6.[0m
[38;5;39m2023-02-25 00:52:10,984 (server:336) INFO: ----------- Starting a new training round (Round #7) -------------[0m
[33;20m2023-02-25 00:52:11,554 (context:294) WARNING: No val_data or val_loader in the trainer, will skip evaluation.If this is not the case you want, please check whether there is typo for the name[0m
[33;20m2023-02-25 00:52:11,707 (context:294) WARNING: No val_data or val_loader in the trainer, will skip evaluation.If this is not the case you want, please check whether there is typo for the name[0m
[33;20m2023-02-25 00:52:11,884 (context:294) WARNING: No val_data or val_loader in the trainer, will skip evaluation.If this is not the case you want, please check whether there is typo for the name[0m
[33;20m2023-02-25 00:52:12,168 (context:294) WARNING: No val_data or val_loader in the trainer, will skip evaluation.If this is not the case you want, please check whether there is typo for the name[0m
[33;20m2023-02-25 00:52:12,419 (context:294) WARNING: No val_data or val_loader in the trainer, will skip evaluation.If this is not the case you want, please check whether there is typo for the name[0m
[33;20m2023-02-25 00:52:12,918 (context:294) WARNING: No val_data or val_loader in the trainer, will skip evaluation.If this is not the case you want, please check whether there is typo for the name[0m
[33;20m2023-02-25 00:52:13,344 (context:294) WARNING: No val_data or val_loader in the trainer, will skip evaluation.If this is not the case you want, please check whether there is typo for the name[0m
[33;20m2023-02-25 00:52:13,413 (context:294) WARNING: No val_data or val_loader in the trainer, will skip evaluation.If this is not the case you want, please check whether there is typo for the name[0m
[33;20m2023-02-25 00:52:14,062 (context:294) WARNING: No val_data or val_loader in the trainer, will skip evaluation.If this is not the case you want, please check whether there is typo for the name[0m
[33;20m2023-02-25 00:52:14,408 (context:294) WARNING: No val_data or val_loader in the trainer, will skip evaluation.If this is not the case you want, please check whether there is typo for the name[0m
[38;5;39m2023-02-25 00:52:18,638 (client:306) INFO: {'Role': 'Client #5', 'Round': 7, 'Results_raw': {'train_correct': 276.0, 'train_total': 330, 'train_acc': 0.836364, 'train_avg_loss': 0.386265, 'train_f1': 0.558012, 'train_loss': 127.46744}}[0m
[38;5;39m2023-02-25 00:52:22,117 (client:306) INFO: {'Role': 'Client #10', 'Round': 7, 'Results_raw': {'train_correct': 255.0, 'train_total': 296, 'train_acc': 0.861486, 'train_avg_loss': 0.322213, 'train_f1': 0.553209, 'train_loss': 95.374932}}[0m
[38;5;39m2023-02-25 00:52:26,247 (client:306) INFO: {'Role': 'Client #8', 'Round': 7, 'Results_raw': {'train_correct': 321.0, 'train_total': 348, 'train_acc': 0.922414, 'train_avg_loss': 0.190927, 'train_f1': 0.819082, 'train_loss': 66.442745}}[0m
[38;5;39m2023-02-25 00:52:26,456 (client:306) INFO: {'Role': 'Client #9', 'Round': 7, 'Results_raw': {'train_correct': 11.0, 'train_total': 12, 'train_acc': 0.916667, 'train_avg_loss': 0.285427, 'train_f1': 0.478261, 'train_loss': 3.425128}}[0m
[38;5;39m2023-02-25 00:52:27,298 (client:306) INFO: {'Role': 'Client #2', 'Round': 7, 'Results_raw': {'train_correct': 53.0, 'train_total': 62, 'train_acc': 0.854839, 'train_avg_loss': 0.42175, 'train_f1': 0.442424, 'train_loss': 26.148492}}[0m
[38;5;39m2023-02-25 00:52:30,003 (client:306) INFO: {'Role': 'Client #4', 'Round': 7, 'Results_raw': {'train_correct': 195.0, 'train_total': 196, 'train_acc': 0.994898, 'train_avg_loss': 0.023431, 'train_f1': 0.498721, 'train_loss': 4.592477}}[0m
[38;5;39m2023-02-25 00:52:30,255 (client:306) INFO: {'Role': 'Client #1', 'Round': 7, 'Results_raw': {'train_correct': 5.0, 'train_total': 14, 'train_acc': 0.357143, 'train_avg_loss': 2.133692, 'train_f1': 0.263158, 'train_loss': 29.871693}}[0m
[38;5;39m2023-02-25 00:52:30,257 (server:590) INFO: {'Role': 'Server #', 'Round': 6, 'Results_weighted_avg': {'test_correct': 17.4, 'test_total': 22.0, 'test_acc': 0.790909, 'test_avg_loss': 0.608554, 'test_f1': 0.502979, 'test_loss': 15.480375}, 'Results_avg': {'test_correct': 17.4, 'test_total': 22.0, 'test_acc': 0.63721, 'test_avg_loss': 1.179017, 'test_f1': 0.40054, 'test_loss': 13.388187}, 'Results_fairness': {'test_correct': 17.4, 'test_total': 22.0, 'test_acc_std': 0.33956, 'test_acc_bottom_decile': 0.0, 'test_acc_top_decile': 0.9375, 'test_acc_min': 0.0, 'test_acc_max': 0.9375, 'test_acc_bottom10%': 0.0, 'test_acc_top10%': 0.9375, 'test_acc_cos1': 0.882517, 'test_acc_entropy': 2.06459, 'test_avg_loss_std': 1.244182, 'test_avg_loss_bottom_decile': 0.344115, 'test_avg_loss_top_decile': 3.901651, 'test_avg_loss_min': 0.253658, 'test_avg_loss_max': 3.901651, 'test_avg_loss_bottom10%': 0.253658, 'test_avg_loss_top10%': 3.901651, 'test_avg_loss_cos1': 0.687842, 'test_avg_loss_entropy': 1.843852, 'test_f1_std': 0.254125, 'test_f1_bottom_decile': 0.0, 'test_f1_top_decile': 0.805771, 'test_f1_min': 0.0, 'test_f1_max': 0.805771, 'test_f1_bottom10%': 0.0, 'test_f1_top10%': 0.805771, 'test_f1_cos1': 0.84439, 'test_f1_entropy': 2.020157, 'test_loss_std': 8.114958, 'test_loss_bottom_decile': 3.901651, 'test_loss_top_decile': 26.586804, 'test_loss_min': 3.391044, 'test_loss_max': 26.586804, 'test_loss_bottom10%': 3.391044, 'test_loss_top10%': 26.586804, 'test_loss_cos1': 0.855172, 'test_loss_entropy': 2.116892}}[0m
[38;5;39m2023-02-25 00:52:30,261 (monitor:541) INFO: {'Role': 'Server #', 'Round': 7, 'Results_model_metric': {}}[0m
[38;5;39m2023-02-25 00:52:30,413 (server:330) INFO: Server: Starting evaluation at the end of round 7.[0m
[38;5;39m2023-02-25 00:52:30,414 (server:336) INFO: ----------- Starting a new training round (Round #8) -------------[0m
[33;20m2023-02-25 00:52:30,959 (context:294) WARNING: No val_data or val_loader in the trainer, will skip evaluation.If this is not the case you want, please check whether there is typo for the name[0m
[33;20m2023-02-25 00:52:31,086 (context:294) WARNING: No val_data or val_loader in the trainer, will skip evaluation.If this is not the case you want, please check whether there is typo for the name[0m
[33;20m2023-02-25 00:52:31,197 (context:294) WARNING: No val_data or val_loader in the trainer, will skip evaluation.If this is not the case you want, please check whether there is typo for the name[0m
[33;20m2023-02-25 00:52:31,450 (context:294) WARNING: No val_data or val_loader in the trainer, will skip evaluation.If this is not the case you want, please check whether there is typo for the name[0m
[33;20m2023-02-25 00:52:31,828 (context:294) WARNING: No val_data or val_loader in the trainer, will skip evaluation.If this is not the case you want, please check whether there is typo for the name[0m
[33;20m2023-02-25 00:52:32,230 (context:294) WARNING: No val_data or val_loader in the trainer, will skip evaluation.If this is not the case you want, please check whether there is typo for the name[0m
[33;20m2023-02-25 00:52:32,842 (context:294) WARNING: No val_data or val_loader in the trainer, will skip evaluation.If this is not the case you want, please check whether there is typo for the name[0m
[33;20m2023-02-25 00:52:32,924 (context:294) WARNING: No val_data or val_loader in the trainer, will skip evaluation.If this is not the case you want, please check whether there is typo for the name[0m
[33;20m2023-02-25 00:52:33,361 (context:294) WARNING: No val_data or val_loader in the trainer, will skip evaluation.If this is not the case you want, please check whether there is typo for the name[0m
[33;20m2023-02-25 00:52:33,739 (context:294) WARNING: No val_data or val_loader in the trainer, will skip evaluation.If this is not the case you want, please check whether there is typo for the name[0m
[38;5;39m2023-02-25 00:52:34,249 (client:306) INFO: {'Role': 'Client #7', 'Round': 8, 'Results_raw': {'train_correct': 18.0, 'train_total': 32, 'train_acc': 0.5625, 'train_avg_loss': 1.547726, 'train_f1': 0.370526, 'train_loss': 49.527247}}[0m
[38;5;39m2023-02-25 00:52:34,430 (client:306) INFO: {'Role': 'Client #9', 'Round': 8, 'Results_raw': {'train_correct': 11.0, 'train_total': 12, 'train_acc': 0.916667, 'train_avg_loss': 0.436387, 'train_f1': 0.478261, 'train_loss': 5.236638}}[0m
[38;5;39m2023-02-25 00:52:40,207 (client:306) INFO: {'Role': 'Client #3', 'Round': 8, 'Results_raw': {'train_correct': 429.0, 'train_total': 446, 'train_acc': 0.961883, 'train_avg_loss': 0.095706, 'train_f1': 0.760329, 'train_loss': 42.684842}}[0m
[38;5;39m2023-02-25 00:52:41,006 (client:306) INFO: {'Role': 'Client #2', 'Round': 8, 'Results_raw': {'train_correct': 54.0, 'train_total': 62, 'train_acc': 0.870968, 'train_avg_loss': 0.360663, 'train_f1': 0.493745, 'train_loss': 22.361099}}[0m
[38;5;39m2023-02-25 00:52:45,343 (client:306) INFO: {'Role': 'Client #5', 'Round': 8, 'Results_raw': {'train_correct': 283.0, 'train_total': 330, 'train_acc': 0.857576, 'train_avg_loss': 0.360329, 'train_f1': 0.579344, 'train_loss': 118.90862}}[0m
[38;5;39m2023-02-25 00:52:45,782 (client:306) INFO: {'Role': 'Client #6', 'Round': 8, 'Results_raw': {'train_correct': 14.0, 'train_total': 18, 'train_acc': 0.777778, 'train_avg_loss': 0.606422, 'train_f1': 0.442857, 'train_loss': 10.915602}}[0m
[38;5;39m2023-02-25 00:52:46,065 (client:306) INFO: {'Role': 'Client #1', 'Round': 8, 'Results_raw': {'train_correct': 4.0, 'train_total': 14, 'train_acc': 0.285714, 'train_avg_loss': 1.992256, 'train_f1': 0.148148, 'train_loss': 27.891589}}[0m
[38;5;39m2023-02-25 00:52:46,068 (server:590) INFO: {'Role': 'Server #', 'Round': 7, 'Results_weighted_avg': {'test_correct': 17.4, 'test_total': 22.0, 'test_acc': 0.790909, 'test_avg_loss': 0.655288, 'test_f1': 0.533991, 'test_loss': 16.613914}, 'Results_avg': {'test_correct': 17.4, 'test_total': 22.0, 'test_acc': 0.643775, 'test_avg_loss': 1.196914, 'test_f1': 0.429664, 'test_loss': 14.416333}, 'Results_fairness': {'test_correct': 17.4, 'test_total': 22.0, 'test_acc_std': 0.33697, 'test_acc_bottom_decile': 0.0, 'test_acc_top_decile': 1.0, 'test_acc_min': 0.0, 'test_acc_max': 1.0, 'test_acc_bottom10%': 0.0, 'test_acc_top10%': 1.0, 'test_acc_cos1': 0.885971, 'test_acc_entropy': 2.069796, 'test_avg_loss_std': 1.151703, 'test_avg_loss_bottom_decile': 0.273396, 'test_avg_loss_top_decile': 3.451392, 'test_avg_loss_min': 0.05501, 'test_avg_loss_max': 3.451392, 'test_avg_loss_bottom10%': 0.05501, 'test_avg_loss_top10%': 3.451392, 'test_avg_loss_cos1': 0.720585, 'test_avg_loss_entropy': 1.897211, 'test_f1_std': 0.286664, 'test_f1_bottom_decile': 0.0, 'test_f1_top_decile': 1.0, 'test_f1_min': 0.0, 'test_f1_max': 1.0, 'test_f1_bottom10%': 0.0, 'test_f1_top10%': 1.0, 'test_f1_cos1': 0.831853, 'test_f1_entropy': 2.006527, 'test_loss_std': 8.379468, 'test_loss_bottom_decile': 3.370938, 'test_loss_top_decile': 24.1196, 'test_loss_min': 1.375241, 'test_loss_max': 24.1196, 'test_loss_bottom10%': 1.375241, 'test_loss_top10%': 24.1196, 'test_loss_cos1': 0.864562, 'test_loss_entropy': 2.096632}}[0m
[38;5;39m2023-02-25 00:52:46,073 (monitor:541) INFO: {'Role': 'Server #', 'Round': 8, 'Results_model_metric': {}}[0m
[38;5;39m2023-02-25 00:52:46,232 (server:330) INFO: Server: Starting evaluation at the end of round 8.[0m
[38;5;39m2023-02-25 00:52:46,233 (server:336) INFO: ----------- Starting a new training round (Round #9) -------------[0m
[33;20m2023-02-25 00:52:46,837 (context:294) WARNING: No val_data or val_loader in the trainer, will skip evaluation.If this is not the case you want, please check whether there is typo for the name[0m
[33;20m2023-02-25 00:52:46,944 (context:294) WARNING: No val_data or val_loader in the trainer, will skip evaluation.If this is not the case you want, please check whether there is typo for the name[0m
[33;20m2023-02-25 00:52:47,065 (context:294) WARNING: No val_data or val_loader in the trainer, will skip evaluation.If this is not the case you want, please check whether there is typo for the name[0m
[33;20m2023-02-25 00:52:47,411 (context:294) WARNING: No val_data or val_loader in the trainer, will skip evaluation.If this is not the case you want, please check whether there is typo for the name[0m
[33;20m2023-02-25 00:52:47,697 (context:294) WARNING: No val_data or val_loader in the trainer, will skip evaluation.If this is not the case you want, please check whether there is typo for the name[0m
[33;20m2023-02-25 00:52:48,287 (context:294) WARNING: No val_data or val_loader in the trainer, will skip evaluation.If this is not the case you want, please check whether there is typo for the name[0m
[33;20m2023-02-25 00:52:48,811 (context:294) WARNING: No val_data or val_loader in the trainer, will skip evaluation.If this is not the case you want, please check whether there is typo for the name[0m
[33;20m2023-02-25 00:52:48,923 (context:294) WARNING: No val_data or val_loader in the trainer, will skip evaluation.If this is not the case you want, please check whether there is typo for the name[0m
[33;20m2023-02-25 00:52:49,400 (context:294) WARNING: No val_data or val_loader in the trainer, will skip evaluation.If this is not the case you want, please check whether there is typo for the name[0m
[33;20m2023-02-25 00:52:49,832 (context:294) WARNING: No val_data or val_loader in the trainer, will skip evaluation.If this is not the case you want, please check whether there is typo for the name[0m
[38;5;39m2023-02-25 00:52:53,876 (client:306) INFO: {'Role': 'Client #5', 'Round': 9, 'Results_raw': {'train_correct': 287.0, 'train_total': 330, 'train_acc': 0.869697, 'train_avg_loss': 0.322387, 'train_f1': 0.579407, 'train_loss': 106.38786}}[0m
[38;5;39m2023-02-25 00:52:56,602 (client:306) INFO: {'Role': 'Client #4', 'Round': 9, 'Results_raw': {'train_correct': 181.0, 'train_total': 196, 'train_acc': 0.923469, 'train_avg_loss': 0.149374, 'train_f1': 0.480106, 'train_loss': 29.277276}}[0m
[38;5;39m2023-02-25 00:52:57,058 (client:306) INFO: {'Role': 'Client #6', 'Round': 9, 'Results_raw': {'train_correct': 16.0, 'train_total': 18, 'train_acc': 0.888889, 'train_avg_loss': 0.23081, 'train_f1': 0.544061, 'train_loss': 4.154585}}[0m
[38;5;39m2023-02-25 00:53:00,762 (client:306) INFO: {'Role': 'Client #10', 'Round': 9, 'Results_raw': {'train_correct': 276.0, 'train_total': 296, 'train_acc': 0.932432, 'train_avg_loss': 0.231376, 'train_f1': 0.614514, 'train_loss': 68.487171}}[0m
[38;5;39m2023-02-25 00:53:01,568 (client:306) INFO: {'Role': 'Client #2', 'Round': 9, 'Results_raw': {'train_correct': 46.0, 'train_total': 62, 'train_acc': 0.741935, 'train_avg_loss': 0.729949, 'train_f1': 0.386667, 'train_loss': 45.256811}}[0m
[38;5;39m2023-02-25 00:53:01,909 (client:306) INFO: {'Role': 'Client #9', 'Round': 9, 'Results_raw': {'train_correct': 8.0, 'train_total': 12, 'train_acc': 0.666667, 'train_avg_loss': 1.179091, 'train_f1': 0.4, 'train_loss': 14.149087}}[0m
[38;5;39m2023-02-25 00:53:07,067 (client:306) INFO: {'Role': 'Client #8', 'Round': 9, 'Results_raw': {'train_correct': 319.0, 'train_total': 348, 'train_acc': 0.916667, 'train_avg_loss': 0.236864, 'train_f1': 0.839868, 'train_loss': 82.428597}}[0m
[38;5;39m2023-02-25 00:53:07,069 (server:590) INFO: {'Role': 'Server #', 'Round': 8, 'Results_weighted_avg': {'test_correct': 17.9, 'test_total': 22.0, 'test_acc': 0.813636, 'test_avg_loss': 0.494506, 'test_f1': 0.56302, 'test_loss': 13.349629}, 'Results_avg': {'test_correct': 17.9, 'test_total': 22.0, 'test_acc': 0.670185, 'test_avg_loss': 0.716314, 'test_f1': 0.453103, 'test_loss': 10.879129}, 'Results_fairness': {'test_correct': 17.9, 'test_total': 22.0, 'test_acc_std': 0.308735, 'test_acc_bottom_decile': 0.2, 'test_acc_top_decile': 1.0, 'test_acc_min': 0.0, 'test_acc_max': 1.0, 'test_acc_bottom10%': 0.0, 'test_acc_top10%': 1.0, 'test_acc_cos1': 0.908259, 'test_acc_entropy': 2.140042, 'test_avg_loss_std': 0.470685, 'test_avg_loss_bottom_decile': 0.187108, 'test_avg_loss_top_decile': 1.665441, 'test_avg_loss_min': 0.122455, 'test_avg_loss_max': 1.665441, 'test_avg_loss_bottom10%': 0.122455, 'test_avg_loss_top10%': 1.665441, 'test_avg_loss_cos1': 0.835725, 'test_avg_loss_entropy': 2.090774, 'test_f1_std': 0.286407, 'test_f1_bottom_decile': 0.111111, 'test_f1_top_decile': 1.0, 'test_f1_min': 0.0, 'test_f1_max': 1.0, 'test_f1_bottom10%': 0.0, 'test_f1_top10%': 1.0, 'test_f1_cos1': 0.845289, 'test_f1_entropy': 2.06261, 'test_loss_std': 7.182249, 'test_loss_bottom_decile': 3.061382, 'test_loss_top_decile': 25.021553, 'test_loss_min': 1.451064, 'test_loss_max': 25.021553, 'test_loss_bottom10%': 1.451064, 'test_loss_top10%': 25.021553, 'test_loss_cos1': 0.834538, 'test_loss_entropy': 2.076516}}[0m
[38;5;39m2023-02-25 00:53:07,074 (monitor:541) INFO: {'Role': 'Server #', 'Round': 9, 'Results_model_metric': {}}[0m
[38;5;39m2023-02-25 00:53:07,225 (server:347) INFO: Server: Training is finished! Starting evaluation.[0m
[33;20m2023-02-25 00:53:07,812 (context:294) WARNING: No val_data or val_loader in the trainer, will skip evaluation.If this is not the case you want, please check whether there is typo for the name[0m
[33;20m2023-02-25 00:53:07,928 (context:294) WARNING: No val_data or val_loader in the trainer, will skip evaluation.If this is not the case you want, please check whether there is typo for the name[0m
[33;20m2023-02-25 00:53:08,043 (context:294) WARNING: No val_data or val_loader in the trainer, will skip evaluation.If this is not the case you want, please check whether there is typo for the name[0m
[33;20m2023-02-25 00:53:08,295 (context:294) WARNING: No val_data or val_loader in the trainer, will skip evaluation.If this is not the case you want, please check whether there is typo for the name[0m
[33;20m2023-02-25 00:53:08,595 (context:294) WARNING: No val_data or val_loader in the trainer, will skip evaluation.If this is not the case you want, please check whether there is typo for the name[0m
[33;20m2023-02-25 00:53:09,032 (context:294) WARNING: No val_data or val_loader in the trainer, will skip evaluation.If this is not the case you want, please check whether there is typo for the name[0m
[33;20m2023-02-25 00:53:09,464 (context:294) WARNING: No val_data or val_loader in the trainer, will skip evaluation.If this is not the case you want, please check whether there is typo for the name[0m
[33;20m2023-02-25 00:53:09,556 (context:294) WARNING: No val_data or val_loader in the trainer, will skip evaluation.If this is not the case you want, please check whether there is typo for the name[0m
[33;20m2023-02-25 00:53:10,014 (context:294) WARNING: No val_data or val_loader in the trainer, will skip evaluation.If this is not the case you want, please check whether there is typo for the name[0m
[33;20m2023-02-25 00:53:10,355 (context:294) WARNING: No val_data or val_loader in the trainer, will skip evaluation.If this is not the case you want, please check whether there is typo for the name[0m
[38;5;39m2023-02-25 00:53:10,358 (server:590) INFO: {'Role': 'Server #', 'Round': 9, 'Results_weighted_avg': {'test_correct': 18.0, 'test_total': 22.0, 'test_acc': 0.818182, 'test_avg_loss': 0.509353, 'test_f1': 0.568139, 'test_loss': 12.935554}, 'Results_avg': {'test_correct': 18.0, 'test_total': 22.0, 'test_acc': 0.65919, 'test_avg_loss': 0.944469, 'test_f1': 0.453275, 'test_loss': 11.205773}, 'Results_fairness': {'test_correct': 18.0, 'test_total': 22.0, 'test_acc_std': 0.347479, 'test_acc_bottom_decile': 0.0, 'test_acc_top_decile': 1.0, 'test_acc_min': 0.0, 'test_acc_max': 1.0, 'test_acc_bottom10%': 0.0, 'test_acc_top10%': 1.0, 'test_acc_cos1': 0.884621, 'test_acc_entropy': 2.067651, 'test_avg_loss_std': 0.913168, 'test_avg_loss_bottom_decile': 0.242817, 'test_avg_loss_top_decile': 2.802735, 'test_avg_loss_min': 0.084198, 'test_avg_loss_max': 2.802735, 'test_avg_loss_bottom10%': 0.084198, 'test_avg_loss_top10%': 2.802735, 'test_avg_loss_cos1': 0.718919, 'test_avg_loss_entropy': 1.903024, 'test_f1_std': 0.302049, 'test_f1_bottom_decile': 0.0, 'test_f1_top_decile': 1.0, 'test_f1_min': 0.0, 'test_f1_max': 1.0, 'test_f1_bottom10%': 0.0, 'test_f1_top10%': 1.0, 'test_f1_cos1': 0.832164, 'test_f1_entropy': 2.004014, 'test_loss_std': 6.125392, 'test_loss_bottom_decile': 2.802735, 'test_loss_top_decile': 18.865111, 'test_loss_min': 2.104952, 'test_loss_max': 18.865111, 'test_loss_bottom10%': 2.104952, 'test_loss_top10%': 18.865111, 'test_loss_cos1': 0.877462, 'test_loss_entropy': 2.126964}}[0m
[38;5;39m2023-02-25 00:53:10,359 (server:395) INFO: Server: Final evaluation is finished! Starting merging results.[0m
[38;5;39m2023-02-25 00:53:10,359 (server:521) INFO: {'Role': 'Server #', 'Round': 'Final', 'Results_raw': {'client_best_individual': {'test_loss': 1.274352, 'test_correct': 43.0, 'test_total': 1.0, 'test_acc': 1.0, 'test_avg_loss': 0.050974, 'test_f1': 1.0}, 'client_summarized_weighted_avg': {'test_loss': 12.935554, 'test_correct': 18.0, 'test_total': 22.0, 'test_acc': 0.818182, 'test_avg_loss': 0.509353, 'test_f1': 0.568139}, 'client_summarized_avg': {'test_loss': 10.879129, 'test_correct': 17.9, 'test_total': 22.0, 'test_acc': 0.670185, 'test_avg_loss': 0.716314, 'test_f1': 0.453103}, 'client_summarized_fairness': {'test_loss_entropy': 1.994206, 'test_loss_cos1': 0.790059, 'test_loss_top10%': 59.008772, 'test_loss_bottom10%': 3.159988, 'test_loss_max': 59.008772, 'test_loss_min': 3.159988, 'test_loss_top_decile': 59.008772, 'test_loss_bottom_decile': 6.663553, 'test_loss_std': 20.190384, 'test_correct': 14.0, 'test_total': 22.0, 'test_acc_std': 0.31705, 'test_acc_bottom_decile': 0.0, 'test_acc_top_decile': 0.9375, 'test_acc_min': 0.0, 'test_acc_max': 0.9375, 'test_acc_bottom10%': 0.0, 'test_acc_top10%': 0.9375, 'test_acc_cos1': 0.843961, 'test_acc_entropy': 2.017366, 'test_avg_loss_std': 2.396791, 'test_avg_loss_bottom_decile': 0.458953, 'test_avg_loss_top_decile': 7.306904, 'test_avg_loss_min': 0.09875, 'test_avg_loss_max': 7.306904, 'test_avg_loss_bottom10%': 0.09875, 'test_avg_loss_top10%': 7.306904, 'test_avg_loss_cos1': 0.6853, 'test_avg_loss_entropy': 1.806548, 'test_f1_std': 0.243726, 'test_f1_bottom_decile': 0.0, 'test_f1_top_decile': 0.733333, 'test_f1_min': 0.0, 'test_f1_max': 0.733333, 'test_f1_bottom10%': 0.0, 'test_f1_top10%': 0.733333, 'test_f1_cos1': 0.813355, 'test_f1_entropy': 1.977853}}}[0m
[38;5;39m2023-02-25 00:53:10,360 (server:540) INFO: {'Role': 'Client #1', 'Round': 10, 'Results_raw': {'test_correct': 42.0, 'test_total': 46, 'test_acc': 0.913043, 'test_avg_loss': 0.242817, 'test_f1': 0.488235, 'test_loss': 11.16959}}[0m
[38;5;39m2023-02-25 00:53:10,360 (server:540) INFO: {'Role': 'Client #7', 'Round': 10, 'Results_raw': {'test_correct': 5.0, 'test_total': 6, 'test_acc': 0.833333, 'test_avg_loss': 0.644751, 'test_f1': 0.454545, 'test_loss': 3.868509}}[0m
[38;5;39m2023-02-25 00:53:10,361 (server:540) INFO: {'Role': 'Client #8', 'Round': 10, 'Results_raw': {'test_correct': 28.0, 'test_total': 35, 'test_acc': 0.8, 'test_avg_loss': 0.434569, 'test_f1': 0.773358, 'test_loss': 15.209915}}[0m
[38;5;39m2023-02-25 00:53:10,361 (server:540) INFO: {'Role': 'Client #4', 'Round': 10, 'Results_raw': {'test_correct': 25.0, 'test_total': 25, 'test_acc': 1.0, 'test_avg_loss': 0.084198, 'test_f1': 1.0, 'test_loss': 2.104952}}[0m
[38;5;39m2023-02-25 00:53:10,361 (server:540) INFO: {'Role': 'Client #2', 'Round': 10, 'Results_raw': {'test_correct': 24.0, 'test_total': 31, 'test_acc': 0.774194, 'test_avg_loss': 0.60593, 'test_f1': 0.307692, 'test_loss': 18.783828}}[0m
[38;5;39m2023-02-25 00:53:10,361 (server:540) INFO: {'Role': 'Client #6', 'Round': 10, 'Results_raw': {'test_correct': 29.0, 'test_total': 32, 'test_acc': 0.90625, 'test_avg_loss': 0.520727, 'test_f1': 0.674576, 'test_loss': 16.663255}}[0m
[38;5;39m2023-02-25 00:53:10,362 (server:540) INFO: {'Role': 'Client #5', 'Round': 10, 'Results_raw': {'test_correct': 0.0, 'test_total': 1, 'test_acc': 0.0, 'test_avg_loss': 2.802735, 'test_f1': 0.0, 'test_loss': 2.802735}}[0m
[38;5;39m2023-02-25 00:53:10,362 (server:540) INFO: {'Role': 'Client #9', 'Round': 10, 'Results_raw': {'test_correct': 10.0, 'test_total': 18, 'test_acc': 0.555556, 'test_avg_loss': 1.048062, 'test_f1': 0.30303, 'test_loss': 18.865111}}[0m
[38;5;39m2023-02-25 00:53:10,362 (server:540) INFO: {'Role': 'Client #3', 'Round': 10, 'Results_raw': {'test_correct': 0.0, 'test_total': 5, 'test_acc': 0.0, 'test_avg_loss': 2.605566, 'test_f1': 0.0, 'test_loss': 13.027828}}[0m
[38;5;39m2023-02-25 00:53:10,362 (server:540) INFO: {'Role': 'Client #10', 'Round': 10, 'Results_raw': {'test_correct': 17.0, 'test_total': 21, 'test_acc': 0.809524, 'test_avg_loss': 0.455333, 'test_f1': 0.531313, 'test_loss': 9.562003}}[0m
[38;5;39m2023-02-25 00:53:10,363 (monitor:172) INFO: In worker #0, the system-related metrics are: {'id': 0, 'fl_end_time_minutes': 3.357317, 'total_model_size': 0, 'total_flops': 0, 'total_upload_bytes': 2114800, 'total_download_bytes': 840520, 'global_convergence_round': 0, 'local_convergence_round': 0, 'global_convergence_time_minutes': 0, 'local_convergence_time_minutes': 0}[0m
[38;5;39m2023-02-25 00:53:10,364 (client:513) INFO: ================= client 1 received finish message =================[0m
[38;5;39m2023-02-25 00:53:10,371 (monitor:172) INFO: In worker #1, the system-related metrics are: {'id': 1, 'fl_end_time_minutes': 3.350638, 'total_model_size': 13745790, 'total_flops': 151344635904.0, 'total_upload_bytes': 94848, 'total_download_bytes': 223920, 'global_convergence_round': 0, 'local_convergence_round': 0, 'global_convergence_time_minutes': 0, 'local_convergence_time_minutes': 0}[0m
[38;5;39m2023-02-25 00:53:10,371 (client:513) INFO: ================= client 3 received finish message =================[0m
[38;5;39m2023-02-25 00:53:10,378 (monitor:172) INFO: In worker #3, the system-related metrics are: {'id': 3, 'fl_end_time_minutes': 3.338958, 'total_model_size': 13745790, 'total_flops': 3616055764992.0, 'total_upload_bytes': 73440, 'total_download_bytes': 199040, 'global_convergence_round': 0, 'local_convergence_round': 0, 'global_convergence_time_minutes': 0, 'local_convergence_time_minutes': 0}[0m
[38;5;39m2023-02-25 00:53:10,378 (client:513) INFO: ================= client 7 received finish message =================[0m
[38;5;39m2023-02-25 00:53:10,384 (monitor:172) INFO: In worker #7, the system-related metrics are: {'id': 7, 'fl_end_time_minutes': 3.32448, 'total_model_size': 13745790, 'total_flops': 302689271808.0, 'total_upload_bytes': 84144, 'total_download_bytes': 211480, 'global_convergence_round': 0, 'local_convergence_round': 0, 'global_convergence_time_minutes': 0, 'local_convergence_time_minutes': 0}[0m
[38;5;39m2023-02-25 00:53:10,385 (client:513) INFO: ================= client 10 received finish message =================[0m
[38;5;39m2023-02-25 00:53:10,391 (monitor:172) INFO: In worker #10, the system-related metrics are: {'id': 10, 'fl_end_time_minutes': 3.306867, 'total_model_size': 13745790, 'total_flops': 2399893512192.0, 'total_upload_bytes': 73440, 'total_download_bytes': 199040, 'global_convergence_round': 0, 'local_convergence_round': 0, 'global_convergence_time_minutes': 0, 'local_convergence_time_minutes': 0}[0m
[38;5;39m2023-02-25 00:53:10,392 (client:513) INFO: ================= client 9 received finish message =================[0m
[38;5;39m2023-02-25 00:53:10,398 (monitor:172) INFO: In worker #9, the system-related metrics are: {'id': 9, 'fl_end_time_minutes': 3.313334, 'total_model_size': 13745790, 'total_flops': 113508476928.0, 'total_upload_bytes': 84144, 'total_download_bytes': 211480, 'global_convergence_round': 0, 'local_convergence_round': 0, 'global_convergence_time_minutes': 0, 'local_convergence_time_minutes': 0}[0m
[38;5;39m2023-02-25 00:53:10,398 (client:513) INFO: ================= client 6 received finish message =================[0m
[38;5;39m2023-02-25 00:53:10,404 (monitor:172) INFO: In worker #6, the system-related metrics are: {'id': 6, 'fl_end_time_minutes': 3.327468, 'total_model_size': 13745790, 'total_flops': 121616225280.0, 'total_upload_bytes': 62736, 'total_download_bytes': 186600, 'global_convergence_round': 0, 'local_convergence_round': 0, 'global_convergence_time_minutes': 0, 'local_convergence_time_minutes': 0}[0m
[38;5;39m2023-02-25 00:53:10,405 (client:513) INFO: ================= client 8 received finish message =================[0m
[38;5;39m2023-02-25 00:53:10,411 (monitor:172) INFO: In worker #8, the system-related metrics are: {'id': 8, 'fl_end_time_minutes': 3.320349, 'total_model_size': 13745790, 'total_flops': 4232244639744.0, 'total_upload_bytes': 105552, 'total_download_bytes': 236360, 'global_convergence_round': 0, 'local_convergence_round': 0, 'global_convergence_time_minutes': 0, 'local_convergence_time_minutes': 0}[0m
[38;5;39m2023-02-25 00:53:10,412 (client:513) INFO: ================= client 5 received finish message =================[0m
[38;5;39m2023-02-25 00:53:10,418 (monitor:172) INFO: In worker #5, the system-related metrics are: {'id': 5, 'fl_end_time_minutes': 3.333382, 'total_model_size': 13745790, 'total_flops': 3121483115520.0, 'total_upload_bytes': 84144, 'total_download_bytes': 211480, 'global_convergence_round': 0, 'local_convergence_round': 0, 'global_convergence_time_minutes': 0, 'local_convergence_time_minutes': 0}[0m
[38;5;39m2023-02-25 00:53:10,418 (client:513) INFO: ================= client 2 received finish message =================[0m
[38;5;39m2023-02-25 00:53:10,425 (monitor:172) INFO: In worker #2, the system-related metrics are: {'id': 2, 'fl_end_time_minutes': 3.344155, 'total_model_size': 13745790, 'total_flops': 670240530432.0, 'total_upload_bytes': 94848, 'total_download_bytes': 223920, 'global_convergence_round': 0, 'local_convergence_round': 0, 'global_convergence_time_minutes': 0, 'local_convergence_time_minutes': 0}[0m
[38;5;39m2023-02-25 00:53:10,425 (client:513) INFO: ================= client 4 received finish message =================[0m
[38;5;39m2023-02-25 00:53:10,431 (monitor:172) INFO: In worker #4, the system-related metrics are: {'id': 4, 'fl_end_time_minutes': 3.335161, 'total_model_size': 13745790, 'total_flops': 1853971789824.0, 'total_upload_bytes': 84144, 'total_download_bytes': 211480, 'global_convergence_round': 0, 'local_convergence_round': 0, 'global_convergence_time_minutes': 0, 'local_convergence_time_minutes': 0}[0m
[38;5;39m2023-02-25 00:53:10,432 (monitor:337) INFO: We will compress the file eval_results.raw into a .gz file, and delete the old one[0m
[38;5;39m2023-02-25 00:53:10,435 (monitor:245) INFO: After merging the system metrics from all works, we got avg: defaultdict(None, {'id': 'sys_avg', 'sys_avg/fl_end_time_minutes': 3.33201, 'sys_avg/total_model_size': '11.92M', 'sys_avg/total_flops': '1.37T', 'sys_avg/total_upload_bytes': '262.45K', 'sys_avg/total_download_bytes': '262.37K', 'sys_avg/global_convergence_round': 0.0, 'sys_avg/local_convergence_round': 0.0, 'sys_avg/global_convergence_time_minutes': 0.0, 'sys_avg/local_convergence_time_minutes': 0.0})[0m
[38;5;39m2023-02-25 00:53:10,436 (monitor:248) INFO: After merging the system metrics from all works, we got std: defaultdict(None, {'id': 'sys_std', 'sys_std/fl_end_time_minutes': 0.014738, 'sys_std/total_model_size': '3.77M', 'sys_std/total_flops': '1.39T', 'sys_std/total_upload_bytes': '570.19K', 'sys_std/total_download_bytes': '177.05K', 'sys_std/global_convergence_round': 0.0, 'sys_std/local_convergence_round': 0.0, 'sys_std/global_convergence_time_minutes': 0.0, 'sys_std/local_convergence_time_minutes': 0.0})[0m
None
220
<generator object BaseDataTranslator.split_to_client.<locals>.<genexpr> at 0x7f3146db0200>
