 is at 192.168.0.1[0m
[38;5;39m2023-02-25 00:20:57,344 (logging:126) INFO: the current dir is /home/ubuntu/medscale[0m
[38;5;39m2023-02-25 00:20:57,344 (logging:127) INFO: the output dir is exp/FedAvg_resnet18_on_lung100_lr0.01_lstep1/sub_exp_20230225002057[0m
[33;20m2023-02-25 00:21:08,028 (cfg_data:145) WARNING: config `cfg.data.batch_size` will be removed in the future, use `cfg.dataloader.batch_size` instead.[0m
[33;20m2023-02-25 00:21:08,029 (cfg_data:145) WARNING: config `cfg.data.batch_size` will be removed in the future, use `cfg.dataloader.batch_size` instead.[0m
[38;5;39m2023-02-25 00:21:08,052 (config:243) INFO: the used configs are: 
aggregator:
  inside_weight: 1.0
  num_agg_groups: 1
  num_agg_topk: []
  outside_weight: 0.0
asyn:
  use: False
attack:
  alpha_TV: 0.001
  alpha_prop_loss: 0
  attack_method: 
  attacker_id: -1
  classifier_PIA: randomforest
  edge_num: 100
  edge_path: edge_data/
  freq: 10
  info_diff_type: l2
  inject_round: 0
  insert_round: 100000
  label_type: dirty
  max_ite: 400
  mean: [0.1307]
  mia_is_simulate_in: False
  mia_simulate_in_round: 20
  pgd_eps: 2
  pgd_lr: 0.1
  pgd_poisoning: False
  poison_ratio: 0.5
  reconstruct_lr: 0.01
  reconstruct_optim: Adam
  scale_para: 1.0
  scale_poisoning: False
  self_epoch: 6
  self_lr: 0.05
  self_opt: False
  setting: fix
  std: [0.3081]
  target_label_ind: -1
  trigger_path: trigger/
  trigger_type: edge
backend: torch
cfg_file: 
check_completeness: False
criterion:
  type: CrossEntropyLoss
data:
  args: []
  batch_size: 16
  cSBM_phi: [0.5, 0.5, 0.5]
  cache_dir: 
  consistent_label_distribution: False
  drop_last: False
  hetero_data_name: []
  hetero_synth_batch_size: 32
  hetero_synth_feat_dim: 128
  hetero_synth_prim_weight: 0.5
  is_debug: False
  loader: 
  max_query_len: 128
  max_seq_len: 384
  max_tgt_len: 128
  num_contrast: 0
  num_of_client_for_data: []
  num_steps: 30
  num_workers: 0
  pre_transform: []
  quadratic:
    dim: 1
    max_curv: 12.5
    min_curv: 0.02
  root: data/
  save_data: False
  server_holds_all: False
  shuffle: True
  sizes: [10, 5]
  splits: [0.8, 0, 0.2]
  splitter: lda
  splitter_args: [{'alpha': 0.3}]
  subsample: 1.0
  target_transform: []
  test_pre_transform: []
  test_target_transform: []
  test_transform: []
  transform: []
  trunc_stride: 128
  type: lung100
  val_pre_transform: []
  val_target_transform: []
  val_transform: []
  walk_length: 2
dataloader:
  batch_size: 16
  drop_last: False
  num_steps: 30
  num_workers: 0
  pin_memory: False
  shuffle: True
  sizes: [10, 5]
  theta: -1
  type: base
  walk_length: 2
device: 0
distribute:
  use: False
early_stop:
  delta: 0.0
  improve_indicator_mode: best
  patience: 5
eval:
  best_res_update_round_wise_key: test_loss
  count_flops: True
  freq: 1
  metrics: ['acc', 'correct', 'f1']
  monitoring: []
  report: ['weighted_avg', 'avg', 'fairness', 'raw']
  split: ['test', 'val']
expname: FedAvg_resnet18_on_lung100_lr0.01_lstep1
expname_tag: 
feat_engr:
  num_bins: 5
  scenario: hfl
  secure:
    dp:
      
    encrypt:
      type: dummy
    key_size: 3072
    type: encrypt
  selec_threshold: 0.05
  selec_woe_binning: quantile
  type: 
federate:
  atc_load_from: 
  atc_vanilla: False
  client_num: 10
  data_weighted_aggr: False
  ignore_weight: False
  join_in_info: []
  make_global_eval: False
  merge_test_data: False
  method: FedAvg
  mode: standalone
  online_aggr: True
  resource_info_file: 
  restore_from: 
  sample_client_num: 5
  sample_client_rate: -1.0
  sampler: uniform
  save_to: 
  share_local_model: False
  total_round_num: 10
  unseen_clients_rate: 0.0
  use_diff: False
  use_ss: False
fedopt:
  use: False
fedprox:
  use: False
fedsageplus:
  a: 1.0
  b: 1.0
  c: 1.0
  fedgen_epoch: 200
  gen_hidden: 128
  hide_portion: 0.5
  loc_epoch: 1
  num_pred: 5
finetune:
  batch_or_epoch: epoch
  before_eval: False
  freeze_param: 
  local_update_steps: 1
  optimizer:
    lr: 0.1
    type: SGD
  scheduler:
    type: 
    warmup_ratio: 0.0
flitplus:
  factor_ema: 0.8
  lambdavat: 0.5
  tmpFed: 0.5
  weightReg: 1.0
gcflplus:
  EPS_1: 0.05
  EPS_2: 0.1
  seq_length: 5
  standardize: False
grad:
  grad_accum_count: 1
  grad_clip: 5.0
hpo:
  fedex:
    cutoff: 0.0
    diff: False
    eta0: -1.0
    flatten_ss: True
    gamma: 0.0
    pi_lr: 0.01
    psn: False
    sched: auto
    ss: 
    use: False
  init_cand_num: 16
  larger_better: False
  metric: client_summarized_weighted_avg.val_loss
  num_workers: 0
  pbt:
    max_stage: 5
    perf_threshold: 0.1
  scheduler: rs
  sha:
    budgets: []
    elim_rate: 3
    iter: 0
  ss: 
  table:
    eps: 0.1
    idx: 0
    num: 27
  working_folder: hpo
model:
  contrast_temp: 1.0
  contrast_topk: 100
  downstream_tasks: []
  dropout: 0.0
  embed_size: 8
  gamma: 0
  graph_pooling: mean
  hidden: 2048
  in_channels: 0
  input_shape: ()
  label_smoothing: 0.1
  lambda_: 0.1
  layer: 2
  length_penalty: 2.0
  max_answer_len: 30
  max_length: 200
  max_tree_depth: 3
  min_length: 1
  model_num_per_trainer: 1
  model_type: google/bert_uncased_L-2_H-128_A-2
  n_best_size: 20
  no_repeat_ngram_size: 3
  null_score_diff_threshold: 0.0
  num_beams: 5
  num_item: 0
  num_labels: 1
  num_of_trees: 10
  num_user: 0
  out_channels: 62
  pretrain_tasks: []
  stage: 
  task: node
  type: resnet18
  use_bias: True
  use_contrastive_loss: False
nbafl:
  use: False
outdir: exp/FedAvg_resnet18_on_lung100_lr0.01_lstep1/sub_exp_20230225002057
personalization:
  K: 5
  beta: 1.0
  local_param: []
  local_update_steps: 1
  lr: 0.01
  regular_weight: 0.1
  share_non_trainable_para: False
print_decimal_digits: 6
regularizer:
  mu: 0.0
  type: 
seed: 2
sgdmf:
  use: False
train:
  batch_or_epoch: epoch
  local_update_steps: 1
  optimizer:
    lr: 0.01
    type: SGD
    weight_decay: 0.0
  scheduler:
    type: 
    warmup_ratio: 0.0
trainer:
  disp_freq: 50
  local_entropy:
    alpha: 0.75
    eps: 0.001
    gamma: 0.0001
  sam:
    adaptive: False
    eta: 0.0
    rho: 1.0
  type: cvtrainer
  val_freq: 100000000
use_gpu: True
verbose: 1
vertical:
  use: False
wandb:
  use: False[0m
[38;5;39m2023-02-25 00:21:08,207 (utils:144) INFO: The device information file is not provided[0m
[38;5;39m2023-02-25 00:21:08,877 (fed_runner:169) INFO: Server has been set up ... [0m
[38;5;39m2023-02-25 00:21:09,263 (fed_runner:221) INFO: Client 1 has been set up ... [0m
[38;5;39m2023-02-25 00:21:09,696 (fed_runner:221) INFO: Client 2 has been set up ... [0m
[38;5;39m2023-02-25 00:21:10,034 (fed_runner:221) INFO: Client 3 has been set up ... [0m
[38;5;39m2023-02-25 00:21:10,466 (fed_runner:221) INFO: Client 4 has been set up ... [0m
[38;5;39m2023-02-25 00:21:10,829 (fed_runner:221) INFO: Client 5 has been set up ... [0m
[38;5;39m2023-02-25 00:21:11,225 (fed_runner:221) INFO: Client 6 has been set up ... [0m
[38;5;39m2023-02-25 00:21:11,575 (fed_runner:221) INFO: Client 7 has been set up ... [0m
[38;5;39m2023-02-25 00:21:11,949 (fed_runner:221) INFO: Client 8 has been set up ... [0m
[38;5;39m2023-02-25 00:21:12,412 (fed_runner:221) INFO: Client 9 has been set up ... [0m
[38;5;39m2023-02-25 00:21:12,937 (fed_runner:221) INFO: Client 10 has been set up ... [0m
[38;5;39m2023-02-25 00:21:12,938 (trainer:341) INFO: Model meta-info: <class 'timm.models.resnet.ResNet'>.[0m
[38;5;39m2023-02-25 00:21:12,940 (trainer:349) INFO: Num of original para names: 122.[0m
[38;5;39m2023-02-25 00:21:12,940 (trainer:350) INFO: Num of original trainable para names: 62.[0m
[38;5;39m2023-02-25 00:21:12,940 (trainer:352) INFO: Num of preserved para names in local update: 122. 
Preserved para names in local update: {'layer4.0.bn2.running_mean', 'layer3.0.conv1.weight', 'layer1.0.bn1.num_batches_tracked', 'fc.weight', 'layer3.0.bn1.running_mean', 'layer4.0.bn1.weight', 'layer4.0.downsample.1.running_mean', 'layer1.0.conv2.weight', 'layer3.0.bn1.num_batches_tracked', 'layer3.0.downsample.1.num_batches_tracked', 'layer2.0.bn2.running_var', 'layer3.0.conv2.weight', 'layer3.0.downsample.1.weight', 'layer3.0.bn1.bias', 'layer3.0.downsample.1.bias', 'layer3.1.bn2.num_batches_tracked', 'bn1.running_var', 'layer4.1.conv2.weight', 'layer4.0.downsample.1.running_var', 'layer1.0.bn2.weight', 'layer3.1.bn1.weight', 'layer4.0.downsample.1.num_batches_tracked', 'layer4.0.conv1.weight', 'layer1.0.bn2.running_mean', 'conv1.weight', 'layer2.0.bn1.weight', 'layer3.1.conv2.weight', 'layer2.1.conv1.weight', 'layer1.1.bn1.weight', 'layer1.1.bn1.bias', 'layer4.1.bn1.running_mean', 'layer2.0.bn1.running_var', 'layer4.0.bn2.running_var', 'layer2.0.downsample.1.bias', 'layer1.1.bn1.num_batches_tracked', 'layer4.0.bn1.running_mean', 'layer1.1.bn1.running_var', 'layer3.1.bn2.bias', 'layer2.0.bn1.bias', 'layer1.0.bn1.weight', 'layer1.1.conv2.weight', 'layer2.1.bn2.weight', 'layer1.1.bn2.running_mean', 'layer3.1.bn1.bias', 'layer2.0.bn2.running_mean', 'layer2.0.downsample.1.running_mean', 'layer3.0.downsample.1.running_var', 'layer2.1.bn1.running_var', 'layer1.0.bn2.running_var', 'layer3.0.bn1.running_var', 'layer1.0.bn1.bias', 'layer3.0.bn2.weight', 'layer2.1.bn2.running_mean', 'layer2.0.conv1.weight', 'bn1.weight', 'layer3.1.bn1.running_mean', 'layer2.0.conv2.weight', 'layer4.1.bn1.weight', 'bn1.num_batches_tracked', 'layer3.0.bn2.running_var', 'layer4.1.bn2.bias', 'layer1.0.bn2.num_batches_tracked', 'layer4.1.bn1.bias', 'layer1.1.bn2.weight', 'layer2.1.bn2.running_var', 'layer2.1.bn1.running_mean', 'layer2.0.bn1.num_batches_tracked', 'layer4.0.bn2.bias', 'layer3.0.bn2.num_batches_tracked', 'layer1.0.conv1.weight', 'layer1.1.conv1.weight', 'layer3.0.bn2.running_mean', 'layer4.0.downsample.1.bias', 'layer4.0.conv2.weight', 'layer4.0.bn1.bias', 'layer3.1.bn1.running_var', 'layer4.1.bn2.running_var', 'layer1.1.bn2.bias', 'layer1.0.bn1.running_var', 'layer1.1.bn2.running_var', 'bn1.running_mean', 'layer2.1.bn1.bias', 'layer4.1.bn1.num_batches_tracked', 'layer3.1.conv1.weight', 'layer4.1.conv1.weight', 'layer3.0.downsample.0.weight', 'layer2.1.bn1.weight', 'layer1.0.bn2.bias', 'layer2.0.downsample.1.running_var', 'layer2.1.bn2.num_batches_tracked', 'layer4.0.downsample.0.weight', 'layer4.0.bn1.running_var', 'layer3.1.bn2.running_mean', 'layer4.1.bn2.weight', 'layer1.1.bn1.running_mean', 'layer3.1.bn2.weight', 'layer4.0.bn1.num_batches_tracked', 'layer4.1.bn1.running_var', 'layer3.0.bn1.weight', 'layer2.0.downsample.1.weight', 'layer4.1.bn2.running_mean', 'layer2.0.bn1.running_mean', 'layer3.1.bn2.running_var', 'layer3.1.bn1.num_batches_tracked', 'layer3.0.downsample.1.running_mean', 'layer1.1.bn2.num_batches_tracked', 'layer2.0.bn2.num_batches_tracked', 'fc.bias', 'layer2.0.bn2.bias', 'layer4.0.bn2.num_batches_tracked', 'layer3.0.bn2.bias', 'layer4.1.bn2.num_batches_tracked', 'layer2.0.downsample.1.num_batches_tracked', 'layer2.1.bn2.bias', 'layer1.0.bn1.running_mean', 'layer2.0.downsample.0.weight', 'bn1.bias', 'layer2.1.conv2.weight', 'layer2.1.bn1.num_batches_tracked', 'layer4.0.bn2.weight', 'layer4.0.downsample.1.weight', 'layer2.0.bn2.weight'}.[0m
[38;5;39m2023-02-25 00:21:12,941 (trainer:356) INFO: Num of filtered para names in local update: 0. 
Filtered para names in local update: set().[0m
[38;5;39m2023-02-25 00:21:12,942 (trainer:361) INFO: After register default hooks,
	the hooks_in_train is:
	{
	  "on_fit_start": [
	    "_hook_on_fit_start_init",
	    "_hook_on_fit_start_calculate_model_size"
	  ],
	  "on_epoch_start": [
	    "_hook_on_epoch_start"
	  ],
	  "on_batch_start": [
	    "_hook_on_batch_start_init"
	  ],
	  "on_batch_forward": [
	    "_hook_on_batch_forward",
	    "_hook_on_batch_forward_regularizer",
	    "_hook_on_batch_forward_flop_count"
	  ],
	  "on_batch_backward": [
	    "_hook_on_batch_backward"
	  ],
	  "on_batch_end": [
	    "_hook_on_batch_end"
	  ],
	  "on_fit_end": [
	    "_hook_on_fit_end"
	  ]
	};
	the hooks_in_eval is:
            t{
	  "on_fit_start": [
	    "_hook_on_fit_start_init"
	  ],
	  "on_epoch_start": [
	    "_hook_on_epoch_start"
	  ],
	  "on_batch_start": [
	    "_hook_on_batch_start_init"
	  ],
	  "on_batch_forward": [
	    "_hook_on_batch_forward"
	  ],
	  "on_batch_end": [
	    "_hook_on_batch_end"
	  ],
	  "on_fit_end": [
	    "_hook_on_fit_end"
	  ]
	}[0m
[38;5;39m2023-02-25 00:21:13,000 (server:804) INFO: ----------- Starting training (Round #0) -------------[0m
Unsupported operator aten::max_pool2d encountered 1 time(s)
Unsupported operator aten::add_ encountered 8 time(s)
[38;5;39m2023-02-25 00:21:17,444 (client:306) INFO: {'Role': 'Client #9', 'Round': 0, 'Results_raw': {'train_avg_loss': 9.801379, 'train_acc': 0.0, 'train_loss': 58.808275, 'train_f1': 0.0, 'train_correct': 0.0, 'train_total': 6}}[0m
Unsupported operator aten::max_pool2d encountered 1 time(s)
Unsupported operator aten::add_ encountered 8 time(s)
[38;5;39m2023-02-25 00:21:21,171 (client:306) INFO: {'Role': 'Client #3', 'Round': 0, 'Results_raw': {'train_avg_loss': 7.826999, 'train_acc': 0.013453, 'train_loss': 1745.420668, 'train_f1': 0.000168, 'train_correct': 3.0, 'train_total': 223}}[0m
Unsupported operator aten::max_pool2d encountered 1 time(s)
Unsupported operator aten::add_ encountered 8 time(s)
[38;5;39m2023-02-25 00:21:23,173 (client:306) INFO: {'Role': 'Client #10', 'Round': 0, 'Results_raw': {'train_avg_loss': 9.584261, 'train_acc': 0.0, 'train_loss': 1418.470619, 'train_f1': 0.0, 'train_correct': 0.0, 'train_total': 148}}[0m
Unsupported operator aten::max_pool2d encountered 1 time(s)
Unsupported operator aten::add_ encountered 8 time(s)
[38;5;39m2023-02-25 00:21:25,303 (client:306) INFO: {'Role': 'Client #8', 'Round': 0, 'Results_raw': {'train_avg_loss': 8.872962, 'train_acc': 0.0, 'train_loss': 1543.895424, 'train_f1': 0.0, 'train_correct': 0.0, 'train_total': 174}}[0m
Unsupported operator aten::max_pool2d encountered 1 time(s)
Unsupported operator aten::add_ encountered 8 time(s)
[38;5;39m2023-02-25 00:21:25,652 (client:306) INFO: {'Role': 'Client #1', 'Round': 0, 'Results_raw': {'train_avg_loss': 10.351486, 'train_acc': 0.0, 'train_loss': 72.460403, 'train_f1': 0.0, 'train_correct': 0.0, 'train_total': 7}}[0m
[38;5;39m2023-02-25 00:21:25,707 (monitor:541) INFO: {'Role': 'Server #', 'Round': 0, 'Results_model_metric': {}}[0m
[38;5;39m2023-02-25 00:21:25,715 (server:330) INFO: Server: Starting evaluation at the end of round 0.[0m
[38;5;39m2023-02-25 00:21:25,721 (server:336) INFO: ----------- Starting a new training round (Round #1) -------------[0m
[33;20m2023-02-25 00:21:26,190 (context:294) WARNING: No val_data or val_loader in the trainer, will skip evaluation.If this is not the case you want, please check whether there is typo for the name[0m
[33;20m2023-02-25 00:21:26,569 (context:294) WARNING: No val_data or val_loader in the trainer, will skip evaluation.If this is not the case you want, please check whether there is typo for the name[0m
[33;20m2023-02-25 00:21:26,727 (context:294) WARNING: No val_data or val_loader in the trainer, will skip evaluation.If this is not the case you want, please check whether there is typo for the name[0m
[33;20m2023-02-25 00:21:27,019 (context:294) WARNING: No val_data or val_loader in the trainer, will skip evaluation.If this is not the case you want, please check whether there is typo for the name[0m
[33;20m2023-02-25 00:21:27,108 (context:294) WARNING: No val_data or val_loader in the trainer, will skip evaluation.If this is not the case you want, please check whether there is typo for the name[0m
[33;20m2023-02-25 00:21:27,653 (context:294) WARNING: No val_data or val_loader in the trainer, will skip evaluation.If this is not the case you want, please check whether there is typo for the name[0m
[33;20m2023-02-25 00:21:27,809 (context:294) WARNING: No val_data or val_loader in the trainer, will skip evaluation.If this is not the case you want, please check whether there is typo for the name[0m
[33;20m2023-02-25 00:21:28,447 (context:294) WARNING: No val_data or val_loader in the trainer, will skip evaluation.If this is not the case you want, please check whether there is typo for the name[0m
[33;20m2023-02-25 00:21:28,783 (context:294) WARNING: No val_data or val_loader in the trainer, will skip evaluation.If this is not the case you want, please check whether there is typo for the name[0m
[33;20m2023-02-25 00:21:28,983 (context:294) WARNING: No val_data or val_loader in the trainer, will skip evaluation.If this is not the case you want, please check whether there is typo for the name[0m
<<<<<<< HEAD
/home/ubuntu/medscale/medscale/core/monitors/monitor.py:500: RuntimeWarning: invalid value encountered in double_scalars
=======
<<<<<<< HEAD
/home/ubuntu/medscale/medscale/core/monitors/monitor.py:500: RuntimeWarning: invalid value encountered in double_scalars
=======
/home/ubuntu/medscale/medscale/core/monitors/monitor.py:500: RuntimeWarning: invalid value encountered in double_scalars
>>>>>>> fe4962455354c9c11afd9c9806ceda28eb280737
>>>>>>> 64b283ee525ef53c32509882719e74890329b83f
  new_results[f"{key}_cos1"] = np.mean(
[38;5;39m2023-02-25 00:21:28,985 (server:590) INFO: {'Role': 'Server #', 'Round': 0, 'Results_weighted_avg': {'test_avg_loss': 9.915131, 'test_acc': 0.0, 'test_loss': 299.497225, 'test_f1': 0.0, 'test_correct': 0.0, 'test_total': 22.0}, 'Results_avg': {'test_avg_loss': 10.726092, 'test_acc': 0.0, 'test_loss': 218.132887, 'test_f1': 0.0, 'test_correct': 0.0, 'test_total': 22.0}, 'Results_fairness': {'test_correct': 0.0, 'test_total': 22.0, 'test_avg_loss_std': 2.02299, 'test_avg_loss_bottom_decile': 8.702844, 'test_avg_loss_top_decile': 15.815239, 'test_avg_loss_min': 8.587803, 'test_avg_loss_max': 15.815239, 'test_avg_loss_bottom10%': 8.587803, 'test_avg_loss_top10%': 15.815239, 'test_avg_loss_cos1': 0.982675, 'test_avg_loss_entropy': 2.285947, 'test_acc_std': 0.0, 'test_acc_bottom_decile': 0.0, 'test_acc_top_decile': 0.0, 'test_acc_min': 0.0, 'test_acc_max': 0.0, 'test_acc_bottom10%': 0.0, 'test_acc_top10%': 0.0, 'test_acc_cos1': nan, 'test_acc_entropy': 2.302585, 'test_loss_std': 131.679205, 'test_loss_bottom_decile': 58.828812, 'test_loss_top_decile': 395.03896, 'test_loss_min': 15.815239, 'test_loss_max': 395.03896, 'test_loss_bottom10%': 15.815239, 'test_loss_top10%': 395.03896, 'test_loss_cos1': 0.856106, 'test_loss_entropy': 2.082835, 'test_f1_std': 0.0, 'test_f1_bottom_decile': 0.0, 'test_f1_top_decile': 0.0, 'test_f1_min': 0.0, 'test_f1_max': 0.0, 'test_f1_bottom10%': 0.0, 'test_f1_top10%': 0.0, 'test_f1_cos1': nan, 'test_f1_entropy': 2.302585}}[0m
[38;5;39m2023-02-25 00:21:29,107 (client:306) INFO: {'Role': 'Client #1', 'Round': 1, 'Results_raw': {'train_avg_loss': 9.917996, 'train_acc': 0.0, 'train_loss': 69.425975, 'train_f1': 0.0, 'train_correct': 0.0, 'train_total': 7}}[0m
WARNING:fvcore.nn.jit_analysis:Unsupported operator aten::max_pool2d encountered 1 time(s)
WARNING:fvcore.nn.jit_analysis:Unsupported operator aten::add_ encountered 8 time(s)
[38;5;39m2023-02-25 00:21:29,595 (client:306) INFO: {'Role': 'Client #2', 'Round': 1, 'Results_raw': {'train_avg_loss': 8.281699, 'train_acc': 0.0, 'train_loss': 256.732661, 'train_f1': 0.0, 'train_correct': 0.0, 'train_total': 31}}[0m
[38;5;39m2023-02-25 00:21:31,654 (client:306) INFO: {'Role': 'Client #10', 'Round': 1, 'Results_raw': {'train_avg_loss': 5.914651, 'train_acc': 0.047297, 'train_loss': 875.368377, 'train_f1': 0.001189, 'train_correct': 7.0, 'train_total': 148}}[0m
WARNING:fvcore.nn.jit_analysis:Unsupported operator aten::max_pool2d encountered 1 time(s)
WARNING:fvcore.nn.jit_analysis:Unsupported operator aten::add_ encountered 8 time(s)
[38;5;39m2023-02-25 00:21:34,528 (client:306) INFO: {'Role': 'Client #5', 'Round': 1, 'Results_raw': {'train_avg_loss': 6.684394, 'train_acc': 0.048485, 'train_loss': 1102.925076, 'train_f1': 0.001375, 'train_correct': 8.0, 'train_total': 165}}[0m
WARNING:fvcore.nn.jit_analysis:Unsupported operator aten::max_pool2d encountered 1 time(s)
WARNING:fvcore.nn.jit_analysis:Unsupported operator aten::add_ encountered 8 time(s)
[38;5;39m2023-02-25 00:21:34,942 (client:306) INFO: {'Role': 'Client #7', 'Round': 1, 'Results_raw': {'train_avg_loss': 9.738029, 'train_acc': 0.0, 'train_loss': 155.808456, 'train_f1': 0.0, 'train_correct': 0.0, 'train_total': 16}}[0m
[38;5;39m2023-02-25 00:21:35,009 (monitor:541) INFO: {'Role': 'Server #', 'Round': 1, 'Results_model_metric': {}}[0m
[38;5;39m2023-02-25 00:21:35,018 (server:330) INFO: Server: Starting evaluation at the end of round 1.[0m
[38;5;39m2023-02-25 00:21:35,024 (server:336) INFO: ----------- Starting a new training round (Round #2) -------------[0m
[33;20m2023-02-25 00:21:35,530 (context:294) WARNING: No val_data or val_loader in the trainer, will skip evaluation.If this is not the case you want, please check whether there is typo for the name[0m
[33;20m2023-02-25 00:21:36,072 (context:294) WARNING: No val_data or val_loader in the trainer, will skip evaluation.If this is not the case you want, please check whether there is typo for the name[0m
[33;20m2023-02-25 00:21:36,157 (context:294) WARNING: No val_data or val_loader in the trainer, will skip evaluation.If this is not the case you want, please check whether there is typo for the name[0m
[33;20m2023-02-25 00:21:36,414 (context:294) WARNING: No val_data or val_loader in the trainer, will skip evaluation.If this is not the case you want, please check whether there is typo for the name[0m
[33;20m2023-02-25 00:21:36,461 (context:294) WARNING: No val_data or val_loader in the trainer, will skip evaluation.If this is not the case you want, please check whether there is typo for the name[0m
[33;20m2023-02-25 00:21:36,838 (context:294) WARNING: No val_data or val_loader in the trainer, will skip evaluation.If this is not the case you want, please check whether there is typo for the name[0m
[33;20m2023-02-25 00:21:36,972 (context:294) WARNING: No val_data or val_loader in the trainer, will skip evaluation.If this is not the case you want, please check whether there is typo for the name[0m
[33;20m2023-02-25 00:21:37,316 (context:294) WARNING: No val_data or val_loader in the trainer, will skip evaluation.If this is not the case you want, please check whether there is typo for the name[0m
[33;20m2023-02-25 00:21:37,510 (context:294) WARNING: No val_data or val_loader in the trainer, will skip evaluation.If this is not the case you want, please check whether there is typo for the name[0m
[33;20m2023-02-25 00:21:37,734 (context:294) WARNING: No val_data or val_loader in the trainer, will skip evaluation.If this is not the case you want, please check whether there is typo for the name[0m
[38;5;39m2023-02-25 00:21:37,736 (server:590) INFO: {'Role': 'Server #', 'Round': 1, 'Results_weighted_avg': {'test_avg_loss': 6.097313, 'test_acc': 0.022727, 'test_loss': 183.332033, 'test_f1': 0.002477, 'test_correct': 0.5, 'test_total': 22.0}, 'Results_avg': {'test_avg_loss': 6.752684, 'test_acc': 0.014431, 'test_loss': 134.140877, 'test_f1': 0.001615, 'test_correct': 0.5, 'test_total': 22.0}, 'Results_fairness': {'test_correct': 0.5, 'test_total': 22.0, 'test_avg_loss_std': 1.399374, 'test_avg_loss_bottom_decile': 5.47528, 'test_avg_loss_top_decile': 9.896319, 'test_avg_loss_min': 5.30897, 'test_avg_loss_max': 9.896319, 'test_avg_loss_bottom10%': 5.30897, 'test_avg_loss_top10%': 9.896319, 'test_avg_loss_cos1': 0.979195, 'test_avg_loss_entropy': 2.282517, 'test_acc_std': 0.018069, 'test_acc_bottom_decile': 0.0, 'test_acc_top_decile': 0.043478, 'test_acc_min': 0.0, 'test_acc_max': 0.043478, 'test_acc_bottom10%': 0.0, 'test_acc_top10%': 0.043478, 'test_acc_cos1': 0.624056, 'test_acc_entropy': 1.372651, 'test_loss_std': 78.604604, 'test_loss_bottom_decile': 37.130848, 'test_loss_top_decile': 251.862871, 'test_loss_min': 9.896319, 'test_loss_max': 251.862871, 'test_loss_bottom10%': 9.896319, 'test_loss_top10%': 251.862871, 'test_loss_cos1': 0.862781, 'test_loss_entropy': 2.095689, 'test_f1_std': 0.002342, 'test_f1_bottom_decile': 0.0, 'test_f1_top_decile': 0.007407, 'test_f1_min': 0.0, 'test_f1_max': 0.007407, 'test_f1_bottom10%': 0.0, 'test_f1_top10%': 0.007407, 'test_f1_cos1': 0.567513, 'test_f1_entropy': 1.277811}}[0m
[38;5;39m2023-02-25 00:21:37,915 (client:306) INFO: {'Role': 'Client #7', 'Round': 2, 'Results_raw': {'train_avg_loss': 8.534372, 'train_acc': 0.0, 'train_loss': 136.549957, 'train_f1': 0.0, 'train_correct': 0.0, 'train_total': 16}}[0m
[38;5;39m2023-02-25 00:21:38,272 (client:306) INFO: {'Role': 'Client #2', 'Round': 2, 'Results_raw': {'train_avg_loss': 7.322898, 'train_acc': 0.032258, 'train_loss': 227.009831, 'train_f1': 0.010582, 'train_correct': 1.0, 'train_total': 31}}[0m
[38;5;39m2023-02-25 00:21:40,423 (client:306) INFO: {'Role': 'Client #8', 'Round': 2, 'Results_raw': {'train_avg_loss': 4.733277, 'train_acc': 0.195402, 'train_loss': 823.590203, 'train_f1': 0.006317, 'train_correct': 34.0, 'train_total': 174}}[0m
[38;5;39m2023-02-25 00:21:42,114 (client:306) INFO: {'Role': 'Client #5', 'Round': 2, 'Results_raw': {'train_avg_loss': 4.569959, 'train_acc': 0.284848, 'train_loss': 754.043251, 'train_f1': 0.007736, 'train_correct': 47.0, 'train_total': 165}}[0m
WARNING:fvcore.nn.jit_analysis:Unsupported operator aten::max_pool2d encountered 1 time(s)
WARNING:fvcore.nn.jit_analysis:Unsupported operator aten::add_ encountered 8 time(s)
[38;5;39m2023-02-25 00:21:42,396 (client:306) INFO: {'Role': 'Client #6', 'Round': 2, 'Results_raw': {'train_avg_loss': 4.943708, 'train_acc': 0.222222, 'train_loss': 44.493376, 'train_f1': 0.049383, 'train_correct': 2.0, 'train_total': 9}}[0m
[38;5;39m2023-02-25 00:21:42,428 (monitor:541) INFO: {'Role': 'Server #', 'Round': 2, 'Results_model_metric': {}}[0m
[38;5;39m2023-02-25 00:21:42,436 (server:330) INFO: Server: Starting evaluation at the end of round 2.[0m
[38;5;39m2023-02-25 00:21:42,443 (server:336) INFO: ----------- Starting a new training round (Round #3) -------------[0m
[33;20m2023-02-25 00:21:42,907 (context:294) WARNING: No val_data or val_loader in the trainer, will skip evaluation.If this is not the case you want, please check whether there is typo for the name[0m
[33;20m2023-02-25 00:21:43,257 (context:294) WARNING: No val_data or val_loader in the trainer, will skip evaluation.If this is not the case you want, please check whether there is typo for the name[0m
[33;20m2023-02-25 00:21:43,348 (context:294) WARNING: No val_data or val_loader in the trainer, will skip evaluation.If this is not the case you want, please check whether there is typo for the name[0m
[33;20m2023-02-25 00:21:43,576 (context:294) WARNING: No val_data or val_loader in the trainer, will skip evaluation.If this is not the case you want, please check whether there is typo for the name[0m
[33;20m2023-02-25 00:21:43,626 (context:294) WARNING: No val_data or val_loader in the trainer, will skip evaluation.If this is not the case you want, please check whether there is typo for the name[0m
[33;20m2023-02-25 00:21:43,972 (context:294) WARNING: No val_data or val_loader in the trainer, will skip evaluation.If this is not the case you want, please check whether there is typo for the name[0m
[33;20m2023-02-25 00:21:44,162 (context:294) WARNING: No val_data or val_loader in the trainer, will skip evaluation.If this is not the case you want, please check whether there is typo for the name[0m
[33;20m2023-02-25 00:21:44,772 (context:294) WARNING: No val_data or val_loader in the trainer, will skip evaluation.If this is not the case you want, please check whether there is typo for the name[0m
[33;20m2023-02-25 00:21:45,120 (context:294) WARNING: No val_data or val_loader in the trainer, will skip evaluation.If this is not the case you want, please check whether there is typo for the name[0m
[33;20m2023-02-25 00:21:45,388 (context:294) WARNING: No val_data or val_loader in the trainer, will skip evaluation.If this is not the case you want, please check whether there is typo for the name[0m
[38;5;39m2023-02-25 00:21:45,390 (server:590) INFO: {'Role': 'Server #', 'Round': 2, 'Results_weighted_avg': {'test_avg_loss': 4.006117, 'test_acc': 0.213636, 'test_loss': 118.655102, 'test_f1': 0.026951, 'test_correct': 4.7, 'test_total': 22.0}, 'Results_avg': {'test_avg_loss': 4.474325, 'test_acc': 0.170733, 'test_loss': 88.134578, 'test_f1': 0.02984, 'test_correct': 4.7, 'test_total': 22.0}, 'Results_fairness': {'test_correct': 4.7, 'test_total': 22.0, 'test_avg_loss_std': 1.054221, 'test_avg_loss_bottom_decile': 3.557593, 'test_avg_loss_top_decile': 6.959898, 'test_avg_loss_min': 3.502046, 'test_avg_loss_max': 6.959898, 'test_avg_loss_bottom10%': 3.502046, 'test_avg_loss_top10%': 6.959898, 'test_avg_loss_cos1': 0.973347, 'test_avg_loss_entropy': 2.276677, 'test_acc_std': 0.100882, 'test_acc_bottom_decile': 0.0, 'test_acc_top_decile': 0.277778, 'test_acc_min': 0.0, 'test_acc_max': 0.277778, 'test_acc_bottom10%': 0.0, 'test_acc_top10%': 0.277778, 'test_acc_cos1': 0.860938, 'test_acc_entropy': 2.035339, 'test_loss_std': 49.719728, 'test_loss_bottom_decile': 25.378361, 'test_loss_top_decile': 161.094096, 'test_loss_min': 5.399928, 'test_loss_max': 161.094096, 'test_loss_bottom10%': 5.399928, 'test_loss_top10%': 161.094096, 'test_loss_cos1': 0.870967, 'test_loss_entropy': 2.107303, 'test_f1_std': 0.031598, 'test_f1_bottom_decile': 0.0, 'test_f1_top_decile': 0.111111, 'test_f1_min': 0.0, 'test_f1_max': 0.111111, 'test_f1_bottom10%': 0.0, 'test_f1_top10%': 0.111111, 'test_f1_cos1': 0.686587, 'test_f1_entropy': 1.783771}}[0m
[38;5;39m2023-02-25 00:21:45,577 (client:306) INFO: {'Role': 'Client #7', 'Round': 3, 'Results_raw': {'train_avg_loss': 6.845217, 'train_acc': 0.0, 'train_loss': 109.523468, 'train_f1': 0.0, 'train_correct': 0.0, 'train_total': 16}}[0m
[38;5;39m2023-02-25 00:21:48,404 (client:306) INFO: {'Role': 'Client #3', 'Round': 3, 'Results_raw': {'train_avg_loss': 1.38793, 'train_acc': 0.798206, 'train_loss': 309.508398, 'train_f1': 0.031479, 'train_correct': 178.0, 'train_total': 223}}[0m
[38;5;39m2023-02-25 00:21:48,621 (client:306) INFO: {'Role': 'Client #9', 'Round': 3, 'Results_raw': {'train_avg_loss': 5.185661, 'train_acc': 0.0, 'train_loss': 31.113968, 'train_f1': 0.0, 'train_correct': 0.0, 'train_total': 6}}[0m
[38;5;39m2023-02-25 00:21:49,074 (client:306) INFO: {'Role': 'Client #2', 'Round': 3, 'Results_raw': {'train_avg_loss': 4.956464, 'train_acc': 0.096774, 'train_loss': 153.65037, 'train_f1': 0.019274, 'train_correct': 3.0, 'train_total': 31}}[0m
WARNING:fvcore.nn.jit_analysis:Unsupported operator aten::max_pool2d encountered 1 time(s)
WARNING:fvcore.nn.jit_analysis:Unsupported operator aten::add_ encountered 8 time(s)
[38;5;39m2023-02-25 00:21:50,371 (client:306) INFO: {'Role': 'Client #4', 'Round': 3, 'Results_raw': {'train_avg_loss': 3.682151, 'train_acc': 0.418367, 'train_loss': 360.850837, 'train_f1': 0.018435, 'train_correct': 41.0, 'train_total': 98}}[0m
[38;5;39m2023-02-25 00:21:50,401 (monitor:541) INFO: {'Role': 'Server #', 'Round': 3, 'Results_model_metric': {}}[0m
[38;5;39m2023-02-25 00:21:50,410 (server:330) INFO: Server: Starting evaluation at the end of round 3.[0m
[38;5;39m2023-02-25 00:21:50,416 (server:336) INFO: ----------- Starting a new training round (Round #4) -------------[0m
[33;20m2023-02-25 00:21:50,927 (context:294) WARNING: No val_data or val_loader in the trainer, will skip evaluation.If this is not the case you want, please check whether there is typo for the name[0m
[33;20m2023-02-25 00:21:51,227 (context:294) WARNING: No val_data or val_loader in the trainer, will skip evaluation.If this is not the case you want, please check whether there is typo for the name[0m
[33;20m2023-02-25 00:21:51,360 (context:294) WARNING: No val_data or val_loader in the trainer, will skip evaluation.If this is not the case you want, please check whether there is typo for the name[0m
[33;20m2023-02-25 00:21:51,686 (context:294) WARNING: No val_data or val_loader in the trainer, will skip evaluation.If this is not the case you want, please check whether there is typo for the name[0m
[33;20m2023-02-25 00:21:51,732 (context:294) WARNING: No val_data or val_loader in the trainer, will skip evaluation.If this is not the case you want, please check whether there is typo for the name[0m
[33;20m2023-02-25 00:21:52,122 (context:294) WARNING: No val_data or val_loader in the trainer, will skip evaluation.If this is not the case you want, please check whether there is typo for the name[0m
[33;20m2023-02-25 00:21:52,256 (context:294) WARNING: No val_data or val_loader in the trainer, will skip evaluation.If this is not the case you want, please check whether there is typo for the name[0m
[33;20m2023-02-25 00:21:52,595 (context:294) WARNING: No val_data or val_loader in the trainer, will skip evaluation.If this is not the case you want, please check whether there is typo for the name[0m
[33;20m2023-02-25 00:21:52,870 (context:294) WARNING: No val_data or val_loader in the trainer, will skip evaluation.If this is not the case you want, please check whether there is typo for the name[0m
[33;20m2023-02-25 00:21:53,127 (context:294) WARNING: No val_data or val_loader in the trainer, will skip evaluation.If this is not the case you want, please check whether there is typo for the name[0m
[38;5;39m2023-02-25 00:21:53,129 (server:590) INFO: {'Role': 'Server #', 'Round': 3, 'Results_weighted_avg': {'test_avg_loss': 2.348165, 'test_acc': 0.609091, 'test_loss': 65.87968, 'test_f1': 0.184226, 'test_correct': 13.4, 'test_total': 22.0}, 'Results_avg': {'test_avg_loss': 3.183772, 'test_acc': 0.48733, 'test_loss': 51.659641, 'test_f1': 0.147155, 'test_correct': 13.4, 'test_total': 22.0}, 'Results_fairness': {'test_correct': 13.4, 'test_total': 22.0, 'test_avg_loss_std': 1.841864, 'test_avg_loss_bottom_decile': 1.462118, 'test_avg_loss_top_decile': 6.880517, 'test_avg_loss_min': 1.132219, 'test_avg_loss_max': 6.880517, 'test_avg_loss_bottom10%': 1.132219, 'test_avg_loss_top10%': 6.880517, 'test_avg_loss_cos1': 0.865588, 'test_avg_loss_entropy': 2.15054, 'test_acc_std': 0.289559, 'test_acc_bottom_decile': 0.0, 'test_acc_top_decile': 0.891304, 'test_acc_min': 0.0, 'test_acc_max': 0.891304, 'test_acc_bottom10%': 0.0, 'test_acc_top10%': 0.891304, 'test_acc_cos1': 0.859695, 'test_acc_entropy': 2.037769, 'test_loss_std': 28.28923, 'test_loss_bottom_decile': 12.621062, 'test_loss_top_decile': 85.788948, 'test_loss_min': 6.880517, 'test_loss_max': 85.788948, 'test_loss_bottom10%': 6.880517, 'test_loss_top10%': 85.788948, 'test_loss_cos1': 0.8771, 'test_loss_entropy': 2.124131, 'test_f1_std': 0.107849, 'test_f1_bottom_decile': 0.0, 'test_f1_top_decile': 0.363095, 'test_f1_min': 0.0, 'test_f1_max': 0.363095, 'test_f1_bottom10%': 0.0, 'test_f1_top10%': 0.363095, 'test_f1_cos1': 0.806575, 'test_f1_entropy': 1.967615}}[0m
[38;5;39m2023-02-25 00:21:55,827 (client:306) INFO: {'Role': 'Client #3', 'Round': 4, 'Results_raw': {'train_avg_loss': 0.366806, 'train_acc': 0.964126, 'train_loss': 81.797838, 'train_f1': 0.740698, 'train_correct': 215.0, 'train_total': 223}}[0m
[38;5;39m2023-02-25 00:21:56,217 (client:306) INFO: {'Role': 'Client #7', 'Round': 4, 'Results_raw': {'train_avg_loss': 7.499022, 'train_acc': 0.0, 'train_loss': 119.98436, 'train_f1': 0.0, 'train_correct': 0.0, 'train_total': 16}}[0m
[38;5;39m2023-02-25 00:21:56,477 (client:306) INFO: {'Role': 'Client #1', 'Round': 4, 'Results_raw': {'train_avg_loss': 8.198576, 'train_acc': 0.0, 'train_loss': 57.390032, 'train_f1': 0.0, 'train_correct': 0.0, 'train_total': 7}}[0m
[38;5;39m2023-02-25 00:21:58,114 (client:306) INFO: {'Role': 'Client #10', 'Round': 4, 'Results_raw': {'train_avg_loss': 0.877695, 'train_acc': 0.824324, 'train_loss': 129.898884, 'train_f1': 0.504277, 'train_correct': 122.0, 'train_total': 148}}[0m
[38;5;39m2023-02-25 00:21:59,539 (client:306) INFO: {'Role': 'Client #4', 'Round': 4, 'Results_raw': {'train_avg_loss': 2.670305, 'train_acc': 0.326531, 'train_loss': 261.689883, 'train_f1': 0.123077, 'train_correct': 32.0, 'train_total': 98}}[0m
[38;5;39m2023-02-25 00:21:59,563 (monitor:541) INFO: {'Role': 'Server #', 'Round': 4, 'Results_model_metric': {}}[0m
[38;5;39m2023-02-25 00:21:59,571 (server:330) INFO: Server: Starting evaluation at the end of round 4.[0m
[38;5;39m2023-02-25 00:21:59,579 (server:336) INFO: ----------- Starting a new training round (Round #5) -------------[0m
[33;20m2023-02-25 00:22:00,227 (context:294) WARNING: No val_data or val_loader in the trainer, will skip evaluation.If this is not the case you want, please check whether there is typo for the name[0m
[33;20m2023-02-25 00:22:00,545 (context:294) WARNING: No val_data or val_loader in the trainer, will skip evaluation.If this is not the case you want, please check whether there is typo for the name[0m
[33;20m2023-02-25 00:22:00,621 (context:294) WARNING: No val_data or val_loader in the trainer, will skip evaluation.If this is not the case you want, please check whether there is typo for the name[0m
[33;20m2023-02-25 00:22:00,938 (context:294) WARNING: No val_data or val_loader in the trainer, will skip evaluation.If this is not the case you want, please check whether there is typo for the name[0m
[33;20m2023-02-25 00:22:01,031 (context:294) WARNING: No val_data or val_loader in the trainer, will skip evaluation.If this is not the case you want, please check whether there is typo for the name[0m
[33;20m2023-02-25 00:22:01,530 (context:294) WARNING: No val_data or val_loader in the trainer, will skip evaluation.If this is not the case you want, please check whether there is typo for the name[0m
[33;20m2023-02-25 00:22:01,612 (context:294) WARNING: No val_data or val_loader in the trainer, will skip evaluation.If this is not the case you want, please check whether there is typo for the name[0m
[33;20m2023-02-25 00:22:02,038 (context:294) WARNING: No val_data or val_loader in the trainer, will skip evaluation.If this is not the case you want, please check whether there is typo for the name[0m
[33;20m2023-02-25 00:22:02,225 (context:294) WARNING: No val_data or val_loader in the trainer, will skip evaluation.If this is not the case you want, please check whether there is typo for the name[0m
[33;20m2023-02-25 00:22:02,422 (context:294) WARNING: No val_data or val_loader in the trainer, will skip evaluation.If this is not the case you want, please check whether there is typo for the name[0m
[38;5;39m2023-02-25 00:22:02,424 (server:590) INFO: {'Role': 'Server #', 'Round': 4, 'Results_weighted_avg': {'test_avg_loss': 1.53555, 'test_acc': 0.718182, 'test_loss': 39.753912, 'test_f1': 0.393801, 'test_correct': 15.8, 'test_total': 22.0}, 'Results_avg': {'test_avg_loss': 2.874005, 'test_acc': 0.583164, 'test_loss': 33.782109, 'test_f1': 0.319731, 'test_correct': 15.8, 'test_total': 22.0}, 'Results_fairness': {'test_correct': 15.8, 'test_total': 22.0, 'test_avg_loss_std': 2.97538, 'test_avg_loss_bottom_decile': 0.945425, 'test_avg_loss_top_decile': 9.872835, 'test_avg_loss_min': 0.450093, 'test_avg_loss_max': 9.872835, 'test_avg_loss_bottom10%': 0.450093, 'test_avg_loss_top10%': 9.872835, 'test_avg_loss_cos1': 0.694748, 'test_avg_loss_entropy': 1.869846, 'test_acc_std': 0.317131, 'test_acc_bottom_decile': 0.0, 'test_acc_top_decile': 0.92, 'test_acc_min': 0.0, 'test_acc_max': 0.92, 'test_acc_bottom10%': 0.0, 'test_acc_top10%': 0.92, 'test_acc_cos1': 0.878502, 'test_acc_entropy': 2.061091, 'test_loss_std': 18.008111, 'test_loss_bottom_decile': 9.872835, 'test_loss_top_decile': 61.007298, 'test_loss_min': 6.954289, 'test_loss_max': 61.007298, 'test_loss_bottom10%': 6.954289, 'test_loss_top10%': 61.007298, 'test_loss_cos1': 0.882451, 'test_loss_entropy': 2.138289, 'test_f1_std': 0.173129, 'test_f1_bottom_decile': 0.0, 'test_f1_top_decile': 0.479167, 'test_f1_min': 0.0, 'test_f1_max': 0.479167, 'test_f1_bottom10%': 0.0, 'test_f1_top10%': 0.479167, 'test_f1_cos1': 0.87936, 'test_f1_entropy': 2.060984}}[0m
[38;5;39m2023-02-25 00:22:04,206 (client:306) INFO: {'Role': 'Client #10', 'Round': 5, 'Results_raw': {'train_avg_loss': 0.557258, 'train_acc': 0.851351, 'train_loss': 82.474167, 'train_f1': 0.535337, 'train_correct': 126.0, 'train_total': 148}}[0m
[38;5;39m2023-02-25 00:22:06,110 (client:306) INFO: {'Role': 'Client #8', 'Round': 5, 'Results_raw': {'train_avg_loss': 1.331531, 'train_acc': 0.62069, 'train_loss': 231.686311, 'train_f1': 0.378251, 'train_correct': 108.0, 'train_total': 174}}[0m
[38;5;39m2023-02-25 00:22:07,860 (client:306) INFO: {'Role': 'Client #5', 'Round': 5, 'Results_raw': {'train_avg_loss': 2.292335, 'train_acc': 0.6, 'train_loss': 378.235255, 'train_f1': 0.332295, 'train_correct': 99.0, 'train_total': 165}}[0m
[38;5;39m2023-02-25 00:22:08,176 (client:306) INFO: {'Role': 'Client #7', 'Round': 5, 'Results_raw': {'train_avg_loss': 8.185997, 'train_acc': 0.0, 'train_loss': 130.975952, 'train_f1': 0.0, 'train_correct': 0.0, 'train_total': 16}}[0m
[38;5;39m2023-02-25 00:22:10,760 (client:306) INFO: {'Role': 'Client #3', 'Round': 5, 'Results_raw': {'train_avg_loss': 0.19118, 'train_acc': 0.959641, 'train_loss': 42.633076, 'train_f1': 0.775126, 'train_correct': 214.0, 'train_total': 223}}[0m
[38;5;39m2023-02-25 00:22:10,811 (monitor:541) INFO: {'Role': 'Server #', 'Round': 5, 'Results_model_metric': {}}[0m
[38;5;39m2023-02-25 00:22:10,821 (server:330) INFO: Server: Starting evaluation at the end of round 5.[0m
[38;5;39m2023-02-25 00:22:10,830 (server:336) INFO: ----------- Starting a new training round (Round #6) -------------[0m
[33;20m2023-02-25 00:22:11,440 (context:294) WARNING: No val_data or val_loader in the trainer, will skip evaluation.If this is not the case you want, please check whether there is typo for the name[0m
[33;20m2023-02-25 00:22:11,817 (context:294) WARNING: No val_data or val_loader in the trainer, will skip evaluation.If this is not the case you want, please check whether there is typo for the name[0m
[33;20m2023-02-25 00:22:11,920 (context:294) WARNING: No val_data or val_loader in the trainer, will skip evaluation.If this is not the case you want, please check whether there is typo for the name[0m
[33;20m2023-02-25 00:22:12,141 (context:294) WARNING: No val_data or val_loader in the trainer, will skip evaluation.If this is not the case you want, please check whether there is typo for the name[0m
[33;20m2023-02-25 00:22:12,191 (context:294) WARNING: No val_data or val_loader in the trainer, will skip evaluation.If this is not the case you want, please check whether there is typo for the name[0m
[33;20m2023-02-25 00:22:12,549 (context:294) WARNING: No val_data or val_loader in the trainer, will skip evaluation.If this is not the case you want, please check whether there is typo for the name[0m
[33;20m2023-02-25 00:22:12,638 (context:294) WARNING: No val_data or val_loader in the trainer, will skip evaluation.If this is not the case you want, please check whether there is typo for the name[0m
[33;20m2023-02-25 00:22:13,063 (context:294) WARNING: No val_data or val_loader in the trainer, will skip evaluation.If this is not the case you want, please check whether there is typo for the name[0m
[33;20m2023-02-25 00:22:13,253 (context:294) WARNING: No val_data or val_loader in the trainer, will skip evaluation.If this is not the case you want, please check whether there is typo for the name[0m
[33;20m2023-02-25 00:22:13,452 (context:294) WARNING: No val_data or val_loader in the trainer, will skip evaluation.If this is not the case you want, please check whether there is typo for the name[0m
[38;5;39m2023-02-25 00:22:13,454 (server:590) INFO: {'Role': 'Server #', 'Round': 5, 'Results_weighted_avg': {'test_avg_loss': 1.040466, 'test_acc': 0.809091, 'test_loss': 25.892352, 'test_f1': 0.553502, 'test_correct': 17.8, 'test_total': 22.0}, 'Results_avg': {'test_avg_loss': 1.773825, 'test_acc': 0.649649, 'test_loss': 22.890247, 'test_f1': 0.438577, 'test_correct': 17.8, 'test_total': 22.0}, 'Results_fairness': {'test_correct': 17.8, 'test_total': 22.0, 'test_avg_loss_std': 1.75039, 'test_avg_loss_bottom_decile': 0.494009, 'test_avg_loss_top_decile': 6.169253, 'test_avg_loss_min': 0.199343, 'test_avg_loss_max': 6.169253, 'test_avg_loss_bottom10%': 0.199343, 'test_avg_loss_top10%': 6.169253, 'test_avg_loss_cos1': 0.711793, 'test_avg_loss_entropy': 1.897944, 'test_acc_std': 0.344734, 'test_acc_bottom_decile': 0.0, 'test_acc_top_decile': 1.0, 'test_acc_min': 0.0, 'test_acc_max': 1.0, 'test_acc_bottom10%': 0.0, 'test_acc_top10%': 1.0, 'test_acc_cos1': 0.883336, 'test_acc_entropy': 2.066297, 'test_loss_std': 14.65756, 'test_loss_bottom_decile': 4.983579, 'test_loss_top_decile': 47.953191, 'test_loss_min': 3.436871, 'test_loss_max': 47.953191, 'test_loss_bottom10%': 3.436871, 'test_loss_top10%': 47.953191, 'test_loss_cos1': 0.842141, 'test_loss_entropy': 2.072482, 'test_f1_std': 0.307121, 'test_f1_bottom_decile': 0.0, 'test_f1_top_decile': 1.0, 'test_f1_min': 0.0, 'test_f1_max': 1.0, 'test_f1_bottom10%': 0.0, 'test_f1_top10%': 1.0, 'test_f1_cos1': 0.819129, 'test_f1_entropy': 1.988261}}[0m
[38;5;39m2023-02-25 00:22:14,645 (client:306) INFO: {'Role': 'Client #4', 'Round': 6, 'Results_raw': {'train_avg_loss': 1.674008, 'train_acc': 0.479592, 'train_loss': 164.0528, 'train_f1': 0.324138, 'train_correct': 47.0, 'train_total': 98}}[0m
[38;5;39m2023-02-25 00:22:14,802 (client:306) INFO: {'Role': 'Client #9', 'Round': 6, 'Results_raw': {'train_avg_loss': 3.51446, 'train_acc': 0.0, 'train_loss': 21.086758, 'train_f1': 0.0, 'train_correct': 0.0, 'train_total': 6}}[0m
[38;5;39m2023-02-25 00:22:16,802 (client:306) INFO: {'Role': 'Client #8', 'Round': 6, 'Results_raw': {'train_avg_loss': 0.896566, 'train_acc': 0.695402, 'train_loss': 156.002566, 'train_f1': 0.621226, 'train_correct': 121.0, 'train_total': 174}}[0m
[38;5;39m2023-02-25 00:22:17,299 (client:306) INFO: {'Role': 'Client #2', 'Round': 6, 'Results_raw': {'train_avg_loss': 2.97453, 'train_acc': 0.193548, 'train_loss': 92.210415, 'train_f1': 0.131999, 'train_correct': 6.0, 'train_total': 31}}[0m
[38;5;39m2023-02-25 00:22:19,326 (client:306) INFO: {'Role': 'Client #5', 'Round': 6, 'Results_raw': {'train_avg_loss': 1.961227, 'train_acc': 0.624242, 'train_loss': 323.602391, 'train_f1': 0.371252, 'train_correct': 103.0, 'train_total': 165}}[0m
[38;5;39m2023-02-25 00:22:19,352 (monitor:541) INFO: {'Role': 'Server #', 'Round': 6, 'Results_model_metric': {}}[0m
[38;5;39m2023-02-25 00:22:19,361 (server:330) INFO: Server: Starting evaluation at the end of round 6.[0m
[38;5;39m2023-02-25 00:22:19,367 (server:336) INFO: ----------- Starting a new training round (Round #7) -------------[0m
[33;20m2023-02-25 00:22:19,848 (context:294) WARNING: No val_data or val_loader in the trainer, will skip evaluation.If this is not the case you want, please check whether there is typo for the name[0m
[33;20m2023-02-25 00:22:20,144 (context:294) WARNING: No val_data or val_loader in the trainer, will skip evaluation.If this is not the case you want, please check whether there is typo for the name[0m
[33;20m2023-02-25 00:22:20,222 (context:294) WARNING: No val_data or val_loader in the trainer, will skip evaluation.If this is not the case you want, please check whether there is typo for the name[0m
[33;20m2023-02-25 00:22:20,443 (context:294) WARNING: No val_data or val_loader in the trainer, will skip evaluation.If this is not the case you want, please check whether there is typo for the name[0m
[33;20m2023-02-25 00:22:20,491 (context:294) WARNING: No val_data or val_loader in the trainer, will skip evaluation.If this is not the case you want, please check whether there is typo for the name[0m
[33;20m2023-02-25 00:22:20,827 (context:294) WARNING: No val_data or val_loader in the trainer, will skip evaluation.If this is not the case you want, please check whether there is typo for the name[0m
[33;20m2023-02-25 00:22:20,910 (context:294) WARNING: No val_data or val_loader in the trainer, will skip evaluation.If this is not the case you want, please check whether there is typo for the name[0m
[33;20m2023-02-25 00:22:21,249 (context:294) WARNING: No val_data or val_loader in the trainer, will skip evaluation.If this is not the case you want, please check whether there is typo for the name[0m
[33;20m2023-02-25 00:22:21,480 (context:294) WARNING: No val_data or val_loader in the trainer, will skip evaluation.If this is not the case you want, please check whether there is typo for the name[0m
[33;20m2023-02-25 00:22:21,677 (context:294) WARNING: No val_data or val_loader in the trainer, will skip evaluation.If this is not the case you want, please check whether there is typo for the name[0m
[38;5;39m2023-02-25 00:22:21,679 (server:590) INFO: {'Role': 'Server #', 'Round': 6, 'Results_weighted_avg': {'test_avg_loss': 0.937759, 'test_acc': 0.822727, 'test_loss': 23.070663, 'test_f1': 0.514827, 'test_correct': 18.1, 'test_total': 22.0}, 'Results_avg': {'test_avg_loss': 1.7576, 'test_acc': 0.635338, 'test_loss': 20.630694, 'test_f1': 0.398591, 'test_correct': 18.1, 'test_total': 22.0}, 'Results_fairness': {'test_correct': 18.1, 'test_total': 22.0, 'test_avg_loss_std': 1.689709, 'test_avg_loss_bottom_decile': 0.314517, 'test_avg_loss_top_decile': 4.938563, 'test_avg_loss_min': 0.307211, 'test_avg_loss_max': 4.938563, 'test_avg_loss_bottom10%': 0.307211, 'test_avg_loss_top10%': 4.938563, 'test_avg_loss_cos1': 0.720893, 'test_avg_loss_entropy': 1.879477, 'test_acc_std': 0.361017, 'test_acc_bottom_decile': 0.0, 'test_acc_top_decile': 0.96, 'test_acc_min': 0.0, 'test_acc_max': 0.96, 'test_acc_bottom10%': 0.0, 'test_acc_top10%': 0.96, 'test_acc_cos1': 0.869439, 'test_acc_entropy': 2.047117, 'test_loss_std': 15.026485, 'test_loss_bottom_decile': 7.68027, 'test_loss_top_decile': 49.192666, 'test_loss_min': 4.711287, 'test_loss_max': 49.192666, 'test_loss_bottom10%': 4.711287, 'test_loss_top10%': 49.192666, 'test_loss_cos1': 0.808319, 'test_loss_entropy': 2.054339, 'test_f1_std': 0.27346, 'test_f1_bottom_decile': 0.0, 'test_f1_top_decile': 0.883463, 'test_f1_min': 0.0, 'test_f1_max': 0.883463, 'test_f1_bottom10%': 0.0, 'test_f1_top10%': 0.883463, 'test_f1_cos1': 0.824593, 'test_f1_entropy': 1.99177}}[0m
[38;5;39m2023-02-25 00:22:23,104 (client:306) INFO: {'Role': 'Client #5', 'Round': 7, 'Results_raw': {'train_avg_loss': 1.586399, 'train_acc': 0.612121, 'train_loss': 261.755906, 'train_f1': 0.425442, 'train_correct': 101.0, 'train_total': 165}}[0m
[38;5;39m2023-02-25 00:22:24,415 (client:306) INFO: {'Role': 'Client #10', 'Round': 7, 'Results_raw': {'train_avg_loss': 0.422781, 'train_acc': 0.864865, 'train_loss': 62.571537, 'train_f1': 0.567521, 'train_correct': 128.0, 'train_total': 148}}[0m
[38;5;39m2023-02-25 00:22:26,480 (client:306) INFO: {'Role': 'Client #8', 'Round': 7, 'Results_raw': {'train_avg_loss': 0.320512, 'train_acc': 0.91954, 'train_loss': 55.769139, 'train_f1': 0.859028, 'train_correct': 160.0, 'train_total': 174}}[0m
[38;5;39m2023-02-25 00:22:26,624 (client:306) INFO: {'Role': 'Client #9', 'Round': 7, 'Results_raw': {'train_avg_loss': 1.313161, 'train_acc': 0.666667, 'train_loss': 7.878967, 'train_f1': 0.4, 'train_correct': 4.0, 'train_total': 6}}[0m
[38;5;39m2023-02-25 00:22:27,028 (client:306) INFO: {'Role': 'Client #2', 'Round': 7, 'Results_raw': {'train_avg_loss': 1.469687, 'train_acc': 0.612903, 'train_loss': 45.560308, 'train_f1': 0.340741, 'train_correct': 19.0, 'train_total': 31}}[0m
[38;5;39m2023-02-25 00:22:27,055 (monitor:541) INFO: {'Role': 'Server #', 'Round': 7, 'Results_model_metric': {}}[0m
[38;5;39m2023-02-25 00:22:27,064 (server:330) INFO: Server: Starting evaluation at the end of round 7.[0m
[38;5;39m2023-02-25 00:22:27,071 (server:336) INFO: ----------- Starting a new training round (Round #8) -------------[0m
[33;20m2023-02-25 00:22:27,471 (context:294) WARNING: No val_data or val_loader in the trainer, will skip evaluation.If this is not the case you want, please check whether there is typo for the name[0m
[33;20m2023-02-25 00:22:27,780 (context:294) WARNING: No val_data or val_loader in the trainer, will skip evaluation.If this is not the case you want, please check whether there is typo for the name[0m
[33;20m2023-02-25 00:22:27,869 (context:294) WARNING: No val_data or val_loader in the trainer, will skip evaluation.If this is not the case you want, please check whether there is typo for the name[0m
[33;20m2023-02-25 00:22:28,119 (context:294) WARNING: No val_data or val_loader in the trainer, will skip evaluation.If this is not the case you want, please check whether there is typo for the name[0m
[33;20m2023-02-25 00:22:28,167 (context:294) WARNING: No val_data or val_loader in the trainer, will skip evaluation.If this is not the case you want, please check whether there is typo for the name[0m
[33;20m2023-02-25 00:22:28,611 (context:294) WARNING: No val_data or val_loader in the trainer, will skip evaluation.If this is not the case you want, please check whether there is typo for the name[0m
[33;20m2023-02-25 00:22:28,716 (context:294) WARNING: No val_data or val_loader in the trainer, will skip evaluation.If this is not the case you want, please check whether there is typo for the name[0m
[33;20m2023-02-25 00:22:29,044 (context:294) WARNING: No val_data or val_loader in the trainer, will skip evaluation.If this is not the case you want, please check whether there is typo for the name[0m
[33;20m2023-02-25 00:22:29,238 (context:294) WARNING: No val_data or val_loader in the trainer, will skip evaluation.If this is not the case you want, please check whether there is typo for the name[0m
[33;20m2023-02-25 00:22:29,445 (context:294) WARNING: No val_data or val_loader in the trainer, will skip evaluation.If this is not the case you want, please check whether there is typo for the name[0m
[38;5;39m2023-02-25 00:22:29,447 (server:590) INFO: {'Role': 'Server #', 'Round': 7, 'Results_weighted_avg': {'test_avg_loss': 0.864822, 'test_acc': 0.804545, 'test_loss': 22.739709, 'test_f1': 0.37361, 'test_correct': 17.7, 'test_total': 22.0}, 'Results_avg': {'test_avg_loss': 1.364609, 'test_acc': 0.648663, 'test_loss': 19.026074, 'test_f1': 0.317114, 'test_correct': 17.7, 'test_total': 22.0}, 'Results_fairness': {'test_correct': 17.7, 'test_total': 22.0, 'test_avg_loss_std': 1.047459, 'test_avg_loss_bottom_decile': 0.531831, 'test_avg_loss_top_decile': 3.376143, 'test_avg_loss_min': 0.304003, 'test_avg_loss_max': 3.376143, 'test_avg_loss_bottom10%': 0.304003, 'test_avg_loss_top10%': 3.376143, 'test_avg_loss_cos1': 0.793253, 'test_avg_loss_entropy': 2.029448, 'test_acc_std': 0.343939, 'test_acc_bottom_decile': 0.0, 'test_acc_top_decile': 0.96, 'test_acc_min': 0.0, 'test_acc_max': 0.96, 'test_acc_bottom10%': 0.0, 'test_acc_top10%': 0.96, 'test_acc_cos1': 0.883489, 'test_acc_entropy': 2.065661, 'test_loss_std': 11.631608, 'test_loss_bottom_decile': 7.600077, 'test_loss_top_decile': 42.01293, 'test_loss_min': 2.921195, 'test_loss_max': 42.01293, 'test_loss_bottom10%': 2.921195, 'test_loss_top10%': 42.01293, 'test_loss_cos1': 0.853191, 'test_loss_entropy': 2.107423, 'test_f1_std': 0.196089, 'test_f1_bottom_decile': 0.0, 'test_f1_top_decile': 0.567742, 'test_f1_min': 0.0, 'test_f1_max': 0.567742, 'test_f1_bottom10%': 0.0, 'test_f1_top10%': 0.567742, 'test_f1_cos1': 0.850528, 'test_f1_entropy': 2.02539}}[0m
[38;5;39m2023-02-25 00:22:29,656 (client:306) INFO: {'Role': 'Client #7', 'Round': 8, 'Results_raw': {'train_avg_loss': 4.960658, 'train_acc': 0.0625, 'train_loss': 79.370522, 'train_f1': 0.060606, 'train_correct': 1.0, 'train_total': 16}}[0m
[38;5;39m2023-02-25 00:22:29,845 (client:306) INFO: {'Role': 'Client #9', 'Round': 8, 'Results_raw': {'train_avg_loss': 1.507738, 'train_acc': 0.666667, 'train_loss': 9.046425, 'train_f1': 0.4, 'train_correct': 4.0, 'train_total': 6}}[0m
[38;5;39m2023-02-25 00:22:32,531 (client:306) INFO: {'Role': 'Client #3', 'Round': 8, 'Results_raw': {'train_avg_loss': 0.234826, 'train_acc': 0.941704, 'train_loss': 52.366308, 'train_f1': 0.77466, 'train_correct': 210.0, 'train_total': 223}}[0m
[38;5;39m2023-02-25 00:22:32,974 (client:306) INFO: {'Role': 'Client #2', 'Round': 8, 'Results_raw': {'train_avg_loss': 1.239394, 'train_acc': 0.645161, 'train_loss': 38.42121, 'train_f1': 0.355556, 'train_correct': 20.0, 'train_total': 31}}[0m
[38;5;39m2023-02-25 00:22:34,658 (client:306) INFO: {'Role': 'Client #5', 'Round': 8, 'Results_raw': {'train_avg_loss': 0.861508, 'train_acc': 0.751515, 'train_loss': 142.148845, 'train_f1': 0.526695, 'train_correct': 124.0, 'train_total': 165}}[0m
[38;5;39m2023-02-25 00:22:34,720 (monitor:541) INFO: {'Role': 'Server #', 'Round': 8, 'Results_model_metric': {}}[0m
[38;5;39m2023-02-25 00:22:34,741 (server:330) INFO: Server: Starting evaluation at the end of round 8.[0m
[38;5;39m2023-02-25 00:22:34,748 (server:336) INFO: ----------- Starting a new training round (Round #9) -------------[0m
[33;20m2023-02-25 00:22:35,294 (context:294) WARNING: No val_data or val_loader in the trainer, will skip evaluation.If this is not the case you want, please check whether there is typo for the name[0m
[33;20m2023-02-25 00:22:35,641 (context:294) WARNING: No val_data or val_loader in the trainer, will skip evaluation.If this is not the case you want, please check whether there is typo for the name[0m
[33;20m2023-02-25 00:22:35,727 (context:294) WARNING: No val_data or val_loader in the trainer, will skip evaluation.If this is not the case you want, please check whether there is typo for the name[0m
[33;20m2023-02-25 00:22:35,948 (context:294) WARNING: No val_data or val_loader in the trainer, will skip evaluation.If this is not the case you want, please check whether there is typo for the name[0m
[33;20m2023-02-25 00:22:36,023 (context:294) WARNING: No val_data or val_loader in the trainer, will skip evaluation.If this is not the case you want, please check whether there is typo for the name[0m
[33;20m2023-02-25 00:22:36,387 (context:294) WARNING: No val_data or val_loader in the trainer, will skip evaluation.If this is not the case you want, please check whether there is typo for the name[0m
[33;20m2023-02-25 00:22:36,475 (context:294) WARNING: No val_data or val_loader in the trainer, will skip evaluation.If this is not the case you want, please check whether there is typo for the name[0m
[33;20m2023-02-25 00:22:36,825 (context:294) WARNING: No val_data or val_loader in the trainer, will skip evaluation.If this is not the case you want, please check whether there is typo for the name[0m
[33;20m2023-02-25 00:22:37,041 (context:294) WARNING: No val_data or val_loader in the trainer, will skip evaluation.If this is not the case you want, please check whether there is typo for the name[0m
[33;20m2023-02-25 00:22:37,474 (context:294) WARNING: No val_data or val_loader in the trainer, will skip evaluation.If this is not the case you want, please check whether there is typo for the name[0m
[38;5;39m2023-02-25 00:22:37,475 (server:590) INFO: {'Role': 'Server #', 'Round': 8, 'Results_weighted_avg': {'test_avg_loss': 0.800053, 'test_acc': 0.713636, 'test_loss': 21.80113, 'test_f1': 0.536791, 'test_correct': 15.7, 'test_total': 22.0}, 'Results_avg': {'test_avg_loss': 1.01743, 'test_acc': 0.583908, 'test_loss': 17.601164, 'test_f1': 0.415174, 'test_correct': 15.7, 'test_total': 22.0}, 'Results_fairness': {'test_correct': 15.7, 'test_total': 22.0, 'test_avg_loss_std': 0.73931, 'test_avg_loss_bottom_decile': 0.209284, 'test_avg_loss_top_decile': 2.838506, 'test_avg_loss_min': 0.064604, 'test_avg_loss_max': 2.838506, 'test_avg_loss_bottom10%': 0.064604, 'test_avg_loss_top10%': 2.838506, 'test_avg_loss_cos1': 0.808977, 'test_avg_loss_entropy': 2.043044, 'test_acc_std': 0.338541, 'test_acc_bottom_decile': 0.0, 'test_acc_top_decile': 1.0, 'test_acc_min': 0.0, 'test_acc_max': 1.0, 'test_acc_bottom10%': 0.0, 'test_acc_top10%': 1.0, 'test_acc_cos1': 0.865112, 'test_acc_entropy': 2.044261, 'test_loss_std': 14.720263, 'test_loss_bottom_decile': 1.615093, 'test_loss_top_decile': 48.983387, 'test_loss_min': 1.041359, 'test_loss_max': 48.983387, 'test_loss_bottom10%': 1.041359, 'test_loss_top10%': 48.983387, 'test_loss_cos1': 0.767092, 'test_loss_entropy': 1.944235, 'test_f1_std': 0.308203, 'test_f1_bottom_decile': 0.0, 'test_f1_top_decile': 1.0, 'test_f1_min': 0.0, 'test_f1_max': 1.0, 'test_f1_bottom10%': 0.0, 'test_f1_top10%': 1.0, 'test_f1_cos1': 0.80294, 'test_f1_entropy': 1.964571}}[0m
[38;5;39m2023-02-25 00:22:39,545 (client:306) INFO: {'Role': 'Client #5', 'Round': 9, 'Results_raw': {'train_avg_loss': 0.568401, 'train_acc': 0.812121, 'train_loss': 93.786136, 'train_f1': 0.53809, 'train_correct': 134.0, 'train_total': 165}}[0m
[38;5;39m2023-02-25 00:22:40,941 (client:306) INFO: {'Role': 'Client #4', 'Round': 9, 'Results_raw': {'train_avg_loss': 1.528865, 'train_acc': 0.479592, 'train_loss': 149.828811, 'train_f1': 0.324138, 'train_correct': 47.0, 'train_total': 98}}[0m
[38;5;39m2023-02-25 00:22:41,121 (client:306) INFO: {'Role': 'Client #6', 'Round': 9, 'Results_raw': {'train_avg_loss': 0.410618, 'train_acc': 0.888889, 'train_loss': 3.69556, 'train_f1': 0.555556, 'train_correct': 8.0, 'train_total': 9}}[0m
[38;5;39m2023-02-25 00:22:42,836 (client:306) INFO: {'Role': 'Client #10', 'Round': 9, 'Results_raw': {'train_avg_loss': 0.337918, 'train_acc': 0.898649, 'train_loss': 50.011898, 'train_f1': 0.589967, 'train_correct': 133.0, 'train_total': 148}}[0m
[38;5;39m2023-02-25 00:22:43,194 (client:306) INFO: {'Role': 'Client #2', 'Round': 9, 'Results_raw': {'train_avg_loss': 2.867708, 'train_acc': 0.096774, 'train_loss': 88.898963, 'train_f1': 0.065476, 'train_correct': 3.0, 'train_total': 31}}[0m
[38;5;39m2023-02-25 00:22:43,219 (monitor:541) INFO: {'Role': 'Server #', 'Round': 9, 'Results_model_metric': {}}[0m
[38;5;39m2023-02-25 00:22:43,227 (server:347) INFO: Server: Training is finished! Starting evaluation.[0m
[33;20m2023-02-25 00:22:43,708 (context:294) WARNING: No val_data or val_loader in the trainer, will skip evaluation.If this is not the case you want, please check whether there is typo for the name[0m
[33;20m2023-02-25 00:22:44,064 (context:294) WARNING: No val_data or val_loader in the trainer, will skip evaluation.If this is not the case you want, please check whether there is typo for the name[0m
[33;20m2023-02-25 00:22:44,147 (context:294) WARNING: No val_data or val_loader in the trainer, will skip evaluation.If this is not the case you want, please check whether there is typo for the name[0m
[33;20m2023-02-25 00:22:44,379 (context:294) WARNING: No val_data or val_loader in the trainer, will skip evaluation.If this is not the case you want, please check whether there is typo for the name[0m
[33;20m2023-02-25 00:22:44,428 (context:294) WARNING: No val_data or val_loader in the trainer, will skip evaluation.If this is not the case you want, please check whether there is typo for the name[0m
[33;20m2023-02-25 00:22:44,739 (context:294) WARNING: No val_data or val_loader in the trainer, will skip evaluation.If this is not the case you want, please check whether there is typo for the name[0m
[33;20m2023-02-25 00:22:44,847 (context:294) WARNING: No val_data or val_loader in the trainer, will skip evaluation.If this is not the case you want, please check whether there is typo for the name[0m
[33;20m2023-02-25 00:22:45,215 (context:294) WARNING: No val_data or val_loader in the trainer, will skip evaluation.If this is not the case you want, please check whether there is typo for the name[0m
[33;20m2023-02-25 00:22:45,406 (context:294) WARNING: No val_data or val_loader in the trainer, will skip evaluation.If this is not the case you want, please check whether there is typo for the name[0m
[33;20m2023-02-25 00:22:45,705 (context:294) WARNING: No val_data or val_loader in the trainer, will skip evaluation.If this is not the case you want, please check whether there is typo for the name[0m
[38;5;39m2023-02-25 00:22:45,707 (server:590) INFO: {'Role': 'Server #', 'Round': 9, 'Results_weighted_avg': {'test_avg_loss': 0.590351, 'test_acc': 0.813636, 'test_loss': 15.825555, 'test_f1': 0.481455, 'test_correct': 17.9, 'test_total': 22.0}, 'Results_avg': {'test_avg_loss': 0.730188, 'test_acc': 0.688569, 'test_loss': 12.987714, 'test_f1': 0.389172, 'test_correct': 17.9, 'test_total': 22.0}, 'Results_fairness': {'test_correct': 17.9, 'test_total': 22.0, 'test_avg_loss_std': 0.410219, 'test_avg_loss_bottom_decile': 0.196624, 'test_avg_loss_top_decile': 1.502876, 'test_avg_loss_min': 0.144255, 'test_avg_loss_max': 1.502876, 'test_avg_loss_bottom10%': 0.144255, 'test_avg_loss_top10%': 1.502876, 'test_avg_loss_cos1': 0.871837, 'test_avg_loss_entropy': 2.132995, 'test_acc_std': 0.27736, 'test_acc_bottom_decile': 0.4, 'test_acc_top_decile': 0.96, 'test_acc_min': 0.0, 'test_acc_max': 0.96, 'test_acc_bottom10%': 0.0, 'test_acc_top10%': 0.96, 'test_acc_cos1': 0.927576, 'test_acc_entropy': 2.171905, 'test_loss_std': 8.767782, 'test_loss_bottom_decile': 2.50057, 'test_loss_top_decile': 25.318661, 'test_loss_min': 0.898994, 'test_loss_max': 25.318661, 'test_loss_bottom10%': 0.898994, 'test_loss_top10%': 25.318661, 'test_loss_cos1': 0.828817, 'test_loss_entropy': 2.034971, 'test_f1_std': 0.185392, 'test_f1_bottom_decile': 0.190476, 'test_f1_top_decile': 0.666667, 'test_f1_min': 0.0, 'test_f1_max': 0.666667, 'test_f1_bottom10%': 0.0, 'test_f1_top10%': 0.666667, 'test_f1_cos1': 0.902796, 'test_f1_entropy': 2.140293}}[0m
[38;5;39m2023-02-25 00:22:45,708 (server:395) INFO: Server: Final evaluation is finished! Starting merging results.[0m
[38;5;39m2023-02-25 00:22:45,709 (server:521) INFO: {'Role': 'Server #', 'Round': 'Final', 'Results_raw': {'client_best_individual': {'test_loss': 0.898994, 'test_avg_loss': 0.144255, 'test_acc': 0.96, 'test_f1': 0.666667, 'test_correct': 44.0, 'test_total': 1.0}, 'client_summarized_weighted_avg': {'test_loss': 15.825555, 'test_avg_loss': 0.590351, 'test_acc': 0.813636, 'test_f1': 0.481455, 'test_correct': 17.9, 'test_total': 22.0}, 'client_summarized_avg': {'test_loss': 12.987714, 'test_avg_loss': 0.730188, 'test_acc': 0.688569, 'test_f1': 0.389172, 'test_correct': 17.9, 'test_total': 22.0}, 'client_summarized_fairness': {'test_loss_entropy': 1.944235, 'test_loss_cos1': 0.767092, 'test_loss_top10%': 48.983387, 'test_loss_bottom10%': 1.041359, 'test_loss_max': 48.983387, 'test_loss_min': 1.041359, 'test_loss_top_decile': 48.983387, 'test_loss_bottom_decile': 1.615093, 'test_loss_std': 14.720263, 'test_correct': 15.7, 'test_total': 22.0, 'test_avg_loss_std': 0.73931, 'test_avg_loss_bottom_decile': 0.209284, 'test_avg_loss_top_decile': 2.838506, 'test_avg_loss_min': 0.064604, 'test_avg_loss_max': 2.838506, 'test_avg_loss_bottom10%': 0.064604, 'test_avg_loss_top10%': 2.838506, 'test_avg_loss_cos1': 0.808977, 'test_avg_loss_entropy': 2.043044, 'test_acc_std': 0.338541, 'test_acc_bottom_decile': 0.0, 'test_acc_top_decile': 1.0, 'test_acc_min': 0.0, 'test_acc_max': 1.0, 'test_acc_bottom10%': 0.0, 'test_acc_top10%': 1.0, 'test_acc_cos1': 0.865112, 'test_acc_entropy': 2.044261, 'test_f1_std': 0.308203, 'test_f1_bottom_decile': 0.0, 'test_f1_top_decile': 1.0, 'test_f1_min': 0.0, 'test_f1_max': 1.0, 'test_f1_bottom10%': 0.0, 'test_f1_top10%': 1.0, 'test_f1_cos1': 0.80294, 'test_f1_entropy': 1.964571}}}[0m
[38;5;39m2023-02-25 00:22:45,710 (server:540) INFO: {'Role': 'Client #1', 'Round': 10, 'Results_raw': {'test_avg_loss': 0.196624, 'test_acc': 0.956522, 'test_loss': 9.044692, 'test_f1': 0.666667, 'test_correct': 44.0, 'test_total': 46}}[0m
[38;5;39m2023-02-25 00:22:45,710 (server:540) INFO: {'Role': 'Client #2', 'Round': 10, 'Results_raw': {'test_avg_loss': 0.54343, 'test_acc': 0.83871, 'test_loss': 16.846328, 'test_f1': 0.409704, 'test_correct': 26.0, 'test_total': 31}}[0m
[38;5;39m2023-02-25 00:22:45,710 (server:540) INFO: {'Role': 'Client #3', 'Round': 10, 'Results_raw': {'test_avg_loss': 1.502876, 'test_acc': 0.4, 'test_loss': 7.514379, 'test_f1': 0.190476, 'test_correct': 2.0, 'test_total': 5}}[0m
[38;5;39m2023-02-25 00:22:45,710 (server:540) INFO: {'Role': 'Client #4', 'Round': 10, 'Results_raw': {'test_avg_loss': 0.144255, 'test_acc': 0.96, 'test_loss': 3.606374, 'test_f1': 0.489796, 'test_correct': 24.0, 'test_total': 25}}[0m
[38;5;39m2023-02-25 00:22:45,723 (server:540) INFO: {'Role': 'Client #5', 'Round': 10, 'Results_raw': {'test_avg_loss': 0.898994, 'test_acc': 0.0, 'test_loss': 0.898994, 'test_f1': 0.0, 'test_correct': 0.0, 'test_total': 1}}[0m
[38;5;39m2023-02-25 00:22:45,723 (server:540) INFO: {'Role': 'Client #6', 'Round': 10, 'Results_raw': {'test_avg_loss': 0.791208, 'test_acc': 0.78125, 'test_loss': 25.318661, 'test_f1': 0.424242, 'test_correct': 25.0, 'test_total': 32}}[0m
[38;5;39m2023-02-25 00:22:45,723 (server:540) INFO: {'Role': 'Client #7', 'Round': 10, 'Results_raw': {'test_avg_loss': 0.416762, 'test_acc': 0.833333, 'test_loss': 2.50057, 'test_f1': 0.454545, 'test_correct': 5.0, 'test_total': 6}}[0m
[38;5;39m2023-02-25 00:22:45,723 (server:540) INFO: {'Role': 'Client #8', 'Round': 10, 'Results_raw': {'test_avg_loss': 0.626401, 'test_acc': 0.742857, 'test_loss': 21.924035, 'test_f1': 0.524435, 'test_correct': 26.0, 'test_total': 35}}[0m
[38;5;39m2023-02-25 00:22:45,724 (server:540) INFO: {'Role': 'Client #9', 'Round': 10, 'Results_raw': {'test_avg_loss': 1.194944, 'test_acc': 0.611111, 'test_loss': 21.508996, 'test_f1': 0.223913, 'test_correct': 11.0, 'test_total': 18}}[0m
[38;5;39m2023-02-25 00:22:45,724 (server:540) INFO: {'Role': 'Client #10', 'Round': 10, 'Results_raw': {'test_avg_loss': 0.986386, 'test_acc': 0.761905, 'test_loss': 20.714107, 'test_f1': 0.507937, 'test_correct': 16.0, 'test_total': 21}}[0m
[38;5;39m2023-02-25 00:22:45,725 (monitor:172) INFO: In worker #0, the system-related metrics are: {'id': 0, 'fl_end_time_minutes': 1.614145, 'total_model_size': 0, 'total_flops': 0, 'total_upload_bytes': 6249600, 'total_download_bytes': 1878040, 'global_convergence_round': 0, 'local_convergence_round': 0, 'global_convergence_time_minutes': 0, 'local_convergence_time_minutes': 0}[0m
[38;5;39m2023-02-25 00:22:45,726 (client:513) INFO: ================= client 1 received finish message =================[0m
[38;5;39m2023-02-25 00:22:45,748 (monitor:172) INFO: In worker #1, the system-related metrics are: {'id': 1, 'fl_end_time_minutes': 1.608697, 'total_model_size': 11689512, 'total_flops': 9333287040.0, 'total_upload_bytes': 116424, 'total_download_bytes': 0, 'global_convergence_round': 0, 'local_convergence_round': 0, 'global_convergence_time_minutes': 0, 'local_convergence_time_minutes': 0}[0m
[38;5;39m2023-02-25 00:22:45,748 (client:513) INFO: ================= client 2 received finish message =================[0m
[38;5;39m2023-02-25 00:22:45,769 (monitor:172) INFO: In worker #2, the system-related metrics are: {'id': 2, 'fl_end_time_minutes': 1.601843, 'total_model_size': 11689512, 'total_flops': 96443966080.0, 'total_upload_bytes': 259368, 'total_download_bytes': 0, 'global_convergence_round': 0, 'local_convergence_round': 0, 'global_convergence_time_minutes': 0, 'local_convergence_time_minutes': 0}[0m
[38;5;39m2023-02-25 00:22:45,770 (client:513) INFO: ================= client 3 received finish message =================[0m
[38;5;39m2023-02-25 00:22:45,779 (monitor:172) INFO: In worker #3, the system-related metrics are: {'id': 3, 'fl_end_time_minutes': 1.596327, 'total_model_size': 11689512, 'total_flops': 495553097600.0, 'total_upload_bytes': 187896, 'total_download_bytes': 0, 'global_convergence_round': 0, 'local_convergence_round': 0, 'global_convergence_time_minutes': 0, 'local_convergence_time_minutes': 0}[0m
[38;5;39m2023-02-25 00:22:45,779 (client:513) INFO: ================= client 4 received finish message =================[0m
[38;5;39m2023-02-25 00:22:45,789 (monitor:172) INFO: In worker #4, the system-related metrics are: {'id': 4, 'fl_end_time_minutes': 1.590153, 'total_model_size': 11689512, 'total_flops': 174221358080.0, 'total_upload_bytes': 152160, 'total_download_bytes': 0, 'global_convergence_round': 0, 'local_convergence_round': 0, 'global_convergence_time_minutes': 0, 'local_convergence_time_minutes': 0}[0m
[38;5;39m2023-02-25 00:22:45,789 (client:513) INFO: ================= client 5 received finish message =================[0m
[38;5;39m2023-02-25 00:22:45,811 (monitor:172) INFO: In worker #5, the system-related metrics are: {'id': 5, 'fl_end_time_minutes': 1.583717, 'total_model_size': 11689512, 'total_flops': 513330787200.0, 'total_upload_bytes': 259368, 'total_download_bytes': 0, 'global_convergence_round': 0, 'local_convergence_round': 0, 'global_convergence_time_minutes': 0, 'local_convergence_time_minutes': 0}[0m
[38;5;39m2023-02-25 00:22:45,811 (client:513) INFO: ================= client 6 received finish message =================[0m
[38;5;39m2023-02-25 00:22:45,832 (monitor:172) INFO: In worker #6, the system-related metrics are: {'id': 6, 'fl_end_time_minutes': 1.577432, 'total_model_size': 11689512, 'total_flops': 7999960320.0, 'total_upload_bytes': 80688, 'total_download_bytes': 0, 'global_convergence_round': 0, 'local_convergence_round': 0, 'global_convergence_time_minutes': 0, 'local_convergence_time_minutes': 0}[0m
[38;5;39m2023-02-25 00:22:45,833 (client:513) INFO: ================= client 7 received finish message =================[0m
[38;5;39m2023-02-25 00:22:45,848 (monitor:172) INFO: In worker #7, the system-related metrics are: {'id': 7, 'fl_end_time_minutes': 1.571778, 'total_model_size': 11689512, 'total_flops': 42666455040.0, 'total_upload_bytes': 223632, 'total_download_bytes': 0, 'global_convergence_round': 0, 'local_convergence_round': 0, 'global_convergence_time_minutes': 0, 'local_convergence_time_minutes': 0}[0m
[38;5;39m2023-02-25 00:22:45,848 (client:513) INFO: ================= client 8 received finish message =================[0m
[38;5;39m2023-02-25 00:22:45,870 (monitor:172) INFO: In worker #8, the system-related metrics are: {'id': 8, 'fl_end_time_minutes': 1.56606, 'total_model_size': 11689512, 'total_flops': 386664748800.0, 'total_upload_bytes': 187896, 'total_download_bytes': 0, 'global_convergence_round': 0, 'local_convergence_round': 0, 'global_convergence_time_minutes': 0, 'local_convergence_time_minutes': 0}[0m
[38;5;39m2023-02-25 00:22:45,870 (client:513) INFO: ================= client 9 received finish message =================[0m
[38;5;39m2023-02-25 00:22:45,879 (monitor:172) INFO: In worker #9, the system-related metrics are: {'id': 9, 'fl_end_time_minutes': 1.558417, 'total_model_size': 11689512, 'total_flops': 13333267200.0, 'total_upload_bytes': 187896, 'total_download_bytes': 0, 'global_convergence_round': 0, 'local_convergence_round': 0, 'global_convergence_time_minutes': 0, 'local_convergence_time_minutes': 0}[0m
[38;5;39m2023-02-25 00:22:45,880 (client:513) INFO: ================= client 10 received finish message =================[0m
[38;5;39m2023-02-25 00:22:45,889 (monitor:172) INFO: In worker #10, the system-related metrics are: {'id': 10, 'fl_end_time_minutes': 1.550661, 'total_model_size': 11689512, 'total_flops': 394664709120.0, 'total_upload_bytes': 223632, 'total_download_bytes': 0, 'global_convergence_round': 0, 'local_convergence_round': 0, 'global_convergence_time_minutes': 0, 'local_convergence_time_minutes': 0}[0m
[38;5;39m2023-02-25 00:22:45,890 (monitor:337) INFO: We will compress the file eval_results.raw into a .gz file, and delete the old one[0m
[38;5;39m2023-02-25 00:22:45,893 (monitor:245) INFO: After merging the system metrics from all works, we got avg: defaultdict(None, {'id': 'sys_avg', 'sys_avg/fl_end_time_minutes': 1.583566, 'sys_avg/total_model_size': '10.13M', 'sys_avg/total_flops': '180.69G', 'sys_avg/total_upload_bytes': '721.64K', 'sys_avg/total_download_bytes': '166.73K', 'sys_avg/global_convergence_round': 0.0, 'sys_avg/local_convergence_round': 0.0, 'sys_avg/global_convergence_time_minutes': 0.0, 'sys_avg/local_convergence_time_minutes': 0.0})[0m
[38;5;39m2023-02-25 00:22:45,893 (monitor:248) INFO: After merging the system metrics from all works, we got std: defaultdict(None, {'id': 'sys_std', 'sys_std/fl_end_time_minutes': 0.019783, 'sys_std/total_model_size': '3.2M', 'sys_std/total_flops': '186.7G', 'sys_std/total_upload_bytes': '1.66M', 'sys_std/total_download_bytes': '527.24K', 'sys_std/global_convergence_round': 0.0, 'sys_std/local_convergence_round': 0.0, 'sys_std/global_convergence_time_minutes': 0.0, 'sys_std/local_convergence_time_minutes': 0.0})[0m
None
220
<generator object BaseDataTranslator.split_to_client.<locals>.<genexpr> at 0x7fd443ee6270>
