 is at 192.168.0.1[0m
[38;5;39m2023-02-25 00:03:21,036 (logging:126) INFO: the current dir is /home/ubuntu/medscale[0m
[38;5;39m2023-02-25 00:03:21,036 (logging:127) INFO: the output dir is exp/FedAvg_convnet5_on_lung224_lr0.01_lstep2/sub_exp_20230225000321[0m
[33;20m2023-02-25 00:03:47,695 (cfg_data:145) WARNING: config `cfg.data.batch_size` will be removed in the future, use `cfg.dataloader.batch_size` instead.[0m
[33;20m2023-02-25 00:03:47,696 (cfg_data:145) WARNING: config `cfg.data.batch_size` will be removed in the future, use `cfg.dataloader.batch_size` instead.[0m
[38;5;39m2023-02-25 00:03:47,743 (config:243) INFO: the used configs are: 
aggregator:
  inside_weight: 1.0
  num_agg_groups: 1
  num_agg_topk: []
  outside_weight: 0.0
asyn:
  use: False
attack:
  alpha_TV: 0.001
  alpha_prop_loss: 0
  attack_method: 
  attacker_id: -1
  classifier_PIA: randomforest
  edge_num: 100
  edge_path: edge_data/
  freq: 10
  info_diff_type: l2
  inject_round: 0
  insert_round: 100000
  label_type: dirty
  max_ite: 400
  mean: [0.1307]
  mia_is_simulate_in: False
  mia_simulate_in_round: 20
  pgd_eps: 2
  pgd_lr: 0.1
  pgd_poisoning: False
  poison_ratio: 0.5
  reconstruct_lr: 0.01
  reconstruct_optim: Adam
  scale_para: 1.0
  scale_poisoning: False
  self_epoch: 6
  self_lr: 0.05
  self_opt: False
  setting: fix
  std: [0.3081]
  target_label_ind: -1
  trigger_path: trigger/
  trigger_type: edge
backend: torch
cfg_file: 
check_completeness: False
criterion:
  type: CrossEntropyLoss
data:
  args: []
  batch_size: 16
  cSBM_phi: [0.5, 0.5, 0.5]
  cache_dir: 
  consistent_label_distribution: False
  drop_last: False
  hetero_data_name: []
  hetero_synth_batch_size: 32
  hetero_synth_feat_dim: 128
  hetero_synth_prim_weight: 0.5
  is_debug: False
  loader: 
  max_query_len: 128
  max_seq_len: 384
  max_tgt_len: 128
  num_contrast: 0
  num_of_client_for_data: []
  num_steps: 30
  num_workers: 0
  pre_transform: []
  quadratic:
    dim: 1
    max_curv: 12.5
    min_curv: 0.02
  root: data/
  save_data: False
  server_holds_all: False
  shuffle: True
  sizes: [10, 5]
  splits: [0.8, 0, 0.2]
  splitter: lda
  splitter_args: [{'alpha': 0.3}]
  subsample: 1.0
  target_transform: []
  test_pre_transform: []
  test_target_transform: []
  test_transform: []
  transform: []
  trunc_stride: 128
  type: lung224
  val_pre_transform: []
  val_target_transform: []
  val_transform: []
  walk_length: 2
dataloader:
  batch_size: 16
  drop_last: False
  num_steps: 30
  num_workers: 0
  pin_memory: False
  shuffle: True
  sizes: [10, 5]
  theta: -1
  type: base
  walk_length: 2
device: 0
distribute:
  use: False
early_stop:
  delta: 0.0
  improve_indicator_mode: best
  patience: 5
eval:
  best_res_update_round_wise_key: test_loss
  count_flops: True
  freq: 1
  metrics: ['acc', 'correct', 'f1']
  monitoring: []
  report: ['weighted_avg', 'avg', 'fairness', 'raw']
  split: ['test', 'val']
expname: FedAvg_convnet5_on_lung224_lr0.01_lstep2
expname_tag: 
feat_engr:
  num_bins: 5
  scenario: hfl
  secure:
    dp:
      
    encrypt:
      type: dummy
    key_size: 3072
    type: encrypt
  selec_threshold: 0.05
  selec_woe_binning: quantile
  type: 
federate:
  atc_load_from: 
  atc_vanilla: False
  client_num: 10
  data_weighted_aggr: False
  ignore_weight: False
  join_in_info: []
  make_global_eval: False
  merge_test_data: False
  method: FedAvg
  mode: standalone
  online_aggr: False
  resource_info_file: 
  restore_from: 
  sample_client_num: 4
  sample_client_rate: -1.0
  sampler: uniform
  save_to: 
  share_local_model: False
  total_round_num: 10
  unseen_clients_rate: 0.0
  use_diff: False
  use_ss: False
fedopt:
  use: False
fedprox:
  use: False
fedsageplus:
  a: 1.0
  b: 1.0
  c: 1.0
  fedgen_epoch: 200
  gen_hidden: 128
  hide_portion: 0.5
  loc_epoch: 1
  num_pred: 5
finetune:
  batch_or_epoch: epoch
  before_eval: False
  freeze_param: 
  local_update_steps: 1
  optimizer:
    lr: 0.1
    type: SGD
  scheduler:
    type: 
    warmup_ratio: 0.0
flitplus:
  factor_ema: 0.8
  lambdavat: 0.5
  tmpFed: 0.5
  weightReg: 1.0
gcflplus:
  EPS_1: 0.05
  EPS_2: 0.1
  seq_length: 5
  standardize: False
grad:
  grad_accum_count: 1
  grad_clip: 5.0
hpo:
  fedex:
    cutoff: 0.0
    diff: False
    eta0: -1.0
    flatten_ss: True
    gamma: 0.0
    pi_lr: 0.01
    psn: False
    sched: auto
    ss: 
    use: False
  init_cand_num: 16
  larger_better: False
  metric: client_summarized_weighted_avg.val_loss
  num_workers: 0
  pbt:
    max_stage: 5
    perf_threshold: 0.1
  scheduler: rs
  sha:
    budgets: []
    elim_rate: 3
    iter: 0
  ss: 
  table:
    eps: 0.1
    idx: 0
    num: 27
  working_folder: hpo
model:
  contrast_temp: 1.0
  contrast_topk: 100
  downstream_tasks: []
  dropout: 0.0
  embed_size: 8
  gamma: 0
  graph_pooling: mean
  hidden: 2048
  in_channels: 0
  input_shape: ()
  label_smoothing: 0.1
  lambda_: 0.1
  layer: 2
  length_penalty: 2.0
  max_answer_len: 30
  max_length: 200
  max_tree_depth: 3
  min_length: 1
  model_num_per_trainer: 1
  model_type: google/bert_uncased_L-2_H-128_A-2
  n_best_size: 20
  no_repeat_ngram_size: 3
  null_score_diff_threshold: 0.0
  num_beams: 5
  num_item: 0
  num_labels: 1
  num_of_trees: 10
  num_user: 0
  out_channels: 62
  pretrain_tasks: []
  stage: 
  task: node
  type: convnet5
  use_bias: True
  use_contrastive_loss: False
nbafl:
  use: False
outdir: exp/FedAvg_convnet5_on_lung224_lr0.01_lstep2/sub_exp_20230225000321
personalization:
  K: 5
  beta: 1.0
  local_param: []
  local_update_steps: 2
  lr: 0.01
  regular_weight: 0.1
  share_non_trainable_para: False
print_decimal_digits: 6
regularizer:
  mu: 0.0
  type: 
seed: 2
sgdmf:
  use: False
train:
  batch_or_epoch: epoch
  local_update_steps: 2
  optimizer:
    lr: 0.01
    type: SGD
    weight_decay: 0.0
  scheduler:
    type: 
    warmup_ratio: 0.0
trainer:
  disp_freq: 50
  local_entropy:
    alpha: 0.75
    eps: 0.001
    gamma: 0.0001
  sam:
    adaptive: False
    eta: 0.0
    rho: 1.0
  type: cvtrainer
  val_freq: 100000000
use_gpu: True
verbose: 1
vertical:
  use: False
wandb:
  use: False[0m
[38;5;39m2023-02-25 00:03:47,961 (utils:144) INFO: The device information file is not provided[0m
[38;5;39m2023-02-25 00:03:48,231 (fed_runner:169) INFO: Server has been set up ... [0m
[38;5;39m2023-02-25 00:03:48,488 (fed_runner:221) INFO: Client 1 has been set up ... [0m
[38;5;39m2023-02-25 00:03:48,731 (fed_runner:221) INFO: Client 2 has been set up ... [0m
[38;5;39m2023-02-25 00:03:48,870 (fed_runner:221) INFO: Client 3 has been set up ... [0m
[38;5;39m2023-02-25 00:03:49,219 (fed_runner:221) INFO: Client 4 has been set up ... [0m
[38;5;39m2023-02-25 00:03:49,323 (fed_runner:221) INFO: Client 5 has been set up ... [0m
[38;5;39m2023-02-25 00:03:49,712 (fed_runner:221) INFO: Client 6 has been set up ... [0m
[38;5;39m2023-02-25 00:03:49,933 (fed_runner:221) INFO: Client 7 has been set up ... [0m
[38;5;39m2023-02-25 00:03:50,279 (fed_runner:221) INFO: Client 8 has been set up ... [0m
[38;5;39m2023-02-25 00:03:50,601 (fed_runner:221) INFO: Client 9 has been set up ... [0m
[38;5;39m2023-02-25 00:03:51,021 (fed_runner:221) INFO: Client 10 has been set up ... [0m
<<<<<<< HEAD
[38;5;39m2023-02-25 00:03:51,021 (trainer:341) INFO: Model meta-info: <class 'medscale.cv.model.cnn.ConvNet5'>.[0m
=======
<<<<<<< HEAD
[38;5;39m2023-02-25 00:03:51,021 (trainer:341) INFO: Model meta-info: <class 'medscale.cv.model.cnn.ConvNet5'>.[0m
=======
[38;5;39m2023-02-25 00:03:51,021 (trainer:341) INFO: Model meta-info: <class 'medscale.cv.model.cnn.ConvNet5'>.[0m
>>>>>>> fe4962455354c9c11afd9c9806ceda28eb280737
>>>>>>> 64b283ee525ef53c32509882719e74890329b83f
[38;5;39m2023-02-25 00:03:51,022 (trainer:349) INFO: Num of original para names: 39.[0m
[38;5;39m2023-02-25 00:03:51,022 (trainer:350) INFO: Num of original trainable para names: 24.[0m
[38;5;39m2023-02-25 00:03:51,022 (trainer:352) INFO: Num of preserved para names in local update: 39. 
Preserved para names in local update: {'conv3.weight', 'bn4.bias', 'conv5.bias', 'bn3.bias', 'fc2.bias', 'conv3.bias', 'bn3.running_mean', 'bn1.bias', 'bn4.weight', 'bn3.weight', 'bn3.num_batches_tracked', 'fc1.weight', 'bn3.running_var', 'fc2.weight', 'bn1.weight', 'conv2.bias', 'bn5.bias', 'bn1.running_var', 'bn4.running_mean', 'bn1.running_mean', 'conv2.weight', 'bn2.weight', 'conv4.weight', 'conv1.bias', 'bn5.running_mean', 'bn5.num_batches_tracked', 'bn2.running_mean', 'fc1.bias', 'conv4.bias', 'bn2.num_batches_tracked', 'conv1.weight', 'bn1.num_batches_tracked', 'bn5.running_var', 'bn5.weight', 'bn4.num_batches_tracked', 'bn2.running_var', 'bn2.bias', 'conv5.weight', 'bn4.running_var'}.[0m
[38;5;39m2023-02-25 00:03:51,022 (trainer:356) INFO: Num of filtered para names in local update: 0. 
Filtered para names in local update: set().[0m
[38;5;39m2023-02-25 00:03:51,022 (trainer:361) INFO: After register default hooks,
	the hooks_in_train is:
	{
	  "on_fit_start": [
	    "_hook_on_fit_start_init",
	    "_hook_on_fit_start_calculate_model_size"
	  ],
	  "on_epoch_start": [
	    "_hook_on_epoch_start"
	  ],
	  "on_batch_start": [
	    "_hook_on_batch_start_init"
	  ],
	  "on_batch_forward": [
	    "_hook_on_batch_forward",
	    "_hook_on_batch_forward_regularizer",
	    "_hook_on_batch_forward_flop_count"
	  ],
	  "on_batch_backward": [
	    "_hook_on_batch_backward"
	  ],
	  "on_batch_end": [
	    "_hook_on_batch_end"
	  ],
	  "on_fit_end": [
	    "_hook_on_fit_end"
	  ]
	};
	the hooks_in_eval is:
            t{
	  "on_fit_start": [
	    "_hook_on_fit_start_init"
	  ],
	  "on_epoch_start": [
	    "_hook_on_epoch_start"
	  ],
	  "on_batch_start": [
	    "_hook_on_batch_start_init"
	  ],
	  "on_batch_forward": [
	    "_hook_on_batch_forward"
	  ],
	  "on_batch_end": [
	    "_hook_on_batch_end"
	  ],
	  "on_fit_end": [
	    "_hook_on_fit_end"
	  ]
	}[0m
[38;5;39m2023-02-25 00:03:51,069 (server:804) INFO: ----------- Starting training (Round #0) -------------[0m
Unsupported operator aten::max_pool2d encountered 5 time(s)
[38;5;39m2023-02-25 00:03:55,735 (client:306) INFO: {'Role': 'Client #9', 'Round': 0, 'Results_raw': {'train_loss': 40.26597, 'train_avg_loss': 3.355497, 'train_acc': 0.5, 'train_total': 12, 'train_f1': 0.222222, 'train_correct': 6.0}}[0m
Unsupported operator aten::max_pool2d encountered 5 time(s)
[38;5;39m2023-02-25 00:04:00,925 (client:306) INFO: {'Role': 'Client #3', 'Round': 0, 'Results_raw': {'train_loss': 241.831827, 'train_avg_loss': 0.542224, 'train_acc': 0.919283, 'train_total': 446, 'train_f1': 0.240047, 'train_correct': 410.0}}[0m
Unsupported operator aten::max_pool2d encountered 5 time(s)
[38;5;39m2023-02-25 00:04:04,381 (client:306) INFO: {'Role': 'Client #10', 'Round': 0, 'Results_raw': {'train_loss': 345.639046, 'train_avg_loss': 1.167699, 'train_acc': 0.685811, 'train_total': 296, 'train_f1': 0.25158, 'train_correct': 203.0}}[0m
Unsupported operator aten::max_pool2d encountered 5 time(s)
[38;5;39m2023-02-25 00:04:08,892 (client:306) INFO: {'Role': 'Client #8', 'Round': 0, 'Results_raw': {'train_loss': 284.74321, 'train_avg_loss': 0.818228, 'train_acc': 0.824713, 'train_total': 348, 'train_f1': 0.180403, 'train_correct': 287.0}}[0m
[38;5;39m2023-02-25 00:04:08,895 (monitor:541) INFO: {'Role': 'Server #', 'Round': 0, 'Results_model_metric': {}}[0m
[38;5;39m2023-02-25 00:04:09,063 (server:330) INFO: Server: Starting evaluation at the end of round 0.[0m
[38;5;39m2023-02-25 00:04:09,064 (server:336) INFO: ----------- Starting a new training round (Round #1) -------------[0m
[33;20m2023-02-25 00:04:09,651 (context:294) WARNING: No val_data or val_loader in the trainer, will skip evaluation.If this is not the case you want, please check whether there is typo for the name[0m
[33;20m2023-02-25 00:04:09,766 (context:294) WARNING: No val_data or val_loader in the trainer, will skip evaluation.If this is not the case you want, please check whether there is typo for the name[0m
[33;20m2023-02-25 00:04:09,865 (context:294) WARNING: No val_data or val_loader in the trainer, will skip evaluation.If this is not the case you want, please check whether there is typo for the name[0m
[33;20m2023-02-25 00:04:10,235 (context:294) WARNING: No val_data or val_loader in the trainer, will skip evaluation.If this is not the case you want, please check whether there is typo for the name[0m
[33;20m2023-02-25 00:04:10,470 (context:294) WARNING: No val_data or val_loader in the trainer, will skip evaluation.If this is not the case you want, please check whether there is typo for the name[0m
[33;20m2023-02-25 00:04:10,849 (context:294) WARNING: No val_data or val_loader in the trainer, will skip evaluation.If this is not the case you want, please check whether there is typo for the name[0m
[33;20m2023-02-25 00:04:11,253 (context:294) WARNING: No val_data or val_loader in the trainer, will skip evaluation.If this is not the case you want, please check whether there is typo for the name[0m
[33;20m2023-02-25 00:04:11,298 (context:294) WARNING: No val_data or val_loader in the trainer, will skip evaluation.If this is not the case you want, please check whether there is typo for the name[0m
[33;20m2023-02-25 00:04:11,645 (context:294) WARNING: No val_data or val_loader in the trainer, will skip evaluation.If this is not the case you want, please check whether there is typo for the name[0m
[33;20m2023-02-25 00:04:11,891 (context:294) WARNING: No val_data or val_loader in the trainer, will skip evaluation.If this is not the case you want, please check whether there is typo for the name[0m
WARNING:fvcore.nn.jit_analysis:Unsupported operator aten::max_pool2d encountered 5 time(s)
[38;5;39m2023-02-25 00:04:12,132 (client:306) INFO: {'Role': 'Client #1', 'Round': 1, 'Results_raw': {'train_loss': 101.312806, 'train_avg_loss': 7.236629, 'train_acc': 0.0, 'train_total': 14, 'train_f1': 0.0, 'train_correct': 0.0}}[0m
WARNING:fvcore.nn.jit_analysis:Unsupported operator aten::max_pool2d encountered 5 time(s)
[38;5;39m2023-02-25 00:04:12,886 (client:306) INFO: {'Role': 'Client #2', 'Round': 1, 'Results_raw': {'train_loss': 64.594731, 'train_avg_loss': 1.04185, 'train_acc': 0.677419, 'train_total': 62, 'train_f1': 0.354998, 'train_correct': 42.0}}[0m
[38;5;39m2023-02-25 00:04:16,644 (client:306) INFO: {'Role': 'Client #10', 'Round': 1, 'Results_raw': {'train_loss': 176.801653, 'train_avg_loss': 0.597303, 'train_acc': 0.702703, 'train_total': 296, 'train_f1': 0.431073, 'train_correct': 208.0}}[0m
WARNING:fvcore.nn.jit_analysis:Unsupported operator aten::max_pool2d encountered 5 time(s)
[38;5;39m2023-02-25 00:04:20,852 (client:306) INFO: {'Role': 'Client #5', 'Round': 1, 'Results_raw': {'train_loss': 311.605631, 'train_avg_loss': 0.944259, 'train_acc': 0.657576, 'train_total': 330, 'train_f1': 0.647792, 'train_correct': 217.0}}[0m
[38;5;39m2023-02-25 00:04:20,854 (server:590) INFO: {'Role': 'Server #', 'Round': 0, 'Results_weighted_avg': {'test_loss': 52.209428, 'test_avg_loss': 1.810267, 'test_acc': 0.554545, 'test_total': 22.0, 'test_f1': 0.333633, 'test_correct': 12.2}, 'Results_avg': {'test_loss': 39.825867, 'test_avg_loss': 2.323418, 'test_acc': 0.464281, 'test_total': 22.0, 'test_f1': 0.293998, 'test_correct': 12.2}, 'Results_fairness': {'test_total': 22.0, 'test_correct': 12.2, 'test_loss_std': 22.189022, 'test_loss_bottom_decile': 7.534603, 'test_loss_top_decile': 68.359875, 'test_loss_min': 4.665905, 'test_loss_max': 68.359875, 'test_loss_bottom10%': 4.665905, 'test_loss_top10%': 68.359875, 'test_loss_cos1': 0.873565, 'test_loss_entropy': 2.114906, 'test_avg_loss_std': 1.241698, 'test_avg_loss_bottom_decile': 1.255767, 'test_avg_loss_top_decile': 4.666658, 'test_avg_loss_min': 1.033122, 'test_avg_loss_max': 4.666658, 'test_avg_loss_bottom10%': 1.033122, 'test_avg_loss_top10%': 4.666658, 'test_avg_loss_cos1': 0.881952, 'test_avg_loss_entropy': 2.1746, 'test_acc_std': 0.387263, 'test_acc_bottom_decile': 0.0, 'test_acc_top_decile': 1.0, 'test_acc_min': 0.0, 'test_acc_max': 1.0, 'test_acc_bottom10%': 0.0, 'test_acc_top10%': 1.0, 'test_acc_cos1': 0.767926, 'test_acc_entropy': 1.854699, 'test_f1_std': 0.289968, 'test_f1_bottom_decile': 0.0, 'test_f1_top_decile': 1.0, 'test_f1_min': 0.0, 'test_f1_max': 1.0, 'test_f1_bottom10%': 0.0, 'test_f1_top10%': 1.0, 'test_f1_cos1': 0.71197, 'test_f1_entropy': 1.799419}}[0m
[38;5;39m2023-02-25 00:04:20,857 (monitor:541) INFO: {'Role': 'Server #', 'Round': 1, 'Results_model_metric': {}}[0m
[38;5;39m2023-02-25 00:04:20,974 (server:330) INFO: Server: Starting evaluation at the end of round 1.[0m
[38;5;39m2023-02-25 00:04:20,975 (server:336) INFO: ----------- Starting a new training round (Round #2) -------------[0m
[33;20m2023-02-25 00:04:21,494 (context:294) WARNING: No val_data or val_loader in the trainer, will skip evaluation.If this is not the case you want, please check whether there is typo for the name[0m
[33;20m2023-02-25 00:04:21,644 (context:294) WARNING: No val_data or val_loader in the trainer, will skip evaluation.If this is not the case you want, please check whether there is typo for the name[0m
[33;20m2023-02-25 00:04:21,754 (context:294) WARNING: No val_data or val_loader in the trainer, will skip evaluation.If this is not the case you want, please check whether there is typo for the name[0m
[33;20m2023-02-25 00:04:22,071 (context:294) WARNING: No val_data or val_loader in the trainer, will skip evaluation.If this is not the case you want, please check whether there is typo for the name[0m
[33;20m2023-02-25 00:04:22,368 (context:294) WARNING: No val_data or val_loader in the trainer, will skip evaluation.If this is not the case you want, please check whether there is typo for the name[0m
[33;20m2023-02-25 00:04:22,845 (context:294) WARNING: No val_data or val_loader in the trainer, will skip evaluation.If this is not the case you want, please check whether there is typo for the name[0m
[33;20m2023-02-25 00:04:23,227 (context:294) WARNING: No val_data or val_loader in the trainer, will skip evaluation.If this is not the case you want, please check whether there is typo for the name[0m
[33;20m2023-02-25 00:04:23,296 (context:294) WARNING: No val_data or val_loader in the trainer, will skip evaluation.If this is not the case you want, please check whether there is typo for the name[0m
[33;20m2023-02-25 00:04:23,779 (context:294) WARNING: No val_data or val_loader in the trainer, will skip evaluation.If this is not the case you want, please check whether there is typo for the name[0m
[33;20m2023-02-25 00:04:24,026 (context:294) WARNING: No val_data or val_loader in the trainer, will skip evaluation.If this is not the case you want, please check whether there is typo for the name[0m
WARNING:fvcore.nn.jit_analysis:Unsupported operator aten::max_pool2d encountered 5 time(s)
[38;5;39m2023-02-25 00:04:24,550 (client:306) INFO: {'Role': 'Client #7', 'Round': 2, 'Results_raw': {'train_loss': 87.125666, 'train_avg_loss': 2.722677, 'train_acc': 0.03125, 'train_total': 32, 'train_f1': 0.066667, 'train_correct': 1.0}}[0m
[38;5;39m2023-02-25 00:04:25,265 (client:306) INFO: {'Role': 'Client #2', 'Round': 2, 'Results_raw': {'train_loss': 68.739553, 'train_avg_loss': 1.108702, 'train_acc': 0.66129, 'train_total': 62, 'train_f1': 0.346667, 'train_correct': 41.0}}[0m
[38;5;39m2023-02-25 00:04:29,522 (client:306) INFO: {'Role': 'Client #8', 'Round': 2, 'Results_raw': {'train_loss': 142.009995, 'train_avg_loss': 0.408075, 'train_acc': 0.827586, 'train_total': 348, 'train_f1': 0.6375, 'train_correct': 288.0}}[0m
[38;5;39m2023-02-25 00:04:33,753 (client:306) INFO: {'Role': 'Client #5', 'Round': 2, 'Results_raw': {'train_loss': 191.292507, 'train_avg_loss': 0.579674, 'train_acc': 0.754545, 'train_total': 330, 'train_f1': 0.749463, 'train_correct': 249.0}}[0m
[38;5;39m2023-02-25 00:04:33,761 (server:590) INFO: {'Role': 'Server #', 'Round': 1, 'Results_weighted_avg': {'test_loss': 36.703137, 'test_avg_loss': 1.330049, 'test_acc': 0.554545, 'test_total': 22.0, 'test_f1': 0.333633, 'test_correct': 12.2}, 'Results_avg': {'test_loss': 29.261081, 'test_avg_loss': 1.746027, 'test_acc': 0.464281, 'test_total': 22.0, 'test_f1': 0.293998, 'test_correct': 12.2}, 'Results_fairness': {'test_total': 22.0, 'test_correct': 12.2, 'test_loss_std': 24.844932, 'test_loss_bottom_decile': 3.204978, 'test_loss_top_decile': 75.702766, 'test_loss_min': 2.261724, 'test_loss_max': 75.702766, 'test_loss_bottom10%': 2.261724, 'test_loss_top10%': 75.702766, 'test_loss_cos1': 0.762286, 'test_loss_entropy': 1.928398, 'test_avg_loss_std': 1.217951, 'test_avg_loss_bottom_decile': 0.382445, 'test_avg_loss_top_decile': 4.084353, 'test_avg_loss_min': 0.090469, 'test_avg_loss_max': 4.084353, 'test_avg_loss_bottom10%': 0.090469, 'test_avg_loss_top10%': 4.084353, 'test_avg_loss_cos1': 0.820173, 'test_avg_loss_entropy': 2.034695, 'test_acc_std': 0.387263, 'test_acc_bottom_decile': 0.0, 'test_acc_top_decile': 1.0, 'test_acc_min': 0.0, 'test_acc_max': 1.0, 'test_acc_bottom10%': 0.0, 'test_acc_top10%': 1.0, 'test_acc_cos1': 0.767926, 'test_acc_entropy': 1.854699, 'test_f1_std': 0.289968, 'test_f1_bottom_decile': 0.0, 'test_f1_top_decile': 1.0, 'test_f1_min': 0.0, 'test_f1_max': 1.0, 'test_f1_bottom10%': 0.0, 'test_f1_top10%': 1.0, 'test_f1_cos1': 0.71197, 'test_f1_entropy': 1.799419}}[0m
[38;5;39m2023-02-25 00:04:33,765 (monitor:541) INFO: {'Role': 'Server #', 'Round': 2, 'Results_model_metric': {}}[0m
[38;5;39m2023-02-25 00:04:33,935 (server:330) INFO: Server: Starting evaluation at the end of round 2.[0m
[38;5;39m2023-02-25 00:04:33,940 (server:336) INFO: ----------- Starting a new training round (Round #3) -------------[0m
[33;20m2023-02-25 00:04:34,885 (context:294) WARNING: No val_data or val_loader in the trainer, will skip evaluation.If this is not the case you want, please check whether there is typo for the name[0m
[33;20m2023-02-25 00:04:35,097 (context:294) WARNING: No val_data or val_loader in the trainer, will skip evaluation.If this is not the case you want, please check whether there is typo for the name[0m
[33;20m2023-02-25 00:04:35,324 (context:294) WARNING: No val_data or val_loader in the trainer, will skip evaluation.If this is not the case you want, please check whether there is typo for the name[0m
[33;20m2023-02-25 00:04:35,792 (context:294) WARNING: No val_data or val_loader in the trainer, will skip evaluation.If this is not the case you want, please check whether there is typo for the name[0m
[33;20m2023-02-25 00:04:36,029 (context:294) WARNING: No val_data or val_loader in the trainer, will skip evaluation.If this is not the case you want, please check whether there is typo for the name[0m
[33;20m2023-02-25 00:04:36,375 (context:294) WARNING: No val_data or val_loader in the trainer, will skip evaluation.If this is not the case you want, please check whether there is typo for the name[0m
[33;20m2023-02-25 00:04:36,792 (context:294) WARNING: No val_data or val_loader in the trainer, will skip evaluation.If this is not the case you want, please check whether there is typo for the name[0m
[33;20m2023-02-25 00:04:36,861 (context:294) WARNING: No val_data or val_loader in the trainer, will skip evaluation.If this is not the case you want, please check whether there is typo for the name[0m
[33;20m2023-02-25 00:04:37,279 (context:294) WARNING: No val_data or val_loader in the trainer, will skip evaluation.If this is not the case you want, please check whether there is typo for the name[0m
[33;20m2023-02-25 00:04:37,531 (context:294) WARNING: No val_data or val_loader in the trainer, will skip evaluation.If this is not the case you want, please check whether there is typo for the name[0m
[38;5;39m2023-02-25 00:04:37,976 (client:306) INFO: {'Role': 'Client #7', 'Round': 3, 'Results_raw': {'train_loss': 41.238257, 'train_avg_loss': 1.288696, 'train_acc': 0.40625, 'train_total': 32, 'train_f1': 0.271795, 'train_correct': 13.0}}[0m
[38;5;39m2023-02-25 00:04:43,844 (client:306) INFO: {'Role': 'Client #3', 'Round': 3, 'Results_raw': {'train_loss': 74.408255, 'train_avg_loss': 0.166835, 'train_acc': 0.94843, 'train_total': 446, 'train_f1': 0.590123, 'train_correct': 423.0}}[0m
[38;5;39m2023-02-25 00:04:44,065 (client:306) INFO: {'Role': 'Client #9', 'Round': 3, 'Results_raw': {'train_loss': 12.409386, 'train_avg_loss': 1.034115, 'train_acc': 0.666667, 'train_total': 12, 'train_f1': 0.4, 'train_correct': 8.0}}[0m
[38;5;39m2023-02-25 00:04:44,870 (client:306) INFO: {'Role': 'Client #2', 'Round': 3, 'Results_raw': {'train_loss': 38.07541, 'train_avg_loss': 0.61412, 'train_acc': 0.758065, 'train_total': 62, 'train_f1': 0.398693, 'train_correct': 47.0}}[0m
[38;5;39m2023-02-25 00:04:44,873 (server:590) INFO: {'Role': 'Server #', 'Round': 2, 'Results_weighted_avg': {'test_loss': 21.826512, 'test_avg_loss': 0.78965, 'test_acc': 0.668182, 'test_total': 22.0, 'test_f1': 0.462655, 'test_correct': 14.7}, 'Results_avg': {'test_loss': 17.37231, 'test_avg_loss': 1.032884, 'test_acc': 0.540721, 'test_total': 22.0, 'test_f1': 0.367269, 'test_correct': 14.7}, 'Results_fairness': {'test_total': 22.0, 'test_correct': 14.7, 'test_loss_std': 11.977912, 'test_loss_bottom_decile': 3.813768, 'test_loss_top_decile': 37.807116, 'test_loss_min': 1.736954, 'test_loss_max': 37.807116, 'test_loss_bottom10%': 1.736954, 'test_loss_top10%': 37.807116, 'test_loss_cos1': 0.823279, 'test_loss_entropy': 2.043946, 'test_avg_loss_std': 0.623431, 'test_avg_loss_bottom_decile': 0.328681, 'test_avg_loss_top_decile': 2.364742, 'test_avg_loss_min': 0.190865, 'test_avg_loss_max': 2.364742, 'test_avg_loss_bottom10%': 0.190865, 'test_avg_loss_top10%': 2.364742, 'test_avg_loss_cos1': 0.856137, 'test_avg_loss_entropy': 2.118748, 'test_acc_std': 0.345363, 'test_acc_bottom_decile': 0.0, 'test_acc_top_decile': 1.0, 'test_acc_min': 0.0, 'test_acc_max': 1.0, 'test_acc_bottom10%': 0.0, 'test_acc_top10%': 1.0, 'test_acc_cos1': 0.842765, 'test_acc_entropy': 2.012257, 'test_f1_std': 0.283857, 'test_f1_bottom_decile': 0.0, 'test_f1_top_decile': 1.0, 'test_f1_min': 0.0, 'test_f1_max': 1.0, 'test_f1_bottom10%': 0.0, 'test_f1_top10%': 1.0, 'test_f1_cos1': 0.791224, 'test_f1_entropy': 1.954796}}[0m
[38;5;39m2023-02-25 00:04:44,892 (monitor:541) INFO: {'Role': 'Server #', 'Round': 3, 'Results_model_metric': {}}[0m
[38;5;39m2023-02-25 00:04:45,016 (server:330) INFO: Server: Starting evaluation at the end of round 3.[0m
[38;5;39m2023-02-25 00:04:45,017 (server:336) INFO: ----------- Starting a new training round (Round #4) -------------[0m
[33;20m2023-02-25 00:04:45,651 (context:294) WARNING: No val_data or val_loader in the trainer, will skip evaluation.If this is not the case you want, please check whether there is typo for the name[0m
[33;20m2023-02-25 00:04:45,767 (context:294) WARNING: No val_data or val_loader in the trainer, will skip evaluation.If this is not the case you want, please check whether there is typo for the name[0m
[33;20m2023-02-25 00:04:45,883 (context:294) WARNING: No val_data or val_loader in the trainer, will skip evaluation.If this is not the case you want, please check whether there is typo for the name[0m
[33;20m2023-02-25 00:04:46,156 (context:294) WARNING: No val_data or val_loader in the trainer, will skip evaluation.If this is not the case you want, please check whether there is typo for the name[0m
[33;20m2023-02-25 00:04:46,519 (context:294) WARNING: No val_data or val_loader in the trainer, will skip evaluation.If this is not the case you want, please check whether there is typo for the name[0m
[33;20m2023-02-25 00:04:47,095 (context:294) WARNING: No val_data or val_loader in the trainer, will skip evaluation.If this is not the case you want, please check whether there is typo for the name[0m
[33;20m2023-02-25 00:04:47,492 (context:294) WARNING: No val_data or val_loader in the trainer, will skip evaluation.If this is not the case you want, please check whether there is typo for the name[0m
[33;20m2023-02-25 00:04:47,566 (context:294) WARNING: No val_data or val_loader in the trainer, will skip evaluation.If this is not the case you want, please check whether there is typo for the name[0m
[33;20m2023-02-25 00:04:47,975 (context:294) WARNING: No val_data or val_loader in the trainer, will skip evaluation.If this is not the case you want, please check whether there is typo for the name[0m
[33;20m2023-02-25 00:04:48,233 (context:294) WARNING: No val_data or val_loader in the trainer, will skip evaluation.If this is not the case you want, please check whether there is typo for the name[0m
[38;5;39m2023-02-25 00:04:53,243 (client:306) INFO: {'Role': 'Client #3', 'Round': 4, 'Results_raw': {'train_loss': 49.165767, 'train_avg_loss': 0.110237, 'train_acc': 0.964126, 'train_total': 446, 'train_f1': 0.724053, 'train_correct': 430.0}}[0m
[38;5;39m2023-02-25 00:04:53,694 (client:306) INFO: {'Role': 'Client #7', 'Round': 4, 'Results_raw': {'train_loss': 92.378256, 'train_avg_loss': 2.88682, 'train_acc': 0.09375, 'train_total': 32, 'train_f1': 0.090909, 'train_correct': 3.0}}[0m
[38;5;39m2023-02-25 00:04:53,923 (client:306) INFO: {'Role': 'Client #1', 'Round': 4, 'Results_raw': {'train_loss': 51.755362, 'train_avg_loss': 3.696812, 'train_acc': 0.0, 'train_total': 14, 'train_f1': 0.0, 'train_correct': 0.0}}[0m
[38;5;39m2023-02-25 00:04:57,377 (client:306) INFO: {'Role': 'Client #10', 'Round': 4, 'Results_raw': {'train_loss': 124.338798, 'train_avg_loss': 0.420064, 'train_acc': 0.824324, 'train_total': 296, 'train_f1': 0.523288, 'train_correct': 244.0}}[0m
[38;5;39m2023-02-25 00:04:57,380 (server:590) INFO: {'Role': 'Server #', 'Round': 3, 'Results_weighted_avg': {'test_loss': 25.54756, 'test_avg_loss': 0.998931, 'test_acc': 0.663636, 'test_total': 22.0, 'test_f1': 0.470239, 'test_correct': 14.6}, 'Results_avg': {'test_loss': 21.976475, 'test_avg_loss': 1.698538, 'test_acc': 0.544114, 'test_total': 22.0, 'test_f1': 0.377839, 'test_correct': 14.6}, 'Results_fairness': {'test_total': 22.0, 'test_correct': 14.6, 'test_loss_std': 13.17145, 'test_loss_bottom_decile': 4.033991, 'test_loss_top_decile': 37.239683, 'test_loss_min': 2.000899, 'test_loss_max': 37.239683, 'test_loss_bottom10%': 2.000899, 'test_loss_top10%': 37.239683, 'test_loss_cos1': 0.857741, 'test_loss_entropy': 2.072721, 'test_avg_loss_std': 1.581272, 'test_avg_loss_bottom_decile': 0.398796, 'test_avg_loss_top_decile': 5.01901, 'test_avg_loss_min': 0.080036, 'test_avg_loss_max': 5.01901, 'test_avg_loss_bottom10%': 0.080036, 'test_avg_loss_top10%': 5.01901, 'test_avg_loss_cos1': 0.731921, 'test_avg_loss_entropy': 1.915192, 'test_acc_std': 0.337956, 'test_acc_bottom_decile': 0.0, 'test_acc_top_decile': 1.0, 'test_acc_min': 0.0, 'test_acc_max': 1.0, 'test_acc_bottom10%': 0.0, 'test_acc_top10%': 1.0, 'test_acc_cos1': 0.849479, 'test_acc_entropy': 2.024319, 'test_f1_std': 0.271055, 'test_f1_bottom_decile': 0.0, 'test_f1_top_decile': 1.0, 'test_f1_min': 0.0, 'test_f1_max': 1.0, 'test_f1_bottom10%': 0.0, 'test_f1_top10%': 1.0, 'test_f1_cos1': 0.812542, 'test_f1_entropy': 1.988634}}[0m
[38;5;39m2023-02-25 00:04:57,383 (monitor:541) INFO: {'Role': 'Server #', 'Round': 4, 'Results_model_metric': {}}[0m
[38;5;39m2023-02-25 00:04:57,466 (server:330) INFO: Server: Starting evaluation at the end of round 4.[0m
[38;5;39m2023-02-25 00:04:57,467 (server:336) INFO: ----------- Starting a new training round (Round #5) -------------[0m
[33;20m2023-02-25 00:04:57,966 (context:294) WARNING: No val_data or val_loader in the trainer, will skip evaluation.If this is not the case you want, please check whether there is typo for the name[0m
[33;20m2023-02-25 00:04:58,085 (context:294) WARNING: No val_data or val_loader in the trainer, will skip evaluation.If this is not the case you want, please check whether there is typo for the name[0m
[33;20m2023-02-25 00:04:58,209 (context:294) WARNING: No val_data or val_loader in the trainer, will skip evaluation.If this is not the case you want, please check whether there is typo for the name[0m
[33;20m2023-02-25 00:04:58,485 (context:294) WARNING: No val_data or val_loader in the trainer, will skip evaluation.If this is not the case you want, please check whether there is typo for the name[0m
[33;20m2023-02-25 00:04:58,722 (context:294) WARNING: No val_data or val_loader in the trainer, will skip evaluation.If this is not the case you want, please check whether there is typo for the name[0m
[33;20m2023-02-25 00:04:59,065 (context:294) WARNING: No val_data or val_loader in the trainer, will skip evaluation.If this is not the case you want, please check whether there is typo for the name[0m
[33;20m2023-02-25 00:04:59,465 (context:294) WARNING: No val_data or val_loader in the trainer, will skip evaluation.If this is not the case you want, please check whether there is typo for the name[0m
[33;20m2023-02-25 00:04:59,547 (context:294) WARNING: No val_data or val_loader in the trainer, will skip evaluation.If this is not the case you want, please check whether there is typo for the name[0m
[33;20m2023-02-25 00:05:00,023 (context:294) WARNING: No val_data or val_loader in the trainer, will skip evaluation.If this is not the case you want, please check whether there is typo for the name[0m
[33;20m2023-02-25 00:05:00,534 (context:294) WARNING: No val_data or val_loader in the trainer, will skip evaluation.If this is not the case you want, please check whether there is typo for the name[0m
[38;5;39m2023-02-25 00:05:04,563 (client:306) INFO: {'Role': 'Client #10', 'Round': 5, 'Results_raw': {'train_loss': 89.819384, 'train_avg_loss': 0.303444, 'train_acc': 0.871622, 'train_total': 296, 'train_f1': 0.567757, 'train_correct': 258.0}}[0m
[38;5;39m2023-02-25 00:05:09,421 (client:306) INFO: {'Role': 'Client #8', 'Round': 5, 'Results_raw': {'train_loss': 104.325891, 'train_avg_loss': 0.299787, 'train_acc': 0.899425, 'train_total': 348, 'train_f1': 0.793919, 'train_correct': 313.0}}[0m
[38;5;39m2023-02-25 00:05:13,900 (client:306) INFO: {'Role': 'Client #5', 'Round': 5, 'Results_raw': {'train_loss': 144.074307, 'train_avg_loss': 0.436589, 'train_acc': 0.845455, 'train_total': 330, 'train_f1': 0.56517, 'train_correct': 279.0}}[0m
[38;5;39m2023-02-25 00:05:14,455 (client:306) INFO: {'Role': 'Client #7', 'Round': 5, 'Results_raw': {'train_loss': 104.433884, 'train_avg_loss': 3.263559, 'train_acc': 0.0625, 'train_total': 32, 'train_f1': 0.066667, 'train_correct': 2.0}}[0m
[38;5;39m2023-02-25 00:05:14,457 (server:590) INFO: {'Role': 'Server #', 'Round': 4, 'Results_weighted_avg': {'test_loss': 34.775416, 'test_avg_loss': 1.33218, 'test_acc': 0.572727, 'test_total': 22.0, 'test_f1': 0.35355, 'test_correct': 12.6}, 'Results_avg': {'test_loss': 29.307962, 'test_avg_loss': 2.114009, 'test_acc': 0.47815, 'test_total': 22.0, 'test_f1': 0.3088, 'test_correct': 12.6}, 'Results_fairness': {'test_total': 22.0, 'test_correct': 12.6, 'test_loss_std': 20.084148, 'test_loss_bottom_decile': 4.792377, 'test_loss_top_decile': 61.307039, 'test_loss_min': 0.403485, 'test_loss_max': 61.307039, 'test_loss_bottom10%': 0.403485, 'test_loss_top10%': 61.307039, 'test_loss_cos1': 0.824896, 'test_loss_entropy': 2.012001, 'test_avg_loss_std': 1.834653, 'test_avg_loss_bottom_decile': 0.424785, 'test_avg_loss_top_decile': 6.185559, 'test_avg_loss_min': 0.016139, 'test_avg_loss_max': 6.185559, 'test_avg_loss_bottom10%': 0.016139, 'test_avg_loss_top10%': 6.185559, 'test_avg_loss_cos1': 0.755245, 'test_avg_loss_entropy': 1.943353, 'test_acc_std': 0.375866, 'test_acc_bottom_decile': 0.0, 'test_acc_top_decile': 1.0, 'test_acc_min': 0.0, 'test_acc_max': 1.0, 'test_acc_bottom10%': 0.0, 'test_acc_top10%': 1.0, 'test_acc_cos1': 0.786177, 'test_acc_entropy': 1.905854, 'test_f1_std': 0.280955, 'test_f1_bottom_decile': 0.0, 'test_f1_top_decile': 1.0, 'test_f1_min': 0.0, 'test_f1_max': 1.0, 'test_f1_bottom10%': 0.0, 'test_f1_top10%': 1.0, 'test_f1_cos1': 0.739668, 'test_f1_entropy': 1.872725}}[0m
[38;5;39m2023-02-25 00:05:14,461 (monitor:541) INFO: {'Role': 'Server #', 'Round': 5, 'Results_model_metric': {}}[0m
[38;5;39m2023-02-25 00:05:14,549 (server:330) INFO: Server: Starting evaluation at the end of round 5.[0m
[38;5;39m2023-02-25 00:05:14,550 (server:336) INFO: ----------- Starting a new training round (Round #6) -------------[0m
[33;20m2023-02-25 00:05:15,143 (context:294) WARNING: No val_data or val_loader in the trainer, will skip evaluation.If this is not the case you want, please check whether there is typo for the name[0m
[33;20m2023-02-25 00:05:15,247 (context:294) WARNING: No val_data or val_loader in the trainer, will skip evaluation.If this is not the case you want, please check whether there is typo for the name[0m
[33;20m2023-02-25 00:05:15,357 (context:294) WARNING: No val_data or val_loader in the trainer, will skip evaluation.If this is not the case you want, please check whether there is typo for the name[0m
[33;20m2023-02-25 00:05:15,609 (context:294) WARNING: No val_data or val_loader in the trainer, will skip evaluation.If this is not the case you want, please check whether there is typo for the name[0m
[33;20m2023-02-25 00:05:15,837 (context:294) WARNING: No val_data or val_loader in the trainer, will skip evaluation.If this is not the case you want, please check whether there is typo for the name[0m
[33;20m2023-02-25 00:05:16,169 (context:294) WARNING: No val_data or val_loader in the trainer, will skip evaluation.If this is not the case you want, please check whether there is typo for the name[0m
[33;20m2023-02-25 00:05:16,617 (context:294) WARNING: No val_data or val_loader in the trainer, will skip evaluation.If this is not the case you want, please check whether there is typo for the name[0m
[33;20m2023-02-25 00:05:16,689 (context:294) WARNING: No val_data or val_loader in the trainer, will skip evaluation.If this is not the case you want, please check whether there is typo for the name[0m
[33;20m2023-02-25 00:05:17,322 (context:294) WARNING: No val_data or val_loader in the trainer, will skip evaluation.If this is not the case you want, please check whether there is typo for the name[0m
[33;20m2023-02-25 00:05:17,713 (context:294) WARNING: No val_data or val_loader in the trainer, will skip evaluation.If this is not the case you want, please check whether there is typo for the name[0m
WARNING:fvcore.nn.jit_analysis:Unsupported operator aten::max_pool2d encountered 5 time(s)
[38;5;39m2023-02-25 00:05:20,118 (client:306) INFO: {'Role': 'Client #4', 'Round': 6, 'Results_raw': {'train_loss': 12.370716, 'train_avg_loss': 0.063116, 'train_acc': 0.979592, 'train_total': 196, 'train_f1': 0.494845, 'train_correct': 192.0}}[0m
[38;5;39m2023-02-25 00:05:20,319 (client:306) INFO: {'Role': 'Client #9', 'Round': 6, 'Results_raw': {'train_loss': 8.009672, 'train_avg_loss': 0.667473, 'train_acc': 0.833333, 'train_total': 12, 'train_f1': 0.454545, 'train_correct': 10.0}}[0m
[38;5;39m2023-02-25 00:05:24,825 (client:306) INFO: {'Role': 'Client #8', 'Round': 6, 'Results_raw': {'train_loss': 85.218292, 'train_avg_loss': 0.24488, 'train_acc': 0.905172, 'train_total': 348, 'train_f1': 0.791409, 'train_correct': 315.0}}[0m
[38;5;39m2023-02-25 00:05:25,772 (client:306) INFO: {'Role': 'Client #2', 'Round': 6, 'Results_raw': {'train_loss': 35.149085, 'train_avg_loss': 0.566921, 'train_acc': 0.83871, 'train_total': 62, 'train_f1': 0.451033, 'train_correct': 52.0}}[0m
[38;5;39m2023-02-25 00:05:25,775 (server:590) INFO: {'Role': 'Server #', 'Round': 5, 'Results_weighted_avg': {'test_loss': 22.683357, 'test_avg_loss': 0.853508, 'test_acc': 0.645455, 'test_total': 22.0, 'test_f1': 0.454667, 'test_correct': 14.2}, 'Results_avg': {'test_loss': 18.77718, 'test_avg_loss': 1.266071, 'test_acc': 0.536217, 'test_total': 22.0, 'test_f1': 0.36376, 'test_correct': 14.2}, 'Results_fairness': {'test_total': 22.0, 'test_correct': 14.2, 'test_loss_std': 13.817788, 'test_loss_bottom_decile': 2.462132, 'test_loss_top_decile': 43.864664, 'test_loss_min': 0.684015, 'test_loss_max': 43.864664, 'test_loss_bottom10%': 0.684015, 'test_loss_top10%': 43.864664, 'test_loss_cos1': 0.805425, 'test_loss_entropy': 2.001861, 'test_avg_loss_std': 0.93499, 'test_avg_loss_bottom_decile': 0.252503, 'test_avg_loss_top_decile': 3.323138, 'test_avg_loss_min': 0.027361, 'test_avg_loss_max': 3.323138, 'test_avg_loss_bottom10%': 0.027361, 'test_avg_loss_top10%': 3.323138, 'test_avg_loss_cos1': 0.80442, 'test_avg_loss_entropy': 2.02047, 'test_acc_std': 0.347597, 'test_acc_bottom_decile': 0.0, 'test_acc_top_decile': 1.0, 'test_acc_min': 0.0, 'test_acc_max': 1.0, 'test_acc_bottom10%': 0.0, 'test_acc_top10%': 1.0, 'test_acc_cos1': 0.839118, 'test_acc_entropy': 2.006242, 'test_f1_std': 0.281232, 'test_f1_bottom_decile': 0.0, 'test_f1_top_decile': 1.0, 'test_f1_min': 0.0, 'test_f1_max': 1.0, 'test_f1_bottom10%': 0.0, 'test_f1_top10%': 1.0, 'test_f1_cos1': 0.791133, 'test_f1_entropy': 1.958834}}[0m
[38;5;39m2023-02-25 00:05:25,778 (monitor:541) INFO: {'Role': 'Server #', 'Round': 6, 'Results_model_metric': {}}[0m
[38;5;39m2023-02-25 00:05:25,865 (server:330) INFO: Server: Starting evaluation at the end of round 6.[0m
[38;5;39m2023-02-25 00:05:25,866 (server:336) INFO: ----------- Starting a new training round (Round #7) -------------[0m
[33;20m2023-02-25 00:05:26,450 (context:294) WARNING: No val_data or val_loader in the trainer, will skip evaluation.If this is not the case you want, please check whether there is typo for the name[0m
[33;20m2023-02-25 00:05:26,592 (context:294) WARNING: No val_data or val_loader in the trainer, will skip evaluation.If this is not the case you want, please check whether there is typo for the name[0m
[33;20m2023-02-25 00:05:26,780 (context:294) WARNING: No val_data or val_loader in the trainer, will skip evaluation.If this is not the case you want, please check whether there is typo for the name[0m
[33;20m2023-02-25 00:05:27,136 (context:294) WARNING: No val_data or val_loader in the trainer, will skip evaluation.If this is not the case you want, please check whether there is typo for the name[0m
[33;20m2023-02-25 00:05:27,367 (context:294) WARNING: No val_data or val_loader in the trainer, will skip evaluation.If this is not the case you want, please check whether there is typo for the name[0m
[33;20m2023-02-25 00:05:27,701 (context:294) WARNING: No val_data or val_loader in the trainer, will skip evaluation.If this is not the case you want, please check whether there is typo for the name[0m
[33;20m2023-02-25 00:05:28,120 (context:294) WARNING: No val_data or val_loader in the trainer, will skip evaluation.If this is not the case you want, please check whether there is typo for the name[0m
[33;20m2023-02-25 00:05:28,190 (context:294) WARNING: No val_data or val_loader in the trainer, will skip evaluation.If this is not the case you want, please check whether there is typo for the name[0m
[33;20m2023-02-25 00:05:28,716 (context:294) WARNING: No val_data or val_loader in the trainer, will skip evaluation.If this is not the case you want, please check whether there is typo for the name[0m
[33;20m2023-02-25 00:05:29,073 (context:294) WARNING: No val_data or val_loader in the trainer, will skip evaluation.If this is not the case you want, please check whether there is typo for the name[0m
[38;5;39m2023-02-25 00:05:33,715 (client:306) INFO: {'Role': 'Client #5', 'Round': 7, 'Results_raw': {'train_loss': 190.937081, 'train_avg_loss': 0.578597, 'train_acc': 0.8, 'train_total': 330, 'train_f1': 0.553417, 'train_correct': 264.0}}[0m
[38;5;39m2023-02-25 00:05:37,436 (client:306) INFO: {'Role': 'Client #10', 'Round': 7, 'Results_raw': {'train_loss': 101.164909, 'train_avg_loss': 0.341773, 'train_acc': 0.871622, 'train_total': 296, 'train_f1': 0.571842, 'train_correct': 258.0}}[0m
[38;5;39m2023-02-25 00:05:42,365 (client:306) INFO: {'Role': 'Client #8', 'Round': 7, 'Results_raw': {'train_loss': 59.546231, 'train_avg_loss': 0.17111, 'train_acc': 0.939655, 'train_total': 348, 'train_f1': 0.874223, 'train_correct': 327.0}}[0m
[38;5;39m2023-02-25 00:05:42,586 (client:306) INFO: {'Role': 'Client #9', 'Round': 7, 'Results_raw': {'train_loss': 0.196082, 'train_avg_loss': 0.01634, 'train_acc': 1.0, 'train_total': 12, 'train_f1': 1.0, 'train_correct': 12.0}}[0m
[38;5;39m2023-02-25 00:05:42,589 (server:590) INFO: {'Role': 'Server #', 'Round': 6, 'Results_weighted_avg': {'test_loss': 55.608535, 'test_avg_loss': 1.959557, 'test_acc': 0.422727, 'test_total': 22.0, 'test_f1': 0.246735, 'test_correct': 9.3}, 'Results_avg': {'test_loss': 43.110255, 'test_avg_loss': 2.944248, 'test_acc': 0.321403, 'test_total': 22.0, 'test_f1': 0.187287, 'test_correct': 9.3}, 'Results_fairness': {'test_total': 22.0, 'test_correct': 9.3, 'test_loss_std': 35.754263, 'test_loss_bottom_decile': 7.387481, 'test_loss_top_decile': 105.14778, 'test_loss_min': 1.055723, 'test_loss_max': 105.14778, 'test_loss_bottom10%': 1.055723, 'test_loss_top10%': 105.14778, 'test_loss_cos1': 0.76972, 'test_loss_entropy': 1.935902, 'test_avg_loss_std': 2.253239, 'test_avg_loss_bottom_decile': 0.606852, 'test_avg_loss_top_decile': 7.387481, 'test_avg_loss_min': 0.032991, 'test_avg_loss_max': 7.387481, 'test_avg_loss_bottom10%': 0.032991, 'test_avg_loss_top10%': 7.387481, 'test_avg_loss_cos1': 0.794129, 'test_avg_loss_entropy': 1.989459, 'test_acc_std': 0.345287, 'test_acc_bottom_decile': 0.0, 'test_acc_top_decile': 0.96875, 'test_acc_min': 0.0, 'test_acc_max': 0.96875, 'test_acc_bottom10%': 0.0, 'test_acc_top10%': 0.96875, 'test_acc_cos1': 0.681338, 'test_acc_entropy': 1.725419, 'test_f1_std': 0.180195, 'test_f1_bottom_decile': 0.0, 'test_f1_top_decile': 0.533333, 'test_f1_min': 0.0, 'test_f1_max': 0.533333, 'test_f1_bottom10%': 0.0, 'test_f1_top10%': 0.533333, 'test_f1_cos1': 0.720618, 'test_f1_entropy': 1.830263}}[0m
[38;5;39m2023-02-25 00:05:42,592 (monitor:541) INFO: {'Role': 'Server #', 'Round': 7, 'Results_model_metric': {}}[0m
[38;5;39m2023-02-25 00:05:42,699 (server:330) INFO: Server: Starting evaluation at the end of round 7.[0m
[38;5;39m2023-02-25 00:05:42,700 (server:336) INFO: ----------- Starting a new training round (Round #8) -------------[0m
[33;20m2023-02-25 00:05:43,422 (context:294) WARNING: No val_data or val_loader in the trainer, will skip evaluation.If this is not the case you want, please check whether there is typo for the name[0m
[33;20m2023-02-25 00:05:43,526 (context:294) WARNING: No val_data or val_loader in the trainer, will skip evaluation.If this is not the case you want, please check whether there is typo for the name[0m
[33;20m2023-02-25 00:05:43,654 (context:294) WARNING: No val_data or val_loader in the trainer, will skip evaluation.If this is not the case you want, please check whether there is typo for the name[0m
[33;20m2023-02-25 00:05:43,959 (context:294) WARNING: No val_data or val_loader in the trainer, will skip evaluation.If this is not the case you want, please check whether there is typo for the name[0m
[33;20m2023-02-25 00:05:44,180 (context:294) WARNING: No val_data or val_loader in the trainer, will skip evaluation.If this is not the case you want, please check whether there is typo for the name[0m
[33;20m2023-02-25 00:05:44,513 (context:294) WARNING: No val_data or val_loader in the trainer, will skip evaluation.If this is not the case you want, please check whether there is typo for the name[0m
[33;20m2023-02-25 00:05:45,042 (context:294) WARNING: No val_data or val_loader in the trainer, will skip evaluation.If this is not the case you want, please check whether there is typo for the name[0m
[33;20m2023-02-25 00:05:45,110 (context:294) WARNING: No val_data or val_loader in the trainer, will skip evaluation.If this is not the case you want, please check whether there is typo for the name[0m
[33;20m2023-02-25 00:05:45,524 (context:294) WARNING: No val_data or val_loader in the trainer, will skip evaluation.If this is not the case you want, please check whether there is typo for the name[0m
[33;20m2023-02-25 00:05:45,872 (context:294) WARNING: No val_data or val_loader in the trainer, will skip evaluation.If this is not the case you want, please check whether there is typo for the name[0m
[38;5;39m2023-02-25 00:05:46,256 (client:306) INFO: {'Role': 'Client #7', 'Round': 8, 'Results_raw': {'train_loss': 36.337935, 'train_avg_loss': 1.13556, 'train_acc': 0.4375, 'train_total': 32, 'train_f1': 0.274074, 'train_correct': 14.0}}[0m
[38;5;39m2023-02-25 00:05:46,447 (client:306) INFO: {'Role': 'Client #9', 'Round': 8, 'Results_raw': {'train_loss': 6.251054, 'train_avg_loss': 0.520921, 'train_acc': 0.916667, 'train_total': 12, 'train_f1': 0.478261, 'train_correct': 11.0}}[0m
[38;5;39m2023-02-25 00:05:52,815 (client:306) INFO: {'Role': 'Client #3', 'Round': 8, 'Results_raw': {'train_loss': 31.546859, 'train_avg_loss': 0.070733, 'train_acc': 0.979821, 'train_total': 446, 'train_f1': 0.873115, 'train_correct': 437.0}}[0m
[38;5;39m2023-02-25 00:05:53,573 (client:306) INFO: {'Role': 'Client #2', 'Round': 8, 'Results_raw': {'train_loss': 38.211415, 'train_avg_loss': 0.616313, 'train_acc': 0.854839, 'train_total': 62, 'train_f1': 0.498652, 'train_correct': 53.0}}[0m
[38;5;39m2023-02-25 00:05:53,575 (server:590) INFO: {'Role': 'Server #', 'Round': 7, 'Results_weighted_avg': {'test_loss': 13.976964, 'test_avg_loss': 0.509513, 'test_acc': 0.8, 'test_total': 22.0, 'test_f1': 0.513775, 'test_correct': 17.6}, 'Results_avg': {'test_loss': 11.209277, 'test_avg_loss': 0.817194, 'test_acc': 0.646734, 'test_total': 22.0, 'test_f1': 0.411541, 'test_correct': 17.6}, 'Results_fairness': {'test_total': 22.0, 'test_correct': 17.6, 'test_loss_std': 5.910552, 'test_loss_bottom_decile': 3.400178, 'test_loss_top_decile': 20.142378, 'test_loss_min': 2.321865, 'test_loss_max': 20.142378, 'test_loss_bottom10%': 2.321865, 'test_loss_top10%': 20.142378, 'test_loss_cos1': 0.884562, 'test_loss_entropy': 2.149163, 'test_avg_loss_std': 0.663567, 'test_avg_loss_bottom_decile': 0.32066, 'test_avg_loss_top_decile': 2.321865, 'test_avg_loss_min': 0.317738, 'test_avg_loss_max': 2.321865, 'test_avg_loss_bottom10%': 0.317738, 'test_avg_loss_top10%': 2.321865, 'test_avg_loss_cos1': 0.776302, 'test_avg_loss_entropy': 2.02875, 'test_acc_std': 0.346852, 'test_acc_bottom_decile': 0.0, 'test_acc_top_decile': 0.952381, 'test_acc_min': 0.0, 'test_acc_max': 0.952381, 'test_acc_bottom10%': 0.0, 'test_acc_top10%': 0.952381, 'test_acc_cos1': 0.88126, 'test_acc_entropy': 2.063048, 'test_f1_std': 0.261838, 'test_f1_bottom_decile': 0.0, 'test_f1_top_decile': 0.805771, 'test_f1_min': 0.0, 'test_f1_max': 0.805771, 'test_f1_bottom10%': 0.0, 'test_f1_top10%': 0.805771, 'test_f1_cos1': 0.843709, 'test_f1_entropy': 2.018183}}[0m
[38;5;39m2023-02-25 00:05:53,578 (monitor:541) INFO: {'Role': 'Server #', 'Round': 8, 'Results_model_metric': {}}[0m
[38;5;39m2023-02-25 00:05:53,660 (server:330) INFO: Server: Starting evaluation at the end of round 8.[0m
[38;5;39m2023-02-25 00:05:53,661 (server:336) INFO: ----------- Starting a new training round (Round #9) -------------[0m
[33;20m2023-02-25 00:05:54,142 (context:294) WARNING: No val_data or val_loader in the trainer, will skip evaluation.If this is not the case you want, please check whether there is typo for the name[0m
[33;20m2023-02-25 00:05:54,248 (context:294) WARNING: No val_data or val_loader in the trainer, will skip evaluation.If this is not the case you want, please check whether there is typo for the name[0m
[33;20m2023-02-25 00:05:54,363 (context:294) WARNING: No val_data or val_loader in the trainer, will skip evaluation.If this is not the case you want, please check whether there is typo for the name[0m
[33;20m2023-02-25 00:05:54,675 (context:294) WARNING: No val_data or val_loader in the trainer, will skip evaluation.If this is not the case you want, please check whether there is typo for the name[0m
[33;20m2023-02-25 00:05:54,900 (context:294) WARNING: No val_data or val_loader in the trainer, will skip evaluation.If this is not the case you want, please check whether there is typo for the name[0m
[33;20m2023-02-25 00:05:55,297 (context:294) WARNING: No val_data or val_loader in the trainer, will skip evaluation.If this is not the case you want, please check whether there is typo for the name[0m
[33;20m2023-02-25 00:05:55,731 (context:294) WARNING: No val_data or val_loader in the trainer, will skip evaluation.If this is not the case you want, please check whether there is typo for the name[0m
[33;20m2023-02-25 00:05:55,801 (context:294) WARNING: No val_data or val_loader in the trainer, will skip evaluation.If this is not the case you want, please check whether there is typo for the name[0m
[33;20m2023-02-25 00:05:56,176 (context:294) WARNING: No val_data or val_loader in the trainer, will skip evaluation.If this is not the case you want, please check whether there is typo for the name[0m
[33;20m2023-02-25 00:05:56,476 (context:294) WARNING: No val_data or val_loader in the trainer, will skip evaluation.If this is not the case you want, please check whether there is typo for the name[0m
[38;5;39m2023-02-25 00:06:00,369 (client:306) INFO: {'Role': 'Client #5', 'Round': 9, 'Results_raw': {'train_loss': 127.27284, 'train_avg_loss': 0.385675, 'train_acc': 0.869697, 'train_total': 330, 'train_f1': 0.579051, 'train_correct': 287.0}}[0m
[38;5;39m2023-02-25 00:06:02,640 (client:306) INFO: {'Role': 'Client #4', 'Round': 9, 'Results_raw': {'train_loss': 34.845304, 'train_avg_loss': 0.177782, 'train_acc': 0.933673, 'train_total': 196, 'train_f1': 0.48285, 'train_correct': 183.0}}[0m
WARNING:fvcore.nn.jit_analysis:Unsupported operator aten::max_pool2d encountered 5 time(s)
[38;5;39m2023-02-25 00:06:02,917 (client:306) INFO: {'Role': 'Client #6', 'Round': 9, 'Results_raw': {'train_loss': 10.19952, 'train_avg_loss': 0.56664, 'train_acc': 0.777778, 'train_total': 18, 'train_f1': 0.321839, 'train_correct': 14.0}}[0m
[38;5;39m2023-02-25 00:06:07,058 (client:306) INFO: {'Role': 'Client #10', 'Round': 9, 'Results_raw': {'train_loss': 72.833727, 'train_avg_loss': 0.24606, 'train_acc': 0.908784, 'train_total': 296, 'train_f1': 0.595545, 'train_correct': 269.0}}[0m
[38;5;39m2023-02-25 00:06:07,061 (server:590) INFO: {'Role': 'Server #', 'Round': 8, 'Results_weighted_avg': {'test_loss': 24.01434, 'test_avg_loss': 0.94202, 'test_acc': 0.718182, 'test_total': 22.0, 'test_f1': 0.490297, 'test_correct': 15.8}, 'Results_avg': {'test_loss': 20.724442, 'test_avg_loss': 1.576849, 'test_acc': 0.584342, 'test_total': 22.0, 'test_f1': 0.391472, 'test_correct': 15.8}, 'Results_fairness': {'test_total': 22.0, 'test_correct': 15.8, 'test_loss_std': 13.37938, 'test_loss_bottom_decile': 3.641111, 'test_loss_top_decile': 41.556755, 'test_loss_min': 0.205941, 'test_loss_max': 41.556755, 'test_loss_bottom10%': 0.205941, 'test_loss_top10%': 41.556755, 'test_loss_cos1': 0.840135, 'test_loss_entropy': 2.034125, 'test_avg_loss_std': 1.444026, 'test_avg_loss_bottom_decile': 0.314071, 'test_avg_loss_top_decile': 4.879085, 'test_avg_loss_min': 0.008238, 'test_avg_loss_max': 4.879085, 'test_avg_loss_bottom10%': 0.008238, 'test_avg_loss_top10%': 4.879085, 'test_avg_loss_cos1': 0.737485, 'test_avg_loss_entropy': 1.916734, 'test_acc_std': 0.330884, 'test_acc_bottom_decile': 0.0, 'test_acc_top_decile': 1.0, 'test_acc_min': 0.0, 'test_acc_max': 1.0, 'test_acc_bottom10%': 0.0, 'test_acc_top10%': 1.0, 'test_acc_cos1': 0.870177, 'test_acc_entropy': 2.051372, 'test_f1_std': 0.275965, 'test_f1_bottom_decile': 0.0, 'test_f1_top_decile': 1.0, 'test_f1_min': 0.0, 'test_f1_max': 1.0, 'test_f1_bottom10%': 0.0, 'test_f1_top10%': 1.0, 'test_f1_cos1': 0.81733, 'test_f1_entropy': 1.99226}}[0m
[38;5;39m2023-02-25 00:06:07,064 (monitor:541) INFO: {'Role': 'Server #', 'Round': 9, 'Results_model_metric': {}}[0m
[38;5;39m2023-02-25 00:06:07,162 (server:347) INFO: Server: Training is finished! Starting evaluation.[0m
[33;20m2023-02-25 00:06:07,760 (context:294) WARNING: No val_data or val_loader in the trainer, will skip evaluation.If this is not the case you want, please check whether there is typo for the name[0m
[33;20m2023-02-25 00:06:07,887 (context:294) WARNING: No val_data or val_loader in the trainer, will skip evaluation.If this is not the case you want, please check whether there is typo for the name[0m
[33;20m2023-02-25 00:06:08,013 (context:294) WARNING: No val_data or val_loader in the trainer, will skip evaluation.If this is not the case you want, please check whether there is typo for the name[0m
[33;20m2023-02-25 00:06:08,372 (context:294) WARNING: No val_data or val_loader in the trainer, will skip evaluation.If this is not the case you want, please check whether there is typo for the name[0m
[33;20m2023-02-25 00:06:08,664 (context:294) WARNING: No val_data or val_loader in the trainer, will skip evaluation.If this is not the case you want, please check whether there is typo for the name[0m
[33;20m2023-02-25 00:06:09,043 (context:294) WARNING: No val_data or val_loader in the trainer, will skip evaluation.If this is not the case you want, please check whether there is typo for the name[0m
[33;20m2023-02-25 00:06:09,552 (context:294) WARNING: No val_data or val_loader in the trainer, will skip evaluation.If this is not the case you want, please check whether there is typo for the name[0m
[33;20m2023-02-25 00:06:09,667 (context:294) WARNING: No val_data or val_loader in the trainer, will skip evaluation.If this is not the case you want, please check whether there is typo for the name[0m
[33;20m2023-02-25 00:06:10,050 (context:294) WARNING: No val_data or val_loader in the trainer, will skip evaluation.If this is not the case you want, please check whether there is typo for the name[0m
[33;20m2023-02-25 00:06:10,333 (context:294) WARNING: No val_data or val_loader in the trainer, will skip evaluation.If this is not the case you want, please check whether there is typo for the name[0m
[38;5;39m2023-02-25 00:06:10,335 (server:590) INFO: {'Role': 'Server #', 'Round': 9, 'Results_weighted_avg': {'test_loss': 15.860078, 'test_avg_loss': 0.585009, 'test_acc': 0.768182, 'test_total': 22.0, 'test_f1': 0.53214, 'test_correct': 16.9}, 'Results_avg': {'test_loss': 12.870198, 'test_avg_loss': 0.841581, 'test_acc': 0.621752, 'test_total': 22.0, 'test_f1': 0.421507, 'test_correct': 16.9}, 'Results_fairness': {'test_total': 22.0, 'test_correct': 16.9, 'test_loss_std': 10.204375, 'test_loss_bottom_decile': 1.63367, 'test_loss_top_decile': 33.682852, 'test_loss_min': 1.051284, 'test_loss_max': 33.682852, 'test_loss_bottom10%': 1.051284, 'test_loss_top10%': 33.682852, 'test_loss_cos1': 0.783587, 'test_loss_entropy': 1.988312, 'test_avg_loss_std': 0.577429, 'test_avg_loss_bottom_decile': 0.170122, 'test_avg_loss_top_decile': 2.0065, 'test_avg_loss_min': 0.042051, 'test_avg_loss_max': 2.0065, 'test_avg_loss_bottom10%': 0.042051, 'test_avg_loss_top10%': 2.0065, 'test_avg_loss_cos1': 0.824571, 'test_avg_loss_entropy': 2.050362, 'test_acc_std': 0.334426, 'test_acc_bottom_decile': 0.0, 'test_acc_top_decile': 1.0, 'test_acc_min': 0.0, 'test_acc_max': 1.0, 'test_acc_bottom10%': 0.0, 'test_acc_top10%': 1.0, 'test_acc_cos1': 0.880686, 'test_acc_entropy': 2.06371, 'test_f1_std': 0.292019, 'test_f1_bottom_decile': 0.0, 'test_f1_top_decile': 1.0, 'test_f1_min': 0.0, 'test_f1_max': 1.0, 'test_f1_bottom10%': 0.0, 'test_f1_top10%': 1.0, 'test_f1_cos1': 0.822004, 'test_f1_entropy': 1.994256}}[0m
[38;5;39m2023-02-25 00:06:10,336 (server:395) INFO: Server: Final evaluation is finished! Starting merging results.[0m
[38;5;39m2023-02-25 00:06:10,336 (server:521) INFO: {'Role': 'Server #', 'Round': 'Final', 'Results_raw': {'client_best_individual': {'test_loss': 0.205941, 'test_avg_loss': 0.008238, 'test_acc': 1.0, 'test_total': 1.0, 'test_f1': 1.0, 'test_correct': 43.0}, 'client_summarized_weighted_avg': {'test_loss': 13.976964, 'test_avg_loss': 0.509513, 'test_acc': 0.8, 'test_total': 22.0, 'test_f1': 0.513775, 'test_correct': 17.6}, 'client_summarized_avg': {'test_loss': 11.209277, 'test_avg_loss': 0.817194, 'test_acc': 0.646734, 'test_total': 22.0, 'test_f1': 0.411541, 'test_correct': 17.6}, 'client_summarized_fairness': {'test_loss_entropy': 1.928398, 'test_loss_cos1': 0.762286, 'test_loss_top10%': 75.702766, 'test_loss_bottom10%': 2.261724, 'test_loss_max': 75.702766, 'test_loss_min': 2.261724, 'test_loss_top_decile': 75.702766, 'test_loss_bottom_decile': 3.204978, 'test_loss_std': 24.844932, 'test_total': 22.0, 'test_correct': 12.2, 'test_avg_loss_std': 1.217951, 'test_avg_loss_bottom_decile': 0.382445, 'test_avg_loss_top_decile': 4.084353, 'test_avg_loss_min': 0.090469, 'test_avg_loss_max': 4.084353, 'test_avg_loss_bottom10%': 0.090469, 'test_avg_loss_top10%': 4.084353, 'test_avg_loss_cos1': 0.820173, 'test_avg_loss_entropy': 2.034695, 'test_acc_std': 0.387263, 'test_acc_bottom_decile': 0.0, 'test_acc_top_decile': 1.0, 'test_acc_min': 0.0, 'test_acc_max': 1.0, 'test_acc_bottom10%': 0.0, 'test_acc_top10%': 1.0, 'test_acc_cos1': 0.767926, 'test_acc_entropy': 1.854699, 'test_f1_std': 0.289968, 'test_f1_bottom_decile': 0.0, 'test_f1_top_decile': 1.0, 'test_f1_min': 0.0, 'test_f1_max': 1.0, 'test_f1_bottom10%': 0.0, 'test_f1_top10%': 1.0, 'test_f1_cos1': 0.71197, 'test_f1_entropy': 1.799419}}}[0m
[38;5;39m2023-02-25 00:06:10,338 (server:540) INFO: {'Role': 'Client #1', 'Round': 10, 'Results_raw': {'test_loss': 7.825604, 'test_avg_loss': 0.170122, 'test_acc': 0.934783, 'test_total': 46, 'test_f1': 0.547804, 'test_correct': 43.0}}[0m
[38;5;39m2023-02-25 00:06:10,338 (server:540) INFO: {'Role': 'Client #7', 'Round': 10, 'Results_raw': {'test_loss': 5.008841, 'test_avg_loss': 0.834807, 'test_acc': 0.833333, 'test_total': 6, 'test_f1': 0.454545, 'test_correct': 5.0}}[0m
[38;5;39m2023-02-25 00:06:10,338 (server:540) INFO: {'Role': 'Client #8', 'Round': 10, 'Results_raw': {'test_loss': 28.324986, 'test_avg_loss': 0.809285, 'test_acc': 0.771429, 'test_total': 35, 'test_f1': 0.755245, 'test_correct': 27.0}}[0m
[38;5;39m2023-02-25 00:06:10,338 (server:540) INFO: {'Role': 'Client #4', 'Round': 10, 'Results_raw': {'test_loss': 1.051284, 'test_avg_loss': 0.042051, 'test_acc': 1.0, 'test_total': 25, 'test_f1': 1.0, 'test_correct': 25.0}}[0m
[38;5;39m2023-02-25 00:06:10,339 (server:540) INFO: {'Role': 'Client #2', 'Round': 10, 'Results_raw': {'test_loss': 12.634023, 'test_avg_loss': 0.407549, 'test_acc': 0.806452, 'test_total': 31, 'test_f1': 0.314465, 'test_correct': 25.0}}[0m
[38;5;39m2023-02-25 00:06:10,339 (server:540) INFO: {'Role': 'Client #6', 'Round': 10, 'Results_raw': {'test_loss': 33.682852, 'test_avg_loss': 1.052589, 'test_acc': 0.59375, 'test_total': 32, 'test_f1': 0.434014, 'test_correct': 19.0}}[0m
[38;5;39m2023-02-25 00:06:10,339 (server:540) INFO: {'Role': 'Client #5', 'Round': 10, 'Results_raw': {'test_loss': 1.63367, 'test_avg_loss': 1.63367, 'test_acc': 0.0, 'test_total': 1, 'test_f1': 0.0, 'test_correct': 0.0}}[0m
[38;5;39m2023-02-25 00:06:10,339 (server:540) INFO: {'Role': 'Client #9', 'Round': 10, 'Results_raw': {'test_loss': 12.815038, 'test_avg_loss': 0.711947, 'test_acc': 0.611111, 'test_total': 18, 'test_f1': 0.271605, 'test_correct': 11.0}}[0m
[38;5;39m2023-02-25 00:06:10,340 (server:540) INFO: {'Role': 'Client #3', 'Round': 10, 'Results_raw': {'test_loss': 10.032502, 'test_avg_loss': 2.0065, 'test_acc': 0.0, 'test_total': 5, 'test_f1': 0.0, 'test_correct': 0.0}}[0m
[38;5;39m2023-02-25 00:06:10,340 (server:540) INFO: {'Role': 'Client #10', 'Round': 10, 'Results_raw': {'test_loss': 15.693181, 'test_avg_loss': 0.747294, 'test_acc': 0.666667, 'test_total': 21, 'test_f1': 0.43739, 'test_correct': 14.0}}[0m
[38;5;39m2023-02-25 00:06:10,340 (monitor:172) INFO: In worker #0, the system-related metrics are: {'id': 0, 'fl_end_time_minutes': 2.368502, 'total_model_size': 0, 'total_flops': 0, 'total_upload_bytes': 1741600, 'total_download_bytes': 519400, 'global_convergence_round': 0, 'local_convergence_round': 0, 'global_convergence_time_minutes': 0, 'local_convergence_time_minutes': 0}[0m
[38;5;39m2023-02-25 00:06:10,341 (client:513) INFO: ================= client 1 received finish message =================[0m
[38;5;39m2023-02-25 00:06:10,349 (monitor:172) INFO: In worker #1, the system-related metrics are: {'id': 1, 'fl_end_time_minutes': 2.36504, 'total_model_size': 13745790, 'total_flops': 37836158976.0, 'total_upload_bytes': 30624, 'total_download_bytes': 149280, 'global_convergence_round': 0, 'local_convergence_round': 0, 'global_convergence_time_minutes': 0, 'local_convergence_time_minutes': 0}[0m
[38;5;39m2023-02-25 00:06:10,350 (client:513) INFO: ================= client 3 received finish message =================[0m
[38;5;39m2023-02-25 00:06:10,377 (monitor:172) INFO: In worker #3, the system-related metrics are: {'id': 3, 'fl_end_time_minutes': 2.358789, 'total_model_size': 13745790, 'total_flops': 2410703843328.0, 'total_upload_bytes': 52032, 'total_download_bytes': 174160, 'global_convergence_round': 0, 'local_convergence_round': 0, 'global_convergence_time_minutes': 0, 'local_convergence_time_minutes': 0}[0m
[38;5;39m2023-02-25 00:06:10,377 (client:513) INFO: ================= client 7 received finish message =================[0m
[38;5;39m2023-02-25 00:06:10,383 (monitor:172) INFO: In worker #7, the system-related metrics are: {'id': 7, 'fl_end_time_minutes': 2.341591, 'total_model_size': 13745790, 'total_flops': 216206622720.0, 'total_upload_bytes': 62736, 'total_download_bytes': 186600, 'global_convergence_round': 0, 'local_convergence_round': 0, 'global_convergence_time_minutes': 0, 'local_convergence_time_minutes': 0}[0m
[38;5;39m2023-02-25 00:06:10,384 (client:513) INFO: ================= client 10 received finish message =================[0m
[38;5;39m2023-02-25 00:06:10,402 (monitor:172) INFO: In worker #10, the system-related metrics are: {'id': 10, 'fl_end_time_minutes': 2.324058, 'total_model_size': 13745790, 'total_flops': 2399893512192.0, 'total_upload_bytes': 73440, 'total_download_bytes': 199040, 'global_convergence_round': 0, 'local_convergence_round': 0, 'global_convergence_time_minutes': 0, 'local_convergence_time_minutes': 0}[0m
[38;5;39m2023-02-25 00:06:10,402 (client:513) INFO: ================= client 9 received finish message =================[0m
[38;5;39m2023-02-25 00:06:10,409 (monitor:172) INFO: In worker #9, the system-related metrics are: {'id': 9, 'fl_end_time_minutes': 2.331243, 'total_model_size': 13745790, 'total_flops': 81077483520.0, 'total_upload_bytes': 62736, 'total_download_bytes': 186600, 'global_convergence_round': 0, 'local_convergence_round': 0, 'global_convergence_time_minutes': 0, 'local_convergence_time_minutes': 0}[0m
[38;5;39m2023-02-25 00:06:10,409 (client:513) INFO: ================= client 6 received finish message =================[0m
[38;5;39m2023-02-25 00:06:10,415 (monitor:172) INFO: In worker #6, the system-related metrics are: {'id': 6, 'fl_end_time_minutes': 2.346169, 'total_model_size': 13745790, 'total_flops': 24323245056.0, 'total_upload_bytes': 19920, 'total_download_bytes': 136840, 'global_convergence_round': 0, 'local_convergence_round': 0, 'global_convergence_time_minutes': 0, 'local_convergence_time_minutes': 0}[0m
[38;5;39m2023-02-25 00:06:10,416 (client:513) INFO: ================= client 8 received finish message =================[0m
[38;5;39m2023-02-25 00:06:10,422 (monitor:172) INFO: In worker #8, the system-related metrics are: {'id': 8, 'fl_end_time_minutes': 2.336404, 'total_model_size': 13745790, 'total_flops': 2351247022080.0, 'total_upload_bytes': 62736, 'total_download_bytes': 186600, 'global_convergence_round': 0, 'local_convergence_round': 0, 'global_convergence_time_minutes': 0, 'local_convergence_time_minutes': 0}[0m
[38;5;39m2023-02-25 00:06:10,423 (client:513) INFO: ================= client 5 received finish message =================[0m
[38;5;39m2023-02-25 00:06:10,429 (monitor:172) INFO: In worker #5, the system-related metrics are: {'id': 5, 'fl_end_time_minutes': 2.352287, 'total_model_size': 13745790, 'total_flops': 2229630796800.0, 'total_upload_bytes': 62736, 'total_download_bytes': 186600, 'global_convergence_round': 0, 'local_convergence_round': 0, 'global_convergence_time_minutes': 0, 'local_convergence_time_minutes': 0}[0m
[38;5;39m2023-02-25 00:06:10,429 (client:513) INFO: ================= client 2 received finish message =================[0m
[38;5;39m2023-02-25 00:06:10,435 (monitor:172) INFO: In worker #2, the system-related metrics are: {'id': 2, 'fl_end_time_minutes': 2.36227, 'total_model_size': 13745790, 'total_flops': 418900331520.0, 'total_upload_bytes': 62736, 'total_download_bytes': 186600, 'global_convergence_round': 0, 'local_convergence_round': 0, 'global_convergence_time_minutes': 0, 'local_convergence_time_minutes': 0}[0m
[38;5;39m2023-02-25 00:06:10,436 (client:513) INFO: ================= client 4 received finish message =================[0m
[38;5;39m2023-02-25 00:06:10,442 (monitor:172) INFO: In worker #4, the system-related metrics are: {'id': 4, 'fl_end_time_minutes': 2.35452, 'total_model_size': 13745790, 'total_flops': 529706225664.0, 'total_upload_bytes': 30624, 'total_download_bytes': 149280, 'global_convergence_round': 0, 'local_convergence_round': 0, 'global_convergence_time_minutes': 0, 'local_convergence_time_minutes': 0}[0m
[38;5;39m2023-02-25 00:06:10,442 (monitor:337) INFO: We will compress the file eval_results.raw into a .gz file, and delete the old one[0m
[38;5;39m2023-02-25 00:06:10,445 (monitor:245) INFO: After merging the system metrics from all works, we got avg: defaultdict(None, {'id': 'sys_avg', 'sys_avg/fl_end_time_minutes': 2.34917, 'sys_avg/total_model_size': '11.92M', 'sys_avg/total_flops': '905.88G', 'sys_avg/total_upload_bytes': '200.81K', 'sys_avg/total_download_bytes': '200.73K', 'sys_avg/global_convergence_round': 0.0, 'sys_avg/local_convergence_round': 0.0, 'sys_avg/global_convergence_time_minutes': 0.0, 'sys_avg/local_convergence_time_minutes': 0.0})[0m
[38;5;39m2023-02-25 00:06:10,446 (monitor:248) INFO: After merging the system metrics from all works, we got std: defaultdict(None, {'id': 'sys_std', 'sys_std/fl_end_time_minutes': 0.013848, 'sys_std/total_model_size': '3.77M', 'sys_std/total_flops': '979.79G', 'sys_std/total_upload_bytes': '474.6K', 'sys_std/total_download_bytes': '98.71K', 'sys_std/global_convergence_round': 0.0, 'sys_std/local_convergence_round': 0.0, 'sys_std/global_convergence_time_minutes': 0.0, 'sys_std/local_convergence_time_minutes': 0.0})[0m
None
220
<generator object BaseDataTranslator.split_to_client.<locals>.<genexpr> at 0x7f9aefa74270>
