 is at 192.168.0.1[0m
[38;5;39m2023-02-25 00:33:06,460 (logging:126) INFO: the current dir is /home/ubuntu/medscale[0m
[38;5;39m2023-02-25 00:33:06,460 (logging:127) INFO: the output dir is exp/FedAvg_convnet5_on_lung224_lr0.01_lstep2/sub_exp_20230225003306[0m
[33;20m2023-02-25 00:33:33,166 (cfg_data:145) WARNING: config `cfg.data.batch_size` will be removed in the future, use `cfg.dataloader.batch_size` instead.[0m
[33;20m2023-02-25 00:33:33,166 (cfg_data:145) WARNING: config `cfg.data.batch_size` will be removed in the future, use `cfg.dataloader.batch_size` instead.[0m
[38;5;39m2023-02-25 00:33:33,237 (config:243) INFO: the used configs are: 
aggregator:
  inside_weight: 1.0
  num_agg_groups: 1
  num_agg_topk: []
  outside_weight: 0.0
asyn:
  use: False
attack:
  alpha_TV: 0.001
  alpha_prop_loss: 0
  attack_method: 
  attacker_id: -1
  classifier_PIA: randomforest
  edge_num: 100
  edge_path: edge_data/
  freq: 10
  info_diff_type: l2
  inject_round: 0
  insert_round: 100000
  label_type: dirty
  max_ite: 400
  mean: [0.1307]
  mia_is_simulate_in: False
  mia_simulate_in_round: 20
  pgd_eps: 2
  pgd_lr: 0.1
  pgd_poisoning: False
  poison_ratio: 0.5
  reconstruct_lr: 0.01
  reconstruct_optim: Adam
  scale_para: 1.0
  scale_poisoning: False
  self_epoch: 6
  self_lr: 0.05
  self_opt: False
  setting: fix
  std: [0.3081]
  target_label_ind: -1
  trigger_path: trigger/
  trigger_type: edge
backend: torch
cfg_file: 
check_completeness: False
criterion:
  type: CrossEntropyLoss
data:
  args: []
  batch_size: 16
  cSBM_phi: [0.5, 0.5, 0.5]
  cache_dir: 
  consistent_label_distribution: False
  drop_last: False
  hetero_data_name: []
  hetero_synth_batch_size: 32
  hetero_synth_feat_dim: 128
  hetero_synth_prim_weight: 0.5
  is_debug: False
  loader: 
  max_query_len: 128
  max_seq_len: 384
  max_tgt_len: 128
  num_contrast: 0
  num_of_client_for_data: []
  num_steps: 30
  num_workers: 0
  pre_transform: []
  quadratic:
    dim: 1
    max_curv: 12.5
    min_curv: 0.02
  root: data/
  save_data: False
  server_holds_all: False
  shuffle: True
  sizes: [10, 5]
  splits: [0.8, 0, 0.2]
  splitter: lda
  splitter_args: [{'alpha': 0.3}]
  subsample: 1.0
  target_transform: []
  test_pre_transform: []
  test_target_transform: []
  test_transform: []
  transform: []
  trunc_stride: 128
  type: lung224
  val_pre_transform: []
  val_target_transform: []
  val_transform: []
  walk_length: 2
dataloader:
  batch_size: 16
  drop_last: False
  num_steps: 30
  num_workers: 0
  pin_memory: False
  shuffle: True
  sizes: [10, 5]
  theta: -1
  type: base
  walk_length: 2
device: 0
distribute:
  use: False
early_stop:
  delta: 0.0
  improve_indicator_mode: best
  patience: 5
eval:
  best_res_update_round_wise_key: test_loss
  count_flops: True
  freq: 1
  metrics: ['acc', 'correct', 'f1']
  monitoring: []
  report: ['weighted_avg', 'avg', 'fairness', 'raw']
  split: ['test', 'val']
expname: FedAvg_convnet5_on_lung224_lr0.01_lstep2
expname_tag: 
feat_engr:
  num_bins: 5
  scenario: hfl
  secure:
    dp:
      
    encrypt:
      type: dummy
    key_size: 3072
    type: encrypt
  selec_threshold: 0.05
  selec_woe_binning: quantile
  type: 
federate:
  atc_load_from: 
  atc_vanilla: False
  client_num: 10
  data_weighted_aggr: False
  ignore_weight: False
  join_in_info: []
  make_global_eval: False
  merge_test_data: False
  method: FedAvg
  mode: standalone
  online_aggr: False
  resource_info_file: 
  restore_from: 
  sample_client_num: 6
  sample_client_rate: -1.0
  sampler: uniform
  save_to: 
  share_local_model: False
  total_round_num: 10
  unseen_clients_rate: 0.0
  use_diff: False
  use_ss: False
fedopt:
  use: False
fedprox:
  use: False
fedsageplus:
  a: 1.0
  b: 1.0
  c: 1.0
  fedgen_epoch: 200
  gen_hidden: 128
  hide_portion: 0.5
  loc_epoch: 1
  num_pred: 5
finetune:
  batch_or_epoch: epoch
  before_eval: False
  freeze_param: 
  local_update_steps: 1
  optimizer:
    lr: 0.1
    type: SGD
  scheduler:
    type: 
    warmup_ratio: 0.0
flitplus:
  factor_ema: 0.8
  lambdavat: 0.5
  tmpFed: 0.5
  weightReg: 1.0
gcflplus:
  EPS_1: 0.05
  EPS_2: 0.1
  seq_length: 5
  standardize: False
grad:
  grad_accum_count: 1
  grad_clip: 5.0
hpo:
  fedex:
    cutoff: 0.0
    diff: False
    eta0: -1.0
    flatten_ss: True
    gamma: 0.0
    pi_lr: 0.01
    psn: False
    sched: auto
    ss: 
    use: False
  init_cand_num: 16
  larger_better: False
  metric: client_summarized_weighted_avg.val_loss
  num_workers: 0
  pbt:
    max_stage: 5
    perf_threshold: 0.1
  scheduler: rs
  sha:
    budgets: []
    elim_rate: 3
    iter: 0
  ss: 
  table:
    eps: 0.1
    idx: 0
    num: 27
  working_folder: hpo
model:
  contrast_temp: 1.0
  contrast_topk: 100
  downstream_tasks: []
  dropout: 0.0
  embed_size: 8
  gamma: 0
  graph_pooling: mean
  hidden: 2048
  in_channels: 0
  input_shape: ()
  label_smoothing: 0.1
  lambda_: 0.1
  layer: 2
  length_penalty: 2.0
  max_answer_len: 30
  max_length: 200
  max_tree_depth: 3
  min_length: 1
  model_num_per_trainer: 1
  model_type: google/bert_uncased_L-2_H-128_A-2
  n_best_size: 20
  no_repeat_ngram_size: 3
  null_score_diff_threshold: 0.0
  num_beams: 5
  num_item: 0
  num_labels: 1
  num_of_trees: 10
  num_user: 0
  out_channels: 62
  pretrain_tasks: []
  stage: 
  task: node
  type: convnet5
  use_bias: True
  use_contrastive_loss: False
nbafl:
  use: False
outdir: exp/FedAvg_convnet5_on_lung224_lr0.01_lstep2/sub_exp_20230225003306
personalization:
  K: 5
  beta: 1.0
  local_param: []
  local_update_steps: 2
  lr: 0.01
  regular_weight: 0.1
  share_non_trainable_para: False
print_decimal_digits: 6
regularizer:
  mu: 0.0
  type: 
seed: 2
sgdmf:
  use: False
train:
  batch_or_epoch: epoch
  local_update_steps: 2
  optimizer:
    lr: 0.01
    type: SGD
    weight_decay: 0.0
  scheduler:
    type: 
    warmup_ratio: 0.0
trainer:
  disp_freq: 50
  local_entropy:
    alpha: 0.75
    eps: 0.001
    gamma: 0.0001
  sam:
    adaptive: False
    eta: 0.0
    rho: 1.0
  type: cvtrainer
  val_freq: 100000000
use_gpu: True
verbose: 1
vertical:
  use: False
wandb:
  use: False[0m
[38;5;39m2023-02-25 00:33:33,512 (utils:144) INFO: The device information file is not provided[0m
[38;5;39m2023-02-25 00:33:33,976 (fed_runner:169) INFO: Server has been set up ... [0m
[38;5;39m2023-02-25 00:33:34,224 (fed_runner:221) INFO: Client 1 has been set up ... [0m
[38;5;39m2023-02-25 00:33:34,451 (fed_runner:221) INFO: Client 2 has been set up ... [0m
[38;5;39m2023-02-25 00:33:34,582 (fed_runner:221) INFO: Client 3 has been set up ... [0m
[38;5;39m2023-02-25 00:33:34,797 (fed_runner:221) INFO: Client 4 has been set up ... [0m
[38;5;39m2023-02-25 00:33:34,922 (fed_runner:221) INFO: Client 5 has been set up ... [0m
[38;5;39m2023-02-25 00:33:35,190 (fed_runner:221) INFO: Client 6 has been set up ... [0m
[38;5;39m2023-02-25 00:33:35,409 (fed_runner:221) INFO: Client 7 has been set up ... [0m
[38;5;39m2023-02-25 00:33:35,672 (fed_runner:221) INFO: Client 8 has been set up ... [0m
[38;5;39m2023-02-25 00:33:35,988 (fed_runner:221) INFO: Client 9 has been set up ... [0m
[38;5;39m2023-02-25 00:33:36,273 (fed_runner:221) INFO: Client 10 has been set up ... [0m
<<<<<<< HEAD
[38;5;39m2023-02-25 00:33:36,273 (trainer:341) INFO: Model meta-info: <class 'medscale.cv.model.cnn.ConvNet5'>.[0m
=======
<<<<<<< HEAD
[38;5;39m2023-02-25 00:33:36,273 (trainer:341) INFO: Model meta-info: <class 'medscale.cv.model.cnn.ConvNet5'>.[0m
=======
[38;5;39m2023-02-25 00:33:36,273 (trainer:341) INFO: Model meta-info: <class 'medscale.cv.model.cnn.ConvNet5'>.[0m
>>>>>>> fe4962455354c9c11afd9c9806ceda28eb280737
>>>>>>> 64b283ee525ef53c32509882719e74890329b83f
[38;5;39m2023-02-25 00:33:36,274 (trainer:349) INFO: Num of original para names: 39.[0m
[38;5;39m2023-02-25 00:33:36,274 (trainer:350) INFO: Num of original trainable para names: 24.[0m
[38;5;39m2023-02-25 00:33:36,274 (trainer:352) INFO: Num of preserved para names in local update: 39. 
Preserved para names in local update: {'bn5.running_var', 'bn3.running_var', 'bn1.bias', 'bn3.weight', 'bn2.running_var', 'fc2.weight', 'fc2.bias', 'conv4.weight', 'bn1.running_mean', 'conv4.bias', 'bn3.bias', 'bn5.num_batches_tracked', 'bn1.running_var', 'conv3.bias', 'bn2.weight', 'bn4.num_batches_tracked', 'conv1.weight', 'bn4.running_var', 'fc1.weight', 'bn5.running_mean', 'conv5.weight', 'bn3.running_mean', 'conv3.weight', 'bn1.weight', 'bn4.running_mean', 'bn5.weight', 'conv2.bias', 'conv5.bias', 'bn2.num_batches_tracked', 'bn2.bias', 'bn3.num_batches_tracked', 'bn1.num_batches_tracked', 'conv2.weight', 'bn4.weight', 'conv1.bias', 'bn2.running_mean', 'bn5.bias', 'fc1.bias', 'bn4.bias'}.[0m
[38;5;39m2023-02-25 00:33:36,274 (trainer:356) INFO: Num of filtered para names in local update: 0. 
Filtered para names in local update: set().[0m
[38;5;39m2023-02-25 00:33:36,274 (trainer:361) INFO: After register default hooks,
	the hooks_in_train is:
	{
	  "on_fit_start": [
	    "_hook_on_fit_start_init",
	    "_hook_on_fit_start_calculate_model_size"
	  ],
	  "on_epoch_start": [
	    "_hook_on_epoch_start"
	  ],
	  "on_batch_start": [
	    "_hook_on_batch_start_init"
	  ],
	  "on_batch_forward": [
	    "_hook_on_batch_forward",
	    "_hook_on_batch_forward_regularizer",
	    "_hook_on_batch_forward_flop_count"
	  ],
	  "on_batch_backward": [
	    "_hook_on_batch_backward"
	  ],
	  "on_batch_end": [
	    "_hook_on_batch_end"
	  ],
	  "on_fit_end": [
	    "_hook_on_fit_end"
	  ]
	};
	the hooks_in_eval is:
            t{
	  "on_fit_start": [
	    "_hook_on_fit_start_init"
	  ],
	  "on_epoch_start": [
	    "_hook_on_epoch_start"
	  ],
	  "on_batch_start": [
	    "_hook_on_batch_start_init"
	  ],
	  "on_batch_forward": [
	    "_hook_on_batch_forward"
	  ],
	  "on_batch_end": [
	    "_hook_on_batch_end"
	  ],
	  "on_fit_end": [
	    "_hook_on_fit_end"
	  ]
	}[0m
[38;5;39m2023-02-25 00:33:36,345 (server:804) INFO: ----------- Starting training (Round #0) -------------[0m
Unsupported operator aten::max_pool2d encountered 5 time(s)
[38;5;39m2023-02-25 00:33:40,659 (client:306) INFO: {'Role': 'Client #9', 'Round': 0, 'Results_raw': {'train_acc': 0.5, 'train_avg_loss': 3.355497, 'train_total': 12, 'train_f1': 0.222222, 'train_loss': 40.26597, 'train_correct': 6.0}}[0m
Unsupported operator aten::max_pool2d encountered 5 time(s)
[38;5;39m2023-02-25 00:33:46,000 (client:306) INFO: {'Role': 'Client #3', 'Round': 0, 'Results_raw': {'train_acc': 0.919283, 'train_avg_loss': 0.542224, 'train_total': 446, 'train_f1': 0.240047, 'train_loss': 241.831827, 'train_correct': 410.0}}[0m
Unsupported operator aten::max_pool2d encountered 5 time(s)
[38;5;39m2023-02-25 00:33:49,757 (client:306) INFO: {'Role': 'Client #10', 'Round': 0, 'Results_raw': {'train_acc': 0.685811, 'train_avg_loss': 1.167699, 'train_total': 296, 'train_f1': 0.25158, 'train_loss': 345.639046, 'train_correct': 203.0}}[0m
Unsupported operator aten::max_pool2d encountered 5 time(s)
[38;5;39m2023-02-25 00:33:54,005 (client:306) INFO: {'Role': 'Client #8', 'Round': 0, 'Results_raw': {'train_acc': 0.824713, 'train_avg_loss': 0.818228, 'train_total': 348, 'train_f1': 0.180403, 'train_loss': 284.74321, 'train_correct': 287.0}}[0m
Unsupported operator aten::max_pool2d encountered 5 time(s)
[38;5;39m2023-02-25 00:33:54,279 (client:306) INFO: {'Role': 'Client #1', 'Round': 0, 'Results_raw': {'train_acc': 0.5, 'train_avg_loss': 3.350677, 'train_total': 14, 'train_f1': 0.222222, 'train_loss': 46.909485, 'train_correct': 7.0}}[0m
Unsupported operator aten::max_pool2d encountered 5 time(s)
[38;5;39m2023-02-25 00:33:55,234 (client:306) INFO: {'Role': 'Client #2', 'Round': 0, 'Results_raw': {'train_acc': 0.645161, 'train_avg_loss': 2.394757, 'train_total': 62, 'train_f1': 0.133333, 'train_loss': 148.474936, 'train_correct': 40.0}}[0m
[38;5;39m2023-02-25 00:33:55,239 (monitor:541) INFO: {'Role': 'Server #', 'Round': 0, 'Results_model_metric': {}}[0m
[38;5;39m2023-02-25 00:33:55,367 (server:330) INFO: Server: Starting evaluation at the end of round 0.[0m
[38;5;39m2023-02-25 00:33:55,368 (server:336) INFO: ----------- Starting a new training round (Round #1) -------------[0m
[33;20m2023-02-25 00:33:55,841 (context:294) WARNING: No val_data or val_loader in the trainer, will skip evaluation.If this is not the case you want, please check whether there is typo for the name[0m
[33;20m2023-02-25 00:33:55,955 (context:294) WARNING: No val_data or val_loader in the trainer, will skip evaluation.If this is not the case you want, please check whether there is typo for the name[0m
[33;20m2023-02-25 00:33:56,107 (context:294) WARNING: No val_data or val_loader in the trainer, will skip evaluation.If this is not the case you want, please check whether there is typo for the name[0m
[33;20m2023-02-25 00:33:56,382 (context:294) WARNING: No val_data or val_loader in the trainer, will skip evaluation.If this is not the case you want, please check whether there is typo for the name[0m
[33;20m2023-02-25 00:33:56,629 (context:294) WARNING: No val_data or val_loader in the trainer, will skip evaluation.If this is not the case you want, please check whether there is typo for the name[0m
[33;20m2023-02-25 00:33:57,042 (context:294) WARNING: No val_data or val_loader in the trainer, will skip evaluation.If this is not the case you want, please check whether there is typo for the name[0m
[33;20m2023-02-25 00:33:57,451 (context:294) WARNING: No val_data or val_loader in the trainer, will skip evaluation.If this is not the case you want, please check whether there is typo for the name[0m
[33;20m2023-02-25 00:33:57,495 (context:294) WARNING: No val_data or val_loader in the trainer, will skip evaluation.If this is not the case you want, please check whether there is typo for the name[0m
[33;20m2023-02-25 00:33:57,958 (context:294) WARNING: No val_data or val_loader in the trainer, will skip evaluation.If this is not the case you want, please check whether there is typo for the name[0m
[33;20m2023-02-25 00:33:58,277 (context:294) WARNING: No val_data or val_loader in the trainer, will skip evaluation.If this is not the case you want, please check whether there is typo for the name[0m
[38;5;39m2023-02-25 00:33:58,586 (client:306) INFO: {'Role': 'Client #1', 'Round': 1, 'Results_raw': {'train_acc': 0.0, 'train_avg_loss': 6.749314, 'train_total': 14, 'train_f1': 0.0, 'train_loss': 94.490394, 'train_correct': 0.0}}[0m
[38;5;39m2023-02-25 00:33:59,401 (client:306) INFO: {'Role': 'Client #2', 'Round': 1, 'Results_raw': {'train_acc': 0.677419, 'train_avg_loss': 0.951866, 'train_total': 62, 'train_f1': 0.354998, 'train_loss': 59.015717, 'train_correct': 42.0}}[0m
[38;5;39m2023-02-25 00:34:03,021 (client:306) INFO: {'Role': 'Client #10', 'Round': 1, 'Results_raw': {'train_acc': 0.685811, 'train_avg_loss': 0.622279, 'train_total': 296, 'train_f1': 0.411457, 'train_loss': 184.194554, 'train_correct': 203.0}}[0m
WARNING:fvcore.nn.jit_analysis:Unsupported operator aten::max_pool2d encountered 5 time(s)
[38;5;39m2023-02-25 00:34:06,822 (client:306) INFO: {'Role': 'Client #5', 'Round': 1, 'Results_raw': {'train_acc': 0.636364, 'train_avg_loss': 0.954617, 'train_total': 330, 'train_f1': 0.41473, 'train_loss': 315.023763, 'train_correct': 210.0}}[0m
WARNING:fvcore.nn.jit_analysis:Unsupported operator aten::max_pool2d encountered 5 time(s)
[38;5;39m2023-02-25 00:34:07,422 (client:306) INFO: {'Role': 'Client #7', 'Round': 1, 'Results_raw': {'train_acc': 0.0625, 'train_avg_loss': 5.326781, 'train_total': 32, 'train_f1': 0.063492, 'train_loss': 170.456985, 'train_correct': 2.0}}[0m
[38;5;39m2023-02-25 00:34:12,131 (client:306) INFO: {'Role': 'Client #8', 'Round': 1, 'Results_raw': {'train_acc': 0.827586, 'train_avg_loss': 0.388945, 'train_total': 348, 'train_f1': 0.624244, 'train_loss': 135.353012, 'train_correct': 288.0}}[0m
[38;5;39m2023-02-25 00:34:12,134 (server:590) INFO: {'Role': 'Server #', 'Round': 0, 'Results_weighted_avg': {'test_acc': 0.554545, 'test_avg_loss': 2.212481, 'test_total': 22.0, 'test_f1': 0.333633, 'test_loss': 65.541755, 'test_correct': 12.2}, 'Results_avg': {'test_acc': 0.464281, 'test_avg_loss': 2.588975, 'test_total': 22.0, 'test_f1': 0.293998, 'test_loss': 48.674585, 'test_correct': 12.2}, 'Results_fairness': {'test_total': 22.0, 'test_correct': 12.2, 'test_acc_std': 0.387263, 'test_acc_bottom_decile': 0.0, 'test_acc_top_decile': 1.0, 'test_acc_min': 0.0, 'test_acc_max': 1.0, 'test_acc_bottom10%': 0.0, 'test_acc_top10%': 1.0, 'test_acc_cos1': 0.767926, 'test_acc_entropy': 1.854699, 'test_avg_loss_std': 0.916977, 'test_avg_loss_bottom_decile': 1.788341, 'test_avg_loss_top_decile': 4.331223, 'test_avg_loss_min': 1.638058, 'test_avg_loss_max': 4.331223, 'test_avg_loss_bottom10%': 1.638058, 'test_avg_loss_top10%': 4.331223, 'test_avg_loss_cos1': 0.942622, 'test_avg_loss_entropy': 2.245196, 'test_f1_std': 0.289968, 'test_f1_bottom_decile': 0.0, 'test_f1_top_decile': 1.0, 'test_f1_min': 0.0, 'test_f1_max': 1.0, 'test_f1_bottom10%': 0.0, 'test_f1_top10%': 1.0, 'test_f1_cos1': 0.71197, 'test_f1_entropy': 1.799419, 'test_loss_std': 27.783703, 'test_loss_bottom_decile': 10.730047, 'test_loss_top_decile': 84.435307, 'test_loss_min': 4.304741, 'test_loss_max': 84.435307, 'test_loss_bottom10%': 4.304741, 'test_loss_top10%': 84.435307, 'test_loss_cos1': 0.868476, 'test_loss_entropy': 2.105295}}[0m
[38;5;39m2023-02-25 00:34:12,138 (monitor:541) INFO: {'Role': 'Server #', 'Round': 1, 'Results_model_metric': {}}[0m
[38;5;39m2023-02-25 00:34:12,396 (server:330) INFO: Server: Starting evaluation at the end of round 1.[0m
[38;5;39m2023-02-25 00:34:12,397 (server:336) INFO: ----------- Starting a new training round (Round #2) -------------[0m
[33;20m2023-02-25 00:34:13,119 (context:294) WARNING: No val_data or val_loader in the trainer, will skip evaluation.If this is not the case you want, please check whether there is typo for the name[0m
[33;20m2023-02-25 00:34:13,224 (context:294) WARNING: No val_data or val_loader in the trainer, will skip evaluation.If this is not the case you want, please check whether there is typo for the name[0m
[33;20m2023-02-25 00:34:13,407 (context:294) WARNING: No val_data or val_loader in the trainer, will skip evaluation.If this is not the case you want, please check whether there is typo for the name[0m
[33;20m2023-02-25 00:34:13,725 (context:294) WARNING: No val_data or val_loader in the trainer, will skip evaluation.If this is not the case you want, please check whether there is typo for the name[0m
[33;20m2023-02-25 00:34:13,954 (context:294) WARNING: No val_data or val_loader in the trainer, will skip evaluation.If this is not the case you want, please check whether there is typo for the name[0m
[33;20m2023-02-25 00:34:14,330 (context:294) WARNING: No val_data or val_loader in the trainer, will skip evaluation.If this is not the case you want, please check whether there is typo for the name[0m
[33;20m2023-02-25 00:34:14,748 (context:294) WARNING: No val_data or val_loader in the trainer, will skip evaluation.If this is not the case you want, please check whether there is typo for the name[0m
[33;20m2023-02-25 00:34:14,817 (context:294) WARNING: No val_data or val_loader in the trainer, will skip evaluation.If this is not the case you want, please check whether there is typo for the name[0m
[33;20m2023-02-25 00:34:15,205 (context:294) WARNING: No val_data or val_loader in the trainer, will skip evaluation.If this is not the case you want, please check whether there is typo for the name[0m
[33;20m2023-02-25 00:34:15,533 (context:294) WARNING: No val_data or val_loader in the trainer, will skip evaluation.If this is not the case you want, please check whether there is typo for the name[0m
[38;5;39m2023-02-25 00:34:15,998 (client:306) INFO: {'Role': 'Client #7', 'Round': 2, 'Results_raw': {'train_acc': 0.125, 'train_avg_loss': 2.664517, 'train_total': 32, 'train_f1': 0.111111, 'train_loss': 85.264559, 'train_correct': 4.0}}[0m
[38;5;39m2023-02-25 00:34:16,787 (client:306) INFO: {'Role': 'Client #2', 'Round': 2, 'Results_raw': {'train_acc': 0.758065, 'train_avg_loss': 0.71577, 'train_total': 62, 'train_f1': 0.395692, 'train_loss': 44.377711, 'train_correct': 47.0}}[0m
[38;5;39m2023-02-25 00:34:21,305 (client:306) INFO: {'Role': 'Client #8', 'Round': 2, 'Results_raw': {'train_acc': 0.859195, 'train_avg_loss': 0.355325, 'train_total': 348, 'train_f1': 0.690273, 'train_loss': 123.653268, 'train_correct': 299.0}}[0m
[38;5;39m2023-02-25 00:34:25,043 (client:306) INFO: {'Role': 'Client #5', 'Round': 2, 'Results_raw': {'train_acc': 0.669697, 'train_avg_loss': 0.765591, 'train_total': 330, 'train_f1': 0.440046, 'train_loss': 252.645158, 'train_correct': 221.0}}[0m
WARNING:fvcore.nn.jit_analysis:Unsupported operator aten::max_pool2d encountered 5 time(s)
[38;5;39m2023-02-25 00:34:25,444 (client:306) INFO: {'Role': 'Client #6', 'Round': 2, 'Results_raw': {'train_acc': 0.777778, 'train_avg_loss': 0.876875, 'train_total': 18, 'train_f1': 0.4375, 'train_loss': 15.783752, 'train_correct': 14.0}}[0m
[38;5;39m2023-02-25 00:34:25,699 (client:306) INFO: {'Role': 'Client #1', 'Round': 2, 'Results_raw': {'train_acc': 0.0, 'train_avg_loss': 3.339966, 'train_total': 14, 'train_f1': 0.0, 'train_loss': 46.75953, 'train_correct': 0.0}}[0m
[38;5;39m2023-02-25 00:34:25,703 (server:590) INFO: {'Role': 'Server #', 'Round': 1, 'Results_weighted_avg': {'test_acc': 0.586364, 'test_avg_loss': 1.030445, 'test_total': 22.0, 'test_f1': 0.368542, 'test_loss': 27.817214, 'test_correct': 12.9}, 'Results_avg': {'test_acc': 0.488894, 'test_avg_loss': 1.564601, 'test_total': 22.0, 'test_f1': 0.319942, 'test_loss': 22.669791, 'test_correct': 12.9}, 'Results_fairness': {'test_total': 22.0, 'test_correct': 12.9, 'test_acc_std': 0.36848, 'test_acc_bottom_decile': 0.0, 'test_acc_top_decile': 1.0, 'test_acc_min': 0.0, 'test_acc_max': 1.0, 'test_acc_bottom10%': 0.0, 'test_acc_top10%': 1.0, 'test_acc_cos1': 0.798579, 'test_acc_entropy': 1.932871, 'test_avg_loss_std': 1.240299, 'test_avg_loss_bottom_decile': 0.515288, 'test_avg_loss_top_decile': 4.040157, 'test_avg_loss_min': 0.27952, 'test_avg_loss_max': 4.040157, 'test_avg_loss_bottom10%': 0.27952, 'test_avg_loss_top10%': 4.040157, 'test_avg_loss_cos1': 0.783642, 'test_avg_loss_entropy': 2.02309, 'test_f1_std': 0.276089, 'test_f1_bottom_decile': 0.0, 'test_f1_top_decile': 1.0, 'test_f1_min': 0.0, 'test_f1_max': 1.0, 'test_f1_bottom10%': 0.0, 'test_f1_top10%': 1.0, 'test_f1_cos1': 0.757085, 'test_f1_entropy': 1.90706, 'test_loss_std': 12.971828, 'test_loss_bottom_decile': 3.807259, 'test_loss_top_decile': 40.279757, 'test_loss_min': 3.783206, 'test_loss_max': 40.279757, 'test_loss_bottom10%': 3.783206, 'test_loss_top10%': 40.279757, 'test_loss_cos1': 0.867952, 'test_loss_entropy': 2.103938}}[0m
[38;5;39m2023-02-25 00:34:25,707 (monitor:541) INFO: {'Role': 'Server #', 'Round': 2, 'Results_model_metric': {}}[0m
[38;5;39m2023-02-25 00:34:25,834 (server:330) INFO: Server: Starting evaluation at the end of round 2.[0m
[38;5;39m2023-02-25 00:34:25,835 (server:336) INFO: ----------- Starting a new training round (Round #3) -------------[0m
[33;20m2023-02-25 00:34:26,363 (context:294) WARNING: No val_data or val_loader in the trainer, will skip evaluation.If this is not the case you want, please check whether there is typo for the name[0m
[33;20m2023-02-25 00:34:26,517 (context:294) WARNING: No val_data or val_loader in the trainer, will skip evaluation.If this is not the case you want, please check whether there is typo for the name[0m
[33;20m2023-02-25 00:34:26,674 (context:294) WARNING: No val_data or val_loader in the trainer, will skip evaluation.If this is not the case you want, please check whether there is typo for the name[0m
[33;20m2023-02-25 00:34:26,961 (context:294) WARNING: No val_data or val_loader in the trainer, will skip evaluation.If this is not the case you want, please check whether there is typo for the name[0m
[33;20m2023-02-25 00:34:27,235 (context:294) WARNING: No val_data or val_loader in the trainer, will skip evaluation.If this is not the case you want, please check whether there is typo for the name[0m
[33;20m2023-02-25 00:34:27,652 (context:294) WARNING: No val_data or val_loader in the trainer, will skip evaluation.If this is not the case you want, please check whether there is typo for the name[0m
[33;20m2023-02-25 00:34:28,242 (context:294) WARNING: No val_data or val_loader in the trainer, will skip evaluation.If this is not the case you want, please check whether there is typo for the name[0m
[33;20m2023-02-25 00:34:28,312 (context:294) WARNING: No val_data or val_loader in the trainer, will skip evaluation.If this is not the case you want, please check whether there is typo for the name[0m
[33;20m2023-02-25 00:34:28,717 (context:294) WARNING: No val_data or val_loader in the trainer, will skip evaluation.If this is not the case you want, please check whether there is typo for the name[0m
[33;20m2023-02-25 00:34:29,024 (context:294) WARNING: No val_data or val_loader in the trainer, will skip evaluation.If this is not the case you want, please check whether there is typo for the name[0m
[38;5;39m2023-02-25 00:34:29,500 (client:306) INFO: {'Role': 'Client #7', 'Round': 3, 'Results_raw': {'train_acc': 0.46875, 'train_avg_loss': 1.058128, 'train_total': 32, 'train_f1': 0.290909, 'train_loss': 33.860092, 'train_correct': 15.0}}[0m
[38;5;39m2023-02-25 00:34:35,269 (client:306) INFO: {'Role': 'Client #3', 'Round': 3, 'Results_raw': {'train_acc': 0.941704, 'train_avg_loss': 0.176671, 'train_total': 446, 'train_f1': 0.551585, 'train_loss': 78.795229, 'train_correct': 420.0}}[0m
[38;5;39m2023-02-25 00:34:35,487 (client:306) INFO: {'Role': 'Client #9', 'Round': 3, 'Results_raw': {'train_acc': 0.666667, 'train_avg_loss': 0.625361, 'train_total': 12, 'train_f1': 0.4, 'train_loss': 7.504329, 'train_correct': 8.0}}[0m
[38;5;39m2023-02-25 00:34:36,348 (client:306) INFO: {'Role': 'Client #2', 'Round': 3, 'Results_raw': {'train_acc': 0.854839, 'train_avg_loss': 0.48805, 'train_total': 62, 'train_f1': 0.465373, 'train_loss': 30.259073, 'train_correct': 53.0}}[0m
WARNING:fvcore.nn.jit_analysis:Unsupported operator aten::max_pool2d encountered 5 time(s)
[38;5;39m2023-02-25 00:34:39,181 (client:306) INFO: {'Role': 'Client #4', 'Round': 3, 'Results_raw': {'train_acc': 0.979592, 'train_avg_loss': 0.070006, 'train_total': 196, 'train_f1': 0.494845, 'train_loss': 13.721214, 'train_correct': 192.0}}[0m
[38;5;39m2023-02-25 00:34:43,255 (client:306) INFO: {'Role': 'Client #8', 'Round': 3, 'Results_raw': {'train_acc': 0.87931, 'train_avg_loss': 0.314105, 'train_total': 348, 'train_f1': 0.721388, 'train_loss': 109.308675, 'train_correct': 306.0}}[0m
[38;5;39m2023-02-25 00:34:43,258 (server:590) INFO: {'Role': 'Server #', 'Round': 2, 'Results_weighted_avg': {'test_acc': 0.736364, 'test_avg_loss': 0.730389, 'test_total': 22.0, 'test_f1': 0.454352, 'test_loss': 20.642811, 'test_correct': 16.2}, 'Results_avg': {'test_acc': 0.59215, 'test_avg_loss': 0.959074, 'test_total': 22.0, 'test_f1': 0.354243, 'test_loss': 16.068557, 'test_correct': 16.2}, 'Results_fairness': {'test_total': 22.0, 'test_correct': 16.2, 'test_acc_std': 0.317599, 'test_acc_bottom_decile': 0.0, 'test_acc_top_decile': 0.934783, 'test_acc_min': 0.0, 'test_acc_max': 0.934783, 'test_acc_bottom10%': 0.0, 'test_acc_top10%': 0.934783, 'test_acc_cos1': 0.881247, 'test_acc_entropy': 2.064217, 'test_avg_loss_std': 0.498493, 'test_avg_loss_bottom_decile': 0.489352, 'test_avg_loss_top_decile': 2.051525, 'test_avg_loss_min': 0.45186, 'test_avg_loss_max': 2.051525, 'test_avg_loss_bottom10%': 0.45186, 'test_avg_loss_top10%': 2.051525, 'test_avg_loss_cos1': 0.887302, 'test_avg_loss_entropy': 2.183169, 'test_f1_std': 0.207587, 'test_f1_bottom_decile': 0.0, 'test_f1_top_decile': 0.643848, 'test_f1_min': 0.0, 'test_f1_max': 0.643848, 'test_f1_bottom10%': 0.0, 'test_f1_top10%': 0.643848, 'test_f1_cos1': 0.862775, 'test_f1_entropy': 2.041044, 'test_loss_std': 8.315386, 'test_loss_bottom_decile': 4.270036, 'test_loss_top_decile': 27.011669, 'test_loss_min': 1.740629, 'test_loss_max': 27.011669, 'test_loss_bottom10%': 1.740629, 'test_loss_top10%': 27.011669, 'test_loss_cos1': 0.888126, 'test_loss_entropy': 2.138708}}[0m
[38;5;39m2023-02-25 00:34:43,262 (monitor:541) INFO: {'Role': 'Server #', 'Round': 3, 'Results_model_metric': {}}[0m
[38;5;39m2023-02-25 00:34:43,452 (server:330) INFO: Server: Starting evaluation at the end of round 3.[0m
[38;5;39m2023-02-25 00:34:43,453 (server:336) INFO: ----------- Starting a new training round (Round #4) -------------[0m
[33;20m2023-02-25 00:34:44,033 (context:294) WARNING: No val_data or val_loader in the trainer, will skip evaluation.If this is not the case you want, please check whether there is typo for the name[0m
[33;20m2023-02-25 00:34:44,161 (context:294) WARNING: No val_data or val_loader in the trainer, will skip evaluation.If this is not the case you want, please check whether there is typo for the name[0m
[33;20m2023-02-25 00:34:44,277 (context:294) WARNING: No val_data or val_loader in the trainer, will skip evaluation.If this is not the case you want, please check whether there is typo for the name[0m
[33;20m2023-02-25 00:34:44,524 (context:294) WARNING: No val_data or val_loader in the trainer, will skip evaluation.If this is not the case you want, please check whether there is typo for the name[0m
[33;20m2023-02-25 00:34:44,813 (context:294) WARNING: No val_data or val_loader in the trainer, will skip evaluation.If this is not the case you want, please check whether there is typo for the name[0m
[33;20m2023-02-25 00:34:45,184 (context:294) WARNING: No val_data or val_loader in the trainer, will skip evaluation.If this is not the case you want, please check whether there is typo for the name[0m
[33;20m2023-02-25 00:34:45,607 (context:294) WARNING: No val_data or val_loader in the trainer, will skip evaluation.If this is not the case you want, please check whether there is typo for the name[0m
[33;20m2023-02-25 00:34:45,768 (context:294) WARNING: No val_data or val_loader in the trainer, will skip evaluation.If this is not the case you want, please check whether there is typo for the name[0m
[33;20m2023-02-25 00:34:46,220 (context:294) WARNING: No val_data or val_loader in the trainer, will skip evaluation.If this is not the case you want, please check whether there is typo for the name[0m
[33;20m2023-02-25 00:34:46,549 (context:294) WARNING: No val_data or val_loader in the trainer, will skip evaluation.If this is not the case you want, please check whether there is typo for the name[0m
[38;5;39m2023-02-25 00:34:52,000 (client:306) INFO: {'Role': 'Client #3', 'Round': 4, 'Results_raw': {'train_acc': 0.955157, 'train_avg_loss': 0.144037, 'train_total': 446, 'train_f1': 0.655066, 'train_loss': 64.240286, 'train_correct': 426.0}}[0m
[38;5;39m2023-02-25 00:34:52,501 (client:306) INFO: {'Role': 'Client #7', 'Round': 4, 'Results_raw': {'train_acc': 0.15625, 'train_avg_loss': 2.870617, 'train_total': 32, 'train_f1': 0.10101, 'train_loss': 91.859743, 'train_correct': 5.0}}[0m
[38;5;39m2023-02-25 00:34:52,761 (client:306) INFO: {'Role': 'Client #1', 'Round': 4, 'Results_raw': {'train_acc': 0.0, 'train_avg_loss': 3.847075, 'train_total': 14, 'train_f1': 0.0, 'train_loss': 53.859046, 'train_correct': 0.0}}[0m
[38;5;39m2023-02-25 00:34:56,387 (client:306) INFO: {'Role': 'Client #10', 'Round': 4, 'Results_raw': {'train_acc': 0.804054, 'train_avg_loss': 0.458028, 'train_total': 296, 'train_f1': 0.50911, 'train_loss': 135.576228, 'train_correct': 238.0}}[0m
[38;5;39m2023-02-25 00:34:59,348 (client:306) INFO: {'Role': 'Client #4', 'Round': 4, 'Results_raw': {'train_acc': 0.989796, 'train_avg_loss': 0.040172, 'train_total': 196, 'train_f1': 0.497436, 'train_loss': 7.873631, 'train_correct': 194.0}}[0m
[38;5;39m2023-02-25 00:34:59,636 (client:306) INFO: {'Role': 'Client #6', 'Round': 4, 'Results_raw': {'train_acc': 0.777778, 'train_avg_loss': 1.054578, 'train_total': 18, 'train_f1': 0.301075, 'train_loss': 18.982407, 'train_correct': 14.0}}[0m
[38;5;39m2023-02-25 00:34:59,639 (server:590) INFO: {'Role': 'Server #', 'Round': 3, 'Results_weighted_avg': {'test_acc': 0.754545, 'test_avg_loss': 0.901384, 'test_total': 22.0, 'test_f1': 0.46995, 'test_loss': 22.391731, 'test_correct': 16.6}, 'Results_avg': {'test_acc': 0.606727, 'test_avg_loss': 1.759891, 'test_total': 22.0, 'test_f1': 0.365946, 'test_loss': 19.830453, 'test_correct': 16.6}, 'Results_fairness': {'test_total': 22.0, 'test_correct': 16.6, 'test_acc_std': 0.323916, 'test_acc_bottom_decile': 0.0, 'test_acc_top_decile': 0.934783, 'test_acc_min': 0.0, 'test_acc_max': 0.934783, 'test_acc_bottom10%': 0.0, 'test_acc_top10%': 0.934783, 'test_acc_cos1': 0.882155, 'test_acc_entropy': 2.065247, 'test_avg_loss_std': 1.914155, 'test_avg_loss_bottom_decile': 0.503728, 'test_avg_loss_top_decile': 5.50011, 'test_avg_loss_min': 0.208853, 'test_avg_loss_max': 5.50011, 'test_avg_loss_bottom10%': 0.208853, 'test_avg_loss_top10%': 5.50011, 'test_avg_loss_cos1': 0.676821, 'test_avg_loss_entropy': 1.809985, 'test_f1_std': 0.218787, 'test_f1_bottom_decile': 0.0, 'test_f1_top_decile': 0.72, 'test_f1_min': 0.0, 'test_f1_max': 0.72, 'test_f1_bottom10%': 0.0, 'test_f1_top10%': 0.72, 'test_f1_cos1': 0.8583, 'test_f1_entropy': 2.036497, 'test_loss_std': 11.718159, 'test_loss_bottom_decile': 5.221325, 'test_loss_top_decile': 39.097945, 'test_loss_min': 3.421597, 'test_loss_max': 39.097945, 'test_loss_bottom10%': 3.421597, 'test_loss_top10%': 39.097945, 'test_loss_cos1': 0.860923, 'test_loss_entropy': 2.105092}}[0m
[38;5;39m2023-02-25 00:34:59,643 (monitor:541) INFO: {'Role': 'Server #', 'Round': 4, 'Results_model_metric': {}}[0m
[38;5;39m2023-02-25 00:34:59,764 (server:330) INFO: Server: Starting evaluation at the end of round 4.[0m
[38;5;39m2023-02-25 00:34:59,765 (server:336) INFO: ----------- Starting a new training round (Round #5) -------------[0m
[33;20m2023-02-25 00:35:00,294 (context:294) WARNING: No val_data or val_loader in the trainer, will skip evaluation.If this is not the case you want, please check whether there is typo for the name[0m
[33;20m2023-02-25 00:35:00,483 (context:294) WARNING: No val_data or val_loader in the trainer, will skip evaluation.If this is not the case you want, please check whether there is typo for the name[0m
[33;20m2023-02-25 00:35:00,713 (context:294) WARNING: No val_data or val_loader in the trainer, will skip evaluation.If this is not the case you want, please check whether there is typo for the name[0m
[33;20m2023-02-25 00:35:00,966 (context:294) WARNING: No val_data or val_loader in the trainer, will skip evaluation.If this is not the case you want, please check whether there is typo for the name[0m
[33;20m2023-02-25 00:35:01,264 (context:294) WARNING: No val_data or val_loader in the trainer, will skip evaluation.If this is not the case you want, please check whether there is typo for the name[0m
[33;20m2023-02-25 00:35:01,654 (context:294) WARNING: No val_data or val_loader in the trainer, will skip evaluation.If this is not the case you want, please check whether there is typo for the name[0m
[33;20m2023-02-25 00:35:02,039 (context:294) WARNING: No val_data or val_loader in the trainer, will skip evaluation.If this is not the case you want, please check whether there is typo for the name[0m
[33;20m2023-02-25 00:35:02,123 (context:294) WARNING: No val_data or val_loader in the trainer, will skip evaluation.If this is not the case you want, please check whether there is typo for the name[0m
[33;20m2023-02-25 00:35:02,777 (context:294) WARNING: No val_data or val_loader in the trainer, will skip evaluation.If this is not the case you want, please check whether there is typo for the name[0m
[33;20m2023-02-25 00:35:03,094 (context:294) WARNING: No val_data or val_loader in the trainer, will skip evaluation.If this is not the case you want, please check whether there is typo for the name[0m
[38;5;39m2023-02-25 00:35:07,051 (client:306) INFO: {'Role': 'Client #10', 'Round': 5, 'Results_raw': {'train_acc': 0.831081, 'train_avg_loss': 0.373016, 'train_total': 296, 'train_f1': 0.53505, 'train_loss': 110.412657, 'train_correct': 246.0}}[0m
[38;5;39m2023-02-25 00:35:12,574 (client:306) INFO: {'Role': 'Client #8', 'Round': 5, 'Results_raw': {'train_acc': 0.876437, 'train_avg_loss': 0.269222, 'train_total': 348, 'train_f1': 0.733162, 'train_loss': 93.689425, 'train_correct': 305.0}}[0m
[38;5;39m2023-02-25 00:35:16,675 (client:306) INFO: {'Role': 'Client #5', 'Round': 5, 'Results_raw': {'train_acc': 0.790909, 'train_avg_loss': 0.521692, 'train_total': 330, 'train_f1': 0.527621, 'train_loss': 172.15834, 'train_correct': 261.0}}[0m
[38;5;39m2023-02-25 00:35:17,139 (client:306) INFO: {'Role': 'Client #7', 'Round': 5, 'Results_raw': {'train_acc': 0.125, 'train_avg_loss': 3.045338, 'train_total': 32, 'train_f1': 0.086022, 'train_loss': 97.450802, 'train_correct': 4.0}}[0m
[38;5;39m2023-02-25 00:35:22,656 (client:306) INFO: {'Role': 'Client #3', 'Round': 5, 'Results_raw': {'train_acc': 0.957399, 'train_avg_loss': 0.106657, 'train_total': 446, 'train_f1': 0.717486, 'train_loss': 47.568932, 'train_correct': 427.0}}[0m
[38;5;39m2023-02-25 00:35:22,882 (client:306) INFO: {'Role': 'Client #1', 'Round': 5, 'Results_raw': {'train_acc': 0.0, 'train_avg_loss': 3.978144, 'train_total': 14, 'train_f1': 0.0, 'train_loss': 55.69401, 'train_correct': 0.0}}[0m
[38;5;39m2023-02-25 00:35:22,885 (server:590) INFO: {'Role': 'Server #', 'Round': 4, 'Results_weighted_avg': {'test_acc': 0.768182, 'test_avg_loss': 0.91036, 'test_total': 22.0, 'test_f1': 0.47485, 'test_loss': 22.21069, 'test_correct': 16.9}, 'Results_avg': {'test_acc': 0.617078, 'test_avg_loss': 1.829541, 'test_total': 22.0, 'test_f1': 0.369569, 'test_loss': 20.027922, 'test_correct': 16.9}, 'Results_fairness': {'test_total': 22.0, 'test_correct': 16.9, 'test_acc_std': 0.330557, 'test_acc_bottom_decile': 0.0, 'test_acc_top_decile': 0.96, 'test_acc_min': 0.0, 'test_acc_max': 0.96, 'test_acc_bottom10%': 0.0, 'test_acc_top10%': 0.96, 'test_acc_cos1': 0.881492, 'test_acc_entropy': 2.064405, 'test_avg_loss_std': 2.036576, 'test_avg_loss_bottom_decile': 0.469592, 'test_avg_loss_top_decile': 5.777695, 'test_avg_loss_min': 0.127637, 'test_avg_loss_max': 5.777695, 'test_avg_loss_bottom10%': 0.127637, 'test_avg_loss_top10%': 5.777695, 'test_avg_loss_cos1': 0.668283, 'test_avg_loss_entropy': 1.782306, 'test_f1_std': 0.220281, 'test_f1_bottom_decile': 0.0, 'test_f1_top_decile': 0.72, 'test_f1_min': 0.0, 'test_f1_max': 0.72, 'test_f1_bottom10%': 0.0, 'test_f1_top10%': 0.72, 'test_f1_cos1': 0.858986, 'test_f1_entropy': 2.03709, 'test_loss_std': 12.338403, 'test_loss_bottom_decile': 3.770269, 'test_loss_top_decile': 40.990541, 'test_loss_min': 3.190917, 'test_loss_max': 40.990541, 'test_loss_bottom10%': 3.190917, 'test_loss_top10%': 40.990541, 'test_loss_cos1': 0.851402, 'test_loss_entropy': 2.08631}}[0m
[38;5;39m2023-02-25 00:35:22,889 (monitor:541) INFO: {'Role': 'Server #', 'Round': 5, 'Results_model_metric': {}}[0m
[38;5;39m2023-02-25 00:35:23,010 (server:330) INFO: Server: Starting evaluation at the end of round 5.[0m
[38;5;39m2023-02-25 00:35:23,011 (server:336) INFO: ----------- Starting a new training round (Round #6) -------------[0m
[33;20m2023-02-25 00:35:23,711 (context:294) WARNING: No val_data or val_loader in the trainer, will skip evaluation.If this is not the case you want, please check whether there is typo for the name[0m
[33;20m2023-02-25 00:35:23,918 (context:294) WARNING: No val_data or val_loader in the trainer, will skip evaluation.If this is not the case you want, please check whether there is typo for the name[0m
[33;20m2023-02-25 00:35:24,028 (context:294) WARNING: No val_data or val_loader in the trainer, will skip evaluation.If this is not the case you want, please check whether there is typo for the name[0m
[33;20m2023-02-25 00:35:24,297 (context:294) WARNING: No val_data or val_loader in the trainer, will skip evaluation.If this is not the case you want, please check whether there is typo for the name[0m
[33;20m2023-02-25 00:35:24,527 (context:294) WARNING: No val_data or val_loader in the trainer, will skip evaluation.If this is not the case you want, please check whether there is typo for the name[0m
[33;20m2023-02-25 00:35:25,002 (context:294) WARNING: No val_data or val_loader in the trainer, will skip evaluation.If this is not the case you want, please check whether there is typo for the name[0m
[33;20m2023-02-25 00:35:25,543 (context:294) WARNING: No val_data or val_loader in the trainer, will skip evaluation.If this is not the case you want, please check whether there is typo for the name[0m
[33;20m2023-02-25 00:35:25,635 (context:294) WARNING: No val_data or val_loader in the trainer, will skip evaluation.If this is not the case you want, please check whether there is typo for the name[0m
[33;20m2023-02-25 00:35:26,183 (context:294) WARNING: No val_data or val_loader in the trainer, will skip evaluation.If this is not the case you want, please check whether there is typo for the name[0m
[33;20m2023-02-25 00:35:26,537 (context:294) WARNING: No val_data or val_loader in the trainer, will skip evaluation.If this is not the case you want, please check whether there is typo for the name[0m
[38;5;39m2023-02-25 00:35:28,910 (client:306) INFO: {'Role': 'Client #4', 'Round': 6, 'Results_raw': {'train_acc': 0.94898, 'train_avg_loss': 0.097456, 'train_total': 196, 'train_f1': 0.486911, 'train_loss': 19.101393, 'train_correct': 186.0}}[0m
[38;5;39m2023-02-25 00:35:29,095 (client:306) INFO: {'Role': 'Client #9', 'Round': 6, 'Results_raw': {'train_acc': 0.666667, 'train_avg_loss': 0.838453, 'train_total': 12, 'train_f1': 0.4, 'train_loss': 10.061434, 'train_correct': 8.0}}[0m
[38;5;39m2023-02-25 00:35:33,590 (client:306) INFO: {'Role': 'Client #8', 'Round': 6, 'Results_raw': {'train_acc': 0.908046, 'train_avg_loss': 0.260111, 'train_total': 348, 'train_f1': 0.803209, 'train_loss': 90.518768, 'train_correct': 316.0}}[0m
[38;5;39m2023-02-25 00:35:34,682 (client:306) INFO: {'Role': 'Client #2', 'Round': 6, 'Results_raw': {'train_acc': 0.790323, 'train_avg_loss': 0.60063, 'train_total': 62, 'train_f1': 0.415382, 'train_loss': 37.239034, 'train_correct': 49.0}}[0m
[38;5;39m2023-02-25 00:35:38,725 (client:306) INFO: {'Role': 'Client #5', 'Round': 6, 'Results_raw': {'train_acc': 0.80303, 'train_avg_loss': 0.433012, 'train_total': 330, 'train_f1': 0.537096, 'train_loss': 142.894037, 'train_correct': 265.0}}[0m
[38;5;39m2023-02-25 00:35:38,965 (client:306) INFO: {'Role': 'Client #1', 'Round': 6, 'Results_raw': {'train_acc': 0.0, 'train_avg_loss': 2.658695, 'train_total': 14, 'train_f1': 0.0, 'train_loss': 37.221724, 'train_correct': 0.0}}[0m
[38;5;39m2023-02-25 00:35:38,968 (server:590) INFO: {'Role': 'Server #', 'Round': 5, 'Results_weighted_avg': {'test_acc': 0.727273, 'test_avg_loss': 0.766928, 'test_total': 22.0, 'test_f1': 0.502782, 'test_loss': 19.5358, 'test_correct': 16.0}, 'Results_avg': {'test_acc': 0.590631, 'test_avg_loss': 1.351375, 'test_total': 22.0, 'test_f1': 0.400571, 'test_loss': 16.872427, 'test_correct': 16.0}, 'Results_fairness': {'test_total': 22.0, 'test_correct': 16.0, 'test_acc_std': 0.332246, 'test_acc_bottom_decile': 0.0, 'test_acc_top_decile': 1.0, 'test_acc_min': 0.0, 'test_acc_max': 1.0, 'test_acc_bottom10%': 0.0, 'test_acc_top10%': 1.0, 'test_acc_cos1': 0.871566, 'test_acc_entropy': 2.052736, 'test_avg_loss_std': 1.298066, 'test_avg_loss_bottom_decile': 0.310795, 'test_avg_loss_top_decile': 4.033827, 'test_avg_loss_min': 0.064536, 'test_avg_loss_max': 4.033827, 'test_avg_loss_bottom10%': 0.064536, 'test_avg_loss_top10%': 4.033827, 'test_avg_loss_cos1': 0.721188, 'test_avg_loss_entropy': 1.898774, 'test_f1_std': 0.282252, 'test_f1_bottom_decile': 0.0, 'test_f1_top_decile': 1.0, 'test_f1_min': 0.0, 'test_f1_max': 1.0, 'test_f1_bottom10%': 0.0, 'test_f1_top10%': 1.0, 'test_f1_cos1': 0.817452, 'test_f1_entropy': 1.990215, 'test_loss_std': 9.948732, 'test_loss_bottom_decile': 3.645766, 'test_loss_top_decile': 29.049356, 'test_loss_min': 1.613406, 'test_loss_max': 29.049356, 'test_loss_bottom10%': 1.613406, 'test_loss_top10%': 29.049356, 'test_loss_cos1': 0.861403, 'test_loss_entropy': 2.083508}}[0m
[38;5;39m2023-02-25 00:35:38,972 (monitor:541) INFO: {'Role': 'Server #', 'Round': 6, 'Results_model_metric': {}}[0m
[38;5;39m2023-02-25 00:35:39,094 (server:330) INFO: Server: Starting evaluation at the end of round 6.[0m
[38;5;39m2023-02-25 00:35:39,095 (server:336) INFO: ----------- Starting a new training round (Round #7) -------------[0m
[33;20m2023-02-25 00:35:39,721 (context:294) WARNING: No val_data or val_loader in the trainer, will skip evaluation.If this is not the case you want, please check whether there is typo for the name[0m
[33;20m2023-02-25 00:35:39,890 (context:294) WARNING: No val_data or val_loader in the trainer, will skip evaluation.If this is not the case you want, please check whether there is typo for the name[0m
[33;20m2023-02-25 00:35:40,003 (context:294) WARNING: No val_data or val_loader in the trainer, will skip evaluation.If this is not the case you want, please check whether there is typo for the name[0m
[33;20m2023-02-25 00:35:40,343 (context:294) WARNING: No val_data or val_loader in the trainer, will skip evaluation.If this is not the case you want, please check whether there is typo for the name[0m
[33;20m2023-02-25 00:35:40,626 (context:294) WARNING: No val_data or val_loader in the trainer, will skip evaluation.If this is not the case you want, please check whether there is typo for the name[0m
[33;20m2023-02-25 00:35:41,063 (context:294) WARNING: No val_data or val_loader in the trainer, will skip evaluation.If this is not the case you want, please check whether there is typo for the name[0m
[33;20m2023-02-25 00:35:41,547 (context:294) WARNING: No val_data or val_loader in the trainer, will skip evaluation.If this is not the case you want, please check whether there is typo for the name[0m
[33;20m2023-02-25 00:35:41,690 (context:294) WARNING: No val_data or val_loader in the trainer, will skip evaluation.If this is not the case you want, please check whether there is typo for the name[0m
[33;20m2023-02-25 00:35:42,070 (context:294) WARNING: No val_data or val_loader in the trainer, will skip evaluation.If this is not the case you want, please check whether there is typo for the name[0m
[33;20m2023-02-25 00:35:42,386 (context:294) WARNING: No val_data or val_loader in the trainer, will skip evaluation.If this is not the case you want, please check whether there is typo for the name[0m
[38;5;39m2023-02-25 00:35:46,306 (client:306) INFO: {'Role': 'Client #5', 'Round': 7, 'Results_raw': {'train_acc': 0.854545, 'train_avg_loss': 0.356244, 'train_total': 330, 'train_f1': 0.575539, 'train_loss': 117.560487, 'train_correct': 282.0}}[0m
[38;5;39m2023-02-25 00:35:50,086 (client:306) INFO: {'Role': 'Client #10', 'Round': 7, 'Results_raw': {'train_acc': 0.861486, 'train_avg_loss': 0.297498, 'train_total': 296, 'train_f1': 0.556494, 'train_loss': 88.059406, 'train_correct': 255.0}}[0m
[38;5;39m2023-02-25 00:35:54,953 (client:306) INFO: {'Role': 'Client #8', 'Round': 7, 'Results_raw': {'train_acc': 0.936782, 'train_avg_loss': 0.173683, 'train_total': 348, 'train_f1': 0.859626, 'train_loss': 60.441527, 'train_correct': 326.0}}[0m
[38;5;39m2023-02-25 00:35:55,154 (client:306) INFO: {'Role': 'Client #9', 'Round': 7, 'Results_raw': {'train_acc': 0.916667, 'train_avg_loss': 0.288637, 'train_total': 12, 'train_f1': 0.478261, 'train_loss': 3.463647, 'train_correct': 11.0}}[0m
[38;5;39m2023-02-25 00:35:55,938 (client:306) INFO: {'Role': 'Client #2', 'Round': 7, 'Results_raw': {'train_acc': 0.887097, 'train_avg_loss': 0.383934, 'train_total': 62, 'train_f1': 0.534535, 'train_loss': 23.803877, 'train_correct': 55.0}}[0m
[38;5;39m2023-02-25 00:35:58,479 (client:306) INFO: {'Role': 'Client #4', 'Round': 7, 'Results_raw': {'train_acc': 1.0, 'train_avg_loss': 0.027754, 'train_total': 196, 'train_f1': 1.0, 'train_loss': 5.439779, 'train_correct': 196.0}}[0m
[38;5;39m2023-02-25 00:35:58,481 (server:590) INFO: {'Role': 'Server #', 'Round': 6, 'Results_weighted_avg': {'test_acc': 0.8, 'test_avg_loss': 0.546396, 'test_total': 22.0, 'test_f1': 0.516319, 'test_loss': 14.777433, 'test_correct': 17.6}, 'Results_avg': {'test_acc': 0.644829, 'test_avg_loss': 0.903413, 'test_total': 22.0, 'test_f1': 0.411229, 'test_loss': 12.020717, 'test_correct': 17.6}, 'Results_fairness': {'test_total': 22.0, 'test_correct': 17.6, 'test_acc_std': 0.344823, 'test_acc_bottom_decile': 0.0, 'test_acc_top_decile': 0.9375, 'test_acc_min': 0.0, 'test_acc_max': 0.9375, 'test_acc_bottom10%': 0.0, 'test_acc_top10%': 0.9375, 'test_acc_cos1': 0.881834, 'test_acc_entropy': 2.063694, 'test_avg_loss_std': 0.761453, 'test_avg_loss_bottom_decile': 0.395917, 'test_avg_loss_top_decile': 2.636091, 'test_avg_loss_min': 0.346684, 'test_avg_loss_max': 2.636091, 'test_avg_loss_bottom10%': 0.346684, 'test_avg_loss_top10%': 2.636091, 'test_avg_loss_cos1': 0.764626, 'test_avg_loss_entropy': 2.011122, 'test_f1_std': 0.26489, 'test_f1_bottom_decile': 0.0, 'test_f1_top_decile': 0.850427, 'test_f1_min': 0.0, 'test_f1_max': 0.850427, 'test_f1_bottom10%': 0.0, 'test_f1_top10%': 0.850427, 'test_f1_cos1': 0.840687, 'test_f1_entropy': 2.015369, 'test_loss_std': 6.034664, 'test_loss_bottom_decile': 3.603671, 'test_loss_top_decile': 21.100168, 'test_loss_min': 2.636091, 'test_loss_max': 21.100168, 'test_loss_bottom10%': 2.636091, 'test_loss_top10%': 21.100168, 'test_loss_cos1': 0.893703, 'test_loss_entropy': 2.162773}}[0m
[38;5;39m2023-02-25 00:35:58,485 (monitor:541) INFO: {'Role': 'Server #', 'Round': 7, 'Results_model_metric': {}}[0m
[38;5;39m2023-02-25 00:35:58,620 (server:330) INFO: Server: Starting evaluation at the end of round 7.[0m
[38;5;39m2023-02-25 00:35:58,621 (server:336) INFO: ----------- Starting a new training round (Round #8) -------------[0m
[33;20m2023-02-25 00:35:59,135 (context:294) WARNING: No val_data or val_loader in the trainer, will skip evaluation.If this is not the case you want, please check whether there is typo for the name[0m
[33;20m2023-02-25 00:35:59,244 (context:294) WARNING: No val_data or val_loader in the trainer, will skip evaluation.If this is not the case you want, please check whether there is typo for the name[0m
[33;20m2023-02-25 00:35:59,360 (context:294) WARNING: No val_data or val_loader in the trainer, will skip evaluation.If this is not the case you want, please check whether there is typo for the name[0m
[33;20m2023-02-25 00:35:59,706 (context:294) WARNING: No val_data or val_loader in the trainer, will skip evaluation.If this is not the case you want, please check whether there is typo for the name[0m
[33;20m2023-02-25 00:35:59,950 (context:294) WARNING: No val_data or val_loader in the trainer, will skip evaluation.If this is not the case you want, please check whether there is typo for the name[0m
[33;20m2023-02-25 00:36:00,324 (context:294) WARNING: No val_data or val_loader in the trainer, will skip evaluation.If this is not the case you want, please check whether there is typo for the name[0m
[33;20m2023-02-25 00:36:00,713 (context:294) WARNING: No val_data or val_loader in the trainer, will skip evaluation.If this is not the case you want, please check whether there is typo for the name[0m
[33;20m2023-02-25 00:36:00,787 (context:294) WARNING: No val_data or val_loader in the trainer, will skip evaluation.If this is not the case you want, please check whether there is typo for the name[0m
[33;20m2023-02-25 00:36:01,313 (context:294) WARNING: No val_data or val_loader in the trainer, will skip evaluation.If this is not the case you want, please check whether there is typo for the name[0m
[33;20m2023-02-25 00:36:01,667 (context:294) WARNING: No val_data or val_loader in the trainer, will skip evaluation.If this is not the case you want, please check whether there is typo for the name[0m
[38;5;39m2023-02-25 00:36:02,141 (client:306) INFO: {'Role': 'Client #7', 'Round': 8, 'Results_raw': {'train_acc': 0.5, 'train_avg_loss': 1.532139, 'train_total': 32, 'train_f1': 0.333333, 'train_loss': 49.028454, 'train_correct': 16.0}}[0m
[38;5;39m2023-02-25 00:36:02,428 (client:306) INFO: {'Role': 'Client #9', 'Round': 8, 'Results_raw': {'train_acc': 0.916667, 'train_avg_loss': 0.205736, 'train_total': 12, 'train_f1': 0.478261, 'train_loss': 2.468836, 'train_correct': 11.0}}[0m
[38;5;39m2023-02-25 00:36:07,936 (client:306) INFO: {'Role': 'Client #3', 'Round': 8, 'Results_raw': {'train_acc': 0.966368, 'train_avg_loss': 0.089719, 'train_total': 446, 'train_f1': 0.788525, 'train_loss': 40.014732, 'train_correct': 431.0}}[0m
[38;5;39m2023-02-25 00:36:08,912 (client:306) INFO: {'Role': 'Client #2', 'Round': 8, 'Results_raw': {'train_acc': 0.887097, 'train_avg_loss': 0.308974, 'train_total': 62, 'train_f1': 0.534535, 'train_loss': 19.15638, 'train_correct': 55.0}}[0m
[38;5;39m2023-02-25 00:36:12,505 (client:306) INFO: {'Role': 'Client #5', 'Round': 8, 'Results_raw': {'train_acc': 0.830303, 'train_avg_loss': 0.376003, 'train_total': 330, 'train_f1': 0.561699, 'train_loss': 124.080958, 'train_correct': 274.0}}[0m
[38;5;39m2023-02-25 00:36:12,760 (client:306) INFO: {'Role': 'Client #6', 'Round': 8, 'Results_raw': {'train_acc': 0.666667, 'train_avg_loss': 0.708865, 'train_total': 18, 'train_f1': 0.296296, 'train_loss': 12.759563, 'train_correct': 12.0}}[0m
[38;5;39m2023-02-25 00:36:12,763 (server:590) INFO: {'Role': 'Server #', 'Round': 7, 'Results_weighted_avg': {'test_acc': 0.822727, 'test_avg_loss': 0.544412, 'test_total': 22.0, 'test_f1': 0.524122, 'test_loss': 13.710789, 'test_correct': 18.1}, 'Results_avg': {'test_acc': 0.661197, 'test_avg_loss': 1.086097, 'test_total': 22.0, 'test_f1': 0.414866, 'test_loss': 11.977067, 'test_correct': 18.1}, 'Results_fairness': {'test_total': 22.0, 'test_correct': 18.1, 'test_acc_std': 0.34829, 'test_acc_bottom_decile': 0.0, 'test_acc_top_decile': 0.9375, 'test_acc_min': 0.0, 'test_acc_max': 0.9375, 'test_acc_bottom10%': 0.0, 'test_acc_top10%': 0.9375, 'test_acc_cos1': 0.884758, 'test_acc_entropy': 2.067612, 'test_avg_loss_std': 1.17806, 'test_avg_loss_bottom_decile': 0.289655, 'test_avg_loss_top_decile': 3.709997, 'test_avg_loss_min': 0.221119, 'test_avg_loss_max': 3.709997, 'test_avg_loss_bottom10%': 0.221119, 'test_avg_loss_top10%': 3.709997, 'test_avg_loss_cos1': 0.677827, 'test_avg_loss_entropy': 1.822915, 'test_f1_std': 0.262018, 'test_f1_bottom_decile': 0.0, 'test_f1_top_decile': 0.850427, 'test_f1_min': 0.0, 'test_f1_max': 0.850427, 'test_f1_bottom10%': 0.0, 'test_f1_top10%': 0.850427, 'test_f1_cos1': 0.845492, 'test_f1_entropy': 2.021827, 'test_loss_std': 7.102716, 'test_loss_bottom_decile': 3.709997, 'test_loss_top_decile': 23.867769, 'test_loss_min': 3.174924, 'test_loss_max': 23.867769, 'test_loss_bottom10%': 3.174924, 'test_loss_top10%': 23.867769, 'test_loss_cos1': 0.860128, 'test_loss_entropy': 2.123522}}[0m
[38;5;39m2023-02-25 00:36:12,767 (monitor:541) INFO: {'Role': 'Server #', 'Round': 8, 'Results_model_metric': {}}[0m
[38;5;39m2023-02-25 00:36:12,889 (server:330) INFO: Server: Starting evaluation at the end of round 8.[0m
[38;5;39m2023-02-25 00:36:12,890 (server:336) INFO: ----------- Starting a new training round (Round #9) -------------[0m
[33;20m2023-02-25 00:36:13,472 (context:294) WARNING: No val_data or val_loader in the trainer, will skip evaluation.If this is not the case you want, please check whether there is typo for the name[0m
[33;20m2023-02-25 00:36:13,621 (context:294) WARNING: No val_data or val_loader in the trainer, will skip evaluation.If this is not the case you want, please check whether there is typo for the name[0m
[33;20m2023-02-25 00:36:13,822 (context:294) WARNING: No val_data or val_loader in the trainer, will skip evaluation.If this is not the case you want, please check whether there is typo for the name[0m
[33;20m2023-02-25 00:36:14,088 (context:294) WARNING: No val_data or val_loader in the trainer, will skip evaluation.If this is not the case you want, please check whether there is typo for the name[0m
[33;20m2023-02-25 00:36:14,314 (context:294) WARNING: No val_data or val_loader in the trainer, will skip evaluation.If this is not the case you want, please check whether there is typo for the name[0m
[33;20m2023-02-25 00:36:14,673 (context:294) WARNING: No val_data or val_loader in the trainer, will skip evaluation.If this is not the case you want, please check whether there is typo for the name[0m
[33;20m2023-02-25 00:36:15,252 (context:294) WARNING: No val_data or val_loader in the trainer, will skip evaluation.If this is not the case you want, please check whether there is typo for the name[0m
[33;20m2023-02-25 00:36:15,323 (context:294) WARNING: No val_data or val_loader in the trainer, will skip evaluation.If this is not the case you want, please check whether there is typo for the name[0m
[33;20m2023-02-25 00:36:15,757 (context:294) WARNING: No val_data or val_loader in the trainer, will skip evaluation.If this is not the case you want, please check whether there is typo for the name[0m
[33;20m2023-02-25 00:36:16,310 (context:294) WARNING: No val_data or val_loader in the trainer, will skip evaluation.If this is not the case you want, please check whether there is typo for the name[0m
[38;5;39m2023-02-25 00:36:21,013 (client:306) INFO: {'Role': 'Client #5', 'Round': 9, 'Results_raw': {'train_acc': 0.893939, 'train_avg_loss': 0.238642, 'train_total': 330, 'train_f1': 0.596779, 'train_loss': 78.751718, 'train_correct': 295.0}}[0m
[38;5;39m2023-02-25 00:36:23,184 (client:306) INFO: {'Role': 'Client #4', 'Round': 9, 'Results_raw': {'train_acc': 0.933673, 'train_avg_loss': 0.146575, 'train_total': 196, 'train_f1': 0.48285, 'train_loss': 28.728643, 'train_correct': 183.0}}[0m
[38;5;39m2023-02-25 00:36:23,458 (client:306) INFO: {'Role': 'Client #6', 'Round': 9, 'Results_raw': {'train_acc': 0.944444, 'train_avg_loss': 0.223022, 'train_total': 18, 'train_f1': 0.91133, 'train_loss': 4.014393, 'train_correct': 17.0}}[0m
[38;5;39m2023-02-25 00:36:27,053 (client:306) INFO: {'Role': 'Client #10', 'Round': 9, 'Results_raw': {'train_acc': 0.888514, 'train_avg_loss': 0.249824, 'train_total': 296, 'train_f1': 0.580628, 'train_loss': 73.947816, 'train_correct': 263.0}}[0m
[38;5;39m2023-02-25 00:36:27,815 (client:306) INFO: {'Role': 'Client #2', 'Round': 9, 'Results_raw': {'train_acc': 0.758065, 'train_avg_loss': 0.74777, 'train_total': 62, 'train_f1': 0.42, 'train_loss': 46.361745, 'train_correct': 47.0}}[0m
[38;5;39m2023-02-25 00:36:28,026 (client:306) INFO: {'Role': 'Client #9', 'Round': 9, 'Results_raw': {'train_acc': 0.75, 'train_avg_loss': 1.03986, 'train_total': 12, 'train_f1': 0.428571, 'train_loss': 12.478318, 'train_correct': 9.0}}[0m
[38;5;39m2023-02-25 00:36:28,029 (server:590) INFO: {'Role': 'Server #', 'Round': 8, 'Results_weighted_avg': {'test_acc': 0.645455, 'test_avg_loss': 0.922193, 'test_total': 22.0, 'test_f1': 0.478401, 'test_loss': 25.625209, 'test_correct': 14.2}, 'Results_avg': {'test_acc': 0.532407, 'test_avg_loss': 1.150464, 'test_total': 22.0, 'test_f1': 0.377959, 'test_loss': 20.288244, 'test_correct': 14.2}, 'Results_fairness': {'test_total': 22.0, 'test_correct': 14.2, 'test_acc_std': 0.346981, 'test_acc_bottom_decile': 0.0, 'test_acc_top_decile': 1.0, 'test_acc_min': 0.0, 'test_acc_max': 1.0, 'test_acc_bottom10%': 0.0, 'test_acc_top10%': 1.0, 'test_acc_cos1': 0.837784, 'test_acc_entropy': 2.005148, 'test_avg_loss_std': 0.730117, 'test_avg_loss_bottom_decile': 0.199707, 'test_avg_loss_top_decile': 2.53191, 'test_avg_loss_min': 0.012012, 'test_avg_loss_max': 2.53191, 'test_avg_loss_bottom10%': 0.012012, 'test_avg_loss_top10%': 2.53191, 'test_avg_loss_cos1': 0.844324, 'test_avg_loss_entropy': 2.055991, 'test_f1_std': 0.282964, 'test_f1_bottom_decile': 0.0, 'test_f1_top_decile': 1.0, 'test_f1_min': 0.0, 'test_f1_max': 1.0, 'test_f1_bottom10%': 0.0, 'test_f1_top10%': 1.0, 'test_f1_cos1': 0.800513, 'test_f1_entropy': 1.968368, 'test_loss_std': 19.161375, 'test_loss_bottom_decile': 1.498107, 'test_loss_top_decile': 57.955017, 'test_loss_min': 0.300299, 'test_loss_max': 57.955017, 'test_loss_bottom10%': 0.300299, 'test_loss_top10%': 57.955017, 'test_loss_cos1': 0.727009, 'test_loss_entropy': 1.865298}}[0m
[38;5;39m2023-02-25 00:36:28,033 (monitor:541) INFO: {'Role': 'Server #', 'Round': 9, 'Results_model_metric': {}}[0m
[38;5;39m2023-02-25 00:36:28,224 (server:347) INFO: Server: Training is finished! Starting evaluation.[0m
[33;20m2023-02-25 00:36:28,834 (context:294) WARNING: No val_data or val_loader in the trainer, will skip evaluation.If this is not the case you want, please check whether there is typo for the name[0m
[33;20m2023-02-25 00:36:28,943 (context:294) WARNING: No val_data or val_loader in the trainer, will skip evaluation.If this is not the case you want, please check whether there is typo for the name[0m
[33;20m2023-02-25 00:36:29,058 (context:294) WARNING: No val_data or val_loader in the trainer, will skip evaluation.If this is not the case you want, please check whether there is typo for the name[0m
[33;20m2023-02-25 00:36:29,365 (context:294) WARNING: No val_data or val_loader in the trainer, will skip evaluation.If this is not the case you want, please check whether there is typo for the name[0m
[33;20m2023-02-25 00:36:29,764 (context:294) WARNING: No val_data or val_loader in the trainer, will skip evaluation.If this is not the case you want, please check whether there is typo for the name[0m
[33;20m2023-02-25 00:36:30,332 (context:294) WARNING: No val_data or val_loader in the trainer, will skip evaluation.If this is not the case you want, please check whether there is typo for the name[0m
[33;20m2023-02-25 00:36:30,821 (context:294) WARNING: No val_data or val_loader in the trainer, will skip evaluation.If this is not the case you want, please check whether there is typo for the name[0m
[33;20m2023-02-25 00:36:30,934 (context:294) WARNING: No val_data or val_loader in the trainer, will skip evaluation.If this is not the case you want, please check whether there is typo for the name[0m
[33;20m2023-02-25 00:36:31,383 (context:294) WARNING: No val_data or val_loader in the trainer, will skip evaluation.If this is not the case you want, please check whether there is typo for the name[0m
[33;20m2023-02-25 00:36:31,664 (context:294) WARNING: No val_data or val_loader in the trainer, will skip evaluation.If this is not the case you want, please check whether there is typo for the name[0m
[38;5;39m2023-02-25 00:36:31,666 (server:590) INFO: {'Role': 'Server #', 'Round': 9, 'Results_weighted_avg': {'test_acc': 0.813636, 'test_avg_loss': 0.482654, 'test_total': 22.0, 'test_f1': 0.523725, 'test_loss': 13.70568, 'test_correct': 17.9}, 'Results_avg': {'test_acc': 0.657721, 'test_avg_loss': 0.650419, 'test_total': 22.0, 'test_f1': 0.419785, 'test_loss': 10.618395, 'test_correct': 17.9}, 'Results_fairness': {'test_total': 22.0, 'test_correct': 17.9, 'test_acc_std': 0.340982, 'test_acc_bottom_decile': 0.0, 'test_acc_top_decile': 0.9375, 'test_acc_min': 0.0, 'test_acc_max': 0.9375, 'test_acc_bottom10%': 0.0, 'test_acc_top10%': 0.9375, 'test_acc_cos1': 0.887787, 'test_acc_entropy': 2.071546, 'test_avg_loss_std': 0.3388, 'test_avg_loss_bottom_decile': 0.376275, 'test_avg_loss_top_decile': 1.477598, 'test_avg_loss_min': 0.296955, 'test_avg_loss_max': 1.477598, 'test_avg_loss_bottom10%': 0.296955, 'test_avg_loss_top10%': 1.477598, 'test_avg_loss_cos1': 0.886892, 'test_avg_loss_entropy': 2.185209, 'test_f1_std': 0.254634, 'test_f1_bottom_decile': 0.0, 'test_f1_top_decile': 0.805771, 'test_f1_min': 0.0, 'test_f1_max': 0.805771, 'test_f1_bottom10%': 0.0, 'test_f1_top10%': 0.805771, 'test_f1_cos1': 0.855001, 'test_f1_entropy': 2.033498, 'test_loss_std': 5.622457, 'test_loss_bottom_decile': 3.754293, 'test_loss_top_decile': 20.309414, 'test_loss_min': 1.477598, 'test_loss_max': 20.309414, 'test_loss_bottom10%': 1.477598, 'test_loss_top10%': 20.309414, 'test_loss_cos1': 0.883755, 'test_loss_entropy': 2.142982}}[0m
[38;5;39m2023-02-25 00:36:31,667 (server:395) INFO: Server: Final evaluation is finished! Starting merging results.[0m
[38;5;39m2023-02-25 00:36:31,667 (server:521) INFO: {'Role': 'Server #', 'Round': 'Final', 'Results_raw': {'client_best_individual': {'test_loss': 0.300299, 'test_acc': 1.0, 'test_avg_loss': 0.012012, 'test_total': 1.0, 'test_f1': 1.0, 'test_correct': 43.0}, 'client_summarized_weighted_avg': {'test_loss': 13.70568, 'test_acc': 0.813636, 'test_avg_loss': 0.482654, 'test_total': 22.0, 'test_f1': 0.523725, 'test_correct': 17.9}, 'client_summarized_avg': {'test_loss': 10.618395, 'test_acc': 0.657721, 'test_avg_loss': 0.650419, 'test_total': 22.0, 'test_f1': 0.419785, 'test_correct': 17.9}, 'client_summarized_fairness': {'test_loss_entropy': 1.865298, 'test_loss_cos1': 0.727009, 'test_loss_top10%': 57.955017, 'test_loss_bottom10%': 0.300299, 'test_loss_max': 57.955017, 'test_loss_min': 0.300299, 'test_loss_top_decile': 57.955017, 'test_loss_bottom_decile': 1.498107, 'test_loss_std': 19.161375, 'test_total': 22.0, 'test_correct': 14.2, 'test_acc_std': 0.346981, 'test_acc_bottom_decile': 0.0, 'test_acc_top_decile': 1.0, 'test_acc_min': 0.0, 'test_acc_max': 1.0, 'test_acc_bottom10%': 0.0, 'test_acc_top10%': 1.0, 'test_acc_cos1': 0.837784, 'test_acc_entropy': 2.005148, 'test_avg_loss_std': 0.730117, 'test_avg_loss_bottom_decile': 0.199707, 'test_avg_loss_top_decile': 2.53191, 'test_avg_loss_min': 0.012012, 'test_avg_loss_max': 2.53191, 'test_avg_loss_bottom10%': 0.012012, 'test_avg_loss_top10%': 2.53191, 'test_avg_loss_cos1': 0.844324, 'test_avg_loss_entropy': 2.055991, 'test_f1_std': 0.282964, 'test_f1_bottom_decile': 0.0, 'test_f1_top_decile': 1.0, 'test_f1_min': 0.0, 'test_f1_max': 1.0, 'test_f1_bottom10%': 0.0, 'test_f1_top10%': 1.0, 'test_f1_cos1': 0.800513, 'test_f1_entropy': 1.968368}}}[0m
[38;5;39m2023-02-25 00:36:31,668 (server:540) INFO: {'Role': 'Client #1', 'Round': 10, 'Results_raw': {'test_acc': 0.891304, 'test_avg_loss': 0.296955, 'test_total': 46, 'test_f1': 0.432396, 'test_loss': 13.659933, 'test_correct': 41.0}}[0m
[38;5;39m2023-02-25 00:36:31,668 (server:540) INFO: {'Role': 'Client #7', 'Round': 10, 'Results_raw': {'test_acc': 0.833333, 'test_avg_loss': 0.625715, 'test_total': 6, 'test_f1': 0.454545, 'test_loss': 3.754293, 'test_correct': 5.0}}[0m
[38;5;39m2023-02-25 00:36:31,669 (server:540) INFO: {'Role': 'Client #8', 'Round': 10, 'Results_raw': {'test_acc': 0.857143, 'test_avg_loss': 0.580269, 'test_total': 35, 'test_f1': 0.805771, 'test_loss': 20.309414, 'test_correct': 30.0}}[0m
[38;5;39m2023-02-25 00:36:31,669 (server:540) INFO: {'Role': 'Client #4', 'Round': 10, 'Results_raw': {'test_acc': 0.88, 'test_avg_loss': 0.376275, 'test_total': 25, 'test_f1': 0.468085, 'test_loss': 9.406879, 'test_correct': 22.0}}[0m
[38;5;39m2023-02-25 00:36:31,669 (server:540) INFO: {'Role': 'Client #2', 'Round': 10, 'Results_raw': {'test_acc': 0.709677, 'test_avg_loss': 0.490497, 'test_total': 31, 'test_f1': 0.305556, 'test_loss': 15.205398, 'test_correct': 22.0}}[0m
[38;5;39m2023-02-25 00:36:31,669 (server:540) INFO: {'Role': 'Client #6', 'Round': 10, 'Results_raw': {'test_acc': 0.9375, 'test_avg_loss': 0.49923, 'test_total': 32, 'test_f1': 0.733333, 'test_loss': 15.975376, 'test_correct': 30.0}}[0m
[38;5;39m2023-02-25 00:36:31,670 (server:540) INFO: {'Role': 'Client #5', 'Round': 10, 'Results_raw': {'test_acc': 0.0, 'test_avg_loss': 1.477598, 'test_total': 1, 'test_f1': 0.0, 'test_loss': 1.477598, 'test_correct': 0.0}}[0m
[38;5;39m2023-02-25 00:36:31,670 (server:540) INFO: {'Role': 'Client #9', 'Round': 10, 'Results_raw': {'test_acc': 0.611111, 'test_avg_loss': 0.651531, 'test_total': 18, 'test_f1': 0.400794, 'test_loss': 11.727554, 'test_correct': 11.0}}[0m
[38;5;39m2023-02-25 00:36:31,670 (server:540) INFO: {'Role': 'Client #3', 'Round': 10, 'Results_raw': {'test_acc': 0.0, 'test_avg_loss': 1.060062, 'test_total': 5, 'test_f1': 0.0, 'test_loss': 5.300309, 'test_correct': 0.0}}[0m
[38;5;39m2023-02-25 00:36:31,670 (server:540) INFO: {'Role': 'Client #10', 'Round': 10, 'Results_raw': {'test_acc': 0.857143, 'test_avg_loss': 0.446057, 'test_total': 21, 'test_f1': 0.597372, 'test_loss': 9.367192, 'test_correct': 18.0}}[0m
[38;5;39m2023-02-25 00:36:31,671 (monitor:172) INFO: In worker #0, the system-related metrics are: {'id': 0, 'fl_end_time_minutes': 2.961594, 'total_model_size': 0, 'total_flops': 0, 'total_upload_bytes': 1990400, 'total_download_bytes': 733480, 'global_convergence_round': 0, 'local_convergence_round': 0, 'global_convergence_time_minutes': 0, 'local_convergence_time_minutes': 0}[0m
[38;5;39m2023-02-25 00:36:31,672 (client:513) INFO: ================= client 1 received finish message =================[0m
[38;5;39m2023-02-25 00:36:31,679 (monitor:172) INFO: In worker #1, the system-related metrics are: {'id': 1, 'fl_end_time_minutes': 2.95807, 'total_model_size': 13745790, 'total_flops': 113508476928.0, 'total_upload_bytes': 73440, 'total_download_bytes': 199040, 'global_convergence_round': 0, 'local_convergence_round': 0, 'global_convergence_time_minutes': 0, 'local_convergence_time_minutes': 0}[0m
[38;5;39m2023-02-25 00:36:31,679 (client:513) INFO: ================= client 3 received finish message =================[0m
[38;5;39m2023-02-25 00:36:31,685 (monitor:172) INFO: In worker #3, the system-related metrics are: {'id': 3, 'fl_end_time_minutes': 2.952059, 'total_model_size': 13745790, 'total_flops': 3013379804160.0, 'total_upload_bytes': 62736, 'total_download_bytes': 186600, 'global_convergence_round': 0, 'local_convergence_round': 0, 'global_convergence_time_minutes': 0, 'local_convergence_time_minutes': 0}[0m
[38;5;39m2023-02-25 00:36:31,686 (client:513) INFO: ================= client 7 received finish message =================[0m
[38;5;39m2023-02-25 00:36:31,692 (monitor:172) INFO: In worker #7, the system-related metrics are: {'id': 7, 'fl_end_time_minutes': 2.93912, 'total_model_size': 13745790, 'total_flops': 259447947264.0, 'total_upload_bytes': 73440, 'total_download_bytes': 199040, 'global_convergence_round': 0, 'local_convergence_round': 0, 'global_convergence_time_minutes': 0, 'local_convergence_time_minutes': 0}[0m
[38;5;39m2023-02-25 00:36:31,692 (client:513) INFO: ================= client 10 received finish message =================[0m
[38;5;39m2023-02-25 00:36:31,699 (monitor:172) INFO: In worker #10, the system-related metrics are: {'id': 10, 'fl_end_time_minutes': 2.924467, 'total_model_size': 13745790, 'total_flops': 2399893512192.0, 'total_upload_bytes': 73440, 'total_download_bytes': 199040, 'global_convergence_round': 0, 'local_convergence_round': 0, 'global_convergence_time_minutes': 0, 'local_convergence_time_minutes': 0}[0m
[38;5;39m2023-02-25 00:36:31,699 (client:513) INFO: ================= client 9 received finish message =================[0m
[38;5;39m2023-02-25 00:36:31,705 (monitor:172) INFO: In worker #9, the system-related metrics are: {'id': 9, 'fl_end_time_minutes': 2.929321, 'total_model_size': 13745790, 'total_flops': 97292980224.0, 'total_upload_bytes': 73440, 'total_download_bytes': 199040, 'global_convergence_round': 0, 'local_convergence_round': 0, 'global_convergence_time_minutes': 0, 'local_convergence_time_minutes': 0}[0m
[38;5;39m2023-02-25 00:36:31,706 (client:513) INFO: ================= client 6 received finish message =================[0m
[38;5;39m2023-02-25 00:36:31,712 (monitor:172) INFO: In worker #6, the system-related metrics are: {'id': 6, 'fl_end_time_minutes': 2.942872, 'total_model_size': 13745790, 'total_flops': 97292980224.0, 'total_upload_bytes': 52032, 'total_download_bytes': 174160, 'global_convergence_round': 0, 'local_convergence_round': 0, 'global_convergence_time_minutes': 0, 'local_convergence_time_minutes': 0}[0m
[38;5;39m2023-02-25 00:36:31,712 (client:513) INFO: ================= client 8 received finish message =================[0m
[38;5;39m2023-02-25 00:36:31,718 (monitor:172) INFO: In worker #8, the system-related metrics are: {'id': 8, 'fl_end_time_minutes': 2.934833, 'total_model_size': 13745790, 'total_flops': 3291745830912.0, 'total_upload_bytes': 84144, 'total_download_bytes': 211480, 'global_convergence_round': 0, 'local_convergence_round': 0, 'global_convergence_time_minutes': 0, 'local_convergence_time_minutes': 0}[0m
[38;5;39m2023-02-25 00:36:31,719 (client:513) INFO: ================= client 5 received finish message =================[0m
[38;5;39m2023-02-25 00:36:31,725 (monitor:172) INFO: In worker #5, the system-related metrics are: {'id': 5, 'fl_end_time_minutes': 2.947079, 'total_model_size': 13745790, 'total_flops': 3121483115520.0, 'total_upload_bytes': 84144, 'total_download_bytes': 211480, 'global_convergence_round': 0, 'local_convergence_round': 0, 'global_convergence_time_minutes': 0, 'local_convergence_time_minutes': 0}[0m
[38;5;39m2023-02-25 00:36:31,725 (client:513) INFO: ================= client 2 received finish message =================[0m
[38;5;39m2023-02-25 00:36:31,731 (monitor:172) INFO: In worker #2, the system-related metrics are: {'id': 2, 'fl_end_time_minutes': 2.955032, 'total_model_size': 13745790, 'total_flops': 670240530432.0, 'total_upload_bytes': 94848, 'total_download_bytes': 223920, 'global_convergence_round': 0, 'local_convergence_round': 0, 'global_convergence_time_minutes': 0, 'local_convergence_time_minutes': 0}[0m
[38;5;39m2023-02-25 00:36:31,732 (client:513) INFO: ================= client 4 received finish message =================[0m
[38;5;39m2023-02-25 00:36:31,738 (monitor:172) INFO: In worker #4, the system-related metrics are: {'id': 4, 'fl_end_time_minutes': 2.949363, 'total_model_size': 13745790, 'total_flops': 1324265564160.0, 'total_upload_bytes': 62736, 'total_download_bytes': 186600, 'global_convergence_round': 0, 'local_convergence_round': 0, 'global_convergence_time_minutes': 0, 'local_convergence_time_minutes': 0}[0m
[38;5;39m2023-02-25 00:36:31,739 (monitor:337) INFO: We will compress the file eval_results.raw into a .gz file, and delete the old one[0m
[38;5;39m2023-02-25 00:36:31,742 (monitor:245) INFO: After merging the system metrics from all works, we got avg: defaultdict(None, {'id': 'sys_avg', 'sys_avg/fl_end_time_minutes': 2.944892, 'sys_avg/total_model_size': '11.92M', 'sys_avg/total_flops': '1.19T', 'sys_avg/total_upload_bytes': '241.9K', 'sys_avg/total_download_bytes': '241.82K', 'sys_avg/global_convergence_round': 0.0, 'sys_avg/local_convergence_round': 0.0, 'sys_avg/global_convergence_time_minutes': 0.0, 'sys_avg/local_convergence_time_minutes': 0.0})[0m
[38;5;39m2023-02-25 00:36:31,742 (monitor:248) INFO: After merging the system metrics from all works, we got std: defaultdict(None, {'id': 'sys_std', 'sys_std/fl_end_time_minutes': 0.011401, 'sys_std/total_model_size': '3.77M', 'sys_std/total_flops': '1.19T', 'sys_std/total_upload_bytes': '538.28K', 'sys_std/total_download_bytes': '150.58K', 'sys_std/global_convergence_round': 0.0, 'sys_std/local_convergence_round': 0.0, 'sys_std/global_convergence_time_minutes': 0.0, 'sys_std/local_convergence_time_minutes': 0.0})[0m
None
220
<generator object BaseDataTranslator.split_to_client.<locals>.<genexpr> at 0x7f4ffa082200>
