 is at 192.168.0.1[0m
[38;5;39m2023-02-25 00:36:37,410 (logging:126) INFO: the current dir is /home/ubuntu/medscale[0m
[38;5;39m2023-02-25 00:36:37,410 (logging:127) INFO: the output dir is exp/FedAvg_resnet18_on_lung100_lr0.01_lstep1/sub_exp_20230225003637[0m
[33;20m2023-02-25 00:36:47,884 (cfg_data:145) WARNING: config `cfg.data.batch_size` will be removed in the future, use `cfg.dataloader.batch_size` instead.[0m
[33;20m2023-02-25 00:36:47,884 (cfg_data:145) WARNING: config `cfg.data.batch_size` will be removed in the future, use `cfg.dataloader.batch_size` instead.[0m
[38;5;39m2023-02-25 00:36:47,908 (config:243) INFO: the used configs are: 
aggregator:
  inside_weight: 1.0
  num_agg_groups: 1
  num_agg_topk: []
  outside_weight: 0.0
asyn:
  use: False
attack:
  alpha_TV: 0.001
  alpha_prop_loss: 0
  attack_method: 
  attacker_id: -1
  classifier_PIA: randomforest
  edge_num: 100
  edge_path: edge_data/
  freq: 10
  info_diff_type: l2
  inject_round: 0
  insert_round: 100000
  label_type: dirty
  max_ite: 400
  mean: [0.1307]
  mia_is_simulate_in: False
  mia_simulate_in_round: 20
  pgd_eps: 2
  pgd_lr: 0.1
  pgd_poisoning: False
  poison_ratio: 0.5
  reconstruct_lr: 0.01
  reconstruct_optim: Adam
  scale_para: 1.0
  scale_poisoning: False
  self_epoch: 6
  self_lr: 0.05
  self_opt: False
  setting: fix
  std: [0.3081]
  target_label_ind: -1
  trigger_path: trigger/
  trigger_type: edge
backend: torch
cfg_file: 
check_completeness: False
criterion:
  type: CrossEntropyLoss
data:
  args: []
  batch_size: 16
  cSBM_phi: [0.5, 0.5, 0.5]
  cache_dir: 
  consistent_label_distribution: False
  drop_last: False
  hetero_data_name: []
  hetero_synth_batch_size: 32
  hetero_synth_feat_dim: 128
  hetero_synth_prim_weight: 0.5
  is_debug: False
  loader: 
  max_query_len: 128
  max_seq_len: 384
  max_tgt_len: 128
  num_contrast: 0
  num_of_client_for_data: []
  num_steps: 30
  num_workers: 0
  pre_transform: []
  quadratic:
    dim: 1
    max_curv: 12.5
    min_curv: 0.02
  root: data/
  save_data: False
  server_holds_all: False
  shuffle: True
  sizes: [10, 5]
  splits: [0.8, 0, 0.2]
  splitter: lda
  splitter_args: [{'alpha': 0.3}]
  subsample: 1.0
  target_transform: []
  test_pre_transform: []
  test_target_transform: []
  test_transform: []
  transform: []
  trunc_stride: 128
  type: lung100
  val_pre_transform: []
  val_target_transform: []
  val_transform: []
  walk_length: 2
dataloader:
  batch_size: 16
  drop_last: False
  num_steps: 30
  num_workers: 0
  pin_memory: False
  shuffle: True
  sizes: [10, 5]
  theta: -1
  type: base
  walk_length: 2
device: 0
distribute:
  use: False
early_stop:
  delta: 0.0
  improve_indicator_mode: best
  patience: 5
eval:
  best_res_update_round_wise_key: test_loss
  count_flops: True
  freq: 1
  metrics: ['acc', 'correct', 'f1']
  monitoring: []
  report: ['weighted_avg', 'avg', 'fairness', 'raw']
  split: ['test', 'val']
expname: FedAvg_resnet18_on_lung100_lr0.01_lstep1
expname_tag: 
feat_engr:
  num_bins: 5
  scenario: hfl
  secure:
    dp:
      
    encrypt:
      type: dummy
    key_size: 3072
    type: encrypt
  selec_threshold: 0.05
  selec_woe_binning: quantile
  type: 
federate:
  atc_load_from: 
  atc_vanilla: False
  client_num: 10
  data_weighted_aggr: False
  ignore_weight: False
  join_in_info: []
  make_global_eval: False
  merge_test_data: False
  method: FedAvg
  mode: standalone
  online_aggr: True
  resource_info_file: 
  restore_from: 
  sample_client_num: 6
  sample_client_rate: -1.0
  sampler: uniform
  save_to: 
  share_local_model: False
  total_round_num: 10
  unseen_clients_rate: 0.0
  use_diff: False
  use_ss: False
fedopt:
  use: False
fedprox:
  use: False
fedsageplus:
  a: 1.0
  b: 1.0
  c: 1.0
  fedgen_epoch: 200
  gen_hidden: 128
  hide_portion: 0.5
  loc_epoch: 1
  num_pred: 5
finetune:
  batch_or_epoch: epoch
  before_eval: False
  freeze_param: 
  local_update_steps: 1
  optimizer:
    lr: 0.1
    type: SGD
  scheduler:
    type: 
    warmup_ratio: 0.0
flitplus:
  factor_ema: 0.8
  lambdavat: 0.5
  tmpFed: 0.5
  weightReg: 1.0
gcflplus:
  EPS_1: 0.05
  EPS_2: 0.1
  seq_length: 5
  standardize: False
grad:
  grad_accum_count: 1
  grad_clip: 5.0
hpo:
  fedex:
    cutoff: 0.0
    diff: False
    eta0: -1.0
    flatten_ss: True
    gamma: 0.0
    pi_lr: 0.01
    psn: False
    sched: auto
    ss: 
    use: False
  init_cand_num: 16
  larger_better: False
  metric: client_summarized_weighted_avg.val_loss
  num_workers: 0
  pbt:
    max_stage: 5
    perf_threshold: 0.1
  scheduler: rs
  sha:
    budgets: []
    elim_rate: 3
    iter: 0
  ss: 
  table:
    eps: 0.1
    idx: 0
    num: 27
  working_folder: hpo
model:
  contrast_temp: 1.0
  contrast_topk: 100
  downstream_tasks: []
  dropout: 0.0
  embed_size: 8
  gamma: 0
  graph_pooling: mean
  hidden: 2048
  in_channels: 0
  input_shape: ()
  label_smoothing: 0.1
  lambda_: 0.1
  layer: 2
  length_penalty: 2.0
  max_answer_len: 30
  max_length: 200
  max_tree_depth: 3
  min_length: 1
  model_num_per_trainer: 1
  model_type: google/bert_uncased_L-2_H-128_A-2
  n_best_size: 20
  no_repeat_ngram_size: 3
  null_score_diff_threshold: 0.0
  num_beams: 5
  num_item: 0
  num_labels: 1
  num_of_trees: 10
  num_user: 0
  out_channels: 62
  pretrain_tasks: []
  stage: 
  task: node
  type: resnet18
  use_bias: True
  use_contrastive_loss: False
nbafl:
  use: False
outdir: exp/FedAvg_resnet18_on_lung100_lr0.01_lstep1/sub_exp_20230225003637
personalization:
  K: 5
  beta: 1.0
  local_param: []
  local_update_steps: 1
  lr: 0.01
  regular_weight: 0.1
  share_non_trainable_para: False
print_decimal_digits: 6
regularizer:
  mu: 0.0
  type: 
seed: 2
sgdmf:
  use: False
train:
  batch_or_epoch: epoch
  local_update_steps: 1
  optimizer:
    lr: 0.01
    type: SGD
    weight_decay: 0.0
  scheduler:
    type: 
    warmup_ratio: 0.0
trainer:
  disp_freq: 50
  local_entropy:
    alpha: 0.75
    eps: 0.001
    gamma: 0.0001
  sam:
    adaptive: False
    eta: 0.0
    rho: 1.0
  type: cvtrainer
  val_freq: 100000000
use_gpu: True
verbose: 1
vertical:
  use: False
wandb:
  use: False[0m
[38;5;39m2023-02-25 00:36:48,060 (utils:144) INFO: The device information file is not provided[0m
[38;5;39m2023-02-25 00:36:48,566 (fed_runner:169) INFO: Server has been set up ... [0m
[38;5;39m2023-02-25 00:36:49,137 (fed_runner:221) INFO: Client 1 has been set up ... [0m
[38;5;39m2023-02-25 00:36:49,532 (fed_runner:221) INFO: Client 2 has been set up ... [0m
[38;5;39m2023-02-25 00:36:49,897 (fed_runner:221) INFO: Client 3 has been set up ... [0m
[38;5;39m2023-02-25 00:36:50,255 (fed_runner:221) INFO: Client 4 has been set up ... [0m
[38;5;39m2023-02-25 00:36:50,482 (fed_runner:221) INFO: Client 5 has been set up ... [0m
[38;5;39m2023-02-25 00:36:50,915 (fed_runner:221) INFO: Client 6 has been set up ... [0m
[38;5;39m2023-02-25 00:36:51,204 (fed_runner:221) INFO: Client 7 has been set up ... [0m
[38;5;39m2023-02-25 00:36:51,579 (fed_runner:221) INFO: Client 8 has been set up ... [0m
[38;5;39m2023-02-25 00:36:51,928 (fed_runner:221) INFO: Client 9 has been set up ... [0m
[38;5;39m2023-02-25 00:36:52,398 (fed_runner:221) INFO: Client 10 has been set up ... [0m
[38;5;39m2023-02-25 00:36:52,398 (trainer:341) INFO: Model meta-info: <class 'timm.models.resnet.ResNet'>.[0m
[38;5;39m2023-02-25 00:36:52,400 (trainer:349) INFO: Num of original para names: 122.[0m
[38;5;39m2023-02-25 00:36:52,400 (trainer:350) INFO: Num of original trainable para names: 62.[0m
[38;5;39m2023-02-25 00:36:52,400 (trainer:352) INFO: Num of preserved para names in local update: 122. 
Preserved para names in local update: {'layer2.0.bn1.weight', 'layer4.0.bn2.num_batches_tracked', 'layer3.1.bn1.bias', 'layer2.0.downsample.1.running_var', 'layer2.0.bn2.bias', 'layer3.0.downsample.1.bias', 'layer2.0.bn2.running_var', 'layer3.0.downsample.1.running_var', 'layer2.0.bn2.num_batches_tracked', 'layer4.0.bn1.bias', 'layer4.1.bn2.num_batches_tracked', 'fc.weight', 'layer1.0.bn1.weight', 'layer2.1.conv1.weight', 'layer4.1.bn1.bias', 'layer2.0.bn1.running_mean', 'layer3.1.bn1.weight', 'layer3.0.bn1.bias', 'layer4.0.downsample.1.weight', 'layer3.0.bn1.num_batches_tracked', 'layer4.0.downsample.1.running_mean', 'layer3.0.bn1.weight', 'layer1.0.bn1.num_batches_tracked', 'layer2.0.downsample.0.weight', 'layer1.0.conv1.weight', 'layer3.1.bn1.running_mean', 'layer2.1.bn1.bias', 'layer1.1.bn1.running_mean', 'layer3.1.bn1.num_batches_tracked', 'layer2.0.downsample.1.num_batches_tracked', 'layer4.1.conv2.weight', 'layer4.1.bn2.weight', 'layer4.0.bn2.running_mean', 'layer1.1.bn2.weight', 'layer1.0.bn1.running_var', 'layer3.0.downsample.1.running_mean', 'bn1.running_var', 'layer4.1.bn1.running_var', 'layer1.1.bn2.running_mean', 'layer2.1.bn1.running_var', 'layer1.1.conv1.weight', 'layer2.1.bn2.weight', 'layer4.1.bn1.running_mean', 'layer1.1.bn1.running_var', 'bn1.num_batches_tracked', 'layer3.0.bn2.running_var', 'layer2.0.conv1.weight', 'layer2.1.bn2.num_batches_tracked', 'layer1.0.bn1.running_mean', 'layer4.1.bn1.num_batches_tracked', 'layer2.1.bn1.running_mean', 'layer4.0.conv2.weight', 'layer1.0.bn2.running_var', 'layer3.0.downsample.1.num_batches_tracked', 'conv1.weight', 'layer2.0.downsample.1.running_mean', 'layer4.0.downsample.1.num_batches_tracked', 'layer2.1.bn1.weight', 'layer3.0.bn2.weight', 'layer3.0.bn2.running_mean', 'layer1.1.bn1.num_batches_tracked', 'layer3.0.downsample.0.weight', 'layer2.1.conv2.weight', 'layer2.1.bn2.running_mean', 'layer4.1.bn2.bias', 'layer1.1.bn1.weight', 'fc.bias', 'layer3.0.bn1.running_mean', 'layer1.0.bn1.bias', 'layer3.0.bn2.num_batches_tracked', 'layer1.0.conv2.weight', 'layer1.0.bn2.bias', 'layer1.1.bn1.bias', 'layer2.0.bn2.running_mean', 'layer4.0.downsample.1.bias', 'layer3.0.downsample.1.weight', 'layer1.1.bn2.bias', 'layer3.0.conv2.weight', 'layer4.1.bn2.running_mean', 'layer1.0.bn2.weight', 'layer4.0.bn1.num_batches_tracked', 'layer4.1.bn2.running_var', 'layer4.0.downsample.0.weight', 'bn1.bias', 'layer2.0.bn1.num_batches_tracked', 'layer3.1.bn1.running_var', 'layer2.0.bn1.bias', 'layer4.1.bn1.weight', 'layer3.1.bn2.bias', 'layer1.0.bn2.running_mean', 'layer4.0.bn1.weight', 'layer3.1.bn2.num_batches_tracked', 'layer3.1.conv2.weight', 'layer2.1.bn2.bias', 'layer2.1.bn2.running_var', 'bn1.running_mean', 'layer2.0.bn2.weight', 'layer2.0.downsample.1.weight', 'layer3.0.bn1.running_var', 'layer4.1.conv1.weight', 'layer1.1.conv2.weight', 'layer4.0.conv1.weight', 'bn1.weight', 'layer4.0.bn2.bias', 'layer4.0.downsample.1.running_var', 'layer3.1.bn2.weight', 'layer2.0.downsample.1.bias', 'layer2.0.conv2.weight', 'layer3.0.conv1.weight', 'layer4.0.bn2.weight', 'layer4.0.bn2.running_var', 'layer2.0.bn1.running_var', 'layer1.0.bn2.num_batches_tracked', 'layer4.0.bn1.running_var', 'layer2.1.bn1.num_batches_tracked', 'layer1.1.bn2.num_batches_tracked', 'layer3.1.bn2.running_mean', 'layer4.0.bn1.running_mean', 'layer3.1.conv1.weight', 'layer3.0.bn2.bias', 'layer1.1.bn2.running_var', 'layer3.1.bn2.running_var'}.[0m
[38;5;39m2023-02-25 00:36:52,402 (trainer:356) INFO: Num of filtered para names in local update: 0. 
Filtered para names in local update: set().[0m
[38;5;39m2023-02-25 00:36:52,402 (trainer:361) INFO: After register default hooks,
	the hooks_in_train is:
	{
	  "on_fit_start": [
	    "_hook_on_fit_start_init",
	    "_hook_on_fit_start_calculate_model_size"
	  ],
	  "on_epoch_start": [
	    "_hook_on_epoch_start"
	  ],
	  "on_batch_start": [
	    "_hook_on_batch_start_init"
	  ],
	  "on_batch_forward": [
	    "_hook_on_batch_forward",
	    "_hook_on_batch_forward_regularizer",
	    "_hook_on_batch_forward_flop_count"
	  ],
	  "on_batch_backward": [
	    "_hook_on_batch_backward"
	  ],
	  "on_batch_end": [
	    "_hook_on_batch_end"
	  ],
	  "on_fit_end": [
	    "_hook_on_fit_end"
	  ]
	};
	the hooks_in_eval is:
            t{
	  "on_fit_start": [
	    "_hook_on_fit_start_init"
	  ],
	  "on_epoch_start": [
	    "_hook_on_epoch_start"
	  ],
	  "on_batch_start": [
	    "_hook_on_batch_start_init"
	  ],
	  "on_batch_forward": [
	    "_hook_on_batch_forward"
	  ],
	  "on_batch_end": [
	    "_hook_on_batch_end"
	  ],
	  "on_fit_end": [
	    "_hook_on_fit_end"
	  ]
	}[0m
[38;5;39m2023-02-25 00:36:52,462 (server:804) INFO: ----------- Starting training (Round #0) -------------[0m
Unsupported operator aten::max_pool2d encountered 1 time(s)
Unsupported operator aten::add_ encountered 8 time(s)
[38;5;39m2023-02-25 00:36:57,733 (client:306) INFO: {'Role': 'Client #9', 'Round': 0, 'Results_raw': {'train_total': 6, 'train_acc': 0.0, 'train_correct': 0.0, 'train_avg_loss': 9.801379, 'train_loss': 58.808275, 'train_f1': 0.0}}[0m
Unsupported operator aten::max_pool2d encountered 1 time(s)
Unsupported operator aten::add_ encountered 8 time(s)
[38;5;39m2023-02-25 00:37:00,212 (client:306) INFO: {'Role': 'Client #3', 'Round': 0, 'Results_raw': {'train_total': 223, 'train_acc': 0.013453, 'train_correct': 3.0, 'train_avg_loss': 7.826999, 'train_loss': 1745.420668, 'train_f1': 0.000168}}[0m
Unsupported operator aten::max_pool2d encountered 1 time(s)
Unsupported operator aten::add_ encountered 8 time(s)
[38;5;39m2023-02-25 00:37:01,939 (client:306) INFO: {'Role': 'Client #10', 'Round': 0, 'Results_raw': {'train_total': 148, 'train_acc': 0.0, 'train_correct': 0.0, 'train_avg_loss': 9.584261, 'train_loss': 1418.470619, 'train_f1': 0.0}}[0m
Unsupported operator aten::max_pool2d encountered 1 time(s)
Unsupported operator aten::add_ encountered 8 time(s)
[38;5;39m2023-02-25 00:37:03,948 (client:306) INFO: {'Role': 'Client #8', 'Round': 0, 'Results_raw': {'train_total': 174, 'train_acc': 0.0, 'train_correct': 0.0, 'train_avg_loss': 8.872962, 'train_loss': 1543.895424, 'train_f1': 0.0}}[0m
Unsupported operator aten::max_pool2d encountered 1 time(s)
Unsupported operator aten::add_ encountered 8 time(s)
[38;5;39m2023-02-25 00:37:04,230 (client:306) INFO: {'Role': 'Client #1', 'Round': 0, 'Results_raw': {'train_total': 7, 'train_acc': 0.0, 'train_correct': 0.0, 'train_avg_loss': 10.351486, 'train_loss': 72.460403, 'train_f1': 0.0}}[0m
Unsupported operator aten::max_pool2d encountered 1 time(s)
Unsupported operator aten::add_ encountered 8 time(s)
[38;5;39m2023-02-25 00:37:05,031 (client:306) INFO: {'Role': 'Client #2', 'Round': 0, 'Results_raw': {'train_total': 31, 'train_acc': 0.0, 'train_correct': 0.0, 'train_avg_loss': 10.407548, 'train_loss': 322.633989, 'train_f1': 0.0}}[0m
[38;5;39m2023-02-25 00:37:05,103 (monitor:541) INFO: {'Role': 'Server #', 'Round': 0, 'Results_model_metric': {}}[0m
[38;5;39m2023-02-25 00:37:05,132 (server:330) INFO: Server: Starting evaluation at the end of round 0.[0m
[38;5;39m2023-02-25 00:37:05,151 (server:336) INFO: ----------- Starting a new training round (Round #1) -------------[0m
[33;20m2023-02-25 00:37:06,043 (context:294) WARNING: No val_data or val_loader in the trainer, will skip evaluation.If this is not the case you want, please check whether there is typo for the name[0m
[33;20m2023-02-25 00:37:06,485 (context:294) WARNING: No val_data or val_loader in the trainer, will skip evaluation.If this is not the case you want, please check whether there is typo for the name[0m
[33;20m2023-02-25 00:37:06,595 (context:294) WARNING: No val_data or val_loader in the trainer, will skip evaluation.If this is not the case you want, please check whether there is typo for the name[0m
[33;20m2023-02-25 00:37:06,881 (context:294) WARNING: No val_data or val_loader in the trainer, will skip evaluation.If this is not the case you want, please check whether there is typo for the name[0m
[33;20m2023-02-25 00:37:06,929 (context:294) WARNING: No val_data or val_loader in the trainer, will skip evaluation.If this is not the case you want, please check whether there is typo for the name[0m
[33;20m2023-02-25 00:37:07,266 (context:294) WARNING: No val_data or val_loader in the trainer, will skip evaluation.If this is not the case you want, please check whether there is typo for the name[0m
[33;20m2023-02-25 00:37:07,370 (context:294) WARNING: No val_data or val_loader in the trainer, will skip evaluation.If this is not the case you want, please check whether there is typo for the name[0m
[33;20m2023-02-25 00:37:07,896 (context:294) WARNING: No val_data or val_loader in the trainer, will skip evaluation.If this is not the case you want, please check whether there is typo for the name[0m
[33;20m2023-02-25 00:37:08,269 (context:294) WARNING: No val_data or val_loader in the trainer, will skip evaluation.If this is not the case you want, please check whether there is typo for the name[0m
[33;20m2023-02-25 00:37:08,647 (context:294) WARNING: No val_data or val_loader in the trainer, will skip evaluation.If this is not the case you want, please check whether there is typo for the name[0m
<<<<<<< HEAD
/home/ubuntu/medscale/medscale/core/monitors/monitor.py:500: RuntimeWarning: invalid value encountered in double_scalars
=======
<<<<<<< HEAD
/home/ubuntu/medscale/medscale/core/monitors/monitor.py:500: RuntimeWarning: invalid value encountered in double_scalars
=======
/home/ubuntu/medscale/medscale/core/monitors/monitor.py:500: RuntimeWarning: invalid value encountered in double_scalars
>>>>>>> fe4962455354c9c11afd9c9806ceda28eb280737
>>>>>>> 64b283ee525ef53c32509882719e74890329b83f
  new_results[f"{key}_cos1"] = np.mean(
[38;5;39m2023-02-25 00:37:08,649 (server:590) INFO: {'Role': 'Server #', 'Round': 0, 'Results_weighted_avg': {'test_total': 22.0, 'test_acc': 0.0, 'test_correct': 0.0, 'test_avg_loss': 10.125611, 'test_loss': 305.368088, 'test_f1': 0.0}, 'Results_avg': {'test_total': 22.0, 'test_acc': 0.0, 'test_correct': 0.0, 'test_avg_loss': 11.159315, 'test_loss': 222.763451, 'test_f1': 0.0}, 'Results_fairness': {'test_total': 22.0, 'test_correct': 0.0, 'test_acc_std': 0.0, 'test_acc_bottom_decile': 0.0, 'test_acc_top_decile': 0.0, 'test_acc_min': 0.0, 'test_acc_max': 0.0, 'test_acc_bottom10%': 0.0, 'test_acc_top10%': 0.0, 'test_acc_cos1': nan, 'test_acc_entropy': 2.302585, 'test_avg_loss_std': 2.714624, 'test_avg_loss_bottom_decile': 9.030899, 'test_avg_loss_top_decile': 18.626936, 'test_avg_loss_min': 8.491508, 'test_avg_loss_max': 18.626936, 'test_avg_loss_bottom10%': 8.491508, 'test_avg_loss_top10%': 18.626936, 'test_avg_loss_cos1': 0.971664, 'test_avg_loss_entropy': 2.276302, 'test_loss_std': 135.092059, 'test_loss_bottom_decile': 56.270647, 'test_loss_top_decile': 390.609379, 'test_loss_min': 18.626936, 'test_loss_max': 390.609379, 'test_loss_bottom10%': 18.626936, 'test_loss_top10%': 390.609379, 'test_loss_cos1': 0.855055, 'test_loss_entropy': 2.083452, 'test_f1_std': 0.0, 'test_f1_bottom_decile': 0.0, 'test_f1_top_decile': 0.0, 'test_f1_min': 0.0, 'test_f1_max': 0.0, 'test_f1_bottom10%': 0.0, 'test_f1_top10%': 0.0, 'test_f1_cos1': nan, 'test_f1_entropy': 2.302585}}[0m
[38;5;39m2023-02-25 00:37:08,773 (client:306) INFO: {'Role': 'Client #1', 'Round': 1, 'Results_raw': {'train_total': 7, 'train_acc': 0.0, 'train_correct': 0.0, 'train_avg_loss': 9.69565, 'train_loss': 67.869551, 'train_f1': 0.0}}[0m
[38;5;39m2023-02-25 00:37:09,172 (client:306) INFO: {'Role': 'Client #2', 'Round': 1, 'Results_raw': {'train_total': 31, 'train_acc': 0.0, 'train_correct': 0.0, 'train_avg_loss': 8.153756, 'train_loss': 252.766438, 'train_f1': 0.0}}[0m
[38;5;39m2023-02-25 00:37:11,343 (client:306) INFO: {'Role': 'Client #10', 'Round': 1, 'Results_raw': {'train_total': 148, 'train_acc': 0.054054, 'train_correct': 8.0, 'train_avg_loss': 5.921816, 'train_loss': 876.428703, 'train_f1': 0.001253}}[0m
WARNING:fvcore.nn.jit_analysis:Unsupported operator aten::max_pool2d encountered 1 time(s)
WARNING:fvcore.nn.jit_analysis:Unsupported operator aten::add_ encountered 8 time(s)
[38;5;39m2023-02-25 00:37:13,368 (client:306) INFO: {'Role': 'Client #5', 'Round': 1, 'Results_raw': {'train_total': 165, 'train_acc': 0.018182, 'train_correct': 3.0, 'train_avg_loss': 7.00645, 'train_loss': 1156.064309, 'train_f1': 0.000484}}[0m
WARNING:fvcore.nn.jit_analysis:Unsupported operator aten::max_pool2d encountered 1 time(s)
WARNING:fvcore.nn.jit_analysis:Unsupported operator aten::add_ encountered 8 time(s)
[38;5;39m2023-02-25 00:37:13,741 (client:306) INFO: {'Role': 'Client #7', 'Round': 1, 'Results_raw': {'train_total': 16, 'train_acc': 0.0, 'train_correct': 0.0, 'train_avg_loss': 9.757047, 'train_loss': 156.112747, 'train_f1': 0.0}}[0m
[38;5;39m2023-02-25 00:37:15,748 (client:306) INFO: {'Role': 'Client #8', 'Round': 1, 'Results_raw': {'train_total': 174, 'train_acc': 0.051724, 'train_correct': 9.0, 'train_avg_loss': 6.035295, 'train_loss': 1050.14133, 'train_f1': 0.000839}}[0m
[38;5;39m2023-02-25 00:37:15,778 (monitor:541) INFO: {'Role': 'Server #', 'Round': 1, 'Results_model_metric': {}}[0m
[38;5;39m2023-02-25 00:37:15,786 (server:330) INFO: Server: Starting evaluation at the end of round 1.[0m
[38;5;39m2023-02-25 00:37:15,794 (server:336) INFO: ----------- Starting a new training round (Round #2) -------------[0m
[33;20m2023-02-25 00:37:16,482 (context:294) WARNING: No val_data or val_loader in the trainer, will skip evaluation.If this is not the case you want, please check whether there is typo for the name[0m
[33;20m2023-02-25 00:37:16,832 (context:294) WARNING: No val_data or val_loader in the trainer, will skip evaluation.If this is not the case you want, please check whether there is typo for the name[0m
[33;20m2023-02-25 00:37:16,913 (context:294) WARNING: No val_data or val_loader in the trainer, will skip evaluation.If this is not the case you want, please check whether there is typo for the name[0m
[33;20m2023-02-25 00:37:17,136 (context:294) WARNING: No val_data or val_loader in the trainer, will skip evaluation.If this is not the case you want, please check whether there is typo for the name[0m
[33;20m2023-02-25 00:37:17,219 (context:294) WARNING: No val_data or val_loader in the trainer, will skip evaluation.If this is not the case you want, please check whether there is typo for the name[0m
[33;20m2023-02-25 00:37:17,595 (context:294) WARNING: No val_data or val_loader in the trainer, will skip evaluation.If this is not the case you want, please check whether there is typo for the name[0m
[33;20m2023-02-25 00:37:17,744 (context:294) WARNING: No val_data or val_loader in the trainer, will skip evaluation.If this is not the case you want, please check whether there is typo for the name[0m
[33;20m2023-02-25 00:37:18,454 (context:294) WARNING: No val_data or val_loader in the trainer, will skip evaluation.If this is not the case you want, please check whether there is typo for the name[0m
[33;20m2023-02-25 00:37:18,866 (context:294) WARNING: No val_data or val_loader in the trainer, will skip evaluation.If this is not the case you want, please check whether there is typo for the name[0m
[33;20m2023-02-25 00:37:19,145 (context:294) WARNING: No val_data or val_loader in the trainer, will skip evaluation.If this is not the case you want, please check whether there is typo for the name[0m
[38;5;39m2023-02-25 00:37:19,147 (server:590) INFO: {'Role': 'Server #', 'Round': 1, 'Results_weighted_avg': {'test_total': 22.0, 'test_acc': 0.018182, 'test_correct': 0.4, 'test_avg_loss': 6.190818, 'test_loss': 187.56363, 'test_f1': 0.001994}, 'Results_avg': {'test_total': 22.0, 'test_acc': 0.015506, 'test_correct': 0.4, 'test_avg_loss': 6.745224, 'test_loss': 136.197991, 'test_f1': 0.001769}, 'Results_fairness': {'test_total': 22.0, 'test_correct': 0.4, 'test_acc_std': 0.029084, 'test_acc_bottom_decile': 0.0, 'test_acc_top_decile': 0.095238, 'test_acc_min': 0.0, 'test_acc_max': 0.095238, 'test_acc_bottom10%': 0.0, 'test_acc_top10%': 0.095238, 'test_acc_cos1': 0.470457, 'test_acc_entropy': 0.933858, 'test_avg_loss_std': 1.283254, 'test_avg_loss_bottom_decile': 5.371391, 'test_avg_loss_top_decile': 9.076961, 'test_avg_loss_min': 5.110628, 'test_avg_loss_max': 9.076961, 'test_avg_loss_bottom10%': 5.110628, 'test_avg_loss_top10%': 9.076961, 'test_avg_loss_cos1': 0.98238, 'test_avg_loss_entropy': 2.284964, 'test_loss_std': 82.939187, 'test_loss_bottom_decile': 38.939667, 'test_loss_top_decile': 285.494531, 'test_loss_min': 9.076961, 'test_loss_max': 285.494531, 'test_loss_bottom10%': 9.076961, 'test_loss_top10%': 285.494531, 'test_loss_cos1': 0.854098, 'test_loss_entropy': 2.085575, 'test_f1_std': 0.00368, 'test_f1_bottom_decile': 0.0, 'test_f1_top_decile': 0.012346, 'test_f1_min': 0.0, 'test_f1_max': 0.012346, 'test_f1_bottom10%': 0.0, 'test_f1_top10%': 0.012346, 'test_f1_cos1': 0.433322, 'test_f1_entropy': 0.822153}}[0m
[38;5;39m2023-02-25 00:37:19,354 (client:306) INFO: {'Role': 'Client #7', 'Round': 2, 'Results_raw': {'train_total': 16, 'train_acc': 0.0, 'train_correct': 0.0, 'train_avg_loss': 8.075439, 'train_loss': 129.207031, 'train_f1': 0.0}}[0m
[38;5;39m2023-02-25 00:37:19,742 (client:306) INFO: {'Role': 'Client #2', 'Round': 2, 'Results_raw': {'train_total': 31, 'train_acc': 0.096774, 'train_correct': 3.0, 'train_avg_loss': 5.792048, 'train_loss': 179.553503, 'train_f1': 0.023627}}[0m
[38;5;39m2023-02-25 00:37:21,700 (client:306) INFO: {'Role': 'Client #8', 'Round': 2, 'Results_raw': {'train_total': 174, 'train_acc': 0.350575, 'train_correct': 61.0, 'train_avg_loss': 3.685711, 'train_loss': 641.313764, 'train_f1': 0.011793}}[0m
[38;5;39m2023-02-25 00:37:23,592 (client:306) INFO: {'Role': 'Client #5', 'Round': 2, 'Results_raw': {'train_total': 165, 'train_acc': 0.236364, 'train_correct': 39.0, 'train_avg_loss': 4.808611, 'train_loss': 793.420817, 'train_f1': 0.006592}}[0m
WARNING:fvcore.nn.jit_analysis:Unsupported operator aten::max_pool2d encountered 1 time(s)
WARNING:fvcore.nn.jit_analysis:Unsupported operator aten::add_ encountered 8 time(s)
[38;5;39m2023-02-25 00:37:23,789 (client:306) INFO: {'Role': 'Client #6', 'Round': 2, 'Results_raw': {'train_total': 9, 'train_acc': 0.111111, 'train_correct': 1.0, 'train_avg_loss': 5.292356, 'train_loss': 47.631208, 'train_f1': 0.025}}[0m
[38;5;39m2023-02-25 00:37:23,924 (client:306) INFO: {'Role': 'Client #1', 'Round': 2, 'Results_raw': {'train_total': 7, 'train_acc': 0.0, 'train_correct': 0.0, 'train_avg_loss': 8.683765, 'train_loss': 60.786358, 'train_f1': 0.0}}[0m
[38;5;39m2023-02-25 00:37:23,960 (monitor:541) INFO: {'Role': 'Server #', 'Round': 2, 'Results_model_metric': {}}[0m
[38;5;39m2023-02-25 00:37:23,980 (server:330) INFO: Server: Starting evaluation at the end of round 2.[0m
[38;5;39m2023-02-25 00:37:23,990 (server:336) INFO: ----------- Starting a new training round (Round #3) -------------[0m
[33;20m2023-02-25 00:37:24,582 (context:294) WARNING: No val_data or val_loader in the trainer, will skip evaluation.If this is not the case you want, please check whether there is typo for the name[0m
[33;20m2023-02-25 00:37:24,870 (context:294) WARNING: No val_data or val_loader in the trainer, will skip evaluation.If this is not the case you want, please check whether there is typo for the name[0m
[33;20m2023-02-25 00:37:24,954 (context:294) WARNING: No val_data or val_loader in the trainer, will skip evaluation.If this is not the case you want, please check whether there is typo for the name[0m
[33;20m2023-02-25 00:37:25,182 (context:294) WARNING: No val_data or val_loader in the trainer, will skip evaluation.If this is not the case you want, please check whether there is typo for the name[0m
[33;20m2023-02-25 00:37:25,231 (context:294) WARNING: No val_data or val_loader in the trainer, will skip evaluation.If this is not the case you want, please check whether there is typo for the name[0m
[33;20m2023-02-25 00:37:25,571 (context:294) WARNING: No val_data or val_loader in the trainer, will skip evaluation.If this is not the case you want, please check whether there is typo for the name[0m
[33;20m2023-02-25 00:37:25,693 (context:294) WARNING: No val_data or val_loader in the trainer, will skip evaluation.If this is not the case you want, please check whether there is typo for the name[0m
[33;20m2023-02-25 00:37:26,148 (context:294) WARNING: No val_data or val_loader in the trainer, will skip evaluation.If this is not the case you want, please check whether there is typo for the name[0m
[33;20m2023-02-25 00:37:26,357 (context:294) WARNING: No val_data or val_loader in the trainer, will skip evaluation.If this is not the case you want, please check whether there is typo for the name[0m
[33;20m2023-02-25 00:37:26,631 (context:294) WARNING: No val_data or val_loader in the trainer, will skip evaluation.If this is not the case you want, please check whether there is typo for the name[0m
[38;5;39m2023-02-25 00:37:26,633 (server:590) INFO: {'Role': 'Server #', 'Round': 2, 'Results_weighted_avg': {'test_total': 22.0, 'test_acc': 0.254545, 'test_correct': 5.6, 'test_avg_loss': 4.09135, 'test_loss': 122.260949, 'test_f1': 0.026465}, 'Results_avg': {'test_total': 22.0, 'test_acc': 0.181576, 'test_correct': 5.6, 'test_avg_loss': 4.599435, 'test_loss': 90.009693, 'test_f1': 0.019281}, 'Results_fairness': {'test_total': 22.0, 'test_correct': 5.6, 'test_acc_std': 0.211994, 'test_acc_bottom_decile': 0.0, 'test_acc_top_decile': 0.52381, 'test_acc_min': 0.0, 'test_acc_max': 0.52381, 'test_acc_bottom10%': 0.0, 'test_acc_top10%': 0.52381, 'test_acc_cos1': 0.650517, 'test_acc_entropy': 1.555026, 'test_avg_loss_std': 1.282803, 'test_avg_loss_bottom_decile': 2.97453, 'test_avg_loss_top_decile': 6.475694, 'test_avg_loss_min': 2.767187, 'test_avg_loss_max': 6.475694, 'test_avg_loss_bottom10%': 2.767187, 'test_avg_loss_top10%': 6.475694, 'test_avg_loss_cos1': 0.963237, 'test_avg_loss_entropy': 2.262665, 'test_loss_std': 56.261875, 'test_loss_bottom_decile': 29.674255, 'test_loss_top_decile': 198.868642, 'test_loss_min': 5.872959, 'test_loss_max': 198.868642, 'test_loss_bottom10%': 5.872959, 'test_loss_top10%': 198.868642, 'test_loss_cos1': 0.847974, 'test_loss_entropy': 2.083384, 'test_f1_std': 0.023504, 'test_f1_bottom_decile': 0.0, 'test_f1_top_decile': 0.068966, 'test_f1_min': 0.0, 'test_f1_max': 0.068966, 'test_f1_bottom10%': 0.0, 'test_f1_top10%': 0.068966, 'test_f1_cos1': 0.634238, 'test_f1_entropy': 1.522954}}[0m
[38;5;39m2023-02-25 00:37:26,871 (client:306) INFO: {'Role': 'Client #7', 'Round': 3, 'Results_raw': {'train_total': 16, 'train_acc': 0.0, 'train_correct': 0.0, 'train_avg_loss': 6.555918, 'train_loss': 104.894691, 'train_f1': 0.0}}[0m
[38;5;39m2023-02-25 00:37:29,659 (client:306) INFO: {'Role': 'Client #3', 'Round': 3, 'Results_raw': {'train_total': 223, 'train_acc': 0.744395, 'train_correct': 166.0, 'train_avg_loss': 1.541293, 'train_loss': 343.708258, 'train_f1': 0.029298}}[0m
[38;5;39m2023-02-25 00:37:29,804 (client:306) INFO: {'Role': 'Client #9', 'Round': 3, 'Results_raw': {'train_total': 6, 'train_acc': 0.166667, 'train_correct': 1.0, 'train_avg_loss': 4.441868, 'train_loss': 26.65121, 'train_f1': 0.057143}}[0m
[38;5;39m2023-02-25 00:37:30,211 (client:306) INFO: {'Role': 'Client #2', 'Round': 3, 'Results_raw': {'train_total': 31, 'train_acc': 0.193548, 'train_correct': 6.0, 'train_avg_loss': 3.808056, 'train_loss': 118.049735, 'train_f1': 0.02662}}[0m
WARNING:fvcore.nn.jit_analysis:Unsupported operator aten::max_pool2d encountered 1 time(s)
WARNING:fvcore.nn.jit_analysis:Unsupported operator aten::add_ encountered 8 time(s)
[38;5;39m2023-02-25 00:37:31,448 (client:306) INFO: {'Role': 'Client #4', 'Round': 3, 'Results_raw': {'train_total': 98, 'train_acc': 0.571429, 'train_correct': 56.0, 'train_avg_loss': 2.451653, 'train_loss': 240.262005, 'train_f1': 0.029091}}[0m
[38;5;39m2023-02-25 00:37:33,286 (client:306) INFO: {'Role': 'Client #8', 'Round': 3, 'Results_raw': {'train_total': 174, 'train_acc': 0.695402, 'train_correct': 121.0, 'train_avg_loss': 1.882212, 'train_loss': 327.504873, 'train_f1': 0.048752}}[0m
[38;5;39m2023-02-25 00:37:33,337 (monitor:541) INFO: {'Role': 'Server #', 'Round': 3, 'Results_model_metric': {}}[0m
[38;5;39m2023-02-25 00:37:33,345 (server:330) INFO: Server: Starting evaluation at the end of round 3.[0m
[38;5;39m2023-02-25 00:37:33,351 (server:336) INFO: ----------- Starting a new training round (Round #4) -------------[0m
[33;20m2023-02-25 00:37:33,824 (context:294) WARNING: No val_data or val_loader in the trainer, will skip evaluation.If this is not the case you want, please check whether there is typo for the name[0m
[33;20m2023-02-25 00:37:34,118 (context:294) WARNING: No val_data or val_loader in the trainer, will skip evaluation.If this is not the case you want, please check whether there is typo for the name[0m
[33;20m2023-02-25 00:37:34,200 (context:294) WARNING: No val_data or val_loader in the trainer, will skip evaluation.If this is not the case you want, please check whether there is typo for the name[0m
[33;20m2023-02-25 00:37:34,514 (context:294) WARNING: No val_data or val_loader in the trainer, will skip evaluation.If this is not the case you want, please check whether there is typo for the name[0m
[33;20m2023-02-25 00:37:34,592 (context:294) WARNING: No val_data or val_loader in the trainer, will skip evaluation.If this is not the case you want, please check whether there is typo for the name[0m
[33;20m2023-02-25 00:37:34,900 (context:294) WARNING: No val_data or val_loader in the trainer, will skip evaluation.If this is not the case you want, please check whether there is typo for the name[0m
[33;20m2023-02-25 00:37:34,985 (context:294) WARNING: No val_data or val_loader in the trainer, will skip evaluation.If this is not the case you want, please check whether there is typo for the name[0m
[33;20m2023-02-25 00:37:35,455 (context:294) WARNING: No val_data or val_loader in the trainer, will skip evaluation.If this is not the case you want, please check whether there is typo for the name[0m
[33;20m2023-02-25 00:37:35,709 (context:294) WARNING: No val_data or val_loader in the trainer, will skip evaluation.If this is not the case you want, please check whether there is typo for the name[0m
[33;20m2023-02-25 00:37:35,915 (context:294) WARNING: No val_data or val_loader in the trainer, will skip evaluation.If this is not the case you want, please check whether there is typo for the name[0m
[38;5;39m2023-02-25 00:37:35,917 (server:590) INFO: {'Role': 'Server #', 'Round': 3, 'Results_weighted_avg': {'test_total': 22.0, 'test_acc': 0.686364, 'test_correct': 15.1, 'test_avg_loss': 2.071849, 'test_loss': 57.864704, 'test_f1': 0.235092}, 'Results_avg': {'test_total': 22.0, 'test_acc': 0.519969, 'test_correct': 15.1, 'test_avg_loss': 2.819504, 'test_loss': 45.580674, 'test_f1': 0.179872}, 'Results_fairness': {'test_total': 22.0, 'test_correct': 15.1, 'test_acc_std': 0.317103, 'test_acc_bottom_decile': 0.0, 'test_acc_top_decile': 0.90625, 'test_acc_min': 0.0, 'test_acc_max': 0.90625, 'test_acc_bottom10%': 0.0, 'test_acc_top10%': 0.90625, 'test_acc_cos1': 0.853761, 'test_acc_entropy': 2.025794, 'test_avg_loss_std': 1.679445, 'test_avg_loss_bottom_decile': 1.323315, 'test_avg_loss_top_decile': 6.464175, 'test_avg_loss_min': 1.216693, 'test_avg_loss_max': 6.464175, 'test_avg_loss_bottom10%': 1.216693, 'test_avg_loss_top10%': 6.464175, 'test_avg_loss_cos1': 0.859136, 'test_avg_loss_entropy': 2.141951, 'test_loss_std': 26.463237, 'test_loss_bottom_decile': 13.568007, 'test_loss_top_decile': 87.018954, 'test_loss_min': 4.919014, 'test_loss_max': 87.018954, 'test_loss_bottom10%': 4.919014, 'test_loss_top10%': 87.018954, 'test_loss_cos1': 0.864813, 'test_loss_entropy': 2.117329, 'test_f1_std': 0.150823, 'test_f1_bottom_decile': 0.0, 'test_f1_top_decile': 0.550725, 'test_f1_min': 0.0, 'test_f1_max': 0.550725, 'test_f1_bottom10%': 0.0, 'test_f1_top10%': 0.550725, 'test_f1_cos1': 0.76627, 'test_f1_entropy': 1.927758}}[0m
[38;5;39m2023-02-25 00:37:38,496 (client:306) INFO: {'Role': 'Client #3', 'Round': 4, 'Results_raw': {'train_total': 223, 'train_acc': 0.892377, 'train_correct': 199.0, 'train_avg_loss': 0.56397, 'train_loss': 125.765225, 'train_f1': 0.617933}}[0m
[38;5;39m2023-02-25 00:37:38,700 (client:306) INFO: {'Role': 'Client #7', 'Round': 4, 'Results_raw': {'train_total': 16, 'train_acc': 0.0, 'train_correct': 0.0, 'train_avg_loss': 6.604444, 'train_loss': 105.671104, 'train_f1': 0.0}}[0m
[38;5;39m2023-02-25 00:37:38,842 (client:306) INFO: {'Role': 'Client #1', 'Round': 4, 'Results_raw': {'train_total': 7, 'train_acc': 0.0, 'train_correct': 0.0, 'train_avg_loss': 8.199721, 'train_loss': 57.398049, 'train_f1': 0.0}}[0m
[38;5;39m2023-02-25 00:37:40,816 (client:306) INFO: {'Role': 'Client #10', 'Round': 4, 'Results_raw': {'train_total': 148, 'train_acc': 0.844595, 'train_correct': 125.0, 'train_avg_loss': 0.820286, 'train_loss': 121.402331, 'train_f1': 0.414072}}[0m
[38;5;39m2023-02-25 00:37:42,057 (client:306) INFO: {'Role': 'Client #4', 'Round': 4, 'Results_raw': {'train_total': 98, 'train_acc': 0.77551, 'train_correct': 76.0, 'train_avg_loss': 1.039325, 'train_loss': 101.853865, 'train_f1': 0.436782}}[0m
[38;5;39m2023-02-25 00:37:42,313 (client:306) INFO: {'Role': 'Client #6', 'Round': 4, 'Results_raw': {'train_total': 9, 'train_acc': 0.666667, 'train_correct': 6.0, 'train_avg_loss': 3.04232, 'train_loss': 27.380882, 'train_f1': 0.307692}}[0m
[38;5;39m2023-02-25 00:37:42,368 (monitor:541) INFO: {'Role': 'Server #', 'Round': 4, 'Results_model_metric': {}}[0m
[38;5;39m2023-02-25 00:37:42,389 (server:330) INFO: Server: Starting evaluation at the end of round 4.[0m
[38;5;39m2023-02-25 00:37:42,407 (server:336) INFO: ----------- Starting a new training round (Round #5) -------------[0m
[33;20m2023-02-25 00:37:42,837 (context:294) WARNING: No val_data or val_loader in the trainer, will skip evaluation.If this is not the case you want, please check whether there is typo for the name[0m
[33;20m2023-02-25 00:37:43,166 (context:294) WARNING: No val_data or val_loader in the trainer, will skip evaluation.If this is not the case you want, please check whether there is typo for the name[0m
[33;20m2023-02-25 00:37:43,243 (context:294) WARNING: No val_data or val_loader in the trainer, will skip evaluation.If this is not the case you want, please check whether there is typo for the name[0m
[33;20m2023-02-25 00:37:43,548 (context:294) WARNING: No val_data or val_loader in the trainer, will skip evaluation.If this is not the case you want, please check whether there is typo for the name[0m
[33;20m2023-02-25 00:37:43,634 (context:294) WARNING: No val_data or val_loader in the trainer, will skip evaluation.If this is not the case you want, please check whether there is typo for the name[0m
[33;20m2023-02-25 00:37:43,949 (context:294) WARNING: No val_data or val_loader in the trainer, will skip evaluation.If this is not the case you want, please check whether there is typo for the name[0m
[33;20m2023-02-25 00:37:44,062 (context:294) WARNING: No val_data or val_loader in the trainer, will skip evaluation.If this is not the case you want, please check whether there is typo for the name[0m
[33;20m2023-02-25 00:37:44,501 (context:294) WARNING: No val_data or val_loader in the trainer, will skip evaluation.If this is not the case you want, please check whether there is typo for the name[0m
[33;20m2023-02-25 00:37:44,714 (context:294) WARNING: No val_data or val_loader in the trainer, will skip evaluation.If this is not the case you want, please check whether there is typo for the name[0m
[33;20m2023-02-25 00:37:44,912 (context:294) WARNING: No val_data or val_loader in the trainer, will skip evaluation.If this is not the case you want, please check whether there is typo for the name[0m
[38;5;39m2023-02-25 00:37:44,913 (server:590) INFO: {'Role': 'Server #', 'Round': 4, 'Results_weighted_avg': {'test_total': 22.0, 'test_acc': 0.768182, 'test_correct': 16.9, 'test_avg_loss': 1.370177, 'test_loss': 35.450464, 'test_f1': 0.459608}, 'Results_avg': {'test_total': 22.0, 'test_acc': 0.609855, 'test_correct': 16.9, 'test_avg_loss': 2.395619, 'test_loss': 30.143898, 'test_f1': 0.368684}, 'Results_fairness': {'test_total': 22.0, 'test_correct': 16.9, 'test_acc_std': 0.325815, 'test_acc_bottom_decile': 0.0, 'test_acc_top_decile': 1.0, 'test_acc_min': 0.0, 'test_acc_max': 1.0, 'test_acc_bottom10%': 0.0, 'test_acc_top10%': 1.0, 'test_acc_cos1': 0.882017, 'test_acc_entropy': 2.06538, 'test_avg_loss_std': 2.378236, 'test_avg_loss_bottom_decile': 0.929622, 'test_avg_loss_top_decile': 7.645692, 'test_avg_loss_min': 0.275475, 'test_avg_loss_max': 7.645692, 'test_avg_loss_bottom10%': 0.275475, 'test_avg_loss_top10%': 7.645692, 'test_avg_loss_cos1': 0.709677, 'test_avg_loss_entropy': 1.88433, 'test_loss_std': 18.696495, 'test_loss_bottom_decile': 6.060644, 'test_loss_top_decile': 58.39672, 'test_loss_min': 5.87967, 'test_loss_max': 58.39672, 'test_loss_bottom10%': 5.87967, 'test_loss_top10%': 58.39672, 'test_loss_cos1': 0.849811, 'test_loss_entropy': 2.083278, 'test_f1_std': 0.271364, 'test_f1_bottom_decile': 0.0, 'test_f1_top_decile': 1.0, 'test_f1_min': 0.0, 'test_f1_max': 1.0, 'test_f1_bottom10%': 0.0, 'test_f1_top10%': 1.0, 'test_f1_cos1': 0.805367, 'test_f1_entropy': 1.979889}}[0m
[38;5;39m2023-02-25 00:37:46,571 (client:306) INFO: {'Role': 'Client #10', 'Round': 5, 'Results_raw': {'train_total': 148, 'train_acc': 0.898649, 'train_correct': 133.0, 'train_avg_loss': 0.414319, 'train_loss': 61.31918, 'train_f1': 0.587414}}[0m
[38;5;39m2023-02-25 00:37:48,496 (client:306) INFO: {'Role': 'Client #8', 'Round': 5, 'Results_raw': {'train_total': 174, 'train_acc': 0.770115, 'train_correct': 134.0, 'train_avg_loss': 0.66731, 'train_loss': 116.11187, 'train_f1': 0.68091}}[0m
[38;5;39m2023-02-25 00:37:50,342 (client:306) INFO: {'Role': 'Client #5', 'Round': 5, 'Results_raw': {'train_total': 165, 'train_acc': 0.581818, 'train_correct': 96.0, 'train_avg_loss': 2.639211, 'train_loss': 435.46976, 'train_f1': 0.239768}}[0m
[38;5;39m2023-02-25 00:37:50,654 (client:306) INFO: {'Role': 'Client #7', 'Round': 5, 'Results_raw': {'train_total': 16, 'train_acc': 0.0625, 'train_correct': 1.0, 'train_avg_loss': 7.471966, 'train_loss': 119.551453, 'train_f1': 0.133333}}[0m
[38;5;39m2023-02-25 00:37:53,621 (client:306) INFO: {'Role': 'Client #3', 'Round': 5, 'Results_raw': {'train_total': 223, 'train_acc': 0.955157, 'train_correct': 213.0, 'train_avg_loss': 0.180162, 'train_loss': 40.176118, 'train_f1': 0.738263}}[0m
[38;5;39m2023-02-25 00:37:53,785 (client:306) INFO: {'Role': 'Client #1', 'Round': 5, 'Results_raw': {'train_total': 7, 'train_acc': 0.0, 'train_correct': 0.0, 'train_avg_loss': 9.389548, 'train_loss': 65.726838, 'train_f1': 0.0}}[0m
[38;5;39m2023-02-25 00:37:53,811 (monitor:541) INFO: {'Role': 'Server #', 'Round': 5, 'Results_model_metric': {}}[0m
[38;5;39m2023-02-25 00:37:53,821 (server:330) INFO: Server: Starting evaluation at the end of round 5.[0m
[38;5;39m2023-02-25 00:37:53,828 (server:336) INFO: ----------- Starting a new training round (Round #6) -------------[0m
[33;20m2023-02-25 00:37:54,298 (context:294) WARNING: No val_data or val_loader in the trainer, will skip evaluation.If this is not the case you want, please check whether there is typo for the name[0m
[33;20m2023-02-25 00:37:54,635 (context:294) WARNING: No val_data or val_loader in the trainer, will skip evaluation.If this is not the case you want, please check whether there is typo for the name[0m
[33;20m2023-02-25 00:37:54,713 (context:294) WARNING: No val_data or val_loader in the trainer, will skip evaluation.If this is not the case you want, please check whether there is typo for the name[0m
[33;20m2023-02-25 00:37:54,942 (context:294) WARNING: No val_data or val_loader in the trainer, will skip evaluation.If this is not the case you want, please check whether there is typo for the name[0m
[33;20m2023-02-25 00:37:55,000 (context:294) WARNING: No val_data or val_loader in the trainer, will skip evaluation.If this is not the case you want, please check whether there is typo for the name[0m
[33;20m2023-02-25 00:37:55,477 (context:294) WARNING: No val_data or val_loader in the trainer, will skip evaluation.If this is not the case you want, please check whether there is typo for the name[0m
[33;20m2023-02-25 00:37:55,665 (context:294) WARNING: No val_data or val_loader in the trainer, will skip evaluation.If this is not the case you want, please check whether there is typo for the name[0m
[33;20m2023-02-25 00:37:56,184 (context:294) WARNING: No val_data or val_loader in the trainer, will skip evaluation.If this is not the case you want, please check whether there is typo for the name[0m
[33;20m2023-02-25 00:37:56,387 (context:294) WARNING: No val_data or val_loader in the trainer, will skip evaluation.If this is not the case you want, please check whether there is typo for the name[0m
[33;20m2023-02-25 00:37:56,587 (context:294) WARNING: No val_data or val_loader in the trainer, will skip evaluation.If this is not the case you want, please check whether there is typo for the name[0m
[38;5;39m2023-02-25 00:37:56,589 (server:590) INFO: {'Role': 'Server #', 'Round': 5, 'Results_weighted_avg': {'test_total': 22.0, 'test_acc': 0.818182, 'test_correct': 18.0, 'test_avg_loss': 1.041666, 'test_loss': 26.24948, 'test_f1': 0.555565}, 'Results_avg': {'test_total': 22.0, 'test_acc': 0.649755, 'test_correct': 18.0, 'test_avg_loss': 1.874913, 'test_loss': 22.916657, 'test_f1': 0.440865}, 'Results_fairness': {'test_total': 22.0, 'test_correct': 18.0, 'test_acc_std': 0.349043, 'test_acc_bottom_decile': 0.0, 'test_acc_top_decile': 1.0, 'test_acc_min': 0.0, 'test_acc_max': 1.0, 'test_acc_bottom10%': 0.0, 'test_acc_top10%': 1.0, 'test_acc_cos1': 0.880938, 'test_acc_entropy': 2.063464, 'test_avg_loss_std': 1.990256, 'test_avg_loss_bottom_decile': 0.524903, 'test_avg_loss_top_decile': 6.431981, 'test_avg_loss_min': 0.122607, 'test_avg_loss_max': 6.431981, 'test_avg_loss_bottom10%': 0.122607, 'test_avg_loss_top10%': 6.431981, 'test_avg_loss_cos1': 0.6857, 'test_avg_loss_entropy': 1.817875, 'test_loss_std': 16.532907, 'test_loss_bottom_decile': 3.859519, 'test_loss_top_decile': 49.962995, 'test_loss_min': 3.06518, 'test_loss_max': 49.962995, 'test_loss_bottom10%': 3.06518, 'test_loss_top10%': 49.962995, 'test_loss_cos1': 0.810982, 'test_loss_entropy': 2.020084, 'test_f1_std': 0.31695, 'test_f1_bottom_decile': 0.0, 'test_f1_top_decile': 1.0, 'test_f1_min': 0.0, 'test_f1_max': 1.0, 'test_f1_bottom10%': 0.0, 'test_f1_top10%': 1.0, 'test_f1_cos1': 0.811947, 'test_f1_entropy': 1.97352}}[0m
[38;5;39m2023-02-25 00:37:57,797 (client:306) INFO: {'Role': 'Client #4', 'Round': 6, 'Results_raw': {'train_total': 98, 'train_acc': 0.591837, 'train_correct': 58.0, 'train_avg_loss': 1.119863, 'train_loss': 109.746606, 'train_f1': 0.371795}}[0m
[38;5;39m2023-02-25 00:37:57,931 (client:306) INFO: {'Role': 'Client #9', 'Round': 6, 'Results_raw': {'train_total': 6, 'train_acc': 0.166667, 'train_correct': 1.0, 'train_avg_loss': 2.679807, 'train_loss': 16.078845, 'train_f1': 0.142857}}[0m
[38;5;39m2023-02-25 00:38:00,021 (client:306) INFO: {'Role': 'Client #8', 'Round': 6, 'Results_raw': {'train_total': 174, 'train_acc': 0.781609, 'train_correct': 136.0, 'train_avg_loss': 0.554374, 'train_loss': 96.461038, 'train_f1': 0.70184}}[0m
[38;5;39m2023-02-25 00:38:00,414 (client:306) INFO: {'Role': 'Client #2', 'Round': 6, 'Results_raw': {'train_total': 31, 'train_acc': 0.354839, 'train_correct': 11.0, 'train_avg_loss': 2.383665, 'train_loss': 73.893626, 'train_f1': 0.222222}}[0m
[38;5;39m2023-02-25 00:38:02,386 (client:306) INFO: {'Role': 'Client #5', 'Round': 6, 'Results_raw': {'train_total': 165, 'train_acc': 0.630303, 'train_correct': 104.0, 'train_avg_loss': 2.001089, 'train_loss': 330.179683, 'train_f1': 0.378068}}[0m
[38;5;39m2023-02-25 00:38:02,529 (client:306) INFO: {'Role': 'Client #1', 'Round': 6, 'Results_raw': {'train_total': 7, 'train_acc': 0.0, 'train_correct': 0.0, 'train_avg_loss': 8.96906, 'train_loss': 62.78342, 'train_f1': 0.0}}[0m
[38;5;39m2023-02-25 00:38:02,556 (monitor:541) INFO: {'Role': 'Server #', 'Round': 6, 'Results_model_metric': {}}[0m
[38;5;39m2023-02-25 00:38:02,565 (server:330) INFO: Server: Starting evaluation at the end of round 6.[0m
[38;5;39m2023-02-25 00:38:02,571 (server:336) INFO: ----------- Starting a new training round (Round #7) -------------[0m
[33;20m2023-02-25 00:38:03,067 (context:294) WARNING: No val_data or val_loader in the trainer, will skip evaluation.If this is not the case you want, please check whether there is typo for the name[0m
[33;20m2023-02-25 00:38:03,361 (context:294) WARNING: No val_data or val_loader in the trainer, will skip evaluation.If this is not the case you want, please check whether there is typo for the name[0m
[33;20m2023-02-25 00:38:03,443 (context:294) WARNING: No val_data or val_loader in the trainer, will skip evaluation.If this is not the case you want, please check whether there is typo for the name[0m
[33;20m2023-02-25 00:38:03,744 (context:294) WARNING: No val_data or val_loader in the trainer, will skip evaluation.If this is not the case you want, please check whether there is typo for the name[0m
[33;20m2023-02-25 00:38:03,796 (context:294) WARNING: No val_data or val_loader in the trainer, will skip evaluation.If this is not the case you want, please check whether there is typo for the name[0m
[33;20m2023-02-25 00:38:04,088 (context:294) WARNING: No val_data or val_loader in the trainer, will skip evaluation.If this is not the case you want, please check whether there is typo for the name[0m
[33;20m2023-02-25 00:38:04,171 (context:294) WARNING: No val_data or val_loader in the trainer, will skip evaluation.If this is not the case you want, please check whether there is typo for the name[0m
[33;20m2023-02-25 00:38:04,487 (context:294) WARNING: No val_data or val_loader in the trainer, will skip evaluation.If this is not the case you want, please check whether there is typo for the name[0m
[33;20m2023-02-25 00:38:04,732 (context:294) WARNING: No val_data or val_loader in the trainer, will skip evaluation.If this is not the case you want, please check whether there is typo for the name[0m
[33;20m2023-02-25 00:38:04,943 (context:294) WARNING: No val_data or val_loader in the trainer, will skip evaluation.If this is not the case you want, please check whether there is typo for the name[0m
[38;5;39m2023-02-25 00:38:04,945 (server:590) INFO: {'Role': 'Server #', 'Round': 6, 'Results_weighted_avg': {'test_total': 22.0, 'test_acc': 0.786364, 'test_correct': 17.3, 'test_avg_loss': 0.979451, 'test_loss': 26.828627, 'test_f1': 0.490354}, 'Results_avg': {'test_total': 22.0, 'test_acc': 0.639347, 'test_correct': 17.3, 'test_avg_loss': 1.275444, 'test_loss': 21.547918, 'test_f1': 0.423214}, 'Results_fairness': {'test_total': 22.0, 'test_correct': 17.3, 'test_acc_std': 0.349442, 'test_acc_bottom_decile': 0.0, 'test_acc_top_decile': 0.96875, 'test_acc_min': 0.0, 'test_acc_max': 0.96875, 'test_acc_bottom10%': 0.0, 'test_acc_top10%': 0.96875, 'test_acc_cos1': 0.877488, 'test_acc_entropy': 2.057879, 'test_avg_loss_std': 1.140913, 'test_avg_loss_bottom_decile': 0.453786, 'test_avg_loss_top_decile': 4.08156, 'test_avg_loss_min': 0.308196, 'test_avg_loss_max': 4.08156, 'test_avg_loss_bottom10%': 0.308196, 'test_avg_loss_top10%': 4.08156, 'test_avg_loss_cos1': 0.745321, 'test_avg_loss_entropy': 1.977056, 'test_loss_std': 16.725167, 'test_loss_bottom_decile': 4.450164, 'test_loss_top_decile': 48.535512, 'test_loss_min': 0.896327, 'test_loss_max': 48.535512, 'test_loss_bottom10%': 0.896327, 'test_loss_top10%': 48.535512, 'test_loss_cos1': 0.789962, 'test_loss_entropy': 1.989658, 'test_f1_std': 0.318524, 'test_f1_bottom_decile': 0.0, 'test_f1_top_decile': 0.918981, 'test_f1_min': 0.0, 'test_f1_max': 0.918981, 'test_f1_bottom10%': 0.0, 'test_f1_top10%': 0.918981, 'test_f1_cos1': 0.79899, 'test_f1_entropy': 1.950091}}[0m
[38;5;39m2023-02-25 00:38:06,782 (client:306) INFO: {'Role': 'Client #5', 'Round': 7, 'Results_raw': {'train_total': 165, 'train_acc': 0.630303, 'train_correct': 104.0, 'train_avg_loss': 1.435402, 'train_loss': 236.841381, 'train_f1': 0.451304}}[0m
[38;5;39m2023-02-25 00:38:08,597 (client:306) INFO: {'Role': 'Client #10', 'Round': 7, 'Results_raw': {'train_total': 148, 'train_acc': 0.878378, 'train_correct': 130.0, 'train_avg_loss': 0.430986, 'train_loss': 63.785967, 'train_f1': 0.578482}}[0m
[38;5;39m2023-02-25 00:38:10,538 (client:306) INFO: {'Role': 'Client #8', 'Round': 7, 'Results_raw': {'train_total': 174, 'train_acc': 0.954023, 'train_correct': 166.0, 'train_avg_loss': 0.177966, 'train_loss': 30.966114, 'train_f1': 0.909563}}[0m
[38;5;39m2023-02-25 00:38:10,723 (client:306) INFO: {'Role': 'Client #9', 'Round': 7, 'Results_raw': {'train_total': 6, 'train_acc': 0.666667, 'train_correct': 4.0, 'train_avg_loss': 0.890964, 'train_loss': 5.345785, 'train_f1': 0.4}}[0m
[38;5;39m2023-02-25 00:38:11,132 (client:306) INFO: {'Role': 'Client #2', 'Round': 7, 'Results_raw': {'train_total': 31, 'train_acc': 0.806452, 'train_correct': 25.0, 'train_avg_loss': 1.001083, 'train_loss': 31.033576, 'train_f1': 0.461538}}[0m
[38;5;39m2023-02-25 00:38:12,311 (client:306) INFO: {'Role': 'Client #4', 'Round': 7, 'Results_raw': {'train_total': 98, 'train_acc': 0.908163, 'train_correct': 89.0, 'train_avg_loss': 0.329213, 'train_loss': 32.26291, 'train_f1': 0.475936}}[0m
[38;5;39m2023-02-25 00:38:12,344 (monitor:541) INFO: {'Role': 'Server #', 'Round': 7, 'Results_model_metric': {}}[0m
[38;5;39m2023-02-25 00:38:12,354 (server:330) INFO: Server: Starting evaluation at the end of round 7.[0m
[38;5;39m2023-02-25 00:38:12,360 (server:336) INFO: ----------- Starting a new training round (Round #8) -------------[0m
[33;20m2023-02-25 00:38:12,890 (context:294) WARNING: No val_data or val_loader in the trainer, will skip evaluation.If this is not the case you want, please check whether there is typo for the name[0m
[33;20m2023-02-25 00:38:13,246 (context:294) WARNING: No val_data or val_loader in the trainer, will skip evaluation.If this is not the case you want, please check whether there is typo for the name[0m
[33;20m2023-02-25 00:38:13,329 (context:294) WARNING: No val_data or val_loader in the trainer, will skip evaluation.If this is not the case you want, please check whether there is typo for the name[0m
[33;20m2023-02-25 00:38:13,626 (context:294) WARNING: No val_data or val_loader in the trainer, will skip evaluation.If this is not the case you want, please check whether there is typo for the name[0m
[33;20m2023-02-25 00:38:13,673 (context:294) WARNING: No val_data or val_loader in the trainer, will skip evaluation.If this is not the case you want, please check whether there is typo for the name[0m
[33;20m2023-02-25 00:38:13,964 (context:294) WARNING: No val_data or val_loader in the trainer, will skip evaluation.If this is not the case you want, please check whether there is typo for the name[0m
[33;20m2023-02-25 00:38:14,052 (context:294) WARNING: No val_data or val_loader in the trainer, will skip evaluation.If this is not the case you want, please check whether there is typo for the name[0m
[33;20m2023-02-25 00:38:14,413 (context:294) WARNING: No val_data or val_loader in the trainer, will skip evaluation.If this is not the case you want, please check whether there is typo for the name[0m
[33;20m2023-02-25 00:38:14,678 (context:294) WARNING: No val_data or val_loader in the trainer, will skip evaluation.If this is not the case you want, please check whether there is typo for the name[0m
[33;20m2023-02-25 00:38:14,916 (context:294) WARNING: No val_data or val_loader in the trainer, will skip evaluation.If this is not the case you want, please check whether there is typo for the name[0m
[38;5;39m2023-02-25 00:38:14,918 (server:590) INFO: {'Role': 'Server #', 'Round': 7, 'Results_weighted_avg': {'test_total': 22.0, 'test_acc': 0.809091, 'test_correct': 17.8, 'test_avg_loss': 0.818002, 'test_loss': 22.274407, 'test_f1': 0.502225}, 'Results_avg': {'test_total': 22.0, 'test_acc': 0.645801, 'test_correct': 17.8, 'test_avg_loss': 1.117492, 'test_loss': 17.996043, 'test_f1': 0.407829}, 'Results_fairness': {'test_total': 22.0, 'test_correct': 17.8, 'test_acc_std': 0.320766, 'test_acc_bottom_decile': 0.2, 'test_acc_top_decile': 0.96875, 'test_acc_min': 0.0, 'test_acc_max': 0.96875, 'test_acc_bottom10%': 0.0, 'test_acc_top10%': 0.96875, 'test_acc_cos1': 0.895608, 'test_acc_entropy': 2.125268, 'test_avg_loss_std': 0.791693, 'test_avg_loss_bottom_decile': 0.349504, 'test_avg_loss_top_decile': 2.908394, 'test_avg_loss_min': 0.23597, 'test_avg_loss_max': 2.908394, 'test_avg_loss_bottom10%': 0.23597, 'test_avg_loss_top10%': 2.908394, 'test_avg_loss_cos1': 0.815978, 'test_avg_loss_entropy': 2.068544, 'test_loss_std': 13.195307, 'test_loss_bottom_decile': 6.632988, 'test_loss_top_decile': 39.642914, 'test_loss_min': 1.360132, 'test_loss_max': 39.642914, 'test_loss_bottom10%': 1.360132, 'test_loss_top10%': 39.642914, 'test_loss_cos1': 0.806443, 'test_loss_entropy': 2.032431, 'test_f1_std': 0.279297, 'test_f1_bottom_decile': 0.166667, 'test_f1_top_decile': 0.918981, 'test_f1_min': 0.0, 'test_f1_max': 0.918981, 'test_f1_bottom10%': 0.0, 'test_f1_top10%': 0.918981, 'test_f1_cos1': 0.825066, 'test_f1_entropy': 2.046908}}[0m
[38;5;39m2023-02-25 00:38:15,174 (client:306) INFO: {'Role': 'Client #7', 'Round': 8, 'Results_raw': {'train_total': 16, 'train_acc': 0.1875, 'train_correct': 3.0, 'train_avg_loss': 4.927907, 'train_loss': 78.846504, 'train_f1': 0.125}}[0m
[38;5;39m2023-02-25 00:38:15,355 (client:306) INFO: {'Role': 'Client #9', 'Round': 8, 'Results_raw': {'train_total': 6, 'train_acc': 0.666667, 'train_correct': 4.0, 'train_avg_loss': 0.734521, 'train_loss': 4.407127, 'train_f1': 0.4}}[0m
[38;5;39m2023-02-25 00:38:18,309 (client:306) INFO: {'Role': 'Client #3', 'Round': 8, 'Results_raw': {'train_total': 223, 'train_acc': 0.878924, 'train_correct': 196.0, 'train_avg_loss': 0.312871, 'train_loss': 69.770198, 'train_f1': 0.652548}}[0m
[38;5;39m2023-02-25 00:38:18,963 (client:306) INFO: {'Role': 'Client #2', 'Round': 8, 'Results_raw': {'train_total': 31, 'train_acc': 0.774194, 'train_correct': 24.0, 'train_avg_loss': 0.891337, 'train_loss': 27.631434, 'train_f1': 0.420532}}[0m
[38;5;39m2023-02-25 00:38:20,769 (client:306) INFO: {'Role': 'Client #5', 'Round': 8, 'Results_raw': {'train_total': 165, 'train_acc': 0.666667, 'train_correct': 110.0, 'train_avg_loss': 1.212295, 'train_loss': 200.028725, 'train_f1': 0.472248}}[0m
[38;5;39m2023-02-25 00:38:20,941 (client:306) INFO: {'Role': 'Client #6', 'Round': 8, 'Results_raw': {'train_total': 9, 'train_acc': 0.333333, 'train_correct': 3.0, 'train_avg_loss': 2.014623, 'train_loss': 18.131604, 'train_f1': 0.2}}[0m
[38;5;39m2023-02-25 00:38:21,001 (monitor:541) INFO: {'Role': 'Server #', 'Round': 8, 'Results_model_metric': {}}[0m
[38;5;39m2023-02-25 00:38:21,010 (server:330) INFO: Server: Starting evaluation at the end of round 8.[0m
[38;5;39m2023-02-25 00:38:21,019 (server:336) INFO: ----------- Starting a new training round (Round #9) -------------[0m
[33;20m2023-02-25 00:38:21,497 (context:294) WARNING: No val_data or val_loader in the trainer, will skip evaluation.If this is not the case you want, please check whether there is typo for the name[0m
[33;20m2023-02-25 00:38:21,915 (context:294) WARNING: No val_data or val_loader in the trainer, will skip evaluation.If this is not the case you want, please check whether there is typo for the name[0m
[33;20m2023-02-25 00:38:21,997 (context:294) WARNING: No val_data or val_loader in the trainer, will skip evaluation.If this is not the case you want, please check whether there is typo for the name[0m
[33;20m2023-02-25 00:38:22,247 (context:294) WARNING: No val_data or val_loader in the trainer, will skip evaluation.If this is not the case you want, please check whether there is typo for the name[0m
[33;20m2023-02-25 00:38:22,295 (context:294) WARNING: No val_data or val_loader in the trainer, will skip evaluation.If this is not the case you want, please check whether there is typo for the name[0m
[33;20m2023-02-25 00:38:22,635 (context:294) WARNING: No val_data or val_loader in the trainer, will skip evaluation.If this is not the case you want, please check whether there is typo for the name[0m
[33;20m2023-02-25 00:38:22,718 (context:294) WARNING: No val_data or val_loader in the trainer, will skip evaluation.If this is not the case you want, please check whether there is typo for the name[0m
[33;20m2023-02-25 00:38:23,093 (context:294) WARNING: No val_data or val_loader in the trainer, will skip evaluation.If this is not the case you want, please check whether there is typo for the name[0m
[33;20m2023-02-25 00:38:23,373 (context:294) WARNING: No val_data or val_loader in the trainer, will skip evaluation.If this is not the case you want, please check whether there is typo for the name[0m
[33;20m2023-02-25 00:38:23,612 (context:294) WARNING: No val_data or val_loader in the trainer, will skip evaluation.If this is not the case you want, please check whether there is typo for the name[0m
[38;5;39m2023-02-25 00:38:23,613 (server:590) INFO: {'Role': 'Server #', 'Round': 8, 'Results_weighted_avg': {'test_total': 22.0, 'test_acc': 0.754545, 'test_correct': 16.6, 'test_avg_loss': 0.709873, 'test_loss': 19.766916, 'test_f1': 0.462573}, 'Results_avg': {'test_total': 22.0, 'test_acc': 0.730949, 'test_correct': 16.6, 'test_avg_loss': 0.805683, 'test_loss': 15.617208, 'test_f1': 0.498546}, 'Results_fairness': {'test_total': 22.0, 'test_correct': 16.6, 'test_acc_std': 0.230013, 'test_acc_bottom_decile': 0.5625, 'test_acc_top_decile': 1.0, 'test_acc_min': 0.2, 'test_acc_max': 1.0, 'test_acc_bottom10%': 0.2, 'test_acc_top10%': 1.0, 'test_acc_cos1': 0.953887, 'test_acc_entropy': 2.243708, 'test_avg_loss_std': 0.576754, 'test_avg_loss_bottom_decile': 0.180706, 'test_avg_loss_top_decile': 2.157799, 'test_avg_loss_min': 0.050381, 'test_avg_loss_max': 2.157799, 'test_avg_loss_bottom10%': 0.050381, 'test_avg_loss_top10%': 2.157799, 'test_avg_loss_cos1': 0.813129, 'test_avg_loss_entropy': 2.037457, 'test_loss_std': 11.855018, 'test_loss_bottom_decile': 1.259527, 'test_loss_top_decile': 37.06719, 'test_loss_min': 0.180706, 'test_loss_max': 37.06719, 'test_loss_bottom10%': 0.180706, 'test_loss_top10%': 37.06719, 'test_loss_cos1': 0.796508, 'test_loss_entropy': 1.969896, 'test_f1_std': 0.274927, 'test_f1_bottom_decile': 0.274038, 'test_f1_top_decile': 1.0, 'test_f1_min': 0.166667, 'test_f1_max': 1.0, 'test_f1_bottom10%': 0.166667, 'test_f1_top10%': 1.0, 'test_f1_cos1': 0.875676, 'test_f1_entropy': 2.16147}}[0m
[38;5;39m2023-02-25 00:38:25,975 (client:306) INFO: {'Role': 'Client #5', 'Round': 9, 'Results_raw': {'train_total': 165, 'train_acc': 0.830303, 'train_correct': 137.0, 'train_avg_loss': 0.628641, 'train_loss': 103.725716, 'train_f1': 0.558889}}[0m
[38;5;39m2023-02-25 00:38:27,385 (client:306) INFO: {'Role': 'Client #4', 'Round': 9, 'Results_raw': {'train_total': 98, 'train_acc': 0.540816, 'train_correct': 53.0, 'train_avg_loss': 1.270177, 'train_loss': 124.477331, 'train_f1': 0.350993}}[0m
[38;5;39m2023-02-25 00:38:27,571 (client:306) INFO: {'Role': 'Client #6', 'Round': 9, 'Results_raw': {'train_total': 9, 'train_acc': 0.777778, 'train_correct': 7.0, 'train_avg_loss': 0.624844, 'train_loss': 5.623599, 'train_f1': 0.311111}}[0m
[38;5;39m2023-02-25 00:38:29,617 (client:306) INFO: {'Role': 'Client #10', 'Round': 9, 'Results_raw': {'train_total': 148, 'train_acc': 0.932432, 'train_correct': 138.0, 'train_avg_loss': 0.248194, 'train_loss': 36.732756, 'train_f1': 0.6155}}[0m
[38;5;39m2023-02-25 00:38:30,026 (client:306) INFO: {'Role': 'Client #2', 'Round': 9, 'Results_raw': {'train_total': 31, 'train_acc': 0.225806, 'train_correct': 7.0, 'train_avg_loss': 2.577313, 'train_loss': 79.896702, 'train_f1': 0.151786}}[0m
[38;5;39m2023-02-25 00:38:30,194 (client:306) INFO: {'Role': 'Client #9', 'Round': 9, 'Results_raw': {'train_total': 6, 'train_acc': 0.166667, 'train_correct': 1.0, 'train_avg_loss': 3.363337, 'train_loss': 20.180024, 'train_f1': 0.142857}}[0m
[38;5;39m2023-02-25 00:38:30,220 (monitor:541) INFO: {'Role': 'Server #', 'Round': 9, 'Results_model_metric': {}}[0m
[38;5;39m2023-02-25 00:38:30,229 (server:347) INFO: Server: Training is finished! Starting evaluation.[0m
[33;20m2023-02-25 00:38:30,639 (context:294) WARNING: No val_data or val_loader in the trainer, will skip evaluation.If this is not the case you want, please check whether there is typo for the name[0m
[33;20m2023-02-25 00:38:31,117 (context:294) WARNING: No val_data or val_loader in the trainer, will skip evaluation.If this is not the case you want, please check whether there is typo for the name[0m
[33;20m2023-02-25 00:38:31,231 (context:294) WARNING: No val_data or val_loader in the trainer, will skip evaluation.If this is not the case you want, please check whether there is typo for the name[0m
[33;20m2023-02-25 00:38:31,492 (context:294) WARNING: No val_data or val_loader in the trainer, will skip evaluation.If this is not the case you want, please check whether there is typo for the name[0m
[33;20m2023-02-25 00:38:31,558 (context:294) WARNING: No val_data or val_loader in the trainer, will skip evaluation.If this is not the case you want, please check whether there is typo for the name[0m
[33;20m2023-02-25 00:38:31,872 (context:294) WARNING: No val_data or val_loader in the trainer, will skip evaluation.If this is not the case you want, please check whether there is typo for the name[0m
[33;20m2023-02-25 00:38:31,960 (context:294) WARNING: No val_data or val_loader in the trainer, will skip evaluation.If this is not the case you want, please check whether there is typo for the name[0m
[33;20m2023-02-25 00:38:32,387 (context:294) WARNING: No val_data or val_loader in the trainer, will skip evaluation.If this is not the case you want, please check whether there is typo for the name[0m
[33;20m2023-02-25 00:38:32,617 (context:294) WARNING: No val_data or val_loader in the trainer, will skip evaluation.If this is not the case you want, please check whether there is typo for the name[0m
[33;20m2023-02-25 00:38:32,882 (context:294) WARNING: No val_data or val_loader in the trainer, will skip evaluation.If this is not the case you want, please check whether there is typo for the name[0m
[38;5;39m2023-02-25 00:38:32,884 (server:590) INFO: {'Role': 'Server #', 'Round': 9, 'Results_weighted_avg': {'test_total': 22.0, 'test_acc': 0.845455, 'test_correct': 18.6, 'test_avg_loss': 0.472354, 'test_loss': 12.99834, 'test_f1': 0.542647}, 'Results_avg': {'test_total': 22.0, 'test_acc': 0.832924, 'test_correct': 18.6, 'test_avg_loss': 0.557683, 'test_loss': 10.391778, 'test_f1': 0.580666}, 'Results_fairness': {'test_total': 22.0, 'test_correct': 18.6, 'test_acc_std': 0.120771, 'test_acc_bottom_decile': 0.666667, 'test_acc_top_decile': 1.0, 'test_acc_min': 0.6, 'test_acc_max': 1.0, 'test_acc_bottom10%': 0.6, 'test_acc_top10%': 1.0, 'test_acc_cos1': 0.989651, 'test_acc_entropy': 2.291748, 'test_avg_loss_std': 0.35468, 'test_avg_loss_bottom_decile': 0.21811, 'test_avg_loss_top_decile': 1.427002, 'test_avg_loss_min': 0.107632, 'test_avg_loss_max': 1.427002, 'test_avg_loss_bottom10%': 0.107632, 'test_avg_loss_top10%': 1.427002, 'test_avg_loss_cos1': 0.843805, 'test_avg_loss_entropy': 2.112314, 'test_loss_std': 6.274798, 'test_loss_bottom_decile': 2.690804, 'test_loss_top_decile': 17.927573, 'test_loss_min': 0.21811, 'test_loss_max': 17.927573, 'test_loss_bottom10%': 0.21811, 'test_loss_top10%': 17.927573, 'test_loss_cos1': 0.856046, 'test_loss_entropy': 2.070443, 'test_f1_std': 0.22034, 'test_f1_bottom_decile': 0.420441, 'test_f1_top_decile': 1.0, 'test_f1_min': 0.375, 'test_f1_max': 1.0, 'test_f1_bottom10%': 0.375, 'test_f1_top10%': 1.0, 'test_f1_cos1': 0.934951, 'test_f1_entropy': 2.237861}}[0m
[38;5;39m2023-02-25 00:38:32,885 (server:395) INFO: Server: Final evaluation is finished! Starting merging results.[0m
[38;5;39m2023-02-25 00:38:32,886 (server:521) INFO: {'Role': 'Server #', 'Round': 'Final', 'Results_raw': {'client_best_individual': {'test_loss': 0.180706, 'test_total': 1.0, 'test_acc': 1.0, 'test_correct': 42.0, 'test_avg_loss': 0.050381, 'test_f1': 1.0}, 'client_summarized_weighted_avg': {'test_loss': 12.99834, 'test_total': 22.0, 'test_acc': 0.845455, 'test_correct': 18.6, 'test_avg_loss': 0.472354, 'test_f1': 0.542647}, 'client_summarized_avg': {'test_loss': 10.391778, 'test_total': 22.0, 'test_acc': 0.832924, 'test_correct': 18.6, 'test_avg_loss': 0.557683, 'test_f1': 0.580666}, 'client_summarized_fairness': {'test_loss_entropy': 1.969896, 'test_loss_cos1': 0.796508, 'test_loss_top10%': 37.06719, 'test_loss_bottom10%': 0.180706, 'test_loss_max': 37.06719, 'test_loss_min': 0.180706, 'test_loss_top_decile': 37.06719, 'test_loss_bottom_decile': 1.259527, 'test_loss_std': 11.855018, 'test_total': 22.0, 'test_correct': 16.6, 'test_acc_std': 0.230013, 'test_acc_bottom_decile': 0.5625, 'test_acc_top_decile': 1.0, 'test_acc_min': 0.2, 'test_acc_max': 1.0, 'test_acc_bottom10%': 0.2, 'test_acc_top10%': 1.0, 'test_acc_cos1': 0.953887, 'test_acc_entropy': 2.243708, 'test_avg_loss_std': 0.576754, 'test_avg_loss_bottom_decile': 0.180706, 'test_avg_loss_top_decile': 2.157799, 'test_avg_loss_min': 0.050381, 'test_avg_loss_max': 2.157799, 'test_avg_loss_bottom10%': 0.050381, 'test_avg_loss_top10%': 2.157799, 'test_avg_loss_cos1': 0.813129, 'test_avg_loss_entropy': 2.037457, 'test_f1_std': 0.274927, 'test_f1_bottom_decile': 0.274038, 'test_f1_top_decile': 1.0, 'test_f1_min': 0.166667, 'test_f1_max': 1.0, 'test_f1_bottom10%': 0.166667, 'test_f1_top10%': 1.0, 'test_f1_cos1': 0.875676, 'test_f1_entropy': 2.16147}}}[0m
[38;5;39m2023-02-25 00:38:32,887 (server:540) INFO: {'Role': 'Client #1', 'Round': 10, 'Results_raw': {'test_total': 46, 'test_acc': 0.891304, 'test_correct': 41.0, 'test_avg_loss': 0.238126, 'test_loss': 10.953816, 'test_f1': 0.420441}}[0m
[38;5;39m2023-02-25 00:38:32,887 (server:540) INFO: {'Role': 'Client #2', 'Round': 10, 'Results_raw': {'test_total': 31, 'test_acc': 0.870968, 'test_correct': 27.0, 'test_avg_loss': 0.511816, 'test_loss': 15.866306, 'test_f1': 0.493464}}[0m
[38;5;39m2023-02-25 00:38:32,887 (server:540) INFO: {'Role': 'Client #3', 'Round': 10, 'Results_raw': {'test_total': 5, 'test_acc': 0.6, 'test_correct': 3.0, 'test_avg_loss': 1.427002, 'test_loss': 7.13501, 'test_f1': 0.375}}[0m
[38;5;39m2023-02-25 00:38:32,888 (server:540) INFO: {'Role': 'Client #4', 'Round': 10, 'Results_raw': {'test_total': 25, 'test_acc': 1.0, 'test_correct': 25.0, 'test_avg_loss': 0.107632, 'test_loss': 2.690804, 'test_f1': 1.0}}[0m
[38;5;39m2023-02-25 00:38:32,888 (server:540) INFO: {'Role': 'Client #5', 'Round': 10, 'Results_raw': {'test_total': 1, 'test_acc': 1.0, 'test_correct': 1.0, 'test_avg_loss': 0.21811, 'test_loss': 0.21811, 'test_f1': 1.0}}[0m
[38;5;39m2023-02-25 00:38:32,888 (server:540) INFO: {'Role': 'Client #6', 'Round': 10, 'Results_raw': {'test_total': 32, 'test_acc': 0.78125, 'test_correct': 25.0, 'test_avg_loss': 0.560237, 'test_loss': 17.927573, 'test_f1': 0.424242}}[0m
[38;5;39m2023-02-25 00:38:32,888 (server:540) INFO: {'Role': 'Client #7', 'Round': 10, 'Results_raw': {'test_total': 6, 'test_acc': 0.833333, 'test_correct': 5.0, 'test_avg_loss': 0.554878, 'test_loss': 3.32927, 'test_f1': 0.454545}}[0m
[38;5;39m2023-02-25 00:38:32,889 (server:540) INFO: {'Role': 'Client #8', 'Round': 10, 'Results_raw': {'test_total': 35, 'test_acc': 0.828571, 'test_correct': 29.0, 'test_avg_loss': 0.510573, 'test_loss': 17.870062, 'test_f1': 0.538947}}[0m
[38;5;39m2023-02-25 00:38:32,889 (server:540) INFO: {'Role': 'Client #9', 'Round': 10, 'Results_raw': {'test_total': 18, 'test_acc': 0.666667, 'test_correct': 12.0, 'test_avg_loss': 0.830241, 'test_loss': 14.944347, 'test_f1': 0.465608}}[0m
[38;5;39m2023-02-25 00:38:32,889 (server:540) INFO: {'Role': 'Client #10', 'Round': 10, 'Results_raw': {'test_total': 21, 'test_acc': 0.857143, 'test_correct': 18.0, 'test_avg_loss': 0.618213, 'test_loss': 12.982479, 'test_f1': 0.634409}}[0m
[38;5;39m2023-02-25 00:38:32,890 (monitor:172) INFO: In worker #0, the system-related metrics are: {'id': 0, 'fl_end_time_minutes': 1.738763, 'total_model_size': 0, 'total_flops': 0, 'total_upload_bytes': 6666240, 'total_download_bytes': 2235400, 'global_convergence_round': 0, 'local_convergence_round': 0, 'global_convergence_time_minutes': 0, 'local_convergence_time_minutes': 0}[0m
[38;5;39m2023-02-25 00:38:32,892 (client:513) INFO: ================= client 1 received finish message =================[0m
[38;5;39m2023-02-25 00:38:32,901 (monitor:172) INFO: In worker #1, the system-related metrics are: {'id': 1, 'fl_end_time_minutes': 1.730049, 'total_model_size': 11689512, 'total_flops': 18666574080.0, 'total_upload_bytes': 223632, 'total_download_bytes': 0, 'global_convergence_round': 0, 'local_convergence_round': 0, 'global_convergence_time_minutes': 0, 'local_convergence_time_minutes': 0}[0m
[38;5;39m2023-02-25 00:38:32,902 (client:513) INFO: ================= client 2 received finish message =================[0m
[38;5;39m2023-02-25 00:38:32,912 (monitor:172) INFO: In worker #2, the system-related metrics are: {'id': 2, 'fl_end_time_minutes': 1.723711, 'total_model_size': 11689512, 'total_flops': 110221675520.0, 'total_upload_bytes': 295104, 'total_download_bytes': 0, 'global_convergence_round': 0, 'local_convergence_round': 0, 'global_convergence_time_minutes': 0, 'local_convergence_time_minutes': 0}[0m
[38;5;39m2023-02-25 00:38:32,912 (client:513) INFO: ================= client 3 received finish message =================[0m
[38;5;39m2023-02-25 00:38:32,922 (monitor:172) INFO: In worker #3, the system-related metrics are: {'id': 3, 'fl_end_time_minutes': 1.717741, 'total_model_size': 11689512, 'total_flops': 495553097600.0, 'total_upload_bytes': 187896, 'total_download_bytes': 0, 'global_convergence_round': 0, 'local_convergence_round': 0, 'global_convergence_time_minutes': 0, 'local_convergence_time_minutes': 0}[0m
[38;5;39m2023-02-25 00:38:32,923 (client:513) INFO: ================= client 4 received finish message =================[0m
[38;5;39m2023-02-25 00:38:32,932 (monitor:172) INFO: In worker #4, the system-related metrics are: {'id': 4, 'fl_end_time_minutes': 1.711845, 'total_model_size': 11689512, 'total_flops': 217776697600.0, 'total_upload_bytes': 187896, 'total_download_bytes': 0, 'global_convergence_round': 0, 'local_convergence_round': 0, 'global_convergence_time_minutes': 0, 'local_convergence_time_minutes': 0}[0m
[38;5;39m2023-02-25 00:38:32,933 (client:513) INFO: ================= client 5 received finish message =================[0m
[38;5;39m2023-02-25 00:38:32,943 (monitor:172) INFO: In worker #5, the system-related metrics are: {'id': 5, 'fl_end_time_minutes': 1.708206, 'total_model_size': 11689512, 'total_flops': 513330787200.0, 'total_upload_bytes': 259368, 'total_download_bytes': 0, 'global_convergence_round': 0, 'local_convergence_round': 0, 'global_convergence_time_minutes': 0, 'local_convergence_time_minutes': 0}[0m
[38;5;39m2023-02-25 00:38:32,943 (client:513) INFO: ================= client 6 received finish message =================[0m
[38;5;39m2023-02-25 00:38:32,953 (monitor:172) INFO: In worker #6, the system-related metrics are: {'id': 6, 'fl_end_time_minutes': 1.701296, 'total_model_size': 11689512, 'total_flops': 15999920640.0, 'total_upload_bytes': 152160, 'total_download_bytes': 0, 'global_convergence_round': 0, 'local_convergence_round': 0, 'global_convergence_time_minutes': 0, 'local_convergence_time_minutes': 0}[0m
[38;5;39m2023-02-25 00:38:32,953 (client:513) INFO: ================= client 7 received finish message =================[0m
[38;5;39m2023-02-25 00:38:32,963 (monitor:172) INFO: In worker #7, the system-related metrics are: {'id': 7, 'fl_end_time_minutes': 1.696632, 'total_model_size': 11689512, 'total_flops': 42666455040.0, 'total_upload_bytes': 223632, 'total_download_bytes': 0, 'global_convergence_round': 0, 'local_convergence_round': 0, 'global_convergence_time_minutes': 0, 'local_convergence_time_minutes': 0}[0m
[38;5;39m2023-02-25 00:38:32,963 (client:513) INFO: ================= client 8 received finish message =================[0m
[38;5;39m2023-02-25 00:38:32,973 (monitor:172) INFO: In worker #8, the system-related metrics are: {'id': 8, 'fl_end_time_minutes': 1.690416, 'total_model_size': 11689512, 'total_flops': 541330648320.0, 'total_upload_bytes': 259368, 'total_download_bytes': 0, 'global_convergence_round': 0, 'local_convergence_round': 0, 'global_convergence_time_minutes': 0, 'local_convergence_time_minutes': 0}[0m
[38;5;39m2023-02-25 00:38:32,974 (client:513) INFO: ================= client 9 received finish message =================[0m
[38;5;39m2023-02-25 00:38:32,983 (monitor:172) INFO: In worker #9, the system-related metrics are: {'id': 9, 'fl_end_time_minutes': 1.684824, 'total_model_size': 11689512, 'total_flops': 15999920640.0, 'total_upload_bytes': 223632, 'total_download_bytes': 0, 'global_convergence_round': 0, 'local_convergence_round': 0, 'global_convergence_time_minutes': 0, 'local_convergence_time_minutes': 0}[0m
[38;5;39m2023-02-25 00:38:32,984 (client:513) INFO: ================= client 10 received finish message =================[0m
[38;5;39m2023-02-25 00:38:32,993 (monitor:172) INFO: In worker #10, the system-related metrics are: {'id': 10, 'fl_end_time_minutes': 1.677305, 'total_model_size': 11689512, 'total_flops': 394664709120.0, 'total_upload_bytes': 223632, 'total_download_bytes': 0, 'global_convergence_round': 0, 'local_convergence_round': 0, 'global_convergence_time_minutes': 0, 'local_convergence_time_minutes': 0}[0m
[38;5;39m2023-02-25 00:38:32,994 (monitor:337) INFO: We will compress the file eval_results.raw into a .gz file, and delete the old one[0m
[38;5;39m2023-02-25 00:38:32,998 (monitor:245) INFO: After merging the system metrics from all works, we got avg: defaultdict(None, {'id': 'sys_avg', 'sys_avg/fl_end_time_minutes': 1.707344, 'sys_avg/total_model_size': '10.13M', 'sys_avg/total_flops': '200.34G', 'sys_avg/total_upload_bytes': '790.36K', 'sys_avg/total_download_bytes': '198.46K', 'sys_avg/global_convergence_round': 0.0, 'sys_avg/local_convergence_round': 0.0, 'sys_avg/global_convergence_time_minutes': 0.0, 'sys_avg/local_convergence_time_minutes': 0.0})[0m
[38;5;39m2023-02-25 00:38:32,998 (monitor:248) INFO: After merging the system metrics from all works, we got std: defaultdict(None, {'id': 'sys_std', 'sys_std/fl_end_time_minutes': 0.018456, 'sys_std/total_model_size': '3.2M', 'sys_std/total_flops': '200.76G', 'sys_std/total_upload_bytes': '1.77M', 'sys_std/total_download_bytes': '627.57K', 'sys_std/global_convergence_round': 0.0, 'sys_std/local_convergence_round': 0.0, 'sys_std/global_convergence_time_minutes': 0.0, 'sys_std/local_convergence_time_minutes': 0.0})[0m
None
220
<generator object BaseDataTranslator.split_to_client.<locals>.<genexpr> at 0x7fe882295270>
