 is at 192.168.0.1[0m
[38;5;39m2023-02-24 23:00:23,357 (logging:126) INFO: the current dir is /home/ubuntu/medscale[0m
[38;5;39m2023-02-24 23:00:23,357 (logging:127) INFO: the output dir is exp/FedAvg_resnet18_on_lung100_lr0.01_lstep1/sub_exp_20230224230023[0m
[33;20m2023-02-24 23:00:34,604 (cfg_data:145) WARNING: config `cfg.data.batch_size` will be removed in the future, use `cfg.dataloader.batch_size` instead.[0m
[33;20m2023-02-24 23:00:34,604 (cfg_data:145) WARNING: config `cfg.data.batch_size` will be removed in the future, use `cfg.dataloader.batch_size` instead.[0m
[38;5;39m2023-02-24 23:00:34,628 (config:243) INFO: the used configs are: 
aggregator:
  inside_weight: 1.0
  num_agg_groups: 1
  num_agg_topk: []
  outside_weight: 0.0
asyn:
  use: False
attack:
  alpha_TV: 0.001
  alpha_prop_loss: 0
  attack_method: 
  attacker_id: -1
  classifier_PIA: randomforest
  edge_num: 100
  edge_path: edge_data/
  freq: 10
  info_diff_type: l2
  inject_round: 0
  insert_round: 100000
  label_type: dirty
  max_ite: 400
  mean: [0.1307]
  mia_is_simulate_in: False
  mia_simulate_in_round: 20
  pgd_eps: 2
  pgd_lr: 0.1
  pgd_poisoning: False
  poison_ratio: 0.5
  reconstruct_lr: 0.01
  reconstruct_optim: Adam
  scale_para: 1.0
  scale_poisoning: False
  self_epoch: 6
  self_lr: 0.05
  self_opt: False
  setting: fix
  std: [0.3081]
  target_label_ind: -1
  trigger_path: trigger/
  trigger_type: edge
backend: torch
cfg_file: 
check_completeness: False
criterion:
  type: CrossEntropyLoss
data:
  args: []
  batch_size: 16
  cSBM_phi: [0.5, 0.5, 0.5]
  cache_dir: 
  consistent_label_distribution: False
  drop_last: False
  hetero_data_name: []
  hetero_synth_batch_size: 32
  hetero_synth_feat_dim: 128
  hetero_synth_prim_weight: 0.5
  is_debug: False
  loader: 
  max_query_len: 128
  max_seq_len: 384
  max_tgt_len: 128
  num_contrast: 0
  num_of_client_for_data: []
  num_steps: 30
  num_workers: 0
  pre_transform: []
  quadratic:
    dim: 1
    max_curv: 12.5
    min_curv: 0.02
  root: data/
  save_data: False
  server_holds_all: False
  shuffle: True
  sizes: [10, 5]
  splits: [0.8, 0, 0.2]
  splitter: lda
  splitter_args: [{'alpha': 0.8}]
  subsample: 1.0
  target_transform: []
  test_pre_transform: []
  test_target_transform: []
  test_transform: []
  transform: []
  trunc_stride: 128
  type: lung100
  val_pre_transform: []
  val_target_transform: []
  val_transform: []
  walk_length: 2
dataloader:
  batch_size: 16
  drop_last: False
  num_steps: 30
  num_workers: 0
  pin_memory: False
  shuffle: True
  sizes: [10, 5]
  theta: -1
  type: base
  walk_length: 2
device: 0
distribute:
  use: False
early_stop:
  delta: 0.0
  improve_indicator_mode: best
  patience: 5
eval:
  best_res_update_round_wise_key: test_loss
  count_flops: True
  freq: 1
  metrics: ['acc', 'correct', 'f1']
  monitoring: []
  report: ['weighted_avg', 'avg', 'fairness', 'raw']
  split: ['test', 'val']
expname: FedAvg_resnet18_on_lung100_lr0.01_lstep1
expname_tag: 
feat_engr:
  num_bins: 5
  scenario: hfl
  secure:
    dp:
      
    encrypt:
      type: dummy
    key_size: 3072
    type: encrypt
  selec_threshold: 0.05
  selec_woe_binning: quantile
  type: 
federate:
  atc_load_from: 
  atc_vanilla: False
  client_num: 10
  data_weighted_aggr: False
  ignore_weight: False
  join_in_info: []
  make_global_eval: False
  merge_test_data: False
  method: FedAvg
  mode: standalone
  online_aggr: True
  resource_info_file: 
  restore_from: 
  sample_client_num: 10
  sample_client_rate: -1.0
  sampler: uniform
  save_to: 
  share_local_model: False
  total_round_num: 10
  unseen_clients_rate: 0.0
  use_diff: False
  use_ss: False
fedopt:
  use: False
fedprox:
  use: False
fedsageplus:
  a: 1.0
  b: 1.0
  c: 1.0
  fedgen_epoch: 200
  gen_hidden: 128
  hide_portion: 0.5
  loc_epoch: 1
  num_pred: 5
finetune:
  batch_or_epoch: epoch
  before_eval: False
  freeze_param: 
  local_update_steps: 1
  optimizer:
    lr: 0.1
    type: SGD
  scheduler:
    type: 
    warmup_ratio: 0.0
flitplus:
  factor_ema: 0.8
  lambdavat: 0.5
  tmpFed: 0.5
  weightReg: 1.0
gcflplus:
  EPS_1: 0.05
  EPS_2: 0.1
  seq_length: 5
  standardize: False
grad:
  grad_accum_count: 1
  grad_clip: 5.0
hpo:
  fedex:
    cutoff: 0.0
    diff: False
    eta0: -1.0
    flatten_ss: True
    gamma: 0.0
    pi_lr: 0.01
    psn: False
    sched: auto
    ss: 
    use: False
  init_cand_num: 16
  larger_better: False
  metric: client_summarized_weighted_avg.val_loss
  num_workers: 0
  pbt:
    max_stage: 5
    perf_threshold: 0.1
  scheduler: rs
  sha:
    budgets: []
    elim_rate: 3
    iter: 0
  ss: 
  table:
    eps: 0.1
    idx: 0
    num: 27
  working_folder: hpo
model:
  contrast_temp: 1.0
  contrast_topk: 100
  downstream_tasks: []
  dropout: 0.0
  embed_size: 8
  gamma: 0
  graph_pooling: mean
  hidden: 2048
  in_channels: 0
  input_shape: ()
  label_smoothing: 0.1
  lambda_: 0.1
  layer: 2
  length_penalty: 2.0
  max_answer_len: 30
  max_length: 200
  max_tree_depth: 3
  min_length: 1
  model_num_per_trainer: 1
  model_type: google/bert_uncased_L-2_H-128_A-2
  n_best_size: 20
  no_repeat_ngram_size: 3
  null_score_diff_threshold: 0.0
  num_beams: 5
  num_item: 0
  num_labels: 1
  num_of_trees: 10
  num_user: 0
  out_channels: 62
  pretrain_tasks: []
  stage: 
  task: node
  type: resnet18
  use_bias: True
  use_contrastive_loss: False
nbafl:
  use: False
outdir: exp/FedAvg_resnet18_on_lung100_lr0.01_lstep1/sub_exp_20230224230023
personalization:
  K: 5
  beta: 1.0
  local_param: []
  local_update_steps: 1
  lr: 0.01
  regular_weight: 0.1
  share_non_trainable_para: False
print_decimal_digits: 6
regularizer:
  mu: 0.0
  type: 
seed: 2
sgdmf:
  use: False
train:
  batch_or_epoch: epoch
  local_update_steps: 1
  optimizer:
    lr: 0.01
    type: SGD
    weight_decay: 0.0
  scheduler:
    type: 
    warmup_ratio: 0.0
trainer:
  disp_freq: 50
  local_entropy:
    alpha: 0.75
    eps: 0.001
    gamma: 0.0001
  sam:
    adaptive: False
    eta: 0.0
    rho: 1.0
  type: cvtrainer
  val_freq: 100000000
use_gpu: True
verbose: 1
vertical:
  use: False
wandb:
  use: False[0m
[38;5;39m2023-02-24 23:00:34,748 (utils:144) INFO: The device information file is not provided[0m
[38;5;39m2023-02-24 23:00:35,155 (fed_runner:169) INFO: Server has been set up ... [0m
[38;5;39m2023-02-24 23:00:35,609 (fed_runner:221) INFO: Client 1 has been set up ... [0m
[38;5;39m2023-02-24 23:00:35,934 (fed_runner:221) INFO: Client 2 has been set up ... [0m
[38;5;39m2023-02-24 23:00:36,314 (fed_runner:221) INFO: Client 3 has been set up ... [0m
[38;5;39m2023-02-24 23:00:36,859 (fed_runner:221) INFO: Client 4 has been set up ... [0m
[38;5;39m2023-02-24 23:00:37,197 (fed_runner:221) INFO: Client 5 has been set up ... [0m
[38;5;39m2023-02-24 23:00:37,641 (fed_runner:221) INFO: Client 6 has been set up ... [0m
[38;5;39m2023-02-24 23:00:38,128 (fed_runner:221) INFO: Client 7 has been set up ... [0m
[38;5;39m2023-02-24 23:00:38,693 (fed_runner:221) INFO: Client 8 has been set up ... [0m
[38;5;39m2023-02-24 23:00:39,049 (fed_runner:221) INFO: Client 9 has been set up ... [0m
[38;5;39m2023-02-24 23:00:39,422 (fed_runner:221) INFO: Client 10 has been set up ... [0m
[38;5;39m2023-02-24 23:00:39,423 (trainer:341) INFO: Model meta-info: <class 'timm.models.resnet.ResNet'>.[0m
[38;5;39m2023-02-24 23:00:39,425 (trainer:349) INFO: Num of original para names: 122.[0m
[38;5;39m2023-02-24 23:00:39,425 (trainer:350) INFO: Num of original trainable para names: 62.[0m
[38;5;39m2023-02-24 23:00:39,425 (trainer:352) INFO: Num of preserved para names in local update: 122. 
Preserved para names in local update: {'layer2.0.bn1.running_mean', 'layer4.1.bn1.weight', 'layer3.0.bn2.bias', 'layer4.1.conv2.weight', 'bn1.bias', 'layer1.1.bn2.running_var', 'layer3.1.bn2.num_batches_tracked', 'layer2.1.bn2.num_batches_tracked', 'layer2.0.bn2.running_mean', 'layer3.1.conv2.weight', 'layer2.0.downsample.1.num_batches_tracked', 'layer4.0.bn2.running_mean', 'layer2.0.bn1.running_var', 'layer4.1.bn1.bias', 'layer2.1.bn2.weight', 'layer3.1.bn2.running_mean', 'bn1.weight', 'layer2.1.bn2.bias', 'fc.bias', 'layer4.0.downsample.1.running_mean', 'layer4.0.bn2.running_var', 'layer1.0.bn1.num_batches_tracked', 'layer3.0.bn2.running_mean', 'layer3.0.bn1.bias', 'layer1.0.bn1.running_mean', 'layer3.0.downsample.1.weight', 'layer2.0.bn1.bias', 'layer4.1.bn2.running_var', 'layer4.1.bn2.num_batches_tracked', 'layer2.0.downsample.0.weight', 'layer2.1.conv1.weight', 'layer1.1.bn1.weight', 'layer1.1.conv2.weight', 'layer4.0.bn2.num_batches_tracked', 'layer4.1.bn2.bias', 'layer1.0.bn1.running_var', 'layer4.1.bn1.running_var', 'layer2.1.bn1.running_var', 'layer2.1.conv2.weight', 'layer3.1.bn2.weight', 'layer4.0.downsample.1.bias', 'bn1.num_batches_tracked', 'layer1.1.bn2.num_batches_tracked', 'layer4.0.bn1.weight', 'layer4.0.downsample.0.weight', 'layer4.0.bn1.running_mean', 'layer3.1.bn1.weight', 'layer2.0.bn2.bias', 'layer2.0.bn2.weight', 'layer2.0.downsample.1.running_var', 'layer2.0.downsample.1.bias', 'layer3.0.downsample.0.weight', 'conv1.weight', 'layer4.1.bn1.running_mean', 'layer2.0.bn2.running_var', 'layer3.1.bn1.bias', 'layer4.0.bn2.weight', 'layer1.0.conv2.weight', 'layer1.0.bn2.running_var', 'layer1.0.bn2.running_mean', 'layer2.0.bn2.num_batches_tracked', 'layer2.1.bn1.bias', 'layer4.0.bn1.bias', 'layer4.1.bn2.running_mean', 'layer3.1.bn1.running_mean', 'layer3.0.downsample.1.num_batches_tracked', 'layer3.0.bn1.weight', 'layer1.1.bn2.weight', 'layer2.0.downsample.1.running_mean', 'layer2.0.bn1.weight', 'layer4.0.conv2.weight', 'layer4.0.conv1.weight', 'layer3.1.bn1.num_batches_tracked', 'layer3.0.bn1.running_mean', 'layer3.0.downsample.1.bias', 'layer4.0.downsample.1.running_var', 'layer1.1.bn2.running_mean', 'layer3.0.downsample.1.running_mean', 'layer1.1.bn1.bias', 'layer1.1.bn1.running_var', 'layer4.0.bn1.running_var', 'layer2.1.bn2.running_mean', 'layer1.0.bn1.bias', 'layer2.1.bn2.running_var', 'layer2.0.conv2.weight', 'layer2.1.bn1.running_mean', 'layer4.1.bn2.weight', 'layer3.0.conv2.weight', 'layer1.0.bn2.num_batches_tracked', 'layer3.0.bn2.running_var', 'layer1.0.bn1.weight', 'layer4.1.conv1.weight', 'layer3.1.bn2.running_var', 'fc.weight', 'layer4.0.bn2.bias', 'layer3.0.conv1.weight', 'layer2.0.downsample.1.weight', 'layer1.1.bn1.running_mean', 'layer2.1.bn1.num_batches_tracked', 'layer2.0.conv1.weight', 'layer2.1.bn1.weight', 'layer3.1.bn1.running_var', 'layer3.1.conv1.weight', 'layer3.0.downsample.1.running_var', 'layer3.0.bn1.running_var', 'layer4.0.downsample.1.weight', 'layer1.1.conv1.weight', 'layer3.0.bn1.num_batches_tracked', 'layer1.0.bn2.weight', 'layer4.1.bn1.num_batches_tracked', 'layer1.1.bn1.num_batches_tracked', 'layer3.0.bn2.num_batches_tracked', 'layer1.0.bn2.bias', 'layer1.0.conv1.weight', 'layer3.0.bn2.weight', 'layer4.0.downsample.1.num_batches_tracked', 'bn1.running_var', 'layer3.1.bn2.bias', 'bn1.running_mean', 'layer4.0.bn1.num_batches_tracked', 'layer1.1.bn2.bias', 'layer2.0.bn1.num_batches_tracked'}.[0m
[38;5;39m2023-02-24 23:00:39,427 (trainer:356) INFO: Num of filtered para names in local update: 0. 
Filtered para names in local update: set().[0m
[38;5;39m2023-02-24 23:00:39,427 (trainer:361) INFO: After register default hooks,
	the hooks_in_train is:
	{
	  "on_fit_start": [
	    "_hook_on_fit_start_init",
	    "_hook_on_fit_start_calculate_model_size"
	  ],
	  "on_epoch_start": [
	    "_hook_on_epoch_start"
	  ],
	  "on_batch_start": [
	    "_hook_on_batch_start_init"
	  ],
	  "on_batch_forward": [
	    "_hook_on_batch_forward",
	    "_hook_on_batch_forward_regularizer",
	    "_hook_on_batch_forward_flop_count"
	  ],
	  "on_batch_backward": [
	    "_hook_on_batch_backward"
	  ],
	  "on_batch_end": [
	    "_hook_on_batch_end"
	  ],
	  "on_fit_end": [
	    "_hook_on_fit_end"
	  ]
	};
	the hooks_in_eval is:
            t{
	  "on_fit_start": [
	    "_hook_on_fit_start_init"
	  ],
	  "on_epoch_start": [
	    "_hook_on_epoch_start"
	  ],
	  "on_batch_start": [
	    "_hook_on_batch_start_init"
	  ],
	  "on_batch_forward": [
	    "_hook_on_batch_forward"
	  ],
	  "on_batch_end": [
	    "_hook_on_batch_end"
	  ],
	  "on_fit_end": [
	    "_hook_on_fit_end"
	  ]
	}[0m
[38;5;39m2023-02-24 23:00:39,485 (server:804) INFO: ----------- Starting training (Round #0) -------------[0m
Unsupported operator aten::max_pool2d encountered 1 time(s)
Unsupported operator aten::add_ encountered 8 time(s)
[38;5;39m2023-02-24 23:00:44,428 (client:306) INFO: {'Role': 'Client #7', 'Round': 0, 'Results_raw': {'train_correct': 0.0, 'train_total': 11, 'train_acc': 0.0, 'train_f1': 0.0, 'train_loss': 113.359409, 'train_avg_loss': 10.305401}}[0m
Unsupported operator aten::max_pool2d encountered 1 time(s)
Unsupported operator aten::add_ encountered 8 time(s)
[38;5;39m2023-02-24 23:00:45,293 (client:306) INFO: {'Role': 'Client #9', 'Round': 0, 'Results_raw': {'train_correct': 0.0, 'train_total': 61, 'train_acc': 0.0, 'train_f1': 0.0, 'train_loss': 611.947386, 'train_avg_loss': 10.031924}}[0m
Unsupported operator aten::max_pool2d encountered 1 time(s)
Unsupported operator aten::add_ encountered 8 time(s)
[38;5;39m2023-02-24 23:00:46,811 (client:306) INFO: {'Role': 'Client #5', 'Round': 0, 'Results_raw': {'train_correct': 0.0, 'train_total': 138, 'train_acc': 0.0, 'train_f1': 0.0, 'train_loss': 1317.512815, 'train_avg_loss': 9.547194}}[0m
Unsupported operator aten::max_pool2d encountered 1 time(s)
Unsupported operator aten::add_ encountered 8 time(s)
[38;5;39m2023-02-24 23:00:49,239 (client:306) INFO: {'Role': 'Client #2', 'Round': 0, 'Results_raw': {'train_correct': 1.0, 'train_total': 202, 'train_acc': 0.00495, 'train_f1': 7.168459e-05, 'train_loss': 1706.729403, 'train_avg_loss': 8.449155}}[0m
Unsupported operator aten::max_pool2d encountered 1 time(s)
Unsupported operator aten::add_ encountered 8 time(s)
[38;5;39m2023-02-24 23:00:51,680 (client:306) INFO: {'Role': 'Client #3', 'Round': 0, 'Results_raw': {'train_correct': 0.0, 'train_total': 182, 'train_acc': 0.0, 'train_f1': 0.0, 'train_loss': 1593.771043, 'train_avg_loss': 8.756984}}[0m
Unsupported operator aten::max_pool2d encountered 1 time(s)
Unsupported operator aten::add_ encountered 8 time(s)
[38;5;39m2023-02-24 23:00:53,812 (client:306) INFO: {'Role': 'Client #10', 'Round': 0, 'Results_raw': {'train_correct': 0.0, 'train_total': 115, 'train_acc': 0.0, 'train_f1': 0.0, 'train_loss': 1110.790234, 'train_avg_loss': 9.659046}}[0m
Unsupported operator aten::max_pool2d encountered 1 time(s)
Unsupported operator aten::add_ encountered 8 time(s)
[38;5;39m2023-02-24 23:00:54,377 (client:306) INFO: {'Role': 'Client #4', 'Round': 0, 'Results_raw': {'train_correct': 0.0, 'train_total': 18, 'train_acc': 0.0, 'train_f1': 0.0, 'train_loss': 197.744293, 'train_avg_loss': 10.985794}}[0m
Unsupported operator aten::max_pool2d encountered 1 time(s)
Unsupported operator aten::add_ encountered 8 time(s)
[38;5;39m2023-02-24 23:00:54,831 (client:306) INFO: {'Role': 'Client #1', 'Round': 0, 'Results_raw': {'train_correct': 0.0, 'train_total': 28, 'train_acc': 0.0, 'train_f1': 0.0, 'train_loss': 293.738766, 'train_avg_loss': 10.49067}}[0m
Unsupported operator aten::max_pool2d encountered 1 time(s)
Unsupported operator aten::add_ encountered 8 time(s)
[38;5;39m2023-02-24 23:00:55,765 (client:306) INFO: {'Role': 'Client #8', 'Round': 0, 'Results_raw': {'train_correct': 0.0, 'train_total': 61, 'train_acc': 0.0, 'train_f1': 0.0, 'train_loss': 636.808996, 'train_avg_loss': 10.439492}}[0m
Unsupported operator aten::max_pool2d encountered 1 time(s)
Unsupported operator aten::add_ encountered 8 time(s)
[38;5;39m2023-02-24 23:00:56,649 (client:306) INFO: {'Role': 'Client #6', 'Round': 0, 'Results_raw': {'train_correct': 0.0, 'train_total': 61, 'train_acc': 0.0, 'train_f1': 0.0, 'train_loss': 622.141263, 'train_avg_loss': 10.199037}}[0m
[38;5;39m2023-02-24 23:00:56,718 (monitor:541) INFO: {'Role': 'Server #', 'Round': 0, 'Results_model_metric': {}}[0m
[38;5;39m2023-02-24 23:00:56,739 (server:330) INFO: Server: Starting evaluation at the end of round 0.[0m
[38;5;39m2023-02-24 23:00:56,753 (server:336) INFO: ----------- Starting a new training round (Round #1) -------------[0m
[33;20m2023-02-24 23:00:56,956 (context:294) WARNING: No val_data or val_loader in the trainer, will skip evaluation.If this is not the case you want, please check whether there is typo for the name[0m
[33;20m2023-02-24 23:00:57,003 (context:294) WARNING: No val_data or val_loader in the trainer, will skip evaluation.If this is not the case you want, please check whether there is typo for the name[0m
[33;20m2023-02-24 23:00:57,150 (context:294) WARNING: No val_data or val_loader in the trainer, will skip evaluation.If this is not the case you want, please check whether there is typo for the name[0m
[33;20m2023-02-24 23:00:57,261 (context:294) WARNING: No val_data or val_loader in the trainer, will skip evaluation.If this is not the case you want, please check whether there is typo for the name[0m
[33;20m2023-02-24 23:00:57,363 (context:294) WARNING: No val_data or val_loader in the trainer, will skip evaluation.If this is not the case you want, please check whether there is typo for the name[0m
[33;20m2023-02-24 23:00:57,834 (context:294) WARNING: No val_data or val_loader in the trainer, will skip evaluation.If this is not the case you want, please check whether there is typo for the name[0m
[33;20m2023-02-24 23:00:58,134 (context:294) WARNING: No val_data or val_loader in the trainer, will skip evaluation.If this is not the case you want, please check whether there is typo for the name[0m
[33;20m2023-02-24 23:00:58,632 (context:294) WARNING: No val_data or val_loader in the trainer, will skip evaluation.If this is not the case you want, please check whether there is typo for the name[0m
[33;20m2023-02-24 23:00:59,240 (context:294) WARNING: No val_data or val_loader in the trainer, will skip evaluation.If this is not the case you want, please check whether there is typo for the name[0m
[33;20m2023-02-24 23:00:59,493 (context:294) WARNING: No val_data or val_loader in the trainer, will skip evaluation.If this is not the case you want, please check whether there is typo for the name[0m
<<<<<<< HEAD
/home/ubuntu/medscale/medscale/core/monitors/monitor.py:500: RuntimeWarning: invalid value encountered in double_scalars
=======
<<<<<<< HEAD
/home/ubuntu/medscale/medscale/core/monitors/monitor.py:500: RuntimeWarning: invalid value encountered in double_scalars
=======
/home/ubuntu/medscale/medscale/core/monitors/monitor.py:500: RuntimeWarning: invalid value encountered in double_scalars
>>>>>>> fe4962455354c9c11afd9c9806ceda28eb280737
>>>>>>> 64b283ee525ef53c32509882719e74890329b83f
  new_results[f"{key}_cos1"] = np.mean(
[38;5;39m2023-02-24 23:00:59,495 (server:590) INFO: {'Role': 'Server #', 'Round': 0, 'Results_weighted_avg': {'test_correct': 0.0, 'test_total': 22.0, 'test_acc': 0.0, 'test_f1': 0.0, 'test_loss': 418.710665, 'test_avg_loss': 11.567991}, 'Results_avg': {'test_correct': 0.0, 'test_total': 22.0, 'test_acc': 0.0, 'test_f1': 0.0, 'test_loss': 254.495809, 'test_avg_loss': 11.21587}, 'Results_fairness': {'test_correct': 0.0, 'test_total': 22.0, 'test_acc_std': 0.0, 'test_acc_bottom_decile': 0.0, 'test_acc_top_decile': 0.0, 'test_acc_min': 0.0, 'test_acc_max': 0.0, 'test_acc_bottom10%': 0.0, 'test_acc_top10%': 0.0, 'test_acc_cos1': nan, 'test_acc_entropy': 2.302585, 'test_f1_std': 0.0, 'test_f1_bottom_decile': 0.0, 'test_f1_top_decile': 0.0, 'test_f1_min': 0.0, 'test_f1_max': 0.0, 'test_f1_bottom10%': 0.0, 'test_f1_top10%': 0.0, 'test_f1_cos1': nan, 'test_f1_entropy': 2.302585, 'test_loss_std': 206.274965, 'test_loss_bottom_decile': 58.649645, 'test_loss_top_decile': 610.082861, 'test_loss_min': 8.075036, 'test_loss_max': 610.082861, 'test_loss_bottom10%': 8.075036, 'test_loss_top10%': 610.082861, 'test_loss_cos1': 0.776865, 'test_loss_entropy': 1.949997, 'test_avg_loss_std': 1.282373, 'test_avg_loss_bottom_decile': 10.421706, 'test_avg_loss_top_decile': 13.350654, 'test_avg_loss_min': 8.075036, 'test_avg_loss_max': 13.350654, 'test_avg_loss_bottom10%': 8.075036, 'test_avg_loss_top10%': 13.350654, 'test_avg_loss_cos1': 0.993527, 'test_avg_loss_entropy': 2.295728}}[0m
[38;5;39m2023-02-24 23:01:01,679 (client:306) INFO: {'Role': 'Client #2', 'Round': 1, 'Results_raw': {'train_correct': 14.0, 'train_total': 202, 'train_acc': 0.069307, 'train_f1': 0.001026, 'train_loss': 1244.069069, 'train_avg_loss': 6.158758}}[0m
[38;5;39m2023-02-24 23:01:03,002 (client:306) INFO: {'Role': 'Client #10', 'Round': 1, 'Results_raw': {'train_correct': 1.0, 'train_total': 115, 'train_acc': 0.008696, 'train_f1': 0.000187, 'train_loss': 823.423775, 'train_avg_loss': 7.160207}}[0m
[38;5;39m2023-02-24 23:01:03,866 (client:306) INFO: {'Role': 'Client #6', 'Round': 1, 'Results_raw': {'train_correct': 0.0, 'train_total': 61, 'train_acc': 0.0, 'train_f1': 0.0, 'train_loss': 553.547335, 'train_avg_loss': 9.074546}}[0m
[38;5;39m2023-02-24 23:01:06,053 (client:306) INFO: {'Role': 'Client #5', 'Round': 1, 'Results_raw': {'train_correct': 2.0, 'train_total': 138, 'train_acc': 0.014493, 'train_f1': 0.000362, 'train_loss': 953.695251, 'train_avg_loss': 6.910835}}[0m
[38;5;39m2023-02-24 23:01:06,656 (client:306) INFO: {'Role': 'Client #1', 'Round': 1, 'Results_raw': {'train_correct': 0.0, 'train_total': 28, 'train_acc': 0.0, 'train_f1': 0.0, 'train_loss': 265.401398, 'train_avg_loss': 9.478621}}[0m
[38;5;39m2023-02-24 23:01:07,786 (client:306) INFO: {'Role': 'Client #8', 'Round': 1, 'Results_raw': {'train_correct': 0.0, 'train_total': 61, 'train_acc': 0.0, 'train_f1': 0.0, 'train_loss': 510.42857, 'train_avg_loss': 8.367681}}[0m
[38;5;39m2023-02-24 23:01:08,698 (client:306) INFO: {'Role': 'Client #9', 'Round': 1, 'Results_raw': {'train_correct': 0.0, 'train_total': 61, 'train_acc': 0.0, 'train_f1': 0.0, 'train_loss': 479.682417, 'train_avg_loss': 7.863646}}[0m
[38;5;39m2023-02-24 23:01:09,052 (client:306) INFO: {'Role': 'Client #4', 'Round': 1, 'Results_raw': {'train_correct': 0.0, 'train_total': 18, 'train_acc': 0.0, 'train_f1': 0.0, 'train_loss': 153.675096, 'train_avg_loss': 8.537505}}[0m
[38;5;39m2023-02-24 23:01:11,194 (client:306) INFO: {'Role': 'Client #3', 'Round': 1, 'Results_raw': {'train_correct': 8.0, 'train_total': 182, 'train_acc': 0.043956, 'train_f1': 0.000718, 'train_loss': 1166.189795, 'train_avg_loss': 6.407636}}[0m
[38;5;39m2023-02-24 23:01:11,474 (client:306) INFO: {'Role': 'Client #7', 'Round': 1, 'Results_raw': {'train_correct': 0.0, 'train_total': 11, 'train_acc': 0.0, 'train_f1': 0.0, 'train_loss': 97.818296, 'train_avg_loss': 8.892572}}[0m
[38;5;39m2023-02-24 23:01:11,512 (monitor:541) INFO: {'Role': 'Server #', 'Round': 1, 'Results_model_metric': {}}[0m
[38;5;39m2023-02-24 23:01:11,531 (server:330) INFO: Server: Starting evaluation at the end of round 1.[0m
[38;5;39m2023-02-24 23:01:11,539 (server:336) INFO: ----------- Starting a new training round (Round #2) -------------[0m
[33;20m2023-02-24 23:01:11,695 (context:294) WARNING: No val_data or val_loader in the trainer, will skip evaluation.If this is not the case you want, please check whether there is typo for the name[0m
[33;20m2023-02-24 23:01:11,740 (context:294) WARNING: No val_data or val_loader in the trainer, will skip evaluation.If this is not the case you want, please check whether there is typo for the name[0m
[33;20m2023-02-24 23:01:11,819 (context:294) WARNING: No val_data or val_loader in the trainer, will skip evaluation.If this is not the case you want, please check whether there is typo for the name[0m
[33;20m2023-02-24 23:01:11,922 (context:294) WARNING: No val_data or val_loader in the trainer, will skip evaluation.If this is not the case you want, please check whether there is typo for the name[0m
[33;20m2023-02-24 23:01:12,020 (context:294) WARNING: No val_data or val_loader in the trainer, will skip evaluation.If this is not the case you want, please check whether there is typo for the name[0m
[33;20m2023-02-24 23:01:12,503 (context:294) WARNING: No val_data or val_loader in the trainer, will skip evaluation.If this is not the case you want, please check whether there is typo for the name[0m
[33;20m2023-02-24 23:01:12,871 (context:294) WARNING: No val_data or val_loader in the trainer, will skip evaluation.If this is not the case you want, please check whether there is typo for the name[0m
[33;20m2023-02-24 23:01:13,360 (context:294) WARNING: No val_data or val_loader in the trainer, will skip evaluation.If this is not the case you want, please check whether there is typo for the name[0m
[33;20m2023-02-24 23:01:13,880 (context:294) WARNING: No val_data or val_loader in the trainer, will skip evaluation.If this is not the case you want, please check whether there is typo for the name[0m
[33;20m2023-02-24 23:01:14,207 (context:294) WARNING: No val_data or val_loader in the trainer, will skip evaluation.If this is not the case you want, please check whether there is typo for the name[0m
[38;5;39m2023-02-24 23:01:14,209 (server:590) INFO: {'Role': 'Server #', 'Round': 1, 'Results_weighted_avg': {'test_correct': 0.1, 'test_total': 22.0, 'test_acc': 0.004545, 'test_f1': 0.000515, 'test_loss': 263.595071, 'test_avg_loss': 7.259266}, 'Results_avg': {'test_correct': 0.1, 'test_total': 22.0, 'test_acc': 0.001887, 'test_f1': 0.000214, 'test_loss': 159.703855, 'test_avg_loss': 7.030194}, 'Results_fairness': {'test_correct': 0.1, 'test_total': 22.0, 'test_acc_std': 0.00566, 'test_acc_bottom_decile': 0.0, 'test_acc_top_decile': 0.018868, 'test_acc_min': 0.0, 'test_acc_max': 0.018868, 'test_acc_bottom10%': 0.0, 'test_acc_top10%': 0.018868, 'test_acc_cos1': 0.316228, 'test_acc_entropy': 8.468164e-06, 'test_f1_std': 0.000641, 'test_f1_bottom_decile': 0.0, 'test_f1_top_decile': 0.002137, 'test_f1_min': 0.0, 'test_f1_max': 0.002137, 'test_f1_bottom10%': 0.0, 'test_f1_top10%': 0.002137, 'test_f1_cos1': 0.316228, 'test_f1_entropy': 6.560075e-05, 'test_loss_std': 130.375474, 'test_loss_bottom_decile': 35.673397, 'test_loss_top_decile': 373.113358, 'test_loss_min': 5.86043, 'test_loss_max': 373.113358, 'test_loss_bottom10%': 5.86043, 'test_loss_top10%': 373.113358, 'test_loss_cos1': 0.774649, 'test_loss_entropy': 1.945511, 'test_avg_loss_std': 0.52541, 'test_avg_loss_bottom_decile': 6.690872, 'test_avg_loss_top_decile': 7.938582, 'test_avg_loss_min': 5.86043, 'test_avg_loss_max': 7.938582, 'test_avg_loss_bottom10%': 5.86043, 'test_avg_loss_top10%': 7.938582, 'test_avg_loss_cos1': 0.997219, 'test_avg_loss_entropy': 2.299748}}[0m
[38;5;39m2023-02-24 23:01:14,370 (client:306) INFO: {'Role': 'Client #7', 'Round': 2, 'Results_raw': {'train_correct': 0.0, 'train_total': 11, 'train_acc': 0.0, 'train_f1': 0.0, 'train_loss': 76.93101, 'train_avg_loss': 6.993728}}[0m
[38;5;39m2023-02-24 23:01:16,599 (client:306) INFO: {'Role': 'Client #3', 'Round': 2, 'Results_raw': {'train_correct': 57.0, 'train_total': 182, 'train_acc': 0.313187, 'train_f1': 0.007026, 'train_loss': 713.858712, 'train_avg_loss': 3.922301}}[0m
[38;5;39m2023-02-24 23:01:17,390 (client:306) INFO: {'Role': 'Client #9', 'Round': 2, 'Results_raw': {'train_correct': 5.0, 'train_total': 61, 'train_acc': 0.081967, 'train_f1': 0.003307, 'train_loss': 349.227326, 'train_avg_loss': 5.725038}}[0m
[38;5;39m2023-02-24 23:01:19,580 (client:306) INFO: {'Role': 'Client #2', 'Round': 2, 'Results_raw': {'train_correct': 63.0, 'train_total': 202, 'train_acc': 0.311881, 'train_f1': 0.005489, 'train_loss': 805.613955, 'train_avg_loss': 3.988188}}[0m
[38;5;39m2023-02-24 23:01:19,943 (client:306) INFO: {'Role': 'Client #4', 'Round': 2, 'Results_raw': {'train_correct': 1.0, 'train_total': 18, 'train_acc': 0.055556, 'train_f1': 0.006944, 'train_loss': 119.908569, 'train_avg_loss': 6.661587}}[0m
[38;5;39m2023-02-24 23:01:20,624 (client:306) INFO: {'Role': 'Client #8', 'Round': 2, 'Results_raw': {'train_correct': 1.0, 'train_total': 61, 'train_acc': 0.016393, 'train_f1': 0.00085, 'train_loss': 371.31022, 'train_avg_loss': 6.087053}}[0m
[38;5;39m2023-02-24 23:01:21,301 (client:306) INFO: {'Role': 'Client #6', 'Round': 2, 'Results_raw': {'train_correct': 1.0, 'train_total': 61, 'train_acc': 0.016393, 'train_f1': 0.001412, 'train_loss': 450.990959, 'train_avg_loss': 7.393294}}[0m
[38;5;39m2023-02-24 23:01:21,632 (client:306) INFO: {'Role': 'Client #1', 'Round': 2, 'Results_raw': {'train_correct': 1.0, 'train_total': 28, 'train_acc': 0.035714, 'train_f1': 0.003106, 'train_loss': 222.593367, 'train_avg_loss': 7.949763}}[0m
[38;5;39m2023-02-24 23:01:22,828 (client:306) INFO: {'Role': 'Client #10', 'Round': 2, 'Results_raw': {'train_correct': 11.0, 'train_total': 115, 'train_acc': 0.095652, 'train_f1': 0.003448, 'train_loss': 568.194652, 'train_avg_loss': 4.940823}}[0m
[38;5;39m2023-02-24 23:01:24,987 (client:306) INFO: {'Role': 'Client #5', 'Round': 2, 'Results_raw': {'train_correct': 24.0, 'train_total': 138, 'train_acc': 0.173913, 'train_f1': 0.006161, 'train_loss': 602.179017, 'train_avg_loss': 4.363616}}[0m
[38;5;39m2023-02-24 23:01:25,013 (monitor:541) INFO: {'Role': 'Server #', 'Round': 2, 'Results_model_metric': {}}[0m
[38;5;39m2023-02-24 23:01:25,021 (server:330) INFO: Server: Starting evaluation at the end of round 2.[0m
[38;5;39m2023-02-24 23:01:25,031 (server:336) INFO: ----------- Starting a new training round (Round #3) -------------[0m
[33;20m2023-02-24 23:01:25,179 (context:294) WARNING: No val_data or val_loader in the trainer, will skip evaluation.If this is not the case you want, please check whether there is typo for the name[0m
[33;20m2023-02-24 23:01:25,252 (context:294) WARNING: No val_data or val_loader in the trainer, will skip evaluation.If this is not the case you want, please check whether there is typo for the name[0m
[33;20m2023-02-24 23:01:25,351 (context:294) WARNING: No val_data or val_loader in the trainer, will skip evaluation.If this is not the case you want, please check whether there is typo for the name[0m
[33;20m2023-02-24 23:01:25,442 (context:294) WARNING: No val_data or val_loader in the trainer, will skip evaluation.If this is not the case you want, please check whether there is typo for the name[0m
[33;20m2023-02-24 23:01:25,558 (context:294) WARNING: No val_data or val_loader in the trainer, will skip evaluation.If this is not the case you want, please check whether there is typo for the name[0m
[33;20m2023-02-24 23:01:26,058 (context:294) WARNING: No val_data or val_loader in the trainer, will skip evaluation.If this is not the case you want, please check whether there is typo for the name[0m
[33;20m2023-02-24 23:01:26,380 (context:294) WARNING: No val_data or val_loader in the trainer, will skip evaluation.If this is not the case you want, please check whether there is typo for the name[0m
[33;20m2023-02-24 23:01:26,789 (context:294) WARNING: No val_data or val_loader in the trainer, will skip evaluation.If this is not the case you want, please check whether there is typo for the name[0m
[33;20m2023-02-24 23:01:27,199 (context:294) WARNING: No val_data or val_loader in the trainer, will skip evaluation.If this is not the case you want, please check whether there is typo for the name[0m
[33;20m2023-02-24 23:01:27,503 (context:294) WARNING: No val_data or val_loader in the trainer, will skip evaluation.If this is not the case you want, please check whether there is typo for the name[0m
[38;5;39m2023-02-24 23:01:27,505 (server:590) INFO: {'Role': 'Server #', 'Round': 2, 'Results_weighted_avg': {'test_correct': 3.2, 'test_total': 22.0, 'test_acc': 0.145455, 'test_f1': 0.028151, 'test_loss': 178.12079, 'test_avg_loss': 4.912979}, 'Results_avg': {'test_correct': 3.2, 'test_total': 22.0, 'test_acc': 0.148877, 'test_f1': 0.057186, 'test_loss': 108.085538, 'test_avg_loss': 4.828359}, 'Results_fairness': {'test_correct': 3.2, 'test_total': 22.0, 'test_acc_std': 0.085396, 'test_acc_bottom_decile': 0.037037, 'test_acc_top_decile': 0.285714, 'test_acc_min': 0.0, 'test_acc_max': 0.285714, 'test_acc_bottom10%': 0.0, 'test_acc_top10%': 0.285714, 'test_acc_cos1': 0.86743, 'test_acc_entropy': 2.088647, 'test_f1_std': 0.06292, 'test_f1_bottom_decile': 0.00527, 'test_f1_top_decile': 0.2, 'test_f1_min': 0.0, 'test_f1_max': 0.2, 'test_f1_bottom10%': 0.0, 'test_f1_top10%': 0.2, 'test_f1_cos1': 0.67258, 'test_f1_entropy': 1.723995, 'test_loss_std': 88.403536, 'test_loss_bottom_decile': 26.418228, 'test_loss_top_decile': 260.742729, 'test_loss_min': 4.856646, 'test_loss_max': 260.742729, 'test_loss_bottom10%': 4.856646, 'test_loss_top10%': 260.742729, 'test_loss_cos1': 0.774063, 'test_loss_entropy': 1.94486, 'test_avg_loss_std': 0.39477, 'test_avg_loss_bottom_decile': 4.410869, 'test_avg_loss_top_decile': 5.547718, 'test_avg_loss_min': 4.327608, 'test_avg_loss_max': 5.547718, 'test_avg_loss_bottom10%': 4.327608, 'test_avg_loss_top10%': 5.547718, 'test_avg_loss_cos1': 0.996674, 'test_avg_loss_entropy': 2.299265}}[0m
[38;5;39m2023-02-24 23:01:29,436 (client:306) INFO: {'Role': 'Client #3', 'Round': 3, 'Results_raw': {'train_correct': 117.0, 'train_total': 182, 'train_acc': 0.642857, 'train_f1': 0.026876, 'train_loss': 399.159471, 'train_avg_loss': 2.193184}}[0m
[38;5;39m2023-02-24 23:01:29,602 (client:306) INFO: {'Role': 'Client #7', 'Round': 3, 'Results_raw': {'train_correct': 2.0, 'train_total': 11, 'train_acc': 0.181818, 'train_f1': 0.09, 'train_loss': 63.736126, 'train_avg_loss': 5.794193}}[0m
[38;5;39m2023-02-24 23:01:30,049 (client:306) INFO: {'Role': 'Client #1', 'Round': 3, 'Results_raw': {'train_correct': 3.0, 'train_total': 28, 'train_acc': 0.107143, 'train_f1': 0.037247, 'train_loss': 205.389404, 'train_avg_loss': 7.335336}}[0m
[38;5;39m2023-02-24 23:01:31,283 (client:306) INFO: {'Role': 'Client #10', 'Round': 3, 'Results_raw': {'train_correct': 60.0, 'train_total': 115, 'train_acc': 0.521739, 'train_f1': 0.025292, 'train_loss': 310.822334, 'train_avg_loss': 2.702803}}[0m
[38;5;39m2023-02-24 23:01:31,555 (client:306) INFO: {'Role': 'Client #4', 'Round': 3, 'Results_raw': {'train_correct': 4.0, 'train_total': 18, 'train_acc': 0.222222, 'train_f1': 0.051587, 'train_loss': 81.829299, 'train_avg_loss': 4.546072}}[0m
[38;5;39m2023-02-24 23:01:32,432 (client:306) INFO: {'Role': 'Client #6', 'Round': 3, 'Results_raw': {'train_correct': 11.0, 'train_total': 61, 'train_acc': 0.180328, 'train_f1': 0.015048, 'train_loss': 383.941538, 'train_avg_loss': 6.294124}}[0m
[38;5;39m2023-02-24 23:01:33,097 (client:306) INFO: {'Role': 'Client #8', 'Round': 3, 'Results_raw': {'train_correct': 19.0, 'train_total': 61, 'train_acc': 0.311475, 'train_f1': 0.020671, 'train_loss': 258.069568, 'train_avg_loss': 4.230649}}[0m
[38;5;39m2023-02-24 23:01:33,797 (client:306) INFO: {'Role': 'Client #9', 'Round': 3, 'Results_raw': {'train_correct': 15.0, 'train_total': 61, 'train_acc': 0.245902, 'train_f1': 0.015829, 'train_loss': 211.878263, 'train_avg_loss': 3.473414}}[0m
[38;5;39m2023-02-24 23:01:35,409 (client:306) INFO: {'Role': 'Client #5', 'Round': 3, 'Results_raw': {'train_correct': 81.0, 'train_total': 138, 'train_acc': 0.586957, 'train_f1': 0.032533, 'train_loss': 317.847364, 'train_avg_loss': 2.303242}}[0m
[38;5;39m2023-02-24 23:01:37,653 (client:306) INFO: {'Role': 'Client #2', 'Round': 3, 'Results_raw': {'train_correct': 119.0, 'train_total': 202, 'train_acc': 0.589109, 'train_f1': 0.02226, 'train_loss': 489.506227, 'train_avg_loss': 2.423298}}[0m
[38;5;39m2023-02-24 23:01:37,703 (monitor:541) INFO: {'Role': 'Server #', 'Round': 3, 'Results_model_metric': {}}[0m
[38;5;39m2023-02-24 23:01:37,724 (server:330) INFO: Server: Starting evaluation at the end of round 3.[0m
[38;5;39m2023-02-24 23:01:37,730 (server:336) INFO: ----------- Starting a new training round (Round #4) -------------[0m
[33;20m2023-02-24 23:01:37,931 (context:294) WARNING: No val_data or val_loader in the trainer, will skip evaluation.If this is not the case you want, please check whether there is typo for the name[0m
[33;20m2023-02-24 23:01:37,976 (context:294) WARNING: No val_data or val_loader in the trainer, will skip evaluation.If this is not the case you want, please check whether there is typo for the name[0m
[33;20m2023-02-24 23:01:38,065 (context:294) WARNING: No val_data or val_loader in the trainer, will skip evaluation.If this is not the case you want, please check whether there is typo for the name[0m
[33;20m2023-02-24 23:01:38,157 (context:294) WARNING: No val_data or val_loader in the trainer, will skip evaluation.If this is not the case you want, please check whether there is typo for the name[0m
[33;20m2023-02-24 23:01:38,253 (context:294) WARNING: No val_data or val_loader in the trainer, will skip evaluation.If this is not the case you want, please check whether there is typo for the name[0m
[33;20m2023-02-24 23:01:38,734 (context:294) WARNING: No val_data or val_loader in the trainer, will skip evaluation.If this is not the case you want, please check whether there is typo for the name[0m
[33;20m2023-02-24 23:01:39,077 (context:294) WARNING: No val_data or val_loader in the trainer, will skip evaluation.If this is not the case you want, please check whether there is typo for the name[0m
[33;20m2023-02-24 23:01:39,455 (context:294) WARNING: No val_data or val_loader in the trainer, will skip evaluation.If this is not the case you want, please check whether there is typo for the name[0m
[33;20m2023-02-24 23:01:40,013 (context:294) WARNING: No val_data or val_loader in the trainer, will skip evaluation.If this is not the case you want, please check whether there is typo for the name[0m
[33;20m2023-02-24 23:01:40,337 (context:294) WARNING: No val_data or val_loader in the trainer, will skip evaluation.If this is not the case you want, please check whether there is typo for the name[0m
[38;5;39m2023-02-24 23:01:40,339 (server:590) INFO: {'Role': 'Server #', 'Round': 3, 'Results_weighted_avg': {'test_correct': 10.5, 'test_total': 22.0, 'test_acc': 0.477273, 'test_f1': 0.123802, 'test_loss': 105.586525, 'test_avg_loss': 2.907272}, 'Results_avg': {'test_correct': 10.5, 'test_total': 22.0, 'test_acc': 0.539984, 'test_f1': 0.255753, 'test_loss': 63.959985, 'test_avg_loss': 2.770244}, 'Results_fairness': {'test_correct': 10.5, 'test_total': 22.0, 'test_acc_std': 0.223335, 'test_acc_bottom_decile': 0.255319, 'test_acc_top_decile': 1.0, 'test_acc_min': 0.181818, 'test_acc_max': 1.0, 'test_acc_bottom10%': 0.181818, 'test_acc_top10%': 1.0, 'test_acc_cos1': 0.924082, 'test_acc_entropy': 2.21367, 'test_f1_std': 0.274994, 'test_f1_bottom_decile': 0.066667, 'test_f1_top_decile': 1.0, 'test_f1_min': 0.024691, 'test_f1_max': 1.0, 'test_f1_bottom10%': 0.024691, 'test_f1_top10%': 1.0, 'test_f1_cos1': 0.681025, 'test_f1_entropy': 1.857724, 'test_loss_std': 53.605559, 'test_loss_bottom_decile': 13.530689, 'test_loss_top_decile': 165.903982, 'test_loss_min': 1.108719, 'test_loss_max': 165.903982, 'test_loss_bottom10%': 1.108719, 'test_loss_top10%': 165.903982, 'test_loss_cos1': 0.766417, 'test_loss_entropy': 1.932018, 'test_avg_loss_std': 0.903939, 'test_avg_loss_bottom_decile': 1.932956, 'test_avg_loss_top_decile': 4.632004, 'test_avg_loss_min': 1.108719, 'test_avg_loss_max': 4.632004, 'test_avg_loss_bottom10%': 1.108719, 'test_avg_loss_top10%': 4.632004, 'test_avg_loss_cos1': 0.950669, 'test_avg_loss_entropy': 2.247528}}[0m
[38;5;39m2023-02-24 23:01:41,629 (client:306) INFO: {'Role': 'Client #10', 'Round': 4, 'Results_raw': {'train_correct': 91.0, 'train_total': 115, 'train_acc': 0.791304, 'train_f1': 0.111094, 'train_loss': 167.240172, 'train_avg_loss': 1.454262}}[0m
[38;5;39m2023-02-24 23:01:42,247 (client:306) INFO: {'Role': 'Client #8', 'Round': 4, 'Results_raw': {'train_correct': 41.0, 'train_total': 61, 'train_acc': 0.672131, 'train_f1': 0.190074, 'train_loss': 174.586614, 'train_avg_loss': 2.862076}}[0m
[38;5;39m2023-02-24 23:01:44,197 (client:306) INFO: {'Role': 'Client #5', 'Round': 4, 'Results_raw': {'train_correct': 109.0, 'train_total': 138, 'train_acc': 0.789855, 'train_f1': 0.175616, 'train_loss': 156.41877, 'train_avg_loss': 1.133469}}[0m
[38;5;39m2023-02-24 23:01:44,528 (client:306) INFO: {'Role': 'Client #7', 'Round': 4, 'Results_raw': {'train_correct': 3.0, 'train_total': 11, 'train_acc': 0.272727, 'train_f1': 0.243386, 'train_loss': 62.283696, 'train_avg_loss': 5.662154}}[0m
[38;5;39m2023-02-24 23:01:46,779 (client:306) INFO: {'Role': 'Client #3', 'Round': 4, 'Results_raw': {'train_correct': 143.0, 'train_total': 182, 'train_acc': 0.785714, 'train_f1': 0.088501, 'train_loss': 236.854469, 'train_avg_loss': 1.301398}}[0m
[38;5;39m2023-02-24 23:01:47,147 (client:306) INFO: {'Role': 'Client #1', 'Round': 4, 'Results_raw': {'train_correct': 6.0, 'train_total': 28, 'train_acc': 0.214286, 'train_f1': 0.125356, 'train_loss': 194.935011, 'train_avg_loss': 6.961965}}[0m
[38;5;39m2023-02-24 23:01:47,379 (client:306) INFO: {'Role': 'Client #4', 'Round': 4, 'Results_raw': {'train_correct': 7.0, 'train_total': 18, 'train_acc': 0.388889, 'train_f1': 0.113379, 'train_loss': 55.48175, 'train_avg_loss': 3.082319}}[0m
[38;5;39m2023-02-24 23:01:49,619 (client:306) INFO: {'Role': 'Client #2', 'Round': 4, 'Results_raw': {'train_correct': 151.0, 'train_total': 202, 'train_acc': 0.747525, 'train_f1': 0.150661, 'train_loss': 290.336405, 'train_avg_loss': 1.437309}}[0m
[38;5;39m2023-02-24 23:01:50,477 (client:306) INFO: {'Role': 'Client #6', 'Round': 4, 'Results_raw': {'train_correct': 21.0, 'train_total': 61, 'train_acc': 0.344262, 'train_f1': 0.055454, 'train_loss': 336.476644, 'train_avg_loss': 5.516011}}[0m
[38;5;39m2023-02-24 23:01:51,599 (client:306) INFO: {'Role': 'Client #9', 'Round': 4, 'Results_raw': {'train_correct': 32.0, 'train_total': 61, 'train_acc': 0.52459, 'train_f1': 0.150549, 'train_loss': 124.661523, 'train_avg_loss': 2.043632}}[0m
[38;5;39m2023-02-24 23:01:51,647 (monitor:541) INFO: {'Role': 'Server #', 'Round': 4, 'Results_model_metric': {}}[0m
[38;5;39m2023-02-24 23:01:51,656 (server:330) INFO: Server: Starting evaluation at the end of round 4.[0m
[38;5;39m2023-02-24 23:01:51,673 (server:336) INFO: ----------- Starting a new training round (Round #5) -------------[0m
[33;20m2023-02-24 23:01:51,935 (context:294) WARNING: No val_data or val_loader in the trainer, will skip evaluation.If this is not the case you want, please check whether there is typo for the name[0m
[33;20m2023-02-24 23:01:52,027 (context:294) WARNING: No val_data or val_loader in the trainer, will skip evaluation.If this is not the case you want, please check whether there is typo for the name[0m
[33;20m2023-02-24 23:01:52,102 (context:294) WARNING: No val_data or val_loader in the trainer, will skip evaluation.If this is not the case you want, please check whether there is typo for the name[0m
[33;20m2023-02-24 23:01:52,244 (context:294) WARNING: No val_data or val_loader in the trainer, will skip evaluation.If this is not the case you want, please check whether there is typo for the name[0m
[33;20m2023-02-24 23:01:52,368 (context:294) WARNING: No val_data or val_loader in the trainer, will skip evaluation.If this is not the case you want, please check whether there is typo for the name[0m
[33;20m2023-02-24 23:01:52,905 (context:294) WARNING: No val_data or val_loader in the trainer, will skip evaluation.If this is not the case you want, please check whether there is typo for the name[0m
[33;20m2023-02-24 23:01:53,183 (context:294) WARNING: No val_data or val_loader in the trainer, will skip evaluation.If this is not the case you want, please check whether there is typo for the name[0m
[33;20m2023-02-24 23:01:53,659 (context:294) WARNING: No val_data or val_loader in the trainer, will skip evaluation.If this is not the case you want, please check whether there is typo for the name[0m
[33;20m2023-02-24 23:01:54,208 (context:294) WARNING: No val_data or val_loader in the trainer, will skip evaluation.If this is not the case you want, please check whether there is typo for the name[0m
[33;20m2023-02-24 23:01:54,467 (context:294) WARNING: No val_data or val_loader in the trainer, will skip evaluation.If this is not the case you want, please check whether there is typo for the name[0m
[38;5;39m2023-02-24 23:01:54,469 (server:590) INFO: {'Role': 'Server #', 'Round': 4, 'Results_weighted_avg': {'test_correct': 15.3, 'test_total': 22.0, 'test_acc': 0.695455, 'test_f1': 0.275678, 'test_loss': 69.494438, 'test_avg_loss': 1.905771}, 'Results_avg': {'test_correct': 15.3, 'test_total': 22.0, 'test_acc': 0.737125, 'test_f1': 0.468296, 'test_loss': 41.926968, 'test_avg_loss': 1.684542}, 'Results_fairness': {'test_correct': 15.3, 'test_total': 22.0, 'test_acc_std': 0.134319, 'test_acc_bottom_decile': 0.6, 'test_acc_top_decile': 1.0, 'test_acc_min': 0.553191, 'test_acc_max': 1.0, 'test_acc_bottom10%': 0.553191, 'test_acc_top10%': 1.0, 'test_acc_cos1': 0.9838, 'test_acc_entropy': 2.286254, 'test_f1_std': 0.290587, 'test_f1_bottom_decile': 0.240032, 'test_f1_top_decile': 1.0, 'test_f1_min': 0.10766, 'test_f1_max': 1.0, 'test_f1_bottom10%': 0.10766, 'test_f1_top10%': 1.0, 'test_f1_cos1': 0.849705, 'test_f1_entropy': 2.114004, 'test_loss_std': 37.942943, 'test_loss_bottom_decile': 3.808549, 'test_loss_top_decile': 110.793213, 'test_loss_min': 0.307718, 'test_loss_max': 110.793213, 'test_loss_bottom10%': 0.307718, 'test_loss_top10%': 110.793213, 'test_loss_cos1': 0.741456, 'test_loss_entropy': 1.859288, 'test_avg_loss_std': 0.92238, 'test_avg_loss_bottom_decile': 0.544078, 'test_avg_loss_top_decile': 3.419988, 'test_avg_loss_min': 0.307718, 'test_avg_loss_max': 3.419988, 'test_avg_loss_bottom10%': 0.307718, 'test_avg_loss_top10%': 3.419988, 'test_avg_loss_cos1': 0.87712, 'test_avg_loss_entropy': 2.142667}}[0m
[38;5;39m2023-02-24 23:01:54,756 (client:306) INFO: {'Role': 'Client #4', 'Round': 5, 'Results_raw': {'train_correct': 6.0, 'train_total': 18, 'train_acc': 0.333333, 'train_f1': 0.160714, 'train_loss': 45.687251, 'train_avg_loss': 2.538181}}[0m
[38;5;39m2023-02-24 23:01:55,587 (client:306) INFO: {'Role': 'Client #9', 'Round': 5, 'Results_raw': {'train_correct': 39.0, 'train_total': 61, 'train_acc': 0.639344, 'train_f1': 0.490122, 'train_loss': 83.587722, 'train_avg_loss': 1.370291}}[0m
[38;5;39m2023-02-24 23:01:56,345 (client:306) INFO: {'Role': 'Client #8', 'Round': 5, 'Results_raw': {'train_correct': 42.0, 'train_total': 61, 'train_acc': 0.688525, 'train_f1': 0.321814, 'train_loss': 144.421375, 'train_avg_loss': 2.367564}}[0m
[38;5;39m2023-02-24 23:01:59,014 (client:306) INFO: {'Role': 'Client #2', 'Round': 5, 'Results_raw': {'train_correct': 150.0, 'train_total': 202, 'train_acc': 0.742574, 'train_f1': 0.192414, 'train_loss': 205.59014, 'train_avg_loss': 1.017773}}[0m
[38;5;39m2023-02-24 23:02:00,820 (client:306) INFO: {'Role': 'Client #5', 'Round': 5, 'Results_raw': {'train_correct': 126.0, 'train_total': 138, 'train_acc': 0.913043, 'train_f1': 0.898654, 'train_loss': 82.588627, 'train_avg_loss': 0.598468}}[0m
[38;5;39m2023-02-24 23:02:01,418 (client:306) INFO: {'Role': 'Client #1', 'Round': 5, 'Results_raw': {'train_correct': 5.0, 'train_total': 28, 'train_acc': 0.178571, 'train_f1': 0.176768, 'train_loss': 183.920233, 'train_avg_loss': 6.56858}}[0m
[38;5;39m2023-02-24 23:02:01,641 (client:306) INFO: {'Role': 'Client #7', 'Round': 5, 'Results_raw': {'train_correct': 3.0, 'train_total': 11, 'train_acc': 0.272727, 'train_f1': 0.244444, 'train_loss': 56.477838, 'train_avg_loss': 5.134349}}[0m
[38;5;39m2023-02-24 23:02:04,356 (client:306) INFO: {'Role': 'Client #3', 'Round': 5, 'Results_raw': {'train_correct': 157.0, 'train_total': 182, 'train_acc': 0.862637, 'train_f1': 0.498047, 'train_loss': 146.974375, 'train_avg_loss': 0.807552}}[0m
[38;5;39m2023-02-24 23:02:05,135 (client:306) INFO: {'Role': 'Client #6', 'Round': 5, 'Results_raw': {'train_correct': 23.0, 'train_total': 61, 'train_acc': 0.377049, 'train_f1': 0.134921, 'train_loss': 313.055122, 'train_avg_loss': 5.132051}}[0m
[38;5;39m2023-02-24 23:02:06,595 (client:306) INFO: {'Role': 'Client #10', 'Round': 5, 'Results_raw': {'train_correct': 102.0, 'train_total': 115, 'train_acc': 0.886957, 'train_f1': 0.513131, 'train_loss': 88.64738, 'train_avg_loss': 0.770847}}[0m
[38;5;39m2023-02-24 23:02:06,619 (monitor:541) INFO: {'Role': 'Server #', 'Round': 5, 'Results_model_metric': {}}[0m
[38;5;39m2023-02-24 23:02:06,627 (server:330) INFO: Server: Starting evaluation at the end of round 5.[0m
[38;5;39m2023-02-24 23:02:06,633 (server:336) INFO: ----------- Starting a new training round (Round #6) -------------[0m
[33;20m2023-02-24 23:02:06,790 (context:294) WARNING: No val_data or val_loader in the trainer, will skip evaluation.If this is not the case you want, please check whether there is typo for the name[0m
[33;20m2023-02-24 23:02:06,880 (context:294) WARNING: No val_data or val_loader in the trainer, will skip evaluation.If this is not the case you want, please check whether there is typo for the name[0m
[33;20m2023-02-24 23:02:06,957 (context:294) WARNING: No val_data or val_loader in the trainer, will skip evaluation.If this is not the case you want, please check whether there is typo for the name[0m
[33;20m2023-02-24 23:02:07,059 (context:294) WARNING: No val_data or val_loader in the trainer, will skip evaluation.If this is not the case you want, please check whether there is typo for the name[0m
[33;20m2023-02-24 23:02:07,155 (context:294) WARNING: No val_data or val_loader in the trainer, will skip evaluation.If this is not the case you want, please check whether there is typo for the name[0m
[33;20m2023-02-24 23:02:07,890 (context:294) WARNING: No val_data or val_loader in the trainer, will skip evaluation.If this is not the case you want, please check whether there is typo for the name[0m
[33;20m2023-02-24 23:02:08,383 (context:294) WARNING: No val_data or val_loader in the trainer, will skip evaluation.If this is not the case you want, please check whether there is typo for the name[0m
[33;20m2023-02-24 23:02:09,017 (context:294) WARNING: No val_data or val_loader in the trainer, will skip evaluation.If this is not the case you want, please check whether there is typo for the name[0m
[33;20m2023-02-24 23:02:09,681 (context:294) WARNING: No val_data or val_loader in the trainer, will skip evaluation.If this is not the case you want, please check whether there is typo for the name[0m
[33;20m2023-02-24 23:02:09,976 (context:294) WARNING: No val_data or val_loader in the trainer, will skip evaluation.If this is not the case you want, please check whether there is typo for the name[0m
[38;5;39m2023-02-24 23:02:09,988 (server:590) INFO: {'Role': 'Server #', 'Round': 5, 'Results_weighted_avg': {'test_correct': 17.4, 'test_total': 22.0, 'test_acc': 0.790909, 'test_f1': 0.475147, 'test_loss': 50.379904, 'test_avg_loss': 1.404806}, 'Results_avg': {'test_correct': 17.4, 'test_total': 22.0, 'test_acc': 0.831197, 'test_f1': 0.638917, 'test_loss': 30.905724, 'test_avg_loss': 1.230603}, 'Results_fairness': {'test_correct': 17.4, 'test_total': 22.0, 'test_acc_std': 0.135346, 'test_acc_bottom_decile': 0.628571, 'test_acc_top_decile': 1.0, 'test_acc_min': 0.6, 'test_acc_max': 1.0, 'test_acc_bottom10%': 0.6, 'test_acc_top10%': 1.0, 'test_acc_cos1': 0.987001, 'test_acc_entropy': 2.289011, 'test_f1_std': 0.272572, 'test_f1_bottom_decile': 0.417735, 'test_f1_top_decile': 1.0, 'test_f1_min': 0.185, 'test_f1_max': 1.0, 'test_f1_bottom10%': 0.185, 'test_f1_top10%': 1.0, 'test_f1_cos1': 0.919795, 'test_f1_entropy': 2.207125, 'test_loss_std': 28.859064, 'test_loss_bottom_decile': 1.85122, 'test_loss_top_decile': 88.561228, 'test_loss_min': 0.137495, 'test_loss_max': 88.561228, 'test_loss_bottom10%': 0.137495, 'test_loss_top10%': 88.561228, 'test_loss_cos1': 0.730893, 'test_loss_entropy': 1.824202, 'test_avg_loss_std': 0.884437, 'test_avg_loss_bottom_decile': 0.26446, 'test_avg_loss_top_decile': 2.946066, 'test_avg_loss_min': 0.137495, 'test_avg_loss_max': 2.946066, 'test_avg_loss_bottom10%': 0.137495, 'test_avg_loss_top10%': 2.946066, 'test_avg_loss_cos1': 0.812034, 'test_avg_loss_entropy': 2.038008}}[0m
[38;5;39m2023-02-24 23:02:11,638 (client:306) INFO: {'Role': 'Client #5', 'Round': 6, 'Results_raw': {'train_correct': 127.0, 'train_total': 138, 'train_acc': 0.92029, 'train_f1': 0.608507, 'train_loss': 57.494895, 'train_avg_loss': 0.41663}}[0m
[38;5;39m2023-02-24 23:02:13,053 (client:306) INFO: {'Role': 'Client #10', 'Round': 6, 'Results_raw': {'train_correct': 102.0, 'train_total': 115, 'train_acc': 0.886957, 'train_f1': 0.513131, 'train_loss': 79.336048, 'train_avg_loss': 0.689879}}[0m
[38;5;39m2023-02-24 23:02:13,933 (client:306) INFO: {'Role': 'Client #8', 'Round': 6, 'Results_raw': {'train_correct': 49.0, 'train_total': 61, 'train_acc': 0.803279, 'train_f1': 0.526848, 'train_loss': 114.934298, 'train_avg_loss': 1.884169}}[0m
[38;5;39m2023-02-24 23:02:14,698 (client:306) INFO: {'Role': 'Client #9', 'Round': 6, 'Results_raw': {'train_correct': 36.0, 'train_total': 61, 'train_acc': 0.590164, 'train_f1': 0.434557, 'train_loss': 65.657341, 'train_avg_loss': 1.07635}}[0m
[38;5;39m2023-02-24 23:02:17,176 (client:306) INFO: {'Role': 'Client #2', 'Round': 6, 'Results_raw': {'train_correct': 158.0, 'train_total': 202, 'train_acc': 0.782178, 'train_f1': 0.302232, 'train_loss': 193.179778, 'train_avg_loss': 0.956336}}[0m
[38;5;39m2023-02-24 23:02:17,557 (client:306) INFO: {'Role': 'Client #4', 'Round': 6, 'Results_raw': {'train_correct': 6.0, 'train_total': 18, 'train_acc': 0.333333, 'train_f1': 0.210012, 'train_loss': 43.140278, 'train_avg_loss': 2.396682}}[0m
[38;5;39m2023-02-24 23:02:17,962 (client:306) INFO: {'Role': 'Client #1', 'Round': 6, 'Results_raw': {'train_correct': 6.0, 'train_total': 28, 'train_acc': 0.214286, 'train_f1': 0.231481, 'train_loss': 189.415625, 'train_avg_loss': 6.764844}}[0m
[38;5;39m2023-02-24 23:02:20,029 (client:306) INFO: {'Role': 'Client #3', 'Round': 6, 'Results_raw': {'train_correct': 162.0, 'train_total': 182, 'train_acc': 0.89011, 'train_f1': 0.327586, 'train_loss': 102.553453, 'train_avg_loss': 0.563481}}[0m
[38;5;39m2023-02-24 23:02:20,346 (client:306) INFO: {'Role': 'Client #7', 'Round': 6, 'Results_raw': {'train_correct': 3.0, 'train_total': 11, 'train_acc': 0.272727, 'train_f1': 0.243386, 'train_loss': 50.714182, 'train_avg_loss': 4.61038}}[0m
[38;5;39m2023-02-24 23:02:21,383 (client:306) INFO: {'Role': 'Client #6', 'Round': 6, 'Results_raw': {'train_correct': 23.0, 'train_total': 61, 'train_acc': 0.377049, 'train_f1': 0.266862, 'train_loss': 299.15888, 'train_avg_loss': 4.904244}}[0m
[38;5;39m2023-02-24 23:02:21,439 (monitor:541) INFO: {'Role': 'Server #', 'Round': 6, 'Results_model_metric': {}}[0m
[38;5;39m2023-02-24 23:02:21,458 (server:330) INFO: Server: Starting evaluation at the end of round 6.[0m
[38;5;39m2023-02-24 23:02:21,468 (server:336) INFO: ----------- Starting a new training round (Round #7) -------------[0m
[33;20m2023-02-24 23:02:21,634 (context:294) WARNING: No val_data or val_loader in the trainer, will skip evaluation.If this is not the case you want, please check whether there is typo for the name[0m
[33;20m2023-02-24 23:02:21,680 (context:294) WARNING: No val_data or val_loader in the trainer, will skip evaluation.If this is not the case you want, please check whether there is typo for the name[0m
[33;20m2023-02-24 23:02:21,782 (context:294) WARNING: No val_data or val_loader in the trainer, will skip evaluation.If this is not the case you want, please check whether there is typo for the name[0m
[33;20m2023-02-24 23:02:21,885 (context:294) WARNING: No val_data or val_loader in the trainer, will skip evaluation.If this is not the case you want, please check whether there is typo for the name[0m
[33;20m2023-02-24 23:02:21,974 (context:294) WARNING: No val_data or val_loader in the trainer, will skip evaluation.If this is not the case you want, please check whether there is typo for the name[0m
[33;20m2023-02-24 23:02:22,567 (context:294) WARNING: No val_data or val_loader in the trainer, will skip evaluation.If this is not the case you want, please check whether there is typo for the name[0m
[33;20m2023-02-24 23:02:22,818 (context:294) WARNING: No val_data or val_loader in the trainer, will skip evaluation.If this is not the case you want, please check whether there is typo for the name[0m
[33;20m2023-02-24 23:02:23,200 (context:294) WARNING: No val_data or val_loader in the trainer, will skip evaluation.If this is not the case you want, please check whether there is typo for the name[0m
[33;20m2023-02-24 23:02:23,653 (context:294) WARNING: No val_data or val_loader in the trainer, will skip evaluation.If this is not the case you want, please check whether there is typo for the name[0m
[33;20m2023-02-24 23:02:23,928 (context:294) WARNING: No val_data or val_loader in the trainer, will skip evaluation.If this is not the case you want, please check whether there is typo for the name[0m
[38;5;39m2023-02-24 23:02:23,931 (server:590) INFO: {'Role': 'Server #', 'Round': 6, 'Results_weighted_avg': {'test_correct': 18.3, 'test_total': 22.0, 'test_acc': 0.831818, 'test_f1': 0.547777, 'test_loss': 44.668345, 'test_avg_loss': 1.245975}, 'Results_avg': {'test_correct': 18.3, 'test_total': 22.0, 'test_acc': 0.844296, 'test_f1': 0.679682, 'test_loss': 27.411454, 'test_avg_loss': 1.122167}, 'Results_fairness': {'test_correct': 18.3, 'test_total': 22.0, 'test_acc_std': 0.171321, 'test_acc_bottom_decile': 0.714286, 'test_acc_top_decile': 1.0, 'test_acc_min': 0.4, 'test_acc_max': 1.0, 'test_acc_bottom10%': 0.4, 'test_acc_top10%': 1.0, 'test_acc_cos1': 0.980027, 'test_acc_entropy': 2.278844, 'test_f1_std': 0.25697, 'test_f1_bottom_decile': 0.355556, 'test_f1_top_decile': 1.0, 'test_f1_min': 0.317073, 'test_f1_max': 1.0, 'test_f1_bottom10%': 0.317073, 'test_f1_top10%': 1.0, 'test_f1_cos1': 0.93538, 'test_f1_entropy': 2.229177, 'test_loss_std': 26.050044, 'test_loss_bottom_decile': 3.091019, 'test_loss_top_decile': 80.693859, 'test_loss_min': 0.180409, 'test_loss_max': 80.693859, 'test_loss_bottom10%': 0.180409, 'test_loss_top10%': 80.693859, 'test_loss_cos1': 0.724878, 'test_loss_entropy': 1.827755, 'test_avg_loss_std': 0.801682, 'test_avg_loss_bottom_decile': 0.441574, 'test_avg_loss_top_decile': 2.796557, 'test_avg_loss_min': 0.180409, 'test_avg_loss_max': 2.796557, 'test_avg_loss_bottom10%': 0.180409, 'test_avg_loss_top10%': 2.796557, 'test_avg_loss_cos1': 0.813687, 'test_avg_loss_entropy': 2.061457}}[0m
[38;5;39m2023-02-24 23:02:24,166 (client:306) INFO: {'Role': 'Client #7', 'Round': 7, 'Results_raw': {'train_correct': 3.0, 'train_total': 11, 'train_acc': 0.272727, 'train_f1': 0.244444, 'train_loss': 46.585133, 'train_avg_loss': 4.235012}}[0m
[38;5;39m2023-02-24 23:02:24,812 (client:306) INFO: {'Role': 'Client #9', 'Round': 7, 'Results_raw': {'train_correct': 36.0, 'train_total': 61, 'train_acc': 0.590164, 'train_f1': 0.459412, 'train_loss': 61.832354, 'train_avg_loss': 1.013645}}[0m
[38;5;39m2023-02-24 23:02:26,939 (client:306) INFO: {'Role': 'Client #3', 'Round': 7, 'Results_raw': {'train_correct': 168.0, 'train_total': 182, 'train_acc': 0.923077, 'train_f1': 0.563784, 'train_loss': 78.827402, 'train_avg_loss': 0.433118}}[0m
[38;5;39m2023-02-24 23:02:29,375 (client:306) INFO: {'Role': 'Client #2', 'Round': 7, 'Results_raw': {'train_correct': 161.0, 'train_total': 202, 'train_acc': 0.79703, 'train_f1': 0.432111, 'train_loss': 177.325302, 'train_avg_loss': 0.877848}}[0m
[38;5;39m2023-02-24 23:02:31,365 (client:306) INFO: {'Role': 'Client #5', 'Round': 7, 'Results_raw': {'train_correct': 123.0, 'train_total': 138, 'train_acc': 0.891304, 'train_f1': 0.872498, 'train_loss': 54.820459, 'train_avg_loss': 0.39725}}[0m
[38;5;39m2023-02-24 23:02:32,130 (client:306) INFO: {'Role': 'Client #6', 'Round': 7, 'Results_raw': {'train_correct': 23.0, 'train_total': 61, 'train_acc': 0.377049, 'train_f1': 0.266862, 'train_loss': 271.409802, 'train_avg_loss': 4.449341}}[0m
[38;5;39m2023-02-24 23:02:32,470 (client:306) INFO: {'Role': 'Client #1', 'Round': 7, 'Results_raw': {'train_correct': 5.0, 'train_total': 28, 'train_acc': 0.178571, 'train_f1': 0.178266, 'train_loss': 188.004335, 'train_avg_loss': 6.714441}}[0m
[38;5;39m2023-02-24 23:02:32,774 (client:306) INFO: {'Role': 'Client #4', 'Round': 7, 'Results_raw': {'train_correct': 6.0, 'train_total': 18, 'train_acc': 0.333333, 'train_f1': 0.163462, 'train_loss': 40.900571, 'train_avg_loss': 2.272254}}[0m
[38;5;39m2023-02-24 23:02:34,049 (client:306) INFO: {'Role': 'Client #10', 'Round': 7, 'Results_raw': {'train_correct': 100.0, 'train_total': 115, 'train_acc': 0.869565, 'train_f1': 0.48338, 'train_loss': 60.258325, 'train_avg_loss': 0.523985}}[0m
[38;5;39m2023-02-24 23:02:35,441 (client:306) INFO: {'Role': 'Client #8', 'Round': 7, 'Results_raw': {'train_correct': 45.0, 'train_total': 61, 'train_acc': 0.737705, 'train_f1': 0.481074, 'train_loss': 104.944575, 'train_avg_loss': 1.720403}}[0m
[38;5;39m2023-02-24 23:02:35,466 (monitor:541) INFO: {'Role': 'Server #', 'Round': 7, 'Results_model_metric': {}}[0m
[38;5;39m2023-02-24 23:02:35,475 (server:330) INFO: Server: Starting evaluation at the end of round 7.[0m
[38;5;39m2023-02-24 23:02:35,481 (server:336) INFO: ----------- Starting a new training round (Round #8) -------------[0m
[33;20m2023-02-24 23:02:35,612 (context:294) WARNING: No val_data or val_loader in the trainer, will skip evaluation.If this is not the case you want, please check whether there is typo for the name[0m
[33;20m2023-02-24 23:02:35,672 (context:294) WARNING: No val_data or val_loader in the trainer, will skip evaluation.If this is not the case you want, please check whether there is typo for the name[0m
[33;20m2023-02-24 23:02:35,749 (context:294) WARNING: No val_data or val_loader in the trainer, will skip evaluation.If this is not the case you want, please check whether there is typo for the name[0m
[33;20m2023-02-24 23:02:35,841 (context:294) WARNING: No val_data or val_loader in the trainer, will skip evaluation.If this is not the case you want, please check whether there is typo for the name[0m
[33;20m2023-02-24 23:02:35,949 (context:294) WARNING: No val_data or val_loader in the trainer, will skip evaluation.If this is not the case you want, please check whether there is typo for the name[0m
[33;20m2023-02-24 23:02:36,473 (context:294) WARNING: No val_data or val_loader in the trainer, will skip evaluation.If this is not the case you want, please check whether there is typo for the name[0m
[33;20m2023-02-24 23:02:36,764 (context:294) WARNING: No val_data or val_loader in the trainer, will skip evaluation.If this is not the case you want, please check whether there is typo for the name[0m
[33;20m2023-02-24 23:02:37,144 (context:294) WARNING: No val_data or val_loader in the trainer, will skip evaluation.If this is not the case you want, please check whether there is typo for the name[0m
[33;20m2023-02-24 23:02:37,560 (context:294) WARNING: No val_data or val_loader in the trainer, will skip evaluation.If this is not the case you want, please check whether there is typo for the name[0m
[33;20m2023-02-24 23:02:37,826 (context:294) WARNING: No val_data or val_loader in the trainer, will skip evaluation.If this is not the case you want, please check whether there is typo for the name[0m
[38;5;39m2023-02-24 23:02:37,828 (server:590) INFO: {'Role': 'Server #', 'Round': 7, 'Results_weighted_avg': {'test_correct': 18.4, 'test_total': 22.0, 'test_acc': 0.836364, 'test_f1': 0.531654, 'test_loss': 34.505315, 'test_avg_loss': 0.97905}, 'Results_avg': {'test_correct': 18.4, 'test_total': 22.0, 'test_acc': 0.742875, 'test_f1': 0.55856, 'test_loss': 21.539109, 'test_avg_loss': 1.004839}, 'Results_fairness': {'test_correct': 18.4, 'test_total': 22.0, 'test_acc_std': 0.297065, 'test_acc_bottom_decile': 0.4, 'test_acc_top_decile': 1.0, 'test_acc_min': 0.0, 'test_acc_max': 1.0, 'test_acc_bottom10%': 0.0, 'test_acc_top10%': 1.0, 'test_acc_cos1': 0.928513, 'test_acc_entropy': 2.172072, 'test_f1_std': 0.298633, 'test_f1_bottom_decile': 0.313253, 'test_f1_top_decile': 1.0, 'test_f1_min': 0.0, 'test_f1_max': 1.0, 'test_f1_bottom10%': 0.0, 'test_f1_top10%': 1.0, 'test_f1_cos1': 0.881871, 'test_f1_entropy': 2.119443, 'test_loss_std': 20.839283, 'test_loss_bottom_decile': 1.662224, 'test_loss_top_decile': 66.785369, 'test_loss_min': 1.177523, 'test_loss_max': 66.785369, 'test_loss_bottom10%': 1.177523, 'test_loss_top10%': 66.785369, 'test_loss_cos1': 0.718686, 'test_loss_entropy': 1.82527, 'test_avg_loss_std': 0.708424, 'test_avg_loss_bottom_decile': 0.302713, 'test_avg_loss_top_decile': 2.589813, 'test_avg_loss_min': 0.237461, 'test_avg_loss_max': 2.589813, 'test_avg_loss_bottom10%': 0.237461, 'test_avg_loss_top10%': 2.589813, 'test_avg_loss_cos1': 0.817303, 'test_avg_loss_entropy': 2.07147}}[0m
[38;5;39m2023-02-24 23:02:39,339 (client:306) INFO: {'Role': 'Client #5', 'Round': 8, 'Results_raw': {'train_correct': 123.0, 'train_total': 138, 'train_acc': 0.891304, 'train_f1': 0.872498, 'train_loss': 45.112531, 'train_avg_loss': 0.326902}}[0m
[38;5;39m2023-02-24 23:02:39,694 (client:306) INFO: {'Role': 'Client #4', 'Round': 8, 'Results_raw': {'train_correct': 8.0, 'train_total': 18, 'train_acc': 0.444444, 'train_f1': 0.267677, 'train_loss': 36.599846, 'train_avg_loss': 2.033325}}[0m
[38;5;39m2023-02-24 23:02:40,388 (client:306) INFO: {'Role': 'Client #6', 'Round': 8, 'Results_raw': {'train_correct': 22.0, 'train_total': 61, 'train_acc': 0.360656, 'train_f1': 0.193164, 'train_loss': 281.009876, 'train_avg_loss': 4.606719}}[0m
[38;5;39m2023-02-24 23:02:41,767 (client:306) INFO: {'Role': 'Client #10', 'Round': 8, 'Results_raw': {'train_correct': 105.0, 'train_total': 115, 'train_acc': 0.913043, 'train_f1': 0.548143, 'train_loss': 55.246848, 'train_avg_loss': 0.480407}}[0m
[38;5;39m2023-02-24 23:02:44,153 (client:306) INFO: {'Role': 'Client #2', 'Round': 8, 'Results_raw': {'train_correct': 163.0, 'train_total': 202, 'train_acc': 0.806931, 'train_f1': 0.426451, 'train_loss': 143.976493, 'train_avg_loss': 0.712755}}[0m
[38;5;39m2023-02-24 23:02:44,920 (client:306) INFO: {'Role': 'Client #9', 'Round': 8, 'Results_raw': {'train_correct': 41.0, 'train_total': 61, 'train_acc': 0.672131, 'train_f1': 0.511218, 'train_loss': 53.202511, 'train_avg_loss': 0.872172}}[0m
[38;5;39m2023-02-24 23:02:45,691 (client:306) INFO: {'Role': 'Client #8', 'Round': 8, 'Results_raw': {'train_correct': 42.0, 'train_total': 61, 'train_acc': 0.688525, 'train_f1': 0.433333, 'train_loss': 111.840326, 'train_avg_loss': 1.833448}}[0m
[38;5;39m2023-02-24 23:02:46,007 (client:306) INFO: {'Role': 'Client #1', 'Round': 8, 'Results_raw': {'train_correct': 5.0, 'train_total': 28, 'train_acc': 0.178571, 'train_f1': 0.176768, 'train_loss': 181.633635, 'train_avg_loss': 6.486916}}[0m
[38;5;39m2023-02-24 23:02:48,759 (client:306) INFO: {'Role': 'Client #3', 'Round': 8, 'Results_raw': {'train_correct': 165.0, 'train_total': 182, 'train_acc': 0.906593, 'train_f1': 0.553476, 'train_loss': 83.002156, 'train_avg_loss': 0.456056}}[0m
[38;5;39m2023-02-24 23:02:48,947 (client:306) INFO: {'Role': 'Client #7', 'Round': 8, 'Results_raw': {'train_correct': 3.0, 'train_total': 11, 'train_acc': 0.272727, 'train_f1': 0.243386, 'train_loss': 49.453826, 'train_avg_loss': 4.495802}}[0m
[38;5;39m2023-02-24 23:02:48,982 (monitor:541) INFO: {'Role': 'Server #', 'Round': 8, 'Results_model_metric': {}}[0m
[38;5;39m2023-02-24 23:02:48,991 (server:330) INFO: Server: Starting evaluation at the end of round 8.[0m
[38;5;39m2023-02-24 23:02:48,997 (server:336) INFO: ----------- Starting a new training round (Round #9) -------------[0m
[33;20m2023-02-24 23:02:49,127 (context:294) WARNING: No val_data or val_loader in the trainer, will skip evaluation.If this is not the case you want, please check whether there is typo for the name[0m
[33;20m2023-02-24 23:02:49,173 (context:294) WARNING: No val_data or val_loader in the trainer, will skip evaluation.If this is not the case you want, please check whether there is typo for the name[0m
[33;20m2023-02-24 23:02:49,251 (context:294) WARNING: No val_data or val_loader in the trainer, will skip evaluation.If this is not the case you want, please check whether there is typo for the name[0m
[33;20m2023-02-24 23:02:49,345 (context:294) WARNING: No val_data or val_loader in the trainer, will skip evaluation.If this is not the case you want, please check whether there is typo for the name[0m
[33;20m2023-02-24 23:02:49,435 (context:294) WARNING: No val_data or val_loader in the trainer, will skip evaluation.If this is not the case you want, please check whether there is typo for the name[0m
[33;20m2023-02-24 23:02:50,029 (context:294) WARNING: No val_data or val_loader in the trainer, will skip evaluation.If this is not the case you want, please check whether there is typo for the name[0m
[33;20m2023-02-24 23:02:50,397 (context:294) WARNING: No val_data or val_loader in the trainer, will skip evaluation.If this is not the case you want, please check whether there is typo for the name[0m
[33;20m2023-02-24 23:02:50,712 (context:294) WARNING: No val_data or val_loader in the trainer, will skip evaluation.If this is not the case you want, please check whether there is typo for the name[0m
[33;20m2023-02-24 23:02:51,268 (context:294) WARNING: No val_data or val_loader in the trainer, will skip evaluation.If this is not the case you want, please check whether there is typo for the name[0m
[33;20m2023-02-24 23:02:51,610 (context:294) WARNING: No val_data or val_loader in the trainer, will skip evaluation.If this is not the case you want, please check whether there is typo for the name[0m
[38;5;39m2023-02-24 23:02:51,612 (server:590) INFO: {'Role': 'Server #', 'Round': 8, 'Results_weighted_avg': {'test_correct': 18.9, 'test_total': 22.0, 'test_acc': 0.859091, 'test_f1': 0.543759, 'test_loss': 32.005638, 'test_avg_loss': 0.90343}, 'Results_avg': {'test_correct': 18.9, 'test_total': 22.0, 'test_acc': 0.873241, 'test_f1': 0.681228, 'test_loss': 19.875453, 'test_avg_loss': 0.788577}, 'Results_fairness': {'test_correct': 18.9, 'test_total': 22.0, 'test_acc_std': 0.127534, 'test_acc_bottom_decile': 0.685714, 'test_acc_top_decile': 1.0, 'test_acc_min': 0.6, 'test_acc_max': 1.0, 'test_acc_bottom10%': 0.6, 'test_acc_top10%': 1.0, 'test_acc_cos1': 0.989503, 'test_acc_entropy': 2.291272, 'test_f1_std': 0.249632, 'test_f1_bottom_decile': 0.446844, 'test_f1_top_decile': 1.0, 'test_f1_min': 0.321569, 'test_f1_max': 1.0, 'test_f1_bottom10%': 0.321569, 'test_f1_top10%': 1.0, 'test_f1_cos1': 0.938944, 'test_f1_entropy': 2.234453, 'test_loss_std': 21.426043, 'test_loss_bottom_decile': 1.467494, 'test_loss_top_decile': 73.203762, 'test_loss_min': 0.028906, 'test_loss_max': 73.203762, 'test_loss_bottom10%': 0.028906, 'test_loss_top10%': 73.203762, 'test_loss_cos1': 0.680081, 'test_loss_entropy': 1.752279, 'test_avg_loss_std': 0.674375, 'test_avg_loss_bottom_decile': 0.209642, 'test_avg_loss_top_decile': 2.091536, 'test_avg_loss_min': 0.028906, 'test_avg_loss_max': 2.091536, 'test_avg_loss_bottom10%': 0.028906, 'test_avg_loss_top10%': 2.091536, 'test_avg_loss_cos1': 0.759993, 'test_avg_loss_entropy': 1.953135}}[0m
[38;5;39m2023-02-24 23:02:51,883 (client:306) INFO: {'Role': 'Client #4', 'Round': 9, 'Results_raw': {'train_correct': 8.0, 'train_total': 18, 'train_acc': 0.444444, 'train_f1': 0.267677, 'train_loss': 37.968667, 'train_avg_loss': 2.10937}}[0m
[38;5;39m2023-02-24 23:02:54,243 (client:306) INFO: {'Role': 'Client #2', 'Round': 9, 'Results_raw': {'train_correct': 170.0, 'train_total': 202, 'train_acc': 0.841584, 'train_f1': 0.466688, 'train_loss': 120.485221, 'train_avg_loss': 0.596461}}[0m
[38;5;39m2023-02-24 23:02:55,523 (client:306) INFO: {'Role': 'Client #10', 'Round': 9, 'Results_raw': {'train_correct': 103.0, 'train_total': 115, 'train_acc': 0.895652, 'train_f1': 0.521804, 'train_loss': 51.634133, 'train_avg_loss': 0.448992}}[0m
[38;5;39m2023-02-24 23:02:56,399 (client:306) INFO: {'Role': 'Client #9', 'Round': 9, 'Results_raw': {'train_correct': 41.0, 'train_total': 61, 'train_acc': 0.672131, 'train_f1': 0.511218, 'train_loss': 41.06558, 'train_avg_loss': 0.673206}}[0m
[38;5;39m2023-02-24 23:02:57,283 (client:306) INFO: {'Role': 'Client #6', 'Round': 9, 'Results_raw': {'train_correct': 23.0, 'train_total': 61, 'train_acc': 0.377049, 'train_f1': 0.269423, 'train_loss': 250.178637, 'train_avg_loss': 4.101289}}[0m
[38;5;39m2023-02-24 23:02:57,467 (client:306) INFO: {'Role': 'Client #7', 'Round': 9, 'Results_raw': {'train_correct': 4.0, 'train_total': 11, 'train_acc': 0.363636, 'train_f1': 0.338624, 'train_loss': 44.548591, 'train_avg_loss': 4.049872}}[0m
[38;5;39m2023-02-24 23:02:59,498 (client:306) INFO: {'Role': 'Client #3', 'Round': 9, 'Results_raw': {'train_correct': 171.0, 'train_total': 182, 'train_acc': 0.93956, 'train_f1': 0.58972, 'train_loss': 54.913614, 'train_avg_loss': 0.301723}}[0m
[38;5;39m2023-02-24 23:02:59,835 (client:306) INFO: {'Role': 'Client #1', 'Round': 9, 'Results_raw': {'train_correct': 6.0, 'train_total': 28, 'train_acc': 0.214286, 'train_f1': 0.229548, 'train_loss': 176.490732, 'train_avg_loss': 6.30324}}[0m
[38;5;39m2023-02-24 23:03:00,654 (client:306) INFO: {'Role': 'Client #8', 'Round': 9, 'Results_raw': {'train_correct': 46.0, 'train_total': 61, 'train_acc': 0.754098, 'train_f1': 0.502752, 'train_loss': 88.010449, 'train_avg_loss': 1.442794}}[0m
[38;5;39m2023-02-24 23:03:02,280 (client:306) INFO: {'Role': 'Client #5', 'Round': 9, 'Results_raw': {'train_correct': 128.0, 'train_total': 138, 'train_acc': 0.927536, 'train_f1': 0.913251, 'train_loss': 37.772009, 'train_avg_loss': 0.27371}}[0m
[38;5;39m2023-02-24 23:03:02,307 (monitor:541) INFO: {'Role': 'Server #', 'Round': 9, 'Results_model_metric': {}}[0m
[38;5;39m2023-02-24 23:03:02,316 (server:347) INFO: Server: Training is finished! Starting evaluation.[0m
[33;20m2023-02-24 23:03:02,479 (context:294) WARNING: No val_data or val_loader in the trainer, will skip evaluation.If this is not the case you want, please check whether there is typo for the name[0m
[33;20m2023-02-24 23:03:02,531 (context:294) WARNING: No val_data or val_loader in the trainer, will skip evaluation.If this is not the case you want, please check whether there is typo for the name[0m
[33;20m2023-02-24 23:03:02,635 (context:294) WARNING: No val_data or val_loader in the trainer, will skip evaluation.If this is not the case you want, please check whether there is typo for the name[0m
[33;20m2023-02-24 23:03:02,750 (context:294) WARNING: No val_data or val_loader in the trainer, will skip evaluation.If this is not the case you want, please check whether there is typo for the name[0m
[33;20m2023-02-24 23:03:02,847 (context:294) WARNING: No val_data or val_loader in the trainer, will skip evaluation.If this is not the case you want, please check whether there is typo for the name[0m
[33;20m2023-02-24 23:03:03,401 (context:294) WARNING: No val_data or val_loader in the trainer, will skip evaluation.If this is not the case you want, please check whether there is typo for the name[0m
[33;20m2023-02-24 23:03:03,692 (context:294) WARNING: No val_data or val_loader in the trainer, will skip evaluation.If this is not the case you want, please check whether there is typo for the name[0m
[33;20m2023-02-24 23:03:04,029 (context:294) WARNING: No val_data or val_loader in the trainer, will skip evaluation.If this is not the case you want, please check whether there is typo for the name[0m
[33;20m2023-02-24 23:03:04,492 (context:294) WARNING: No val_data or val_loader in the trainer, will skip evaluation.If this is not the case you want, please check whether there is typo for the name[0m
[33;20m2023-02-24 23:03:04,802 (context:294) WARNING: No val_data or val_loader in the trainer, will skip evaluation.If this is not the case you want, please check whether there is typo for the name[0m
[38;5;39m2023-02-24 23:03:04,803 (server:590) INFO: {'Role': 'Server #', 'Round': 9, 'Results_weighted_avg': {'test_correct': 18.5, 'test_total': 22.0, 'test_acc': 0.840909, 'test_f1': 0.554565, 'test_loss': 26.466294, 'test_avg_loss': 0.755763}, 'Results_avg': {'test_correct': 18.5, 'test_total': 22.0, 'test_acc': 0.851998, 'test_f1': 0.686686, 'test_loss': 16.626793, 'test_avg_loss': 0.715912}, 'Results_fairness': {'test_correct': 18.5, 'test_total': 22.0, 'test_acc_std': 0.182827, 'test_acc_bottom_decile': 0.657143, 'test_acc_top_decile': 1.0, 'test_acc_min': 0.4, 'test_acc_max': 1.0, 'test_acc_bottom10%': 0.4, 'test_acc_top10%': 1.0, 'test_acc_cos1': 0.977742, 'test_acc_entropy': 2.276178, 'test_f1_std': 0.271974, 'test_f1_bottom_decile': 0.333333, 'test_f1_top_decile': 1.0, 'test_f1_min': 0.325397, 'test_f1_max': 1.0, 'test_f1_bottom10%': 0.325397, 'test_f1_top10%': 1.0, 'test_f1_cos1': 0.929732, 'test_f1_entropy': 2.221669, 'test_loss_std': 17.279592, 'test_loss_bottom_decile': 0.315946, 'test_loss_top_decile': 58.599172, 'test_loss_min': 0.007297, 'test_loss_max': 58.599172, 'test_loss_bottom10%': 0.007297, 'test_loss_top10%': 58.599172, 'test_loss_cos1': 0.693364, 'test_loss_entropy': 1.749638, 'test_avg_loss_std': 0.781412, 'test_avg_loss_bottom_decile': 0.045135, 'test_avg_loss_top_decile': 2.605982, 'test_avg_loss_min': 0.007297, 'test_avg_loss_max': 2.605982, 'test_avg_loss_bottom10%': 0.007297, 'test_avg_loss_top10%': 2.605982, 'test_avg_loss_cos1': 0.675528, 'test_avg_loss_entropy': 1.769539}}[0m
[38;5;39m2023-02-24 23:03:04,805 (server:395) INFO: Server: Final evaluation is finished! Starting merging results.[0m
[38;5;39m2023-02-24 23:03:04,805 (server:521) INFO: {'Role': 'Server #', 'Round': 'Final', 'Results_raw': {'client_best_individual': {'test_loss': 0.007297, 'test_correct': 47.0, 'test_total': 1.0, 'test_acc': 1.0, 'test_f1': 1.0, 'test_avg_loss': 0.007297}, 'client_summarized_weighted_avg': {'test_loss': 26.466294, 'test_correct': 18.5, 'test_total': 22.0, 'test_acc': 0.840909, 'test_f1': 0.554565, 'test_avg_loss': 0.755763}, 'client_summarized_avg': {'test_loss': 16.626793, 'test_correct': 18.5, 'test_total': 22.0, 'test_acc': 0.851998, 'test_f1': 0.686686, 'test_avg_loss': 0.715912}, 'client_summarized_fairness': {'test_loss_entropy': 1.749638, 'test_loss_cos1': 0.693364, 'test_loss_top10%': 58.599172, 'test_loss_bottom10%': 0.007297, 'test_loss_max': 58.599172, 'test_loss_min': 0.007297, 'test_loss_top_decile': 58.599172, 'test_loss_bottom_decile': 0.315946, 'test_loss_std': 17.279592, 'test_correct': 18.5, 'test_total': 22.0, 'test_acc_std': 0.182827, 'test_acc_bottom_decile': 0.657143, 'test_acc_top_decile': 1.0, 'test_acc_min': 0.4, 'test_acc_max': 1.0, 'test_acc_bottom10%': 0.4, 'test_acc_top10%': 1.0, 'test_acc_cos1': 0.977742, 'test_acc_entropy': 2.276178, 'test_f1_std': 0.271974, 'test_f1_bottom_decile': 0.333333, 'test_f1_top_decile': 1.0, 'test_f1_min': 0.325397, 'test_f1_max': 1.0, 'test_f1_bottom10%': 0.325397, 'test_f1_top10%': 1.0, 'test_f1_cos1': 0.929732, 'test_f1_entropy': 2.221669, 'test_avg_loss_std': 0.781412, 'test_avg_loss_bottom_decile': 0.045135, 'test_avg_loss_top_decile': 2.605982, 'test_avg_loss_min': 0.007297, 'test_avg_loss_max': 2.605982, 'test_avg_loss_bottom10%': 0.007297, 'test_avg_loss_top10%': 2.605982, 'test_avg_loss_cos1': 0.675528, 'test_avg_loss_entropy': 1.769539}}}[0m
[38;5;39m2023-02-24 23:03:04,806 (server:540) INFO: {'Role': 'Client #1', 'Round': 10, 'Results_raw': {'test_correct': 11.0, 'test_total': 11, 'test_acc': 1.0, 'test_f1': 1.0, 'test_loss': 2.611734, 'test_avg_loss': 0.23743}}[0m
[38;5;39m2023-02-24 23:03:04,807 (server:540) INFO: {'Role': 'Client #2', 'Round': 10, 'Results_raw': {'test_correct': 1.0, 'test_total': 1, 'test_acc': 1.0, 'test_f1': 1.0, 'test_loss': 0.007297, 'test_avg_loss': 0.007297}}[0m
[38;5;39m2023-02-24 23:03:04,807 (server:540) INFO: {'Role': 'Client #3', 'Round': 10, 'Results_raw': {'test_correct': 2.0, 'test_total': 5, 'test_acc': 0.4, 'test_f1': 0.333333, 'test_loss': 13.029908, 'test_avg_loss': 2.605982}}[0m
[38;5;39m2023-02-24 23:03:04,807 (server:540) INFO: {'Role': 'Client #4', 'Round': 10, 'Results_raw': {'test_correct': 7.0, 'test_total': 7, 'test_acc': 1.0, 'test_f1': 1.0, 'test_loss': 0.315946, 'test_avg_loss': 0.045135}}[0m
[38;5;39m2023-02-24 23:03:04,808 (server:540) INFO: {'Role': 'Client #5', 'Round': 10, 'Results_raw': {'test_correct': 7.0, 'test_total': 7, 'test_acc': 1.0, 'test_f1': 1.0, 'test_loss': 0.882594, 'test_avg_loss': 0.126085}}[0m
[38;5;39m2023-02-24 23:03:04,808 (server:540) INFO: {'Role': 'Client #6', 'Round': 10, 'Results_raw': {'test_correct': 47.0, 'test_total': 53, 'test_acc': 0.886792, 'test_f1': 0.612086, 'test_loss': 25.148572, 'test_avg_loss': 0.474501}}[0m
[38;5;39m2023-02-24 23:03:04,808 (server:540) INFO: {'Role': 'Client #7', 'Round': 10, 'Results_raw': {'test_correct': 24.0, 'test_total': 27, 'test_acc': 0.888889, 'test_f1': 0.603896, 'test_loss': 20.975494, 'test_avg_loss': 0.77687}}[0m
[38;5;39m2023-02-24 23:03:04,809 (server:540) INFO: {'Role': 'Client #8', 'Round': 10, 'Results_raw': {'test_correct': 23.0, 'test_total': 35, 'test_acc': 0.657143, 'test_f1': 0.438776, 'test_loss': 58.599172, 'test_avg_loss': 1.674262}}[0m
[38;5;39m2023-02-24 23:03:04,809 (server:540) INFO: {'Role': 'Client #9', 'Round': 10, 'Results_raw': {'test_correct': 41.0, 'test_total': 47, 'test_acc': 0.87234, 'test_f1': 0.325397, 'test_loss': 28.165032, 'test_avg_loss': 0.599256}}[0m
[38;5;39m2023-02-24 23:03:04,809 (server:540) INFO: {'Role': 'Client #10', 'Round': 10, 'Results_raw': {'test_correct': 22.0, 'test_total': 27, 'test_acc': 0.814815, 'test_f1': 0.553377, 'test_loss': 16.532179, 'test_avg_loss': 0.612303}}[0m
[38;5;39m2023-02-24 23:03:04,810 (monitor:172) INFO: In worker #0, the system-related metrics are: {'id': 0, 'fl_end_time_minutes': 2.494282, 'total_model_size': 0, 'total_flops': 0, 'total_upload_bytes': 8332800, 'total_download_bytes': 3664840, 'global_convergence_round': 0, 'local_convergence_round': 0, 'global_convergence_time_minutes': 0, 'local_convergence_time_minutes': 0}[0m
[38;5;39m2023-02-24 23:03:04,812 (client:513) INFO: ================= client 1 received finish message =================[0m
[38;5;39m2023-02-24 23:03:04,822 (monitor:172) INFO: In worker #1, the system-related metrics are: {'id': 1, 'fl_end_time_minutes': 2.488231, 'total_model_size': 11689512, 'total_flops': 124443827200.0, 'total_upload_bytes': 366576, 'total_download_bytes': 0, 'global_convergence_round': 0, 'local_convergence_round': 0, 'global_convergence_time_minutes': 0, 'local_convergence_time_minutes': 0}[0m
[38;5;39m2023-02-24 23:03:04,822 (client:513) INFO: ================= client 2 received finish message =================[0m
[38;5;39m2023-02-24 23:03:04,832 (monitor:172) INFO: In worker #2, the system-related metrics are: {'id': 2, 'fl_end_time_minutes': 2.482277, 'total_model_size': 11689512, 'total_flops': 897773324800.0, 'total_upload_bytes': 366576, 'total_download_bytes': 0, 'global_convergence_round': 0, 'local_convergence_round': 0, 'global_convergence_time_minutes': 0, 'local_convergence_time_minutes': 0}[0m
[38;5;39m2023-02-24 23:03:04,832 (client:513) INFO: ================= client 3 received finish message =================[0m
[38;5;39m2023-02-24 23:03:04,842 (monitor:172) INFO: In worker #3, the system-related metrics are: {'id': 3, 'fl_end_time_minutes': 2.476674, 'total_model_size': 11689512, 'total_flops': 808884876800.0, 'total_upload_bytes': 366576, 'total_download_bytes': 0, 'global_convergence_round': 0, 'local_convergence_round': 0, 'global_convergence_time_minutes': 0, 'local_convergence_time_minutes': 0}[0m
[38;5;39m2023-02-24 23:03:04,842 (client:513) INFO: ================= client 4 received finish message =================[0m
[38;5;39m2023-02-24 23:03:04,852 (monitor:172) INFO: In worker #4, the system-related metrics are: {'id': 4, 'fl_end_time_minutes': 2.467146, 'total_model_size': 11689512, 'total_flops': 79999603200.0, 'total_upload_bytes': 366576, 'total_download_bytes': 0, 'global_convergence_round': 0, 'local_convergence_round': 0, 'global_convergence_time_minutes': 0, 'local_convergence_time_minutes': 0}[0m
[38;5;39m2023-02-24 23:03:04,852 (client:513) INFO: ================= client 5 received finish message =================[0m
[38;5;39m2023-02-24 23:03:04,862 (monitor:172) INFO: In worker #5, the system-related metrics are: {'id': 5, 'fl_end_time_minutes': 2.461747, 'total_model_size': 11689512, 'total_flops': 613330291200.0, 'total_upload_bytes': 366576, 'total_download_bytes': 0, 'global_convergence_round': 0, 'local_convergence_round': 0, 'global_convergence_time_minutes': 0, 'local_convergence_time_minutes': 0}[0m
[38;5;39m2023-02-24 23:03:04,862 (client:513) INFO: ================= client 6 received finish message =================[0m
[38;5;39m2023-02-24 23:03:04,872 (monitor:172) INFO: In worker #6, the system-related metrics are: {'id': 6, 'fl_end_time_minutes': 2.455099, 'total_model_size': 11689512, 'total_flops': 271109766400.0, 'total_upload_bytes': 366576, 'total_download_bytes': 0, 'global_convergence_round': 0, 'local_convergence_round': 0, 'global_convergence_time_minutes': 0, 'local_convergence_time_minutes': 0}[0m
[38;5;39m2023-02-24 23:03:04,872 (client:513) INFO: ================= client 7 received finish message =================[0m
[38;5;39m2023-02-24 23:03:04,882 (monitor:172) INFO: In worker #7, the system-related metrics are: {'id': 7, 'fl_end_time_minutes': 2.446463, 'total_model_size': 11689512, 'total_flops': 48888646400.0, 'total_upload_bytes': 366576, 'total_download_bytes': 0, 'global_convergence_round': 0, 'local_convergence_round': 0, 'global_convergence_time_minutes': 0, 'local_convergence_time_minutes': 0}[0m
[38;5;39m2023-02-24 23:03:04,883 (client:513) INFO: ================= client 8 received finish message =================[0m
[38;5;39m2023-02-24 23:03:04,892 (monitor:172) INFO: In worker #8, the system-related metrics are: {'id': 8, 'fl_end_time_minutes': 2.437563, 'total_model_size': 11689512, 'total_flops': 271109766400.0, 'total_upload_bytes': 366576, 'total_download_bytes': 0, 'global_convergence_round': 0, 'local_convergence_round': 0, 'global_convergence_time_minutes': 0, 'local_convergence_time_minutes': 0}[0m
[38;5;39m2023-02-24 23:03:04,893 (client:513) INFO: ================= client 9 received finish message =================[0m
[38;5;39m2023-02-24 23:03:04,912 (monitor:172) INFO: In worker #9, the system-related metrics are: {'id': 9, 'fl_end_time_minutes': 2.431616, 'total_model_size': 11689512, 'total_flops': 271109766400.0, 'total_upload_bytes': 366576, 'total_download_bytes': 0, 'global_convergence_round': 0, 'local_convergence_round': 0, 'global_convergence_time_minutes': 0, 'local_convergence_time_minutes': 0}[0m
[38;5;39m2023-02-24 23:03:04,913 (client:513) INFO: ================= client 10 received finish message =================[0m
[38;5;39m2023-02-24 23:03:04,922 (monitor:172) INFO: In worker #10, the system-related metrics are: {'id': 10, 'fl_end_time_minutes': 2.425655, 'total_model_size': 11689512, 'total_flops': 511108576000.0, 'total_upload_bytes': 366576, 'total_download_bytes': 0, 'global_convergence_round': 0, 'local_convergence_round': 0, 'global_convergence_time_minutes': 0, 'local_convergence_time_minutes': 0}[0m
[38;5;39m2023-02-24 23:03:04,922 (monitor:337) INFO: We will compress the file eval_results.raw into a .gz file, and delete the old one[0m
[38;5;39m2023-02-24 23:03:04,927 (monitor:245) INFO: After merging the system metrics from all works, we got avg: defaultdict(None, {'id': 'sys_avg', 'sys_avg/fl_end_time_minutes': 2.460614, 'sys_avg/total_model_size': '10.13M', 'sys_avg/total_flops': '330.01G', 'sys_avg/total_upload_bytes': '1.04M', 'sys_avg/total_download_bytes': '325.36K', 'sys_avg/global_convergence_round': 0.0, 'sys_avg/local_convergence_round': 0.0, 'sys_avg/global_convergence_time_minutes': 0.0, 'sys_avg/local_convergence_time_minutes': 0.0})[0m
[38;5;39m2023-02-24 23:03:04,927 (monitor:248) INFO: After merging the system metrics from all works, we got std: defaultdict(None, {'id': 'sys_std', 'sys_std/fl_end_time_minutes': 0.022345, 'sys_std/total_model_size': '3.2M', 'sys_std/total_flops': '275.32G', 'sys_std/total_upload_bytes': '2.18M', 'sys_std/total_download_bytes': '1.0M', 'sys_std/global_convergence_round': 0.0, 'sys_std/local_convergence_round': 0.0, 'sys_std/global_convergence_time_minutes': 0.0, 'sys_std/local_convergence_time_minutes': 0.0})[0m
None
220
<generator object BaseDataTranslator.split_to_client.<locals>.<genexpr> at 0x7f87f8f8a2e0>
