 is at 192.168.0.1[0m
[38;5;39m2023-02-24 20:59:57,022 (logging:126) INFO: the current dir is /home/ubuntu/medscale[0m
[38;5;39m2023-02-24 20:59:57,022 (logging:127) INFO: the output dir is exp/FedAvg_convnet5_on_lung224_lr0.01_lstep2/sub_exp_20230224205957[0m
[33;20m2023-02-24 21:00:23,982 (cfg_data:145) WARNING: config `cfg.data.batch_size` will be removed in the future, use `cfg.dataloader.batch_size` instead.[0m
[33;20m2023-02-24 21:00:23,982 (cfg_data:145) WARNING: config `cfg.data.batch_size` will be removed in the future, use `cfg.dataloader.batch_size` instead.[0m
[38;5;39m2023-02-24 21:00:24,034 (config:243) INFO: the used configs are: 
aggregator:
  inside_weight: 1.0
  num_agg_groups: 1
  num_agg_topk: []
  outside_weight: 0.0
asyn:
  use: False
attack:
  alpha_TV: 0.001
  alpha_prop_loss: 0
  attack_method: 
  attacker_id: -1
  classifier_PIA: randomforest
  edge_num: 100
  edge_path: edge_data/
  freq: 10
  info_diff_type: l2
  inject_round: 0
  insert_round: 100000
  label_type: dirty
  max_ite: 400
  mean: [0.1307]
  mia_is_simulate_in: False
  mia_simulate_in_round: 20
  pgd_eps: 2
  pgd_lr: 0.1
  pgd_poisoning: False
  poison_ratio: 0.5
  reconstruct_lr: 0.01
  reconstruct_optim: Adam
  scale_para: 1.0
  scale_poisoning: False
  self_epoch: 6
  self_lr: 0.05
  self_opt: False
  setting: fix
  std: [0.3081]
  target_label_ind: -1
  trigger_path: trigger/
  trigger_type: edge
backend: torch
cfg_file: 
check_completeness: False
criterion:
  type: CrossEntropyLoss
data:
  args: []
  batch_size: 16
  cSBM_phi: [0.5, 0.5, 0.5]
  cache_dir: 
  consistent_label_distribution: False
  drop_last: False
  hetero_data_name: []
  hetero_synth_batch_size: 32
  hetero_synth_feat_dim: 128
  hetero_synth_prim_weight: 0.5
  is_debug: False
  loader: 
  max_query_len: 128
  max_seq_len: 384
  max_tgt_len: 128
  num_contrast: 0
  num_of_client_for_data: []
  num_steps: 30
  num_workers: 0
  pre_transform: []
  quadratic:
    dim: 1
    max_curv: 12.5
    min_curv: 0.02
  root: data/
  save_data: False
  server_holds_all: False
  shuffle: True
  sizes: [10, 5]
  splits: [0.8, 0, 0.2]
  splitter: lda
  splitter_args: [{'alpha': 0.3}]
  subsample: 1.0
  target_transform: []
  test_pre_transform: []
  test_target_transform: []
  test_transform: []
  transform: []
  trunc_stride: 128
  type: lung224
  val_pre_transform: []
  val_target_transform: []
  val_transform: []
  walk_length: 2
dataloader:
  batch_size: 16
  drop_last: False
  num_steps: 30
  num_workers: 0
  pin_memory: False
  shuffle: True
  sizes: [10, 5]
  theta: -1
  type: base
  walk_length: 2
device: 0
distribute:
  use: False
early_stop:
  delta: 0.0
  improve_indicator_mode: best
  patience: 5
eval:
  best_res_update_round_wise_key: test_loss
  count_flops: True
  freq: 1
  metrics: ['acc', 'correct', 'f1']
  monitoring: []
  report: ['weighted_avg', 'avg', 'fairness', 'raw']
  split: ['test', 'val']
expname: FedAvg_convnet5_on_lung224_lr0.01_lstep2
expname_tag: 
feat_engr:
  num_bins: 5
  scenario: hfl
  secure:
    dp:
      
    encrypt:
      type: dummy
    key_size: 3072
    type: encrypt
  selec_threshold: 0.05
  selec_woe_binning: quantile
  type: 
federate:
  atc_load_from: 
  atc_vanilla: False
  client_num: 10
  data_weighted_aggr: False
  ignore_weight: False
  join_in_info: []
  make_global_eval: False
  merge_test_data: False
  method: FedAvg
  mode: standalone
  online_aggr: False
  resource_info_file: 
  restore_from: 
  sample_client_num: 10
  sample_client_rate: -1.0
  sampler: uniform
  save_to: 
  share_local_model: False
  total_round_num: 10
  unseen_clients_rate: 0.0
  use_diff: False
  use_ss: False
fedopt:
  use: False
fedprox:
  use: False
fedsageplus:
  a: 1.0
  b: 1.0
  c: 1.0
  fedgen_epoch: 200
  gen_hidden: 128
  hide_portion: 0.5
  loc_epoch: 1
  num_pred: 5
finetune:
  batch_or_epoch: epoch
  before_eval: False
  freeze_param: 
  local_update_steps: 1
  optimizer:
    lr: 0.1
    type: SGD
  scheduler:
    type: 
    warmup_ratio: 0.0
flitplus:
  factor_ema: 0.8
  lambdavat: 0.5
  tmpFed: 0.5
  weightReg: 1.0
gcflplus:
  EPS_1: 0.05
  EPS_2: 0.1
  seq_length: 5
  standardize: False
grad:
  grad_accum_count: 1
  grad_clip: 5.0
hpo:
  fedex:
    cutoff: 0.0
    diff: False
    eta0: -1.0
    flatten_ss: True
    gamma: 0.0
    pi_lr: 0.01
    psn: False
    sched: auto
    ss: 
    use: False
  init_cand_num: 16
  larger_better: False
  metric: client_summarized_weighted_avg.val_loss
  num_workers: 0
  pbt:
    max_stage: 5
    perf_threshold: 0.1
  scheduler: rs
  sha:
    budgets: []
    elim_rate: 3
    iter: 0
  ss: 
  table:
    eps: 0.1
    idx: 0
    num: 27
  working_folder: hpo
model:
  contrast_temp: 1.0
  contrast_topk: 100
  downstream_tasks: []
  dropout: 0.0
  embed_size: 8
  gamma: 0
  graph_pooling: mean
  hidden: 2048
  in_channels: 0
  input_shape: ()
  label_smoothing: 0.1
  lambda_: 0.1
  layer: 2
  length_penalty: 2.0
  max_answer_len: 30
  max_length: 200
  max_tree_depth: 3
  min_length: 1
  model_num_per_trainer: 1
  model_type: google/bert_uncased_L-2_H-128_A-2
  n_best_size: 20
  no_repeat_ngram_size: 3
  null_score_diff_threshold: 0.0
  num_beams: 5
  num_item: 0
  num_labels: 1
  num_of_trees: 10
  num_user: 0
  out_channels: 62
  pretrain_tasks: []
  stage: 
  task: node
  type: convnet5
  use_bias: True
  use_contrastive_loss: False
nbafl:
  use: False
outdir: exp/FedAvg_convnet5_on_lung224_lr0.01_lstep2/sub_exp_20230224205957
personalization:
  K: 5
  beta: 1.0
  local_param: []
  local_update_steps: 2
  lr: 0.01
  regular_weight: 0.1
  share_non_trainable_para: False
print_decimal_digits: 6
regularizer:
  mu: 0.0
  type: 
seed: 2
sgdmf:
  use: False
train:
  batch_or_epoch: epoch
  local_update_steps: 2
  optimizer:
    lr: 0.01
    type: SGD
    weight_decay: 0.0
  scheduler:
    type: 
    warmup_ratio: 0.0
trainer:
  disp_freq: 50
  local_entropy:
    alpha: 0.75
    eps: 0.001
    gamma: 0.0001
  sam:
    adaptive: False
    eta: 0.0
    rho: 1.0
  type: cvtrainer
  val_freq: 100000000
use_gpu: True
verbose: 1
vertical:
  use: False
wandb:
  use: False[0m
[38;5;39m2023-02-24 21:00:24,218 (utils:144) INFO: The device information file is not provided[0m
[38;5;39m2023-02-24 21:00:24,562 (fed_runner:169) INFO: Server has been set up ... [0m
[38;5;39m2023-02-24 21:00:24,815 (fed_runner:221) INFO: Client 1 has been set up ... [0m
[38;5;39m2023-02-24 21:00:25,053 (fed_runner:221) INFO: Client 2 has been set up ... [0m
[38;5;39m2023-02-24 21:00:25,204 (fed_runner:221) INFO: Client 3 has been set up ... [0m
[38;5;39m2023-02-24 21:00:25,542 (fed_runner:221) INFO: Client 4 has been set up ... [0m
[38;5;39m2023-02-24 21:00:25,643 (fed_runner:221) INFO: Client 5 has been set up ... [0m
[38;5;39m2023-02-24 21:00:25,946 (fed_runner:221) INFO: Client 6 has been set up ... [0m
[38;5;39m2023-02-24 21:00:26,142 (fed_runner:221) INFO: Client 7 has been set up ... [0m
[38;5;39m2023-02-24 21:00:26,548 (fed_runner:221) INFO: Client 8 has been set up ... [0m
[38;5;39m2023-02-24 21:00:26,928 (fed_runner:221) INFO: Client 9 has been set up ... [0m
[38;5;39m2023-02-24 21:00:27,342 (fed_runner:221) INFO: Client 10 has been set up ... [0m
<<<<<<< HEAD
[38;5;39m2023-02-24 21:00:27,342 (trainer:341) INFO: Model meta-info: <class 'medscale.cv.model.cnn.ConvNet5'>.[0m
=======
<<<<<<< HEAD
[38;5;39m2023-02-24 21:00:27,342 (trainer:341) INFO: Model meta-info: <class 'medscale.cv.model.cnn.ConvNet5'>.[0m
=======
[38;5;39m2023-02-24 21:00:27,342 (trainer:341) INFO: Model meta-info: <class 'medscale.cv.model.cnn.ConvNet5'>.[0m
>>>>>>> fe4962455354c9c11afd9c9806ceda28eb280737
>>>>>>> 64b283ee525ef53c32509882719e74890329b83f
[38;5;39m2023-02-24 21:00:27,343 (trainer:349) INFO: Num of original para names: 39.[0m
[38;5;39m2023-02-24 21:00:27,343 (trainer:350) INFO: Num of original trainable para names: 24.[0m
[38;5;39m2023-02-24 21:00:27,343 (trainer:352) INFO: Num of preserved para names in local update: 39. 
Preserved para names in local update: {'bn3.bias', 'conv2.bias', 'bn4.num_batches_tracked', 'bn2.num_batches_tracked', 'bn2.bias', 'bn4.bias', 'bn1.bias', 'bn2.weight', 'conv3.weight', 'conv4.bias', 'bn1.num_batches_tracked', 'bn3.running_mean', 'fc2.weight', 'bn3.running_var', 'bn4.running_var', 'bn3.weight', 'conv5.bias', 'fc1.bias', 'bn1.running_var', 'fc2.bias', 'bn2.running_var', 'bn5.running_mean', 'bn5.bias', 'bn2.running_mean', 'bn4.weight', 'bn3.num_batches_tracked', 'conv2.weight', 'conv1.bias', 'bn5.running_var', 'bn4.running_mean', 'bn1.weight', 'conv5.weight', 'fc1.weight', 'bn5.num_batches_tracked', 'conv3.bias', 'conv4.weight', 'bn5.weight', 'conv1.weight', 'bn1.running_mean'}.[0m
[38;5;39m2023-02-24 21:00:27,343 (trainer:356) INFO: Num of filtered para names in local update: 0. 
Filtered para names in local update: set().[0m
[38;5;39m2023-02-24 21:00:27,343 (trainer:361) INFO: After register default hooks,
	the hooks_in_train is:
	{
	  "on_fit_start": [
	    "_hook_on_fit_start_init",
	    "_hook_on_fit_start_calculate_model_size"
	  ],
	  "on_epoch_start": [
	    "_hook_on_epoch_start"
	  ],
	  "on_batch_start": [
	    "_hook_on_batch_start_init"
	  ],
	  "on_batch_forward": [
	    "_hook_on_batch_forward",
	    "_hook_on_batch_forward_regularizer",
	    "_hook_on_batch_forward_flop_count"
	  ],
	  "on_batch_backward": [
	    "_hook_on_batch_backward"
	  ],
	  "on_batch_end": [
	    "_hook_on_batch_end"
	  ],
	  "on_fit_end": [
	    "_hook_on_fit_end"
	  ]
	};
	the hooks_in_eval is:
            t{
	  "on_fit_start": [
	    "_hook_on_fit_start_init"
	  ],
	  "on_epoch_start": [
	    "_hook_on_epoch_start"
	  ],
	  "on_batch_start": [
	    "_hook_on_batch_start_init"
	  ],
	  "on_batch_forward": [
	    "_hook_on_batch_forward"
	  ],
	  "on_batch_end": [
	    "_hook_on_batch_end"
	  ],
	  "on_fit_end": [
	    "_hook_on_fit_end"
	  ]
	}[0m
[38;5;39m2023-02-24 21:00:27,413 (server:804) INFO: ----------- Starting training (Round #0) -------------[0m
Unsupported operator aten::max_pool2d encountered 5 time(s)
[38;5;39m2023-02-24 21:00:32,284 (client:306) INFO: {'Role': 'Client #9', 'Round': 0, 'Results_raw': {'train_correct': 6.0, 'train_acc': 0.5, 'train_total': 12, 'train_loss': 40.26597, 'train_avg_loss': 3.355497, 'train_f1': 0.222222}}[0m
Unsupported operator aten::max_pool2d encountered 5 time(s)
[38;5;39m2023-02-24 21:00:37,371 (client:306) INFO: {'Role': 'Client #3', 'Round': 0, 'Results_raw': {'train_correct': 410.0, 'train_acc': 0.919283, 'train_total': 446, 'train_loss': 241.831827, 'train_avg_loss': 0.542224, 'train_f1': 0.240047}}[0m
Unsupported operator aten::max_pool2d encountered 5 time(s)
[38;5;39m2023-02-24 21:00:40,974 (client:306) INFO: {'Role': 'Client #10', 'Round': 0, 'Results_raw': {'train_correct': 203.0, 'train_acc': 0.685811, 'train_total': 296, 'train_loss': 345.639046, 'train_avg_loss': 1.167699, 'train_f1': 0.25158}}[0m
Unsupported operator aten::max_pool2d encountered 5 time(s)
[38;5;39m2023-02-24 21:00:45,447 (client:306) INFO: {'Role': 'Client #8', 'Round': 0, 'Results_raw': {'train_correct': 287.0, 'train_acc': 0.824713, 'train_total': 348, 'train_loss': 284.74321, 'train_avg_loss': 0.818228, 'train_f1': 0.180403}}[0m
Unsupported operator aten::max_pool2d encountered 5 time(s)
[38;5;39m2023-02-24 21:00:45,664 (client:306) INFO: {'Role': 'Client #1', 'Round': 0, 'Results_raw': {'train_correct': 7.0, 'train_acc': 0.5, 'train_total': 14, 'train_loss': 46.909485, 'train_avg_loss': 3.350677, 'train_f1': 0.222222}}[0m
Unsupported operator aten::max_pool2d encountered 5 time(s)
[38;5;39m2023-02-24 21:00:46,691 (client:306) INFO: {'Role': 'Client #2', 'Round': 0, 'Results_raw': {'train_correct': 40.0, 'train_acc': 0.645161, 'train_total': 62, 'train_loss': 148.474936, 'train_avg_loss': 2.394757, 'train_f1': 0.133333}}[0m
Unsupported operator aten::max_pool2d encountered 5 time(s)
[38;5;39m2023-02-24 21:00:49,294 (client:306) INFO: {'Role': 'Client #4', 'Round': 0, 'Results_raw': {'train_correct': 180.0, 'train_acc': 0.918367, 'train_total': 196, 'train_loss': 129.999737, 'train_avg_loss': 0.663264, 'train_f1': 0.319149}}[0m
Unsupported operator aten::max_pool2d encountered 5 time(s)
[38;5;39m2023-02-24 21:00:49,793 (client:306) INFO: {'Role': 'Client #7', 'Round': 0, 'Results_raw': {'train_correct': 12.0, 'train_acc': 0.375, 'train_total': 32, 'train_loss': 113.420135, 'train_avg_loss': 3.544379, 'train_f1': 0.15}}[0m
Unsupported operator aten::max_pool2d encountered 5 time(s)
[38;5;39m2023-02-24 21:00:53,901 (client:306) INFO: {'Role': 'Client #5', 'Round': 0, 'Results_raw': {'train_correct': 163.0, 'train_acc': 0.493939, 'train_total': 330, 'train_loss': 408.001811, 'train_avg_loss': 1.236369, 'train_f1': 0.197405}}[0m
Unsupported operator aten::max_pool2d encountered 5 time(s)
[38;5;39m2023-02-24 21:00:54,283 (client:306) INFO: {'Role': 'Client #6', 'Round': 0, 'Results_raw': {'train_correct': 7.0, 'train_acc': 0.388889, 'train_total': 18, 'train_loss': 64.464531, 'train_avg_loss': 3.581363, 'train_f1': 0.152174}}[0m
[38;5;39m2023-02-24 21:00:54,289 (monitor:541) INFO: {'Role': 'Server #', 'Round': 0, 'Results_model_metric': {}}[0m
[38;5;39m2023-02-24 21:00:54,502 (server:330) INFO: Server: Starting evaluation at the end of round 0.[0m
[38;5;39m2023-02-24 21:00:54,503 (server:336) INFO: ----------- Starting a new training round (Round #1) -------------[0m
[33;20m2023-02-24 21:00:55,016 (context:294) WARNING: No val_data or val_loader in the trainer, will skip evaluation.If this is not the case you want, please check whether there is typo for the name[0m
[33;20m2023-02-24 21:00:55,133 (context:294) WARNING: No val_data or val_loader in the trainer, will skip evaluation.If this is not the case you want, please check whether there is typo for the name[0m
[33;20m2023-02-24 21:00:55,259 (context:294) WARNING: No val_data or val_loader in the trainer, will skip evaluation.If this is not the case you want, please check whether there is typo for the name[0m
[33;20m2023-02-24 21:00:55,520 (context:294) WARNING: No val_data or val_loader in the trainer, will skip evaluation.If this is not the case you want, please check whether there is typo for the name[0m
[33;20m2023-02-24 21:00:55,766 (context:294) WARNING: No val_data or val_loader in the trainer, will skip evaluation.If this is not the case you want, please check whether there is typo for the name[0m
[33;20m2023-02-24 21:00:56,126 (context:294) WARNING: No val_data or val_loader in the trainer, will skip evaluation.If this is not the case you want, please check whether there is typo for the name[0m
[33;20m2023-02-24 21:00:56,535 (context:294) WARNING: No val_data or val_loader in the trainer, will skip evaluation.If this is not the case you want, please check whether there is typo for the name[0m
[33;20m2023-02-24 21:00:56,616 (context:294) WARNING: No val_data or val_loader in the trainer, will skip evaluation.If this is not the case you want, please check whether there is typo for the name[0m
[33;20m2023-02-24 21:00:57,070 (context:294) WARNING: No val_data or val_loader in the trainer, will skip evaluation.If this is not the case you want, please check whether there is typo for the name[0m
[33;20m2023-02-24 21:00:57,411 (context:294) WARNING: No val_data or val_loader in the trainer, will skip evaluation.If this is not the case you want, please check whether there is typo for the name[0m
[38;5;39m2023-02-24 21:00:57,651 (client:306) INFO: {'Role': 'Client #1', 'Round': 1, 'Results_raw': {'train_correct': 0.0, 'train_acc': 0.0, 'train_total': 14, 'train_loss': 57.509641, 'train_avg_loss': 4.107831, 'train_f1': 0.0}}[0m
[38;5;39m2023-02-24 21:00:58,770 (client:306) INFO: {'Role': 'Client #2', 'Round': 1, 'Results_raw': {'train_correct': 42.0, 'train_acc': 0.677419, 'train_total': 62, 'train_loss': 49.140646, 'train_avg_loss': 0.792591, 'train_f1': 0.332852}}[0m
[38;5;39m2023-02-24 21:01:02,789 (client:306) INFO: {'Role': 'Client #10', 'Round': 1, 'Results_raw': {'train_correct': 209.0, 'train_acc': 0.706081, 'train_total': 296, 'train_loss': 183.232057, 'train_avg_loss': 0.619027, 'train_f1': 0.422398}}[0m
[38;5;39m2023-02-24 21:01:07,130 (client:306) INFO: {'Role': 'Client #5', 'Round': 1, 'Results_raw': {'train_correct': 216.0, 'train_acc': 0.654545, 'train_total': 330, 'train_loss': 280.894337, 'train_avg_loss': 0.851195, 'train_f1': 0.636255}}[0m
[38;5;39m2023-02-24 21:01:07,605 (client:306) INFO: {'Role': 'Client #7', 'Round': 1, 'Results_raw': {'train_correct': 3.0, 'train_acc': 0.09375, 'train_total': 32, 'train_loss': 109.951523, 'train_avg_loss': 3.435985, 'train_f1': 0.090909}}[0m
[38;5;39m2023-02-24 21:01:12,146 (client:306) INFO: {'Role': 'Client #8', 'Round': 1, 'Results_raw': {'train_correct': 278.0, 'train_acc': 0.798851, 'train_total': 348, 'train_loss': 157.8887, 'train_avg_loss': 0.453703, 'train_f1': 0.59794}}[0m
[38;5;39m2023-02-24 21:01:17,397 (client:306) INFO: {'Role': 'Client #3', 'Round': 1, 'Results_raw': {'train_correct': 421.0, 'train_acc': 0.943946, 'train_total': 446, 'train_loss': 96.007831, 'train_avg_loss': 0.215264, 'train_f1': 0.485582}}[0m
[38;5;39m2023-02-24 21:01:17,661 (client:306) INFO: {'Role': 'Client #6', 'Round': 1, 'Results_raw': {'train_correct': 14.0, 'train_acc': 0.777778, 'train_total': 18, 'train_loss': 20.324307, 'train_avg_loss': 1.129128, 'train_f1': 0.4375}}[0m
[38;5;39m2023-02-24 21:01:20,151 (client:306) INFO: {'Role': 'Client #4', 'Round': 1, 'Results_raw': {'train_correct': 180.0, 'train_acc': 0.918367, 'train_total': 196, 'train_loss': 25.305474, 'train_avg_loss': 0.12911, 'train_f1': 0.478723}}[0m
[38;5;39m2023-02-24 21:01:20,414 (client:306) INFO: {'Role': 'Client #9', 'Round': 1, 'Results_raw': {'train_correct': 6.0, 'train_acc': 0.5, 'train_total': 12, 'train_loss': 11.295735, 'train_avg_loss': 0.941311, 'train_f1': 0.333333}}[0m
[38;5;39m2023-02-24 21:01:20,417 (server:590) INFO: {'Role': 'Server #', 'Round': 0, 'Results_weighted_avg': {'test_correct': 12.2, 'test_acc': 0.554545, 'test_total': 22.0, 'test_loss': 80.377588, 'test_avg_loss': 2.657396, 'test_f1': 0.333633}, 'Results_avg': {'test_correct': 12.2, 'test_acc': 0.464281, 'test_total': 22.0, 'test_loss': 58.462722, 'test_avg_loss': 2.861065, 'test_f1': 0.293998}, 'Results_fairness': {'test_correct': 12.2, 'test_total': 22.0, 'test_acc_std': 0.387263, 'test_acc_bottom_decile': 0.0, 'test_acc_top_decile': 1.0, 'test_acc_min': 0.0, 'test_acc_max': 1.0, 'test_acc_bottom10%': 0.0, 'test_acc_top10%': 1.0, 'test_acc_cos1': 0.767926, 'test_acc_entropy': 1.854699, 'test_loss_std': 35.108252, 'test_loss_bottom_decile': 14.247295, 'test_loss_top_decile': 110.228104, 'test_loss_min': 3.800786, 'test_loss_max': 110.228104, 'test_loss_bottom10%': 3.800786, 'test_loss_top10%': 110.228104, 'test_loss_cos1': 0.857295, 'test_loss_entropy': 2.084621, 'test_avg_loss_std': 0.522216, 'test_avg_loss_bottom_decile': 2.374549, 'test_avg_loss_top_decile': 3.83332, 'test_avg_loss_min': 2.267186, 'test_avg_loss_max': 3.83332, 'test_avg_loss_bottom10%': 2.267186, 'test_avg_loss_top10%': 3.83332, 'test_avg_loss_cos1': 0.983747, 'test_avg_loss_entropy': 2.286646, 'test_f1_std': 0.289968, 'test_f1_bottom_decile': 0.0, 'test_f1_top_decile': 1.0, 'test_f1_min': 0.0, 'test_f1_max': 1.0, 'test_f1_bottom10%': 0.0, 'test_f1_top10%': 1.0, 'test_f1_cos1': 0.71197, 'test_f1_entropy': 1.799419}}[0m
[38;5;39m2023-02-24 21:01:20,423 (monitor:541) INFO: {'Role': 'Server #', 'Round': 1, 'Results_model_metric': {}}[0m
[38;5;39m2023-02-24 21:01:20,632 (server:330) INFO: Server: Starting evaluation at the end of round 1.[0m
[38;5;39m2023-02-24 21:01:20,633 (server:336) INFO: ----------- Starting a new training round (Round #2) -------------[0m
[33;20m2023-02-24 21:01:21,496 (context:294) WARNING: No val_data or val_loader in the trainer, will skip evaluation.If this is not the case you want, please check whether there is typo for the name[0m
[33;20m2023-02-24 21:01:21,704 (context:294) WARNING: No val_data or val_loader in the trainer, will skip evaluation.If this is not the case you want, please check whether there is typo for the name[0m
[33;20m2023-02-24 21:01:21,928 (context:294) WARNING: No val_data or val_loader in the trainer, will skip evaluation.If this is not the case you want, please check whether there is typo for the name[0m
[33;20m2023-02-24 21:01:22,423 (context:294) WARNING: No val_data or val_loader in the trainer, will skip evaluation.If this is not the case you want, please check whether there is typo for the name[0m
[33;20m2023-02-24 21:01:22,872 (context:294) WARNING: No val_data or val_loader in the trainer, will skip evaluation.If this is not the case you want, please check whether there is typo for the name[0m
[33;20m2023-02-24 21:01:23,396 (context:294) WARNING: No val_data or val_loader in the trainer, will skip evaluation.If this is not the case you want, please check whether there is typo for the name[0m
[33;20m2023-02-24 21:01:23,795 (context:294) WARNING: No val_data or val_loader in the trainer, will skip evaluation.If this is not the case you want, please check whether there is typo for the name[0m
[33;20m2023-02-24 21:01:23,915 (context:294) WARNING: No val_data or val_loader in the trainer, will skip evaluation.If this is not the case you want, please check whether there is typo for the name[0m
[33;20m2023-02-24 21:01:24,359 (context:294) WARNING: No val_data or val_loader in the trainer, will skip evaluation.If this is not the case you want, please check whether there is typo for the name[0m
[33;20m2023-02-24 21:01:24,746 (context:294) WARNING: No val_data or val_loader in the trainer, will skip evaluation.If this is not the case you want, please check whether there is typo for the name[0m
[38;5;39m2023-02-24 21:01:25,277 (client:306) INFO: {'Role': 'Client #7', 'Round': 2, 'Results_raw': {'train_correct': 4.0, 'train_acc': 0.125, 'train_total': 32, 'train_loss': 93.933437, 'train_avg_loss': 2.93542, 'train_f1': 0.078431}}[0m
[38;5;39m2023-02-24 21:01:26,232 (client:306) INFO: {'Role': 'Client #2', 'Round': 2, 'Results_raw': {'train_correct': 53.0, 'train_acc': 0.854839, 'train_total': 62, 'train_loss': 35.025504, 'train_avg_loss': 0.564927, 'train_f1': 0.487629}}[0m
[38;5;39m2023-02-24 21:01:30,466 (client:306) INFO: {'Role': 'Client #8', 'Round': 2, 'Results_raw': {'train_correct': 291.0, 'train_acc': 0.836207, 'train_total': 348, 'train_loss': 135.851888, 'train_avg_loss': 0.390379, 'train_f1': 0.593049}}[0m
[38;5;39m2023-02-24 21:01:35,088 (client:306) INFO: {'Role': 'Client #5', 'Round': 2, 'Results_raw': {'train_correct': 223.0, 'train_acc': 0.675758, 'train_total': 330, 'train_loss': 246.461384, 'train_avg_loss': 0.746853, 'train_f1': 0.449188}}[0m
[38;5;39m2023-02-24 21:01:35,337 (client:306) INFO: {'Role': 'Client #6', 'Round': 2, 'Results_raw': {'train_correct': 12.0, 'train_acc': 0.666667, 'train_total': 18, 'train_loss': 21.197573, 'train_avg_loss': 1.177643, 'train_f1': 0.275862}}[0m
[38;5;39m2023-02-24 21:01:35,542 (client:306) INFO: {'Role': 'Client #1', 'Round': 2, 'Results_raw': {'train_correct': 0.0, 'train_acc': 0.0, 'train_total': 14, 'train_loss': 53.384852, 'train_avg_loss': 3.813204, 'train_f1': 0.0}}[0m
[38;5;39m2023-02-24 21:01:35,733 (client:306) INFO: {'Role': 'Client #9', 'Round': 2, 'Results_raw': {'train_correct': 8.0, 'train_acc': 0.666667, 'train_total': 12, 'train_loss': 5.671891, 'train_avg_loss': 0.472658, 'train_f1': 0.4}}[0m
[38;5;39m2023-02-24 21:01:39,824 (client:306) INFO: {'Role': 'Client #10', 'Round': 2, 'Results_raw': {'train_correct': 238.0, 'train_acc': 0.804054, 'train_total': 296, 'train_loss': 134.195048, 'train_avg_loss': 0.453362, 'train_f1': 0.505039}}[0m
[38;5;39m2023-02-24 21:01:42,311 (client:306) INFO: {'Role': 'Client #4', 'Round': 2, 'Results_raw': {'train_correct': 194.0, 'train_acc': 0.989796, 'train_total': 196, 'train_loss': 8.003292, 'train_avg_loss': 0.040833, 'train_f1': 0.497436}}[0m
[38;5;39m2023-02-24 21:01:47,697 (client:306) INFO: {'Role': 'Client #3', 'Round': 2, 'Results_raw': {'train_correct': 424.0, 'train_acc': 0.950673, 'train_total': 446, 'train_loss': 78.688112, 'train_avg_loss': 0.176431, 'train_f1': 0.620572}}[0m
[38;5;39m2023-02-24 21:01:47,699 (server:590) INFO: {'Role': 'Server #', 'Round': 1, 'Results_weighted_avg': {'test_correct': 15.5, 'test_acc': 0.704545, 'test_total': 22.0, 'test_loss': 27.403176, 'test_avg_loss': 1.011773, 'test_f1': 0.432419}, 'Results_avg': {'test_correct': 15.5, 'test_acc': 0.569656, 'test_total': 22.0, 'test_loss': 22.259014, 'test_avg_loss': 1.590305, 'test_f1': 0.338675}, 'Results_fairness': {'test_correct': 15.5, 'test_total': 22.0, 'test_acc_std': 0.324957, 'test_acc_bottom_decile': 0.0, 'test_acc_top_decile': 0.96, 'test_acc_min': 0.0, 'test_acc_max': 0.96, 'test_acc_bottom10%': 0.0, 'test_acc_top10%': 0.96, 'test_acc_cos1': 0.868611, 'test_acc_entropy': 2.049224, 'test_loss_std': 11.417985, 'test_loss_bottom_decile': 4.243777, 'test_loss_top_decile': 36.473561, 'test_loss_min': 4.008948, 'test_loss_max': 36.473561, 'test_loss_bottom10%': 4.008948, 'test_loss_top10%': 36.473561, 'test_loss_cos1': 0.889767, 'test_loss_entropy': 2.141694, 'test_avg_loss_std': 1.313346, 'test_avg_loss_bottom_decile': 0.701624, 'test_avg_loss_top_decile': 4.215182, 'test_avg_loss_min': 0.458753, 'test_avg_loss_max': 4.215182, 'test_avg_loss_bottom10%': 0.458753, 'test_avg_loss_top10%': 4.215182, 'test_avg_loss_cos1': 0.771053, 'test_avg_loss_entropy': 2.015444, 'test_f1_std': 0.196847, 'test_f1_bottom_decile': 0.0, 'test_f1_top_decile': 0.591667, 'test_f1_min': 0.0, 'test_f1_max': 0.591667, 'test_f1_bottom10%': 0.0, 'test_f1_top10%': 0.591667, 'test_f1_cos1': 0.864571, 'test_f1_entropy': 2.043527}}[0m
[38;5;39m2023-02-24 21:01:47,705 (monitor:541) INFO: {'Role': 'Server #', 'Round': 2, 'Results_model_metric': {}}[0m
[38;5;39m2023-02-24 21:01:48,052 (server:330) INFO: Server: Starting evaluation at the end of round 2.[0m
[38;5;39m2023-02-24 21:01:48,052 (server:336) INFO: ----------- Starting a new training round (Round #3) -------------[0m
[33;20m2023-02-24 21:01:48,627 (context:294) WARNING: No val_data or val_loader in the trainer, will skip evaluation.If this is not the case you want, please check whether there is typo for the name[0m
[33;20m2023-02-24 21:01:48,796 (context:294) WARNING: No val_data or val_loader in the trainer, will skip evaluation.If this is not the case you want, please check whether there is typo for the name[0m
[33;20m2023-02-24 21:01:49,002 (context:294) WARNING: No val_data or val_loader in the trainer, will skip evaluation.If this is not the case you want, please check whether there is typo for the name[0m
[33;20m2023-02-24 21:01:49,346 (context:294) WARNING: No val_data or val_loader in the trainer, will skip evaluation.If this is not the case you want, please check whether there is typo for the name[0m
[33;20m2023-02-24 21:01:49,716 (context:294) WARNING: No val_data or val_loader in the trainer, will skip evaluation.If this is not the case you want, please check whether there is typo for the name[0m
[33;20m2023-02-24 21:01:50,424 (context:294) WARNING: No val_data or val_loader in the trainer, will skip evaluation.If this is not the case you want, please check whether there is typo for the name[0m
[33;20m2023-02-24 21:01:51,126 (context:294) WARNING: No val_data or val_loader in the trainer, will skip evaluation.If this is not the case you want, please check whether there is typo for the name[0m
[33;20m2023-02-24 21:01:51,194 (context:294) WARNING: No val_data or val_loader in the trainer, will skip evaluation.If this is not the case you want, please check whether there is typo for the name[0m
[33;20m2023-02-24 21:01:51,519 (context:294) WARNING: No val_data or val_loader in the trainer, will skip evaluation.If this is not the case you want, please check whether there is typo for the name[0m
[33;20m2023-02-24 21:01:51,801 (context:294) WARNING: No val_data or val_loader in the trainer, will skip evaluation.If this is not the case you want, please check whether there is typo for the name[0m
[38;5;39m2023-02-24 21:01:52,237 (client:306) INFO: {'Role': 'Client #7', 'Round': 3, 'Results_raw': {'train_correct': 5.0, 'train_acc': 0.15625, 'train_total': 32, 'train_loss': 72.643698, 'train_avg_loss': 2.270116, 'train_f1': 0.098039}}[0m
[38;5;39m2023-02-24 21:01:58,764 (client:306) INFO: {'Role': 'Client #3', 'Round': 3, 'Results_raw': {'train_correct': 426.0, 'train_acc': 0.955157, 'train_total': 446, 'train_loss': 67.534539, 'train_avg_loss': 0.151423, 'train_f1': 0.655066}}[0m
[38;5;39m2023-02-24 21:01:59,025 (client:306) INFO: {'Role': 'Client #9', 'Round': 3, 'Results_raw': {'train_correct': 10.0, 'train_acc': 0.833333, 'train_total': 12, 'train_loss': 4.767105, 'train_avg_loss': 0.397259, 'train_f1': 0.454545}}[0m
[38;5;39m2023-02-24 21:01:59,897 (client:306) INFO: {'Role': 'Client #2', 'Round': 3, 'Results_raw': {'train_correct': 53.0, 'train_acc': 0.854839, 'train_total': 62, 'train_loss': 32.780573, 'train_avg_loss': 0.528719, 'train_f1': 0.465373}}[0m
[38;5;39m2023-02-24 21:02:02,504 (client:306) INFO: {'Role': 'Client #4', 'Round': 3, 'Results_raw': {'train_correct': 192.0, 'train_acc': 0.979592, 'train_total': 196, 'train_loss': 9.783787, 'train_avg_loss': 0.049917, 'train_f1': 0.494845}}[0m
[38;5;39m2023-02-24 21:02:07,427 (client:306) INFO: {'Role': 'Client #8', 'Round': 3, 'Results_raw': {'train_correct': 310.0, 'train_acc': 0.890805, 'train_total': 348, 'train_loss': 112.8001, 'train_avg_loss': 0.324138, 'train_f1': 0.69822}}[0m
[38;5;39m2023-02-24 21:02:07,808 (client:306) INFO: {'Role': 'Client #6', 'Round': 3, 'Results_raw': {'train_correct': 13.0, 'train_acc': 0.722222, 'train_total': 18, 'train_loss': 17.138565, 'train_avg_loss': 0.952142, 'train_f1': 0.298851}}[0m
[38;5;39m2023-02-24 21:02:08,068 (client:306) INFO: {'Role': 'Client #1', 'Round': 3, 'Results_raw': {'train_correct': 0.0, 'train_acc': 0.0, 'train_total': 14, 'train_loss': 41.225263, 'train_avg_loss': 2.944662, 'train_f1': 0.0}}[0m
[38;5;39m2023-02-24 21:02:12,352 (client:306) INFO: {'Role': 'Client #10', 'Round': 3, 'Results_raw': {'train_correct': 227.0, 'train_acc': 0.766892, 'train_total': 296, 'train_loss': 151.301255, 'train_avg_loss': 0.511153, 'train_f1': 0.478862}}[0m
[38;5;39m2023-02-24 21:02:16,440 (client:306) INFO: {'Role': 'Client #5', 'Round': 3, 'Results_raw': {'train_correct': 235.0, 'train_acc': 0.712121, 'train_total': 330, 'train_loss': 201.312271, 'train_avg_loss': 0.610037, 'train_f1': 0.472492}}[0m
[38;5;39m2023-02-24 21:02:16,442 (server:590) INFO: {'Role': 'Server #', 'Round': 2, 'Results_weighted_avg': {'test_correct': 16.9, 'test_acc': 0.768182, 'test_total': 22.0, 'test_loss': 20.888213, 'test_avg_loss': 0.805983, 'test_f1': 0.481592}, 'Results_avg': {'test_correct': 16.9, 'test_acc': 0.615126, 'test_total': 22.0, 'test_loss': 17.731628, 'test_avg_loss': 1.439469, 'test_f1': 0.373305}, 'Results_fairness': {'test_correct': 16.9, 'test_total': 22.0, 'test_acc_std': 0.326334, 'test_acc_bottom_decile': 0.0, 'test_acc_top_decile': 0.934783, 'test_acc_min': 0.0, 'test_acc_max': 0.934783, 'test_acc_bottom10%': 0.0, 'test_acc_top10%': 0.934783, 'test_acc_cos1': 0.883384, 'test_acc_entropy': 2.066448, 'test_loss_std': 9.607627, 'test_loss_bottom_decile': 4.161418, 'test_loss_top_decile': 31.934075, 'test_loss_min': 4.054762, 'test_loss_max': 31.934075, 'test_loss_bottom10%': 4.054762, 'test_loss_top10%': 31.934075, 'test_loss_cos1': 0.87923, 'test_loss_entropy': 2.138578, 'test_avg_loss_std': 1.390947, 'test_avg_loss_bottom_decile': 0.532759, 'test_avg_loss_top_decile': 4.161418, 'test_avg_loss_min': 0.336085, 'test_avg_loss_max': 4.161418, 'test_avg_loss_bottom10%': 0.336085, 'test_avg_loss_top10%': 4.161418, 'test_avg_loss_cos1': 0.719123, 'test_avg_loss_entropy': 1.914761, 'test_f1_std': 0.225069, 'test_f1_bottom_decile': 0.0, 'test_f1_top_decile': 0.708603, 'test_f1_min': 0.0, 'test_f1_max': 0.708603, 'test_f1_bottom10%': 0.0, 'test_f1_top10%': 0.708603, 'test_f1_cos1': 0.856392, 'test_f1_entropy': 2.033271}}[0m
[38;5;39m2023-02-24 21:02:16,460 (monitor:541) INFO: {'Role': 'Server #', 'Round': 3, 'Results_model_metric': {}}[0m
[38;5;39m2023-02-24 21:02:16,688 (server:330) INFO: Server: Starting evaluation at the end of round 3.[0m
[38;5;39m2023-02-24 21:02:16,689 (server:336) INFO: ----------- Starting a new training round (Round #4) -------------[0m
[33;20m2023-02-24 21:02:17,485 (context:294) WARNING: No val_data or val_loader in the trainer, will skip evaluation.If this is not the case you want, please check whether there is typo for the name[0m
[33;20m2023-02-24 21:02:17,692 (context:294) WARNING: No val_data or val_loader in the trainer, will skip evaluation.If this is not the case you want, please check whether there is typo for the name[0m
[33;20m2023-02-24 21:02:17,922 (context:294) WARNING: No val_data or val_loader in the trainer, will skip evaluation.If this is not the case you want, please check whether there is typo for the name[0m
[33;20m2023-02-24 21:02:18,430 (context:294) WARNING: No val_data or val_loader in the trainer, will skip evaluation.If this is not the case you want, please check whether there is typo for the name[0m
[33;20m2023-02-24 21:02:18,870 (context:294) WARNING: No val_data or val_loader in the trainer, will skip evaluation.If this is not the case you want, please check whether there is typo for the name[0m
[33;20m2023-02-24 21:02:19,566 (context:294) WARNING: No val_data or val_loader in the trainer, will skip evaluation.If this is not the case you want, please check whether there is typo for the name[0m
[33;20m2023-02-24 21:02:20,311 (context:294) WARNING: No val_data or val_loader in the trainer, will skip evaluation.If this is not the case you want, please check whether there is typo for the name[0m
[33;20m2023-02-24 21:02:20,378 (context:294) WARNING: No val_data or val_loader in the trainer, will skip evaluation.If this is not the case you want, please check whether there is typo for the name[0m
[33;20m2023-02-24 21:02:20,750 (context:294) WARNING: No val_data or val_loader in the trainer, will skip evaluation.If this is not the case you want, please check whether there is typo for the name[0m
[33;20m2023-02-24 21:02:21,086 (context:294) WARNING: No val_data or val_loader in the trainer, will skip evaluation.If this is not the case you want, please check whether there is typo for the name[0m
[38;5;39m2023-02-24 21:02:26,585 (client:306) INFO: {'Role': 'Client #3', 'Round': 4, 'Results_raw': {'train_correct': 429.0, 'train_acc': 0.961883, 'train_total': 446, 'train_loss': 51.459031, 'train_avg_loss': 0.115379, 'train_f1': 0.715934}}[0m
[38;5;39m2023-02-24 21:02:27,094 (client:306) INFO: {'Role': 'Client #7', 'Round': 4, 'Results_raw': {'train_correct': 7.0, 'train_acc': 0.21875, 'train_total': 32, 'train_loss': 63.280323, 'train_avg_loss': 1.97751, 'train_f1': 0.140952}}[0m
[38;5;39m2023-02-24 21:02:27,304 (client:306) INFO: {'Role': 'Client #1', 'Round': 4, 'Results_raw': {'train_correct': 1.0, 'train_acc': 0.071429, 'train_total': 14, 'train_loss': 35.732324, 'train_avg_loss': 2.552309, 'train_f1': 0.044444}}[0m
[38;5;39m2023-02-24 21:02:31,173 (client:306) INFO: {'Role': 'Client #10', 'Round': 4, 'Results_raw': {'train_correct': 244.0, 'train_acc': 0.824324, 'train_total': 296, 'train_loss': 119.811255, 'train_avg_loss': 0.404768, 'train_f1': 0.526986}}[0m
[38;5;39m2023-02-24 21:02:34,096 (client:306) INFO: {'Role': 'Client #4', 'Round': 4, 'Results_raw': {'train_correct': 193.0, 'train_acc': 0.984694, 'train_total': 196, 'train_loss': 7.770964, 'train_avg_loss': 0.039648, 'train_f1': 0.496144}}[0m
[38;5;39m2023-02-24 21:02:34,546 (client:306) INFO: {'Role': 'Client #6', 'Round': 4, 'Results_raw': {'train_correct': 13.0, 'train_acc': 0.722222, 'train_total': 18, 'train_loss': 15.130364, 'train_avg_loss': 0.840576, 'train_f1': 0.288889}}[0m
[38;5;39m2023-02-24 21:02:39,858 (client:306) INFO: {'Role': 'Client #8', 'Round': 4, 'Results_raw': {'train_correct': 305.0, 'train_acc': 0.876437, 'train_total': 348, 'train_loss': 101.82131, 'train_avg_loss': 0.29259, 'train_f1': 0.693002}}[0m
[38;5;39m2023-02-24 21:02:40,124 (client:306) INFO: {'Role': 'Client #9', 'Round': 4, 'Results_raw': {'train_correct': 10.0, 'train_acc': 0.833333, 'train_total': 12, 'train_loss': 5.31087, 'train_avg_loss': 0.442572, 'train_f1': 0.454545}}[0m
[38;5;39m2023-02-24 21:02:44,492 (client:306) INFO: {'Role': 'Client #5', 'Round': 4, 'Results_raw': {'train_correct': 251.0, 'train_acc': 0.760606, 'train_total': 330, 'train_loss': 177.875718, 'train_avg_loss': 0.539017, 'train_f1': 0.506668}}[0m
[38;5;39m2023-02-24 21:02:45,242 (client:306) INFO: {'Role': 'Client #2', 'Round': 4, 'Results_raw': {'train_correct': 52.0, 'train_acc': 0.83871, 'train_total': 62, 'train_loss': 28.859382, 'train_avg_loss': 0.465474, 'train_f1': 0.427023}}[0m
[38;5;39m2023-02-24 21:02:45,245 (server:590) INFO: {'Role': 'Server #', 'Round': 3, 'Results_weighted_avg': {'test_correct': 17.3, 'test_acc': 0.786364, 'test_total': 22.0, 'test_loss': 18.674648, 'test_avg_loss': 0.729085, 'test_f1': 0.499804}, 'Results_avg': {'test_correct': 17.3, 'test_acc': 0.62846, 'test_total': 22.0, 'test_loss': 16.039868, 'test_avg_loss': 1.343024, 'test_f1': 0.386502}, 'Results_fairness': {'test_correct': 17.3, 'test_total': 22.0, 'test_acc_std': 0.330915, 'test_acc_bottom_decile': 0.0, 'test_acc_top_decile': 0.934783, 'test_acc_min': 0.0, 'test_acc_max': 0.934783, 'test_acc_bottom10%': 0.0, 'test_acc_top10%': 0.934783, 'test_acc_cos1': 0.884833, 'test_acc_entropy': 2.068022, 'test_loss_std': 8.727611, 'test_loss_bottom_decile': 4.054045, 'test_loss_top_decile': 29.110362, 'test_loss_min': 3.79007, 'test_loss_max': 29.110362, 'test_loss_bottom10%': 3.79007, 'test_loss_top10%': 29.110362, 'test_loss_cos1': 0.878388, 'test_loss_entropy': 2.137289, 'test_avg_loss_std': 1.339416, 'test_avg_loss_bottom_decile': 0.452841, 'test_avg_loss_top_decile': 4.054045, 'test_avg_loss_min': 0.258422, 'test_avg_loss_max': 4.054045, 'test_avg_loss_bottom10%': 0.258422, 'test_avg_loss_top10%': 4.054045, 'test_avg_loss_cos1': 0.708057, 'test_avg_loss_entropy': 1.890429, 'test_f1_std': 0.240838, 'test_f1_bottom_decile': 0.0, 'test_f1_top_decile': 0.801136, 'test_f1_min': 0.0, 'test_f1_max': 0.801136, 'test_f1_bottom10%': 0.0, 'test_f1_top10%': 0.801136, 'test_f1_cos1': 0.848714, 'test_f1_entropy': 2.024669}}[0m
[38;5;39m2023-02-24 21:02:45,259 (monitor:541) INFO: {'Role': 'Server #', 'Round': 4, 'Results_model_metric': {}}[0m
[38;5;39m2023-02-24 21:02:45,683 (server:330) INFO: Server: Starting evaluation at the end of round 4.[0m
[38;5;39m2023-02-24 21:02:45,684 (server:336) INFO: ----------- Starting a new training round (Round #5) -------------[0m
[33;20m2023-02-24 21:02:46,616 (context:294) WARNING: No val_data or val_loader in the trainer, will skip evaluation.If this is not the case you want, please check whether there is typo for the name[0m
[33;20m2023-02-24 21:02:46,754 (context:294) WARNING: No val_data or val_loader in the trainer, will skip evaluation.If this is not the case you want, please check whether there is typo for the name[0m
[33;20m2023-02-24 21:02:46,865 (context:294) WARNING: No val_data or val_loader in the trainer, will skip evaluation.If this is not the case you want, please check whether there is typo for the name[0m
[33;20m2023-02-24 21:02:47,197 (context:294) WARNING: No val_data or val_loader in the trainer, will skip evaluation.If this is not the case you want, please check whether there is typo for the name[0m
[33;20m2023-02-24 21:02:47,451 (context:294) WARNING: No val_data or val_loader in the trainer, will skip evaluation.If this is not the case you want, please check whether there is typo for the name[0m
[33;20m2023-02-24 21:02:47,830 (context:294) WARNING: No val_data or val_loader in the trainer, will skip evaluation.If this is not the case you want, please check whether there is typo for the name[0m
[33;20m2023-02-24 21:02:48,240 (context:294) WARNING: No val_data or val_loader in the trainer, will skip evaluation.If this is not the case you want, please check whether there is typo for the name[0m
[33;20m2023-02-24 21:02:48,313 (context:294) WARNING: No val_data or val_loader in the trainer, will skip evaluation.If this is not the case you want, please check whether there is typo for the name[0m
[33;20m2023-02-24 21:02:48,696 (context:294) WARNING: No val_data or val_loader in the trainer, will skip evaluation.If this is not the case you want, please check whether there is typo for the name[0m
[33;20m2023-02-24 21:02:49,009 (context:294) WARNING: No val_data or val_loader in the trainer, will skip evaluation.If this is not the case you want, please check whether there is typo for the name[0m
[38;5;39m2023-02-24 21:02:52,537 (client:306) INFO: {'Role': 'Client #10', 'Round': 5, 'Results_raw': {'train_correct': 256.0, 'train_acc': 0.864865, 'train_total': 296, 'train_loss': 103.59813, 'train_avg_loss': 0.349994, 'train_f1': 0.555618}}[0m
[38;5;39m2023-02-24 21:02:56,606 (client:306) INFO: {'Role': 'Client #8', 'Round': 5, 'Results_raw': {'train_correct': 313.0, 'train_acc': 0.899425, 'train_total': 348, 'train_loss': 91.695428, 'train_avg_loss': 0.263493, 'train_f1': 0.778767}}[0m
[38;5;39m2023-02-24 21:03:00,816 (client:306) INFO: {'Role': 'Client #5', 'Round': 5, 'Results_raw': {'train_correct': 249.0, 'train_acc': 0.754545, 'train_total': 330, 'train_loss': 174.20645, 'train_avg_loss': 0.527898, 'train_f1': 0.504901}}[0m
[38;5;39m2023-02-24 21:03:01,362 (client:306) INFO: {'Role': 'Client #7', 'Round': 5, 'Results_raw': {'train_correct': 10.0, 'train_acc': 0.3125, 'train_total': 32, 'train_loss': 57.781319, 'train_avg_loss': 1.805666, 'train_f1': 0.232099}}[0m
[38;5;39m2023-02-24 21:03:08,230 (client:306) INFO: {'Role': 'Client #3', 'Round': 5, 'Results_raw': {'train_correct': 425.0, 'train_acc': 0.952915, 'train_total': 446, 'train_loss': 55.937549, 'train_avg_loss': 0.125421, 'train_f1': 0.703936}}[0m
[38;5;39m2023-02-24 21:03:08,464 (client:306) INFO: {'Role': 'Client #1', 'Round': 5, 'Results_raw': {'train_correct': 3.0, 'train_acc': 0.214286, 'train_total': 14, 'train_loss': 32.548913, 'train_avg_loss': 2.324922, 'train_f1': 0.117647}}[0m
[38;5;39m2023-02-24 21:03:10,728 (client:306) INFO: {'Role': 'Client #4', 'Round': 5, 'Results_raw': {'train_correct': 194.0, 'train_acc': 0.989796, 'train_total': 196, 'train_loss': 11.450283, 'train_avg_loss': 0.05842, 'train_f1': 0.497436}}[0m
[38;5;39m2023-02-24 21:03:11,867 (client:306) INFO: {'Role': 'Client #2', 'Round': 5, 'Results_raw': {'train_correct': 53.0, 'train_acc': 0.854839, 'train_total': 62, 'train_loss': 32.365642, 'train_avg_loss': 0.522026, 'train_f1': 0.487629}}[0m
[38;5;39m2023-02-24 21:03:12,137 (client:306) INFO: {'Role': 'Client #6', 'Round': 5, 'Results_raw': {'train_correct': 14.0, 'train_acc': 0.777778, 'train_total': 18, 'train_loss': 12.019884, 'train_avg_loss': 0.667771, 'train_f1': 0.301075}}[0m
[38;5;39m2023-02-24 21:03:12,333 (client:306) INFO: {'Role': 'Client #9', 'Round': 5, 'Results_raw': {'train_correct': 10.0, 'train_acc': 0.833333, 'train_total': 12, 'train_loss': 6.744854, 'train_avg_loss': 0.562071, 'train_f1': 0.454545}}[0m
[38;5;39m2023-02-24 21:03:12,336 (server:590) INFO: {'Role': 'Server #', 'Round': 4, 'Results_weighted_avg': {'test_correct': 17.4, 'test_acc': 0.790909, 'test_total': 22.0, 'test_loss': 16.883432, 'test_avg_loss': 0.665937, 'test_f1': 0.49506}, 'Results_avg': {'test_correct': 17.4, 'test_acc': 0.635608, 'test_total': 22.0, 'test_loss': 14.650623, 'test_avg_loss': 1.236005, 'test_f1': 0.385738}, 'Results_fairness': {'test_correct': 17.4, 'test_total': 22.0, 'test_acc_std': 0.335167, 'test_acc_bottom_decile': 0.0, 'test_acc_top_decile': 0.96, 'test_acc_min': 0.0, 'test_acc_max': 0.96, 'test_acc_bottom10%': 0.0, 'test_acc_top10%': 0.96, 'test_acc_cos1': 0.884553, 'test_acc_entropy': 2.0678, 'test_loss_std': 7.761287, 'test_loss_bottom_decile': 4.061217, 'test_loss_top_decile': 25.470347, 'test_loss_min': 3.678178, 'test_loss_max': 25.470347, 'test_loss_bottom10%': 3.678178, 'test_loss_top10%': 25.470347, 'test_loss_cos1': 0.883661, 'test_loss_entropy': 2.140025, 'test_avg_loss_std': 1.221231, 'test_avg_loss_bottom_decile': 0.345941, 'test_avg_loss_top_decile': 3.678178, 'test_avg_loss_min': 0.175323, 'test_avg_loss_max': 3.678178, 'test_avg_loss_bottom10%': 0.175323, 'test_avg_loss_top10%': 3.678178, 'test_avg_loss_cos1': 0.711345, 'test_avg_loss_entropy': 1.89507, 'test_f1_std': 0.230202, 'test_f1_bottom_decile': 0.0, 'test_f1_top_decile': 0.746377, 'test_f1_min': 0.0, 'test_f1_max': 0.746377, 'test_f1_bottom10%': 0.0, 'test_f1_top10%': 0.746377, 'test_f1_cos1': 0.858709, 'test_f1_entropy': 2.03634}}[0m
[38;5;39m2023-02-24 21:03:12,353 (monitor:541) INFO: {'Role': 'Server #', 'Round': 5, 'Results_model_metric': {}}[0m
[38;5;39m2023-02-24 21:03:12,742 (server:330) INFO: Server: Starting evaluation at the end of round 5.[0m
[38;5;39m2023-02-24 21:03:12,743 (server:336) INFO: ----------- Starting a new training round (Round #6) -------------[0m
[33;20m2023-02-24 21:03:13,351 (context:294) WARNING: No val_data or val_loader in the trainer, will skip evaluation.If this is not the case you want, please check whether there is typo for the name[0m
[33;20m2023-02-24 21:03:13,465 (context:294) WARNING: No val_data or val_loader in the trainer, will skip evaluation.If this is not the case you want, please check whether there is typo for the name[0m
[33;20m2023-02-24 21:03:13,587 (context:294) WARNING: No val_data or val_loader in the trainer, will skip evaluation.If this is not the case you want, please check whether there is typo for the name[0m
[33;20m2023-02-24 21:03:13,919 (context:294) WARNING: No val_data or val_loader in the trainer, will skip evaluation.If this is not the case you want, please check whether there is typo for the name[0m
[33;20m2023-02-24 21:03:14,228 (context:294) WARNING: No val_data or val_loader in the trainer, will skip evaluation.If this is not the case you want, please check whether there is typo for the name[0m
[33;20m2023-02-24 21:03:14,692 (context:294) WARNING: No val_data or val_loader in the trainer, will skip evaluation.If this is not the case you want, please check whether there is typo for the name[0m
[33;20m2023-02-24 21:03:15,116 (context:294) WARNING: No val_data or val_loader in the trainer, will skip evaluation.If this is not the case you want, please check whether there is typo for the name[0m
[33;20m2023-02-24 21:03:15,191 (context:294) WARNING: No val_data or val_loader in the trainer, will skip evaluation.If this is not the case you want, please check whether there is typo for the name[0m
[33;20m2023-02-24 21:03:15,600 (context:294) WARNING: No val_data or val_loader in the trainer, will skip evaluation.If this is not the case you want, please check whether there is typo for the name[0m
[33;20m2023-02-24 21:03:15,910 (context:294) WARNING: No val_data or val_loader in the trainer, will skip evaluation.If this is not the case you want, please check whether there is typo for the name[0m
[38;5;39m2023-02-24 21:03:18,391 (client:306) INFO: {'Role': 'Client #4', 'Round': 6, 'Results_raw': {'train_correct': 192.0, 'train_acc': 0.979592, 'train_total': 196, 'train_loss': 9.994232, 'train_avg_loss': 0.050991, 'train_f1': 0.494845}}[0m
[38;5;39m2023-02-24 21:03:18,630 (client:306) INFO: {'Role': 'Client #9', 'Round': 6, 'Results_raw': {'train_correct': 9.0, 'train_acc': 0.75, 'train_total': 12, 'train_loss': 6.311064, 'train_avg_loss': 0.525922, 'train_f1': 0.428571}}[0m
[38;5;39m2023-02-24 21:03:23,107 (client:306) INFO: {'Role': 'Client #8', 'Round': 6, 'Results_raw': {'train_correct': 315.0, 'train_acc': 0.905172, 'train_total': 348, 'train_loss': 79.336393, 'train_avg_loss': 0.227978, 'train_f1': 0.787424}}[0m
[38;5;39m2023-02-24 21:03:23,798 (client:306) INFO: {'Role': 'Client #2', 'Round': 6, 'Results_raw': {'train_correct': 55.0, 'train_acc': 0.887097, 'train_total': 62, 'train_loss': 26.062682, 'train_avg_loss': 0.420366, 'train_f1': 0.515152}}[0m
[38;5;39m2023-02-24 21:03:28,732 (client:306) INFO: {'Role': 'Client #5', 'Round': 6, 'Results_raw': {'train_correct': 262.0, 'train_acc': 0.793939, 'train_total': 330, 'train_loss': 150.251891, 'train_avg_loss': 0.455309, 'train_f1': 0.530741}}[0m
[38;5;39m2023-02-24 21:03:29,119 (client:306) INFO: {'Role': 'Client #1', 'Round': 6, 'Results_raw': {'train_correct': 3.0, 'train_acc': 0.214286, 'train_total': 14, 'train_loss': 29.733747, 'train_avg_loss': 2.123839, 'train_f1': 0.117647}}[0m
[38;5;39m2023-02-24 21:03:29,840 (client:306) INFO: {'Role': 'Client #7', 'Round': 6, 'Results_raw': {'train_correct': 14.0, 'train_acc': 0.4375, 'train_total': 32, 'train_loss': 54.159439, 'train_avg_loss': 1.692482, 'train_f1': 0.317291}}[0m
[38;5;39m2023-02-24 21:03:36,690 (client:306) INFO: {'Role': 'Client #3', 'Round': 6, 'Results_raw': {'train_correct': 428.0, 'train_acc': 0.959641, 'train_total': 446, 'train_loss': 49.193685, 'train_avg_loss': 0.1103, 'train_f1': 0.689559}}[0m
[38;5;39m2023-02-24 21:03:37,078 (client:306) INFO: {'Role': 'Client #6', 'Round': 6, 'Results_raw': {'train_correct': 14.0, 'train_acc': 0.777778, 'train_total': 18, 'train_loss': 10.321405, 'train_avg_loss': 0.573411, 'train_f1': 0.301075}}[0m
[38;5;39m2023-02-24 21:03:41,407 (client:306) INFO: {'Role': 'Client #10', 'Round': 6, 'Results_raw': {'train_correct': 254.0, 'train_acc': 0.858108, 'train_total': 296, 'train_loss': 100.465489, 'train_avg_loss': 0.33941, 'train_f1': 0.558406}}[0m
[38;5;39m2023-02-24 21:03:41,409 (server:590) INFO: {'Role': 'Server #', 'Round': 5, 'Results_weighted_avg': {'test_correct': 16.0, 'test_acc': 0.727273, 'test_total': 22.0, 'test_loss': 18.501022, 'test_avg_loss': 0.720033, 'test_f1': 0.496718}, 'Results_avg': {'test_correct': 16.0, 'test_acc': 0.593865, 'test_total': 22.0, 'test_loss': 15.840725, 'test_avg_loss': 1.241358, 'test_f1': 0.397939}, 'Results_fairness': {'test_correct': 16.0, 'test_total': 22.0, 'test_acc_std': 0.330375, 'test_acc_bottom_decile': 0.0, 'test_acc_top_decile': 1.0, 'test_acc_min': 0.0, 'test_acc_max': 1.0, 'test_acc_bottom10%': 0.0, 'test_acc_top10%': 1.0, 'test_acc_cos1': 0.873876, 'test_acc_entropy': 2.055907, 'test_loss_std': 9.237018, 'test_loss_bottom_decile': 3.216331, 'test_loss_top_decile': 27.371553, 'test_loss_min': 1.632791, 'test_loss_max': 27.371553, 'test_loss_bottom10%': 1.632791, 'test_loss_top10%': 27.371553, 'test_loss_cos1': 0.86386, 'test_loss_entropy': 2.09251, 'test_avg_loss_std': 1.124408, 'test_avg_loss_bottom_decile': 0.292218, 'test_avg_loss_top_decile': 3.565284, 'test_avg_loss_min': 0.065312, 'test_avg_loss_max': 3.565284, 'test_avg_loss_bottom10%': 0.065312, 'test_avg_loss_top10%': 3.565284, 'test_avg_loss_cos1': 0.741157, 'test_avg_loss_entropy': 1.937917, 'test_f1_std': 0.275028, 'test_f1_bottom_decile': 0.0, 'test_f1_top_decile': 1.0, 'test_f1_min': 0.0, 'test_f1_max': 1.0, 'test_f1_bottom10%': 0.0, 'test_f1_top10%': 1.0, 'test_f1_cos1': 0.822645, 'test_f1_entropy': 1.998969}}[0m
[38;5;39m2023-02-24 21:03:41,415 (monitor:541) INFO: {'Role': 'Server #', 'Round': 6, 'Results_model_metric': {}}[0m
[38;5;39m2023-02-24 21:03:41,670 (server:330) INFO: Server: Starting evaluation at the end of round 6.[0m
[38;5;39m2023-02-24 21:03:41,671 (server:336) INFO: ----------- Starting a new training round (Round #7) -------------[0m
[33;20m2023-02-24 21:03:42,249 (context:294) WARNING: No val_data or val_loader in the trainer, will skip evaluation.If this is not the case you want, please check whether there is typo for the name[0m
[33;20m2023-02-24 21:03:42,424 (context:294) WARNING: No val_data or val_loader in the trainer, will skip evaluation.If this is not the case you want, please check whether there is typo for the name[0m
[33;20m2023-02-24 21:03:42,585 (context:294) WARNING: No val_data or val_loader in the trainer, will skip evaluation.If this is not the case you want, please check whether there is typo for the name[0m
[33;20m2023-02-24 21:03:42,875 (context:294) WARNING: No val_data or val_loader in the trainer, will skip evaluation.If this is not the case you want, please check whether there is typo for the name[0m
[33;20m2023-02-24 21:03:43,134 (context:294) WARNING: No val_data or val_loader in the trainer, will skip evaluation.If this is not the case you want, please check whether there is typo for the name[0m
[33;20m2023-02-24 21:03:43,545 (context:294) WARNING: No val_data or val_loader in the trainer, will skip evaluation.If this is not the case you want, please check whether there is typo for the name[0m
[33;20m2023-02-24 21:03:44,058 (context:294) WARNING: No val_data or val_loader in the trainer, will skip evaluation.If this is not the case you want, please check whether there is typo for the name[0m
[33;20m2023-02-24 21:03:44,129 (context:294) WARNING: No val_data or val_loader in the trainer, will skip evaluation.If this is not the case you want, please check whether there is typo for the name[0m
[33;20m2023-02-24 21:03:44,463 (context:294) WARNING: No val_data or val_loader in the trainer, will skip evaluation.If this is not the case you want, please check whether there is typo for the name[0m
[33;20m2023-02-24 21:03:44,743 (context:294) WARNING: No val_data or val_loader in the trainer, will skip evaluation.If this is not the case you want, please check whether there is typo for the name[0m
[38;5;39m2023-02-24 21:03:49,114 (client:306) INFO: {'Role': 'Client #5', 'Round': 7, 'Results_raw': {'train_correct': 277.0, 'train_acc': 0.839394, 'train_total': 330, 'train_loss': 137.156248, 'train_avg_loss': 0.415625, 'train_f1': 0.56186}}[0m
[38;5;39m2023-02-24 21:03:53,042 (client:306) INFO: {'Role': 'Client #10', 'Round': 7, 'Results_raw': {'train_correct': 262.0, 'train_acc': 0.885135, 'train_total': 296, 'train_loss': 81.654575, 'train_avg_loss': 0.27586, 'train_f1': 0.579849}}[0m
[38;5;39m2023-02-24 21:03:58,195 (client:306) INFO: {'Role': 'Client #8', 'Round': 7, 'Results_raw': {'train_correct': 320.0, 'train_acc': 0.91954, 'train_total': 348, 'train_loss': 71.398228, 'train_avg_loss': 0.205167, 'train_f1': 0.827808}}[0m
[38;5;39m2023-02-24 21:03:58,474 (client:306) INFO: {'Role': 'Client #9', 'Round': 7, 'Results_raw': {'train_correct': 11.0, 'train_acc': 0.916667, 'train_total': 12, 'train_loss': 5.950971, 'train_avg_loss': 0.495914, 'train_f1': 0.478261}}[0m
[38;5;39m2023-02-24 21:03:59,285 (client:306) INFO: {'Role': 'Client #2', 'Round': 7, 'Results_raw': {'train_correct': 52.0, 'train_acc': 0.83871, 'train_total': 62, 'train_loss': 29.053745, 'train_avg_loss': 0.468609, 'train_f1': 0.459142}}[0m
[38;5;39m2023-02-24 21:04:01,819 (client:306) INFO: {'Role': 'Client #4', 'Round': 7, 'Results_raw': {'train_correct': 191.0, 'train_acc': 0.97449, 'train_total': 196, 'train_loss': 10.341953, 'train_avg_loss': 0.052765, 'train_f1': 0.49354}}[0m
[38;5;39m2023-02-24 21:04:02,102 (client:306) INFO: {'Role': 'Client #1', 'Round': 7, 'Results_raw': {'train_correct': 2.0, 'train_acc': 0.142857, 'train_total': 14, 'train_loss': 32.371909, 'train_avg_loss': 2.312279, 'train_f1': 0.083333}}[0m
[38;5;39m2023-02-24 21:04:07,640 (client:306) INFO: {'Role': 'Client #3', 'Round': 7, 'Results_raw': {'train_correct': 434.0, 'train_acc': 0.973094, 'train_total': 446, 'train_loss': 31.694718, 'train_avg_loss': 0.071064, 'train_f1': 0.83508}}[0m
[38;5;39m2023-02-24 21:04:08,160 (client:306) INFO: {'Role': 'Client #7', 'Round': 7, 'Results_raw': {'train_correct': 9.0, 'train_acc': 0.28125, 'train_total': 32, 'train_loss': 57.097535, 'train_avg_loss': 1.784298, 'train_f1': 0.217507}}[0m
[38;5;39m2023-02-24 21:04:08,494 (client:306) INFO: {'Role': 'Client #6', 'Round': 7, 'Results_raw': {'train_correct': 14.0, 'train_acc': 0.777778, 'train_total': 18, 'train_loss': 10.208427, 'train_avg_loss': 0.567135, 'train_f1': 0.311111}}[0m
[38;5;39m2023-02-24 21:04:08,496 (server:590) INFO: {'Role': 'Server #', 'Round': 6, 'Results_weighted_avg': {'test_correct': 17.5, 'test_acc': 0.795455, 'test_total': 22.0, 'test_loss': 15.701786, 'test_avg_loss': 0.625493, 'test_f1': 0.547232}, 'Results_avg': {'test_correct': 17.5, 'test_acc': 0.640502, 'test_total': 22.0, 'test_loss': 13.760853, 'test_avg_loss': 1.158534, 'test_f1': 0.431966}, 'Results_fairness': {'test_correct': 17.5, 'test_total': 22.0, 'test_acc_std': 0.337572, 'test_acc_bottom_decile': 0.0, 'test_acc_top_decile': 1.0, 'test_acc_min': 0.0, 'test_acc_max': 1.0, 'test_acc_bottom10%': 0.0, 'test_acc_top10%': 1.0, 'test_acc_cos1': 0.884653, 'test_acc_entropy': 2.068288, 'test_loss_std': 7.656582, 'test_loss_bottom_decile': 3.263316, 'test_loss_top_decile': 24.020751, 'test_loss_min': 1.977995, 'test_loss_max': 24.020751, 'test_loss_bottom10%': 1.977995, 'test_loss_top10%': 24.020751, 'test_loss_cos1': 0.873843, 'test_loss_entropy': 2.115286, 'test_avg_loss_std': 1.129876, 'test_avg_loss_bottom_decile': 0.285884, 'test_avg_loss_top_decile': 3.401519, 'test_avg_loss_min': 0.07912, 'test_avg_loss_max': 3.401519, 'test_avg_loss_bottom10%': 0.07912, 'test_avg_loss_top10%': 3.401519, 'test_avg_loss_cos1': 0.715906, 'test_avg_loss_entropy': 1.892736, 'test_f1_std': 0.293518, 'test_f1_bottom_decile': 0.0, 'test_f1_top_decile': 1.0, 'test_f1_min': 0.0, 'test_f1_max': 1.0, 'test_f1_bottom10%': 0.0, 'test_f1_top10%': 1.0, 'test_f1_cos1': 0.827121, 'test_f1_entropy': 1.999269}}[0m
[38;5;39m2023-02-24 21:04:08,502 (monitor:541) INFO: {'Role': 'Server #', 'Round': 7, 'Results_model_metric': {}}[0m
[38;5;39m2023-02-24 21:04:08,755 (server:330) INFO: Server: Starting evaluation at the end of round 7.[0m
[38;5;39m2023-02-24 21:04:08,756 (server:336) INFO: ----------- Starting a new training round (Round #8) -------------[0m
[33;20m2023-02-24 21:04:09,277 (context:294) WARNING: No val_data or val_loader in the trainer, will skip evaluation.If this is not the case you want, please check whether there is typo for the name[0m
[33;20m2023-02-24 21:04:09,384 (context:294) WARNING: No val_data or val_loader in the trainer, will skip evaluation.If this is not the case you want, please check whether there is typo for the name[0m
[33;20m2023-02-24 21:04:09,496 (context:294) WARNING: No val_data or val_loader in the trainer, will skip evaluation.If this is not the case you want, please check whether there is typo for the name[0m
[33;20m2023-02-24 21:04:09,761 (context:294) WARNING: No val_data or val_loader in the trainer, will skip evaluation.If this is not the case you want, please check whether there is typo for the name[0m
[33;20m2023-02-24 21:04:10,078 (context:294) WARNING: No val_data or val_loader in the trainer, will skip evaluation.If this is not the case you want, please check whether there is typo for the name[0m
[33;20m2023-02-24 21:04:10,589 (context:294) WARNING: No val_data or val_loader in the trainer, will skip evaluation.If this is not the case you want, please check whether there is typo for the name[0m
[33;20m2023-02-24 21:04:11,107 (context:294) WARNING: No val_data or val_loader in the trainer, will skip evaluation.If this is not the case you want, please check whether there is typo for the name[0m
[33;20m2023-02-24 21:04:11,248 (context:294) WARNING: No val_data or val_loader in the trainer, will skip evaluation.If this is not the case you want, please check whether there is typo for the name[0m
[33;20m2023-02-24 21:04:11,712 (context:294) WARNING: No val_data or val_loader in the trainer, will skip evaluation.If this is not the case you want, please check whether there is typo for the name[0m
[33;20m2023-02-24 21:04:12,002 (context:294) WARNING: No val_data or val_loader in the trainer, will skip evaluation.If this is not the case you want, please check whether there is typo for the name[0m
[38;5;39m2023-02-24 21:04:12,556 (client:306) INFO: {'Role': 'Client #7', 'Round': 8, 'Results_raw': {'train_correct': 10.0, 'train_acc': 0.3125, 'train_total': 32, 'train_loss': 59.861865, 'train_avg_loss': 1.870683, 'train_f1': 0.25987}}[0m
[38;5;39m2023-02-24 21:04:12,885 (client:306) INFO: {'Role': 'Client #9', 'Round': 8, 'Results_raw': {'train_correct': 9.0, 'train_acc': 0.75, 'train_total': 12, 'train_loss': 7.916521, 'train_avg_loss': 0.65971, 'train_f1': 0.428571}}[0m
[38;5;39m2023-02-24 21:04:18,143 (client:306) INFO: {'Role': 'Client #3', 'Round': 8, 'Results_raw': {'train_correct': 435.0, 'train_acc': 0.975336, 'train_total': 446, 'train_loss': 30.256211, 'train_avg_loss': 0.067839, 'train_f1': 0.852527}}[0m
[38;5;39m2023-02-24 21:04:18,918 (client:306) INFO: {'Role': 'Client #2', 'Round': 8, 'Results_raw': {'train_correct': 49.0, 'train_acc': 0.790323, 'train_total': 62, 'train_loss': 35.909123, 'train_avg_loss': 0.579179, 'train_f1': 0.419872}}[0m
[38;5;39m2023-02-24 21:04:22,786 (client:306) INFO: {'Role': 'Client #5', 'Round': 8, 'Results_raw': {'train_correct': 287.0, 'train_acc': 0.869697, 'train_total': 330, 'train_loss': 117.547001, 'train_avg_loss': 0.356203, 'train_f1': 0.582613}}[0m
[38;5;39m2023-02-24 21:04:23,022 (client:306) INFO: {'Role': 'Client #6', 'Round': 8, 'Results_raw': {'train_correct': 16.0, 'train_acc': 0.888889, 'train_total': 18, 'train_loss': 8.073088, 'train_avg_loss': 0.448505, 'train_f1': 0.544061}}[0m
[38;5;39m2023-02-24 21:04:23,253 (client:306) INFO: {'Role': 'Client #1', 'Round': 8, 'Results_raw': {'train_correct': 4.0, 'train_acc': 0.285714, 'train_total': 14, 'train_loss': 32.024726, 'train_avg_loss': 2.28748, 'train_f1': 0.148148}}[0m
[38;5;39m2023-02-24 21:04:25,576 (client:306) INFO: {'Role': 'Client #4', 'Round': 8, 'Results_raw': {'train_correct': 189.0, 'train_acc': 0.964286, 'train_total': 196, 'train_loss': 15.939368, 'train_avg_loss': 0.081323, 'train_f1': 0.490909}}[0m
[38;5;39m2023-02-24 21:04:29,129 (client:306) INFO: {'Role': 'Client #10', 'Round': 8, 'Results_raw': {'train_correct': 268.0, 'train_acc': 0.905405, 'train_total': 296, 'train_loss': 75.092963, 'train_avg_loss': 0.253692, 'train_f1': 0.592193}}[0m
[38;5;39m2023-02-24 21:04:33,457 (client:306) INFO: {'Role': 'Client #8', 'Round': 8, 'Results_raw': {'train_correct': 320.0, 'train_acc': 0.91954, 'train_total': 348, 'train_loss': 75.063299, 'train_avg_loss': 0.215699, 'train_f1': 0.830833}}[0m
[38;5;39m2023-02-24 21:04:33,460 (server:590) INFO: {'Role': 'Server #', 'Round': 7, 'Results_weighted_avg': {'test_correct': 15.6, 'test_acc': 0.709091, 'test_total': 22.0, 'test_loss': 22.29958, 'test_avg_loss': 0.859478, 'test_f1': 0.506622}, 'Results_avg': {'test_correct': 15.6, 'test_acc': 0.57836, 'test_total': 22.0, 'test_loss': 18.908524, 'test_avg_loss': 1.412971, 'test_f1': 0.398274}, 'Results_fairness': {'test_correct': 15.6, 'test_total': 22.0, 'test_acc_std': 0.331419, 'test_acc_bottom_decile': 0.0, 'test_acc_top_decile': 1.0, 'test_acc_min': 0.0, 'test_acc_max': 1.0, 'test_acc_bottom10%': 0.0, 'test_acc_top10%': 1.0, 'test_acc_cos1': 0.867643, 'test_acc_entropy': 2.048232, 'test_loss_std': 12.312132, 'test_loss_bottom_decile': 3.287363, 'test_loss_top_decile': 38.102585, 'test_loss_min': 0.379428, 'test_loss_max': 38.102585, 'test_loss_bottom10%': 0.379428, 'test_loss_top10%': 38.102585, 'test_loss_cos1': 0.838006, 'test_loss_entropy': 2.039966, 'test_avg_loss_std': 1.23548, 'test_avg_loss_bottom_decile': 0.303513, 'test_avg_loss_top_decile': 4.153245, 'test_avg_loss_min': 0.015177, 'test_avg_loss_max': 4.153245, 'test_avg_loss_bottom10%': 0.015177, 'test_avg_loss_top10%': 4.153245, 'test_avg_loss_cos1': 0.752806, 'test_avg_loss_entropy': 1.945621, 'test_f1_std': 0.282062, 'test_f1_bottom_decile': 0.0, 'test_f1_top_decile': 1.0, 'test_f1_min': 0.0, 'test_f1_max': 1.0, 'test_f1_bottom10%': 0.0, 'test_f1_top10%': 1.0, 'test_f1_cos1': 0.816072, 'test_f1_entropy': 1.989122}}[0m
[38;5;39m2023-02-24 21:04:33,466 (monitor:541) INFO: {'Role': 'Server #', 'Round': 8, 'Results_model_metric': {}}[0m
[38;5;39m2023-02-24 21:04:33,693 (server:330) INFO: Server: Starting evaluation at the end of round 8.[0m
[38;5;39m2023-02-24 21:04:33,694 (server:336) INFO: ----------- Starting a new training round (Round #9) -------------[0m
[33;20m2023-02-24 21:04:34,287 (context:294) WARNING: No val_data or val_loader in the trainer, will skip evaluation.If this is not the case you want, please check whether there is typo for the name[0m
[33;20m2023-02-24 21:04:34,401 (context:294) WARNING: No val_data or val_loader in the trainer, will skip evaluation.If this is not the case you want, please check whether there is typo for the name[0m
[33;20m2023-02-24 21:04:34,531 (context:294) WARNING: No val_data or val_loader in the trainer, will skip evaluation.If this is not the case you want, please check whether there is typo for the name[0m
[33;20m2023-02-24 21:04:34,795 (context:294) WARNING: No val_data or val_loader in the trainer, will skip evaluation.If this is not the case you want, please check whether there is typo for the name[0m
[33;20m2023-02-24 21:04:35,022 (context:294) WARNING: No val_data or val_loader in the trainer, will skip evaluation.If this is not the case you want, please check whether there is typo for the name[0m
[33;20m2023-02-24 21:04:35,521 (context:294) WARNING: No val_data or val_loader in the trainer, will skip evaluation.If this is not the case you want, please check whether there is typo for the name[0m
[33;20m2023-02-24 21:04:35,963 (context:294) WARNING: No val_data or val_loader in the trainer, will skip evaluation.If this is not the case you want, please check whether there is typo for the name[0m
[33;20m2023-02-24 21:04:36,108 (context:294) WARNING: No val_data or val_loader in the trainer, will skip evaluation.If this is not the case you want, please check whether there is typo for the name[0m
[33;20m2023-02-24 21:04:36,480 (context:294) WARNING: No val_data or val_loader in the trainer, will skip evaluation.If this is not the case you want, please check whether there is typo for the name[0m
[33;20m2023-02-24 21:04:36,751 (context:294) WARNING: No val_data or val_loader in the trainer, will skip evaluation.If this is not the case you want, please check whether there is typo for the name[0m
[38;5;39m2023-02-24 21:04:40,944 (client:306) INFO: {'Role': 'Client #5', 'Round': 9, 'Results_raw': {'train_correct': 288.0, 'train_acc': 0.872727, 'train_total': 330, 'train_loss': 105.317924, 'train_avg_loss': 0.319145, 'train_f1': 0.584575}}[0m
[38;5;39m2023-02-24 21:04:43,694 (client:306) INFO: {'Role': 'Client #4', 'Round': 9, 'Results_raw': {'train_correct': 195.0, 'train_acc': 0.994898, 'train_total': 196, 'train_loss': 6.73421, 'train_avg_loss': 0.034358, 'train_f1': 0.498721}}[0m
[38;5;39m2023-02-24 21:04:44,018 (client:306) INFO: {'Role': 'Client #6', 'Round': 9, 'Results_raw': {'train_correct': 15.0, 'train_acc': 0.833333, 'train_total': 18, 'train_loss': 8.680356, 'train_avg_loss': 0.482242, 'train_f1': 0.455172}}[0m
[38;5;39m2023-02-24 21:04:47,544 (client:306) INFO: {'Role': 'Client #10', 'Round': 9, 'Results_raw': {'train_correct': 275.0, 'train_acc': 0.929054, 'train_total': 296, 'train_loss': 69.628707, 'train_avg_loss': 0.235232, 'train_f1': 0.613369}}[0m
[38;5;39m2023-02-24 21:04:48,378 (client:306) INFO: {'Role': 'Client #2', 'Round': 9, 'Results_raw': {'train_correct': 54.0, 'train_acc': 0.870968, 'train_total': 62, 'train_loss': 31.594126, 'train_avg_loss': 0.509583, 'train_f1': 0.516655}}[0m
[38;5;39m2023-02-24 21:04:48,582 (client:306) INFO: {'Role': 'Client #9', 'Round': 9, 'Results_raw': {'train_correct': 11.0, 'train_acc': 0.916667, 'train_total': 12, 'train_loss': 5.380352, 'train_avg_loss': 0.448363, 'train_f1': 0.478261}}[0m
[38;5;39m2023-02-24 21:04:52,588 (client:306) INFO: {'Role': 'Client #8', 'Round': 9, 'Results_raw': {'train_correct': 315.0, 'train_acc': 0.905172, 'train_total': 348, 'train_loss': 79.285085, 'train_avg_loss': 0.227831, 'train_f1': 0.802351}}[0m
[38;5;39m2023-02-24 21:04:52,890 (client:306) INFO: {'Role': 'Client #1', 'Round': 9, 'Results_raw': {'train_correct': 3.0, 'train_acc': 0.214286, 'train_total': 14, 'train_loss': 30.985217, 'train_avg_loss': 2.21323, 'train_f1': 0.117647}}[0m
[38;5;39m2023-02-24 21:04:58,399 (client:306) INFO: {'Role': 'Client #3', 'Round': 9, 'Results_raw': {'train_correct': 436.0, 'train_acc': 0.977578, 'train_total': 446, 'train_loss': 28.578381, 'train_avg_loss': 0.064077, 'train_f1': 0.847114}}[0m
[38;5;39m2023-02-24 21:04:58,830 (client:306) INFO: {'Role': 'Client #7', 'Round': 9, 'Results_raw': {'train_correct': 11.0, 'train_acc': 0.34375, 'train_total': 32, 'train_loss': 59.003741, 'train_avg_loss': 1.843867, 'train_f1': 0.27396}}[0m
[38;5;39m2023-02-24 21:04:58,833 (server:590) INFO: {'Role': 'Server #', 'Round': 8, 'Results_weighted_avg': {'test_correct': 18.3, 'test_acc': 0.831818, 'test_total': 22.0, 'test_loss': 13.685931, 'test_avg_loss': 0.560589, 'test_f1': 0.592482}, 'Results_avg': {'test_correct': 18.3, 'test_acc': 0.667346, 'test_total': 22.0, 'test_loss': 12.332958, 'test_avg_loss': 1.160986, 'test_f1': 0.466568}, 'Results_fairness': {'test_correct': 18.3, 'test_total': 22.0, 'test_acc_std': 0.352638, 'test_acc_bottom_decile': 0.0, 'test_acc_top_decile': 1.0, 'test_acc_min': 0.0, 'test_acc_max': 1.0, 'test_acc_bottom10%': 0.0, 'test_acc_top10%': 1.0, 'test_acc_cos1': 0.884151, 'test_acc_entropy': 2.067023, 'test_loss_std': 7.099521, 'test_loss_bottom_decile': 3.827903, 'test_loss_top_decile': 23.330335, 'test_loss_min': 2.34502, 'test_loss_max': 23.330335, 'test_loss_bottom10%': 2.34502, 'test_loss_top10%': 23.330335, 'test_loss_cos1': 0.866661, 'test_loss_entropy': 2.11822, 'test_avg_loss_std': 1.278664, 'test_avg_loss_bottom_decile': 0.272899, 'test_avg_loss_top_decile': 3.827903, 'test_avg_loss_min': 0.093801, 'test_avg_loss_max': 3.827903, 'test_avg_loss_bottom10%': 0.093801, 'test_avg_loss_top10%': 3.827903, 'test_avg_loss_cos1': 0.672217, 'test_avg_loss_entropy': 1.799733, 'test_f1_std': 0.311517, 'test_f1_bottom_decile': 0.0, 'test_f1_top_decile': 1.0, 'test_f1_min': 0.0, 'test_f1_max': 1.0, 'test_f1_bottom10%': 0.0, 'test_f1_top10%': 1.0, 'test_f1_cos1': 0.831662, 'test_f1_entropy': 2.001211}}[0m
[38;5;39m2023-02-24 21:04:58,839 (monitor:541) INFO: {'Role': 'Server #', 'Round': 9, 'Results_model_metric': {}}[0m
[38;5;39m2023-02-24 21:04:59,151 (server:347) INFO: Server: Training is finished! Starting evaluation.[0m
[33;20m2023-02-24 21:04:59,732 (context:294) WARNING: No val_data or val_loader in the trainer, will skip evaluation.If this is not the case you want, please check whether there is typo for the name[0m
[33;20m2023-02-24 21:04:59,921 (context:294) WARNING: No val_data or val_loader in the trainer, will skip evaluation.If this is not the case you want, please check whether there is typo for the name[0m
[33;20m2023-02-24 21:05:00,041 (context:294) WARNING: No val_data or val_loader in the trainer, will skip evaluation.If this is not the case you want, please check whether there is typo for the name[0m
[33;20m2023-02-24 21:05:00,325 (context:294) WARNING: No val_data or val_loader in the trainer, will skip evaluation.If this is not the case you want, please check whether there is typo for the name[0m
[33;20m2023-02-24 21:05:00,557 (context:294) WARNING: No val_data or val_loader in the trainer, will skip evaluation.If this is not the case you want, please check whether there is typo for the name[0m
[33;20m2023-02-24 21:05:00,964 (context:294) WARNING: No val_data or val_loader in the trainer, will skip evaluation.If this is not the case you want, please check whether there is typo for the name[0m
[33;20m2023-02-24 21:05:01,341 (context:294) WARNING: No val_data or val_loader in the trainer, will skip evaluation.If this is not the case you want, please check whether there is typo for the name[0m
[33;20m2023-02-24 21:05:01,409 (context:294) WARNING: No val_data or val_loader in the trainer, will skip evaluation.If this is not the case you want, please check whether there is typo for the name[0m
[33;20m2023-02-24 21:05:01,732 (context:294) WARNING: No val_data or val_loader in the trainer, will skip evaluation.If this is not the case you want, please check whether there is typo for the name[0m
[33;20m2023-02-24 21:05:02,068 (context:294) WARNING: No val_data or val_loader in the trainer, will skip evaluation.If this is not the case you want, please check whether there is typo for the name[0m
[38;5;39m2023-02-24 21:05:02,070 (server:590) INFO: {'Role': 'Server #', 'Round': 9, 'Results_weighted_avg': {'test_correct': 16.3, 'test_acc': 0.740909, 'test_total': 22.0, 'test_loss': 19.720925, 'test_avg_loss': 0.789142, 'test_f1': 0.50994}, 'Results_avg': {'test_correct': 16.3, 'test_acc': 0.602437, 'test_total': 22.0, 'test_loss': 17.361116, 'test_avg_loss': 1.446782, 'test_f1': 0.406175}, 'Results_fairness': {'test_correct': 16.3, 'test_total': 22.0, 'test_acc_std': 0.330794, 'test_acc_bottom_decile': 0.0, 'test_acc_top_decile': 1.0, 'test_acc_min': 0.0, 'test_acc_max': 1.0, 'test_acc_bottom10%': 0.0, 'test_acc_top10%': 1.0, 'test_acc_cos1': 0.876552, 'test_acc_entropy': 2.05905, 'test_loss_std': 10.48063, 'test_loss_bottom_decile': 3.892896, 'test_loss_top_decile': 30.880482, 'test_loss_min': 0.380529, 'test_loss_max': 30.880482, 'test_loss_bottom10%': 0.380529, 'test_loss_top10%': 30.880482, 'test_loss_cos1': 0.856098, 'test_loss_entropy': 2.069428, 'test_avg_loss_std': 1.40335, 'test_avg_loss_bottom_decile': 0.298857, 'test_avg_loss_top_decile': 4.360245, 'test_avg_loss_min': 0.015221, 'test_avg_loss_max': 4.360245, 'test_avg_loss_bottom10%': 0.015221, 'test_avg_loss_top10%': 4.360245, 'test_avg_loss_cos1': 0.717799, 'test_avg_loss_entropy': 1.88097, 'test_f1_std': 0.281259, 'test_f1_bottom_decile': 0.0, 'test_f1_top_decile': 1.0, 'test_f1_min': 0.0, 'test_f1_max': 1.0, 'test_f1_bottom10%': 0.0, 'test_f1_top10%': 1.0, 'test_f1_cos1': 0.822135, 'test_f1_entropy': 1.996575}}[0m
[38;5;39m2023-02-24 21:05:02,072 (server:395) INFO: Server: Final evaluation is finished! Starting merging results.[0m
[38;5;39m2023-02-24 21:05:02,072 (server:521) INFO: {'Role': 'Server #', 'Round': 'Final', 'Results_raw': {'client_best_individual': {'test_loss': 0.379428, 'test_correct': 43.0, 'test_acc': 1.0, 'test_total': 1.0, 'test_avg_loss': 0.015177, 'test_f1': 1.0}, 'client_summarized_weighted_avg': {'test_loss': 13.685931, 'test_correct': 18.3, 'test_acc': 0.831818, 'test_total': 22.0, 'test_avg_loss': 0.560589, 'test_f1': 0.592482}, 'client_summarized_avg': {'test_loss': 12.332958, 'test_correct': 18.3, 'test_acc': 0.667346, 'test_total': 22.0, 'test_avg_loss': 1.160986, 'test_f1': 0.466568}, 'client_summarized_fairness': {'test_loss_entropy': 2.039966, 'test_loss_cos1': 0.838006, 'test_loss_top10%': 38.102585, 'test_loss_bottom10%': 0.379428, 'test_loss_max': 38.102585, 'test_loss_min': 0.379428, 'test_loss_top_decile': 38.102585, 'test_loss_bottom_decile': 3.287363, 'test_loss_std': 12.312132, 'test_correct': 15.6, 'test_total': 22.0, 'test_acc_std': 0.331419, 'test_acc_bottom_decile': 0.0, 'test_acc_top_decile': 1.0, 'test_acc_min': 0.0, 'test_acc_max': 1.0, 'test_acc_bottom10%': 0.0, 'test_acc_top10%': 1.0, 'test_acc_cos1': 0.867643, 'test_acc_entropy': 2.048232, 'test_avg_loss_std': 1.23548, 'test_avg_loss_bottom_decile': 0.303513, 'test_avg_loss_top_decile': 4.153245, 'test_avg_loss_min': 0.015177, 'test_avg_loss_max': 4.153245, 'test_avg_loss_bottom10%': 0.015177, 'test_avg_loss_top10%': 4.153245, 'test_avg_loss_cos1': 0.752806, 'test_avg_loss_entropy': 1.945621, 'test_f1_std': 0.282062, 'test_f1_bottom_decile': 0.0, 'test_f1_top_decile': 1.0, 'test_f1_min': 0.0, 'test_f1_max': 1.0, 'test_f1_bottom10%': 0.0, 'test_f1_top10%': 1.0, 'test_f1_cos1': 0.816072, 'test_f1_entropy': 1.989122}}}[0m
[38;5;39m2023-02-24 21:05:02,073 (server:540) INFO: {'Role': 'Client #1', 'Round': 10, 'Results_raw': {'test_correct': 43.0, 'test_acc': 0.934783, 'test_total': 46, 'test_loss': 13.747402, 'test_avg_loss': 0.298857, 'test_f1': 0.547804}}[0m
[38;5;39m2023-02-24 21:05:02,073 (server:540) INFO: {'Role': 'Client #7', 'Round': 10, 'Results_raw': {'test_correct': 5.0, 'test_acc': 0.833333, 'test_total': 6, 'test_loss': 5.626487, 'test_avg_loss': 0.937748, 'test_f1': 0.454545}}[0m
[38;5;39m2023-02-24 21:05:02,073 (server:540) INFO: {'Role': 'Client #8', 'Round': 10, 'Results_raw': {'test_correct': 23.0, 'test_acc': 0.657143, 'test_total': 35, 'test_loss': 25.959425, 'test_avg_loss': 0.741698, 'test_f1': 0.65}}[0m
[38;5;39m2023-02-24 21:05:02,074 (server:540) INFO: {'Role': 'Client #4', 'Round': 10, 'Results_raw': {'test_correct': 25.0, 'test_acc': 1.0, 'test_total': 25, 'test_loss': 0.380529, 'test_avg_loss': 0.015221, 'test_f1': 1.0}}[0m
[38;5;39m2023-02-24 21:05:02,074 (server:540) INFO: {'Role': 'Client #2', 'Round': 10, 'Results_raw': {'test_correct': 25.0, 'test_acc': 0.806452, 'test_total': 31, 'test_loss': 24.449819, 'test_avg_loss': 0.788704, 'test_f1': 0.314465}}[0m
[38;5;39m2023-02-24 21:05:02,074 (server:540) INFO: {'Role': 'Client #6', 'Round': 10, 'Results_raw': {'test_correct': 18.0, 'test_acc': 0.5625, 'test_total': 32, 'test_loss': 30.880482, 'test_avg_loss': 0.965015, 'test_f1': 0.416667}}[0m
[38;5;39m2023-02-24 21:05:02,075 (server:540) INFO: {'Role': 'Client #5', 'Round': 10, 'Results_raw': {'test_correct': 0.0, 'test_acc': 0.0, 'test_total': 1, 'test_loss': 3.892896, 'test_avg_loss': 3.892896, 'test_f1': 0.0}}[0m
[38;5;39m2023-02-24 21:05:02,075 (server:540) INFO: {'Role': 'Client #9', 'Round': 10, 'Results_raw': {'test_correct': 11.0, 'test_acc': 0.611111, 'test_total': 18, 'test_loss': 29.659575, 'test_avg_loss': 1.647754, 'test_f1': 0.271605}}[0m
[38;5;39m2023-02-24 21:05:02,075 (server:540) INFO: {'Role': 'Client #3', 'Round': 10, 'Results_raw': {'test_correct': 0.0, 'test_acc': 0.0, 'test_total': 5, 'test_loss': 21.801224, 'test_avg_loss': 4.360245, 'test_f1': 0.0}}[0m
[38;5;39m2023-02-24 21:05:02,075 (server:540) INFO: {'Role': 'Client #10', 'Round': 10, 'Results_raw': {'test_correct': 13.0, 'test_acc': 0.619048, 'test_total': 21, 'test_loss': 17.213323, 'test_avg_loss': 0.819682, 'test_f1': 0.406667}}[0m
[38;5;39m2023-02-24 21:05:02,076 (monitor:172) INFO: In worker #0, the system-related metrics are: {'id': 0, 'fl_end_time_minutes': 4.625258, 'total_model_size': 0, 'total_flops': 0, 'total_upload_bytes': 2488000, 'total_download_bytes': 1161640, 'global_convergence_round': 0, 'local_convergence_round': 0, 'global_convergence_time_minutes': 0, 'local_convergence_time_minutes': 0}[0m
[38;5;39m2023-02-24 21:05:02,078 (client:513) INFO: ================= client 1 received finish message =================[0m
[38;5;39m2023-02-24 21:05:02,090 (monitor:172) INFO: In worker #1, the system-related metrics are: {'id': 1, 'fl_end_time_minutes': 4.621749, 'total_model_size': 13745790, 'total_flops': 189180794880.0, 'total_upload_bytes': 116256, 'total_download_bytes': 248800, 'global_convergence_round': 0, 'local_convergence_round': 0, 'global_convergence_time_minutes': 0, 'local_convergence_time_minutes': 0}[0m
[38;5;39m2023-02-24 21:05:02,091 (client:513) INFO: ================= client 3 received finish message =================[0m
[38;5;39m2023-02-24 21:05:02,102 (monitor:172) INFO: In worker #3, the system-related metrics are: {'id': 3, 'fl_end_time_minutes': 4.615323, 'total_model_size': 13745790, 'total_flops': 6026759608320.0, 'total_upload_bytes': 116256, 'total_download_bytes': 248800, 'global_convergence_round': 0, 'local_convergence_round': 0, 'global_convergence_time_minutes': 0, 'local_convergence_time_minutes': 0}[0m
[38;5;39m2023-02-24 21:05:02,103 (client:513) INFO: ================= client 7 received finish message =================[0m
[38;5;39m2023-02-24 21:05:02,114 (monitor:172) INFO: In worker #7, the system-related metrics are: {'id': 7, 'fl_end_time_minutes': 4.600243, 'total_model_size': 13745790, 'total_flops': 432413245440.0, 'total_upload_bytes': 116256, 'total_download_bytes': 248800, 'global_convergence_round': 0, 'local_convergence_round': 0, 'global_convergence_time_minutes': 0, 'local_convergence_time_minutes': 0}[0m
[38;5;39m2023-02-24 21:05:02,115 (client:513) INFO: ================= client 10 received finish message =================[0m
[38;5;39m2023-02-24 21:05:02,126 (monitor:172) INFO: In worker #10, the system-related metrics are: {'id': 10, 'fl_end_time_minutes': 4.580455, 'total_model_size': 13745790, 'total_flops': 3999822520320.0, 'total_upload_bytes': 116256, 'total_download_bytes': 248800, 'global_convergence_round': 0, 'local_convergence_round': 0, 'global_convergence_time_minutes': 0, 'local_convergence_time_minutes': 0}[0m
[38;5;39m2023-02-24 21:05:02,127 (client:513) INFO: ================= client 9 received finish message =================[0m
[38;5;39m2023-02-24 21:05:02,144 (monitor:172) INFO: In worker #9, the system-related metrics are: {'id': 9, 'fl_end_time_minutes': 4.587644, 'total_model_size': 13745790, 'total_flops': 162154967040.0, 'total_upload_bytes': 116256, 'total_download_bytes': 248800, 'global_convergence_round': 0, 'local_convergence_round': 0, 'global_convergence_time_minutes': 0, 'local_convergence_time_minutes': 0}[0m
[38;5;39m2023-02-24 21:05:02,145 (client:513) INFO: ================= client 6 received finish message =================[0m
[38;5;39m2023-02-24 21:05:02,166 (monitor:172) INFO: In worker #6, the system-related metrics are: {'id': 6, 'fl_end_time_minutes': 4.604405, 'total_model_size': 13745790, 'total_flops': 243232450560.0, 'total_upload_bytes': 116256, 'total_download_bytes': 248800, 'global_convergence_round': 0, 'local_convergence_round': 0, 'global_convergence_time_minutes': 0, 'local_convergence_time_minutes': 0}[0m
[38;5;39m2023-02-24 21:05:02,167 (client:513) INFO: ================= client 8 received finish message =================[0m
[38;5;39m2023-02-24 21:05:02,181 (monitor:172) INFO: In worker #8, the system-related metrics are: {'id': 8, 'fl_end_time_minutes': 4.595406, 'total_model_size': 13745790, 'total_flops': 4702494044160.0, 'total_upload_bytes': 116256, 'total_download_bytes': 248800, 'global_convergence_round': 0, 'local_convergence_round': 0, 'global_convergence_time_minutes': 0, 'local_convergence_time_minutes': 0}[0m
[38;5;39m2023-02-24 21:05:02,182 (client:513) INFO: ================= client 5 received finish message =================[0m
[38;5;39m2023-02-24 21:05:02,194 (monitor:172) INFO: In worker #5, the system-related metrics are: {'id': 5, 'fl_end_time_minutes': 4.609634, 'total_model_size': 13745790, 'total_flops': 4459261593600.0, 'total_upload_bytes': 116256, 'total_download_bytes': 248800, 'global_convergence_round': 0, 'local_convergence_round': 0, 'global_convergence_time_minutes': 0, 'local_convergence_time_minutes': 0}[0m
[38;5;39m2023-02-24 21:05:02,195 (client:513) INFO: ================= client 2 received finish message =================[0m
[38;5;39m2023-02-24 21:05:02,207 (monitor:172) INFO: In worker #2, the system-related metrics are: {'id': 2, 'fl_end_time_minutes': 4.619581, 'total_model_size': 13745790, 'total_flops': 837800663040.0, 'total_upload_bytes': 116256, 'total_download_bytes': 248800, 'global_convergence_round': 0, 'local_convergence_round': 0, 'global_convergence_time_minutes': 0, 'local_convergence_time_minutes': 0}[0m
[38;5;39m2023-02-24 21:05:02,207 (client:513) INFO: ================= client 4 received finish message =================[0m
[38;5;39m2023-02-24 21:05:02,218 (monitor:172) INFO: In worker #4, the system-related metrics are: {'id': 4, 'fl_end_time_minutes': 4.611625, 'total_model_size': 13745790, 'total_flops': 2648531128320.0, 'total_upload_bytes': 116256, 'total_download_bytes': 248800, 'global_convergence_round': 0, 'local_convergence_round': 0, 'global_convergence_time_minutes': 0, 'local_convergence_time_minutes': 0}[0m
[38;5;39m2023-02-24 21:05:02,219 (monitor:337) INFO: We will compress the file eval_results.raw into a .gz file, and delete the old one[0m
[38;5;39m2023-02-24 21:05:02,224 (monitor:245) INFO: After merging the system metrics from all works, we got avg: defaultdict(None, {'id': 'sys_avg', 'sys_avg/fl_end_time_minutes': 4.606484, 'sys_avg/total_model_size': '11.92M', 'sys_avg/total_flops': '1.96T', 'sys_avg/total_upload_bytes': '324.09K', 'sys_avg/total_download_bytes': '324.01K', 'sys_avg/global_convergence_round': 0.0, 'sys_avg/local_convergence_round': 0.0, 'sys_avg/global_convergence_time_minutes': 0.0, 'sys_avg/local_convergence_time_minutes': 0.0})[0m
[38;5;39m2023-02-24 21:05:02,224 (monitor:248) INFO: After merging the system metrics from all works, we got std: defaultdict(None, {'id': 'sys_std', 'sys_std/fl_end_time_minutes': 0.013718, 'sys_std/total_model_size': '3.77M', 'sys_std/total_flops': '1.96T', 'sys_std/total_upload_bytes': '665.85K', 'sys_std/total_download_bytes': '256.27K', 'sys_std/global_convergence_round': 0.0, 'sys_std/local_convergence_round': 0.0, 'sys_std/global_convergence_time_minutes': 0.0, 'sys_std/local_convergence_time_minutes': 0.0})[0m
None
220
<generator object BaseDataTranslator.split_to_client.<locals>.<genexpr> at 0x7f31e4ea7270>
