 is at 192.168.0.1[0m
[38;5;39m2023-02-25 00:22:52,420 (logging:126) INFO: the current dir is /home/ubuntu/medscale[0m
[38;5;39m2023-02-25 00:22:52,420 (logging:127) INFO: the output dir is exp/FedAvg_convnet5_on_lung100_lr0.01_lstep1/sub_exp_20230225002252[0m
[33;20m2023-02-25 00:23:03,876 (cfg_data:145) WARNING: config `cfg.data.batch_size` will be removed in the future, use `cfg.dataloader.batch_size` instead.[0m
[33;20m2023-02-25 00:23:03,876 (cfg_data:145) WARNING: config `cfg.data.batch_size` will be removed in the future, use `cfg.dataloader.batch_size` instead.[0m
[38;5;39m2023-02-25 00:23:03,900 (config:243) INFO: the used configs are: 
aggregator:
  inside_weight: 1.0
  num_agg_groups: 1
  num_agg_topk: []
  outside_weight: 0.0
asyn:
  use: False
attack:
  alpha_TV: 0.001
  alpha_prop_loss: 0
  attack_method: 
  attacker_id: -1
  classifier_PIA: randomforest
  edge_num: 100
  edge_path: edge_data/
  freq: 10
  info_diff_type: l2
  inject_round: 0
  insert_round: 100000
  label_type: dirty
  max_ite: 400
  mean: [0.1307]
  mia_is_simulate_in: False
  mia_simulate_in_round: 20
  pgd_eps: 2
  pgd_lr: 0.1
  pgd_poisoning: False
  poison_ratio: 0.5
  reconstruct_lr: 0.01
  reconstruct_optim: Adam
  scale_para: 1.0
  scale_poisoning: False
  self_epoch: 6
  self_lr: 0.05
  self_opt: False
  setting: fix
  std: [0.3081]
  target_label_ind: -1
  trigger_path: trigger/
  trigger_type: edge
backend: torch
cfg_file: 
check_completeness: False
criterion:
  type: CrossEntropyLoss
data:
  args: []
  batch_size: 16
  cSBM_phi: [0.5, 0.5, 0.5]
  cache_dir: 
  consistent_label_distribution: False
  drop_last: False
  hetero_data_name: []
  hetero_synth_batch_size: 32
  hetero_synth_feat_dim: 128
  hetero_synth_prim_weight: 0.5
  is_debug: False
  loader: 
  max_query_len: 128
  max_seq_len: 384
  max_tgt_len: 128
  num_contrast: 0
  num_of_client_for_data: []
  num_steps: 30
  num_workers: 0
  pre_transform: []
  quadratic:
    dim: 1
    max_curv: 12.5
    min_curv: 0.02
  root: data/
  save_data: False
  server_holds_all: False
  shuffle: True
  sizes: [10, 5]
  splits: [0.8, 0, 0.2]
  splitter: lda
  splitter_args: [{'alpha': 0.3}]
  subsample: 1.0
  target_transform: []
  test_pre_transform: []
  test_target_transform: []
  test_transform: []
  transform: []
  trunc_stride: 128
  type: lung100
  val_pre_transform: []
  val_target_transform: []
  val_transform: []
  walk_length: 2
dataloader:
  batch_size: 16
  drop_last: False
  num_steps: 30
  num_workers: 0
  pin_memory: False
  shuffle: True
  sizes: [10, 5]
  theta: -1
  type: base
  walk_length: 2
device: 0
distribute:
  use: False
early_stop:
  delta: 0.0
  improve_indicator_mode: best
  patience: 5
eval:
  best_res_update_round_wise_key: test_loss
  count_flops: True
  freq: 1
  metrics: ['acc', 'correct', 'f1']
  monitoring: []
  report: ['weighted_avg', 'avg', 'fairness', 'raw']
  split: ['test', 'val']
expname: FedAvg_convnet5_on_lung100_lr0.01_lstep1
expname_tag: 
feat_engr:
  num_bins: 5
  scenario: hfl
  secure:
    dp:
      
    encrypt:
      type: dummy
    key_size: 3072
    type: encrypt
  selec_threshold: 0.05
  selec_woe_binning: quantile
  type: 
federate:
  atc_load_from: 
  atc_vanilla: False
  client_num: 10
  data_weighted_aggr: False
  ignore_weight: False
  join_in_info: []
  make_global_eval: False
  merge_test_data: False
  method: FedAvg
  mode: standalone
  online_aggr: False
  resource_info_file: 
  restore_from: 
  sample_client_num: 5
  sample_client_rate: -1.0
  sampler: uniform
  save_to: 
  share_local_model: False
  total_round_num: 10
  unseen_clients_rate: 0.0
  use_diff: False
  use_ss: False
fedopt:
  use: False
fedprox:
  use: False
fedsageplus:
  a: 1.0
  b: 1.0
  c: 1.0
  fedgen_epoch: 200
  gen_hidden: 128
  hide_portion: 0.5
  loc_epoch: 1
  num_pred: 5
finetune:
  batch_or_epoch: epoch
  before_eval: False
  freeze_param: 
  local_update_steps: 1
  optimizer:
    lr: 0.1
    type: SGD
  scheduler:
    type: 
    warmup_ratio: 0.0
flitplus:
  factor_ema: 0.8
  lambdavat: 0.5
  tmpFed: 0.5
  weightReg: 1.0
gcflplus:
  EPS_1: 0.05
  EPS_2: 0.1
  seq_length: 5
  standardize: False
grad:
  grad_accum_count: 1
  grad_clip: 5.0
hpo:
  fedex:
    cutoff: 0.0
    diff: False
    eta0: -1.0
    flatten_ss: True
    gamma: 0.0
    pi_lr: 0.01
    psn: False
    sched: auto
    ss: 
    use: False
  init_cand_num: 16
  larger_better: False
  metric: client_summarized_weighted_avg.val_loss
  num_workers: 0
  pbt:
    max_stage: 5
    perf_threshold: 0.1
  scheduler: rs
  sha:
    budgets: []
    elim_rate: 3
    iter: 0
  ss: 
  table:
    eps: 0.1
    idx: 0
    num: 27
  working_folder: hpo
model:
  contrast_temp: 1.0
  contrast_topk: 100
  downstream_tasks: []
  dropout: 0.0
  embed_size: 8
  gamma: 0
  graph_pooling: mean
  hidden: 2048
  in_channels: 0
  input_shape: ()
  label_smoothing: 0.1
  lambda_: 0.1
  layer: 2
  length_penalty: 2.0
  max_answer_len: 30
  max_length: 200
  max_tree_depth: 3
  min_length: 1
  model_num_per_trainer: 1
  model_type: google/bert_uncased_L-2_H-128_A-2
  n_best_size: 20
  no_repeat_ngram_size: 3
  null_score_diff_threshold: 0.0
  num_beams: 5
  num_item: 0
  num_labels: 1
  num_of_trees: 10
  num_user: 0
  out_channels: 62
  pretrain_tasks: []
  stage: 
  task: node
  type: convnet5
  use_bias: True
  use_contrastive_loss: False
nbafl:
  use: False
outdir: exp/FedAvg_convnet5_on_lung100_lr0.01_lstep1/sub_exp_20230225002252
personalization:
  K: 5
  beta: 1.0
  local_param: ['bn', 'norms']
  local_update_steps: 1
  lr: 0.01
  regular_weight: 0.1
  share_non_trainable_para: False
print_decimal_digits: 6
regularizer:
  mu: 0.0
  type: 
seed: 2
sgdmf:
  use: False
train:
  batch_or_epoch: epoch
  local_update_steps: 1
  optimizer:
    lr: 0.01
    type: SGD
    weight_decay: 0.0
  scheduler:
    type: 
    warmup_ratio: 0.0
trainer:
  disp_freq: 50
  local_entropy:
    alpha: 0.75
    eps: 0.001
    gamma: 0.0001
  sam:
    adaptive: False
    eta: 0.0
    rho: 1.0
  type: cvtrainer
  val_freq: 100000000
use_gpu: True
verbose: 1
vertical:
  use: False
wandb:
  use: False[0m
[38;5;39m2023-02-25 00:23:04,010 (utils:144) INFO: The device information file is not provided[0m
[38;5;39m2023-02-25 00:23:04,183 (fed_runner:169) INFO: Server has been set up ... [0m
[38;5;39m2023-02-25 00:23:04,339 (fed_runner:221) INFO: Client 1 has been set up ... [0m
[38;5;39m2023-02-25 00:23:04,491 (fed_runner:221) INFO: Client 2 has been set up ... [0m
[38;5;39m2023-02-25 00:23:04,554 (fed_runner:221) INFO: Client 3 has been set up ... [0m
[38;5;39m2023-02-25 00:23:04,839 (fed_runner:221) INFO: Client 4 has been set up ... [0m
[38;5;39m2023-02-25 00:23:04,886 (fed_runner:221) INFO: Client 5 has been set up ... [0m
[38;5;39m2023-02-25 00:23:05,062 (fed_runner:221) INFO: Client 6 has been set up ... [0m
[38;5;39m2023-02-25 00:23:05,146 (fed_runner:221) INFO: Client 7 has been set up ... [0m
[38;5;39m2023-02-25 00:23:05,320 (fed_runner:221) INFO: Client 8 has been set up ... [0m
[38;5;39m2023-02-25 00:23:05,499 (fed_runner:221) INFO: Client 9 has been set up ... [0m
[38;5;39m2023-02-25 00:23:05,726 (fed_runner:221) INFO: Client 10 has been set up ... [0m
<<<<<<< HEAD
[38;5;39m2023-02-25 00:23:05,726 (trainer:341) INFO: Model meta-info: <class 'medscale.cv.model.cnn.ConvNet5'>.[0m
=======
<<<<<<< HEAD
[38;5;39m2023-02-25 00:23:05,726 (trainer:341) INFO: Model meta-info: <class 'medscale.cv.model.cnn.ConvNet5'>.[0m
=======
[38;5;39m2023-02-25 00:23:05,726 (trainer:341) INFO: Model meta-info: <class 'medscale.cv.model.cnn.ConvNet5'>.[0m
>>>>>>> fe4962455354c9c11afd9c9806ceda28eb280737
>>>>>>> 64b283ee525ef53c32509882719e74890329b83f
[38;5;39m2023-02-25 00:23:05,737 (trainer:349) INFO: Num of original para names: 39.[0m
[38;5;39m2023-02-25 00:23:05,738 (trainer:350) INFO: Num of original trainable para names: 24.[0m
[38;5;39m2023-02-25 00:23:05,738 (trainer:352) INFO: Num of preserved para names in local update: 14. 
Preserved para names in local update: {'fc2.bias', 'conv2.bias', 'conv2.weight', 'conv4.weight', 'conv1.weight', 'conv5.weight', 'fc1.bias', 'conv5.bias', 'fc2.weight', 'conv3.weight', 'fc1.weight', 'conv3.bias', 'conv4.bias', 'conv1.bias'}.[0m
[38;5;39m2023-02-25 00:23:05,738 (trainer:356) INFO: Num of filtered para names in local update: 25. 
Filtered para names in local update: {'bn4.num_batches_tracked', 'bn5.weight', 'bn1.weight', 'bn3.bias', 'bn1.bias', 'bn3.running_var', 'bn2.running_mean', 'bn4.running_mean', 'bn4.running_var', 'bn2.num_batches_tracked', 'bn5.num_batches_tracked', 'bn5.bias', 'bn5.running_mean', 'bn1.running_var', 'bn4.weight', 'bn1.num_batches_tracked', 'bn3.running_mean', 'bn2.weight', 'bn5.running_var', 'bn4.bias', 'bn3.weight', 'bn3.num_batches_tracked', 'bn2.bias', 'bn2.running_var', 'bn1.running_mean'}.[0m
[38;5;39m2023-02-25 00:23:05,738 (trainer:361) INFO: After register default hooks,
	the hooks_in_train is:
	{
	  "on_fit_start": [
	    "_hook_on_fit_start_init",
	    "_hook_on_fit_start_calculate_model_size"
	  ],
	  "on_epoch_start": [
	    "_hook_on_epoch_start"
	  ],
	  "on_batch_start": [
	    "_hook_on_batch_start_init"
	  ],
	  "on_batch_forward": [
	    "_hook_on_batch_forward",
	    "_hook_on_batch_forward_regularizer",
	    "_hook_on_batch_forward_flop_count"
	  ],
	  "on_batch_backward": [
	    "_hook_on_batch_backward"
	  ],
	  "on_batch_end": [
	    "_hook_on_batch_end"
	  ],
	  "on_fit_end": [
	    "_hook_on_fit_end"
	  ]
	};
	the hooks_in_eval is:
            t{
	  "on_fit_start": [
	    "_hook_on_fit_start_init"
	  ],
	  "on_epoch_start": [
	    "_hook_on_epoch_start"
	  ],
	  "on_batch_start": [
	    "_hook_on_batch_start_init"
	  ],
	  "on_batch_forward": [
	    "_hook_on_batch_forward"
	  ],
	  "on_batch_end": [
	    "_hook_on_batch_end"
	  ],
	  "on_fit_end": [
	    "_hook_on_fit_end"
	  ]
	}[0m
[38;5;39m2023-02-25 00:23:05,755 (server:804) INFO: ----------- Starting training (Round #0) -------------[0m
Unsupported operator aten::max_pool2d encountered 5 time(s)
[38;5;39m2023-02-25 00:23:10,387 (client:306) INFO: {'Role': 'Client #9', 'Round': 0, 'Results_raw': {'train_loss': 28.358551, 'train_total': 6, 'train_acc': 0.0, 'train_correct': 0.0, 'train_avg_loss': 4.726425, 'train_f1': 0.0}}[0m
Unsupported operator aten::max_pool2d encountered 5 time(s)
[38;5;39m2023-02-25 00:23:12,553 (client:306) INFO: {'Role': 'Client #3', 'Round': 0, 'Results_raw': {'train_loss': 254.43677, 'train_total': 223, 'train_acc': 0.869955, 'train_correct': 194.0, 'train_avg_loss': 1.140972, 'train_f1': 0.186091}}[0m
Unsupported operator aten::max_pool2d encountered 5 time(s)
[38;5;39m2023-02-25 00:23:14,477 (client:306) INFO: {'Role': 'Client #10', 'Round': 0, 'Results_raw': {'train_loss': 307.617608, 'train_total': 148, 'train_acc': 0.581081, 'train_correct': 86.0, 'train_avg_loss': 2.078497, 'train_f1': 0.156982}}[0m
Unsupported operator aten::max_pool2d encountered 5 time(s)
[38;5;39m2023-02-25 00:23:16,413 (client:306) INFO: {'Role': 'Client #8', 'Round': 0, 'Results_raw': {'train_loss': 276.725305, 'train_total': 174, 'train_acc': 0.724138, 'train_correct': 126.0, 'train_avg_loss': 1.590375, 'train_f1': 0.142857}}[0m
Unsupported operator aten::max_pool2d encountered 5 time(s)
[38;5;39m2023-02-25 00:23:16,562 (client:306) INFO: {'Role': 'Client #1', 'Round': 0, 'Results_raw': {'train_loss': 32.315907, 'train_total': 7, 'train_acc': 0.0, 'train_correct': 0.0, 'train_avg_loss': 4.616558, 'train_f1': 0.0}}[0m
[38;5;39m2023-02-25 00:23:16,564 (monitor:541) INFO: {'Role': 'Server #', 'Round': 0, 'Results_model_metric': {}}[0m
[38;5;39m2023-02-25 00:23:16,598 (server:330) INFO: Server: Starting evaluation at the end of round 0.[0m
[38;5;39m2023-02-25 00:23:16,599 (server:336) INFO: ----------- Starting a new training round (Round #1) -------------[0m
[33;20m2023-02-25 00:23:17,011 (context:294) WARNING: No val_data or val_loader in the trainer, will skip evaluation.If this is not the case you want, please check whether there is typo for the name[0m
[33;20m2023-02-25 00:23:17,062 (context:294) WARNING: No val_data or val_loader in the trainer, will skip evaluation.If this is not the case you want, please check whether there is typo for the name[0m
[33;20m2023-02-25 00:23:17,140 (context:294) WARNING: No val_data or val_loader in the trainer, will skip evaluation.If this is not the case you want, please check whether there is typo for the name[0m
[33;20m2023-02-25 00:23:17,384 (context:294) WARNING: No val_data or val_loader in the trainer, will skip evaluation.If this is not the case you want, please check whether there is typo for the name[0m
[33;20m2023-02-25 00:23:17,603 (context:294) WARNING: No val_data or val_loader in the trainer, will skip evaluation.If this is not the case you want, please check whether there is typo for the name[0m
[33;20m2023-02-25 00:23:17,947 (context:294) WARNING: No val_data or val_loader in the trainer, will skip evaluation.If this is not the case you want, please check whether there is typo for the name[0m
[33;20m2023-02-25 00:23:18,290 (context:294) WARNING: No val_data or val_loader in the trainer, will skip evaluation.If this is not the case you want, please check whether there is typo for the name[0m
[33;20m2023-02-25 00:23:18,312 (context:294) WARNING: No val_data or val_loader in the trainer, will skip evaluation.If this is not the case you want, please check whether there is typo for the name[0m
[33;20m2023-02-25 00:23:18,622 (context:294) WARNING: No val_data or val_loader in the trainer, will skip evaluation.If this is not the case you want, please check whether there is typo for the name[0m
[33;20m2023-02-25 00:23:18,915 (context:294) WARNING: No val_data or val_loader in the trainer, will skip evaluation.If this is not the case you want, please check whether there is typo for the name[0m
[38;5;39m2023-02-25 00:23:19,029 (client:306) INFO: {'Role': 'Client #1', 'Round': 1, 'Results_raw': {'train_loss': 48.612782, 'train_total': 7, 'train_acc': 0.0, 'train_correct': 0.0, 'train_avg_loss': 6.944683, 'train_f1': 0.0}}[0m
WARNING:fvcore.nn.jit_analysis:Unsupported operator aten::max_pool2d encountered 5 time(s)
[38;5;39m2023-02-25 00:23:19,361 (client:306) INFO: {'Role': 'Client #2', 'Round': 1, 'Results_raw': {'train_loss': 42.448632, 'train_total': 31, 'train_acc': 0.419355, 'train_correct': 13.0, 'train_avg_loss': 1.369311, 'train_f1': 0.23021}}[0m
[38;5;39m2023-02-25 00:23:21,092 (client:306) INFO: {'Role': 'Client #10', 'Round': 1, 'Results_raw': {'train_loss': 96.457461, 'train_total': 148, 'train_acc': 0.72973, 'train_correct': 108.0, 'train_avg_loss': 0.65174, 'train_f1': 0.389831}}[0m
WARNING:fvcore.nn.jit_analysis:Unsupported operator aten::max_pool2d encountered 5 time(s)
[38;5;39m2023-02-25 00:23:22,827 (client:306) INFO: {'Role': 'Client #5', 'Round': 1, 'Results_raw': {'train_loss': 234.597532, 'train_total': 165, 'train_acc': 0.527273, 'train_correct': 87.0, 'train_avg_loss': 1.421803, 'train_f1': 0.472887}}[0m
WARNING:fvcore.nn.jit_analysis:Unsupported operator aten::max_pool2d encountered 5 time(s)
[38;5;39m2023-02-25 00:23:23,033 (client:306) INFO: {'Role': 'Client #7', 'Round': 1, 'Results_raw': {'train_loss': 89.114502, 'train_total': 16, 'train_acc': 0.0, 'train_correct': 0.0, 'train_avg_loss': 5.569656, 'train_f1': 0.0}}[0m
[38;5;39m2023-02-25 00:23:23,036 (server:590) INFO: {'Role': 'Server #', 'Round': 0, 'Results_weighted_avg': {'test_loss': 118.240929, 'test_total': 22.0, 'test_acc': 0.554545, 'test_correct': 12.2, 'test_avg_loss': 3.84939, 'test_f1': 0.333633}, 'Results_avg': {'test_loss': 84.686576, 'test_total': 22.0, 'test_acc': 0.464281, 'test_correct': 12.2, 'test_avg_loss': 3.930725, 'test_f1': 0.293998}, 'Results_fairness': {'test_total': 22.0, 'test_correct': 12.2, 'test_loss_std': 53.561051, 'test_loss_bottom_decile': 21.669378, 'test_loss_top_decile': 181.937127, 'test_loss_min': 4.142169, 'test_loss_max': 181.937127, 'test_loss_bottom10%': 4.142169, 'test_loss_top10%': 181.937127, 'test_loss_cos1': 0.845152, 'test_loss_entropy': 2.065971, 'test_acc_std': 0.387263, 'test_acc_bottom_decile': 0.0, 'test_acc_top_decile': 1.0, 'test_acc_min': 0.0, 'test_acc_max': 1.0, 'test_acc_bottom10%': 0.0, 'test_acc_top10%': 1.0, 'test_acc_cos1': 0.767926, 'test_acc_entropy': 1.854699, 'test_avg_loss_std': 0.29623, 'test_avg_loss_bottom_decile': 3.463468, 'test_avg_loss_top_decile': 4.333876, 'test_avg_loss_min': 3.292796, 'test_avg_loss_max': 4.333876, 'test_avg_loss_bottom10%': 3.292796, 'test_avg_loss_top10%': 4.333876, 'test_avg_loss_cos1': 0.997172, 'test_avg_loss_entropy': 2.299659, 'test_f1_std': 0.289968, 'test_f1_bottom_decile': 0.0, 'test_f1_top_decile': 1.0, 'test_f1_min': 0.0, 'test_f1_max': 1.0, 'test_f1_bottom10%': 0.0, 'test_f1_top10%': 1.0, 'test_f1_cos1': 0.71197, 'test_f1_entropy': 1.799419}}[0m
[38;5;39m2023-02-25 00:23:23,039 (monitor:541) INFO: {'Role': 'Server #', 'Round': 1, 'Results_model_metric': {}}[0m
[38;5;39m2023-02-25 00:23:23,059 (server:330) INFO: Server: Starting evaluation at the end of round 1.[0m
[38;5;39m2023-02-25 00:23:23,060 (server:336) INFO: ----------- Starting a new training round (Round #2) -------------[0m
[33;20m2023-02-25 00:23:23,485 (context:294) WARNING: No val_data or val_loader in the trainer, will skip evaluation.If this is not the case you want, please check whether there is typo for the name[0m
[33;20m2023-02-25 00:23:23,544 (context:294) WARNING: No val_data or val_loader in the trainer, will skip evaluation.If this is not the case you want, please check whether there is typo for the name[0m
[33;20m2023-02-25 00:23:23,612 (context:294) WARNING: No val_data or val_loader in the trainer, will skip evaluation.If this is not the case you want, please check whether there is typo for the name[0m
[33;20m2023-02-25 00:23:23,816 (context:294) WARNING: No val_data or val_loader in the trainer, will skip evaluation.If this is not the case you want, please check whether there is typo for the name[0m
[33;20m2023-02-25 00:23:24,036 (context:294) WARNING: No val_data or val_loader in the trainer, will skip evaluation.If this is not the case you want, please check whether there is typo for the name[0m
[33;20m2023-02-25 00:23:24,381 (context:294) WARNING: No val_data or val_loader in the trainer, will skip evaluation.If this is not the case you want, please check whether there is typo for the name[0m
[33;20m2023-02-25 00:23:24,757 (context:294) WARNING: No val_data or val_loader in the trainer, will skip evaluation.If this is not the case you want, please check whether there is typo for the name[0m
[33;20m2023-02-25 00:23:24,799 (context:294) WARNING: No val_data or val_loader in the trainer, will skip evaluation.If this is not the case you want, please check whether there is typo for the name[0m
[33;20m2023-02-25 00:23:25,212 (context:294) WARNING: No val_data or val_loader in the trainer, will skip evaluation.If this is not the case you want, please check whether there is typo for the name[0m
[33;20m2023-02-25 00:23:25,424 (context:294) WARNING: No val_data or val_loader in the trainer, will skip evaluation.If this is not the case you want, please check whether there is typo for the name[0m
[38;5;39m2023-02-25 00:23:25,567 (client:306) INFO: {'Role': 'Client #7', 'Round': 2, 'Results_raw': {'train_loss': 52.454472, 'train_total': 16, 'train_acc': 0.0, 'train_correct': 0.0, 'train_avg_loss': 3.278404, 'train_f1': 0.0}}[0m
[38;5;39m2023-02-25 00:23:26,013 (client:306) INFO: {'Role': 'Client #2', 'Round': 2, 'Results_raw': {'train_loss': 37.056749, 'train_total': 31, 'train_acc': 0.419355, 'train_correct': 13.0, 'train_avg_loss': 1.195379, 'train_f1': 0.253589}}[0m
[38;5;39m2023-02-25 00:23:27,883 (client:306) INFO: {'Role': 'Client #8', 'Round': 2, 'Results_raw': {'train_loss': 85.684252, 'train_total': 174, 'train_acc': 0.816092, 'train_correct': 142.0, 'train_avg_loss': 0.492438, 'train_f1': 0.599194}}[0m
[38;5;39m2023-02-25 00:23:29,771 (client:306) INFO: {'Role': 'Client #5', 'Round': 2, 'Results_raw': {'train_loss': 119.387013, 'train_total': 165, 'train_acc': 0.69697, 'train_correct': 115.0, 'train_avg_loss': 0.723558, 'train_f1': 0.685882}}[0m
WARNING:fvcore.nn.jit_analysis:Unsupported operator aten::max_pool2d encountered 5 time(s)
[38;5;39m2023-02-25 00:23:29,897 (client:306) INFO: {'Role': 'Client #6', 'Round': 2, 'Results_raw': {'train_loss': 8.999083, 'train_total': 9, 'train_acc': 0.777778, 'train_correct': 7.0, 'train_avg_loss': 0.999898, 'train_f1': 0.4375}}[0m
[38;5;39m2023-02-25 00:23:29,900 (server:590) INFO: {'Role': 'Server #', 'Round': 1, 'Results_weighted_avg': {'test_loss': 114.343159, 'test_total': 22.0, 'test_acc': 0.554545, 'test_correct': 12.2, 'test_avg_loss': 3.685098, 'test_f1': 0.333633}, 'Results_avg': {'test_loss': 81.072146, 'test_total': 22.0, 'test_acc': 0.464281, 'test_correct': 12.2, 'test_avg_loss': 3.692065, 'test_f1': 0.293998}, 'Results_fairness': {'test_total': 22.0, 'test_correct': 12.2, 'test_loss_std': 53.708864, 'test_loss_bottom_decile': 18.415813, 'test_loss_top_decile': 177.788167, 'test_loss_min': 3.822803, 'test_loss_max': 177.788167, 'test_loss_bottom10%': 3.822803, 'test_loss_top10%': 177.788167, 'test_loss_cos1': 0.833657, 'test_loss_entropy': 2.046765, 'test_acc_std': 0.387263, 'test_acc_bottom_decile': 0.0, 'test_acc_top_decile': 1.0, 'test_acc_min': 0.0, 'test_acc_max': 1.0, 'test_acc_bottom10%': 0.0, 'test_acc_top10%': 1.0, 'test_acc_cos1': 0.767926, 'test_acc_entropy': 1.854699, 'test_avg_loss_std': 0.460973, 'test_avg_loss_bottom_decile': 3.248923, 'test_avg_loss_top_decile': 4.050731, 'test_avg_loss_min': 2.47057, 'test_avg_loss_max': 4.050731, 'test_avg_loss_bottom10%': 2.47057, 'test_avg_loss_top10%': 4.050731, 'test_avg_loss_cos1': 0.992296, 'test_avg_loss_entropy': 2.29407, 'test_f1_std': 0.289968, 'test_f1_bottom_decile': 0.0, 'test_f1_top_decile': 1.0, 'test_f1_min': 0.0, 'test_f1_max': 1.0, 'test_f1_bottom10%': 0.0, 'test_f1_top10%': 1.0, 'test_f1_cos1': 0.71197, 'test_f1_entropy': 1.799419}}[0m
[38;5;39m2023-02-25 00:23:29,903 (monitor:541) INFO: {'Role': 'Server #', 'Round': 2, 'Results_model_metric': {}}[0m
[38;5;39m2023-02-25 00:23:29,924 (server:330) INFO: Server: Starting evaluation at the end of round 2.[0m
[38;5;39m2023-02-25 00:23:29,925 (server:336) INFO: ----------- Starting a new training round (Round #3) -------------[0m
[33;20m2023-02-25 00:23:30,413 (context:294) WARNING: No val_data or val_loader in the trainer, will skip evaluation.If this is not the case you want, please check whether there is typo for the name[0m
[33;20m2023-02-25 00:23:30,473 (context:294) WARNING: No val_data or val_loader in the trainer, will skip evaluation.If this is not the case you want, please check whether there is typo for the name[0m
[33;20m2023-02-25 00:23:30,555 (context:294) WARNING: No val_data or val_loader in the trainer, will skip evaluation.If this is not the case you want, please check whether there is typo for the name[0m
[33;20m2023-02-25 00:23:30,737 (context:294) WARNING: No val_data or val_loader in the trainer, will skip evaluation.If this is not the case you want, please check whether there is typo for the name[0m
[33;20m2023-02-25 00:23:30,886 (context:294) WARNING: No val_data or val_loader in the trainer, will skip evaluation.If this is not the case you want, please check whether there is typo for the name[0m
[33;20m2023-02-25 00:23:31,301 (context:294) WARNING: No val_data or val_loader in the trainer, will skip evaluation.If this is not the case you want, please check whether there is typo for the name[0m
[33;20m2023-02-25 00:23:31,667 (context:294) WARNING: No val_data or val_loader in the trainer, will skip evaluation.If this is not the case you want, please check whether there is typo for the name[0m
[33;20m2023-02-25 00:23:31,693 (context:294) WARNING: No val_data or val_loader in the trainer, will skip evaluation.If this is not the case you want, please check whether there is typo for the name[0m
[33;20m2023-02-25 00:23:31,953 (context:294) WARNING: No val_data or val_loader in the trainer, will skip evaluation.If this is not the case you want, please check whether there is typo for the name[0m
[33;20m2023-02-25 00:23:32,209 (context:294) WARNING: No val_data or val_loader in the trainer, will skip evaluation.If this is not the case you want, please check whether there is typo for the name[0m
[38;5;39m2023-02-25 00:23:32,424 (client:306) INFO: {'Role': 'Client #7', 'Round': 3, 'Results_raw': {'train_loss': 32.487999, 'train_total': 16, 'train_acc': 0.0625, 'train_correct': 1.0, 'train_avg_loss': 2.0305, 'train_f1': 0.133333}}[0m
[38;5;39m2023-02-25 00:23:35,525 (client:306) INFO: {'Role': 'Client #3', 'Round': 3, 'Results_raw': {'train_loss': 49.868643, 'train_total': 223, 'train_acc': 0.950673, 'train_correct': 212.0, 'train_avg_loss': 0.223626, 'train_f1': 0.487356}}[0m
[38;5;39m2023-02-25 00:23:35,655 (client:306) INFO: {'Role': 'Client #9', 'Round': 3, 'Results_raw': {'train_loss': 9.058968, 'train_total': 6, 'train_acc': 0.166667, 'train_correct': 1.0, 'train_avg_loss': 1.509828, 'train_f1': 0.142857}}[0m
[38;5;39m2023-02-25 00:23:36,177 (client:306) INFO: {'Role': 'Client #2', 'Round': 3, 'Results_raw': {'train_loss': 26.938943, 'train_total': 31, 'train_acc': 0.548387, 'train_correct': 17.0, 'train_avg_loss': 0.868998, 'train_f1': 0.31099}}[0m
WARNING:fvcore.nn.jit_analysis:Unsupported operator aten::max_pool2d encountered 5 time(s)
[38;5;39m2023-02-25 00:23:37,490 (client:306) INFO: {'Role': 'Client #4', 'Round': 3, 'Results_raw': {'train_loss': 26.716204, 'train_total': 98, 'train_acc': 0.857143, 'train_correct': 84.0, 'train_avg_loss': 0.272614, 'train_f1': 0.461538}}[0m
[38;5;39m2023-02-25 00:23:37,493 (server:590) INFO: {'Role': 'Server #', 'Round': 2, 'Results_weighted_avg': {'test_loss': 105.376999, 'test_total': 22.0, 'test_acc': 0.586364, 'test_correct': 12.9, 'test_avg_loss': 3.404809, 'test_f1': 0.369536}, 'Results_avg': {'test_loss': 74.905805, 'test_total': 22.0, 'test_acc': 0.489995, 'test_correct': 12.9, 'test_avg_loss': 3.362489, 'test_f1': 0.321358}, 'Results_fairness': {'test_total': 22.0, 'test_correct': 12.9, 'test_loss_std': 52.464821, 'test_loss_bottom_decile': 16.758678, 'test_loss_top_decile': 177.18617, 'test_loss_min': 2.709316, 'test_loss_max': 177.18617, 'test_loss_bottom10%': 2.709316, 'test_loss_top10%': 177.18617, 'test_loss_cos1': 0.819074, 'test_loss_entropy': 2.028408, 'test_acc_std': 0.3743, 'test_acc_bottom_decile': 0.0, 'test_acc_top_decile': 1.0, 'test_acc_min': 0.0, 'test_acc_max': 1.0, 'test_acc_bottom10%': 0.0, 'test_acc_top10%': 1.0, 'test_acc_cos1': 0.794672, 'test_acc_entropy': 1.905923, 'test_avg_loss_std': 0.730896, 'test_avg_loss_bottom_decile': 2.273569, 'test_avg_loss_top_decile': 3.985931, 'test_avg_loss_min': 1.943071, 'test_avg_loss_max': 3.985931, 'test_avg_loss_bottom10%': 1.943071, 'test_avg_loss_top10%': 3.985931, 'test_avg_loss_cos1': 0.977181, 'test_avg_loss_entropy': 2.276915, 'test_f1_std': 0.282653, 'test_f1_bottom_decile': 0.0, 'test_f1_top_decile': 1.0, 'test_f1_min': 0.0, 'test_f1_max': 1.0, 'test_f1_bottom10%': 0.0, 'test_f1_top10%': 1.0, 'test_f1_cos1': 0.750877, 'test_f1_entropy': 1.870819}}[0m
[38;5;39m2023-02-25 00:23:37,496 (monitor:541) INFO: {'Role': 'Server #', 'Round': 3, 'Results_model_metric': {}}[0m
[38;5;39m2023-02-25 00:23:37,516 (server:330) INFO: Server: Starting evaluation at the end of round 3.[0m
[38;5;39m2023-02-25 00:23:37,517 (server:336) INFO: ----------- Starting a new training round (Round #4) -------------[0m
[33;20m2023-02-25 00:23:37,951 (context:294) WARNING: No val_data or val_loader in the trainer, will skip evaluation.If this is not the case you want, please check whether there is typo for the name[0m
[33;20m2023-02-25 00:23:38,018 (context:294) WARNING: No val_data or val_loader in the trainer, will skip evaluation.If this is not the case you want, please check whether there is typo for the name[0m
[33;20m2023-02-25 00:23:38,091 (context:294) WARNING: No val_data or val_loader in the trainer, will skip evaluation.If this is not the case you want, please check whether there is typo for the name[0m
[33;20m2023-02-25 00:23:38,292 (context:294) WARNING: No val_data or val_loader in the trainer, will skip evaluation.If this is not the case you want, please check whether there is typo for the name[0m
[33;20m2023-02-25 00:23:38,447 (context:294) WARNING: No val_data or val_loader in the trainer, will skip evaluation.If this is not the case you want, please check whether there is typo for the name[0m
[33;20m2023-02-25 00:23:38,777 (context:294) WARNING: No val_data or val_loader in the trainer, will skip evaluation.If this is not the case you want, please check whether there is typo for the name[0m
[33;20m2023-02-25 00:23:39,209 (context:294) WARNING: No val_data or val_loader in the trainer, will skip evaluation.If this is not the case you want, please check whether there is typo for the name[0m
[33;20m2023-02-25 00:23:39,230 (context:294) WARNING: No val_data or val_loader in the trainer, will skip evaluation.If this is not the case you want, please check whether there is typo for the name[0m
[33;20m2023-02-25 00:23:39,561 (context:294) WARNING: No val_data or val_loader in the trainer, will skip evaluation.If this is not the case you want, please check whether there is typo for the name[0m
[33;20m2023-02-25 00:23:39,861 (context:294) WARNING: No val_data or val_loader in the trainer, will skip evaluation.If this is not the case you want, please check whether there is typo for the name[0m
[38;5;39m2023-02-25 00:23:42,410 (client:306) INFO: {'Role': 'Client #3', 'Round': 4, 'Results_raw': {'train_loss': 41.324333, 'train_total': 223, 'train_acc': 0.941704, 'train_correct': 210.0, 'train_avg_loss': 0.185311, 'train_f1': 0.484988}}[0m
[38;5;39m2023-02-25 00:23:42,618 (client:306) INFO: {'Role': 'Client #7', 'Round': 4, 'Results_raw': {'train_loss': 52.568935, 'train_total': 16, 'train_acc': 0.125, 'train_correct': 2.0, 'train_avg_loss': 3.285558, 'train_f1': 0.133333}}[0m
[38;5;39m2023-02-25 00:23:42,703 (client:306) INFO: {'Role': 'Client #1', 'Round': 4, 'Results_raw': {'train_loss': 29.595808, 'train_total': 7, 'train_acc': 0.0, 'train_correct': 0.0, 'train_avg_loss': 4.227973, 'train_f1': 0.0}}[0m
[38;5;39m2023-02-25 00:23:44,413 (client:306) INFO: {'Role': 'Client #10', 'Round': 4, 'Results_raw': {'train_loss': 74.158526, 'train_total': 148, 'train_acc': 0.763514, 'train_correct': 113.0, 'train_avg_loss': 0.501071, 'train_f1': 0.472645}}[0m
[38;5;39m2023-02-25 00:23:45,511 (client:306) INFO: {'Role': 'Client #4', 'Round': 4, 'Results_raw': {'train_loss': 15.592243, 'train_total': 98, 'train_acc': 0.928571, 'train_correct': 91.0, 'train_avg_loss': 0.159105, 'train_f1': 0.481481}}[0m
[38;5;39m2023-02-25 00:23:45,514 (server:590) INFO: {'Role': 'Server #', 'Round': 3, 'Results_weighted_avg': {'test_loss': 99.346284, 'test_total': 22.0, 'test_acc': 0.65, 'test_correct': 14.3, 'test_avg_loss': 3.195629, 'test_f1': 0.430531}, 'Results_avg': {'test_loss': 70.303837, 'test_total': 22.0, 'test_acc': 0.533805, 'test_correct': 14.3, 'test_avg_loss': 3.232164, 'test_f1': 0.362321}, 'Results_fairness': {'test_total': 22.0, 'test_correct': 14.3, 'test_loss_std': 51.640961, 'test_loss_bottom_decile': 16.50746, 'test_loss_top_decile': 175.387012, 'test_loss_min': 3.221413, 'test_loss_max': 175.387012, 'test_loss_bottom10%': 3.221413, 'test_loss_top10%': 175.387012, 'test_loss_cos1': 0.805941, 'test_loss_entropy': 2.015065, 'test_acc_std': 0.373804, 'test_acc_bottom_decile': 0.0, 'test_acc_top_decile': 1.0, 'test_acc_min': 0.0, 'test_acc_max': 1.0, 'test_acc_bottom10%': 0.0, 'test_acc_top10%': 1.0, 'test_acc_cos1': 0.819131, 'test_acc_entropy': 1.941099, 'test_avg_loss_std': 0.779742, 'test_avg_loss_bottom_decile': 1.945542, 'test_avg_loss_top_decile': 3.914843, 'test_avg_loss_min': 1.557977, 'test_avg_loss_max': 3.914843, 'test_avg_loss_bottom10%': 1.557977, 'test_avg_loss_top10%': 3.914843, 'test_avg_loss_cos1': 0.972112, 'test_avg_loss_entropy': 2.269384, 'test_f1_std': 0.302955, 'test_f1_bottom_decile': 0.0, 'test_f1_top_decile': 1.0, 'test_f1_min': 0.0, 'test_f1_max': 1.0, 'test_f1_bottom10%': 0.0, 'test_f1_top10%': 1.0, 'test_f1_cos1': 0.767158, 'test_f1_entropy': 1.884634}}[0m
[38;5;39m2023-02-25 00:23:45,516 (monitor:541) INFO: {'Role': 'Server #', 'Round': 4, 'Results_model_metric': {}}[0m
[38;5;39m2023-02-25 00:23:45,535 (server:330) INFO: Server: Starting evaluation at the end of round 4.[0m
[38;5;39m2023-02-25 00:23:45,536 (server:336) INFO: ----------- Starting a new training round (Round #5) -------------[0m
[33;20m2023-02-25 00:23:46,068 (context:294) WARNING: No val_data or val_loader in the trainer, will skip evaluation.If this is not the case you want, please check whether there is typo for the name[0m
[33;20m2023-02-25 00:23:46,166 (context:294) WARNING: No val_data or val_loader in the trainer, will skip evaluation.If this is not the case you want, please check whether there is typo for the name[0m
[33;20m2023-02-25 00:23:46,222 (context:294) WARNING: No val_data or val_loader in the trainer, will skip evaluation.If this is not the case you want, please check whether there is typo for the name[0m
[33;20m2023-02-25 00:23:46,441 (context:294) WARNING: No val_data or val_loader in the trainer, will skip evaluation.If this is not the case you want, please check whether there is typo for the name[0m
[33;20m2023-02-25 00:23:46,655 (context:294) WARNING: No val_data or val_loader in the trainer, will skip evaluation.If this is not the case you want, please check whether there is typo for the name[0m
[33;20m2023-02-25 00:23:47,035 (context:294) WARNING: No val_data or val_loader in the trainer, will skip evaluation.If this is not the case you want, please check whether there is typo for the name[0m
[33;20m2023-02-25 00:23:47,408 (context:294) WARNING: No val_data or val_loader in the trainer, will skip evaluation.If this is not the case you want, please check whether there is typo for the name[0m
[33;20m2023-02-25 00:23:47,432 (context:294) WARNING: No val_data or val_loader in the trainer, will skip evaluation.If this is not the case you want, please check whether there is typo for the name[0m
[33;20m2023-02-25 00:23:47,726 (context:294) WARNING: No val_data or val_loader in the trainer, will skip evaluation.If this is not the case you want, please check whether there is typo for the name[0m
[33;20m2023-02-25 00:23:47,957 (context:294) WARNING: No val_data or val_loader in the trainer, will skip evaluation.If this is not the case you want, please check whether there is typo for the name[0m
[38;5;39m2023-02-25 00:23:49,805 (client:306) INFO: {'Role': 'Client #10', 'Round': 5, 'Results_raw': {'train_loss': 81.350676, 'train_total': 148, 'train_acc': 0.72973, 'train_correct': 108.0, 'train_avg_loss': 0.549667, 'train_f1': 0.449427}}[0m
[38;5;39m2023-02-25 00:23:51,667 (client:306) INFO: {'Role': 'Client #8', 'Round': 5, 'Results_raw': {'train_loss': 74.217417, 'train_total': 174, 'train_acc': 0.781609, 'train_correct': 136.0, 'train_avg_loss': 0.426537, 'train_f1': 0.524043}}[0m
[38;5;39m2023-02-25 00:23:53,512 (client:306) INFO: {'Role': 'Client #5', 'Round': 5, 'Results_raw': {'train_loss': 132.127609, 'train_total': 165, 'train_acc': 0.715152, 'train_correct': 118.0, 'train_avg_loss': 0.800773, 'train_f1': 0.470023}}[0m
[38;5;39m2023-02-25 00:23:53,781 (client:306) INFO: {'Role': 'Client #7', 'Round': 5, 'Results_raw': {'train_loss': 63.941319, 'train_total': 16, 'train_acc': 0.125, 'train_correct': 2.0, 'train_avg_loss': 3.996332, 'train_f1': 0.222222}}[0m
[38;5;39m2023-02-25 00:23:56,407 (client:306) INFO: {'Role': 'Client #3', 'Round': 5, 'Results_raw': {'train_loss': 36.757103, 'train_total': 223, 'train_acc': 0.955157, 'train_correct': 213.0, 'train_avg_loss': 0.16483, 'train_f1': 0.631283}}[0m
[38;5;39m2023-02-25 00:23:56,410 (server:590) INFO: {'Role': 'Server #', 'Round': 4, 'Results_weighted_avg': {'test_loss': 93.363897, 'test_total': 22.0, 'test_acc': 0.586364, 'test_correct': 12.9, 'test_avg_loss': 2.995985, 'test_f1': 0.364243}, 'Results_avg': {'test_loss': 65.911678, 'test_total': 22.0, 'test_acc': 0.493805, 'test_correct': 12.9, 'test_avg_loss': 3.19567, 'test_f1': 0.320655}, 'Results_fairness': {'test_total': 22.0, 'test_correct': 12.9, 'test_loss_std': 50.774005, 'test_loss_bottom_decile': 21.678361, 'test_loss_top_decile': 170.266309, 'test_loss_min': 3.476217, 'test_loss_max': 170.266309, 'test_loss_bottom10%': 3.476217, 'test_loss_top10%': 170.266309, 'test_loss_cos1': 0.792201, 'test_loss_entropy': 2.000697, 'test_acc_std': 0.373752, 'test_acc_bottom_decile': 0.0, 'test_acc_top_decile': 1.0, 'test_acc_min': 0.0, 'test_acc_max': 1.0, 'test_acc_bottom10%': 0.0, 'test_acc_top10%': 1.0, 'test_acc_cos1': 0.797358, 'test_acc_entropy': 1.909772, 'test_avg_loss_std': 1.098504, 'test_avg_loss_bottom_decile': 1.49663, 'test_avg_loss_top_decile': 4.858933, 'test_avg_loss_min': 1.139041, 'test_avg_loss_max': 4.858933, 'test_avg_loss_bottom10%': 1.139041, 'test_avg_loss_top10%': 4.858933, 'test_avg_loss_cos1': 0.945687, 'test_avg_loss_entropy': 2.235128, 'test_f1_std': 0.281191, 'test_f1_bottom_decile': 0.0, 'test_f1_top_decile': 1.0, 'test_f1_min': 0.0, 'test_f1_max': 1.0, 'test_f1_bottom10%': 0.0, 'test_f1_top10%': 1.0, 'test_f1_cos1': 0.751858, 'test_f1_entropy': 1.874319}}[0m
[38;5;39m2023-02-25 00:23:56,412 (monitor:541) INFO: {'Role': 'Server #', 'Round': 5, 'Results_model_metric': {}}[0m
[38;5;39m2023-02-25 00:23:56,456 (server:330) INFO: Server: Starting evaluation at the end of round 5.[0m
[38;5;39m2023-02-25 00:23:56,457 (server:336) INFO: ----------- Starting a new training round (Round #6) -------------[0m
[33;20m2023-02-25 00:23:56,940 (context:294) WARNING: No val_data or val_loader in the trainer, will skip evaluation.If this is not the case you want, please check whether there is typo for the name[0m
[33;20m2023-02-25 00:23:57,026 (context:294) WARNING: No val_data or val_loader in the trainer, will skip evaluation.If this is not the case you want, please check whether there is typo for the name[0m
[33;20m2023-02-25 00:23:57,083 (context:294) WARNING: No val_data or val_loader in the trainer, will skip evaluation.If this is not the case you want, please check whether there is typo for the name[0m
[33;20m2023-02-25 00:23:57,285 (context:294) WARNING: No val_data or val_loader in the trainer, will skip evaluation.If this is not the case you want, please check whether there is typo for the name[0m
[33;20m2023-02-25 00:23:57,507 (context:294) WARNING: No val_data or val_loader in the trainer, will skip evaluation.If this is not the case you want, please check whether there is typo for the name[0m
[33;20m2023-02-25 00:23:57,981 (context:294) WARNING: No val_data or val_loader in the trainer, will skip evaluation.If this is not the case you want, please check whether there is typo for the name[0m
[33;20m2023-02-25 00:23:58,445 (context:294) WARNING: No val_data or val_loader in the trainer, will skip evaluation.If this is not the case you want, please check whether there is typo for the name[0m
[33;20m2023-02-25 00:23:58,476 (context:294) WARNING: No val_data or val_loader in the trainer, will skip evaluation.If this is not the case you want, please check whether there is typo for the name[0m
[33;20m2023-02-25 00:23:58,795 (context:294) WARNING: No val_data or val_loader in the trainer, will skip evaluation.If this is not the case you want, please check whether there is typo for the name[0m
[33;20m2023-02-25 00:23:59,051 (context:294) WARNING: No val_data or val_loader in the trainer, will skip evaluation.If this is not the case you want, please check whether there is typo for the name[0m
[38;5;39m2023-02-25 00:24:00,382 (client:306) INFO: {'Role': 'Client #4', 'Round': 6, 'Results_raw': {'train_loss': 13.260888, 'train_total': 98, 'train_acc': 0.938776, 'train_correct': 92.0, 'train_avg_loss': 0.135315, 'train_f1': 0.484211}}[0m
[38;5;39m2023-02-25 00:24:00,481 (client:306) INFO: {'Role': 'Client #9', 'Round': 6, 'Results_raw': {'train_loss': 5.76478, 'train_total': 6, 'train_acc': 0.333333, 'train_correct': 2.0, 'train_avg_loss': 0.960797, 'train_f1': 0.25}}[0m
[38;5;39m2023-02-25 00:24:02,317 (client:306) INFO: {'Role': 'Client #8', 'Round': 6, 'Results_raw': {'train_loss': 57.71396, 'train_total': 174, 'train_acc': 0.844828, 'train_correct': 147.0, 'train_avg_loss': 0.331689, 'train_f1': 0.655446}}[0m
[38;5;39m2023-02-25 00:24:02,712 (client:306) INFO: {'Role': 'Client #2', 'Round': 6, 'Results_raw': {'train_loss': 21.18784, 'train_total': 31, 'train_acc': 0.806452, 'train_correct': 25.0, 'train_avg_loss': 0.683479, 'train_f1': 0.407407}}[0m
[38;5;39m2023-02-25 00:24:04,801 (client:306) INFO: {'Role': 'Client #5', 'Round': 6, 'Results_raw': {'train_loss': 120.558074, 'train_total': 165, 'train_acc': 0.727273, 'train_correct': 120.0, 'train_avg_loss': 0.730655, 'train_f1': 0.476033}}[0m
[38;5;39m2023-02-25 00:24:04,804 (server:590) INFO: {'Role': 'Server #', 'Round': 5, 'Results_weighted_avg': {'test_loss': 89.120472, 'test_total': 22.0, 'test_acc': 0.654545, 'test_correct': 14.4, 'test_avg_loss': 2.845742, 'test_f1': 0.431996}, 'Results_avg': {'test_loss': 62.606331, 'test_total': 22.0, 'test_acc': 0.540471, 'test_correct': 14.4, 'test_avg_loss': 2.992314, 'test_f1': 0.365601}, 'Results_fairness': {'test_total': 22.0, 'test_correct': 14.4, 'test_loss_std': 52.900492, 'test_loss_bottom_decile': 17.772696, 'test_loss_top_decile': 170.720897, 'test_loss_min': 3.279889, 'test_loss_max': 170.720897, 'test_loss_bottom10%': 3.279889, 'test_loss_top10%': 170.720897, 'test_loss_cos1': 0.763832, 'test_loss_entropy': 1.945476, 'test_acc_std': 0.370996, 'test_acc_bottom_decile': 0.0, 'test_acc_top_decile': 1.0, 'test_acc_min': 0.0, 'test_acc_max': 1.0, 'test_acc_bottom10%': 0.0, 'test_acc_top10%': 1.0, 'test_acc_cos1': 0.824454, 'test_acc_entropy': 1.94911, 'test_avg_loss_std': 1.158552, 'test_avg_loss_bottom_decile': 0.846319, 'test_avg_loss_top_decile': 4.002173, 'test_avg_loss_min': 0.807125, 'test_avg_loss_max': 4.002173, 'test_avg_loss_bottom10%': 0.807125, 'test_avg_loss_top10%': 4.002173, 'test_avg_loss_cos1': 0.932543, 'test_avg_loss_entropy': 2.20794, 'test_f1_std': 0.299296, 'test_f1_bottom_decile': 0.0, 'test_f1_top_decile': 1.0, 'test_f1_min': 0.0, 'test_f1_max': 1.0, 'test_f1_bottom10%': 0.0, 'test_f1_top10%': 1.0, 'test_f1_cos1': 0.773784, 'test_f1_entropy': 1.894978}}[0m
[38;5;39m2023-02-25 00:24:04,806 (monitor:541) INFO: {'Role': 'Server #', 'Round': 6, 'Results_model_metric': {}}[0m
[38;5;39m2023-02-25 00:24:04,846 (server:330) INFO: Server: Starting evaluation at the end of round 6.[0m
[38;5;39m2023-02-25 00:24:04,847 (server:336) INFO: ----------- Starting a new training round (Round #7) -------------[0m
[33;20m2023-02-25 00:24:05,294 (context:294) WARNING: No val_data or val_loader in the trainer, will skip evaluation.If this is not the case you want, please check whether there is typo for the name[0m
[33;20m2023-02-25 00:24:05,352 (context:294) WARNING: No val_data or val_loader in the trainer, will skip evaluation.If this is not the case you want, please check whether there is typo for the name[0m
[33;20m2023-02-25 00:24:05,432 (context:294) WARNING: No val_data or val_loader in the trainer, will skip evaluation.If this is not the case you want, please check whether there is typo for the name[0m
[33;20m2023-02-25 00:24:05,634 (context:294) WARNING: No val_data or val_loader in the trainer, will skip evaluation.If this is not the case you want, please check whether there is typo for the name[0m
[33;20m2023-02-25 00:24:05,782 (context:294) WARNING: No val_data or val_loader in the trainer, will skip evaluation.If this is not the case you want, please check whether there is typo for the name[0m
[33;20m2023-02-25 00:24:06,064 (context:294) WARNING: No val_data or val_loader in the trainer, will skip evaluation.If this is not the case you want, please check whether there is typo for the name[0m
[33;20m2023-02-25 00:24:06,365 (context:294) WARNING: No val_data or val_loader in the trainer, will skip evaluation.If this is not the case you want, please check whether there is typo for the name[0m
[33;20m2023-02-25 00:24:06,410 (context:294) WARNING: No val_data or val_loader in the trainer, will skip evaluation.If this is not the case you want, please check whether there is typo for the name[0m
[33;20m2023-02-25 00:24:06,722 (context:294) WARNING: No val_data or val_loader in the trainer, will skip evaluation.If this is not the case you want, please check whether there is typo for the name[0m
[33;20m2023-02-25 00:24:06,967 (context:294) WARNING: No val_data or val_loader in the trainer, will skip evaluation.If this is not the case you want, please check whether there is typo for the name[0m
[38;5;39m2023-02-25 00:24:08,930 (client:306) INFO: {'Role': 'Client #5', 'Round': 7, 'Results_raw': {'train_loss': 122.639826, 'train_total': 165, 'train_acc': 0.636364, 'train_correct': 105.0, 'train_avg_loss': 0.743272, 'train_f1': 0.427022}}[0m
[38;5;39m2023-02-25 00:24:10,911 (client:306) INFO: {'Role': 'Client #10', 'Round': 7, 'Results_raw': {'train_loss': 65.360139, 'train_total': 148, 'train_acc': 0.797297, 'train_correct': 118.0, 'train_avg_loss': 0.441623, 'train_f1': 0.513219}}[0m
[38;5;39m2023-02-25 00:24:12,846 (client:306) INFO: {'Role': 'Client #8', 'Round': 7, 'Results_raw': {'train_loss': 42.369568, 'train_total': 174, 'train_acc': 0.913793, 'train_correct': 159.0, 'train_avg_loss': 0.243503, 'train_f1': 0.78342}}[0m
[38;5;39m2023-02-25 00:24:12,929 (client:306) INFO: {'Role': 'Client #9', 'Round': 7, 'Results_raw': {'train_loss': 1.854226, 'train_total': 6, 'train_acc': 1.0, 'train_correct': 6.0, 'train_avg_loss': 0.309038, 'train_f1': 1.0}}[0m
[38;5;39m2023-02-25 00:24:13,266 (client:306) INFO: {'Role': 'Client #2', 'Round': 7, 'Results_raw': {'train_loss': 9.695903, 'train_total': 31, 'train_acc': 0.935484, 'train_correct': 29.0, 'train_avg_loss': 0.312771, 'train_f1': 0.654762}}[0m
[38;5;39m2023-02-25 00:24:13,269 (server:590) INFO: {'Role': 'Server #', 'Round': 6, 'Results_weighted_avg': {'test_loss': 84.375786, 'test_total': 22.0, 'test_acc': 0.454545, 'test_correct': 10.0, 'test_avg_loss': 2.640278, 'test_f1': 0.342287}, 'Results_avg': {'test_loss': 58.086106, 'test_total': 22.0, 'test_acc': 0.35232, 'test_correct': 10.0, 'test_avg_loss': 2.675533, 'test_f1': 0.26398}, 'Results_fairness': {'test_total': 22.0, 'test_correct': 10.0, 'test_loss_std': 55.033801, 'test_loss_bottom_decile': 11.085164, 'test_loss_top_decile': 172.600236, 'test_loss_min': 2.936351, 'test_loss_max': 172.600236, 'test_loss_bottom10%': 2.936351, 'test_loss_top10%': 172.600236, 'test_loss_cos1': 0.725922, 'test_loss_entropy': 1.863396, 'test_acc_std': 0.369896, 'test_acc_bottom_decile': 0.0, 'test_acc_top_decile': 0.96875, 'test_acc_min': 0.0, 'test_acc_max': 0.96875, 'test_acc_bottom10%': 0.0, 'test_acc_top10%': 0.96875, 'test_acc_cos1': 0.689695, 'test_acc_entropy': 1.682019, 'test_avg_loss_std': 1.245453, 'test_avg_loss_bottom_decile': 0.527865, 'test_avg_loss_top_decile': 3.885107, 'test_avg_loss_min': 0.510371, 'test_avg_loss_max': 3.885107, 'test_avg_loss_bottom10%': 0.510371, 'test_avg_loss_top10%': 3.885107, 'test_avg_loss_cos1': 0.906589, 'test_avg_loss_entropy': 2.164881, 'test_f1_std': 0.285864, 'test_f1_bottom_decile': 0.0, 'test_f1_top_decile': 0.825137, 'test_f1_min': 0.0, 'test_f1_max': 0.825137, 'test_f1_bottom10%': 0.0, 'test_f1_top10%': 0.825137, 'test_f1_cos1': 0.678427, 'test_f1_entropy': 1.665424}}[0m
[38;5;39m2023-02-25 00:24:13,272 (monitor:541) INFO: {'Role': 'Server #', 'Round': 7, 'Results_model_metric': {}}[0m
[38;5;39m2023-02-25 00:24:13,298 (server:330) INFO: Server: Starting evaluation at the end of round 7.[0m
[38;5;39m2023-02-25 00:24:13,300 (server:336) INFO: ----------- Starting a new training round (Round #8) -------------[0m
[33;20m2023-02-25 00:24:13,842 (context:294) WARNING: No val_data or val_loader in the trainer, will skip evaluation.If this is not the case you want, please check whether there is typo for the name[0m
[33;20m2023-02-25 00:24:13,941 (context:294) WARNING: No val_data or val_loader in the trainer, will skip evaluation.If this is not the case you want, please check whether there is typo for the name[0m
[33;20m2023-02-25 00:24:14,053 (context:294) WARNING: No val_data or val_loader in the trainer, will skip evaluation.If this is not the case you want, please check whether there is typo for the name[0m
[33;20m2023-02-25 00:24:14,247 (context:294) WARNING: No val_data or val_loader in the trainer, will skip evaluation.If this is not the case you want, please check whether there is typo for the name[0m
[33;20m2023-02-25 00:24:14,408 (context:294) WARNING: No val_data or val_loader in the trainer, will skip evaluation.If this is not the case you want, please check whether there is typo for the name[0m
[33;20m2023-02-25 00:24:14,678 (context:294) WARNING: No val_data or val_loader in the trainer, will skip evaluation.If this is not the case you want, please check whether there is typo for the name[0m
[33;20m2023-02-25 00:24:15,177 (context:294) WARNING: No val_data or val_loader in the trainer, will skip evaluation.If this is not the case you want, please check whether there is typo for the name[0m
[33;20m2023-02-25 00:24:15,200 (context:294) WARNING: No val_data or val_loader in the trainer, will skip evaluation.If this is not the case you want, please check whether there is typo for the name[0m
[33;20m2023-02-25 00:24:15,447 (context:294) WARNING: No val_data or val_loader in the trainer, will skip evaluation.If this is not the case you want, please check whether there is typo for the name[0m
[33;20m2023-02-25 00:24:15,705 (context:294) WARNING: No val_data or val_loader in the trainer, will skip evaluation.If this is not the case you want, please check whether there is typo for the name[0m
[38;5;39m2023-02-25 00:24:15,957 (client:306) INFO: {'Role': 'Client #7', 'Round': 8, 'Results_raw': {'train_loss': 32.172379, 'train_total': 16, 'train_acc': 0.125, 'train_correct': 2.0, 'train_avg_loss': 2.010774, 'train_f1': 0.078431}}[0m
[38;5;39m2023-02-25 00:24:16,034 (client:306) INFO: {'Role': 'Client #9', 'Round': 8, 'Results_raw': {'train_loss': 5.328193, 'train_total': 6, 'train_acc': 0.5, 'train_correct': 3.0, 'train_avg_loss': 0.888032, 'train_f1': 0.333333}}[0m
[38;5;39m2023-02-25 00:24:18,851 (client:306) INFO: {'Role': 'Client #3', 'Round': 8, 'Results_raw': {'train_loss': 37.50299, 'train_total': 223, 'train_acc': 0.950673, 'train_correct': 212.0, 'train_avg_loss': 0.168175, 'train_f1': 0.564221}}[0m
[38;5;39m2023-02-25 00:24:19,325 (client:306) INFO: {'Role': 'Client #2', 'Round': 8, 'Results_raw': {'train_loss': 16.028315, 'train_total': 31, 'train_acc': 0.870968, 'train_correct': 27.0, 'train_avg_loss': 0.517042, 'train_f1': 0.487179}}[0m
[38;5;39m2023-02-25 00:24:21,339 (client:306) INFO: {'Role': 'Client #5', 'Round': 8, 'Results_raw': {'train_loss': 88.49606, 'train_total': 165, 'train_acc': 0.763636, 'train_correct': 126.0, 'train_avg_loss': 0.53634, 'train_f1': 0.507204}}[0m
[38;5;39m2023-02-25 00:24:21,341 (server:590) INFO: {'Role': 'Server #', 'Round': 7, 'Results_weighted_avg': {'test_loss': 82.770952, 'test_total': 22.0, 'test_acc': 0.668182, 'test_correct': 14.7, 'test_avg_loss': 2.586212, 'test_f1': 0.365914}, 'Results_avg': {'test_loss': 56.896655, 'test_total': 22.0, 'test_acc': 0.553614, 'test_correct': 14.7, 'test_avg_loss': 2.621732, 'test_f1': 0.311174}, 'Results_fairness': {'test_total': 22.0, 'test_correct': 14.7, 'test_loss_std': 53.197874, 'test_loss_bottom_decile': 14.904397, 'test_loss_top_decile': 169.929237, 'test_loss_min': 2.574804, 'test_loss_max': 169.929237, 'test_loss_bottom10%': 2.574804, 'test_loss_top10%': 169.929237, 'test_loss_cos1': 0.730451, 'test_loss_entropy': 1.886794, 'test_acc_std': 0.369358, 'test_acc_bottom_decile': 0.0, 'test_acc_top_decile': 0.96, 'test_acc_min': 0.0, 'test_acc_max': 0.96, 'test_acc_bottom10%': 0.0, 'test_acc_top10%': 0.96, 'test_acc_cos1': 0.831855, 'test_acc_entropy': 1.958324, 'test_avg_loss_std': 1.185463, 'test_avg_loss_bottom_decile': 0.740062, 'test_avg_loss_top_decile': 3.901262, 'test_avg_loss_min': 0.734407, 'test_avg_loss_max': 3.901262, 'test_avg_loss_bottom10%': 0.734407, 'test_avg_loss_top10%': 3.901262, 'test_avg_loss_cos1': 0.911181, 'test_avg_loss_entropy': 2.18069, 'test_f1_std': 0.223146, 'test_f1_bottom_decile': 0.0, 'test_f1_top_decile': 0.702381, 'test_f1_min': 0.0, 'test_f1_max': 0.702381, 'test_f1_bottom10%': 0.0, 'test_f1_top10%': 0.702381, 'test_f1_cos1': 0.812646, 'test_f1_entropy': 1.944431}}[0m
[38;5;39m2023-02-25 00:24:21,343 (monitor:541) INFO: {'Role': 'Server #', 'Round': 8, 'Results_model_metric': {}}[0m
[38;5;39m2023-02-25 00:24:21,374 (server:330) INFO: Server: Starting evaluation at the end of round 8.[0m
[38;5;39m2023-02-25 00:24:21,375 (server:336) INFO: ----------- Starting a new training round (Round #9) -------------[0m
[33;20m2023-02-25 00:24:21,824 (context:294) WARNING: No val_data or val_loader in the trainer, will skip evaluation.If this is not the case you want, please check whether there is typo for the name[0m
[33;20m2023-02-25 00:24:21,875 (context:294) WARNING: No val_data or val_loader in the trainer, will skip evaluation.If this is not the case you want, please check whether there is typo for the name[0m
[33;20m2023-02-25 00:24:21,974 (context:294) WARNING: No val_data or val_loader in the trainer, will skip evaluation.If this is not the case you want, please check whether there is typo for the name[0m
[33;20m2023-02-25 00:24:22,297 (context:294) WARNING: No val_data or val_loader in the trainer, will skip evaluation.If this is not the case you want, please check whether there is typo for the name[0m
[33;20m2023-02-25 00:24:22,446 (context:294) WARNING: No val_data or val_loader in the trainer, will skip evaluation.If this is not the case you want, please check whether there is typo for the name[0m
[33;20m2023-02-25 00:24:22,751 (context:294) WARNING: No val_data or val_loader in the trainer, will skip evaluation.If this is not the case you want, please check whether there is typo for the name[0m
[33;20m2023-02-25 00:24:23,133 (context:294) WARNING: No val_data or val_loader in the trainer, will skip evaluation.If this is not the case you want, please check whether there is typo for the name[0m
[33;20m2023-02-25 00:24:23,155 (context:294) WARNING: No val_data or val_loader in the trainer, will skip evaluation.If this is not the case you want, please check whether there is typo for the name[0m
[33;20m2023-02-25 00:24:23,409 (context:294) WARNING: No val_data or val_loader in the trainer, will skip evaluation.If this is not the case you want, please check whether there is typo for the name[0m
[33;20m2023-02-25 00:24:23,704 (context:294) WARNING: No val_data or val_loader in the trainer, will skip evaluation.If this is not the case you want, please check whether there is typo for the name[0m
[38;5;39m2023-02-25 00:24:25,677 (client:306) INFO: {'Role': 'Client #5', 'Round': 9, 'Results_raw': {'train_loss': 83.395488, 'train_total': 165, 'train_acc': 0.775758, 'train_correct': 128.0, 'train_avg_loss': 0.505427, 'train_f1': 0.518441}}[0m
[38;5;39m2023-02-25 00:24:27,115 (client:306) INFO: {'Role': 'Client #4', 'Round': 9, 'Results_raw': {'train_loss': 26.777655, 'train_total': 98, 'train_acc': 0.887755, 'train_correct': 87.0, 'train_avg_loss': 0.273241, 'train_f1': 0.47027}}[0m
[38;5;39m2023-02-25 00:24:27,273 (client:306) INFO: {'Role': 'Client #6', 'Round': 9, 'Results_raw': {'train_loss': 4.853163, 'train_total': 9, 'train_acc': 0.777778, 'train_correct': 7.0, 'train_avg_loss': 0.53924, 'train_f1': 0.4375}}[0m
[38;5;39m2023-02-25 00:24:28,857 (client:306) INFO: {'Role': 'Client #10', 'Round': 9, 'Results_raw': {'train_loss': 49.682869, 'train_total': 148, 'train_acc': 0.858108, 'train_correct': 127.0, 'train_avg_loss': 0.335695, 'train_f1': 0.547195}}[0m
[38;5;39m2023-02-25 00:24:29,239 (client:306) INFO: {'Role': 'Client #2', 'Round': 9, 'Results_raw': {'train_loss': 31.363201, 'train_total': 31, 'train_acc': 0.580645, 'train_correct': 18.0, 'train_avg_loss': 1.011716, 'train_f1': 0.326493}}[0m
[38;5;39m2023-02-25 00:24:29,241 (server:590) INFO: {'Role': 'Server #', 'Round': 8, 'Results_weighted_avg': {'test_loss': 84.836679, 'test_total': 22.0, 'test_acc': 0.577273, 'test_correct': 12.7, 'test_avg_loss': 2.630033, 'test_f1': 0.354949}, 'Results_avg': {'test_loss': 57.860723, 'test_total': 22.0, 'test_acc': 0.486186, 'test_correct': 12.7, 'test_avg_loss': 2.493383, 'test_f1': 0.313543}, 'Results_fairness': {'test_total': 22.0, 'test_correct': 12.7, 'test_loss_std': 51.357836, 'test_loss_bottom_decile': 11.733338, 'test_loss_top_decile': 168.309283, 'test_loss_min': 1.584445, 'test_loss_max': 168.309283, 'test_loss_bottom10%': 1.584445, 'test_loss_top10%': 168.309283, 'test_loss_cos1': 0.747884, 'test_loss_entropy': 1.919316, 'test_acc_std': 0.376282, 'test_acc_bottom_decile': 0.0, 'test_acc_top_decile': 1.0, 'test_acc_min': 0.0, 'test_acc_max': 1.0, 'test_acc_bottom10%': 0.0, 'test_acc_top10%': 1.0, 'test_acc_cos1': 0.790818, 'test_acc_entropy': 1.898854, 'test_avg_loss_std': 1.05798, 'test_avg_loss_bottom_decile': 1.231672, 'test_avg_loss_top_decile': 3.923376, 'test_avg_loss_min': 1.055439, 'test_avg_loss_max': 3.923376, 'test_avg_loss_bottom10%': 1.055439, 'test_avg_loss_top10%': 3.923376, 'test_avg_loss_cos1': 0.920558, 'test_avg_loss_entropy': 2.207813, 'test_f1_std': 0.282366, 'test_f1_bottom_decile': 0.0, 'test_f1_top_decile': 1.0, 'test_f1_min': 0.0, 'test_f1_max': 1.0, 'test_f1_bottom10%': 0.0, 'test_f1_top10%': 1.0, 'test_f1_cos1': 0.743085, 'test_f1_entropy': 1.860985}}[0m
[38;5;39m2023-02-25 00:24:29,244 (monitor:541) INFO: {'Role': 'Server #', 'Round': 9, 'Results_model_metric': {}}[0m
[38;5;39m2023-02-25 00:24:29,270 (server:347) INFO: Server: Training is finished! Starting evaluation.[0m
[33;20m2023-02-25 00:24:29,756 (context:294) WARNING: No val_data or val_loader in the trainer, will skip evaluation.If this is not the case you want, please check whether there is typo for the name[0m
[33;20m2023-02-25 00:24:29,820 (context:294) WARNING: No val_data or val_loader in the trainer, will skip evaluation.If this is not the case you want, please check whether there is typo for the name[0m
[33;20m2023-02-25 00:24:29,876 (context:294) WARNING: No val_data or val_loader in the trainer, will skip evaluation.If this is not the case you want, please check whether there is typo for the name[0m
[33;20m2023-02-25 00:24:30,174 (context:294) WARNING: No val_data or val_loader in the trainer, will skip evaluation.If this is not the case you want, please check whether there is typo for the name[0m
[33;20m2023-02-25 00:24:30,390 (context:294) WARNING: No val_data or val_loader in the trainer, will skip evaluation.If this is not the case you want, please check whether there is typo for the name[0m
[33;20m2023-02-25 00:24:30,650 (context:294) WARNING: No val_data or val_loader in the trainer, will skip evaluation.If this is not the case you want, please check whether there is typo for the name[0m
[33;20m2023-02-25 00:24:31,125 (context:294) WARNING: No val_data or val_loader in the trainer, will skip evaluation.If this is not the case you want, please check whether there is typo for the name[0m
[33;20m2023-02-25 00:24:31,171 (context:294) WARNING: No val_data or val_loader in the trainer, will skip evaluation.If this is not the case you want, please check whether there is typo for the name[0m
[33;20m2023-02-25 00:24:31,542 (context:294) WARNING: No val_data or val_loader in the trainer, will skip evaluation.If this is not the case you want, please check whether there is typo for the name[0m
[33;20m2023-02-25 00:24:31,781 (context:294) WARNING: No val_data or val_loader in the trainer, will skip evaluation.If this is not the case you want, please check whether there is typo for the name[0m
[38;5;39m2023-02-25 00:24:31,784 (server:590) INFO: {'Role': 'Server #', 'Round': 9, 'Results_weighted_avg': {'test_loss': 76.622723, 'test_total': 22.0, 'test_acc': 0.686364, 'test_correct': 15.1, 'test_avg_loss': 2.349814, 'test_f1': 0.436228}, 'Results_avg': {'test_loss': 51.6959, 'test_total': 22.0, 'test_acc': 0.56809, 'test_correct': 15.1, 'test_avg_loss': 2.349485, 'test_f1': 0.371326}, 'Results_fairness': {'test_total': 22.0, 'test_correct': 15.1, 'test_loss_std': 53.492198, 'test_loss_bottom_decile': 11.559954, 'test_loss_top_decile': 168.96745, 'test_loss_min': 2.409124, 'test_loss_max': 168.96745, 'test_loss_bottom10%': 2.409124, 'test_loss_top10%': 168.96745, 'test_loss_cos1': 0.69493, 'test_loss_entropy': 1.807004, 'test_acc_std': 0.378276, 'test_acc_bottom_decile': 0.0, 'test_acc_top_decile': 1.0, 'test_acc_min': 0.0, 'test_acc_max': 1.0, 'test_acc_bottom10%': 0.0, 'test_acc_top10%': 1.0, 'test_acc_cos1': 0.832355, 'test_acc_entropy': 1.958601, 'test_avg_loss_std': 1.269826, 'test_avg_loss_bottom_decile': 0.555895, 'test_avg_loss_top_decile': 3.822065, 'test_avg_loss_min': 0.500562, 'test_avg_loss_max': 3.822065, 'test_avg_loss_bottom10%': 0.500562, 'test_avg_loss_top10%': 3.822065, 'test_avg_loss_cos1': 0.879732, 'test_avg_loss_entropy': 2.127172, 'test_f1_std': 0.309449, 'test_f1_bottom_decile': 0.0, 'test_f1_top_decile': 1.0, 'test_f1_min': 0.0, 'test_f1_max': 1.0, 'test_f1_bottom10%': 0.0, 'test_f1_top10%': 1.0, 'test_f1_cos1': 0.76821, 'test_f1_entropy': 1.884675}}[0m
[38;5;39m2023-02-25 00:24:31,786 (server:395) INFO: Server: Final evaluation is finished! Starting merging results.[0m
[38;5;39m2023-02-25 00:24:31,786 (server:521) INFO: {'Role': 'Server #', 'Round': 'Final', 'Results_raw': {'client_best_individual': {'test_loss': 1.584445, 'test_total': 1.0, 'test_acc': 1.0, 'test_correct': 42.0, 'test_avg_loss': 1.055439, 'test_f1': 1.0}, 'client_summarized_weighted_avg': {'test_loss': 76.622723, 'test_total': 22.0, 'test_acc': 0.686364, 'test_correct': 15.1, 'test_avg_loss': 2.349814, 'test_f1': 0.436228}, 'client_summarized_avg': {'test_loss': 51.6959, 'test_total': 22.0, 'test_acc': 0.56809, 'test_correct': 15.1, 'test_avg_loss': 2.349485, 'test_f1': 0.371326}, 'client_summarized_fairness': {'test_loss_entropy': 1.807004, 'test_loss_cos1': 0.69493, 'test_loss_top10%': 168.96745, 'test_loss_bottom10%': 2.409124, 'test_loss_max': 168.96745, 'test_loss_min': 2.409124, 'test_loss_top_decile': 168.96745, 'test_loss_bottom_decile': 11.559954, 'test_loss_std': 53.492198, 'test_total': 22.0, 'test_correct': 15.1, 'test_acc_std': 0.378276, 'test_acc_bottom_decile': 0.0, 'test_acc_top_decile': 1.0, 'test_acc_min': 0.0, 'test_acc_max': 1.0, 'test_acc_bottom10%': 0.0, 'test_acc_top10%': 1.0, 'test_acc_cos1': 0.832355, 'test_acc_entropy': 1.958601, 'test_avg_loss_std': 1.269826, 'test_avg_loss_bottom_decile': 0.555895, 'test_avg_loss_top_decile': 3.822065, 'test_avg_loss_min': 0.500562, 'test_avg_loss_max': 3.822065, 'test_avg_loss_bottom10%': 0.500562, 'test_avg_loss_top10%': 3.822065, 'test_avg_loss_cos1': 0.879732, 'test_avg_loss_entropy': 2.127172, 'test_f1_std': 0.309449, 'test_f1_bottom_decile': 0.0, 'test_f1_top_decile': 1.0, 'test_f1_min': 0.0, 'test_f1_max': 1.0, 'test_f1_bottom10%': 0.0, 'test_f1_top10%': 1.0, 'test_f1_cos1': 0.76821, 'test_f1_entropy': 1.884675}}}[0m
[38;5;39m2023-02-25 00:24:31,787 (server:540) INFO: {'Role': 'Client #1', 'Round': 10, 'Results_raw': {'test_loss': 168.96745, 'test_total': 46, 'test_acc': 0.913043, 'test_correct': 42.0, 'test_avg_loss': 3.673205, 'test_f1': 0.318182}}[0m
[38;5;39m2023-02-25 00:24:31,788 (server:540) INFO: {'Role': 'Client #7', 'Round': 10, 'Results_raw': {'test_loss': 20.444334, 'test_total': 6, 'test_acc': 0.833333, 'test_correct': 5.0, 'test_avg_loss': 3.407389, 'test_f1': 0.454545}}[0m
[38;5;39m2023-02-25 00:24:31,788 (server:540) INFO: {'Role': 'Client #8', 'Round': 10, 'Results_raw': {'test_loss': 23.295132, 'test_total': 35, 'test_acc': 0.771429, 'test_correct': 27.0, 'test_avg_loss': 0.665575, 'test_f1': 0.755245}}[0m
[38;5;39m2023-02-25 00:24:31,788 (server:540) INFO: {'Role': 'Client #4', 'Round': 10, 'Results_raw': {'test_loss': 12.514041, 'test_total': 25, 'test_acc': 1.0, 'test_correct': 25.0, 'test_avg_loss': 0.500562, 'test_f1': 1.0}}[0m
[38;5;39m2023-02-25 00:24:31,788 (server:540) INFO: {'Role': 'Client #2', 'Round': 10, 'Results_raw': {'test_loss': 78.945606, 'test_total': 31, 'test_acc': 0.806452, 'test_correct': 25.0, 'test_avg_loss': 2.546632, 'test_f1': 0.308642}}[0m
[38;5;39m2023-02-25 00:24:31,789 (server:540) INFO: {'Role': 'Client #6', 'Round': 10, 'Results_raw': {'test_loss': 122.306095, 'test_total': 32, 'test_acc': 0.03125, 'test_correct': 1.0, 'test_avg_loss': 3.822065, 'test_f1': 0.030303}}[0m
[38;5;39m2023-02-25 00:24:31,789 (server:540) INFO: {'Role': 'Client #5', 'Round': 10, 'Results_raw': {'test_loss': 2.409124, 'test_total': 1, 'test_acc': 0.0, 'test_correct': 0.0, 'test_avg_loss': 2.409124, 'test_f1': 0.0}}[0m
[38;5;39m2023-02-25 00:24:31,789 (server:540) INFO: {'Role': 'Client #9', 'Round': 10, 'Results_raw': {'test_loss': 64.843465, 'test_total': 18, 'test_acc': 0.611111, 'test_correct': 11.0, 'test_avg_loss': 3.602415, 'test_f1': 0.37931}}[0m
[38;5;39m2023-02-25 00:24:31,790 (server:540) INFO: {'Role': 'Client #3', 'Round': 10, 'Results_raw': {'test_loss': 11.559954, 'test_total': 5, 'test_acc': 0.0, 'test_correct': 0.0, 'test_avg_loss': 2.311991, 'test_f1': 0.0}}[0m
[38;5;39m2023-02-25 00:24:31,790 (server:540) INFO: {'Role': 'Client #10', 'Round': 10, 'Results_raw': {'test_loss': 11.673798, 'test_total': 21, 'test_acc': 0.714286, 'test_correct': 15.0, 'test_avg_loss': 0.555895, 'test_f1': 0.467033}}[0m
[38;5;39m2023-02-25 00:24:31,791 (monitor:172) INFO: In worker #0, the system-related metrics are: {'id': 0, 'fl_end_time_minutes': 1.460151, 'total_model_size': 0, 'total_flops': 0, 'total_upload_bytes': 1866000, 'total_download_bytes': 295640, 'global_convergence_round': 0, 'local_convergence_round': 0, 'global_convergence_time_minutes': 0, 'local_convergence_time_minutes': 0}[0m
[38;5;39m2023-02-25 00:24:31,792 (client:513) INFO: ================= client 1 received finish message =================[0m
[38;5;39m2023-02-25 00:24:31,795 (monitor:172) INFO: In worker #1, the system-related metrics are: {'id': 1, 'fl_end_time_minutes': 1.45778, 'total_model_size': 3260030, 'total_flops': 5574203712.0, 'total_upload_bytes': 21480, 'total_download_bytes': 161720, 'global_convergence_round': 0, 'local_convergence_round': 0, 'global_convergence_time_minutes': 0, 'local_convergence_time_minutes': 0}[0m
[38;5;39m2023-02-25 00:24:31,796 (client:513) INFO: ================= client 3 received finish message =================[0m
[38;5;39m2023-02-25 00:24:31,799 (monitor:172) INFO: In worker #3, the system-related metrics are: {'id': 3, 'fl_end_time_minutes': 1.454197, 'total_model_size': 3260030, 'total_flops': 295963673280.0, 'total_upload_bytes': 29656, 'total_download_bytes': 186600, 'global_convergence_round': 0, 'local_convergence_round': 0, 'global_convergence_time_minutes': 0, 'local_convergence_time_minutes': 0}[0m
[38;5;39m2023-02-25 00:24:31,799 (client:513) INFO: ================= client 7 received finish message =================[0m
[38;5;39m2023-02-25 00:24:31,802 (monitor:172) INFO: In worker #7, the system-related metrics are: {'id': 7, 'fl_end_time_minutes': 1.444427, 'total_model_size': 3260030, 'total_flops': 25482074112.0, 'total_upload_bytes': 33744, 'total_download_bytes': 199040, 'global_convergence_round': 0, 'local_convergence_round': 0, 'global_convergence_time_minutes': 0, 'local_convergence_time_minutes': 0}[0m
[38;5;39m2023-02-25 00:24:31,803 (client:513) INFO: ================= client 10 received finish message =================[0m
[38;5;39m2023-02-25 00:24:31,806 (monitor:172) INFO: In worker #10, the system-related metrics are: {'id': 10, 'fl_end_time_minutes': 1.435072, 'total_model_size': 3260030, 'total_flops': 235709185536.0, 'total_upload_bytes': 33744, 'total_download_bytes': 199040, 'global_convergence_round': 0, 'local_convergence_round': 0, 'global_convergence_time_minutes': 0, 'local_convergence_time_minutes': 0}[0m
[38;5;39m2023-02-25 00:24:31,806 (client:513) INFO: ================= client 9 received finish message =================[0m
[38;5;39m2023-02-25 00:24:31,809 (monitor:172) INFO: In worker #9, the system-related metrics are: {'id': 9, 'fl_end_time_minutes': 1.438717, 'total_model_size': 3260030, 'total_flops': 7963148160.0, 'total_upload_bytes': 29656, 'total_download_bytes': 186600, 'global_convergence_round': 0, 'local_convergence_round': 0, 'global_convergence_time_minutes': 0, 'local_convergence_time_minutes': 0}[0m
[38;5;39m2023-02-25 00:24:31,810 (client:513) INFO: ================= client 6 received finish message =================[0m
[38;5;39m2023-02-25 00:24:31,813 (monitor:172) INFO: In worker #6, the system-related metrics are: {'id': 6, 'fl_end_time_minutes': 1.445994, 'total_model_size': 3260030, 'total_flops': 4777888896.0, 'total_upload_bytes': 17392, 'total_download_bytes': 149280, 'global_convergence_round': 0, 'local_convergence_round': 0, 'global_convergence_time_minutes': 0, 'local_convergence_time_minutes': 0}[0m
[38;5;39m2023-02-25 00:24:31,813 (client:513) INFO: ================= client 8 received finish message =================[0m
[38;5;39m2023-02-25 00:24:31,816 (monitor:172) INFO: In worker #8, the system-related metrics are: {'id': 8, 'fl_end_time_minutes': 1.441785, 'total_model_size': 3260030, 'total_flops': 230931296640.0, 'total_upload_bytes': 29656, 'total_download_bytes': 186600, 'global_convergence_round': 0, 'local_convergence_round': 0, 'global_convergence_time_minutes': 0, 'local_convergence_time_minutes': 0}[0m
[38;5;39m2023-02-25 00:24:31,816 (client:513) INFO: ================= client 5 received finish message =================[0m
[38;5;39m2023-02-25 00:24:31,819 (monitor:172) INFO: In worker #5, the system-related metrics are: {'id': 5, 'fl_end_time_minutes': 1.449047, 'total_model_size': 3260030, 'total_flops': 306581204160.0, 'total_upload_bytes': 37832, 'total_download_bytes': 211480, 'global_convergence_round': 0, 'local_convergence_round': 0, 'global_convergence_time_minutes': 0, 'local_convergence_time_minutes': 0}[0m
[38;5;39m2023-02-25 00:24:31,820 (client:513) INFO: ================= client 2 received finish message =================[0m
[38;5;39m2023-02-25 00:24:31,822 (monitor:172) INFO: In worker #2, the system-related metrics are: {'id': 2, 'fl_end_time_minutes': 1.455648, 'total_model_size': 3260030, 'total_flops': 57600105024.0, 'total_upload_bytes': 37832, 'total_download_bytes': 211480, 'global_convergence_round': 0, 'local_convergence_round': 0, 'global_convergence_time_minutes': 0, 'local_convergence_time_minutes': 0}[0m
[38;5;39m2023-02-25 00:24:31,823 (client:513) INFO: ================= client 4 received finish message =================[0m
[38;5;39m2023-02-25 00:24:31,828 (monitor:172) INFO: In worker #4, the system-related metrics are: {'id': 4, 'fl_end_time_minutes': 1.45014, 'total_model_size': 3260030, 'total_flops': 104051802624.0, 'total_upload_bytes': 25568, 'total_download_bytes': 174160, 'global_convergence_round': 0, 'local_convergence_round': 0, 'global_convergence_time_minutes': 0, 'local_convergence_time_minutes': 0}[0m
[38;5;39m2023-02-25 00:24:31,828 (monitor:337) INFO: We will compress the file eval_results.raw into a .gz file, and delete the old one[0m
[38;5;39m2023-02-25 00:24:31,833 (monitor:245) INFO: After merging the system metrics from all works, we got avg: defaultdict(None, {'id': 'sys_avg', 'sys_avg/fl_end_time_minutes': 1.448451, 'sys_avg/total_model_size': '2.83M', 'sys_avg/total_flops': '107.92G', 'sys_avg/total_upload_bytes': '191.99K', 'sys_avg/total_download_bytes': '191.91K', 'sys_avg/global_convergence_round': 0.0, 'sys_avg/local_convergence_round': 0.0, 'sys_avg/global_convergence_time_minutes': 0.0, 'sys_avg/local_convergence_time_minutes': 0.0})[0m
[38;5;39m2023-02-25 00:24:31,833 (monitor:248) INFO: After merging the system metrics from all works, we got std: defaultdict(None, {'id': 'sys_std', 'sys_std/fl_end_time_minutes': 0.007701, 'sys_std/total_model_size': '915.23K', 'sys_std/total_flops': '111.51G', 'sys_std/total_upload_bytes': '515.57K', 'sys_std/total_download_bytes': '35.48K', 'sys_std/global_convergence_round': 0.0, 'sys_std/local_convergence_round': 0.0, 'sys_std/global_convergence_time_minutes': 0.0, 'sys_std/local_convergence_time_minutes': 0.0})[0m
None
220
<generator object BaseDataTranslator.split_to_client.<locals>.<genexpr> at 0x7fa13f265270>
