 is at 192.168.0.1[0m
[38;5;39m2023-02-24 20:45:52,300 (logging:126) INFO: the current dir is /home/ubuntu/medscale[0m
[38;5;39m2023-02-24 20:45:52,300 (logging:127) INFO: the output dir is exp/FedAvg_convnet5_on_lung100_lr0.01_lstep1/sub_exp_20230224204552[0m
[33;20m2023-02-24 20:46:03,429 (cfg_data:145) WARNING: config `cfg.data.batch_size` will be removed in the future, use `cfg.dataloader.batch_size` instead.[0m
[33;20m2023-02-24 20:46:03,429 (cfg_data:145) WARNING: config `cfg.data.batch_size` will be removed in the future, use `cfg.dataloader.batch_size` instead.[0m
[38;5;39m2023-02-24 20:46:03,453 (config:243) INFO: the used configs are: 
aggregator:
  inside_weight: 1.0
  num_agg_groups: 1
  num_agg_topk: []
  outside_weight: 0.0
asyn:
  use: False
attack:
  alpha_TV: 0.001
  alpha_prop_loss: 0
  attack_method: 
  attacker_id: -1
  classifier_PIA: randomforest
  edge_num: 100
  edge_path: edge_data/
  freq: 10
  info_diff_type: l2
  inject_round: 0
  insert_round: 100000
  label_type: dirty
  max_ite: 400
  mean: [0.1307]
  mia_is_simulate_in: False
  mia_simulate_in_round: 20
  pgd_eps: 2
  pgd_lr: 0.1
  pgd_poisoning: False
  poison_ratio: 0.5
  reconstruct_lr: 0.01
  reconstruct_optim: Adam
  scale_para: 1.0
  scale_poisoning: False
  self_epoch: 6
  self_lr: 0.05
  self_opt: False
  setting: fix
  std: [0.3081]
  target_label_ind: -1
  trigger_path: trigger/
  trigger_type: edge
backend: torch
cfg_file: 
check_completeness: False
criterion:
  type: CrossEntropyLoss
data:
  args: []
  batch_size: 16
  cSBM_phi: [0.5, 0.5, 0.5]
  cache_dir: 
  consistent_label_distribution: False
  drop_last: False
  hetero_data_name: []
  hetero_synth_batch_size: 32
  hetero_synth_feat_dim: 128
  hetero_synth_prim_weight: 0.5
  is_debug: False
  loader: 
  max_query_len: 128
  max_seq_len: 384
  max_tgt_len: 128
  num_contrast: 0
  num_of_client_for_data: []
  num_steps: 30
  num_workers: 0
  pre_transform: []
  quadratic:
    dim: 1
    max_curv: 12.5
    min_curv: 0.02
  root: data/
  save_data: False
  server_holds_all: False
  shuffle: True
  sizes: [10, 5]
  splits: [0.8, 0, 0.2]
  splitter: lda
  splitter_args: [{'alpha': 0.2}]
  subsample: 1.0
  target_transform: []
  test_pre_transform: []
  test_target_transform: []
  test_transform: []
  transform: []
  trunc_stride: 128
  type: lung100
  val_pre_transform: []
  val_target_transform: []
  val_transform: []
  walk_length: 2
dataloader:
  batch_size: 16
  drop_last: False
  num_steps: 30
  num_workers: 0
  pin_memory: False
  shuffle: True
  sizes: [10, 5]
  theta: -1
  type: base
  walk_length: 2
device: 0
distribute:
  use: False
early_stop:
  delta: 0.0
  improve_indicator_mode: best
  patience: 5
eval:
  best_res_update_round_wise_key: test_loss
  count_flops: True
  freq: 1
  metrics: ['acc', 'correct', 'f1']
  monitoring: []
  report: ['weighted_avg', 'avg', 'fairness', 'raw']
  split: ['test', 'val']
expname: FedAvg_convnet5_on_lung100_lr0.01_lstep1
expname_tag: 
feat_engr:
  num_bins: 5
  scenario: hfl
  secure:
    dp:
      
    encrypt:
      type: dummy
    key_size: 3072
    type: encrypt
  selec_threshold: 0.05
  selec_woe_binning: quantile
  type: 
federate:
  atc_load_from: 
  atc_vanilla: False
  client_num: 10
  data_weighted_aggr: False
  ignore_weight: False
  join_in_info: []
  make_global_eval: False
  merge_test_data: False
  method: FedAvg
  mode: standalone
  online_aggr: False
  resource_info_file: 
  restore_from: 
  sample_client_num: 10
  sample_client_rate: -1.0
  sampler: uniform
  save_to: 
  share_local_model: False
  total_round_num: 10
  unseen_clients_rate: 0.0
  use_diff: False
  use_ss: False
fedopt:
  use: False
fedprox:
  use: False
fedsageplus:
  a: 1.0
  b: 1.0
  c: 1.0
  fedgen_epoch: 200
  gen_hidden: 128
  hide_portion: 0.5
  loc_epoch: 1
  num_pred: 5
finetune:
  batch_or_epoch: epoch
  before_eval: False
  freeze_param: 
  local_update_steps: 1
  optimizer:
    lr: 0.1
    type: SGD
  scheduler:
    type: 
    warmup_ratio: 0.0
flitplus:
  factor_ema: 0.8
  lambdavat: 0.5
  tmpFed: 0.5
  weightReg: 1.0
gcflplus:
  EPS_1: 0.05
  EPS_2: 0.1
  seq_length: 5
  standardize: False
grad:
  grad_accum_count: 1
  grad_clip: 5.0
hpo:
  fedex:
    cutoff: 0.0
    diff: False
    eta0: -1.0
    flatten_ss: True
    gamma: 0.0
    pi_lr: 0.01
    psn: False
    sched: auto
    ss: 
    use: False
  init_cand_num: 16
  larger_better: False
  metric: client_summarized_weighted_avg.val_loss
  num_workers: 0
  pbt:
    max_stage: 5
    perf_threshold: 0.1
  scheduler: rs
  sha:
    budgets: []
    elim_rate: 3
    iter: 0
  ss: 
  table:
    eps: 0.1
    idx: 0
    num: 27
  working_folder: hpo
model:
  contrast_temp: 1.0
  contrast_topk: 100
  downstream_tasks: []
  dropout: 0.0
  embed_size: 8
  gamma: 0
  graph_pooling: mean
  hidden: 2048
  in_channels: 0
  input_shape: ()
  label_smoothing: 0.1
  lambda_: 0.1
  layer: 2
  length_penalty: 2.0
  max_answer_len: 30
  max_length: 200
  max_tree_depth: 3
  min_length: 1
  model_num_per_trainer: 1
  model_type: google/bert_uncased_L-2_H-128_A-2
  n_best_size: 20
  no_repeat_ngram_size: 3
  null_score_diff_threshold: 0.0
  num_beams: 5
  num_item: 0
  num_labels: 1
  num_of_trees: 10
  num_user: 0
  out_channels: 62
  pretrain_tasks: []
  stage: 
  task: node
  type: convnet5
  use_bias: True
  use_contrastive_loss: False
nbafl:
  use: False
outdir: exp/FedAvg_convnet5_on_lung100_lr0.01_lstep1/sub_exp_20230224204552
personalization:
  K: 5
  beta: 1.0
  local_param: ['bn', 'norms']
  local_update_steps: 1
  lr: 0.01
  regular_weight: 0.1
  share_non_trainable_para: False
print_decimal_digits: 6
regularizer:
  mu: 0.0
  type: 
seed: 2
sgdmf:
  use: False
train:
  batch_or_epoch: epoch
  local_update_steps: 1
  optimizer:
    lr: 0.01
    type: SGD
    weight_decay: 0.0
  scheduler:
    type: 
    warmup_ratio: 0.0
trainer:
  disp_freq: 50
  local_entropy:
    alpha: 0.75
    eps: 0.001
    gamma: 0.0001
  sam:
    adaptive: False
    eta: 0.0
    rho: 1.0
  type: cvtrainer
  val_freq: 100000000
use_gpu: True
verbose: 1
vertical:
  use: False
wandb:
  use: False[0m
[38;5;39m2023-02-24 20:46:03,613 (utils:144) INFO: The device information file is not provided[0m
[38;5;39m2023-02-24 20:46:03,940 (fed_runner:169) INFO: Server has been set up ... [0m
[38;5;39m2023-02-24 20:46:04,173 (fed_runner:221) INFO: Client 1 has been set up ... [0m
[38;5;39m2023-02-24 20:46:04,404 (fed_runner:221) INFO: Client 2 has been set up ... [0m
[38;5;39m2023-02-24 20:46:04,657 (fed_runner:221) INFO: Client 3 has been set up ... [0m
[38;5;39m2023-02-24 20:46:04,838 (fed_runner:221) INFO: Client 4 has been set up ... [0m
[38;5;39m2023-02-24 20:46:04,941 (fed_runner:221) INFO: Client 5 has been set up ... [0m
[38;5;39m2023-02-24 20:46:05,130 (fed_runner:221) INFO: Client 6 has been set up ... [0m
[38;5;39m2023-02-24 20:46:05,268 (fed_runner:221) INFO: Client 7 has been set up ... [0m
[38;5;39m2023-02-24 20:46:05,346 (fed_runner:221) INFO: Client 8 has been set up ... [0m
[38;5;39m2023-02-24 20:46:05,547 (fed_runner:221) INFO: Client 9 has been set up ... [0m
[38;5;39m2023-02-24 20:46:05,715 (fed_runner:221) INFO: Client 10 has been set up ... [0m
<<<<<<< HEAD
[38;5;39m2023-02-24 20:46:05,715 (trainer:341) INFO: Model meta-info: <class 'medscale.cv.model.cnn.ConvNet5'>.[0m
=======
<<<<<<< HEAD
[38;5;39m2023-02-24 20:46:05,715 (trainer:341) INFO: Model meta-info: <class 'medscale.cv.model.cnn.ConvNet5'>.[0m
=======
[38;5;39m2023-02-24 20:46:05,715 (trainer:341) INFO: Model meta-info: <class 'medscale.cv.model.cnn.ConvNet5'>.[0m
>>>>>>> fe4962455354c9c11afd9c9806ceda28eb280737
>>>>>>> 64b283ee525ef53c32509882719e74890329b83f
[38;5;39m2023-02-24 20:46:05,716 (trainer:349) INFO: Num of original para names: 39.[0m
[38;5;39m2023-02-24 20:46:05,716 (trainer:350) INFO: Num of original trainable para names: 24.[0m
[38;5;39m2023-02-24 20:46:05,716 (trainer:352) INFO: Num of preserved para names in local update: 14. 
Preserved para names in local update: {'fc2.weight', 'fc2.bias', 'conv1.bias', 'conv3.weight', 'fc1.bias', 'conv1.weight', 'conv2.bias', 'conv4.bias', 'conv3.bias', 'conv5.weight', 'conv5.bias', 'conv4.weight', 'fc1.weight', 'conv2.weight'}.[0m
[38;5;39m2023-02-24 20:46:05,716 (trainer:356) INFO: Num of filtered para names in local update: 25. 
Filtered para names in local update: {'bn4.running_mean', 'bn4.weight', 'bn5.running_mean', 'bn4.bias', 'bn5.weight', 'bn3.running_mean', 'bn3.num_batches_tracked', 'bn1.running_mean', 'bn5.running_var', 'bn1.num_batches_tracked', 'bn3.bias', 'bn1.running_var', 'bn1.weight', 'bn1.bias', 'bn4.num_batches_tracked', 'bn4.running_var', 'bn2.num_batches_tracked', 'bn2.weight', 'bn2.bias', 'bn3.weight', 'bn2.running_mean', 'bn2.running_var', 'bn5.num_batches_tracked', 'bn3.running_var', 'bn5.bias'}.[0m
[38;5;39m2023-02-24 20:46:05,716 (trainer:361) INFO: After register default hooks,
	the hooks_in_train is:
	{
	  "on_fit_start": [
	    "_hook_on_fit_start_init",
	    "_hook_on_fit_start_calculate_model_size"
	  ],
	  "on_epoch_start": [
	    "_hook_on_epoch_start"
	  ],
	  "on_batch_start": [
	    "_hook_on_batch_start_init"
	  ],
	  "on_batch_forward": [
	    "_hook_on_batch_forward",
	    "_hook_on_batch_forward_regularizer",
	    "_hook_on_batch_forward_flop_count"
	  ],
	  "on_batch_backward": [
	    "_hook_on_batch_backward"
	  ],
	  "on_batch_end": [
	    "_hook_on_batch_end"
	  ],
	  "on_fit_end": [
	    "_hook_on_fit_end"
	  ]
	};
	the hooks_in_eval is:
            t{
	  "on_fit_start": [
	    "_hook_on_fit_start_init"
	  ],
	  "on_epoch_start": [
	    "_hook_on_epoch_start"
	  ],
	  "on_batch_start": [
	    "_hook_on_batch_start_init"
	  ],
	  "on_batch_forward": [
	    "_hook_on_batch_forward"
	  ],
	  "on_batch_end": [
	    "_hook_on_batch_end"
	  ],
	  "on_fit_end": [
	    "_hook_on_fit_end"
	  ]
	}[0m
[38;5;39m2023-02-24 20:46:05,742 (server:804) INFO: ----------- Starting training (Round #0) -------------[0m
Unsupported operator aten::max_pool2d encountered 5 time(s)
[38;5;39m2023-02-24 20:46:11,786 (client:306) INFO: {'Role': 'Client #5', 'Round': 0, 'Results_raw': {'train_avg_loss': 1.788263, 'train_loss': 244.991997, 'train_correct': 106.0, 'train_acc': 0.773723, 'train_f1': 0.147222, 'train_total': 137}}[0m
Unsupported operator aten::max_pool2d encountered 5 time(s)
[38;5;39m2023-02-24 20:46:14,745 (client:306) INFO: {'Role': 'Client #3', 'Round': 0, 'Results_raw': {'train_avg_loss': 0.662103, 'train_loss': 197.306775, 'train_correct': 279.0, 'train_acc': 0.936242, 'train_f1': 0.161179, 'train_total': 298}}[0m
Unsupported operator aten::max_pool2d encountered 5 time(s)
[38;5;39m2023-02-24 20:46:14,817 (client:306) INFO: {'Role': 'Client #10', 'Round': 0, 'Results_raw': {'train_avg_loss': 4.621044, 'train_loss': 13.863131, 'train_correct': 0.0, 'train_acc': 0.0, 'train_f1': 0.0, 'train_total': 3}}[0m
Unsupported operator aten::max_pool2d encountered 5 time(s)
[38;5;39m2023-02-24 20:46:15,599 (client:306) INFO: {'Role': 'Client #6', 'Round': 0, 'Results_raw': {'train_avg_loss': 2.643561, 'train_loss': 179.762158, 'train_correct': 49.0, 'train_acc': 0.720588, 'train_f1': 0.168966, 'train_total': 68}}[0m
Unsupported operator aten::max_pool2d encountered 5 time(s)
[38;5;39m2023-02-24 20:46:18,362 (client:306) INFO: {'Role': 'Client #2', 'Round': 0, 'Results_raw': {'train_avg_loss': 0.702724, 'train_loss': 203.78991, 'train_correct': 267.0, 'train_acc': 0.92069, 'train_f1': 0.191741, 'train_total': 290}}[0m
Unsupported operator aten::max_pool2d encountered 5 time(s)
[38;5;39m2023-02-24 20:46:18,574 (client:306) INFO: {'Role': 'Client #7', 'Round': 0, 'Results_raw': {'train_avg_loss': 4.324024, 'train_loss': 90.804507, 'train_correct': 5.0, 'train_acc': 0.238095, 'train_f1': 0.096154, 'train_total': 21}}[0m
Unsupported operator aten::max_pool2d encountered 5 time(s)
[38;5;39m2023-02-24 20:46:18,819 (client:306) INFO: {'Role': 'Client #8', 'Round': 0, 'Results_raw': {'train_avg_loss': 4.407584, 'train_loss': 88.151671, 'train_correct': 3.0, 'train_acc': 0.15, 'train_f1': 0.045455, 'train_total': 20}}[0m
Unsupported operator aten::max_pool2d encountered 5 time(s)
[38;5;39m2023-02-24 20:46:18,933 (client:306) INFO: {'Role': 'Client #1', 'Round': 0, 'Results_raw': {'train_avg_loss': 4.579827, 'train_loss': 32.058788, 'train_correct': 0.0, 'train_acc': 0.0, 'train_f1': 0.0, 'train_total': 7}}[0m
Unsupported operator aten::max_pool2d encountered 5 time(s)
[38;5;39m2023-02-24 20:46:19,297 (client:306) INFO: {'Role': 'Client #9', 'Round': 0, 'Results_raw': {'train_avg_loss': 4.120877, 'train_loss': 131.86805, 'train_correct': 13.0, 'train_acc': 0.40625, 'train_f1': 0.118182, 'train_total': 32}}[0m
Unsupported operator aten::max_pool2d encountered 5 time(s)
[38;5;39m2023-02-24 20:46:19,342 (client:306) INFO: {'Role': 'Client #4', 'Round': 0, 'Results_raw': {'train_avg_loss': 4.819202, 'train_loss': 4.819202, 'train_correct': 0.0, 'train_acc': 0.0, 'train_f1': 0.0, 'train_total': 1}}[0m
[38;5;39m2023-02-24 20:46:19,344 (monitor:541) INFO: {'Role': 'Server #', 'Round': 0, 'Results_model_metric': {}}[0m
[38;5;39m2023-02-24 20:46:19,372 (server:330) INFO: Server: Starting evaluation at the end of round 0.[0m
[38;5;39m2023-02-24 20:46:19,373 (server:336) INFO: ----------- Starting a new training round (Round #1) -------------[0m
[33;20m2023-02-24 20:46:19,485 (context:294) WARNING: No val_data or val_loader in the trainer, will skip evaluation.If this is not the case you want, please check whether there is typo for the name[0m
[33;20m2023-02-24 20:46:19,793 (context:294) WARNING: No val_data or val_loader in the trainer, will skip evaluation.If this is not the case you want, please check whether there is typo for the name[0m
[33;20m2023-02-24 20:46:19,853 (context:294) WARNING: No val_data or val_loader in the trainer, will skip evaluation.If this is not the case you want, please check whether there is typo for the name[0m
[33;20m2023-02-24 20:46:19,988 (context:294) WARNING: No val_data or val_loader in the trainer, will skip evaluation.If this is not the case you want, please check whether there is typo for the name[0m
[33;20m2023-02-24 20:46:20,306 (context:294) WARNING: No val_data or val_loader in the trainer, will skip evaluation.If this is not the case you want, please check whether there is typo for the name[0m
[33;20m2023-02-24 20:46:20,598 (context:294) WARNING: No val_data or val_loader in the trainer, will skip evaluation.If this is not the case you want, please check whether there is typo for the name[0m
[33;20m2023-02-24 20:46:20,651 (context:294) WARNING: No val_data or val_loader in the trainer, will skip evaluation.If this is not the case you want, please check whether there is typo for the name[0m
[33;20m2023-02-24 20:46:20,763 (context:294) WARNING: No val_data or val_loader in the trainer, will skip evaluation.If this is not the case you want, please check whether there is typo for the name[0m
[33;20m2023-02-24 20:46:20,911 (context:294) WARNING: No val_data or val_loader in the trainer, will skip evaluation.If this is not the case you want, please check whether there is typo for the name[0m
[33;20m2023-02-24 20:46:21,692 (context:294) WARNING: No val_data or val_loader in the trainer, will skip evaluation.If this is not the case you want, please check whether there is typo for the name[0m
[38;5;39m2023-02-24 20:46:21,972 (client:306) INFO: {'Role': 'Client #8', 'Round': 1, 'Results_raw': {'train_avg_loss': 0.960721, 'train_loss': 19.21442, 'train_correct': 18.0, 'train_acc': 0.9, 'train_f1': 0.315789, 'train_total': 20}}[0m
[38;5;39m2023-02-24 20:46:22,032 (client:306) INFO: {'Role': 'Client #4', 'Round': 1, 'Results_raw': {'train_avg_loss': 1.795323, 'train_loss': 1.795323, 'train_correct': 0.0, 'train_acc': 0.0, 'train_f1': 0.0, 'train_total': 1}}[0m
[38;5;39m2023-02-24 20:46:23,542 (client:306) INFO: {'Role': 'Client #5', 'Round': 1, 'Results_raw': {'train_avg_loss': 0.494597, 'train_loss': 67.759806, 'train_correct': 122.0, 'train_acc': 0.890511, 'train_f1': 0.529641, 'train_total': 137}}[0m
[38;5;39m2023-02-24 20:46:23,584 (client:306) INFO: {'Role': 'Client #10', 'Round': 1, 'Results_raw': {'train_avg_loss': 2.444957, 'train_loss': 7.334872, 'train_correct': 1.0, 'train_acc': 0.333333, 'train_f1': 0.166667, 'train_total': 3}}[0m
[38;5;39m2023-02-24 20:46:24,245 (client:306) INFO: {'Role': 'Client #6', 'Round': 1, 'Results_raw': {'train_avg_loss': 2.303408, 'train_loss': 156.631738, 'train_correct': 28.0, 'train_acc': 0.411765, 'train_f1': 0.328063, 'train_total': 68}}[0m
[38;5;39m2023-02-24 20:46:27,108 (client:306) INFO: {'Role': 'Client #3', 'Round': 1, 'Results_raw': {'train_avg_loss': 0.114403, 'train_loss': 34.092196, 'train_correct': 296.0, 'train_acc': 0.993289, 'train_f1': 0.498316, 'train_total': 298}}[0m
[38;5;39m2023-02-24 20:46:30,318 (client:306) INFO: {'Role': 'Client #2', 'Round': 1, 'Results_raw': {'train_avg_loss': 0.196171, 'train_loss': 56.889462, 'train_correct': 273.0, 'train_acc': 0.941379, 'train_f1': 0.323268, 'train_total': 290}}[0m
[38;5;39m2023-02-24 20:46:30,704 (client:306) INFO: {'Role': 'Client #9', 'Round': 1, 'Results_raw': {'train_avg_loss': 1.369901, 'train_loss': 43.83683, 'train_correct': 16.0, 'train_acc': 0.5, 'train_f1': 0.22695, 'train_total': 32}}[0m
[38;5;39m2023-02-24 20:46:30,781 (client:306) INFO: {'Role': 'Client #1', 'Round': 1, 'Results_raw': {'train_avg_loss': 4.666001, 'train_loss': 32.662006, 'train_correct': 0.0, 'train_acc': 0.0, 'train_f1': 0.0, 'train_total': 7}}[0m
[38;5;39m2023-02-24 20:46:31,018 (client:306) INFO: {'Role': 'Client #7', 'Round': 1, 'Results_raw': {'train_avg_loss': 4.306243, 'train_loss': 90.431099, 'train_correct': 0.0, 'train_acc': 0.0, 'train_f1': 0.0, 'train_total': 21}}[0m
[38;5;39m2023-02-24 20:46:31,020 (server:590) INFO: {'Role': 'Server #', 'Round': 0, 'Results_weighted_avg': {'test_avg_loss': 3.838628, 'test_loss': 166.165232, 'test_correct': 12.3, 'test_acc': 0.559091, 'test_f1': 0.341979, 'test_total': 22.0}, 'Results_avg': {'test_avg_loss': 3.827063, 'test_loss': 84.449816, 'test_correct': 12.3, 'test_acc': 0.388347, 'test_f1': 0.274949, 'test_total': 22.0}, 'Results_fairness': {'test_correct': 12.3, 'test_total': 22.0, 'test_avg_loss_std': 0.367177, 'test_avg_loss_bottom_decile': 3.352193, 'test_avg_loss_top_decile': 4.104216, 'test_avg_loss_min': 2.904638, 'test_avg_loss_max': 4.104216, 'test_avg_loss_bottom10%': 2.904638, 'test_avg_loss_top10%': 4.104216, 'test_avg_loss_cos1': 0.995429, 'test_avg_loss_entropy': 2.297699, 'test_loss_std': 84.859393, 'test_loss_bottom_decile': 23.925917, 'test_loss_top_decile': 309.351262, 'test_loss_min': 20.107296, 'test_loss_max': 309.351262, 'test_loss_bottom10%': 20.107296, 'test_loss_top10%': 309.351262, 'test_loss_cos1': 0.705394, 'test_loss_entropy': 1.904634, 'test_acc_std': 0.368409, 'test_acc_bottom_decile': 0.0, 'test_acc_top_decile': 1.0, 'test_acc_min': 0.0, 'test_acc_max': 1.0, 'test_acc_bottom10%': 0.0, 'test_acc_top10%': 1.0, 'test_acc_cos1': 0.725484, 'test_acc_entropy': 1.801362, 'test_f1_std': 0.293567, 'test_f1_bottom_decile': 0.0, 'test_f1_top_decile': 1.0, 'test_f1_min': 0.0, 'test_f1_max': 1.0, 'test_f1_bottom10%': 0.0, 'test_f1_top10%': 1.0, 'test_f1_cos1': 0.683584, 'test_f1_entropy': 1.755996}}[0m
[38;5;39m2023-02-24 20:46:31,024 (monitor:541) INFO: {'Role': 'Server #', 'Round': 1, 'Results_model_metric': {}}[0m
[38;5;39m2023-02-24 20:46:31,052 (server:330) INFO: Server: Starting evaluation at the end of round 1.[0m
[38;5;39m2023-02-24 20:46:31,053 (server:336) INFO: ----------- Starting a new training round (Round #2) -------------[0m
[33;20m2023-02-24 20:46:31,168 (context:294) WARNING: No val_data or val_loader in the trainer, will skip evaluation.If this is not the case you want, please check whether there is typo for the name[0m
[33;20m2023-02-24 20:46:31,472 (context:294) WARNING: No val_data or val_loader in the trainer, will skip evaluation.If this is not the case you want, please check whether there is typo for the name[0m
[33;20m2023-02-24 20:46:31,532 (context:294) WARNING: No val_data or val_loader in the trainer, will skip evaluation.If this is not the case you want, please check whether there is typo for the name[0m
[33;20m2023-02-24 20:46:31,606 (context:294) WARNING: No val_data or val_loader in the trainer, will skip evaluation.If this is not the case you want, please check whether there is typo for the name[0m
[33;20m2023-02-24 20:46:31,907 (context:294) WARNING: No val_data or val_loader in the trainer, will skip evaluation.If this is not the case you want, please check whether there is typo for the name[0m
[33;20m2023-02-24 20:46:32,207 (context:294) WARNING: No val_data or val_loader in the trainer, will skip evaluation.If this is not the case you want, please check whether there is typo for the name[0m
[33;20m2023-02-24 20:46:32,284 (context:294) WARNING: No val_data or val_loader in the trainer, will skip evaluation.If this is not the case you want, please check whether there is typo for the name[0m
[33;20m2023-02-24 20:46:32,362 (context:294) WARNING: No val_data or val_loader in the trainer, will skip evaluation.If this is not the case you want, please check whether there is typo for the name[0m
[33;20m2023-02-24 20:46:32,463 (context:294) WARNING: No val_data or val_loader in the trainer, will skip evaluation.If this is not the case you want, please check whether there is typo for the name[0m
[33;20m2023-02-24 20:46:33,185 (context:294) WARNING: No val_data or val_loader in the trainer, will skip evaluation.If this is not the case you want, please check whether there is typo for the name[0m
[38;5;39m2023-02-24 20:46:33,227 (client:306) INFO: {'Role': 'Client #10', 'Round': 2, 'Results_raw': {'train_avg_loss': 2.235368, 'train_loss': 6.706103, 'train_correct': 2.0, 'train_acc': 0.666667, 'train_f1': 0.555556, 'train_total': 3}}[0m
[38;5;39m2023-02-24 20:46:33,362 (client:306) INFO: {'Role': 'Client #1', 'Round': 2, 'Results_raw': {'train_avg_loss': 5.43877, 'train_loss': 38.071392, 'train_correct': 0.0, 'train_acc': 0.0, 'train_f1': 0.0, 'train_total': 7}}[0m
[38;5;39m2023-02-24 20:46:36,605 (client:306) INFO: {'Role': 'Client #2', 'Round': 2, 'Results_raw': {'train_avg_loss': 0.082563, 'train_loss': 23.943336, 'train_correct': 281.0, 'train_acc': 0.968966, 'train_f1': 0.328079, 'train_total': 290}}[0m
[38;5;39m2023-02-24 20:46:36,653 (client:306) INFO: {'Role': 'Client #4', 'Round': 2, 'Results_raw': {'train_avg_loss': 0.69882, 'train_loss': 0.69882, 'train_correct': 1.0, 'train_acc': 1.0, 'train_f1': 1.0, 'train_total': 1}}[0m
[38;5;39m2023-02-24 20:46:37,218 (client:306) INFO: {'Role': 'Client #9', 'Round': 2, 'Results_raw': {'train_avg_loss': 0.647871, 'train_loss': 20.731869, 'train_correct': 25.0, 'train_acc': 0.78125, 'train_f1': 0.292398, 'train_total': 32}}[0m
[38;5;39m2023-02-24 20:46:40,496 (client:306) INFO: {'Role': 'Client #3', 'Round': 2, 'Results_raw': {'train_avg_loss': 0.087249, 'train_loss': 26.000271, 'train_correct': 294.0, 'train_acc': 0.986577, 'train_f1': 0.496622, 'train_total': 298}}[0m
[38;5;39m2023-02-24 20:46:40,680 (client:306) INFO: {'Role': 'Client #7', 'Round': 2, 'Results_raw': {'train_avg_loss': 5.011766, 'train_loss': 105.247089, 'train_correct': 0.0, 'train_acc': 0.0, 'train_f1': 0.0, 'train_total': 21}}[0m
[38;5;39m2023-02-24 20:46:40,955 (client:306) INFO: {'Role': 'Client #8', 'Round': 2, 'Results_raw': {'train_avg_loss': 0.75463, 'train_loss': 15.092607, 'train_correct': 19.0, 'train_acc': 0.95, 'train_f1': 0.555556, 'train_total': 20}}[0m
[38;5;39m2023-02-24 20:46:41,637 (client:306) INFO: {'Role': 'Client #6', 'Round': 2, 'Results_raw': {'train_avg_loss': 2.609764, 'train_loss': 177.463936, 'train_correct': 21.0, 'train_acc': 0.308824, 'train_f1': 0.198402, 'train_total': 68}}[0m
[38;5;39m2023-02-24 20:46:42,820 (client:306) INFO: {'Role': 'Client #5', 'Round': 2, 'Results_raw': {'train_avg_loss': 0.345708, 'train_loss': 47.362046, 'train_correct': 121.0, 'train_acc': 0.883212, 'train_f1': 0.524306, 'train_total': 137}}[0m
[38;5;39m2023-02-24 20:46:42,823 (server:590) INFO: {'Role': 'Server #', 'Round': 1, 'Results_weighted_avg': {'test_avg_loss': 3.364462, 'test_loss': 152.111458, 'test_correct': 10.9, 'test_acc': 0.495455, 'test_f1': 0.299522, 'test_total': 22.0}, 'Results_avg': {'test_avg_loss': 3.299497, 'test_loss': 74.01817, 'test_correct': 10.9, 'test_acc': 0.589962, 'test_f1': 0.384483, 'test_total': 22.0}, 'Results_fairness': {'test_correct': 10.9, 'test_total': 22.0, 'test_avg_loss_std': 0.983099, 'test_avg_loss_bottom_decile': 2.051259, 'test_avg_loss_top_decile': 4.055912, 'test_avg_loss_min': 0.845635, 'test_avg_loss_max': 4.055912, 'test_avg_loss_bottom10%': 0.845635, 'test_avg_loss_top10%': 4.055912, 'test_avg_loss_cos1': 0.958364, 'test_avg_loss_entropy': 2.245779, 'test_loss_std': 83.277651, 'test_loss_bottom_decile': 19.165792, 'test_loss_top_decile': 301.082318, 'test_loss_min': 9.301981, 'test_loss_max': 301.082318, 'test_loss_bottom10%': 9.301981, 'test_loss_top10%': 301.082318, 'test_loss_cos1': 0.664332, 'test_loss_entropy': 1.826913, 'test_acc_std': 0.316426, 'test_acc_bottom_decile': 0.125, 'test_acc_top_decile': 1.0, 'test_acc_min': 0.077922, 'test_acc_max': 1.0, 'test_acc_bottom10%': 0.077922, 'test_acc_top10%': 1.0, 'test_acc_cos1': 0.881247, 'test_acc_entropy': 2.127026, 'test_f1_std': 0.24909, 'test_f1_bottom_decile': 0.074074, 'test_f1_top_decile': 1.0, 'test_f1_min': 0.072289, 'test_f1_max': 1.0, 'test_f1_bottom10%': 0.072289, 'test_f1_top10%': 1.0, 'test_f1_cos1': 0.839265, 'test_f1_entropy': 2.0983}}[0m
[38;5;39m2023-02-24 20:46:42,827 (monitor:541) INFO: {'Role': 'Server #', 'Round': 2, 'Results_model_metric': {}}[0m
[38;5;39m2023-02-24 20:46:42,857 (server:330) INFO: Server: Starting evaluation at the end of round 2.[0m
[38;5;39m2023-02-24 20:46:42,858 (server:336) INFO: ----------- Starting a new training round (Round #3) -------------[0m
[33;20m2023-02-24 20:46:42,968 (context:294) WARNING: No val_data or val_loader in the trainer, will skip evaluation.If this is not the case you want, please check whether there is typo for the name[0m
[33;20m2023-02-24 20:46:43,275 (context:294) WARNING: No val_data or val_loader in the trainer, will skip evaluation.If this is not the case you want, please check whether there is typo for the name[0m
[33;20m2023-02-24 20:46:43,339 (context:294) WARNING: No val_data or val_loader in the trainer, will skip evaluation.If this is not the case you want, please check whether there is typo for the name[0m
[33;20m2023-02-24 20:46:43,425 (context:294) WARNING: No val_data or val_loader in the trainer, will skip evaluation.If this is not the case you want, please check whether there is typo for the name[0m
[33;20m2023-02-24 20:46:43,749 (context:294) WARNING: No val_data or val_loader in the trainer, will skip evaluation.If this is not the case you want, please check whether there is typo for the name[0m
[33;20m2023-02-24 20:46:43,940 (context:294) WARNING: No val_data or val_loader in the trainer, will skip evaluation.If this is not the case you want, please check whether there is typo for the name[0m
[33;20m2023-02-24 20:46:43,994 (context:294) WARNING: No val_data or val_loader in the trainer, will skip evaluation.If this is not the case you want, please check whether there is typo for the name[0m
[33;20m2023-02-24 20:46:44,091 (context:294) WARNING: No val_data or val_loader in the trainer, will skip evaluation.If this is not the case you want, please check whether there is typo for the name[0m
[33;20m2023-02-24 20:46:44,234 (context:294) WARNING: No val_data or val_loader in the trainer, will skip evaluation.If this is not the case you want, please check whether there is typo for the name[0m
[33;20m2023-02-24 20:46:44,954 (context:294) WARNING: No val_data or val_loader in the trainer, will skip evaluation.If this is not the case you want, please check whether there is typo for the name[0m
[38;5;39m2023-02-24 20:46:45,269 (client:306) INFO: {'Role': 'Client #9', 'Round': 3, 'Results_raw': {'train_avg_loss': 0.475014, 'train_loss': 15.200437, 'train_correct': 29.0, 'train_acc': 0.90625, 'train_f1': 0.31694, 'train_total': 32}}[0m
[38;5;39m2023-02-24 20:46:45,346 (client:306) INFO: {'Role': 'Client #10', 'Round': 3, 'Results_raw': {'train_avg_loss': 2.189782, 'train_loss': 6.569346, 'train_correct': 1.0, 'train_acc': 0.333333, 'train_f1': 0.166667, 'train_total': 3}}[0m
[38;5;39m2023-02-24 20:46:48,991 (client:306) INFO: {'Role': 'Client #3', 'Round': 3, 'Results_raw': {'train_avg_loss': 0.082282, 'train_loss': 24.520064, 'train_correct': 292.0, 'train_acc': 0.979866, 'train_f1': 0.494915, 'train_total': 298}}[0m
[38;5;39m2023-02-24 20:46:49,166 (client:306) INFO: {'Role': 'Client #8', 'Round': 3, 'Results_raw': {'train_avg_loss': 0.819413, 'train_loss': 16.388269, 'train_correct': 12.0, 'train_acc': 0.6, 'train_f1': 0.31954, 'train_total': 20}}[0m
[38;5;39m2023-02-24 20:46:50,464 (client:306) INFO: {'Role': 'Client #5', 'Round': 3, 'Results_raw': {'train_avg_loss': 0.423515, 'train_loss': 58.021599, 'train_correct': 119.0, 'train_acc': 0.868613, 'train_f1': 0.589, 'train_total': 137}}[0m
[38;5;39m2023-02-24 20:46:50,657 (client:306) INFO: {'Role': 'Client #7', 'Round': 3, 'Results_raw': {'train_avg_loss': 4.898376, 'train_loss': 102.865906, 'train_correct': 0.0, 'train_acc': 0.0, 'train_f1': 0.0, 'train_total': 21}}[0m
[38;5;39m2023-02-24 20:46:51,358 (client:306) INFO: {'Role': 'Client #6', 'Round': 3, 'Results_raw': {'train_avg_loss': 2.475048, 'train_loss': 168.303252, 'train_correct': 19.0, 'train_acc': 0.279412, 'train_f1': 0.178214, 'train_total': 68}}[0m
[38;5;39m2023-02-24 20:46:54,315 (client:306) INFO: {'Role': 'Client #2', 'Round': 3, 'Results_raw': {'train_avg_loss': 0.06682, 'train_loss': 19.377892, 'train_correct': 286.0, 'train_acc': 0.986207, 'train_f1': 0.331019, 'train_total': 290}}[0m
[38;5;39m2023-02-24 20:46:54,388 (client:306) INFO: {'Role': 'Client #1', 'Round': 3, 'Results_raw': {'train_avg_loss': 5.394024, 'train_loss': 37.758171, 'train_correct': 0.0, 'train_acc': 0.0, 'train_f1': 0.0, 'train_total': 7}}[0m
[38;5;39m2023-02-24 20:46:54,415 (client:306) INFO: {'Role': 'Client #4', 'Round': 3, 'Results_raw': {'train_avg_loss': 0.325349, 'train_loss': 0.325349, 'train_correct': 1.0, 'train_acc': 1.0, 'train_f1': 1.0, 'train_total': 1}}[0m
[38;5;39m2023-02-24 20:46:54,417 (server:590) INFO: {'Role': 'Server #', 'Round': 2, 'Results_weighted_avg': {'test_avg_loss': 3.197251, 'test_loss': 146.905521, 'test_correct': 9.2, 'test_acc': 0.418182, 'test_f1': 0.271468, 'test_total': 22.0}, 'Results_avg': {'test_avg_loss': 3.0891, 'test_loss': 70.339527, 'test_correct': 9.2, 'test_acc': 0.506813, 'test_f1': 0.341421, 'test_total': 22.0}, 'Results_fairness': {'test_correct': 9.2, 'test_total': 22.0, 'test_avg_loss_std': 0.969242, 'test_avg_loss_bottom_decile': 2.106439, 'test_avg_loss_top_decile': 4.002807, 'test_avg_loss_min': 0.72262, 'test_avg_loss_max': 4.002807, 'test_avg_loss_bottom10%': 0.72262, 'test_avg_loss_top10%': 4.002807, 'test_avg_loss_cos1': 0.954137, 'test_avg_loss_entropy': 2.240361, 'test_loss_std': 81.482421, 'test_loss_bottom_decile': 18.236727, 'test_loss_top_decile': 294.131931, 'test_loss_min': 7.948821, 'test_loss_max': 294.131931, 'test_loss_bottom10%': 7.948821, 'test_loss_top10%': 294.131931, 'test_loss_cos1': 0.653451, 'test_loss_entropy': 1.805466, 'test_acc_std': 0.319316, 'test_acc_bottom_decile': 0.125, 'test_acc_top_decile': 1.0, 'test_acc_min': 0.077922, 'test_acc_max': 1.0, 'test_acc_bottom10%': 0.077922, 'test_acc_top10%': 1.0, 'test_acc_cos1': 0.846074, 'test_acc_entropy': 2.088378, 'test_f1_std': 0.26117, 'test_f1_bottom_decile': 0.074074, 'test_f1_top_decile': 1.0, 'test_f1_min': 0.072289, 'test_f1_max': 1.0, 'test_f1_bottom10%': 0.072289, 'test_f1_top10%': 1.0, 'test_f1_cos1': 0.794264, 'test_f1_entropy': 2.040139}}[0m
[38;5;39m2023-02-24 20:46:54,420 (monitor:541) INFO: {'Role': 'Server #', 'Round': 3, 'Results_model_metric': {}}[0m
[38;5;39m2023-02-24 20:46:54,443 (server:330) INFO: Server: Starting evaluation at the end of round 3.[0m
[38;5;39m2023-02-24 20:46:54,444 (server:336) INFO: ----------- Starting a new training round (Round #4) -------------[0m
[33;20m2023-02-24 20:46:54,572 (context:294) WARNING: No val_data or val_loader in the trainer, will skip evaluation.If this is not the case you want, please check whether there is typo for the name[0m
[33;20m2023-02-24 20:46:54,869 (context:294) WARNING: No val_data or val_loader in the trainer, will skip evaluation.If this is not the case you want, please check whether there is typo for the name[0m
[33;20m2023-02-24 20:46:54,947 (context:294) WARNING: No val_data or val_loader in the trainer, will skip evaluation.If this is not the case you want, please check whether there is typo for the name[0m
[33;20m2023-02-24 20:46:55,092 (context:294) WARNING: No val_data or val_loader in the trainer, will skip evaluation.If this is not the case you want, please check whether there is typo for the name[0m
[33;20m2023-02-24 20:46:55,519 (context:294) WARNING: No val_data or val_loader in the trainer, will skip evaluation.If this is not the case you want, please check whether there is typo for the name[0m
[33;20m2023-02-24 20:46:55,746 (context:294) WARNING: No val_data or val_loader in the trainer, will skip evaluation.If this is not the case you want, please check whether there is typo for the name[0m
[33;20m2023-02-24 20:46:55,802 (context:294) WARNING: No val_data or val_loader in the trainer, will skip evaluation.If this is not the case you want, please check whether there is typo for the name[0m
[33;20m2023-02-24 20:46:55,877 (context:294) WARNING: No val_data or val_loader in the trainer, will skip evaluation.If this is not the case you want, please check whether there is typo for the name[0m
[33;20m2023-02-24 20:46:55,981 (context:294) WARNING: No val_data or val_loader in the trainer, will skip evaluation.If this is not the case you want, please check whether there is typo for the name[0m
[33;20m2023-02-24 20:46:56,666 (context:294) WARNING: No val_data or val_loader in the trainer, will skip evaluation.If this is not the case you want, please check whether there is typo for the name[0m
[38;5;39m2023-02-24 20:46:56,696 (client:306) INFO: {'Role': 'Client #4', 'Round': 4, 'Results_raw': {'train_avg_loss': 0.600155, 'train_loss': 0.600155, 'train_correct': 1.0, 'train_acc': 1.0, 'train_f1': 1.0, 'train_total': 1}}[0m
[38;5;39m2023-02-24 20:46:56,786 (client:306) INFO: {'Role': 'Client #1', 'Round': 4, 'Results_raw': {'train_avg_loss': 5.17147, 'train_loss': 36.200288, 'train_correct': 0.0, 'train_acc': 0.0, 'train_f1': 0.0, 'train_total': 7}}[0m
[38;5;39m2023-02-24 20:46:57,532 (client:306) INFO: {'Role': 'Client #6', 'Round': 4, 'Results_raw': {'train_avg_loss': 2.239801, 'train_loss': 152.306476, 'train_correct': 24.0, 'train_acc': 0.352941, 'train_f1': 0.210249, 'train_total': 68}}[0m
[38;5;39m2023-02-24 20:46:57,726 (client:306) INFO: {'Role': 'Client #8', 'Round': 4, 'Results_raw': {'train_avg_loss': 0.747333, 'train_loss': 14.94666, 'train_correct': 17.0, 'train_acc': 0.85, 'train_f1': 0.306306, 'train_total': 20}}[0m
[38;5;39m2023-02-24 20:46:58,047 (client:306) INFO: {'Role': 'Client #9', 'Round': 4, 'Results_raw': {'train_avg_loss': 0.631245, 'train_loss': 20.199849, 'train_correct': 23.0, 'train_acc': 0.71875, 'train_f1': 0.278788, 'train_total': 32}}[0m
[38;5;39m2023-02-24 20:47:01,736 (client:306) INFO: {'Role': 'Client #2', 'Round': 4, 'Results_raw': {'train_avg_loss': 0.087102, 'train_loss': 25.259657, 'train_correct': 282.0, 'train_acc': 0.972414, 'train_f1': 0.328671, 'train_total': 290}}[0m
[38;5;39m2023-02-24 20:47:01,960 (client:306) INFO: {'Role': 'Client #7', 'Round': 4, 'Results_raw': {'train_avg_loss': 4.664163, 'train_loss': 97.947417, 'train_correct': 0.0, 'train_acc': 0.0, 'train_f1': 0.0, 'train_total': 21}}[0m
[38;5;39m2023-02-24 20:47:02,002 (client:306) INFO: {'Role': 'Client #10', 'Round': 4, 'Results_raw': {'train_avg_loss': 2.051151, 'train_loss': 6.153453, 'train_correct': 2.0, 'train_acc': 0.666667, 'train_f1': 0.555556, 'train_total': 3}}[0m
[38;5;39m2023-02-24 20:47:03,273 (client:306) INFO: {'Role': 'Client #5', 'Round': 4, 'Results_raw': {'train_avg_loss': 0.410594, 'train_loss': 56.25133, 'train_correct': 122.0, 'train_acc': 0.890511, 'train_f1': 0.613213, 'train_total': 137}}[0m
[38;5;39m2023-02-24 20:47:06,093 (client:306) INFO: {'Role': 'Client #3', 'Round': 4, 'Results_raw': {'train_avg_loss': 0.045414, 'train_loss': 13.533263, 'train_correct': 297.0, 'train_acc': 0.996644, 'train_f1': 0.83249, 'train_total': 298}}[0m
[38;5;39m2023-02-24 20:47:06,095 (server:590) INFO: {'Role': 'Server #', 'Round': 3, 'Results_weighted_avg': {'test_avg_loss': 2.985635, 'test_loss': 139.501827, 'test_correct': 14.9, 'test_acc': 0.677273, 'test_f1': 0.479728, 'test_total': 22.0}, 'Results_avg': {'test_avg_loss': 2.881395, 'test_loss': 65.683976, 'test_correct': 14.9, 'test_acc': 0.566666, 'test_f1': 0.435305, 'test_total': 22.0}, 'Results_fairness': {'test_correct': 14.9, 'test_total': 22.0, 'test_avg_loss_std': 1.070508, 'test_avg_loss_bottom_decile': 1.851026, 'test_avg_loss_top_decile': 3.944749, 'test_avg_loss_min': 0.360883, 'test_avg_loss_max': 3.944749, 'test_avg_loss_bottom10%': 0.360883, 'test_avg_loss_top10%': 3.944749, 'test_avg_loss_cos1': 0.937396, 'test_avg_loss_entropy': 2.210664, 'test_loss_std': 79.339699, 'test_loss_bottom_decile': 17.453839, 'test_loss_top_decile': 285.382718, 'test_loss_min': 3.969712, 'test_loss_max': 285.382718, 'test_loss_bottom10%': 3.969712, 'test_loss_top10%': 285.382718, 'test_loss_cos1': 0.637703, 'test_loss_entropy': 1.770673, 'test_acc_std': 0.242165, 'test_acc_bottom_decile': 0.25, 'test_acc_top_decile': 1.0, 'test_acc_min': 0.25, 'test_acc_max': 1.0, 'test_acc_bottom10%': 0.25, 'test_acc_top10%': 1.0, 'test_acc_cos1': 0.919551, 'test_acc_entropy': 2.209171, 'test_f1_std': 0.223299, 'test_f1_bottom_decile': 0.261905, 'test_f1_top_decile': 1.0, 'test_f1_min': 0.222222, 'test_f1_max': 1.0, 'test_f1_bottom10%': 0.222222, 'test_f1_top10%': 1.0, 'test_f1_cos1': 0.889763, 'test_f1_entropy': 2.18949}}[0m
[38;5;39m2023-02-24 20:47:06,098 (monitor:541) INFO: {'Role': 'Server #', 'Round': 4, 'Results_model_metric': {}}[0m
[38;5;39m2023-02-24 20:47:06,123 (server:330) INFO: Server: Starting evaluation at the end of round 4.[0m
[38;5;39m2023-02-24 20:47:06,123 (server:336) INFO: ----------- Starting a new training round (Round #5) -------------[0m
[33;20m2023-02-24 20:47:06,228 (context:294) WARNING: No val_data or val_loader in the trainer, will skip evaluation.If this is not the case you want, please check whether there is typo for the name[0m
[33;20m2023-02-24 20:47:06,554 (context:294) WARNING: No val_data or val_loader in the trainer, will skip evaluation.If this is not the case you want, please check whether there is typo for the name[0m
[33;20m2023-02-24 20:47:06,651 (context:294) WARNING: No val_data or val_loader in the trainer, will skip evaluation.If this is not the case you want, please check whether there is typo for the name[0m
[33;20m2023-02-24 20:47:06,726 (context:294) WARNING: No val_data or val_loader in the trainer, will skip evaluation.If this is not the case you want, please check whether there is typo for the name[0m
[33;20m2023-02-24 20:47:07,017 (context:294) WARNING: No val_data or val_loader in the trainer, will skip evaluation.If this is not the case you want, please check whether there is typo for the name[0m
[33;20m2023-02-24 20:47:07,344 (context:294) WARNING: No val_data or val_loader in the trainer, will skip evaluation.If this is not the case you want, please check whether there is typo for the name[0m
[33;20m2023-02-24 20:47:07,395 (context:294) WARNING: No val_data or val_loader in the trainer, will skip evaluation.If this is not the case you want, please check whether there is typo for the name[0m
[33;20m2023-02-24 20:47:07,472 (context:294) WARNING: No val_data or val_loader in the trainer, will skip evaluation.If this is not the case you want, please check whether there is typo for the name[0m
[33;20m2023-02-24 20:47:07,565 (context:294) WARNING: No val_data or val_loader in the trainer, will skip evaluation.If this is not the case you want, please check whether there is typo for the name[0m
[33;20m2023-02-24 20:47:08,243 (context:294) WARNING: No val_data or val_loader in the trainer, will skip evaluation.If this is not the case you want, please check whether there is typo for the name[0m
[38;5;39m2023-02-24 20:47:09,777 (client:306) INFO: {'Role': 'Client #5', 'Round': 5, 'Results_raw': {'train_avg_loss': 0.399468, 'train_loss': 54.727086, 'train_correct': 114.0, 'train_acc': 0.832117, 'train_f1': 0.493815, 'train_total': 137}}[0m
[38;5;39m2023-02-24 20:47:10,547 (client:306) INFO: {'Role': 'Client #6', 'Round': 5, 'Results_raw': {'train_avg_loss': 1.947304, 'train_loss': 132.416671, 'train_correct': 34.0, 'train_acc': 0.5, 'train_f1': 0.264444, 'train_total': 68}}[0m
[38;5;39m2023-02-24 20:47:10,757 (client:306) INFO: {'Role': 'Client #7', 'Round': 5, 'Results_raw': {'train_avg_loss': 4.028201, 'train_loss': 84.592228, 'train_correct': 0.0, 'train_acc': 0.0, 'train_f1': 0.0, 'train_total': 21}}[0m
[38;5;39m2023-02-24 20:47:11,083 (client:306) INFO: {'Role': 'Client #9', 'Round': 5, 'Results_raw': {'train_avg_loss': 0.405897, 'train_loss': 12.988701, 'train_correct': 30.0, 'train_acc': 0.9375, 'train_f1': 0.322581, 'train_total': 32}}[0m
[38;5;39m2023-02-24 20:47:11,375 (client:306) INFO: {'Role': 'Client #8', 'Round': 5, 'Results_raw': {'train_avg_loss': 0.772258, 'train_loss': 15.445157, 'train_correct': 16.0, 'train_acc': 0.8, 'train_f1': 0.427451, 'train_total': 20}}[0m
[38;5;39m2023-02-24 20:47:14,965 (client:306) INFO: {'Role': 'Client #2', 'Round': 5, 'Results_raw': {'train_avg_loss': 0.065831, 'train_loss': 19.090876, 'train_correct': 284.0, 'train_acc': 0.97931, 'train_f1': 0.329849, 'train_total': 290}}[0m
[38;5;39m2023-02-24 20:47:15,013 (client:306) INFO: {'Role': 'Client #10', 'Round': 5, 'Results_raw': {'train_avg_loss': 1.98632, 'train_loss': 5.958959, 'train_correct': 1.0, 'train_acc': 0.333333, 'train_f1': 0.166667, 'train_total': 3}}[0m
[38;5;39m2023-02-24 20:47:18,465 (client:306) INFO: {'Role': 'Client #3', 'Round': 5, 'Results_raw': {'train_avg_loss': 0.064886, 'train_loss': 19.335961, 'train_correct': 291.0, 'train_acc': 0.97651, 'train_f1': 0.494058, 'train_total': 298}}[0m
[38;5;39m2023-02-24 20:47:18,541 (client:306) INFO: {'Role': 'Client #1', 'Round': 5, 'Results_raw': {'train_avg_loss': 4.499552, 'train_loss': 31.496866, 'train_correct': 0.0, 'train_acc': 0.0, 'train_f1': 0.0, 'train_total': 7}}[0m
[38;5;39m2023-02-24 20:47:18,592 (client:306) INFO: {'Role': 'Client #4', 'Round': 5, 'Results_raw': {'train_avg_loss': 0.222804, 'train_loss': 0.222804, 'train_correct': 1.0, 'train_acc': 1.0, 'train_f1': 1.0, 'train_total': 1}}[0m
[38;5;39m2023-02-24 20:47:18,595 (server:590) INFO: {'Role': 'Server #', 'Round': 4, 'Results_weighted_avg': {'test_avg_loss': 2.825252, 'test_loss': 134.108103, 'test_correct': 10.6, 'test_acc': 0.481818, 'test_f1': 0.37704, 'test_total': 22.0}, 'Results_avg': {'test_avg_loss': 2.718095, 'test_loss': 62.155537, 'test_correct': 10.6, 'test_acc': 0.55956, 'test_f1': 0.438201, 'test_total': 22.0}, 'Results_fairness': {'test_correct': 10.6, 'test_total': 22.0, 'test_avg_loss_std': 1.044789, 'test_avg_loss_bottom_decile': 1.318912, 'test_avg_loss_top_decile': 3.873111, 'test_avg_loss_min': 0.592375, 'test_avg_loss_max': 3.873111, 'test_avg_loss_bottom10%': 0.592375, 'test_avg_loss_top10%': 3.873111, 'test_avg_loss_cos1': 0.933418, 'test_avg_loss_entropy': 2.212766, 'test_loss_std': 77.79787, 'test_loss_bottom_decile': 16.330261, 'test_loss_top_decile': 279.536152, 'test_loss_min': 6.516126, 'test_loss_max': 279.536152, 'test_loss_bottom10%': 6.516126, 'test_loss_top10%': 279.536152, 'test_loss_cos1': 0.624188, 'test_loss_entropy': 1.750229, 'test_acc_std': 0.274544, 'test_acc_bottom_decile': 0.181818, 'test_acc_top_decile': 1.0, 'test_acc_min': 0.125, 'test_acc_max': 1.0, 'test_acc_bottom10%': 0.125, 'test_acc_top10%': 1.0, 'test_acc_cos1': 0.897762, 'test_acc_entropy': 2.168561, 'test_f1_std': 0.251499, 'test_f1_bottom_decile': 0.181266, 'test_f1_top_decile': 1.0, 'test_f1_min': 0.074074, 'test_f1_max': 1.0, 'test_f1_bottom10%': 0.074074, 'test_f1_top10%': 1.0, 'test_f1_cos1': 0.867305, 'test_f1_entropy': 2.136242}}[0m
[38;5;39m2023-02-24 20:47:18,598 (monitor:541) INFO: {'Role': 'Server #', 'Round': 5, 'Results_model_metric': {}}[0m
[38;5;39m2023-02-24 20:47:18,640 (server:330) INFO: Server: Starting evaluation at the end of round 5.[0m
[38;5;39m2023-02-24 20:47:18,641 (server:336) INFO: ----------- Starting a new training round (Round #6) -------------[0m
[33;20m2023-02-24 20:47:18,757 (context:294) WARNING: No val_data or val_loader in the trainer, will skip evaluation.If this is not the case you want, please check whether there is typo for the name[0m
[33;20m2023-02-24 20:47:19,042 (context:294) WARNING: No val_data or val_loader in the trainer, will skip evaluation.If this is not the case you want, please check whether there is typo for the name[0m
[33;20m2023-02-24 20:47:19,101 (context:294) WARNING: No val_data or val_loader in the trainer, will skip evaluation.If this is not the case you want, please check whether there is typo for the name[0m
[33;20m2023-02-24 20:47:19,244 (context:294) WARNING: No val_data or val_loader in the trainer, will skip evaluation.If this is not the case you want, please check whether there is typo for the name[0m
[33;20m2023-02-24 20:47:19,596 (context:294) WARNING: No val_data or val_loader in the trainer, will skip evaluation.If this is not the case you want, please check whether there is typo for the name[0m
[33;20m2023-02-24 20:47:19,846 (context:294) WARNING: No val_data or val_loader in the trainer, will skip evaluation.If this is not the case you want, please check whether there is typo for the name[0m
[33;20m2023-02-24 20:47:19,906 (context:294) WARNING: No val_data or val_loader in the trainer, will skip evaluation.If this is not the case you want, please check whether there is typo for the name[0m
[33;20m2023-02-24 20:47:19,981 (context:294) WARNING: No val_data or val_loader in the trainer, will skip evaluation.If this is not the case you want, please check whether there is typo for the name[0m
[33;20m2023-02-24 20:47:20,102 (context:294) WARNING: No val_data or val_loader in the trainer, will skip evaluation.If this is not the case you want, please check whether there is typo for the name[0m
[33;20m2023-02-24 20:47:20,830 (context:294) WARNING: No val_data or val_loader in the trainer, will skip evaluation.If this is not the case you want, please check whether there is typo for the name[0m
[38;5;39m2023-02-24 20:47:21,017 (client:306) INFO: {'Role': 'Client #7', 'Round': 6, 'Results_raw': {'train_avg_loss': 3.748705, 'train_loss': 78.722806, 'train_correct': 0.0, 'train_acc': 0.0, 'train_f1': 0.0, 'train_total': 21}}[0m
[38;5;39m2023-02-24 20:47:21,059 (client:306) INFO: {'Role': 'Client #10', 'Round': 6, 'Results_raw': {'train_avg_loss': 1.69433, 'train_loss': 5.082989, 'train_correct': 2.0, 'train_acc': 0.666667, 'train_f1': 0.555556, 'train_total': 3}}[0m
[38;5;39m2023-02-24 20:47:24,175 (client:306) INFO: {'Role': 'Client #3', 'Round': 6, 'Results_raw': {'train_avg_loss': 0.046062, 'train_loss': 13.726513, 'train_correct': 296.0, 'train_acc': 0.993289, 'train_f1': 0.498316, 'train_total': 298}}[0m
[38;5;39m2023-02-24 20:47:24,497 (client:306) INFO: {'Role': 'Client #8', 'Round': 6, 'Results_raw': {'train_avg_loss': 0.635632, 'train_loss': 12.712646, 'train_correct': 17.0, 'train_acc': 0.85, 'train_f1': 0.314815, 'train_total': 20}}[0m
[38;5;39m2023-02-24 20:47:25,510 (client:306) INFO: {'Role': 'Client #6', 'Round': 6, 'Results_raw': {'train_avg_loss': 1.706094, 'train_loss': 116.014366, 'train_correct': 35.0, 'train_acc': 0.514706, 'train_f1': 0.25951, 'train_total': 68}}[0m
[38;5;39m2023-02-24 20:47:25,805 (client:306) INFO: {'Role': 'Client #9', 'Round': 6, 'Results_raw': {'train_avg_loss': 0.534121, 'train_loss': 17.091882, 'train_correct': 26.0, 'train_acc': 0.8125, 'train_f1': 0.298851, 'train_total': 32}}[0m
[38;5;39m2023-02-24 20:47:25,880 (client:306) INFO: {'Role': 'Client #1', 'Round': 6, 'Results_raw': {'train_avg_loss': 4.202708, 'train_loss': 29.418954, 'train_correct': 0.0, 'train_acc': 0.0, 'train_f1': 0.0, 'train_total': 7}}[0m
[38;5;39m2023-02-24 20:47:29,081 (client:306) INFO: {'Role': 'Client #2', 'Round': 6, 'Results_raw': {'train_avg_loss': 0.076925, 'train_loss': 22.308389, 'train_correct': 284.0, 'train_acc': 0.97931, 'train_f1': 0.329849, 'train_total': 290}}[0m
[38;5;39m2023-02-24 20:47:29,139 (client:306) INFO: {'Role': 'Client #4', 'Round': 6, 'Results_raw': {'train_avg_loss': 0.400234, 'train_loss': 0.400234, 'train_correct': 1.0, 'train_acc': 1.0, 'train_f1': 1.0, 'train_total': 1}}[0m
[38;5;39m2023-02-24 20:47:30,530 (client:306) INFO: {'Role': 'Client #5', 'Round': 6, 'Results_raw': {'train_avg_loss': 0.344395, 'train_loss': 47.182125, 'train_correct': 124.0, 'train_acc': 0.905109, 'train_f1': 0.664784, 'train_total': 137}}[0m
[38;5;39m2023-02-24 20:47:30,532 (server:590) INFO: {'Role': 'Server #', 'Round': 5, 'Results_weighted_avg': {'test_avg_loss': 2.650209, 'test_loss': 127.13298, 'test_correct': 14.1, 'test_acc': 0.640909, 'test_f1': 0.412483, 'test_total': 22.0}, 'Results_avg': {'test_avg_loss': 2.549402, 'test_loss': 58.304607, 'test_correct': 14.1, 'test_acc': 0.478486, 'test_f1': 0.35534, 'test_total': 22.0}, 'Results_fairness': {'test_correct': 14.1, 'test_total': 22.0, 'test_avg_loss_std': 1.097361, 'test_avg_loss_bottom_decile': 1.103817, 'test_avg_loss_top_decile': 3.793478, 'test_avg_loss_min': 0.30191, 'test_avg_loss_max': 3.793478, 'test_avg_loss_bottom10%': 0.30191, 'test_avg_loss_top10%': 3.793478, 'test_avg_loss_cos1': 0.918523, 'test_avg_loss_entropy': 2.183724, 'test_loss_std': 75.064414, 'test_loss_bottom_decile': 15.371908, 'test_loss_top_decile': 269.322357, 'test_loss_min': 3.321012, 'test_loss_max': 269.322357, 'test_loss_bottom10%': 3.321012, 'test_loss_top10%': 269.322357, 'test_loss_cos1': 0.613424, 'test_loss_entropy': 1.721503, 'test_acc_std': 0.318062, 'test_acc_bottom_decile': 0.125, 'test_acc_top_decile': 1.0, 'test_acc_min': 0.0, 'test_acc_max': 1.0, 'test_acc_bottom10%': 0.0, 'test_acc_top10%': 1.0, 'test_acc_cos1': 0.832796, 'test_acc_entropy': 2.037803, 'test_f1_std': 0.27091, 'test_f1_bottom_decile': 0.074074, 'test_f1_top_decile': 1.0, 'test_f1_min': 0.0, 'test_f1_max': 1.0, 'test_f1_bottom10%': 0.0, 'test_f1_top10%': 1.0, 'test_f1_cos1': 0.795243, 'test_f1_entropy': 1.99675}}[0m
[38;5;39m2023-02-24 20:47:30,536 (monitor:541) INFO: {'Role': 'Server #', 'Round': 6, 'Results_model_metric': {}}[0m
[38;5;39m2023-02-24 20:47:30,561 (server:330) INFO: Server: Starting evaluation at the end of round 6.[0m
[38;5;39m2023-02-24 20:47:30,562 (server:336) INFO: ----------- Starting a new training round (Round #7) -------------[0m
[33;20m2023-02-24 20:47:30,680 (context:294) WARNING: No val_data or val_loader in the trainer, will skip evaluation.If this is not the case you want, please check whether there is typo for the name[0m
[33;20m2023-02-24 20:47:30,954 (context:294) WARNING: No val_data or val_loader in the trainer, will skip evaluation.If this is not the case you want, please check whether there is typo for the name[0m
[33;20m2023-02-24 20:47:31,066 (context:294) WARNING: No val_data or val_loader in the trainer, will skip evaluation.If this is not the case you want, please check whether there is typo for the name[0m
[33;20m2023-02-24 20:47:31,188 (context:294) WARNING: No val_data or val_loader in the trainer, will skip evaluation.If this is not the case you want, please check whether there is typo for the name[0m
[33;20m2023-02-24 20:47:31,474 (context:294) WARNING: No val_data or val_loader in the trainer, will skip evaluation.If this is not the case you want, please check whether there is typo for the name[0m
[33;20m2023-02-24 20:47:31,783 (context:294) WARNING: No val_data or val_loader in the trainer, will skip evaluation.If this is not the case you want, please check whether there is typo for the name[0m
[33;20m2023-02-24 20:47:31,833 (context:294) WARNING: No val_data or val_loader in the trainer, will skip evaluation.If this is not the case you want, please check whether there is typo for the name[0m
[33;20m2023-02-24 20:47:31,918 (context:294) WARNING: No val_data or val_loader in the trainer, will skip evaluation.If this is not the case you want, please check whether there is typo for the name[0m
[33;20m2023-02-24 20:47:32,036 (context:294) WARNING: No val_data or val_loader in the trainer, will skip evaluation.If this is not the case you want, please check whether there is typo for the name[0m
[33;20m2023-02-24 20:47:32,758 (context:294) WARNING: No val_data or val_loader in the trainer, will skip evaluation.If this is not the case you want, please check whether there is typo for the name[0m
[38;5;39m2023-02-24 20:47:32,903 (client:306) INFO: {'Role': 'Client #1', 'Round': 7, 'Results_raw': {'train_avg_loss': 4.102125, 'train_loss': 28.714876, 'train_correct': 0.0, 'train_acc': 0.0, 'train_f1': 0.0, 'train_total': 7}}[0m
[38;5;39m2023-02-24 20:47:32,945 (client:306) INFO: {'Role': 'Client #10', 'Round': 7, 'Results_raw': {'train_avg_loss': 1.684761, 'train_loss': 5.054282, 'train_correct': 2.0, 'train_acc': 0.666667, 'train_f1': 0.555556, 'train_total': 3}}[0m
[38;5;39m2023-02-24 20:47:33,741 (client:306) INFO: {'Role': 'Client #6', 'Round': 7, 'Results_raw': {'train_avg_loss': 1.702049, 'train_loss': 115.739324, 'train_correct': 33.0, 'train_acc': 0.485294, 'train_f1': 0.217822, 'train_total': 68}}[0m
[38;5;39m2023-02-24 20:47:36,640 (client:306) INFO: {'Role': 'Client #3', 'Round': 7, 'Results_raw': {'train_avg_loss': 0.043038, 'train_loss': 12.825227, 'train_correct': 296.0, 'train_acc': 0.993289, 'train_f1': 0.748311, 'train_total': 298}}[0m
[38;5;39m2023-02-24 20:47:36,880 (client:306) INFO: {'Role': 'Client #8', 'Round': 7, 'Results_raw': {'train_avg_loss': 0.544784, 'train_loss': 10.895676, 'train_correct': 18.0, 'train_acc': 0.9, 'train_f1': 0.490476, 'train_total': 20}}[0m
[38;5;39m2023-02-24 20:47:37,138 (client:306) INFO: {'Role': 'Client #7', 'Round': 7, 'Results_raw': {'train_avg_loss': 3.649329, 'train_loss': 76.635909, 'train_correct': 0.0, 'train_acc': 0.0, 'train_f1': 0.0, 'train_total': 21}}[0m
[38;5;39m2023-02-24 20:47:37,508 (client:306) INFO: {'Role': 'Client #9', 'Round': 7, 'Results_raw': {'train_avg_loss': 0.456256, 'train_loss': 14.600205, 'train_correct': 26.0, 'train_acc': 0.8125, 'train_f1': 0.298851, 'train_total': 32}}[0m
[38;5;39m2023-02-24 20:47:37,544 (client:306) INFO: {'Role': 'Client #4', 'Round': 7, 'Results_raw': {'train_avg_loss': 0.201525, 'train_loss': 0.201525, 'train_correct': 1.0, 'train_acc': 1.0, 'train_f1': 1.0, 'train_total': 1}}[0m
[38;5;39m2023-02-24 20:47:40,734 (client:306) INFO: {'Role': 'Client #2', 'Round': 7, 'Results_raw': {'train_avg_loss': 0.060548, 'train_loss': 17.558852, 'train_correct': 284.0, 'train_acc': 0.97931, 'train_f1': 0.329849, 'train_total': 290}}[0m
[38;5;39m2023-02-24 20:47:42,072 (client:306) INFO: {'Role': 'Client #5', 'Round': 7, 'Results_raw': {'train_avg_loss': 0.396655, 'train_loss': 54.341779, 'train_correct': 118.0, 'train_acc': 0.861314, 'train_f1': 0.581847, 'train_total': 137}}[0m
[38;5;39m2023-02-24 20:47:42,075 (server:590) INFO: {'Role': 'Server #', 'Round': 6, 'Results_weighted_avg': {'test_avg_loss': 2.514563, 'test_loss': 121.806197, 'test_correct': 15.7, 'test_acc': 0.713636, 'test_f1': 0.556017, 'test_total': 22.0}, 'Results_avg': {'test_avg_loss': 2.40108, 'test_loss': 55.320394, 'test_correct': 15.7, 'test_acc': 0.628773, 'test_f1': 0.510737, 'test_total': 22.0}, 'Results_fairness': {'test_correct': 15.7, 'test_total': 22.0, 'test_avg_loss_std': 1.056806, 'test_avg_loss_bottom_decile': 0.819919, 'test_avg_loss_top_decile': 3.71663, 'test_avg_loss_min': 0.37615, 'test_avg_loss_max': 3.71663, 'test_avg_loss_bottom10%': 0.37615, 'test_avg_loss_top10%': 3.71663, 'test_avg_loss_cos1': 0.915269, 'test_avg_loss_entropy': 2.182081, 'test_loss_std': 72.601514, 'test_loss_bottom_decile': 13.85394, 'test_loss_top_decile': 260.8489, 'test_loss_min': 4.137655, 'test_loss_max': 260.8489, 'test_loss_bottom10%': 4.137655, 'test_loss_top10%': 260.8489, 'test_loss_cos1': 0.606078, 'test_loss_entropy': 1.706729, 'test_acc_std': 0.256227, 'test_acc_bottom_decile': 0.25, 'test_acc_top_decile': 1.0, 'test_acc_min': 0.25, 'test_acc_max': 1.0, 'test_acc_bottom10%': 0.25, 'test_acc_top10%': 1.0, 'test_acc_cos1': 0.926061, 'test_acc_entropy': 2.212223, 'test_f1_std': 0.258405, 'test_f1_bottom_decile': 0.24, 'test_f1_top_decile': 1.0, 'test_f1_min': 0.222222, 'test_f1_max': 1.0, 'test_f1_bottom10%': 0.222222, 'test_f1_top10%': 1.0, 'test_f1_cos1': 0.892295, 'test_f1_entropy': 2.175405}}[0m
[38;5;39m2023-02-24 20:47:42,078 (monitor:541) INFO: {'Role': 'Server #', 'Round': 7, 'Results_model_metric': {}}[0m
[38;5;39m2023-02-24 20:47:42,104 (server:330) INFO: Server: Starting evaluation at the end of round 7.[0m
[38;5;39m2023-02-24 20:47:42,105 (server:336) INFO: ----------- Starting a new training round (Round #8) -------------[0m
[33;20m2023-02-24 20:47:42,215 (context:294) WARNING: No val_data or val_loader in the trainer, will skip evaluation.If this is not the case you want, please check whether there is typo for the name[0m
[33;20m2023-02-24 20:47:42,497 (context:294) WARNING: No val_data or val_loader in the trainer, will skip evaluation.If this is not the case you want, please check whether there is typo for the name[0m
[33;20m2023-02-24 20:47:42,554 (context:294) WARNING: No val_data or val_loader in the trainer, will skip evaluation.If this is not the case you want, please check whether there is typo for the name[0m
[33;20m2023-02-24 20:47:42,630 (context:294) WARNING: No val_data or val_loader in the trainer, will skip evaluation.If this is not the case you want, please check whether there is typo for the name[0m
[33;20m2023-02-24 20:47:42,919 (context:294) WARNING: No val_data or val_loader in the trainer, will skip evaluation.If this is not the case you want, please check whether there is typo for the name[0m
[33;20m2023-02-24 20:47:43,121 (context:294) WARNING: No val_data or val_loader in the trainer, will skip evaluation.If this is not the case you want, please check whether there is typo for the name[0m
[33;20m2023-02-24 20:47:43,173 (context:294) WARNING: No val_data or val_loader in the trainer, will skip evaluation.If this is not the case you want, please check whether there is typo for the name[0m
[33;20m2023-02-24 20:47:43,250 (context:294) WARNING: No val_data or val_loader in the trainer, will skip evaluation.If this is not the case you want, please check whether there is typo for the name[0m
[33;20m2023-02-24 20:47:43,348 (context:294) WARNING: No val_data or val_loader in the trainer, will skip evaluation.If this is not the case you want, please check whether there is typo for the name[0m
[33;20m2023-02-24 20:47:43,954 (context:294) WARNING: No val_data or val_loader in the trainer, will skip evaluation.If this is not the case you want, please check whether there is typo for the name[0m
[38;5;39m2023-02-24 20:47:47,613 (client:306) INFO: {'Role': 'Client #3', 'Round': 8, 'Results_raw': {'train_avg_loss': 0.057145, 'train_loss': 17.029315, 'train_correct': 294.0, 'train_acc': 0.986577, 'train_f1': 0.496622, 'train_total': 298}}[0m
[38;5;39m2023-02-24 20:47:47,827 (client:306) INFO: {'Role': 'Client #7', 'Round': 8, 'Results_raw': {'train_avg_loss': 3.30966, 'train_loss': 69.502868, 'train_correct': 0.0, 'train_acc': 0.0, 'train_f1': 0.0, 'train_total': 21}}[0m
[38;5;39m2023-02-24 20:47:51,076 (client:306) INFO: {'Role': 'Client #2', 'Round': 8, 'Results_raw': {'train_avg_loss': 0.057205, 'train_loss': 16.589487, 'train_correct': 284.0, 'train_acc': 0.97931, 'train_f1': 0.329849, 'train_total': 290}}[0m
[38;5;39m2023-02-24 20:47:51,409 (client:306) INFO: {'Role': 'Client #9', 'Round': 8, 'Results_raw': {'train_avg_loss': 0.381914, 'train_loss': 12.221234, 'train_correct': 27.0, 'train_acc': 0.84375, 'train_f1': 0.305085, 'train_total': 32}}[0m
[38;5;39m2023-02-24 20:47:51,703 (client:306) INFO: {'Role': 'Client #8', 'Round': 8, 'Results_raw': {'train_avg_loss': 0.509803, 'train_loss': 10.196061, 'train_correct': 17.0, 'train_acc': 0.85, 'train_f1': 0.447059, 'train_total': 20}}[0m
[38;5;39m2023-02-24 20:47:51,745 (client:306) INFO: {'Role': 'Client #10', 'Round': 8, 'Results_raw': {'train_avg_loss': 1.506075, 'train_loss': 4.518225, 'train_correct': 2.0, 'train_acc': 0.666667, 'train_f1': 0.555556, 'train_total': 3}}[0m
[38;5;39m2023-02-24 20:47:53,111 (client:306) INFO: {'Role': 'Client #5', 'Round': 8, 'Results_raw': {'train_avg_loss': 0.262861, 'train_loss': 36.011973, 'train_correct': 124.0, 'train_acc': 0.905109, 'train_f1': 0.713896, 'train_total': 137}}[0m
[38;5;39m2023-02-24 20:47:53,138 (client:306) INFO: {'Role': 'Client #4', 'Round': 8, 'Results_raw': {'train_avg_loss': 0.229127, 'train_loss': 0.229127, 'train_correct': 1.0, 'train_acc': 1.0, 'train_f1': 1.0, 'train_total': 1}}[0m
[38;5;39m2023-02-24 20:47:53,210 (client:306) INFO: {'Role': 'Client #1', 'Round': 8, 'Results_raw': {'train_avg_loss': 3.774822, 'train_loss': 26.423752, 'train_correct': 0.0, 'train_acc': 0.0, 'train_f1': 0.0, 'train_total': 7}}[0m
[38;5;39m2023-02-24 20:47:53,881 (client:306) INFO: {'Role': 'Client #6', 'Round': 8, 'Results_raw': {'train_avg_loss': 1.507403, 'train_loss': 102.503391, 'train_correct': 34.0, 'train_acc': 0.5, 'train_f1': 0.261667, 'train_total': 68}}[0m
[38;5;39m2023-02-24 20:47:53,883 (server:590) INFO: {'Role': 'Server #', 'Round': 7, 'Results_weighted_avg': {'test_avg_loss': 2.366881, 'test_loss': 115.766964, 'test_correct': 16.0, 'test_acc': 0.727273, 'test_f1': 0.543216, 'test_total': 22.0}, 'Results_avg': {'test_avg_loss': 2.241158, 'test_loss': 52.071372, 'test_correct': 16.0, 'test_acc': 0.604847, 'test_f1': 0.501043, 'test_total': 22.0}, 'Results_fairness': {'test_correct': 16.0, 'test_total': 22.0, 'test_avg_loss_std': 1.024502, 'test_avg_loss_bottom_decile': 0.817916, 'test_avg_loss_top_decile': 3.626828, 'test_avg_loss_min': 0.315863, 'test_avg_loss_max': 3.626828, 'test_avg_loss_bottom10%': 0.315863, 'test_avg_loss_top10%': 3.626828, 'test_avg_loss_cos1': 0.909479, 'test_avg_loss_entropy': 2.175207, 'test_loss_std': 69.81744, 'test_loss_bottom_decile': 12.377203, 'test_loss_top_decile': 251.584118, 'test_loss_min': 3.474492, 'test_loss_max': 251.584118, 'test_loss_bottom10%': 3.474492, 'test_loss_top10%': 251.584118, 'test_loss_cos1': 0.597854, 'test_loss_entropy': 1.691311, 'test_acc_std': 0.25437, 'test_acc_bottom_decile': 0.333333, 'test_acc_top_decile': 1.0, 'test_acc_min': 0.25, 'test_acc_max': 1.0, 'test_acc_bottom10%': 0.25, 'test_acc_top10%': 1.0, 'test_acc_cos1': 0.9218, 'test_acc_entropy': 2.212025, 'test_f1_std': 0.2568, 'test_f1_bottom_decile': 0.25, 'test_f1_top_decile': 1.0, 'test_f1_min': 0.222222, 'test_f1_max': 1.0, 'test_f1_bottom10%': 0.222222, 'test_f1_top10%': 1.0, 'test_f1_cos1': 0.889922, 'test_f1_entropy': 2.175364}}[0m
[38;5;39m2023-02-24 20:47:53,886 (monitor:541) INFO: {'Role': 'Server #', 'Round': 8, 'Results_model_metric': {}}[0m
[38;5;39m2023-02-24 20:47:53,909 (server:330) INFO: Server: Starting evaluation at the end of round 8.[0m
[38;5;39m2023-02-24 20:47:53,910 (server:336) INFO: ----------- Starting a new training round (Round #9) -------------[0m
[33;20m2023-02-24 20:47:54,015 (context:294) WARNING: No val_data or val_loader in the trainer, will skip evaluation.If this is not the case you want, please check whether there is typo for the name[0m
[33;20m2023-02-24 20:47:54,354 (context:294) WARNING: No val_data or val_loader in the trainer, will skip evaluation.If this is not the case you want, please check whether there is typo for the name[0m
[33;20m2023-02-24 20:47:54,431 (context:294) WARNING: No val_data or val_loader in the trainer, will skip evaluation.If this is not the case you want, please check whether there is typo for the name[0m
[33;20m2023-02-24 20:47:54,504 (context:294) WARNING: No val_data or val_loader in the trainer, will skip evaluation.If this is not the case you want, please check whether there is typo for the name[0m
[33;20m2023-02-24 20:47:54,957 (context:294) WARNING: No val_data or val_loader in the trainer, will skip evaluation.If this is not the case you want, please check whether there is typo for the name[0m
[33;20m2023-02-24 20:47:55,166 (context:294) WARNING: No val_data or val_loader in the trainer, will skip evaluation.If this is not the case you want, please check whether there is typo for the name[0m
[33;20m2023-02-24 20:47:55,218 (context:294) WARNING: No val_data or val_loader in the trainer, will skip evaluation.If this is not the case you want, please check whether there is typo for the name[0m
[33;20m2023-02-24 20:47:55,308 (context:294) WARNING: No val_data or val_loader in the trainer, will skip evaluation.If this is not the case you want, please check whether there is typo for the name[0m
[33;20m2023-02-24 20:47:55,416 (context:294) WARNING: No val_data or val_loader in the trainer, will skip evaluation.If this is not the case you want, please check whether there is typo for the name[0m
[33;20m2023-02-24 20:47:56,121 (context:294) WARNING: No val_data or val_loader in the trainer, will skip evaluation.If this is not the case you want, please check whether there is typo for the name[0m
[38;5;39m2023-02-24 20:47:56,539 (client:306) INFO: {'Role': 'Client #9', 'Round': 9, 'Results_raw': {'train_avg_loss': 0.353198, 'train_loss': 11.302327, 'train_correct': 30.0, 'train_acc': 0.9375, 'train_f1': 0.322581, 'train_total': 32}}[0m
[38;5;39m2023-02-24 20:47:57,621 (client:306) INFO: {'Role': 'Client #6', 'Round': 9, 'Results_raw': {'train_avg_loss': 1.511894, 'train_loss': 102.808784, 'train_correct': 35.0, 'train_acc': 0.514706, 'train_f1': 0.25951, 'train_total': 68}}[0m
[38;5;39m2023-02-24 20:48:00,651 (client:306) INFO: {'Role': 'Client #2', 'Round': 9, 'Results_raw': {'train_avg_loss': 0.059203, 'train_loss': 17.168936, 'train_correct': 282.0, 'train_acc': 0.972414, 'train_f1': 0.328671, 'train_total': 290}}[0m
[38;5;39m2023-02-24 20:48:00,851 (client:306) INFO: {'Role': 'Client #7', 'Round': 9, 'Results_raw': {'train_avg_loss': 3.342045, 'train_loss': 70.182945, 'train_correct': 0.0, 'train_acc': 0.0, 'train_f1': 0.0, 'train_total': 21}}[0m
[38;5;39m2023-02-24 20:48:00,893 (client:306) INFO: {'Role': 'Client #10', 'Round': 9, 'Results_raw': {'train_avg_loss': 1.65708, 'train_loss': 4.971239, 'train_correct': 1.0, 'train_acc': 0.333333, 'train_f1': 0.166667, 'train_total': 3}}[0m
[38;5;39m2023-02-24 20:48:00,973 (client:306) INFO: {'Role': 'Client #1', 'Round': 9, 'Results_raw': {'train_avg_loss': 3.865204, 'train_loss': 27.05643, 'train_correct': 0.0, 'train_acc': 0.0, 'train_f1': 0.0, 'train_total': 7}}[0m
[38;5;39m2023-02-24 20:48:02,329 (client:306) INFO: {'Role': 'Client #5', 'Round': 9, 'Results_raw': {'train_avg_loss': 0.290291, 'train_loss': 39.769901, 'train_correct': 124.0, 'train_acc': 0.905109, 'train_f1': 0.691495, 'train_total': 137}}[0m
[38;5;39m2023-02-24 20:48:02,533 (client:306) INFO: {'Role': 'Client #8', 'Round': 9, 'Results_raw': {'train_avg_loss': 0.523352, 'train_loss': 10.467036, 'train_correct': 18.0, 'train_acc': 0.9, 'train_f1': 0.490476, 'train_total': 20}}[0m
[38;5;39m2023-02-24 20:48:05,329 (client:306) INFO: {'Role': 'Client #3', 'Round': 9, 'Results_raw': {'train_avg_loss': 0.054945, 'train_loss': 16.373722, 'train_correct': 293.0, 'train_acc': 0.983221, 'train_f1': 0.49577, 'train_total': 298}}[0m
[38;5;39m2023-02-24 20:48:05,387 (client:306) INFO: {'Role': 'Client #4', 'Round': 9, 'Results_raw': {'train_avg_loss': 0.16488, 'train_loss': 0.16488, 'train_correct': 1.0, 'train_acc': 1.0, 'train_f1': 1.0, 'train_total': 1}}[0m
[38;5;39m2023-02-24 20:48:05,389 (server:590) INFO: {'Role': 'Server #', 'Round': 8, 'Results_weighted_avg': {'test_avg_loss': 2.230092, 'test_loss': 109.821163, 'test_correct': 16.3, 'test_acc': 0.740909, 'test_f1': 0.573894, 'test_total': 22.0}, 'Results_avg': {'test_avg_loss': 2.097187, 'test_loss': 49.062031, 'test_correct': 16.3, 'test_acc': 0.664382, 'test_f1': 0.538402, 'test_total': 22.0}, 'Results_fairness': {'test_correct': 16.3, 'test_total': 22.0, 'test_avg_loss_std': 0.989455, 'test_avg_loss_bottom_decile': 0.737853, 'test_avg_loss_top_decile': 3.541261, 'test_avg_loss_min': 0.338128, 'test_avg_loss_max': 3.541261, 'test_avg_loss_bottom10%': 0.338128, 'test_avg_loss_top10%': 3.541261, 'test_avg_loss_cos1': 0.904396, 'test_avg_loss_entropy': 2.172094, 'test_loss_std': 66.740029, 'test_loss_bottom_decile': 10.704131, 'test_loss_top_decile': 241.156014, 'test_loss_min': 3.719404, 'test_loss_max': 241.156014, 'test_loss_bottom10%': 3.719404, 'test_loss_top10%': 241.156014, 'test_loss_cos1': 0.5923, 'test_loss_entropy': 1.681854, 'test_acc_std': 0.268963, 'test_acc_bottom_decile': 0.25, 'test_acc_top_decile': 1.0, 'test_acc_min': 0.25, 'test_acc_max': 1.0, 'test_acc_bottom10%': 0.25, 'test_acc_top10%': 1.0, 'test_acc_cos1': 0.926924, 'test_acc_entropy': 2.212402, 'test_f1_std': 0.284412, 'test_f1_bottom_decile': 0.269231, 'test_f1_top_decile': 1.0, 'test_f1_min': 0.261905, 'test_f1_max': 1.0, 'test_f1_bottom10%': 0.261905, 'test_f1_top10%': 1.0, 'test_f1_cos1': 0.884211, 'test_f1_entropy': 2.168578}}[0m
[38;5;39m2023-02-24 20:48:05,394 (monitor:541) INFO: {'Role': 'Server #', 'Round': 9, 'Results_model_metric': {}}[0m
[38;5;39m2023-02-24 20:48:05,432 (server:347) INFO: Server: Training is finished! Starting evaluation.[0m
[33;20m2023-02-24 20:48:05,542 (context:294) WARNING: No val_data or val_loader in the trainer, will skip evaluation.If this is not the case you want, please check whether there is typo for the name[0m
[33;20m2023-02-24 20:48:05,830 (context:294) WARNING: No val_data or val_loader in the trainer, will skip evaluation.If this is not the case you want, please check whether there is typo for the name[0m
[33;20m2023-02-24 20:48:05,888 (context:294) WARNING: No val_data or val_loader in the trainer, will skip evaluation.If this is not the case you want, please check whether there is typo for the name[0m
[33;20m2023-02-24 20:48:05,984 (context:294) WARNING: No val_data or val_loader in the trainer, will skip evaluation.If this is not the case you want, please check whether there is typo for the name[0m
[33;20m2023-02-24 20:48:06,436 (context:294) WARNING: No val_data or val_loader in the trainer, will skip evaluation.If this is not the case you want, please check whether there is typo for the name[0m
[33;20m2023-02-24 20:48:06,677 (context:294) WARNING: No val_data or val_loader in the trainer, will skip evaluation.If this is not the case you want, please check whether there is typo for the name[0m
[33;20m2023-02-24 20:48:06,779 (context:294) WARNING: No val_data or val_loader in the trainer, will skip evaluation.If this is not the case you want, please check whether there is typo for the name[0m
[33;20m2023-02-24 20:48:06,869 (context:294) WARNING: No val_data or val_loader in the trainer, will skip evaluation.If this is not the case you want, please check whether there is typo for the name[0m
[33;20m2023-02-24 20:48:07,049 (context:294) WARNING: No val_data or val_loader in the trainer, will skip evaluation.If this is not the case you want, please check whether there is typo for the name[0m
[33;20m2023-02-24 20:48:07,687 (context:294) WARNING: No val_data or val_loader in the trainer, will skip evaluation.If this is not the case you want, please check whether there is typo for the name[0m
[38;5;39m2023-02-24 20:48:07,689 (server:590) INFO: {'Role': 'Server #', 'Round': 9, 'Results_weighted_avg': {'test_avg_loss': 2.094503, 'test_loss': 103.949684, 'test_correct': 15.9, 'test_acc': 0.722727, 'test_f1': 0.544571, 'test_total': 22.0}, 'Results_avg': {'test_avg_loss': 1.957832, 'test_loss': 46.079059, 'test_correct': 15.9, 'test_acc': 0.65966, 'test_f1': 0.477884, 'test_total': 22.0}, 'Results_fairness': {'test_correct': 15.9, 'test_total': 22.0, 'test_avg_loss_std': 0.965607, 'test_avg_loss_bottom_decile': 0.584656, 'test_avg_loss_top_decile': 3.44376, 'test_avg_loss_min': 0.439062, 'test_avg_loss_max': 3.44376, 'test_avg_loss_bottom10%': 0.439062, 'test_avg_loss_top10%': 3.44376, 'test_avg_loss_cos1': 0.896852, 'test_avg_loss_entropy': 2.166835, 'test_loss_std': 63.907596, 'test_loss_bottom_decile': 9.186096, 'test_loss_top_decile': 230.860154, 'test_loss_min': 4.829678, 'test_loss_max': 230.860154, 'test_loss_bottom10%': 4.829678, 'test_loss_top10%': 230.860154, 'test_loss_cos1': 0.584853, 'test_loss_entropy': 1.666695, 'test_acc_std': 0.2124, 'test_acc_bottom_decile': 0.375, 'test_acc_top_decile': 0.857143, 'test_acc_min': 0.25, 'test_acc_max': 0.857143, 'test_acc_bottom10%': 0.25, 'test_acc_top10%': 0.857143, 'test_acc_cos1': 0.951874, 'test_acc_entropy': 2.243378, 'test_f1_std': 0.177541, 'test_f1_bottom_decile': 0.266667, 'test_f1_top_decile': 0.801136, 'test_f1_min': 0.217391, 'test_f1_max': 0.801136, 'test_f1_bottom10%': 0.217391, 'test_f1_top10%': 0.801136, 'test_f1_cos1': 0.937399, 'test_f1_entropy': 2.232359}}[0m
[38;5;39m2023-02-24 20:48:07,690 (server:395) INFO: Server: Final evaluation is finished! Starting merging results.[0m
[38;5;39m2023-02-24 20:48:07,691 (server:521) INFO: {'Role': 'Server #', 'Round': 'Final', 'Results_raw': {'client_best_individual': {'test_loss': 3.321012, 'test_avg_loss': 0.30191, 'test_correct': 71.0, 'test_acc': 1.0, 'test_f1': 1.0, 'test_total': 5.0}, 'client_summarized_weighted_avg': {'test_loss': 103.949684, 'test_avg_loss': 2.094503, 'test_correct': 15.9, 'test_acc': 0.722727, 'test_f1': 0.544571, 'test_total': 22.0}, 'client_summarized_avg': {'test_loss': 46.079059, 'test_avg_loss': 1.957832, 'test_correct': 15.9, 'test_acc': 0.65966, 'test_f1': 0.477884, 'test_total': 22.0}, 'client_summarized_fairness': {'test_loss_entropy': 1.666695, 'test_loss_cos1': 0.584853, 'test_loss_top10%': 230.860154, 'test_loss_bottom10%': 4.829678, 'test_loss_max': 230.860154, 'test_loss_min': 4.829678, 'test_loss_top_decile': 230.860154, 'test_loss_bottom_decile': 9.186096, 'test_loss_std': 63.907596, 'test_correct': 15.9, 'test_total': 22.0, 'test_avg_loss_std': 0.965607, 'test_avg_loss_bottom_decile': 0.584656, 'test_avg_loss_top_decile': 3.44376, 'test_avg_loss_min': 0.439062, 'test_avg_loss_max': 3.44376, 'test_avg_loss_bottom10%': 0.439062, 'test_avg_loss_top10%': 3.44376, 'test_avg_loss_cos1': 0.896852, 'test_avg_loss_entropy': 2.166835, 'test_acc_std': 0.2124, 'test_acc_bottom_decile': 0.375, 'test_acc_top_decile': 0.857143, 'test_acc_min': 0.25, 'test_acc_max': 0.857143, 'test_acc_bottom10%': 0.25, 'test_acc_top10%': 0.857143, 'test_acc_cos1': 0.951874, 'test_acc_entropy': 2.243378, 'test_f1_std': 0.177541, 'test_f1_bottom_decile': 0.266667, 'test_f1_top_decile': 0.801136, 'test_f1_min': 0.217391, 'test_f1_max': 0.801136, 'test_f1_bottom10%': 0.217391, 'test_f1_top10%': 0.801136, 'test_f1_cos1': 0.937399, 'test_f1_entropy': 2.232359}}}[0m
[38;5;39m2023-02-24 20:48:07,692 (server:540) INFO: {'Role': 'Client #1', 'Round': 10, 'Results_raw': {'test_avg_loss': 2.994774, 'test_loss': 35.937289, 'test_correct': 10.0, 'test_acc': 0.833333, 'test_f1': 0.454545, 'test_total': 12}}[0m
[38;5;39m2023-02-24 20:48:07,692 (server:540) INFO: {'Role': 'Client #7', 'Round': 10, 'Results_raw': {'test_avg_loss': 1.640465, 'test_loss': 9.842792, 'test_correct': 4.0, 'test_acc': 0.666667, 'test_f1': 0.625, 'test_total': 6}}[0m
[38;5;39m2023-02-24 20:48:07,692 (server:540) INFO: {'Role': 'Client #8', 'Round': 10, 'Results_raw': {'test_avg_loss': 1.837219, 'test_loss': 9.186096, 'test_correct': 4.0, 'test_acc': 0.8, 'test_f1': 0.333333, 'test_total': 5}}[0m
[38;5;39m2023-02-24 20:48:07,692 (server:540) INFO: {'Role': 'Client #4', 'Round': 10, 'Results_raw': {'test_avg_loss': 2.998184, 'test_loss': 230.860154, 'test_correct': 66.0, 'test_acc': 0.857143, 'test_f1': 0.636325, 'test_total': 77}}[0m
[38;5;39m2023-02-24 20:48:07,693 (server:540) INFO: {'Role': 'Client #2', 'Round': 10, 'Results_raw': {'test_avg_loss': 0.439062, 'test_loss': 4.829678, 'test_correct': 9.0, 'test_acc': 0.818182, 'test_f1': 0.45, 'test_total': 11}}[0m
[38;5;39m2023-02-24 20:48:07,693 (server:540) INFO: {'Role': 'Client #6', 'Round': 10, 'Results_raw': {'test_avg_loss': 0.584656, 'test_loss': 13.447092, 'test_correct': 17.0, 'test_acc': 0.73913, 'test_f1': 0.616667, 'test_total': 23}}[0m
[38;5;39m2023-02-24 20:48:07,693 (server:540) INFO: {'Role': 'Client #5', 'Round': 10, 'Results_raw': {'test_avg_loss': 2.528499, 'test_loss': 20.227991, 'test_correct': 3.0, 'test_acc': 0.375, 'test_f1': 0.377778, 'test_total': 8}}[0m
[38;5;39m2023-02-24 20:48:07,693 (server:540) INFO: {'Role': 'Client #9', 'Round': 10, 'Results_raw': {'test_avg_loss': 1.524028, 'test_loss': 53.340984, 'test_correct': 29.0, 'test_acc': 0.828571, 'test_f1': 0.801136, 'test_total': 35}}[0m
[38;5;39m2023-02-24 20:48:07,694 (server:540) INFO: {'Role': 'Client #3', 'Round': 10, 'Results_raw': {'test_avg_loss': 1.58767, 'test_loss': 55.568435, 'test_correct': 15.0, 'test_acc': 0.428571, 'test_f1': 0.217391, 'test_total': 35}}[0m
[38;5;39m2023-02-24 20:48:07,694 (server:540) INFO: {'Role': 'Client #10', 'Round': 10, 'Results_raw': {'test_avg_loss': 3.44376, 'test_loss': 27.550081, 'test_correct': 2.0, 'test_acc': 0.25, 'test_f1': 0.266667, 'test_total': 8}}[0m
[38;5;39m2023-02-24 20:48:07,694 (monitor:172) INFO: In worker #0, the system-related metrics are: {'id': 0, 'fl_end_time_minutes': 2.062587, 'total_model_size': 0, 'total_flops': 0, 'total_upload_bytes': 2488000, 'total_download_bytes': 500040, 'global_convergence_round': 0, 'local_convergence_round': 0, 'global_convergence_time_minutes': 0, 'local_convergence_time_minutes': 0}[0m
[38;5;39m2023-02-24 20:48:07,695 (client:513) INFO: ================= client 1 received finish message =================[0m
[38;5;39m2023-02-24 20:48:07,698 (monitor:172) INFO: In worker #1, the system-related metrics are: {'id': 1, 'fl_end_time_minutes': 2.058915, 'total_model_size': 3260030, 'total_flops': 18580679040.0, 'total_upload_bytes': 50096, 'total_download_bytes': 248800, 'global_convergence_round': 0, 'local_convergence_round': 0, 'global_convergence_time_minutes': 0, 'local_convergence_time_minutes': 0}[0m
[38;5;39m2023-02-24 20:48:07,698 (client:513) INFO: ================= client 3 received finish message =================[0m
[38;5;39m2023-02-24 20:48:07,701 (monitor:172) INFO: In worker #3, the system-related metrics are: {'id': 3, 'fl_end_time_minutes': 2.050849, 'total_model_size': 3260030, 'total_flops': 791006050560.0, 'total_upload_bytes': 50096, 'total_download_bytes': 248800, 'global_convergence_round': 0, 'local_convergence_round': 0, 'global_convergence_time_minutes': 0, 'local_convergence_time_minutes': 0}[0m
[38;5;39m2023-02-24 20:48:07,701 (client:513) INFO: ================= client 7 received finish message =================[0m
[38;5;39m2023-02-24 20:48:07,703 (monitor:172) INFO: In worker #7, the system-related metrics are: {'id': 7, 'fl_end_time_minutes': 2.040726, 'total_model_size': 3260030, 'total_flops': 55742037120.0, 'total_upload_bytes': 50096, 'total_download_bytes': 248800, 'global_convergence_round': 0, 'local_convergence_round': 0, 'global_convergence_time_minutes': 0, 'local_convergence_time_minutes': 0}[0m
[38;5;39m2023-02-24 20:48:07,704 (client:513) INFO: ================= client 10 received finish message =================[0m
[38;5;39m2023-02-24 20:48:07,706 (monitor:172) INFO: In worker #10, the system-related metrics are: {'id': 10, 'fl_end_time_minutes': 2.033463, 'total_model_size': 3260030, 'total_flops': 7963148160.0, 'total_upload_bytes': 50096, 'total_download_bytes': 248800, 'global_convergence_round': 0, 'local_convergence_round': 0, 'global_convergence_time_minutes': 0, 'local_convergence_time_minutes': 0}[0m
[38;5;39m2023-02-24 20:48:07,707 (client:513) INFO: ================= client 9 received finish message =================[0m
[38;5;39m2023-02-24 20:48:07,709 (monitor:172) INFO: In worker #9, the system-related metrics are: {'id': 9, 'fl_end_time_minutes': 2.036408, 'total_model_size': 3260030, 'total_flops': 84940247040.0, 'total_upload_bytes': 50096, 'total_download_bytes': 248800, 'global_convergence_round': 0, 'local_convergence_round': 0, 'global_convergence_time_minutes': 0, 'local_convergence_time_minutes': 0}[0m
[38;5;39m2023-02-24 20:48:07,709 (client:513) INFO: ================= client 6 received finish message =================[0m
[38;5;39m2023-02-24 20:48:07,711 (monitor:172) INFO: In worker #6, the system-related metrics are: {'id': 6, 'fl_end_time_minutes': 2.043355, 'total_model_size': 3260030, 'total_flops': 180498024960.0, 'total_upload_bytes': 50096, 'total_download_bytes': 248800, 'global_convergence_round': 0, 'local_convergence_round': 0, 'global_convergence_time_minutes': 0, 'local_convergence_time_minutes': 0}[0m
[38;5;39m2023-02-24 20:48:07,712 (client:513) INFO: ================= client 8 received finish message =================[0m
[38;5;39m2023-02-24 20:48:07,714 (monitor:172) INFO: In worker #8, the system-related metrics are: {'id': 8, 'fl_end_time_minutes': 2.039641, 'total_model_size': 3260030, 'total_flops': 53087654400.0, 'total_upload_bytes': 50096, 'total_download_bytes': 248800, 'global_convergence_round': 0, 'local_convergence_round': 0, 'global_convergence_time_minutes': 0, 'local_convergence_time_minutes': 0}[0m
[38;5;39m2023-02-24 20:48:07,714 (client:513) INFO: ================= client 5 received finish message =================[0m
[38;5;39m2023-02-24 20:48:07,717 (monitor:172) INFO: In worker #5, the system-related metrics are: {'id': 5, 'fl_end_time_minutes': 2.04643, 'total_model_size': 3260030, 'total_flops': 363650432640.0, 'total_upload_bytes': 50096, 'total_download_bytes': 248800, 'global_convergence_round': 0, 'local_convergence_round': 0, 'global_convergence_time_minutes': 0, 'local_convergence_time_minutes': 0}[0m
[38;5;39m2023-02-24 20:48:07,717 (client:513) INFO: ================= client 2 received finish message =================[0m
[38;5;39m2023-02-24 20:48:07,719 (monitor:172) INFO: In worker #2, the system-related metrics are: {'id': 2, 'fl_end_time_minutes': 2.055582, 'total_model_size': 3260030, 'total_flops': 769770988800.0, 'total_upload_bytes': 50096, 'total_download_bytes': 248800, 'global_convergence_round': 0, 'local_convergence_round': 0, 'global_convergence_time_minutes': 0, 'local_convergence_time_minutes': 0}[0m
[38;5;39m2023-02-24 20:48:07,720 (client:513) INFO: ================= client 4 received finish message =================[0m
[38;5;39m2023-02-24 20:48:07,722 (monitor:172) INFO: In worker #4, the system-related metrics are: {'id': 4, 'fl_end_time_minutes': 2.048199, 'total_model_size': 3260030, 'total_flops': 2654382720.0, 'total_upload_bytes': 50096, 'total_download_bytes': 248800, 'global_convergence_round': 0, 'local_convergence_round': 0, 'global_convergence_time_minutes': 0, 'local_convergence_time_minutes': 0}[0m
[38;5;39m2023-02-24 20:48:07,722 (monitor:337) INFO: We will compress the file eval_results.raw into a .gz file, and delete the old one[0m
[38;5;39m2023-02-24 20:48:07,738 (monitor:245) INFO: After merging the system metrics from all works, we got avg: defaultdict(None, {'id': 'sys_avg', 'sys_avg/fl_end_time_minutes': 2.046923, 'sys_avg/total_model_size': '2.83M', 'sys_avg/total_flops': '197.09G', 'sys_avg/total_upload_bytes': '265.36K', 'sys_avg/total_download_bytes': '265.27K', 'sys_avg/global_convergence_round': 0.0, 'sys_avg/local_convergence_round': 0.0, 'sys_avg/global_convergence_time_minutes': 0.0, 'sys_avg/local_convergence_time_minutes': 0.0})[0m
[38;5;39m2023-02-24 20:48:07,739 (monitor:248) INFO: After merging the system metrics from all works, we got std: defaultdict(None, {'id': 'sys_std', 'sys_std/fl_end_time_minutes': 0.008931, 'sys_std/total_model_size': '915.23K', 'sys_std/total_flops': '266.98G', 'sys_std/total_upload_bytes': '684.42K', 'sys_std/total_download_bytes': '70.53K', 'sys_std/global_convergence_round': 0.0, 'sys_std/local_convergence_round': 0.0, 'sys_std/global_convergence_time_minutes': 0.0, 'sys_std/local_convergence_time_minutes': 0.0})[0m
None
220
<generator object BaseDataTranslator.split_to_client.<locals>.<genexpr> at 0x7f7320db2270>
