 is at 192.168.0.1[0m
[38;5;39m2023-02-25 01:13:26,064 (logging:126) INFO: the current dir is /home/ubuntu/medscale[0m
[38;5;39m2023-02-25 01:13:26,065 (logging:127) INFO: the output dir is exp/FedAvg_convnet5_on_lung100_lr0.01_lstep1/sub_exp_20230225011326[0m
[33;20m2023-02-25 01:13:35,954 (cfg_data:145) WARNING: config `cfg.data.batch_size` will be removed in the future, use `cfg.dataloader.batch_size` instead.[0m
[33;20m2023-02-25 01:13:35,954 (cfg_data:145) WARNING: config `cfg.data.batch_size` will be removed in the future, use `cfg.dataloader.batch_size` instead.[0m
[38;5;39m2023-02-25 01:13:35,978 (config:243) INFO: the used configs are: 
aggregator:
  inside_weight: 1.0
  num_agg_groups: 1
  num_agg_topk: []
  outside_weight: 0.0
asyn:
  use: False
attack:
  alpha_TV: 0.001
  alpha_prop_loss: 0
  attack_method: 
  attacker_id: -1
  classifier_PIA: randomforest
  edge_num: 100
  edge_path: edge_data/
  freq: 10
  info_diff_type: l2
  inject_round: 0
  insert_round: 100000
  label_type: dirty
  max_ite: 400
  mean: [0.1307]
  mia_is_simulate_in: False
  mia_simulate_in_round: 20
  pgd_eps: 2
  pgd_lr: 0.1
  pgd_poisoning: False
  poison_ratio: 0.5
  reconstruct_lr: 0.01
  reconstruct_optim: Adam
  scale_para: 1.0
  scale_poisoning: False
  self_epoch: 6
  self_lr: 0.05
  self_opt: False
  setting: fix
  std: [0.3081]
  target_label_ind: -1
  trigger_path: trigger/
  trigger_type: edge
backend: torch
cfg_file: 
check_completeness: False
criterion:
  type: CrossEntropyLoss
data:
  args: []
  batch_size: 16
  cSBM_phi: [0.5, 0.5, 0.5]
  cache_dir: 
  consistent_label_distribution: False
  drop_last: False
  hetero_data_name: []
  hetero_synth_batch_size: 32
  hetero_synth_feat_dim: 128
  hetero_synth_prim_weight: 0.5
  is_debug: False
  loader: 
  max_query_len: 128
  max_seq_len: 384
  max_tgt_len: 128
  num_contrast: 0
  num_of_client_for_data: []
  num_steps: 30
  num_workers: 0
  pre_transform: []
  quadratic:
    dim: 1
    max_curv: 12.5
    min_curv: 0.02
  root: data/
  save_data: False
  server_holds_all: False
  shuffle: True
  sizes: [10, 5]
  splits: [0.8, 0, 0.2]
  splitter: lda
  splitter_args: [{'alpha': 0.3}]
  subsample: 1.0
  target_transform: []
  test_pre_transform: []
  test_target_transform: []
  test_transform: []
  transform: []
  trunc_stride: 128
  type: lung100
  val_pre_transform: []
  val_target_transform: []
  val_transform: []
  walk_length: 2
dataloader:
  batch_size: 16
  drop_last: False
  num_steps: 30
  num_workers: 0
  pin_memory: False
  shuffle: True
  sizes: [10, 5]
  theta: -1
  type: base
  walk_length: 2
device: 0
distribute:
  use: False
early_stop:
  delta: 0.0
  improve_indicator_mode: best
  patience: 5
eval:
  best_res_update_round_wise_key: test_loss
  count_flops: True
  freq: 1
  metrics: ['acc', 'correct', 'f1']
  monitoring: []
  report: ['weighted_avg', 'avg', 'fairness', 'raw']
  split: ['test', 'val']
expname: FedAvg_convnet5_on_lung100_lr0.01_lstep1
expname_tag: 
feat_engr:
  num_bins: 5
  scenario: hfl
  secure:
    dp:
      
    encrypt:
      type: dummy
    key_size: 3072
    type: encrypt
  selec_threshold: 0.05
  selec_woe_binning: quantile
  type: 
federate:
  atc_load_from: 
  atc_vanilla: False
  client_num: 10
  data_weighted_aggr: False
  ignore_weight: False
  join_in_info: []
  make_global_eval: False
  merge_test_data: False
  method: FedAvg
  mode: standalone
  online_aggr: False
  resource_info_file: 
  restore_from: 
  sample_client_num: 8
  sample_client_rate: -1.0
  sampler: uniform
  save_to: 
  share_local_model: False
  total_round_num: 10
  unseen_clients_rate: 0.0
  use_diff: False
  use_ss: False
fedopt:
  use: False
fedprox:
  use: False
fedsageplus:
  a: 1.0
  b: 1.0
  c: 1.0
  fedgen_epoch: 200
  gen_hidden: 128
  hide_portion: 0.5
  loc_epoch: 1
  num_pred: 5
finetune:
  batch_or_epoch: epoch
  before_eval: False
  freeze_param: 
  local_update_steps: 1
  optimizer:
    lr: 0.1
    type: SGD
  scheduler:
    type: 
    warmup_ratio: 0.0
flitplus:
  factor_ema: 0.8
  lambdavat: 0.5
  tmpFed: 0.5
  weightReg: 1.0
gcflplus:
  EPS_1: 0.05
  EPS_2: 0.1
  seq_length: 5
  standardize: False
grad:
  grad_accum_count: 1
  grad_clip: 5.0
hpo:
  fedex:
    cutoff: 0.0
    diff: False
    eta0: -1.0
    flatten_ss: True
    gamma: 0.0
    pi_lr: 0.01
    psn: False
    sched: auto
    ss: 
    use: False
  init_cand_num: 16
  larger_better: False
  metric: client_summarized_weighted_avg.val_loss
  num_workers: 0
  pbt:
    max_stage: 5
    perf_threshold: 0.1
  scheduler: rs
  sha:
    budgets: []
    elim_rate: 3
    iter: 0
  ss: 
  table:
    eps: 0.1
    idx: 0
    num: 27
  working_folder: hpo
model:
  contrast_temp: 1.0
  contrast_topk: 100
  downstream_tasks: []
  dropout: 0.0
  embed_size: 8
  gamma: 0
  graph_pooling: mean
  hidden: 2048
  in_channels: 0
  input_shape: ()
  label_smoothing: 0.1
  lambda_: 0.1
  layer: 2
  length_penalty: 2.0
  max_answer_len: 30
  max_length: 200
  max_tree_depth: 3
  min_length: 1
  model_num_per_trainer: 1
  model_type: google/bert_uncased_L-2_H-128_A-2
  n_best_size: 20
  no_repeat_ngram_size: 3
  null_score_diff_threshold: 0.0
  num_beams: 5
  num_item: 0
  num_labels: 1
  num_of_trees: 10
  num_user: 0
  out_channels: 62
  pretrain_tasks: []
  stage: 
  task: node
  type: convnet5
  use_bias: True
  use_contrastive_loss: False
nbafl:
  use: False
outdir: exp/FedAvg_convnet5_on_lung100_lr0.01_lstep1/sub_exp_20230225011326
personalization:
  K: 5
  beta: 1.0
  local_param: ['bn', 'norms']
  local_update_steps: 1
  lr: 0.01
  regular_weight: 0.1
  share_non_trainable_para: False
print_decimal_digits: 6
regularizer:
  mu: 0.0
  type: 
seed: 2
sgdmf:
  use: False
train:
  batch_or_epoch: epoch
  local_update_steps: 1
  optimizer:
    lr: 0.01
    type: SGD
    weight_decay: 0.0
  scheduler:
    type: 
    warmup_ratio: 0.0
trainer:
  disp_freq: 50
  local_entropy:
    alpha: 0.75
    eps: 0.001
    gamma: 0.0001
  sam:
    adaptive: False
    eta: 0.0
    rho: 1.0
  type: cvtrainer
  val_freq: 100000000
use_gpu: True
verbose: 1
vertical:
  use: False
wandb:
  use: False[0m
[38;5;39m2023-02-25 01:13:36,117 (utils:144) INFO: The device information file is not provided[0m
[38;5;39m2023-02-25 01:13:36,365 (fed_runner:169) INFO: Server has been set up ... [0m
[38;5;39m2023-02-25 01:13:36,525 (fed_runner:221) INFO: Client 1 has been set up ... [0m
[38;5;39m2023-02-25 01:13:36,665 (fed_runner:221) INFO: Client 2 has been set up ... [0m
[38;5;39m2023-02-25 01:13:36,753 (fed_runner:221) INFO: Client 3 has been set up ... [0m
[38;5;39m2023-02-25 01:13:36,887 (fed_runner:221) INFO: Client 4 has been set up ... [0m
[38;5;39m2023-02-25 01:13:36,920 (fed_runner:221) INFO: Client 5 has been set up ... [0m
[38;5;39m2023-02-25 01:13:37,174 (fed_runner:221) INFO: Client 6 has been set up ... [0m
[38;5;39m2023-02-25 01:13:37,314 (fed_runner:221) INFO: Client 7 has been set up ... [0m
[38;5;39m2023-02-25 01:13:37,598 (fed_runner:221) INFO: Client 8 has been set up ... [0m
[38;5;39m2023-02-25 01:13:37,906 (fed_runner:221) INFO: Client 9 has been set up ... [0m
[38;5;39m2023-02-25 01:13:38,230 (fed_runner:221) INFO: Client 10 has been set up ... [0m
<<<<<<< HEAD
[38;5;39m2023-02-25 01:13:38,230 (trainer:341) INFO: Model meta-info: <class 'medscale.cv.model.cnn.ConvNet5'>.[0m
=======
<<<<<<< HEAD
[38;5;39m2023-02-25 01:13:38,230 (trainer:341) INFO: Model meta-info: <class 'medscale.cv.model.cnn.ConvNet5'>.[0m
=======
[38;5;39m2023-02-25 01:13:38,230 (trainer:341) INFO: Model meta-info: <class 'medscale.cv.model.cnn.ConvNet5'>.[0m
>>>>>>> fe4962455354c9c11afd9c9806ceda28eb280737
>>>>>>> 64b283ee525ef53c32509882719e74890329b83f
[38;5;39m2023-02-25 01:13:38,230 (trainer:349) INFO: Num of original para names: 39.[0m
[38;5;39m2023-02-25 01:13:38,231 (trainer:350) INFO: Num of original trainable para names: 24.[0m
[38;5;39m2023-02-25 01:13:38,231 (trainer:352) INFO: Num of preserved para names in local update: 14. 
Preserved para names in local update: {'conv2.weight', 'conv4.weight', 'fc2.weight', 'conv2.bias', 'conv3.bias', 'fc2.bias', 'conv1.weight', 'conv3.weight', 'conv5.bias', 'conv4.bias', 'fc1.weight', 'conv1.bias', 'fc1.bias', 'conv5.weight'}.[0m
[38;5;39m2023-02-25 01:13:38,231 (trainer:356) INFO: Num of filtered para names in local update: 25. 
Filtered para names in local update: {'bn3.weight', 'bn5.running_var', 'bn2.running_mean', 'bn1.weight', 'bn2.weight', 'bn3.bias', 'bn5.running_mean', 'bn2.running_var', 'bn1.num_batches_tracked', 'bn4.running_mean', 'bn4.num_batches_tracked', 'bn5.weight', 'bn2.bias', 'bn4.running_var', 'bn3.num_batches_tracked', 'bn4.weight', 'bn1.bias', 'bn5.bias', 'bn4.bias', 'bn1.running_mean', 'bn2.num_batches_tracked', 'bn3.running_var', 'bn5.num_batches_tracked', 'bn3.running_mean', 'bn1.running_var'}.[0m
[38;5;39m2023-02-25 01:13:38,231 (trainer:361) INFO: After register default hooks,
	the hooks_in_train is:
	{
	  "on_fit_start": [
	    "_hook_on_fit_start_init",
	    "_hook_on_fit_start_calculate_model_size"
	  ],
	  "on_epoch_start": [
	    "_hook_on_epoch_start"
	  ],
	  "on_batch_start": [
	    "_hook_on_batch_start_init"
	  ],
	  "on_batch_forward": [
	    "_hook_on_batch_forward",
	    "_hook_on_batch_forward_regularizer",
	    "_hook_on_batch_forward_flop_count"
	  ],
	  "on_batch_backward": [
	    "_hook_on_batch_backward"
	  ],
	  "on_batch_end": [
	    "_hook_on_batch_end"
	  ],
	  "on_fit_end": [
	    "_hook_on_fit_end"
	  ]
	};
	the hooks_in_eval is:
            t{
	  "on_fit_start": [
	    "_hook_on_fit_start_init"
	  ],
	  "on_epoch_start": [
	    "_hook_on_epoch_start"
	  ],
	  "on_batch_start": [
	    "_hook_on_batch_start_init"
	  ],
	  "on_batch_forward": [
	    "_hook_on_batch_forward"
	  ],
	  "on_batch_end": [
	    "_hook_on_batch_end"
	  ],
	  "on_fit_end": [
	    "_hook_on_fit_end"
	  ]
	}[0m
[38;5;39m2023-02-25 01:13:38,261 (server:804) INFO: ----------- Starting training (Round #0) -------------[0m
Unsupported operator aten::max_pool2d encountered 5 time(s)
[38;5;39m2023-02-25 01:13:42,489 (client:306) INFO: {'Role': 'Client #9', 'Round': 0, 'Results_raw': {'train_total': 6, 'train_loss': 28.358551, 'train_correct': 0.0, 'train_f1': 0.0, 'train_acc': 0.0, 'train_avg_loss': 4.726425}}[0m
Unsupported operator aten::max_pool2d encountered 5 time(s)
[38;5;39m2023-02-25 01:13:44,592 (client:306) INFO: {'Role': 'Client #3', 'Round': 0, 'Results_raw': {'train_total': 223, 'train_loss': 254.43677, 'train_correct': 194.0, 'train_f1': 0.186091, 'train_acc': 0.869955, 'train_avg_loss': 1.140972}}[0m
Unsupported operator aten::max_pool2d encountered 5 time(s)
[38;5;39m2023-02-25 01:13:45,959 (client:306) INFO: {'Role': 'Client #10', 'Round': 0, 'Results_raw': {'train_total': 148, 'train_loss': 307.617608, 'train_correct': 86.0, 'train_f1': 0.156982, 'train_acc': 0.581081, 'train_avg_loss': 2.078497}}[0m
Unsupported operator aten::max_pool2d encountered 5 time(s)
[38;5;39m2023-02-25 01:13:47,686 (client:306) INFO: {'Role': 'Client #8', 'Round': 0, 'Results_raw': {'train_total': 174, 'train_loss': 276.725305, 'train_correct': 126.0, 'train_f1': 0.142857, 'train_acc': 0.724138, 'train_avg_loss': 1.590375}}[0m
Unsupported operator aten::max_pool2d encountered 5 time(s)
[38;5;39m2023-02-25 01:13:47,776 (client:306) INFO: {'Role': 'Client #1', 'Round': 0, 'Results_raw': {'train_total': 7, 'train_loss': 32.315907, 'train_correct': 0.0, 'train_f1': 0.0, 'train_acc': 0.0, 'train_avg_loss': 4.616558}}[0m
Unsupported operator aten::max_pool2d encountered 5 time(s)
[38;5;39m2023-02-25 01:13:48,191 (client:306) INFO: {'Role': 'Client #2', 'Round': 0, 'Results_raw': {'train_total': 31, 'train_loss': 131.31028, 'train_correct': 5.0, 'train_f1': 0.050505, 'train_acc': 0.16129, 'train_avg_loss': 4.235815}}[0m
Unsupported operator aten::max_pool2d encountered 5 time(s)
[38;5;39m2023-02-25 01:13:49,418 (client:306) INFO: {'Role': 'Client #4', 'Round': 0, 'Results_raw': {'train_total': 98, 'train_loss': 191.276515, 'train_correct': 77.0, 'train_f1': 0.22, 'train_acc': 0.785714, 'train_avg_loss': 1.951801}}[0m
Unsupported operator aten::max_pool2d encountered 5 time(s)
[38;5;39m2023-02-25 01:13:49,616 (client:306) INFO: {'Role': 'Client #7', 'Round': 0, 'Results_raw': {'train_total': 16, 'train_loss': 74.080284, 'train_correct': 0.0, 'train_f1': 0.0, 'train_acc': 0.0, 'train_avg_loss': 4.630018}}[0m
[38;5;39m2023-02-25 01:13:49,619 (monitor:541) INFO: {'Role': 'Server #', 'Round': 0, 'Results_model_metric': {}}[0m
[38;5;39m2023-02-25 01:13:49,654 (server:330) INFO: Server: Starting evaluation at the end of round 0.[0m
[38;5;39m2023-02-25 01:13:49,655 (server:336) INFO: ----------- Starting a new training round (Round #1) -------------[0m
[33;20m2023-02-25 01:13:50,040 (context:294) WARNING: No val_data or val_loader in the trainer, will skip evaluation.If this is not the case you want, please check whether there is typo for the name[0m
[33;20m2023-02-25 01:13:50,095 (context:294) WARNING: No val_data or val_loader in the trainer, will skip evaluation.If this is not the case you want, please check whether there is typo for the name[0m
[33;20m2023-02-25 01:13:50,156 (context:294) WARNING: No val_data or val_loader in the trainer, will skip evaluation.If this is not the case you want, please check whether there is typo for the name[0m
[33;20m2023-02-25 01:13:50,400 (context:294) WARNING: No val_data or val_loader in the trainer, will skip evaluation.If this is not the case you want, please check whether there is typo for the name[0m
[33;20m2023-02-25 01:13:50,555 (context:294) WARNING: No val_data or val_loader in the trainer, will skip evaluation.If this is not the case you want, please check whether there is typo for the name[0m
[33;20m2023-02-25 01:13:50,826 (context:294) WARNING: No val_data or val_loader in the trainer, will skip evaluation.If this is not the case you want, please check whether there is typo for the name[0m
[33;20m2023-02-25 01:13:51,186 (context:294) WARNING: No val_data or val_loader in the trainer, will skip evaluation.If this is not the case you want, please check whether there is typo for the name[0m
[33;20m2023-02-25 01:13:51,219 (context:294) WARNING: No val_data or val_loader in the trainer, will skip evaluation.If this is not the case you want, please check whether there is typo for the name[0m
[33;20m2023-02-25 01:13:51,563 (context:294) WARNING: No val_data or val_loader in the trainer, will skip evaluation.If this is not the case you want, please check whether there is typo for the name[0m
[33;20m2023-02-25 01:13:51,763 (context:294) WARNING: No val_data or val_loader in the trainer, will skip evaluation.If this is not the case you want, please check whether there is typo for the name[0m
[38;5;39m2023-02-25 01:13:51,853 (client:306) INFO: {'Role': 'Client #1', 'Round': 1, 'Results_raw': {'train_total': 7, 'train_loss': 43.505749, 'train_correct': 0.0, 'train_f1': 0.0, 'train_acc': 0.0, 'train_avg_loss': 6.215107}}[0m
[38;5;39m2023-02-25 01:13:52,169 (client:306) INFO: {'Role': 'Client #2', 'Round': 1, 'Results_raw': {'train_total': 31, 'train_loss': 28.586089, 'train_correct': 26.0, 'train_f1': 0.436364, 'train_acc': 0.83871, 'train_avg_loss': 0.922132}}[0m
[38;5;39m2023-02-25 01:13:54,049 (client:306) INFO: {'Role': 'Client #10', 'Round': 1, 'Results_raw': {'train_total': 148, 'train_loss': 100.468859, 'train_correct': 101.0, 'train_f1': 0.409877, 'train_acc': 0.682432, 'train_avg_loss': 0.678844}}[0m
WARNING:fvcore.nn.jit_analysis:Unsupported operator aten::max_pool2d encountered 5 time(s)
[38;5;39m2023-02-25 01:13:55,698 (client:306) INFO: {'Role': 'Client #5', 'Round': 1, 'Results_raw': {'train_total': 165, 'train_loss': 241.033019, 'train_correct': 94.0, 'train_f1': 0.316498, 'train_acc': 0.569697, 'train_avg_loss': 1.460806}}[0m
[38;5;39m2023-02-25 01:13:55,924 (client:306) INFO: {'Role': 'Client #7', 'Round': 1, 'Results_raw': {'train_total': 16, 'train_loss': 77.022072, 'train_correct': 3.0, 'train_f1': 0.111111, 'train_acc': 0.1875, 'train_avg_loss': 4.813879}}[0m
[38;5;39m2023-02-25 01:13:57,796 (client:306) INFO: {'Role': 'Client #8', 'Round': 1, 'Results_raw': {'train_total': 174, 'train_loss': 80.425798, 'train_correct': 146.0, 'train_f1': 0.518196, 'train_acc': 0.83908, 'train_avg_loss': 0.462217}}[0m
[38;5;39m2023-02-25 01:14:00,106 (client:306) INFO: {'Role': 'Client #3', 'Round': 1, 'Results_raw': {'train_total': 223, 'train_loss': 61.547098, 'train_correct': 202.0, 'train_f1': 0.475294, 'train_acc': 0.90583, 'train_avg_loss': 0.275996}}[0m
WARNING:fvcore.nn.jit_analysis:Unsupported operator aten::max_pool2d encountered 5 time(s)
[38;5;39m2023-02-25 01:14:00,273 (client:306) INFO: {'Role': 'Client #6', 'Round': 1, 'Results_raw': {'train_total': 9, 'train_loss': 18.516156, 'train_correct': 3.0, 'train_f1': 0.181818, 'train_acc': 0.333333, 'train_avg_loss': 2.057351}}[0m
[38;5;39m2023-02-25 01:14:00,288 (server:590) INFO: {'Role': 'Server #', 'Round': 0, 'Results_weighted_avg': {'test_total': 22.0, 'test_loss': 118.003925, 'test_correct': 4.5, 'test_f1': 0.106597, 'test_acc': 0.204545, 'test_avg_loss': 3.830306}, 'Results_avg': {'test_total': 22.0, 'test_loss': 84.266725, 'test_correct': 4.5, 'test_f1': 0.090186, 'test_acc': 0.172442, 'test_avg_loss': 3.906457}, 'Results_fairness': {'test_total': 22.0, 'test_correct': 4.5, 'test_loss_std': 53.780105, 'test_loss_bottom_decile': 21.57351, 'test_loss_top_decile': 183.928614, 'test_loss_min': 4.140475, 'test_loss_max': 183.928614, 'test_loss_bottom10%': 4.140475, 'test_loss_top10%': 183.928614, 'test_loss_cos1': 0.842955, 'test_loss_entropy': 2.063811, 'test_f1_std': 0.143169, 'test_f1_bottom_decile': 0.0, 'test_f1_top_decile': 0.42623, 'test_f1_min': 0.0, 'test_f1_max': 0.42623, 'test_f1_bottom10%': 0.0, 'test_f1_top10%': 0.42623, 'test_f1_cos1': 0.532994, 'test_f1_entropy': 1.189981, 'test_acc_std': 0.293973, 'test_acc_bottom_decile': 0.0, 'test_acc_top_decile': 0.761905, 'test_acc_min': 0.0, 'test_acc_max': 0.761905, 'test_acc_bottom10%': 0.0, 'test_acc_top10%': 0.761905, 'test_acc_cos1': 0.505966, 'test_acc_entropy': 1.077339, 'test_avg_loss_std': 0.283916, 'test_avg_loss_bottom_decile': 3.493074, 'test_avg_loss_top_decile': 4.314702, 'test_avg_loss_min': 3.3499, 'test_avg_loss_max': 4.314702, 'test_avg_loss_bottom10%': 3.3499, 'test_avg_loss_top10%': 4.314702, 'test_avg_loss_cos1': 0.997369, 'test_avg_loss_entropy': 2.299892}}[0m
[38;5;39m2023-02-25 01:14:00,292 (monitor:541) INFO: {'Role': 'Server #', 'Round': 1, 'Results_model_metric': {}}[0m
[38;5;39m2023-02-25 01:14:00,316 (server:330) INFO: Server: Starting evaluation at the end of round 1.[0m
[38;5;39m2023-02-25 01:14:00,317 (server:336) INFO: ----------- Starting a new training round (Round #2) -------------[0m
[33;20m2023-02-25 01:14:00,860 (context:294) WARNING: No val_data or val_loader in the trainer, will skip evaluation.If this is not the case you want, please check whether there is typo for the name[0m
[33;20m2023-02-25 01:14:00,913 (context:294) WARNING: No val_data or val_loader in the trainer, will skip evaluation.If this is not the case you want, please check whether there is typo for the name[0m
[33;20m2023-02-25 01:14:00,981 (context:294) WARNING: No val_data or val_loader in the trainer, will skip evaluation.If this is not the case you want, please check whether there is typo for the name[0m
[33;20m2023-02-25 01:14:01,208 (context:294) WARNING: No val_data or val_loader in the trainer, will skip evaluation.If this is not the case you want, please check whether there is typo for the name[0m
[33;20m2023-02-25 01:14:01,378 (context:294) WARNING: No val_data or val_loader in the trainer, will skip evaluation.If this is not the case you want, please check whether there is typo for the name[0m
[33;20m2023-02-25 01:14:01,646 (context:294) WARNING: No val_data or val_loader in the trainer, will skip evaluation.If this is not the case you want, please check whether there is typo for the name[0m
[33;20m2023-02-25 01:14:01,935 (context:294) WARNING: No val_data or val_loader in the trainer, will skip evaluation.If this is not the case you want, please check whether there is typo for the name[0m
[33;20m2023-02-25 01:14:01,962 (context:294) WARNING: No val_data or val_loader in the trainer, will skip evaluation.If this is not the case you want, please check whether there is typo for the name[0m
[33;20m2023-02-25 01:14:02,237 (context:294) WARNING: No val_data or val_loader in the trainer, will skip evaluation.If this is not the case you want, please check whether there is typo for the name[0m
[33;20m2023-02-25 01:14:02,488 (context:294) WARNING: No val_data or val_loader in the trainer, will skip evaluation.If this is not the case you want, please check whether there is typo for the name[0m
[38;5;39m2023-02-25 01:14:02,782 (client:306) INFO: {'Role': 'Client #7', 'Round': 2, 'Results_raw': {'train_total': 16, 'train_loss': 82.903114, 'train_correct': 0.0, 'train_f1': 0.0, 'train_acc': 0.0, 'train_avg_loss': 5.181445}}[0m
[38;5;39m2023-02-25 01:14:03,162 (client:306) INFO: {'Role': 'Client #2', 'Round': 2, 'Results_raw': {'train_total': 31, 'train_loss': 50.105001, 'train_correct': 12.0, 'train_f1': 0.238151, 'train_acc': 0.387097, 'train_avg_loss': 1.61629}}[0m
[38;5;39m2023-02-25 01:14:05,257 (client:306) INFO: {'Role': 'Client #8', 'Round': 2, 'Results_raw': {'train_total': 174, 'train_loss': 87.638985, 'train_correct': 142.0, 'train_f1': 0.599194, 'train_acc': 0.816092, 'train_avg_loss': 0.503672}}[0m
[38;5;39m2023-02-25 01:14:07,093 (client:306) INFO: {'Role': 'Client #5', 'Round': 2, 'Results_raw': {'train_total': 165, 'train_loss': 193.495147, 'train_correct': 98.0, 'train_f1': 0.541077, 'train_acc': 0.593939, 'train_avg_loss': 1.172698}}[0m
[38;5;39m2023-02-25 01:14:07,192 (client:306) INFO: {'Role': 'Client #6', 'Round': 2, 'Results_raw': {'train_total': 9, 'train_loss': 13.582728, 'train_correct': 7.0, 'train_f1': 0.4375, 'train_acc': 0.777778, 'train_avg_loss': 1.509192}}[0m
[38;5;39m2023-02-25 01:14:07,273 (client:306) INFO: {'Role': 'Client #1', 'Round': 2, 'Results_raw': {'train_total': 7, 'train_loss': 43.833236, 'train_correct': 0.0, 'train_f1': 0.0, 'train_acc': 0.0, 'train_avg_loss': 6.261891}}[0m
[38;5;39m2023-02-25 01:14:07,375 (client:306) INFO: {'Role': 'Client #9', 'Round': 2, 'Results_raw': {'train_total': 6, 'train_loss': 13.466616, 'train_correct': 0.0, 'train_f1': 0.0, 'train_acc': 0.0, 'train_avg_loss': 2.244436}}[0m
[38;5;39m2023-02-25 01:14:08,837 (client:306) INFO: {'Role': 'Client #10', 'Round': 2, 'Results_raw': {'train_total': 148, 'train_loss': 94.279877, 'train_correct': 109.0, 'train_f1': 0.427937, 'train_acc': 0.736486, 'train_avg_loss': 0.637026}}[0m
[38;5;39m2023-02-25 01:14:08,840 (server:590) INFO: {'Role': 'Server #', 'Round': 1, 'Results_weighted_avg': {'test_total': 22.0, 'test_loss': 104.929008, 'test_correct': 12.2, 'test_f1': 0.333633, 'test_acc': 0.554545, 'test_avg_loss': 3.405097}, 'Results_avg': {'test_total': 22.0, 'test_loss': 74.91214, 'test_correct': 12.2, 'test_f1': 0.293998, 'test_acc': 0.464281, 'test_avg_loss': 3.567049}, 'Results_fairness': {'test_total': 22.0, 'test_correct': 12.2, 'test_loss_std': 51.192796, 'test_loss_bottom_decile': 21.494184, 'test_loss_top_decile': 177.280046, 'test_loss_min': 4.077151, 'test_loss_max': 177.280046, 'test_loss_bottom10%': 4.077151, 'test_loss_top10%': 177.280046, 'test_loss_cos1': 0.82563, 'test_loss_entropy': 2.048016, 'test_f1_std': 0.289968, 'test_f1_bottom_decile': 0.0, 'test_f1_top_decile': 1.0, 'test_f1_min': 0.0, 'test_f1_max': 1.0, 'test_f1_bottom10%': 0.0, 'test_f1_top10%': 1.0, 'test_f1_cos1': 0.71197, 'test_f1_entropy': 1.799419, 'test_acc_std': 0.387263, 'test_acc_bottom_decile': 0.0, 'test_acc_top_decile': 1.0, 'test_acc_min': 0.0, 'test_acc_max': 1.0, 'test_acc_bottom10%': 0.0, 'test_acc_top10%': 1.0, 'test_acc_cos1': 0.767926, 'test_acc_entropy': 1.854699, 'test_avg_loss_std': 0.705949, 'test_avg_loss_bottom_decile': 2.415824, 'test_avg_loss_top_decile': 4.298837, 'test_avg_loss_min': 2.044159, 'test_avg_loss_max': 4.298837, 'test_avg_loss_bottom10%': 2.044159, 'test_avg_loss_top10%': 4.298837, 'test_avg_loss_cos1': 0.980973, 'test_avg_loss_entropy': 2.280894}}[0m
[38;5;39m2023-02-25 01:14:08,848 (monitor:541) INFO: {'Role': 'Server #', 'Round': 2, 'Results_model_metric': {}}[0m
[38;5;39m2023-02-25 01:14:08,880 (server:330) INFO: Server: Starting evaluation at the end of round 2.[0m
[38;5;39m2023-02-25 01:14:08,881 (server:336) INFO: ----------- Starting a new training round (Round #3) -------------[0m
[33;20m2023-02-25 01:14:09,401 (context:294) WARNING: No val_data or val_loader in the trainer, will skip evaluation.If this is not the case you want, please check whether there is typo for the name[0m
[33;20m2023-02-25 01:14:09,482 (context:294) WARNING: No val_data or val_loader in the trainer, will skip evaluation.If this is not the case you want, please check whether there is typo for the name[0m
[33;20m2023-02-25 01:14:09,549 (context:294) WARNING: No val_data or val_loader in the trainer, will skip evaluation.If this is not the case you want, please check whether there is typo for the name[0m
[33;20m2023-02-25 01:14:09,758 (context:294) WARNING: No val_data or val_loader in the trainer, will skip evaluation.If this is not the case you want, please check whether there is typo for the name[0m
[33;20m2023-02-25 01:14:09,965 (context:294) WARNING: No val_data or val_loader in the trainer, will skip evaluation.If this is not the case you want, please check whether there is typo for the name[0m
[33;20m2023-02-25 01:14:10,240 (context:294) WARNING: No val_data or val_loader in the trainer, will skip evaluation.If this is not the case you want, please check whether there is typo for the name[0m
[33;20m2023-02-25 01:14:10,556 (context:294) WARNING: No val_data or val_loader in the trainer, will skip evaluation.If this is not the case you want, please check whether there is typo for the name[0m
[33;20m2023-02-25 01:14:10,578 (context:294) WARNING: No val_data or val_loader in the trainer, will skip evaluation.If this is not the case you want, please check whether there is typo for the name[0m
[33;20m2023-02-25 01:14:10,887 (context:294) WARNING: No val_data or val_loader in the trainer, will skip evaluation.If this is not the case you want, please check whether there is typo for the name[0m
[33;20m2023-02-25 01:14:11,164 (context:294) WARNING: No val_data or val_loader in the trainer, will skip evaluation.If this is not the case you want, please check whether there is typo for the name[0m
[38;5;39m2023-02-25 01:14:11,379 (client:306) INFO: {'Role': 'Client #7', 'Round': 3, 'Results_raw': {'train_total': 16, 'train_loss': 52.91375, 'train_correct': 0.0, 'train_f1': 0.0, 'train_acc': 0.0, 'train_avg_loss': 3.307109}}[0m
[38;5;39m2023-02-25 01:14:14,005 (client:306) INFO: {'Role': 'Client #3', 'Round': 3, 'Results_raw': {'train_total': 223, 'train_loss': 47.379202, 'train_correct': 212.0, 'train_f1': 0.487356, 'train_acc': 0.950673, 'train_avg_loss': 0.212463}}[0m
[38;5;39m2023-02-25 01:14:14,147 (client:306) INFO: {'Role': 'Client #9', 'Round': 3, 'Results_raw': {'train_total': 6, 'train_loss': 9.377332, 'train_correct': 0.0, 'train_f1': 0.0, 'train_acc': 0.0, 'train_avg_loss': 1.562889}}[0m
[38;5;39m2023-02-25 01:14:14,655 (client:306) INFO: {'Role': 'Client #2', 'Round': 3, 'Results_raw': {'train_total': 31, 'train_loss': 31.169167, 'train_correct': 14.0, 'train_f1': 0.266667, 'train_acc': 0.451613, 'train_avg_loss': 1.005457}}[0m
[38;5;39m2023-02-25 01:14:15,865 (client:306) INFO: {'Role': 'Client #4', 'Round': 3, 'Results_raw': {'train_total': 98, 'train_loss': 27.403286, 'train_correct': 82.0, 'train_f1': 0.455556, 'train_acc': 0.836735, 'train_avg_loss': 0.279625}}[0m
[38;5;39m2023-02-25 01:14:17,642 (client:306) INFO: {'Role': 'Client #8', 'Round': 3, 'Results_raw': {'train_total': 174, 'train_loss': 75.269862, 'train_correct': 143.0, 'train_f1': 0.631834, 'train_acc': 0.821839, 'train_avg_loss': 0.432585}}[0m
[38;5;39m2023-02-25 01:14:17,817 (client:306) INFO: {'Role': 'Client #6', 'Round': 3, 'Results_raw': {'train_total': 9, 'train_loss': 9.769322, 'train_correct': 7.0, 'train_f1': 0.4375, 'train_acc': 0.777778, 'train_avg_loss': 1.08548}}[0m
[38;5;39m2023-02-25 01:14:17,957 (client:306) INFO: {'Role': 'Client #1', 'Round': 3, 'Results_raw': {'train_total': 7, 'train_loss': 28.501403, 'train_correct': 0.0, 'train_f1': 0.0, 'train_acc': 0.0, 'train_avg_loss': 4.071629}}[0m
[38;5;39m2023-02-25 01:14:17,971 (server:590) INFO: {'Role': 'Server #', 'Round': 2, 'Results_weighted_avg': {'test_total': 22.0, 'test_loss': 95.89879, 'test_correct': 12.2, 'test_f1': 0.333633, 'test_acc': 0.554545, 'test_avg_loss': 3.081962}, 'Results_avg': {'test_total': 22.0, 'test_loss': 67.803161, 'test_correct': 12.2, 'test_f1': 0.293998, 'test_acc': 0.464281, 'test_avg_loss': 3.151617}, 'Results_fairness': {'test_total': 22.0, 'test_correct': 12.2, 'test_loss_std': 52.71067, 'test_loss_bottom_decile': 16.381918, 'test_loss_top_decile': 173.906589, 'test_loss_min': 3.307126, 'test_loss_max': 173.906589, 'test_loss_bottom10%': 3.307126, 'test_loss_top10%': 173.906589, 'test_loss_cos1': 0.789494, 'test_loss_entropy': 1.986959, 'test_f1_std': 0.289968, 'test_f1_bottom_decile': 0.0, 'test_f1_top_decile': 1.0, 'test_f1_min': 0.0, 'test_f1_max': 1.0, 'test_f1_bottom10%': 0.0, 'test_f1_top10%': 1.0, 'test_f1_cos1': 0.71197, 'test_f1_entropy': 1.799419, 'test_acc_std': 0.387263, 'test_acc_bottom_decile': 0.0, 'test_acc_top_decile': 1.0, 'test_acc_min': 0.0, 'test_acc_max': 1.0, 'test_acc_bottom10%': 0.0, 'test_acc_top10%': 1.0, 'test_acc_cos1': 0.767926, 'test_acc_entropy': 1.854699, 'test_avg_loss_std': 0.963513, 'test_avg_loss_bottom_decile': 1.404568, 'test_avg_loss_top_decile': 3.912682, 'test_avg_loss_min': 1.148527, 'test_avg_loss_max': 3.912682, 'test_avg_loss_bottom10%': 1.148527, 'test_avg_loss_top10%': 3.912682, 'test_avg_loss_cos1': 0.956308, 'test_avg_loss_entropy': 2.245924}}[0m
[38;5;39m2023-02-25 01:14:17,974 (monitor:541) INFO: {'Role': 'Server #', 'Round': 3, 'Results_model_metric': {}}[0m
[38;5;39m2023-02-25 01:14:18,017 (server:330) INFO: Server: Starting evaluation at the end of round 3.[0m
[38;5;39m2023-02-25 01:14:18,018 (server:336) INFO: ----------- Starting a new training round (Round #4) -------------[0m
[33;20m2023-02-25 01:14:18,658 (context:294) WARNING: No val_data or val_loader in the trainer, will skip evaluation.If this is not the case you want, please check whether there is typo for the name[0m
[33;20m2023-02-25 01:14:18,709 (context:294) WARNING: No val_data or val_loader in the trainer, will skip evaluation.If this is not the case you want, please check whether there is typo for the name[0m
[33;20m2023-02-25 01:14:18,773 (context:294) WARNING: No val_data or val_loader in the trainer, will skip evaluation.If this is not the case you want, please check whether there is typo for the name[0m
[33;20m2023-02-25 01:14:19,048 (context:294) WARNING: No val_data or val_loader in the trainer, will skip evaluation.If this is not the case you want, please check whether there is typo for the name[0m
[33;20m2023-02-25 01:14:19,207 (context:294) WARNING: No val_data or val_loader in the trainer, will skip evaluation.If this is not the case you want, please check whether there is typo for the name[0m
[33;20m2023-02-25 01:14:19,475 (context:294) WARNING: No val_data or val_loader in the trainer, will skip evaluation.If this is not the case you want, please check whether there is typo for the name[0m
[33;20m2023-02-25 01:14:19,759 (context:294) WARNING: No val_data or val_loader in the trainer, will skip evaluation.If this is not the case you want, please check whether there is typo for the name[0m
[33;20m2023-02-25 01:14:19,786 (context:294) WARNING: No val_data or val_loader in the trainer, will skip evaluation.If this is not the case you want, please check whether there is typo for the name[0m
[33;20m2023-02-25 01:14:20,041 (context:294) WARNING: No val_data or val_loader in the trainer, will skip evaluation.If this is not the case you want, please check whether there is typo for the name[0m
[33;20m2023-02-25 01:14:20,302 (context:294) WARNING: No val_data or val_loader in the trainer, will skip evaluation.If this is not the case you want, please check whether there is typo for the name[0m
[38;5;39m2023-02-25 01:14:22,382 (client:306) INFO: {'Role': 'Client #3', 'Round': 4, 'Results_raw': {'train_total': 223, 'train_loss': 44.370279, 'train_correct': 211.0, 'train_f1': 0.611047, 'train_acc': 0.946188, 'train_avg_loss': 0.19897}}[0m
[38;5;39m2023-02-25 01:14:22,531 (client:306) INFO: {'Role': 'Client #7', 'Round': 4, 'Results_raw': {'train_total': 16, 'train_loss': 63.745583, 'train_correct': 3.0, 'train_f1': 0.111111, 'train_acc': 0.1875, 'train_avg_loss': 3.984099}}[0m
[38;5;39m2023-02-25 01:14:22,683 (client:306) INFO: {'Role': 'Client #1', 'Round': 4, 'Results_raw': {'train_total': 7, 'train_loss': 36.700883, 'train_correct': 0.0, 'train_f1': 0.0, 'train_acc': 0.0, 'train_avg_loss': 5.242983}}[0m
[38;5;39m2023-02-25 01:14:23,946 (client:306) INFO: {'Role': 'Client #10', 'Round': 4, 'Results_raw': {'train_total': 148, 'train_loss': 64.318539, 'train_correct': 125.0, 'train_f1': 0.54155, 'train_acc': 0.844595, 'train_avg_loss': 0.434585}}[0m
[38;5;39m2023-02-25 01:14:25,304 (client:306) INFO: {'Role': 'Client #4', 'Round': 4, 'Results_raw': {'train_total': 98, 'train_loss': 6.486964, 'train_correct': 98.0, 'train_f1': 1.0, 'train_acc': 1.0, 'train_avg_loss': 0.066194}}[0m
[38;5;39m2023-02-25 01:14:25,399 (client:306) INFO: {'Role': 'Client #6', 'Round': 4, 'Results_raw': {'train_total': 9, 'train_loss': 14.565084, 'train_correct': 4.0, 'train_f1': 0.222222, 'train_acc': 0.444444, 'train_avg_loss': 1.618343}}[0m
[38;5;39m2023-02-25 01:14:26,951 (client:306) INFO: {'Role': 'Client #8', 'Round': 4, 'Results_raw': {'train_total': 174, 'train_loss': 49.543294, 'train_correct': 154.0, 'train_f1': 0.674035, 'train_acc': 0.885057, 'train_avg_loss': 0.284732}}[0m
[38;5;39m2023-02-25 01:14:27,030 (client:306) INFO: {'Role': 'Client #9', 'Round': 4, 'Results_raw': {'train_total': 6, 'train_loss': 2.590013, 'train_correct': 6.0, 'train_f1': 1.0, 'train_acc': 1.0, 'train_avg_loss': 0.431669}}[0m
[38;5;39m2023-02-25 01:14:27,032 (server:590) INFO: {'Role': 'Server #', 'Round': 3, 'Results_weighted_avg': {'test_total': 22.0, 'test_loss': 87.360344, 'test_correct': 9.4, 'test_f1': 0.287601, 'test_acc': 0.427273, 'test_avg_loss': 2.819613}, 'Results_avg': {'test_total': 22.0, 'test_loss': 62.03148, 'test_correct': 9.4, 'test_f1': 0.224494, 'test_acc': 0.33083, 'test_avg_loss': 3.086532}, 'Results_fairness': {'test_total': 22.0, 'test_correct': 9.4, 'test_loss_std': 52.569068, 'test_loss_bottom_decile': 17.779846, 'test_loss_top_decile': 170.644635, 'test_loss_min': 3.680696, 'test_loss_max': 170.644635, 'test_loss_bottom10%': 3.680696, 'test_loss_top10%': 170.644635, 'test_loss_cos1': 0.762895, 'test_loss_entropy': 1.941807, 'test_f1_std': 0.243179, 'test_f1_bottom_decile': 0.0, 'test_f1_top_decile': 0.642857, 'test_f1_min': 0.0, 'test_f1_max': 0.642857, 'test_f1_bottom10%': 0.0, 'test_f1_top10%': 0.642857, 'test_f1_cos1': 0.678315, 'test_f1_entropy': 1.667712, 'test_acc_std': 0.372986, 'test_acc_bottom_decile': 0.0, 'test_acc_top_decile': 0.96875, 'test_acc_min': 0.0, 'test_acc_max': 0.96875, 'test_acc_bottom10%': 0.0, 'test_acc_top10%': 0.96875, 'test_acc_cos1': 0.663564, 'test_acc_entropy': 1.63167, 'test_avg_loss_std': 1.275915, 'test_avg_loss_bottom_decile': 0.876974, 'test_avg_loss_top_decile': 4.615104, 'test_avg_loss_min': 0.507996, 'test_avg_loss_max': 4.615104, 'test_avg_loss_bottom10%': 0.507996, 'test_avg_loss_top10%': 4.615104, 'test_avg_loss_cos1': 0.924151, 'test_avg_loss_entropy': 2.190346}}[0m
[38;5;39m2023-02-25 01:14:27,041 (monitor:541) INFO: {'Role': 'Server #', 'Round': 4, 'Results_model_metric': {}}[0m
[38;5;39m2023-02-25 01:14:27,064 (server:330) INFO: Server: Starting evaluation at the end of round 4.[0m
[38;5;39m2023-02-25 01:14:27,065 (server:336) INFO: ----------- Starting a new training round (Round #5) -------------[0m
[33;20m2023-02-25 01:14:27,506 (context:294) WARNING: No val_data or val_loader in the trainer, will skip evaluation.If this is not the case you want, please check whether there is typo for the name[0m
[33;20m2023-02-25 01:14:27,561 (context:294) WARNING: No val_data or val_loader in the trainer, will skip evaluation.If this is not the case you want, please check whether there is typo for the name[0m
[33;20m2023-02-25 01:14:27,622 (context:294) WARNING: No val_data or val_loader in the trainer, will skip evaluation.If this is not the case you want, please check whether there is typo for the name[0m
[33;20m2023-02-25 01:14:27,822 (context:294) WARNING: No val_data or val_loader in the trainer, will skip evaluation.If this is not the case you want, please check whether there is typo for the name[0m
[33;20m2023-02-25 01:14:27,980 (context:294) WARNING: No val_data or val_loader in the trainer, will skip evaluation.If this is not the case you want, please check whether there is typo for the name[0m
[33;20m2023-02-25 01:14:28,399 (context:294) WARNING: No val_data or val_loader in the trainer, will skip evaluation.If this is not the case you want, please check whether there is typo for the name[0m
[33;20m2023-02-25 01:14:28,706 (context:294) WARNING: No val_data or val_loader in the trainer, will skip evaluation.If this is not the case you want, please check whether there is typo for the name[0m
[33;20m2023-02-25 01:14:28,729 (context:294) WARNING: No val_data or val_loader in the trainer, will skip evaluation.If this is not the case you want, please check whether there is typo for the name[0m
[33;20m2023-02-25 01:14:29,005 (context:294) WARNING: No val_data or val_loader in the trainer, will skip evaluation.If this is not the case you want, please check whether there is typo for the name[0m
[33;20m2023-02-25 01:14:29,239 (context:294) WARNING: No val_data or val_loader in the trainer, will skip evaluation.If this is not the case you want, please check whether there is typo for the name[0m
[38;5;39m2023-02-25 01:14:30,521 (client:306) INFO: {'Role': 'Client #10', 'Round': 5, 'Results_raw': {'train_total': 148, 'train_loss': 64.79678, 'train_correct': 123.0, 'train_f1': 0.531934, 'train_acc': 0.831081, 'train_avg_loss': 0.437816}}[0m
[38;5;39m2023-02-25 01:14:32,227 (client:306) INFO: {'Role': 'Client #8', 'Round': 5, 'Results_raw': {'train_total': 174, 'train_loss': 56.118121, 'train_correct': 153.0, 'train_f1': 0.666454, 'train_acc': 0.87931, 'train_avg_loss': 0.322518}}[0m
[38;5;39m2023-02-25 01:14:33,970 (client:306) INFO: {'Role': 'Client #5', 'Round': 5, 'Results_raw': {'train_total': 165, 'train_loss': 149.406532, 'train_correct': 110.0, 'train_f1': 0.438999, 'train_acc': 0.666667, 'train_avg_loss': 0.905494}}[0m
[38;5;39m2023-02-25 01:14:34,165 (client:306) INFO: {'Role': 'Client #7', 'Round': 5, 'Results_raw': {'train_total': 16, 'train_loss': 71.42981, 'train_correct': 4.0, 'train_f1': 0.140351, 'train_acc': 0.25, 'train_avg_loss': 4.464363}}[0m
[38;5;39m2023-02-25 01:14:36,713 (client:306) INFO: {'Role': 'Client #3', 'Round': 5, 'Results_raw': {'train_total': 223, 'train_loss': 51.330852, 'train_correct': 204.0, 'train_f1': 0.564498, 'train_acc': 0.914798, 'train_avg_loss': 0.230183}}[0m
[38;5;39m2023-02-25 01:14:36,806 (client:306) INFO: {'Role': 'Client #1', 'Round': 5, 'Results_raw': {'train_total': 7, 'train_loss': 40.506444, 'train_correct': 0.0, 'train_f1': 0.0, 'train_acc': 0.0, 'train_avg_loss': 5.786635}}[0m
[38;5;39m2023-02-25 01:14:37,899 (client:306) INFO: {'Role': 'Client #4', 'Round': 5, 'Results_raw': {'train_total': 98, 'train_loss': 6.076276, 'train_correct': 96.0, 'train_f1': 0.494845, 'train_acc': 0.979592, 'train_avg_loss': 0.062003}}[0m
[38;5;39m2023-02-25 01:14:38,218 (client:306) INFO: {'Role': 'Client #2', 'Round': 5, 'Results_raw': {'train_total': 31, 'train_loss': 17.851838, 'train_correct': 26.0, 'train_f1': 0.492363, 'train_acc': 0.83871, 'train_avg_loss': 0.575866}}[0m
[38;5;39m2023-02-25 01:14:38,220 (server:590) INFO: {'Role': 'Server #', 'Round': 4, 'Results_weighted_avg': {'test_total': 22.0, 'test_loss': 81.367701, 'test_correct': 11.7, 'test_f1': 0.348487, 'test_acc': 0.531818, 'test_avg_loss': 2.62407}, 'Results_avg': {'test_total': 22.0, 'test_loss': 57.729535, 'test_correct': 11.7, 'test_f1': 0.271736, 'test_acc': 0.412054, 'test_avg_loss': 3.017855}, 'Results_fairness': {'test_total': 22.0, 'test_correct': 11.7, 'test_loss_std': 51.415773, 'test_loss_bottom_decile': 13.411242, 'test_loss_top_decile': 165.106069, 'test_loss_min': 3.783867, 'test_loss_max': 165.106069, 'test_loss_bottom10%': 3.783867, 'test_loss_top10%': 165.106069, 'test_loss_cos1': 0.746763, 'test_loss_entropy': 1.917312, 'test_f1_std': 0.230032, 'test_f1_bottom_decile': 0.0, 'test_f1_top_decile': 0.70303, 'test_f1_min': 0.0, 'test_f1_max': 0.70303, 'test_f1_bottom10%': 0.0, 'test_f1_top10%': 0.70303, 'test_f1_cos1': 0.763245, 'test_f1_entropy': 1.888184, 'test_acc_std': 0.352244, 'test_acc_bottom_decile': 0.0, 'test_acc_top_decile': 0.96875, 'test_acc_min': 0.0, 'test_acc_max': 0.96875, 'test_acc_bottom10%': 0.0, 'test_acc_top10%': 0.96875, 'test_acc_cos1': 0.760118, 'test_acc_entropy': 1.871261, 'test_avg_loss_std': 1.556603, 'test_avg_loss_bottom_decile': 0.638631, 'test_avg_loss_top_decile': 5.765885, 'test_avg_loss_min': 0.462567, 'test_avg_loss_max': 5.765885, 'test_avg_loss_bottom10%': 0.462567, 'test_avg_loss_top10%': 5.765885, 'test_avg_loss_cos1': 0.888741, 'test_avg_loss_entropy': 2.141666}}[0m
[38;5;39m2023-02-25 01:14:38,235 (monitor:541) INFO: {'Role': 'Server #', 'Round': 5, 'Results_model_metric': {}}[0m
[38;5;39m2023-02-25 01:14:38,268 (server:330) INFO: Server: Starting evaluation at the end of round 5.[0m
[38;5;39m2023-02-25 01:14:38,269 (server:336) INFO: ----------- Starting a new training round (Round #6) -------------[0m
[33;20m2023-02-25 01:14:38,684 (context:294) WARNING: No val_data or val_loader in the trainer, will skip evaluation.If this is not the case you want, please check whether there is typo for the name[0m
[33;20m2023-02-25 01:14:38,777 (context:294) WARNING: No val_data or val_loader in the trainer, will skip evaluation.If this is not the case you want, please check whether there is typo for the name[0m
[33;20m2023-02-25 01:14:38,851 (context:294) WARNING: No val_data or val_loader in the trainer, will skip evaluation.If this is not the case you want, please check whether there is typo for the name[0m
[33;20m2023-02-25 01:14:39,028 (context:294) WARNING: No val_data or val_loader in the trainer, will skip evaluation.If this is not the case you want, please check whether there is typo for the name[0m
[33;20m2023-02-25 01:14:39,182 (context:294) WARNING: No val_data or val_loader in the trainer, will skip evaluation.If this is not the case you want, please check whether there is typo for the name[0m
[33;20m2023-02-25 01:14:39,454 (context:294) WARNING: No val_data or val_loader in the trainer, will skip evaluation.If this is not the case you want, please check whether there is typo for the name[0m
[33;20m2023-02-25 01:14:39,818 (context:294) WARNING: No val_data or val_loader in the trainer, will skip evaluation.If this is not the case you want, please check whether there is typo for the name[0m
[33;20m2023-02-25 01:14:39,863 (context:294) WARNING: No val_data or val_loader in the trainer, will skip evaluation.If this is not the case you want, please check whether there is typo for the name[0m
[33;20m2023-02-25 01:14:40,135 (context:294) WARNING: No val_data or val_loader in the trainer, will skip evaluation.If this is not the case you want, please check whether there is typo for the name[0m
[33;20m2023-02-25 01:14:40,340 (context:294) WARNING: No val_data or val_loader in the trainer, will skip evaluation.If this is not the case you want, please check whether there is typo for the name[0m
[38;5;39m2023-02-25 01:14:41,442 (client:306) INFO: {'Role': 'Client #4', 'Round': 6, 'Results_raw': {'train_total': 98, 'train_loss': 8.805064, 'train_correct': 96.0, 'train_f1': 0.494845, 'train_acc': 0.979592, 'train_avg_loss': 0.089848}}[0m
[38;5;39m2023-02-25 01:14:41,552 (client:306) INFO: {'Role': 'Client #9', 'Round': 6, 'Results_raw': {'train_total': 6, 'train_loss': 3.368313, 'train_correct': 4.0, 'train_f1': 0.4, 'train_acc': 0.666667, 'train_avg_loss': 0.561386}}[0m
[38;5;39m2023-02-25 01:14:43,761 (client:306) INFO: {'Role': 'Client #8', 'Round': 6, 'Results_raw': {'train_total': 174, 'train_loss': 45.611004, 'train_correct': 153.0, 'train_f1': 0.741712, 'train_acc': 0.87931, 'train_avg_loss': 0.262132}}[0m
[38;5;39m2023-02-25 01:14:44,268 (client:306) INFO: {'Role': 'Client #2', 'Round': 6, 'Results_raw': {'train_total': 31, 'train_loss': 17.520124, 'train_correct': 24.0, 'train_f1': 0.384546, 'train_acc': 0.774194, 'train_avg_loss': 0.565165}}[0m
[38;5;39m2023-02-25 01:14:45,985 (client:306) INFO: {'Role': 'Client #5', 'Round': 6, 'Results_raw': {'train_total': 165, 'train_loss': 116.581712, 'train_correct': 117.0, 'train_f1': 0.470756, 'train_acc': 0.709091, 'train_avg_loss': 0.706556}}[0m
[38;5;39m2023-02-25 01:14:46,077 (client:306) INFO: {'Role': 'Client #1', 'Round': 6, 'Results_raw': {'train_total': 7, 'train_loss': 31.449295, 'train_correct': 0.0, 'train_f1': 0.0, 'train_acc': 0.0, 'train_avg_loss': 4.492756}}[0m
[38;5;39m2023-02-25 01:14:46,305 (client:306) INFO: {'Role': 'Client #7', 'Round': 6, 'Results_raw': {'train_total': 16, 'train_loss': 53.733696, 'train_correct': 2.0, 'train_f1': 0.078431, 'train_acc': 0.125, 'train_avg_loss': 3.358356}}[0m
[38;5;39m2023-02-25 01:14:48,555 (client:306) INFO: {'Role': 'Client #3', 'Round': 6, 'Results_raw': {'train_total': 223, 'train_loss': 39.0516, 'train_correct': 211.0, 'train_f1': 0.55754, 'train_acc': 0.946188, 'train_avg_loss': 0.175119}}[0m
[38;5;39m2023-02-25 01:14:48,558 (server:590) INFO: {'Role': 'Server #', 'Round': 5, 'Results_weighted_avg': {'test_total': 22.0, 'test_loss': 77.278062, 'test_correct': 16.4, 'test_f1': 0.467996, 'test_acc': 0.745455, 'test_avg_loss': 2.457286}, 'Results_avg': {'test_total': 22.0, 'test_loss': 54.060293, 'test_correct': 16.4, 'test_f1': 0.415235, 'test_acc': 0.613522, 'test_avg_loss': 2.783848}, 'Results_fairness': {'test_total': 22.0, 'test_correct': 16.4, 'test_loss_std': 51.252231, 'test_loss_bottom_decile': 14.26523, 'test_loss_top_decile': 160.546383, 'test_loss_min': 3.852026, 'test_loss_max': 160.546383, 'test_loss_bottom10%': 3.852026, 'test_loss_top10%': 160.546383, 'test_loss_cos1': 0.725703, 'test_loss_entropy': 1.875625, 'test_f1_std': 0.293032, 'test_f1_bottom_decile': 0.0, 'test_f1_top_decile': 1.0, 'test_f1_min': 0.0, 'test_f1_max': 1.0, 'test_f1_bottom10%': 0.0, 'test_f1_top10%': 1.0, 'test_f1_cos1': 0.817038, 'test_f1_entropy': 1.986215, 'test_acc_std': 0.337414, 'test_acc_bottom_decile': 0.0, 'test_acc_top_decile': 1.0, 'test_acc_min': 0.0, 'test_acc_max': 1.0, 'test_acc_bottom10%': 0.0, 'test_acc_top10%': 1.0, 'test_acc_cos1': 0.87623, 'test_acc_entropy': 2.057024, 'test_avg_loss_std': 1.450792, 'test_avg_loss_bottom_decile': 0.679297, 'test_avg_loss_top_decile': 4.552867, 'test_avg_loss_min': 0.516484, 'test_avg_loss_max': 4.552867, 'test_avg_loss_bottom10%': 0.516484, 'test_avg_loss_top10%': 4.552867, 'test_avg_loss_cos1': 0.8868, 'test_avg_loss_entropy': 2.130456}}[0m
[38;5;39m2023-02-25 01:14:48,561 (monitor:541) INFO: {'Role': 'Server #', 'Round': 6, 'Results_model_metric': {}}[0m
[38;5;39m2023-02-25 01:14:48,586 (server:330) INFO: Server: Starting evaluation at the end of round 6.[0m
[38;5;39m2023-02-25 01:14:48,586 (server:336) INFO: ----------- Starting a new training round (Round #7) -------------[0m
[33;20m2023-02-25 01:14:48,950 (context:294) WARNING: No val_data or val_loader in the trainer, will skip evaluation.If this is not the case you want, please check whether there is typo for the name[0m
[33;20m2023-02-25 01:14:49,003 (context:294) WARNING: No val_data or val_loader in the trainer, will skip evaluation.If this is not the case you want, please check whether there is typo for the name[0m
[33;20m2023-02-25 01:14:49,061 (context:294) WARNING: No val_data or val_loader in the trainer, will skip evaluation.If this is not the case you want, please check whether there is typo for the name[0m
[33;20m2023-02-25 01:14:49,407 (context:294) WARNING: No val_data or val_loader in the trainer, will skip evaluation.If this is not the case you want, please check whether there is typo for the name[0m
[33;20m2023-02-25 01:14:49,597 (context:294) WARNING: No val_data or val_loader in the trainer, will skip evaluation.If this is not the case you want, please check whether there is typo for the name[0m
[33;20m2023-02-25 01:14:49,941 (context:294) WARNING: No val_data or val_loader in the trainer, will skip evaluation.If this is not the case you want, please check whether there is typo for the name[0m
[33;20m2023-02-25 01:14:50,393 (context:294) WARNING: No val_data or val_loader in the trainer, will skip evaluation.If this is not the case you want, please check whether there is typo for the name[0m
[33;20m2023-02-25 01:14:50,431 (context:294) WARNING: No val_data or val_loader in the trainer, will skip evaluation.If this is not the case you want, please check whether there is typo for the name[0m
[33;20m2023-02-25 01:14:50,804 (context:294) WARNING: No val_data or val_loader in the trainer, will skip evaluation.If this is not the case you want, please check whether there is typo for the name[0m
[33;20m2023-02-25 01:14:51,042 (context:294) WARNING: No val_data or val_loader in the trainer, will skip evaluation.If this is not the case you want, please check whether there is typo for the name[0m
[38;5;39m2023-02-25 01:14:52,688 (client:306) INFO: {'Role': 'Client #5', 'Round': 7, 'Results_raw': {'train_total': 165, 'train_loss': 112.322909, 'train_correct': 120.0, 'train_f1': 0.485822, 'train_acc': 0.727273, 'train_avg_loss': 0.680745}}[0m
[38;5;39m2023-02-25 01:14:54,104 (client:306) INFO: {'Role': 'Client #10', 'Round': 7, 'Results_raw': {'train_total': 148, 'train_loss': 56.274003, 'train_correct': 126.0, 'train_f1': 0.552474, 'train_acc': 0.851351, 'train_avg_loss': 0.38023}}[0m
[38;5;39m2023-02-25 01:14:55,890 (client:306) INFO: {'Role': 'Client #8', 'Round': 7, 'Results_raw': {'train_total': 174, 'train_loss': 49.167692, 'train_correct': 154.0, 'train_f1': 0.739833, 'train_acc': 0.885057, 'train_avg_loss': 0.282573}}[0m
[38;5;39m2023-02-25 01:14:55,959 (client:306) INFO: {'Role': 'Client #9', 'Round': 7, 'Results_raw': {'train_total': 6, 'train_loss': 4.0701, 'train_correct': 2.0, 'train_f1': 0.25, 'train_acc': 0.333333, 'train_avg_loss': 0.67835}}[0m
[38;5;39m2023-02-25 01:14:56,278 (client:306) INFO: {'Role': 'Client #2', 'Round': 7, 'Results_raw': {'train_total': 31, 'train_loss': 15.044827, 'train_correct': 26.0, 'train_f1': 0.461874, 'train_acc': 0.83871, 'train_avg_loss': 0.485317}}[0m
[38;5;39m2023-02-25 01:14:57,108 (client:306) INFO: {'Role': 'Client #4', 'Round': 7, 'Results_raw': {'train_total': 98, 'train_loss': 9.225168, 'train_correct': 95.0, 'train_f1': 0.492228, 'train_acc': 0.969388, 'train_avg_loss': 0.094134}}[0m
[38;5;39m2023-02-25 01:14:57,189 (client:306) INFO: {'Role': 'Client #1', 'Round': 7, 'Results_raw': {'train_total': 7, 'train_loss': 23.860855, 'train_correct': 0.0, 'train_f1': 0.0, 'train_acc': 0.0, 'train_avg_loss': 3.408694}}[0m
[38;5;39m2023-02-25 01:14:59,282 (client:306) INFO: {'Role': 'Client #3', 'Round': 7, 'Results_raw': {'train_total': 223, 'train_loss': 35.183582, 'train_correct': 211.0, 'train_f1': 0.55754, 'train_acc': 0.946188, 'train_avg_loss': 0.157774}}[0m
[38;5;39m2023-02-25 01:14:59,284 (server:590) INFO: {'Role': 'Server #', 'Round': 6, 'Results_weighted_avg': {'test_total': 22.0, 'test_loss': 74.419909, 'test_correct': 15.9, 'test_f1': 0.534198, 'test_acc': 0.722727, 'test_avg_loss': 2.339816}, 'Results_avg': {'test_total': 22.0, 'test_loss': 51.475957, 'test_correct': 15.9, 'test_f1': 0.423767, 'test_acc': 0.592139, 'test_avg_loss': 2.566812}, 'Results_fairness': {'test_total': 22.0, 'test_correct': 15.9, 'test_loss_std': 50.451828, 'test_loss_bottom_decile': 8.209447, 'test_loss_top_decile': 155.567843, 'test_loss_min': 3.522089, 'test_loss_max': 155.567843, 'test_loss_bottom10%': 3.522089, 'test_loss_top10%': 155.567843, 'test_loss_cos1': 0.714175, 'test_loss_entropy': 1.842911, 'test_f1_std': 0.302111, 'test_f1_bottom_decile': 0.0, 'test_f1_top_decile': 1.0, 'test_f1_min': 0.0, 'test_f1_max': 1.0, 'test_f1_bottom10%': 0.0, 'test_f1_top10%': 1.0, 'test_f1_cos1': 0.81426, 'test_f1_entropy': 1.979491, 'test_acc_std': 0.354062, 'test_acc_bottom_decile': 0.0, 'test_acc_top_decile': 1.0, 'test_acc_min': 0.0, 'test_acc_max': 1.0, 'test_acc_bottom10%': 0.0, 'test_acc_top10%': 1.0, 'test_acc_cos1': 0.858273, 'test_acc_entropy': 2.027925, 'test_avg_loss_std': 1.342401, 'test_avg_loss_bottom_decile': 0.612155, 'test_avg_loss_top_decile': 3.677458, 'test_avg_loss_min': 0.328378, 'test_avg_loss_max': 3.677458, 'test_avg_loss_bottom10%': 0.328378, 'test_avg_loss_top10%': 3.677458, 'test_avg_loss_cos1': 0.886132, 'test_avg_loss_entropy': 2.123397}}[0m
[38;5;39m2023-02-25 01:14:59,287 (monitor:541) INFO: {'Role': 'Server #', 'Round': 7, 'Results_model_metric': {}}[0m
[38;5;39m2023-02-25 01:14:59,308 (server:330) INFO: Server: Starting evaluation at the end of round 7.[0m
[38;5;39m2023-02-25 01:14:59,309 (server:336) INFO: ----------- Starting a new training round (Round #8) -------------[0m
[33;20m2023-02-25 01:14:59,755 (context:294) WARNING: No val_data or val_loader in the trainer, will skip evaluation.If this is not the case you want, please check whether there is typo for the name[0m
[33;20m2023-02-25 01:14:59,806 (context:294) WARNING: No val_data or val_loader in the trainer, will skip evaluation.If this is not the case you want, please check whether there is typo for the name[0m
[33;20m2023-02-25 01:14:59,865 (context:294) WARNING: No val_data or val_loader in the trainer, will skip evaluation.If this is not the case you want, please check whether there is typo for the name[0m
[33;20m2023-02-25 01:15:00,168 (context:294) WARNING: No val_data or val_loader in the trainer, will skip evaluation.If this is not the case you want, please check whether there is typo for the name[0m
[33;20m2023-02-25 01:15:00,369 (context:294) WARNING: No val_data or val_loader in the trainer, will skip evaluation.If this is not the case you want, please check whether there is typo for the name[0m
[33;20m2023-02-25 01:15:00,788 (context:294) WARNING: No val_data or val_loader in the trainer, will skip evaluation.If this is not the case you want, please check whether there is typo for the name[0m
[33;20m2023-02-25 01:15:01,197 (context:294) WARNING: No val_data or val_loader in the trainer, will skip evaluation.If this is not the case you want, please check whether there is typo for the name[0m
[33;20m2023-02-25 01:15:01,243 (context:294) WARNING: No val_data or val_loader in the trainer, will skip evaluation.If this is not the case you want, please check whether there is typo for the name[0m
[33;20m2023-02-25 01:15:01,582 (context:294) WARNING: No val_data or val_loader in the trainer, will skip evaluation.If this is not the case you want, please check whether there is typo for the name[0m
[33;20m2023-02-25 01:15:01,786 (context:294) WARNING: No val_data or val_loader in the trainer, will skip evaluation.If this is not the case you want, please check whether there is typo for the name[0m
[38;5;39m2023-02-25 01:15:02,027 (client:306) INFO: {'Role': 'Client #7', 'Round': 8, 'Results_raw': {'train_total': 16, 'train_loss': 44.290154, 'train_correct': 3.0, 'train_f1': 0.111111, 'train_acc': 0.1875, 'train_avg_loss': 2.768135}}[0m
[38;5;39m2023-02-25 01:15:02,094 (client:306) INFO: {'Role': 'Client #9', 'Round': 8, 'Results_raw': {'train_total': 6, 'train_loss': 2.730107, 'train_correct': 5.0, 'train_f1': 0.454545, 'train_acc': 0.833333, 'train_avg_loss': 0.455018}}[0m
[38;5;39m2023-02-25 01:15:04,232 (client:306) INFO: {'Role': 'Client #3', 'Round': 8, 'Results_raw': {'train_total': 223, 'train_loss': 37.289592, 'train_correct': 214.0, 'train_f1': 0.643454, 'train_acc': 0.959641, 'train_avg_loss': 0.167218}}[0m
[38;5;39m2023-02-25 01:15:04,497 (client:306) INFO: {'Role': 'Client #2', 'Round': 8, 'Results_raw': {'train_total': 31, 'train_loss': 14.623181, 'train_correct': 25.0, 'train_f1': 0.407407, 'train_acc': 0.806452, 'train_avg_loss': 0.471716}}[0m
[38;5;39m2023-02-25 01:15:06,301 (client:306) INFO: {'Role': 'Client #5', 'Round': 8, 'Results_raw': {'train_total': 165, 'train_loss': 116.30932, 'train_correct': 111.0, 'train_f1': 0.445578, 'train_acc': 0.672727, 'train_avg_loss': 0.704905}}[0m
[38;5;39m2023-02-25 01:15:06,418 (client:306) INFO: {'Role': 'Client #6', 'Round': 8, 'Results_raw': {'train_total': 9, 'train_loss': 9.37449, 'train_correct': 6.0, 'train_f1': 0.285714, 'train_acc': 0.666667, 'train_avg_loss': 1.04161}}[0m
[38;5;39m2023-02-25 01:15:06,514 (client:306) INFO: {'Role': 'Client #1', 'Round': 8, 'Results_raw': {'train_total': 7, 'train_loss': 25.067942, 'train_correct': 0.0, 'train_f1': 0.0, 'train_acc': 0.0, 'train_avg_loss': 3.581135}}[0m
[38;5;39m2023-02-25 01:15:07,430 (client:306) INFO: {'Role': 'Client #4', 'Round': 8, 'Results_raw': {'train_total': 98, 'train_loss': 6.225836, 'train_correct': 96.0, 'train_f1': 0.494845, 'train_acc': 0.979592, 'train_avg_loss': 0.063529}}[0m
[38;5;39m2023-02-25 01:15:07,433 (server:590) INFO: {'Role': 'Server #', 'Round': 7, 'Results_weighted_avg': {'test_total': 22.0, 'test_loss': 70.661398, 'test_correct': 16.6, 'test_f1': 0.481642, 'test_acc': 0.754545, 'test_avg_loss': 2.233525}, 'Results_avg': {'test_total': 22.0, 'test_loss': 49.137557, 'test_correct': 16.6, 'test_f1': 0.422676, 'test_acc': 0.621426, 'test_avg_loss': 2.552064}, 'Results_fairness': {'test_total': 22.0, 'test_correct': 16.6, 'test_loss_std': 49.111775, 'test_loss_bottom_decile': 5.932095, 'test_loss_top_decile': 150.216259, 'test_loss_min': 3.852088, 'test_loss_max': 150.216259, 'test_loss_bottom10%': 3.852088, 'test_loss_top10%': 150.216259, 'test_loss_cos1': 0.707292, 'test_loss_entropy': 1.825106, 'test_f1_std': 0.293856, 'test_f1_bottom_decile': 0.0, 'test_f1_top_decile': 1.0, 'test_f1_min': 0.0, 'test_f1_max': 1.0, 'test_f1_bottom10%': 0.0, 'test_f1_top10%': 1.0, 'test_f1_cos1': 0.821068, 'test_f1_entropy': 1.992441, 'test_acc_std': 0.340534, 'test_acc_bottom_decile': 0.0, 'test_acc_top_decile': 1.0, 'test_acc_min': 0.0, 'test_acc_max': 1.0, 'test_acc_bottom10%': 0.0, 'test_acc_top10%': 1.0, 'test_acc_cos1': 0.87696, 'test_acc_entropy': 2.058639, 'test_avg_loss_std': 1.429178, 'test_avg_loss_bottom_decile': 0.469501, 'test_avg_loss_top_decile': 3.883533, 'test_avg_loss_min': 0.237284, 'test_avg_loss_max': 3.883533, 'test_avg_loss_bottom10%': 0.237284, 'test_avg_loss_top10%': 3.883533, 'test_avg_loss_cos1': 0.872503, 'test_avg_loss_entropy': 2.093962}}[0m
[38;5;39m2023-02-25 01:15:07,436 (monitor:541) INFO: {'Role': 'Server #', 'Round': 8, 'Results_model_metric': {}}[0m
[38;5;39m2023-02-25 01:15:07,459 (server:330) INFO: Server: Starting evaluation at the end of round 8.[0m
[38;5;39m2023-02-25 01:15:07,460 (server:336) INFO: ----------- Starting a new training round (Round #9) -------------[0m
[33;20m2023-02-25 01:15:07,837 (context:294) WARNING: No val_data or val_loader in the trainer, will skip evaluation.If this is not the case you want, please check whether there is typo for the name[0m
[33;20m2023-02-25 01:15:07,909 (context:294) WARNING: No val_data or val_loader in the trainer, will skip evaluation.If this is not the case you want, please check whether there is typo for the name[0m
[33;20m2023-02-25 01:15:07,970 (context:294) WARNING: No val_data or val_loader in the trainer, will skip evaluation.If this is not the case you want, please check whether there is typo for the name[0m
[33;20m2023-02-25 01:15:08,239 (context:294) WARNING: No val_data or val_loader in the trainer, will skip evaluation.If this is not the case you want, please check whether there is typo for the name[0m
[33;20m2023-02-25 01:15:08,440 (context:294) WARNING: No val_data or val_loader in the trainer, will skip evaluation.If this is not the case you want, please check whether there is typo for the name[0m
[33;20m2023-02-25 01:15:08,749 (context:294) WARNING: No val_data or val_loader in the trainer, will skip evaluation.If this is not the case you want, please check whether there is typo for the name[0m
[33;20m2023-02-25 01:15:09,106 (context:294) WARNING: No val_data or val_loader in the trainer, will skip evaluation.If this is not the case you want, please check whether there is typo for the name[0m
[33;20m2023-02-25 01:15:09,128 (context:294) WARNING: No val_data or val_loader in the trainer, will skip evaluation.If this is not the case you want, please check whether there is typo for the name[0m
[33;20m2023-02-25 01:15:09,434 (context:294) WARNING: No val_data or val_loader in the trainer, will skip evaluation.If this is not the case you want, please check whether there is typo for the name[0m
[33;20m2023-02-25 01:15:09,664 (context:294) WARNING: No val_data or val_loader in the trainer, will skip evaluation.If this is not the case you want, please check whether there is typo for the name[0m
[38;5;39m2023-02-25 01:15:11,112 (client:306) INFO: {'Role': 'Client #5', 'Round': 9, 'Results_raw': {'train_total': 165, 'train_loss': 78.212225, 'train_correct': 133.0, 'train_f1': 0.542136, 'train_acc': 0.806061, 'train_avg_loss': 0.474013}}[0m
[38;5;39m2023-02-25 01:15:12,217 (client:306) INFO: {'Role': 'Client #4', 'Round': 9, 'Results_raw': {'train_total': 98, 'train_loss': 13.039569, 'train_correct': 93.0, 'train_f1': 0.486911, 'train_acc': 0.94898, 'train_avg_loss': 0.133057}}[0m
[38;5;39m2023-02-25 01:15:12,307 (client:306) INFO: {'Role': 'Client #6', 'Round': 9, 'Results_raw': {'train_total': 9, 'train_loss': 5.671283, 'train_correct': 7.0, 'train_f1': 0.311111, 'train_acc': 0.777778, 'train_avg_loss': 0.630143}}[0m
[38;5;39m2023-02-25 01:15:14,116 (client:306) INFO: {'Role': 'Client #10', 'Round': 9, 'Results_raw': {'train_total': 148, 'train_loss': 54.133586, 'train_correct': 125.0, 'train_f1': 0.54303, 'train_acc': 0.844595, 'train_avg_loss': 0.365767}}[0m
[38;5;39m2023-02-25 01:15:14,625 (client:306) INFO: {'Role': 'Client #2', 'Round': 9, 'Results_raw': {'train_total': 31, 'train_loss': 18.082892, 'train_correct': 23.0, 'train_f1': 0.406926, 'train_acc': 0.741935, 'train_avg_loss': 0.583319}}[0m
[38;5;39m2023-02-25 01:15:14,753 (client:306) INFO: {'Role': 'Client #9', 'Round': 9, 'Results_raw': {'train_total': 6, 'train_loss': 5.148869, 'train_correct': 4.0, 'train_f1': 0.4, 'train_acc': 0.666667, 'train_avg_loss': 0.858145}}[0m
[38;5;39m2023-02-25 01:15:16,687 (client:306) INFO: {'Role': 'Client #8', 'Round': 9, 'Results_raw': {'train_total': 174, 'train_loss': 39.076715, 'train_correct': 157.0, 'train_f1': 0.783058, 'train_acc': 0.902299, 'train_avg_loss': 0.224579}}[0m
[38;5;39m2023-02-25 01:15:16,815 (client:306) INFO: {'Role': 'Client #1', 'Round': 9, 'Results_raw': {'train_total': 7, 'train_loss': 15.160676, 'train_correct': 0.0, 'train_f1': 0.0, 'train_acc': 0.0, 'train_avg_loss': 2.165811}}[0m
[38;5;39m2023-02-25 01:15:16,818 (server:590) INFO: {'Role': 'Server #', 'Round': 8, 'Results_weighted_avg': {'test_total': 22.0, 'test_loss': 69.568823, 'test_correct': 14.5, 'test_f1': 0.431573, 'test_acc': 0.659091, 'test_avg_loss': 2.169796}, 'Results_avg': {'test_total': 22.0, 'test_loss': 47.735521, 'test_correct': 14.5, 'test_f1': 0.368661, 'test_acc': 0.549043, 'test_avg_loss': 2.228286}, 'Results_fairness': {'test_total': 22.0, 'test_correct': 14.5, 'test_loss_std': 46.737649, 'test_loss_bottom_decile': 4.082975, 'test_loss_top_decile': 144.082004, 'test_loss_min': 2.266386, 'test_loss_max': 144.082004, 'test_loss_bottom10%': 2.266386, 'test_loss_top10%': 144.082004, 'test_loss_cos1': 0.714536, 'test_loss_entropy': 1.836854, 'test_f1_std': 0.295008, 'test_f1_bottom_decile': 0.0, 'test_f1_top_decile': 1.0, 'test_f1_min': 0.0, 'test_f1_max': 1.0, 'test_f1_bottom10%': 0.0, 'test_f1_top10%': 1.0, 'test_f1_cos1': 0.780787, 'test_f1_entropy': 1.905026, 'test_acc_std': 0.371208, 'test_acc_bottom_decile': 0.0, 'test_acc_top_decile': 1.0, 'test_acc_min': 0.0, 'test_acc_max': 1.0, 'test_acc_bottom10%': 0.0, 'test_acc_top10%': 1.0, 'test_acc_cos1': 0.828425, 'test_acc_entropy': 1.954333, 'test_avg_loss_std': 1.161045, 'test_avg_loss_bottom_decile': 0.830329, 'test_avg_loss_top_decile': 3.588125, 'test_avg_loss_min': 0.163319, 'test_avg_loss_max': 3.588125, 'test_avg_loss_bottom10%': 0.163319, 'test_avg_loss_top10%': 3.588125, 'test_avg_loss_cos1': 0.886836, 'test_avg_loss_entropy': 2.131283}}[0m
[38;5;39m2023-02-25 01:15:16,821 (monitor:541) INFO: {'Role': 'Server #', 'Round': 9, 'Results_model_metric': {}}[0m
[38;5;39m2023-02-25 01:15:16,839 (server:347) INFO: Server: Training is finished! Starting evaluation.[0m
[33;20m2023-02-25 01:15:17,279 (context:294) WARNING: No val_data or val_loader in the trainer, will skip evaluation.If this is not the case you want, please check whether there is typo for the name[0m
[33;20m2023-02-25 01:15:17,332 (context:294) WARNING: No val_data or val_loader in the trainer, will skip evaluation.If this is not the case you want, please check whether there is typo for the name[0m
[33;20m2023-02-25 01:15:17,393 (context:294) WARNING: No val_data or val_loader in the trainer, will skip evaluation.If this is not the case you want, please check whether there is typo for the name[0m
[33;20m2023-02-25 01:15:17,587 (context:294) WARNING: No val_data or val_loader in the trainer, will skip evaluation.If this is not the case you want, please check whether there is typo for the name[0m
[33;20m2023-02-25 01:15:17,762 (context:294) WARNING: No val_data or val_loader in the trainer, will skip evaluation.If this is not the case you want, please check whether there is typo for the name[0m
[33;20m2023-02-25 01:15:18,127 (context:294) WARNING: No val_data or val_loader in the trainer, will skip evaluation.If this is not the case you want, please check whether there is typo for the name[0m
[33;20m2023-02-25 01:15:18,422 (context:294) WARNING: No val_data or val_loader in the trainer, will skip evaluation.If this is not the case you want, please check whether there is typo for the name[0m
[33;20m2023-02-25 01:15:18,444 (context:294) WARNING: No val_data or val_loader in the trainer, will skip evaluation.If this is not the case you want, please check whether there is typo for the name[0m
[33;20m2023-02-25 01:15:18,728 (context:294) WARNING: No val_data or val_loader in the trainer, will skip evaluation.If this is not the case you want, please check whether there is typo for the name[0m
[33;20m2023-02-25 01:15:18,965 (context:294) WARNING: No val_data or val_loader in the trainer, will skip evaluation.If this is not the case you want, please check whether there is typo for the name[0m
[38;5;39m2023-02-25 01:15:18,968 (server:590) INFO: {'Role': 'Server #', 'Round': 9, 'Results_weighted_avg': {'test_total': 22.0, 'test_loss': 64.261039, 'test_correct': 17.3, 'test_f1': 0.524118, 'test_acc': 0.786364, 'test_avg_loss': 2.006404}, 'Results_avg': {'test_total': 22.0, 'test_loss': 44.140879, 'test_correct': 17.3, 'test_f1': 0.414291, 'test_acc': 0.601895, 'test_avg_loss': 2.194716}, 'Results_fairness': {'test_total': 22.0, 'test_correct': 17.3, 'test_loss_std': 45.879326, 'test_loss_bottom_decile': 5.898386, 'test_loss_top_decile': 140.384001, 'test_loss_min': 3.169175, 'test_loss_max': 140.384001, 'test_loss_bottom10%': 3.169175, 'test_loss_top10%': 140.384001, 'test_loss_cos1': 0.693322, 'test_loss_entropy': 1.795992, 'test_f1_std': 0.283482, 'test_f1_bottom_decile': 0.0, 'test_f1_top_decile': 0.891641, 'test_f1_min': 0.0, 'test_f1_max': 0.891641, 'test_f1_bottom10%': 0.0, 'test_f1_top10%': 0.891641, 'test_f1_cos1': 0.825289, 'test_f1_entropy': 1.994827, 'test_acc_std': 0.347136, 'test_acc_bottom_decile': 0.0, 'test_acc_top_decile': 0.96875, 'test_acc_min': 0.0, 'test_acc_max': 0.96875, 'test_acc_bottom10%': 0.0, 'test_acc_top10%': 0.96875, 'test_acc_cos1': 0.866255, 'test_acc_entropy': 2.043037, 'test_avg_loss_std': 1.257008, 'test_avg_loss_bottom_decile': 0.450808, 'test_avg_loss_top_decile': 3.439972, 'test_avg_loss_min': 0.235935, 'test_avg_loss_max': 3.439972, 'test_avg_loss_bottom10%': 0.235935, 'test_avg_loss_top10%': 3.439972, 'test_avg_loss_cos1': 0.867751, 'test_avg_loss_entropy': 2.090616}}[0m
[38;5;39m2023-02-25 01:15:18,969 (server:395) INFO: Server: Final evaluation is finished! Starting merging results.[0m
[38;5;39m2023-02-25 01:15:18,969 (server:521) INFO: {'Role': 'Server #', 'Round': 'Final', 'Results_raw': {'client_best_individual': {'test_loss': 2.266386, 'test_total': 1.0, 'test_correct': 42.0, 'test_f1': 1.0, 'test_acc': 1.0, 'test_avg_loss': 0.163319}, 'client_summarized_weighted_avg': {'test_loss': 64.261039, 'test_total': 22.0, 'test_correct': 17.3, 'test_f1': 0.524118, 'test_acc': 0.786364, 'test_avg_loss': 2.006404}, 'client_summarized_avg': {'test_loss': 44.140879, 'test_total': 22.0, 'test_correct': 17.3, 'test_f1': 0.414291, 'test_acc': 0.601895, 'test_avg_loss': 2.194716}, 'client_summarized_fairness': {'test_loss_entropy': 1.795992, 'test_loss_cos1': 0.693322, 'test_loss_top10%': 140.384001, 'test_loss_bottom10%': 3.169175, 'test_loss_max': 140.384001, 'test_loss_min': 3.169175, 'test_loss_top_decile': 140.384001, 'test_loss_bottom_decile': 5.898386, 'test_loss_std': 45.879326, 'test_total': 22.0, 'test_correct': 17.3, 'test_f1_std': 0.283482, 'test_f1_bottom_decile': 0.0, 'test_f1_top_decile': 0.891641, 'test_f1_min': 0.0, 'test_f1_max': 0.891641, 'test_f1_bottom10%': 0.0, 'test_f1_top10%': 0.891641, 'test_f1_cos1': 0.825289, 'test_f1_entropy': 1.994827, 'test_acc_std': 0.347136, 'test_acc_bottom_decile': 0.0, 'test_acc_top_decile': 0.96875, 'test_acc_min': 0.0, 'test_acc_max': 0.96875, 'test_acc_bottom10%': 0.0, 'test_acc_top10%': 0.96875, 'test_acc_cos1': 0.866255, 'test_acc_entropy': 2.043037, 'test_avg_loss_std': 1.257008, 'test_avg_loss_bottom_decile': 0.450808, 'test_avg_loss_top_decile': 3.439972, 'test_avg_loss_min': 0.235935, 'test_avg_loss_max': 3.439972, 'test_avg_loss_bottom10%': 0.235935, 'test_avg_loss_top10%': 3.439972, 'test_avg_loss_cos1': 0.867751, 'test_avg_loss_entropy': 2.090616}}}[0m
[38;5;39m2023-02-25 01:15:18,970 (server:540) INFO: {'Role': 'Client #1', 'Round': 10, 'Results_raw': {'test_total': 46, 'test_loss': 140.384001, 'test_correct': 39.0, 'test_f1': 0.396091, 'test_acc': 0.847826, 'test_avg_loss': 3.051826}}[0m
[38;5;39m2023-02-25 01:15:18,970 (server:540) INFO: {'Role': 'Client #7', 'Round': 10, 'Results_raw': {'test_total': 6, 'test_loss': 19.554192, 'test_correct': 3.0, 'test_f1': 0.485714, 'test_acc': 0.5, 'test_avg_loss': 3.259032}}[0m
[38;5;39m2023-02-25 01:15:18,971 (server:540) INFO: {'Role': 'Client #8', 'Round': 10, 'Results_raw': {'test_total': 35, 'test_loss': 15.870546, 'test_correct': 32.0, 'test_f1': 0.891641, 'test_acc': 0.914286, 'test_avg_loss': 0.453444}}[0m
[38;5;39m2023-02-25 01:15:18,971 (server:540) INFO: {'Role': 'Client #4', 'Round': 10, 'Results_raw': {'test_total': 25, 'test_loss': 5.898386, 'test_correct': 22.0, 'test_f1': 0.468085, 'test_acc': 0.88, 'test_avg_loss': 0.235935}}[0m
[38;5;39m2023-02-25 01:15:18,971 (server:540) INFO: {'Role': 'Client #2', 'Round': 10, 'Results_raw': {'test_total': 31, 'test_loss': 63.664014, 'test_correct': 22.0, 'test_f1': 0.29932, 'test_acc': 0.709677, 'test_avg_loss': 2.053678}}[0m
[38;5;39m2023-02-25 01:15:18,972 (server:540) INFO: {'Role': 'Client #6', 'Round': 10, 'Results_raw': {'test_total': 32, 'test_loss': 110.079094, 'test_correct': 31.0, 'test_f1': 0.825137, 'test_acc': 0.96875, 'test_avg_loss': 3.439972}}[0m
[38;5;39m2023-02-25 01:15:18,972 (server:540) INFO: {'Role': 'Client #5', 'Round': 10, 'Results_raw': {'test_total': 1, 'test_loss': 3.169175, 'test_correct': 0.0, 'test_f1': 0.0, 'test_acc': 0.0, 'test_avg_loss': 3.169175}}[0m
[38;5;39m2023-02-25 01:15:18,972 (server:540) INFO: {'Role': 'Client #9', 'Round': 10, 'Results_raw': {'test_total': 18, 'test_loss': 61.139048, 'test_correct': 7.0, 'test_f1': 0.245614, 'test_acc': 0.388889, 'test_avg_loss': 3.396614}}[0m
[38;5;39m2023-02-25 01:15:18,972 (server:540) INFO: {'Role': 'Client #3', 'Round': 10, 'Results_raw': {'test_total': 5, 'test_loss': 12.183365, 'test_correct': 0.0, 'test_f1': 0.0, 'test_acc': 0.0, 'test_avg_loss': 2.436673}}[0m
[38;5;39m2023-02-25 01:15:18,973 (server:540) INFO: {'Role': 'Client #10', 'Round': 10, 'Results_raw': {'test_total': 21, 'test_loss': 9.466967, 'test_correct': 17.0, 'test_f1': 0.531313, 'test_acc': 0.809524, 'test_avg_loss': 0.450808}}[0m
[38;5;39m2023-02-25 01:15:18,973 (monitor:172) INFO: In worker #0, the system-related metrics are: {'id': 0, 'fl_end_time_minutes': 1.710149, 'total_model_size': 0, 'total_flops': 0, 'total_upload_bytes': 2239200, 'total_download_bytes': 418280, 'global_convergence_round': 0, 'local_convergence_round': 0, 'global_convergence_time_minutes': 0, 'local_convergence_time_minutes': 0}[0m
[38;5;39m2023-02-25 01:15:18,974 (client:513) INFO: ================= client 1 received finish message =================[0m
[38;5;39m2023-02-25 01:15:18,977 (monitor:172) INFO: In worker #1, the system-related metrics are: {'id': 1, 'fl_end_time_minutes': 1.707708, 'total_model_size': 3260030, 'total_flops': 18580679040.0, 'total_upload_bytes': 50096, 'total_download_bytes': 248800, 'global_convergence_round': 0, 'local_convergence_round': 0, 'global_convergence_time_minutes': 0, 'local_convergence_time_minutes': 0}[0m
[38;5;39m2023-02-25 01:15:18,977 (client:513) INFO: ================= client 3 received finish message =================[0m
[38;5;39m2023-02-25 01:15:18,979 (monitor:172) INFO: In worker #3, the system-related metrics are: {'id': 3, 'fl_end_time_minutes': 1.703905, 'total_model_size': 3260030, 'total_flops': 473541877248.0, 'total_upload_bytes': 41920, 'total_download_bytes': 223920, 'global_convergence_round': 0, 'local_convergence_round': 0, 'global_convergence_time_minutes': 0, 'local_convergence_time_minutes': 0}[0m
[38;5;39m2023-02-25 01:15:18,980 (client:513) INFO: ================= client 7 received finish message =================[0m
[38;5;39m2023-02-25 01:15:18,982 (monitor:172) INFO: In worker #7, the system-related metrics are: {'id': 7, 'fl_end_time_minutes': 1.6948, 'total_model_size': 3260030, 'total_flops': 33976098816.0, 'total_upload_bytes': 41920, 'total_download_bytes': 223920, 'global_convergence_round': 0, 'local_convergence_round': 0, 'global_convergence_time_minutes': 0, 'local_convergence_time_minutes': 0}[0m
[38;5;39m2023-02-25 01:15:18,983 (client:513) INFO: ================= client 10 received finish message =================[0m
[38;5;39m2023-02-25 01:15:18,985 (monitor:172) INFO: In worker #10, the system-related metrics are: {'id': 10, 'fl_end_time_minutes': 1.680054, 'total_model_size': 3260030, 'total_flops': 274994049792.0, 'total_upload_bytes': 37832, 'total_download_bytes': 211480, 'global_convergence_round': 0, 'local_convergence_round': 0, 'global_convergence_time_minutes': 0, 'local_convergence_time_minutes': 0}[0m
[38;5;39m2023-02-25 01:15:18,986 (client:513) INFO: ================= client 9 received finish message =================[0m
[38;5;39m2023-02-25 01:15:18,988 (monitor:172) INFO: In worker #9, the system-related metrics are: {'id': 9, 'fl_end_time_minutes': 1.684888, 'total_model_size': 3260030, 'total_flops': 12741037056.0, 'total_upload_bytes': 41920, 'total_download_bytes': 223920, 'global_convergence_round': 0, 'local_convergence_round': 0, 'global_convergence_time_minutes': 0, 'local_convergence_time_minutes': 0}[0m
[38;5;39m2023-02-25 01:15:18,989 (client:513) INFO: ================= client 6 received finish message =================[0m
[38;5;39m2023-02-25 01:15:18,991 (monitor:172) INFO: In worker #6, the system-related metrics are: {'id': 6, 'fl_end_time_minutes': 1.697269, 'total_model_size': 3260030, 'total_flops': 14333666688.0, 'total_upload_bytes': 33744, 'total_download_bytes': 199040, 'global_convergence_round': 0, 'local_convergence_round': 0, 'global_convergence_time_minutes': 0, 'local_convergence_time_minutes': 0}[0m
[38;5;39m2023-02-25 01:15:18,992 (client:513) INFO: ================= client 8 received finish message =================[0m
[38;5;39m2023-02-25 01:15:18,994 (monitor:172) INFO: In worker #8, the system-related metrics are: {'id': 8, 'fl_end_time_minutes': 1.690081, 'total_model_size': 3260030, 'total_flops': 415676333952.0, 'total_upload_bytes': 46008, 'total_download_bytes': 236360, 'global_convergence_round': 0, 'local_convergence_round': 0, 'global_convergence_time_minutes': 0, 'local_convergence_time_minutes': 0}[0m
[38;5;39m2023-02-25 01:15:18,994 (client:513) INFO: ================= client 5 received finish message =================[0m
[38;5;39m2023-02-25 01:15:18,997 (monitor:172) INFO: In worker #5, the system-related metrics are: {'id': 5, 'fl_end_time_minutes': 1.701411, 'total_model_size': 3260030, 'total_flops': 306581204160.0, 'total_upload_bytes': 37832, 'total_download_bytes': 211480, 'global_convergence_round': 0, 'local_convergence_round': 0, 'global_convergence_time_minutes': 0, 'local_convergence_time_minutes': 0}[0m
[38;5;39m2023-02-25 01:15:18,997 (client:513) INFO: ================= client 2 received finish message =================[0m
[38;5;39m2023-02-25 01:15:19,000 (monitor:172) INFO: In worker #2, the system-related metrics are: {'id': 2, 'fl_end_time_minutes': 1.705701, 'total_model_size': 3260030, 'total_flops': 74057277888.0, 'total_upload_bytes': 46008, 'total_download_bytes': 236360, 'global_convergence_round': 0, 'local_convergence_round': 0, 'global_convergence_time_minutes': 0, 'local_convergence_time_minutes': 0}[0m
[38;5;39m2023-02-25 01:15:19,000 (client:513) INFO: ================= client 4 received finish message =================[0m
[38;5;39m2023-02-25 01:15:19,002 (monitor:172) INFO: In worker #4, the system-related metrics are: {'id': 4, 'fl_end_time_minutes': 1.70205, 'total_model_size': 3260030, 'total_flops': 208103605248.0, 'total_upload_bytes': 41920, 'total_download_bytes': 223920, 'global_convergence_round': 0, 'local_convergence_round': 0, 'global_convergence_time_minutes': 0, 'local_convergence_time_minutes': 0}[0m
[38;5;39m2023-02-25 01:15:19,003 (monitor:337) INFO: We will compress the file eval_results.raw into a .gz file, and delete the old one[0m
[38;5;39m2023-02-25 01:15:19,006 (monitor:245) INFO: After merging the system metrics from all works, we got avg: defaultdict(None, {'id': 'sys_avg', 'sys_avg/fl_end_time_minutes': 1.698002, 'sys_avg/total_model_size': '2.83M', 'sys_avg/total_flops': '155.16G', 'sys_avg/total_upload_bytes': '236.01K', 'sys_avg/total_download_bytes': '235.93K', 'sys_avg/global_convergence_round': 0.0, 'sys_avg/local_convergence_round': 0.0, 'sys_avg/global_convergence_time_minutes': 0.0, 'sys_avg/local_convergence_time_minutes': 0.0})[0m
[38;5;39m2023-02-25 01:15:19,007 (monitor:248) INFO: After merging the system metrics from all works, we got std: defaultdict(None, {'id': 'sys_std', 'sys_std/fl_end_time_minutes': 0.009202, 'sys_std/total_model_size': '915.23K', 'sys_std/total_flops': '156.85G', 'sys_std/total_upload_bytes': '616.88K', 'sys_std/total_download_bytes': '56.02K', 'sys_std/global_convergence_round': 0.0, 'sys_std/local_convergence_round': 0.0, 'sys_std/global_convergence_time_minutes': 0.0, 'sys_std/local_convergence_time_minutes': 0.0})[0m
None
220
<generator object BaseDataTranslator.split_to_client.<locals>.<genexpr> at 0x7efc19aab200>
