 is at 192.168.0.1[0m
[38;5;39m2023-02-24 21:53:58,167 (logging:126) INFO: the current dir is /home/ubuntu/medscale[0m
[38;5;39m2023-02-24 21:53:58,167 (logging:127) INFO: the output dir is exp/FedAvg_convnet5_on_lung100_lr0.01_lstep1/sub_exp_20230224215358[0m
[33;20m2023-02-24 21:54:09,194 (cfg_data:145) WARNING: config `cfg.data.batch_size` will be removed in the future, use `cfg.dataloader.batch_size` instead.[0m
[33;20m2023-02-24 21:54:09,195 (cfg_data:145) WARNING: config `cfg.data.batch_size` will be removed in the future, use `cfg.dataloader.batch_size` instead.[0m
[38;5;39m2023-02-24 21:54:09,220 (config:243) INFO: the used configs are: 
aggregator:
  inside_weight: 1.0
  num_agg_groups: 1
  num_agg_topk: []
  outside_weight: 0.0
asyn:
  use: False
attack:
  alpha_TV: 0.001
  alpha_prop_loss: 0
  attack_method: 
  attacker_id: -1
  classifier_PIA: randomforest
  edge_num: 100
  edge_path: edge_data/
  freq: 10
  info_diff_type: l2
  inject_round: 0
  insert_round: 100000
  label_type: dirty
  max_ite: 400
  mean: [0.1307]
  mia_is_simulate_in: False
  mia_simulate_in_round: 20
  pgd_eps: 2
  pgd_lr: 0.1
  pgd_poisoning: False
  poison_ratio: 0.5
  reconstruct_lr: 0.01
  reconstruct_optim: Adam
  scale_para: 1.0
  scale_poisoning: False
  self_epoch: 6
  self_lr: 0.05
  self_opt: False
  setting: fix
  std: [0.3081]
  target_label_ind: -1
  trigger_path: trigger/
  trigger_type: edge
backend: torch
cfg_file: 
check_completeness: False
criterion:
  type: CrossEntropyLoss
data:
  args: []
  batch_size: 16
  cSBM_phi: [0.5, 0.5, 0.5]
  cache_dir: 
  consistent_label_distribution: False
  drop_last: False
  hetero_data_name: []
  hetero_synth_batch_size: 32
  hetero_synth_feat_dim: 128
  hetero_synth_prim_weight: 0.5
  is_debug: False
  loader: 
  max_query_len: 128
  max_seq_len: 384
  max_tgt_len: 128
  num_contrast: 0
  num_of_client_for_data: []
  num_steps: 30
  num_workers: 0
  pre_transform: []
  quadratic:
    dim: 1
    max_curv: 12.5
    min_curv: 0.02
  root: data/
  save_data: False
  server_holds_all: False
  shuffle: True
  sizes: [10, 5]
  splits: [0.8, 0, 0.2]
  splitter: lda
  splitter_args: [{'alpha': 0.5}]
  subsample: 1.0
  target_transform: []
  test_pre_transform: []
  test_target_transform: []
  test_transform: []
  transform: []
  trunc_stride: 128
  type: lung100
  val_pre_transform: []
  val_target_transform: []
  val_transform: []
  walk_length: 2
dataloader:
  batch_size: 16
  drop_last: False
  num_steps: 30
  num_workers: 0
  pin_memory: False
  shuffle: True
  sizes: [10, 5]
  theta: -1
  type: base
  walk_length: 2
device: 0
distribute:
  use: False
early_stop:
  delta: 0.0
  improve_indicator_mode: best
  patience: 5
eval:
  best_res_update_round_wise_key: test_loss
  count_flops: True
  freq: 1
  metrics: ['acc', 'correct', 'f1']
  monitoring: []
  report: ['weighted_avg', 'avg', 'fairness', 'raw']
  split: ['test', 'val']
expname: FedAvg_convnet5_on_lung100_lr0.01_lstep1
expname_tag: 
feat_engr:
  num_bins: 5
  scenario: hfl
  secure:
    dp:
      
    encrypt:
      type: dummy
    key_size: 3072
    type: encrypt
  selec_threshold: 0.05
  selec_woe_binning: quantile
  type: 
federate:
  atc_load_from: 
  atc_vanilla: False
  client_num: 10
  data_weighted_aggr: False
  ignore_weight: False
  join_in_info: []
  make_global_eval: False
  merge_test_data: False
  method: FedAvg
  mode: standalone
  online_aggr: False
  resource_info_file: 
  restore_from: 
  sample_client_num: 10
  sample_client_rate: -1.0
  sampler: uniform
  save_to: 
  share_local_model: False
  total_round_num: 10
  unseen_clients_rate: 0.0
  use_diff: False
  use_ss: False
fedopt:
  use: False
fedprox:
  use: False
fedsageplus:
  a: 1.0
  b: 1.0
  c: 1.0
  fedgen_epoch: 200
  gen_hidden: 128
  hide_portion: 0.5
  loc_epoch: 1
  num_pred: 5
finetune:
  batch_or_epoch: epoch
  before_eval: False
  freeze_param: 
  local_update_steps: 1
  optimizer:
    lr: 0.1
    type: SGD
  scheduler:
    type: 
    warmup_ratio: 0.0
flitplus:
  factor_ema: 0.8
  lambdavat: 0.5
  tmpFed: 0.5
  weightReg: 1.0
gcflplus:
  EPS_1: 0.05
  EPS_2: 0.1
  seq_length: 5
  standardize: False
grad:
  grad_accum_count: 1
  grad_clip: 5.0
hpo:
  fedex:
    cutoff: 0.0
    diff: False
    eta0: -1.0
    flatten_ss: True
    gamma: 0.0
    pi_lr: 0.01
    psn: False
    sched: auto
    ss: 
    use: False
  init_cand_num: 16
  larger_better: False
  metric: client_summarized_weighted_avg.val_loss
  num_workers: 0
  pbt:
    max_stage: 5
    perf_threshold: 0.1
  scheduler: rs
  sha:
    budgets: []
    elim_rate: 3
    iter: 0
  ss: 
  table:
    eps: 0.1
    idx: 0
    num: 27
  working_folder: hpo
model:
  contrast_temp: 1.0
  contrast_topk: 100
  downstream_tasks: []
  dropout: 0.0
  embed_size: 8
  gamma: 0
  graph_pooling: mean
  hidden: 2048
  in_channels: 0
  input_shape: ()
  label_smoothing: 0.1
  lambda_: 0.1
  layer: 2
  length_penalty: 2.0
  max_answer_len: 30
  max_length: 200
  max_tree_depth: 3
  min_length: 1
  model_num_per_trainer: 1
  model_type: google/bert_uncased_L-2_H-128_A-2
  n_best_size: 20
  no_repeat_ngram_size: 3
  null_score_diff_threshold: 0.0
  num_beams: 5
  num_item: 0
  num_labels: 1
  num_of_trees: 10
  num_user: 0
  out_channels: 62
  pretrain_tasks: []
  stage: 
  task: node
  type: convnet5
  use_bias: True
  use_contrastive_loss: False
nbafl:
  use: False
outdir: exp/FedAvg_convnet5_on_lung100_lr0.01_lstep1/sub_exp_20230224215358
personalization:
  K: 5
  beta: 1.0
  local_param: ['bn', 'norms']
  local_update_steps: 1
  lr: 0.01
  regular_weight: 0.1
  share_non_trainable_para: False
print_decimal_digits: 6
regularizer:
  mu: 0.0
  type: 
seed: 2
sgdmf:
  use: False
train:
  batch_or_epoch: epoch
  local_update_steps: 1
  optimizer:
    lr: 0.01
    type: SGD
    weight_decay: 0.0
  scheduler:
    type: 
    warmup_ratio: 0.0
trainer:
  disp_freq: 50
  local_entropy:
    alpha: 0.75
    eps: 0.001
    gamma: 0.0001
  sam:
    adaptive: False
    eta: 0.0
    rho: 1.0
  type: cvtrainer
  val_freq: 100000000
use_gpu: True
verbose: 1
vertical:
  use: False
wandb:
  use: False[0m
[38;5;39m2023-02-24 21:54:09,348 (utils:144) INFO: The device information file is not provided[0m
[38;5;39m2023-02-24 21:54:09,513 (fed_runner:169) INFO: Server has been set up ... [0m
[38;5;39m2023-02-24 21:54:09,738 (fed_runner:221) INFO: Client 1 has been set up ... [0m
[38;5;39m2023-02-24 21:54:09,902 (fed_runner:221) INFO: Client 2 has been set up ... [0m
[38;5;39m2023-02-24 21:54:10,047 (fed_runner:221) INFO: Client 3 has been set up ... [0m
[38;5;39m2023-02-24 21:54:10,254 (fed_runner:221) INFO: Client 4 has been set up ... [0m
[38;5;39m2023-02-24 21:54:10,443 (fed_runner:221) INFO: Client 5 has been set up ... [0m
[38;5;39m2023-02-24 21:54:10,677 (fed_runner:221) INFO: Client 6 has been set up ... [0m
[38;5;39m2023-02-24 21:54:10,914 (fed_runner:221) INFO: Client 7 has been set up ... [0m
[38;5;39m2023-02-24 21:54:11,077 (fed_runner:221) INFO: Client 8 has been set up ... [0m
[38;5;39m2023-02-24 21:54:11,232 (fed_runner:221) INFO: Client 9 has been set up ... [0m
[38;5;39m2023-02-24 21:54:11,388 (fed_runner:221) INFO: Client 10 has been set up ... [0m
<<<<<<< HEAD
[38;5;39m2023-02-24 21:54:11,388 (trainer:341) INFO: Model meta-info: <class 'medscale.cv.model.cnn.ConvNet5'>.[0m
=======
<<<<<<< HEAD
[38;5;39m2023-02-24 21:54:11,388 (trainer:341) INFO: Model meta-info: <class 'medscale.cv.model.cnn.ConvNet5'>.[0m
=======
[38;5;39m2023-02-24 21:54:11,388 (trainer:341) INFO: Model meta-info: <class 'medscale.cv.model.cnn.ConvNet5'>.[0m
>>>>>>> fe4962455354c9c11afd9c9806ceda28eb280737
>>>>>>> 64b283ee525ef53c32509882719e74890329b83f
[38;5;39m2023-02-24 21:54:11,389 (trainer:349) INFO: Num of original para names: 39.[0m
[38;5;39m2023-02-24 21:54:11,389 (trainer:350) INFO: Num of original trainable para names: 24.[0m
[38;5;39m2023-02-24 21:54:11,389 (trainer:352) INFO: Num of preserved para names in local update: 14. 
Preserved para names in local update: {'conv1.bias', 'fc2.weight', 'fc2.bias', 'fc1.bias', 'conv3.bias', 'conv2.bias', 'conv2.weight', 'fc1.weight', 'conv3.weight', 'conv1.weight', 'conv5.weight', 'conv5.bias', 'conv4.weight', 'conv4.bias'}.[0m
[38;5;39m2023-02-24 21:54:11,389 (trainer:356) INFO: Num of filtered para names in local update: 25. 
Filtered para names in local update: {'bn4.weight', 'bn1.running_var', 'bn1.weight', 'bn3.num_batches_tracked', 'bn3.bias', 'bn5.running_mean', 'bn5.weight', 'bn2.num_batches_tracked', 'bn1.bias', 'bn2.running_var', 'bn3.running_var', 'bn4.bias', 'bn4.num_batches_tracked', 'bn5.num_batches_tracked', 'bn3.weight', 'bn3.running_mean', 'bn4.running_var', 'bn5.bias', 'bn2.weight', 'bn4.running_mean', 'bn5.running_var', 'bn2.bias', 'bn2.running_mean', 'bn1.running_mean', 'bn1.num_batches_tracked'}.[0m
[38;5;39m2023-02-24 21:54:11,389 (trainer:361) INFO: After register default hooks,
	the hooks_in_train is:
	{
	  "on_fit_start": [
	    "_hook_on_fit_start_init",
	    "_hook_on_fit_start_calculate_model_size"
	  ],
	  "on_epoch_start": [
	    "_hook_on_epoch_start"
	  ],
	  "on_batch_start": [
	    "_hook_on_batch_start_init"
	  ],
	  "on_batch_forward": [
	    "_hook_on_batch_forward",
	    "_hook_on_batch_forward_regularizer",
	    "_hook_on_batch_forward_flop_count"
	  ],
	  "on_batch_backward": [
	    "_hook_on_batch_backward"
	  ],
	  "on_batch_end": [
	    "_hook_on_batch_end"
	  ],
	  "on_fit_end": [
	    "_hook_on_fit_end"
	  ]
	};
	the hooks_in_eval is:
            t{
	  "on_fit_start": [
	    "_hook_on_fit_start_init"
	  ],
	  "on_epoch_start": [
	    "_hook_on_epoch_start"
	  ],
	  "on_batch_start": [
	    "_hook_on_batch_start_init"
	  ],
	  "on_batch_forward": [
	    "_hook_on_batch_forward"
	  ],
	  "on_batch_end": [
	    "_hook_on_batch_end"
	  ],
	  "on_fit_end": [
	    "_hook_on_fit_end"
	  ]
	}[0m
[38;5;39m2023-02-24 21:54:11,403 (server:804) INFO: ----------- Starting training (Round #0) -------------[0m
Unsupported operator aten::max_pool2d encountered 5 time(s)
[38;5;39m2023-02-24 21:54:18,184 (client:306) INFO: {'Role': 'Client #3', 'Round': 0, 'Results_raw': {'train_avg_loss': 1.1898, 'train_f1': 0.133826, 'train_loss': 221.302868, 'train_total': 186, 'train_correct': 163.0, 'train_acc': 0.876344}}[0m
Unsupported operator aten::max_pool2d encountered 5 time(s)
[38;5;39m2023-02-24 21:54:18,788 (client:306) INFO: {'Role': 'Client #7', 'Round': 0, 'Results_raw': {'train_avg_loss': 3.878128, 'train_f1': 0.121739, 'train_loss': 139.612603, 'train_total': 36, 'train_correct': 14.0, 'train_acc': 0.388889}}[0m
Unsupported operator aten::max_pool2d encountered 5 time(s)
[38;5;39m2023-02-24 21:54:21,633 (client:306) INFO: {'Role': 'Client #1', 'Round': 0, 'Results_raw': {'train_avg_loss': 1.263091, 'train_f1': 0.149562, 'train_loss': 295.563251, 'train_total': 234, 'train_correct': 188.0, 'train_acc': 0.803419}}[0m
Unsupported operator aten::max_pool2d encountered 5 time(s)
[38;5;39m2023-02-24 21:54:22,277 (client:306) INFO: {'Role': 'Client #10', 'Round': 0, 'Results_raw': {'train_avg_loss': 3.597439, 'train_f1': 0.1, 'train_loss': 201.456591, 'train_total': 56, 'train_correct': 21.0, 'train_acc': 0.375}}[0m
Unsupported operator aten::max_pool2d encountered 5 time(s)
[38;5;39m2023-02-24 21:54:22,391 (client:306) INFO: {'Role': 'Client #4', 'Round': 0, 'Results_raw': {'train_avg_loss': 4.780851, 'train_f1': 0.0, 'train_loss': 14.342553, 'train_total': 3, 'train_correct': 0.0, 'train_acc': 0.0}}[0m
Unsupported operator aten::max_pool2d encountered 5 time(s)
[38;5;39m2023-02-24 21:54:23,407 (client:306) INFO: {'Role': 'Client #6', 'Round': 0, 'Results_raw': {'train_avg_loss': 2.994286, 'train_f1': 0.09697, 'train_loss': 248.525736, 'train_total': 83, 'train_correct': 32.0, 'train_acc': 0.385542}}[0m
Unsupported operator aten::max_pool2d encountered 5 time(s)
[38;5;39m2023-02-24 21:54:23,590 (client:306) INFO: {'Role': 'Client #8', 'Round': 0, 'Results_raw': {'train_avg_loss': 4.588358, 'train_f1': 0.0, 'train_loss': 55.060295, 'train_total': 12, 'train_correct': 0.0, 'train_acc': 0.0}}[0m
Unsupported operator aten::max_pool2d encountered 5 time(s)
[38;5;39m2023-02-24 21:54:25,059 (client:306) INFO: {'Role': 'Client #9', 'Round': 0, 'Results_raw': {'train_avg_loss': 2.073681, 'train_f1': 0.140622, 'train_loss': 279.946901, 'train_total': 135, 'train_correct': 85.0, 'train_acc': 0.62963}}[0m
Unsupported operator aten::max_pool2d encountered 5 time(s)
[38;5;39m2023-02-24 21:54:26,182 (client:306) INFO: {'Role': 'Client #5', 'Round': 0, 'Results_raw': {'train_avg_loss': 2.339242, 'train_f1': 0.163636, 'train_loss': 250.298927, 'train_total': 107, 'train_correct': 72.0, 'train_acc': 0.672897}}[0m
Unsupported operator aten::max_pool2d encountered 5 time(s)
[38;5;39m2023-02-24 21:54:26,438 (client:306) INFO: {'Role': 'Client #2', 'Round': 0, 'Results_raw': {'train_avg_loss': 4.429912, 'train_f1': 0.0, 'train_loss': 110.747803, 'train_total': 25, 'train_correct': 0.0, 'train_acc': 0.0}}[0m
[38;5;39m2023-02-24 21:54:26,453 (monitor:541) INFO: {'Role': 'Server #', 'Round': 0, 'Results_model_metric': {}}[0m
[38;5;39m2023-02-24 21:54:26,504 (server:330) INFO: Server: Starting evaluation at the end of round 0.[0m
[38;5;39m2023-02-24 21:54:26,505 (server:336) INFO: ----------- Starting a new training round (Round #1) -------------[0m
[33;20m2023-02-24 21:54:26,739 (context:294) WARNING: No val_data or val_loader in the trainer, will skip evaluation.If this is not the case you want, please check whether there is typo for the name[0m
[33;20m2023-02-24 21:54:26,908 (context:294) WARNING: No val_data or val_loader in the trainer, will skip evaluation.If this is not the case you want, please check whether there is typo for the name[0m
[33;20m2023-02-24 21:54:27,034 (context:294) WARNING: No val_data or val_loader in the trainer, will skip evaluation.If this is not the case you want, please check whether there is typo for the name[0m
[33;20m2023-02-24 21:54:27,433 (context:294) WARNING: No val_data or val_loader in the trainer, will skip evaluation.If this is not the case you want, please check whether there is typo for the name[0m
[33;20m2023-02-24 21:54:27,601 (context:294) WARNING: No val_data or val_loader in the trainer, will skip evaluation.If this is not the case you want, please check whether there is typo for the name[0m
[33;20m2023-02-24 21:54:27,929 (context:294) WARNING: No val_data or val_loader in the trainer, will skip evaluation.If this is not the case you want, please check whether there is typo for the name[0m
[33;20m2023-02-24 21:54:28,185 (context:294) WARNING: No val_data or val_loader in the trainer, will skip evaluation.If this is not the case you want, please check whether there is typo for the name[0m
[33;20m2023-02-24 21:54:28,272 (context:294) WARNING: No val_data or val_loader in the trainer, will skip evaluation.If this is not the case you want, please check whether there is typo for the name[0m
[33;20m2023-02-24 21:54:28,440 (context:294) WARNING: No val_data or val_loader in the trainer, will skip evaluation.If this is not the case you want, please check whether there is typo for the name[0m
[33;20m2023-02-24 21:54:28,705 (context:294) WARNING: No val_data or val_loader in the trainer, will skip evaluation.If this is not the case you want, please check whether there is typo for the name[0m
[38;5;39m2023-02-24 21:54:29,264 (client:306) INFO: {'Role': 'Client #10', 'Round': 1, 'Results_raw': {'train_avg_loss': 1.08166, 'train_f1': 0.418026, 'train_loss': 60.572934, 'train_total': 56, 'train_correct': 38.0, 'train_acc': 0.678571}}[0m
[38;5;39m2023-02-24 21:54:29,469 (client:306) INFO: {'Role': 'Client #8', 'Round': 1, 'Results_raw': {'train_avg_loss': 2.71728, 'train_f1': 0.133333, 'train_loss': 32.607365, 'train_total': 12, 'train_correct': 1.0, 'train_acc': 0.083333}}[0m
[38;5;39m2023-02-24 21:54:30,529 (client:306) INFO: {'Role': 'Client #5', 'Round': 1, 'Results_raw': {'train_avg_loss': 0.766691, 'train_f1': 0.498396, 'train_loss': 82.03592, 'train_total': 107, 'train_correct': 88.0, 'train_acc': 0.82243}}[0m
[38;5;39m2023-02-24 21:54:30,909 (client:306) INFO: {'Role': 'Client #7', 'Round': 1, 'Results_raw': {'train_avg_loss': 1.110714, 'train_f1': 0.573545, 'train_loss': 39.985721, 'train_total': 36, 'train_correct': 31.0, 'train_acc': 0.861111}}[0m
[38;5;39m2023-02-24 21:54:32,711 (client:306) INFO: {'Role': 'Client #3', 'Round': 1, 'Results_raw': {'train_avg_loss': 0.402761, 'train_f1': 0.325069, 'train_loss': 74.913614, 'train_total': 186, 'train_correct': 177.0, 'train_acc': 0.951613}}[0m
[38;5;39m2023-02-24 21:54:35,525 (client:306) INFO: {'Role': 'Client #1', 'Round': 1, 'Results_raw': {'train_avg_loss': 0.563369, 'train_f1': 0.315152, 'train_loss': 131.828291, 'train_total': 234, 'train_correct': 208.0, 'train_acc': 0.888889}}[0m
[38;5;39m2023-02-24 21:54:35,621 (client:306) INFO: {'Role': 'Client #4', 'Round': 1, 'Results_raw': {'train_avg_loss': 2.035554, 'train_f1': 0.0, 'train_loss': 6.106661, 'train_total': 3, 'train_correct': 0.0, 'train_acc': 0.0}}[0m
[38;5;39m2023-02-24 21:54:35,871 (client:306) INFO: {'Role': 'Client #2', 'Round': 1, 'Results_raw': {'train_avg_loss': 1.842561, 'train_f1': 0.488889, 'train_loss': 46.06402, 'train_total': 25, 'train_correct': 15.0, 'train_acc': 0.6}}[0m
[38;5;39m2023-02-24 21:54:36,765 (client:306) INFO: {'Role': 'Client #6', 'Round': 1, 'Results_raw': {'train_avg_loss': 1.306227, 'train_f1': 0.375, 'train_loss': 108.41683, 'train_total': 83, 'train_correct': 45.0, 'train_acc': 0.542169}}[0m
[38;5;39m2023-02-24 21:54:38,306 (client:306) INFO: {'Role': 'Client #9', 'Round': 1, 'Results_raw': {'train_avg_loss': 0.78918, 'train_f1': 0.612642, 'train_loss': 106.539328, 'train_total': 135, 'train_correct': 102.0, 'train_acc': 0.755556}}[0m
[38;5;39m2023-02-24 21:54:38,308 (server:590) INFO: {'Role': 'Server #', 'Round': 0, 'Results_weighted_avg': {'test_avg_loss': 3.866085, 'test_f1': 0.22853, 'test_loss': 104.364785, 'test_total': 22.0, 'test_correct': 7.5, 'test_acc': 0.340909}, 'Results_avg': {'test_avg_loss': 3.860249, 'test_f1': 0.241477, 'test_loss': 85.05386, 'test_total': 22.0, 'test_correct': 7.5, 'test_acc': 0.357011}, 'Results_fairness': {'test_total': 22.0, 'test_correct': 7.5, 'test_avg_loss_std': 0.215573, 'test_avg_loss_bottom_decile': 3.608928, 'test_avg_loss_top_decile': 4.039991, 'test_avg_loss_min': 3.324997, 'test_avg_loss_max': 4.039991, 'test_avg_loss_bottom10%': 3.324997, 'test_avg_loss_top10%': 4.039991, 'test_avg_loss_cos1': 0.998444, 'test_avg_loss_entropy': 2.300978, 'test_f1_std': 0.293461, 'test_f1_bottom_decile': 0.0, 'test_f1_top_decile': 1.0, 'test_f1_min': 0.0, 'test_f1_max': 1.0, 'test_f1_bottom10%': 0.0, 'test_f1_top10%': 1.0, 'test_f1_cos1': 0.635398, 'test_f1_entropy': 1.625408, 'test_loss_std': 41.29498, 'test_loss_bottom_decile': 40.050964, 'test_loss_top_decile': 180.991425, 'test_loss_min': 39.849503, 'test_loss_max': 180.991425, 'test_loss_bottom10%': 39.849503, 'test_loss_top10%': 180.991425, 'test_loss_cos1': 0.899578, 'test_loss_entropy': 2.194219, 'test_acc_std': 0.362454, 'test_acc_bottom_decile': 0.0, 'test_acc_top_decile': 1.0, 'test_acc_min': 0.0, 'test_acc_max': 1.0, 'test_acc_bottom10%': 0.0, 'test_acc_top10%': 1.0, 'test_acc_cos1': 0.701737, 'test_acc_entropy': 1.721349}}[0m
[38;5;39m2023-02-24 21:54:38,320 (monitor:541) INFO: {'Role': 'Server #', 'Round': 1, 'Results_model_metric': {}}[0m
[38;5;39m2023-02-24 21:54:38,381 (server:330) INFO: Server: Starting evaluation at the end of round 1.[0m
[38;5;39m2023-02-24 21:54:38,382 (server:336) INFO: ----------- Starting a new training round (Round #2) -------------[0m
[33;20m2023-02-24 21:54:38,720 (context:294) WARNING: No val_data or val_loader in the trainer, will skip evaluation.If this is not the case you want, please check whether there is typo for the name[0m
[33;20m2023-02-24 21:54:39,048 (context:294) WARNING: No val_data or val_loader in the trainer, will skip evaluation.If this is not the case you want, please check whether there is typo for the name[0m
[33;20m2023-02-24 21:54:39,307 (context:294) WARNING: No val_data or val_loader in the trainer, will skip evaluation.If this is not the case you want, please check whether there is typo for the name[0m
[33;20m2023-02-24 21:54:39,825 (context:294) WARNING: No val_data or val_loader in the trainer, will skip evaluation.If this is not the case you want, please check whether there is typo for the name[0m
[33;20m2023-02-24 21:54:39,989 (context:294) WARNING: No val_data or val_loader in the trainer, will skip evaluation.If this is not the case you want, please check whether there is typo for the name[0m
[33;20m2023-02-24 21:54:40,494 (context:294) WARNING: No val_data or val_loader in the trainer, will skip evaluation.If this is not the case you want, please check whether there is typo for the name[0m
[33;20m2023-02-24 21:54:40,876 (context:294) WARNING: No val_data or val_loader in the trainer, will skip evaluation.If this is not the case you want, please check whether there is typo for the name[0m
[33;20m2023-02-24 21:54:41,046 (context:294) WARNING: No val_data or val_loader in the trainer, will skip evaluation.If this is not the case you want, please check whether there is typo for the name[0m
[33;20m2023-02-24 21:54:41,185 (context:294) WARNING: No val_data or val_loader in the trainer, will skip evaluation.If this is not the case you want, please check whether there is typo for the name[0m
[33;20m2023-02-24 21:54:41,540 (context:294) WARNING: No val_data or val_loader in the trainer, will skip evaluation.If this is not the case you want, please check whether there is typo for the name[0m
[38;5;39m2023-02-24 21:54:41,599 (client:306) INFO: {'Role': 'Client #4', 'Round': 2, 'Results_raw': {'train_avg_loss': 1.638866, 'train_f1': 0.166667, 'train_loss': 4.916598, 'train_total': 3, 'train_correct': 1.0, 'train_acc': 0.333333}}[0m
[38;5;39m2023-02-24 21:54:43,082 (client:306) INFO: {'Role': 'Client #9', 'Round': 2, 'Results_raw': {'train_avg_loss': 0.674951, 'train_f1': 0.595, 'train_loss': 91.11838, 'train_total': 135, 'train_correct': 93.0, 'train_acc': 0.688889}}[0m
[38;5;39m2023-02-24 21:54:43,240 (client:306) INFO: {'Role': 'Client #8', 'Round': 2, 'Results_raw': {'train_avg_loss': 2.583164, 'train_f1': 0.0, 'train_loss': 30.997973, 'train_total': 12, 'train_correct': 0.0, 'train_acc': 0.0}}[0m
[38;5;39m2023-02-24 21:54:43,500 (client:306) INFO: {'Role': 'Client #2', 'Round': 2, 'Results_raw': {'train_avg_loss': 1.207435, 'train_f1': 0.388889, 'train_loss': 30.185887, 'train_total': 25, 'train_correct': 13.0, 'train_acc': 0.52}}[0m
[38;5;39m2023-02-24 21:54:44,536 (client:306) INFO: {'Role': 'Client #5', 'Round': 2, 'Results_raw': {'train_avg_loss': 0.53342, 'train_f1': 0.603913, 'train_loss': 57.075956, 'train_total': 107, 'train_correct': 86.0, 'train_acc': 0.803738}}[0m
[38;5;39m2023-02-24 21:54:46,780 (client:306) INFO: {'Role': 'Client #1', 'Round': 2, 'Results_raw': {'train_avg_loss': 0.457804, 'train_f1': 0.316027, 'train_loss': 107.126096, 'train_total': 234, 'train_correct': 210.0, 'train_acc': 0.897436}}[0m
[38;5;39m2023-02-24 21:54:47,179 (client:306) INFO: {'Role': 'Client #7', 'Round': 2, 'Results_raw': {'train_avg_loss': 0.845698, 'train_f1': 0.342529, 'train_loss': 30.445128, 'train_total': 36, 'train_correct': 25.0, 'train_acc': 0.694444}}[0m
[38;5;39m2023-02-24 21:54:48,970 (client:306) INFO: {'Role': 'Client #3', 'Round': 2, 'Results_raw': {'train_avg_loss': 0.297697, 'train_f1': 0.318352, 'train_loss': 55.371657, 'train_total': 186, 'train_correct': 170.0, 'train_acc': 0.913978}}[0m
[38;5;39m2023-02-24 21:54:50,264 (client:306) INFO: {'Role': 'Client #6', 'Round': 2, 'Results_raw': {'train_avg_loss': 1.154298, 'train_f1': 0.324074, 'train_loss': 95.806696, 'train_total': 83, 'train_correct': 40.0, 'train_acc': 0.481928}}[0m
[38;5;39m2023-02-24 21:54:50,873 (client:306) INFO: {'Role': 'Client #10', 'Round': 2, 'Results_raw': {'train_avg_loss': 0.911443, 'train_f1': 0.345417, 'train_loss': 51.040788, 'train_total': 56, 'train_correct': 30.0, 'train_acc': 0.535714}}[0m
[38;5;39m2023-02-24 21:54:50,875 (server:590) INFO: {'Role': 'Server #', 'Round': 1, 'Results_weighted_avg': {'test_avg_loss': 3.236312, 'test_f1': 0.260021, 'test_loss': 89.437087, 'test_total': 22.0, 'test_correct': 8.1, 'test_acc': 0.368182}, 'Results_avg': {'test_avg_loss': 3.193836, 'test_f1': 0.277277, 'test_loss': 71.198855, 'test_total': 22.0, 'test_correct': 8.1, 'test_acc': 0.388261}, 'Results_fairness': {'test_total': 22.0, 'test_correct': 8.1, 'test_avg_loss_std': 0.861199, 'test_avg_loss_bottom_decile': 2.041757, 'test_avg_loss_top_decile': 3.938728, 'test_avg_loss_min': 1.190537, 'test_avg_loss_max': 3.938728, 'test_avg_loss_bottom10%': 1.190537, 'test_avg_loss_top10%': 3.938728, 'test_avg_loss_cos1': 0.965516, 'test_avg_loss_entropy': 2.259553, 'test_f1_std': 0.298897, 'test_f1_bottom_decile': 0.0, 'test_f1_top_decile': 1.0, 'test_f1_min': 0.0, 'test_f1_max': 1.0, 'test_f1_bottom10%': 0.0, 'test_f1_top10%': 1.0, 'test_f1_cos1': 0.680096, 'test_f1_entropy': 1.712439, 'test_loss_std': 42.419231, 'test_loss_bottom_decile': 35.188739, 'test_loss_top_decile': 164.461726, 'test_loss_min': 23.810732, 'test_loss_max': 164.461726, 'test_loss_bottom10%': 23.810732, 'test_loss_top10%': 164.461726, 'test_loss_cos1': 0.859086, 'test_loss_entropy': 2.136695, 'test_acc_std': 0.357778, 'test_acc_bottom_decile': 0.0, 'test_acc_top_decile': 1.0, 'test_acc_min': 0.0, 'test_acc_max': 1.0, 'test_acc_bottom10%': 0.0, 'test_acc_top10%': 1.0, 'test_acc_cos1': 0.735385, 'test_acc_entropy': 1.791457}}[0m
[38;5;39m2023-02-24 21:54:50,891 (monitor:541) INFO: {'Role': 'Server #', 'Round': 2, 'Results_model_metric': {}}[0m
[38;5;39m2023-02-24 21:54:50,925 (server:330) INFO: Server: Starting evaluation at the end of round 2.[0m
[38;5;39m2023-02-24 21:54:50,926 (server:336) INFO: ----------- Starting a new training round (Round #3) -------------[0m
[33;20m2023-02-24 21:54:51,227 (context:294) WARNING: No val_data or val_loader in the trainer, will skip evaluation.If this is not the case you want, please check whether there is typo for the name[0m
[33;20m2023-02-24 21:54:51,398 (context:294) WARNING: No val_data or val_loader in the trainer, will skip evaluation.If this is not the case you want, please check whether there is typo for the name[0m
[33;20m2023-02-24 21:54:51,524 (context:294) WARNING: No val_data or val_loader in the trainer, will skip evaluation.If this is not the case you want, please check whether there is typo for the name[0m
[33;20m2023-02-24 21:54:51,935 (context:294) WARNING: No val_data or val_loader in the trainer, will skip evaluation.If this is not the case you want, please check whether there is typo for the name[0m
[33;20m2023-02-24 21:54:52,167 (context:294) WARNING: No val_data or val_loader in the trainer, will skip evaluation.If this is not the case you want, please check whether there is typo for the name[0m
[33;20m2023-02-24 21:54:52,564 (context:294) WARNING: No val_data or val_loader in the trainer, will skip evaluation.If this is not the case you want, please check whether there is typo for the name[0m
[33;20m2023-02-24 21:54:52,778 (context:294) WARNING: No val_data or val_loader in the trainer, will skip evaluation.If this is not the case you want, please check whether there is typo for the name[0m
[33;20m2023-02-24 21:54:52,901 (context:294) WARNING: No val_data or val_loader in the trainer, will skip evaluation.If this is not the case you want, please check whether there is typo for the name[0m
[33;20m2023-02-24 21:54:53,003 (context:294) WARNING: No val_data or val_loader in the trainer, will skip evaluation.If this is not the case you want, please check whether there is typo for the name[0m
[33;20m2023-02-24 21:54:53,338 (context:294) WARNING: No val_data or val_loader in the trainer, will skip evaluation.If this is not the case you want, please check whether there is typo for the name[0m
[38;5;39m2023-02-24 21:54:54,602 (client:306) INFO: {'Role': 'Client #5', 'Round': 3, 'Results_raw': {'train_avg_loss': 0.510767, 'train_f1': 0.632555, 'train_loss': 54.65208, 'train_total': 107, 'train_correct': 87.0, 'train_acc': 0.813084}}[0m
[38;5;39m2023-02-24 21:54:55,236 (client:306) INFO: {'Role': 'Client #10', 'Round': 3, 'Results_raw': {'train_avg_loss': 0.89199, 'train_f1': 0.290559, 'train_loss': 49.951447, 'train_total': 56, 'train_correct': 25.0, 'train_acc': 0.446429}}[0m
[38;5;39m2023-02-24 21:54:55,395 (client:306) INFO: {'Role': 'Client #8', 'Round': 3, 'Results_raw': {'train_avg_loss': 2.407664, 'train_f1': 0.0, 'train_loss': 28.891969, 'train_total': 12, 'train_correct': 0.0, 'train_acc': 0.0}}[0m
[38;5;39m2023-02-24 21:54:56,741 (client:306) INFO: {'Role': 'Client #9', 'Round': 3, 'Results_raw': {'train_avg_loss': 0.552737, 'train_f1': 0.679089, 'train_loss': 74.619507, 'train_total': 135, 'train_correct': 104.0, 'train_acc': 0.77037}}[0m
[38;5;39m2023-02-24 21:54:57,020 (client:306) INFO: {'Role': 'Client #2', 'Round': 3, 'Results_raw': {'train_avg_loss': 1.11811, 'train_f1': 0.444444, 'train_loss': 27.952745, 'train_total': 25, 'train_correct': 14.0, 'train_acc': 0.56}}[0m
[38;5;39m2023-02-24 21:54:57,105 (client:306) INFO: {'Role': 'Client #4', 'Round': 3, 'Results_raw': {'train_avg_loss': 1.331696, 'train_f1': 0.4, 'train_loss': 3.995088, 'train_total': 3, 'train_correct': 2.0, 'train_acc': 0.666667}}[0m
[38;5;39m2023-02-24 21:54:59,373 (client:306) INFO: {'Role': 'Client #1', 'Round': 3, 'Results_raw': {'train_avg_loss': 0.401182, 'train_f1': 0.316105, 'train_loss': 93.876588, 'train_total': 234, 'train_correct': 211.0, 'train_acc': 0.901709}}[0m
[38;5;39m2023-02-24 21:55:01,384 (client:306) INFO: {'Role': 'Client #3', 'Round': 3, 'Results_raw': {'train_avg_loss': 0.311224, 'train_f1': 0.316384, 'train_loss': 57.887577, 'train_total': 186, 'train_correct': 168.0, 'train_acc': 0.903226}}[0m
[38;5;39m2023-02-24 21:55:01,892 (client:306) INFO: {'Role': 'Client #7', 'Round': 3, 'Results_raw': {'train_avg_loss': 0.772815, 'train_f1': 0.365618, 'train_loss': 27.821336, 'train_total': 36, 'train_correct': 24.0, 'train_acc': 0.666667}}[0m
[38;5;39m2023-02-24 21:55:02,821 (client:306) INFO: {'Role': 'Client #6', 'Round': 3, 'Results_raw': {'train_avg_loss': 0.926958, 'train_f1': 0.36361, 'train_loss': 76.937531, 'train_total': 83, 'train_correct': 45.0, 'train_acc': 0.542169}}[0m
[38;5;39m2023-02-24 21:55:02,824 (server:590) INFO: {'Role': 'Server #', 'Round': 2, 'Results_weighted_avg': {'test_avg_loss': 2.753137, 'test_f1': 0.260021, 'test_loss': 77.118192, 'test_total': 22.0, 'test_correct': 8.1, 'test_acc': 0.368182}, 'Results_avg': {'test_avg_loss': 2.687915, 'test_f1': 0.277277, 'test_loss': 60.569023, 'test_total': 22.0, 'test_correct': 8.1, 'test_acc': 0.388261}, 'Results_fairness': {'test_total': 22.0, 'test_correct': 8.1, 'test_avg_loss_std': 1.108738, 'test_avg_loss_bottom_decile': 1.120819, 'test_avg_loss_top_decile': 3.866704, 'test_avg_loss_min': 0.474275, 'test_avg_loss_max': 3.866704, 'test_avg_loss_bottom10%': 0.474275, 'test_avg_loss_top10%': 3.866704, 'test_avg_loss_cos1': 0.924442, 'test_avg_loss_entropy': 2.197331, 'test_f1_std': 0.298897, 'test_f1_bottom_decile': 0.0, 'test_f1_top_decile': 1.0, 'test_f1_min': 0.0, 'test_f1_max': 1.0, 'test_f1_bottom10%': 0.0, 'test_f1_top10%': 1.0, 'test_f1_cos1': 0.680096, 'test_f1_entropy': 1.712439, 'test_loss_std': 41.592508, 'test_loss_bottom_decile': 22.416386, 'test_loss_top_decile': 145.615355, 'test_loss_min': 9.485505, 'test_loss_max': 145.615355, 'test_loss_bottom10%': 9.485505, 'test_loss_top10%': 145.615355, 'test_loss_cos1': 0.824351, 'test_loss_entropy': 2.068, 'test_acc_std': 0.357778, 'test_acc_bottom_decile': 0.0, 'test_acc_top_decile': 1.0, 'test_acc_min': 0.0, 'test_acc_max': 1.0, 'test_acc_bottom10%': 0.0, 'test_acc_top10%': 1.0, 'test_acc_cos1': 0.735385, 'test_acc_entropy': 1.791457}}[0m
[38;5;39m2023-02-24 21:55:02,839 (monitor:541) INFO: {'Role': 'Server #', 'Round': 3, 'Results_model_metric': {}}[0m
[38;5;39m2023-02-24 21:55:02,886 (server:330) INFO: Server: Starting evaluation at the end of round 3.[0m
[38;5;39m2023-02-24 21:55:02,887 (server:336) INFO: ----------- Starting a new training round (Round #4) -------------[0m
[33;20m2023-02-24 21:55:03,215 (context:294) WARNING: No val_data or val_loader in the trainer, will skip evaluation.If this is not the case you want, please check whether there is typo for the name[0m
[33;20m2023-02-24 21:55:03,542 (context:294) WARNING: No val_data or val_loader in the trainer, will skip evaluation.If this is not the case you want, please check whether there is typo for the name[0m
[33;20m2023-02-24 21:55:03,767 (context:294) WARNING: No val_data or val_loader in the trainer, will skip evaluation.If this is not the case you want, please check whether there is typo for the name[0m
[33;20m2023-02-24 21:55:04,146 (context:294) WARNING: No val_data or val_loader in the trainer, will skip evaluation.If this is not the case you want, please check whether there is typo for the name[0m
[33;20m2023-02-24 21:55:04,281 (context:294) WARNING: No val_data or val_loader in the trainer, will skip evaluation.If this is not the case you want, please check whether there is typo for the name[0m
[33;20m2023-02-24 21:55:04,625 (context:294) WARNING: No val_data or val_loader in the trainer, will skip evaluation.If this is not the case you want, please check whether there is typo for the name[0m
[33;20m2023-02-24 21:55:04,829 (context:294) WARNING: No val_data or val_loader in the trainer, will skip evaluation.If this is not the case you want, please check whether there is typo for the name[0m
[33;20m2023-02-24 21:55:04,920 (context:294) WARNING: No val_data or val_loader in the trainer, will skip evaluation.If this is not the case you want, please check whether there is typo for the name[0m
[33;20m2023-02-24 21:55:05,010 (context:294) WARNING: No val_data or val_loader in the trainer, will skip evaluation.If this is not the case you want, please check whether there is typo for the name[0m
[33;20m2023-02-24 21:55:05,228 (context:294) WARNING: No val_data or val_loader in the trainer, will skip evaluation.If this is not the case you want, please check whether there is typo for the name[0m
[38;5;39m2023-02-24 21:55:05,531 (client:306) INFO: {'Role': 'Client #7', 'Round': 4, 'Results_raw': {'train_avg_loss': 0.692922, 'train_f1': 0.27381, 'train_loss': 24.945201, 'train_total': 36, 'train_correct': 23.0, 'train_acc': 0.638889}}[0m
[38;5;39m2023-02-24 21:55:06,900 (client:306) INFO: {'Role': 'Client #9', 'Round': 4, 'Results_raw': {'train_avg_loss': 0.510135, 'train_f1': 0.73, 'train_loss': 68.86828, 'train_total': 135, 'train_correct': 107.0, 'train_acc': 0.792593}}[0m
[38;5;39m2023-02-24 21:55:08,576 (client:306) INFO: {'Role': 'Client #3', 'Round': 4, 'Results_raw': {'train_avg_loss': 0.254751, 'train_f1': 0.322222, 'train_loss': 47.383725, 'train_total': 186, 'train_correct': 174.0, 'train_acc': 0.935484}}[0m
[38;5;39m2023-02-24 21:55:08,876 (client:306) INFO: {'Role': 'Client #2', 'Round': 4, 'Results_raw': {'train_avg_loss': 1.023424, 'train_f1': 0.444444, 'train_loss': 25.585602, 'train_total': 25, 'train_correct': 14.0, 'train_acc': 0.56}}[0m
[38;5;39m2023-02-24 21:55:09,947 (client:306) INFO: {'Role': 'Client #5', 'Round': 4, 'Results_raw': {'train_avg_loss': 0.501796, 'train_f1': 0.569735, 'train_loss': 53.692225, 'train_total': 107, 'train_correct': 88.0, 'train_acc': 0.82243}}[0m
[38;5;39m2023-02-24 21:55:10,926 (client:306) INFO: {'Role': 'Client #6', 'Round': 4, 'Results_raw': {'train_avg_loss': 0.9955, 'train_f1': 0.281363, 'train_loss': 82.626485, 'train_total': 83, 'train_correct': 34.0, 'train_acc': 0.409639}}[0m
[38;5;39m2023-02-24 21:55:13,548 (client:306) INFO: {'Role': 'Client #1', 'Round': 4, 'Results_raw': {'train_avg_loss': 0.379287, 'train_f1': 0.315234, 'train_loss': 88.753269, 'train_total': 234, 'train_correct': 209.0, 'train_acc': 0.893162}}[0m
[38;5;39m2023-02-24 21:55:13,602 (client:306) INFO: {'Role': 'Client #4', 'Round': 4, 'Results_raw': {'train_avg_loss': 1.330866, 'train_f1': 0.166667, 'train_loss': 3.992598, 'train_total': 3, 'train_correct': 1.0, 'train_acc': 0.333333}}[0m
[38;5;39m2023-02-24 21:55:14,105 (client:306) INFO: {'Role': 'Client #10', 'Round': 4, 'Results_raw': {'train_avg_loss': 0.597541, 'train_f1': 0.517094, 'train_loss': 33.462314, 'train_total': 56, 'train_correct': 44.0, 'train_acc': 0.785714}}[0m
[38;5;39m2023-02-24 21:55:14,225 (client:306) INFO: {'Role': 'Client #8', 'Round': 4, 'Results_raw': {'train_avg_loss': 1.722185, 'train_f1': 0.0, 'train_loss': 20.666217, 'train_total': 12, 'train_correct': 0.0, 'train_acc': 0.0}}[0m
[38;5;39m2023-02-24 21:55:14,227 (server:590) INFO: {'Role': 'Server #', 'Round': 3, 'Results_weighted_avg': {'test_avg_loss': 2.359662, 'test_f1': 0.270008, 'test_loss': 65.53369, 'test_total': 22.0, 'test_correct': 10.0, 'test_acc': 0.454545}, 'Results_avg': {'test_avg_loss': 2.307527, 'test_f1': 0.276276, 'test_loss': 51.912571, 'test_total': 22.0, 'test_correct': 10.0, 'test_acc': 0.46856}, 'Results_fairness': {'test_total': 22.0, 'test_correct': 10.0, 'test_avg_loss_std': 1.125536, 'test_avg_loss_bottom_decile': 0.805542, 'test_avg_loss_top_decile': 3.765984, 'test_avg_loss_min': 0.691843, 'test_avg_loss_max': 3.765984, 'test_avg_loss_bottom10%': 0.691843, 'test_avg_loss_top10%': 3.765984, 'test_avg_loss_cos1': 0.898782, 'test_avg_loss_entropy': 2.171891, 'test_f1_std': 0.199166, 'test_f1_bottom_decile': 0.0, 'test_f1_top_decile': 0.67033, 'test_f1_min': 0.0, 'test_f1_max': 0.67033, 'test_f1_bottom10%': 0.0, 'test_f1_top10%': 0.67033, 'test_f1_cos1': 0.81119, 'test_f1_entropy': 1.979396, 'test_loss_std': 37.068521, 'test_loss_bottom_decile': 16.110831, 'test_loss_top_decile': 121.521907, 'test_loss_min': 13.836869, 'test_loss_max': 121.521907, 'test_loss_bottom10%': 13.836869, 'test_loss_top10%': 121.521907, 'test_loss_cos1': 0.813822, 'test_loss_entropy': 2.051811, 'test_acc_std': 0.300937, 'test_acc_bottom_decile': 0.0, 'test_acc_top_decile': 0.956522, 'test_acc_min': 0.0, 'test_acc_max': 0.956522, 'test_acc_bottom10%': 0.0, 'test_acc_top10%': 0.956522, 'test_acc_cos1': 0.841407, 'test_acc_entropy': 2.014668}}[0m
[38;5;39m2023-02-24 21:55:14,230 (monitor:541) INFO: {'Role': 'Server #', 'Round': 4, 'Results_model_metric': {}}[0m
[38;5;39m2023-02-24 21:55:14,256 (server:330) INFO: Server: Starting evaluation at the end of round 4.[0m
[38;5;39m2023-02-24 21:55:14,257 (server:336) INFO: ----------- Starting a new training round (Round #5) -------------[0m
[33;20m2023-02-24 21:55:14,439 (context:294) WARNING: No val_data or val_loader in the trainer, will skip evaluation.If this is not the case you want, please check whether there is typo for the name[0m
[33;20m2023-02-24 21:55:14,617 (context:294) WARNING: No val_data or val_loader in the trainer, will skip evaluation.If this is not the case you want, please check whether there is typo for the name[0m
[33;20m2023-02-24 21:55:14,755 (context:294) WARNING: No val_data or val_loader in the trainer, will skip evaluation.If this is not the case you want, please check whether there is typo for the name[0m
[33;20m2023-02-24 21:55:15,141 (context:294) WARNING: No val_data or val_loader in the trainer, will skip evaluation.If this is not the case you want, please check whether there is typo for the name[0m
[33;20m2023-02-24 21:55:15,281 (context:294) WARNING: No val_data or val_loader in the trainer, will skip evaluation.If this is not the case you want, please check whether there is typo for the name[0m
[33;20m2023-02-24 21:55:15,548 (context:294) WARNING: No val_data or val_loader in the trainer, will skip evaluation.If this is not the case you want, please check whether there is typo for the name[0m
[33;20m2023-02-24 21:55:15,739 (context:294) WARNING: No val_data or val_loader in the trainer, will skip evaluation.If this is not the case you want, please check whether there is typo for the name[0m
[33;20m2023-02-24 21:55:15,851 (context:294) WARNING: No val_data or val_loader in the trainer, will skip evaluation.If this is not the case you want, please check whether there is typo for the name[0m
[33;20m2023-02-24 21:55:15,974 (context:294) WARNING: No val_data or val_loader in the trainer, will skip evaluation.If this is not the case you want, please check whether there is typo for the name[0m
[33;20m2023-02-24 21:55:16,255 (context:294) WARNING: No val_data or val_loader in the trainer, will skip evaluation.If this is not the case you want, please check whether there is typo for the name[0m
[38;5;39m2023-02-24 21:55:17,168 (client:306) INFO: {'Role': 'Client #5', 'Round': 5, 'Results_raw': {'train_avg_loss': 0.477913, 'train_f1': 0.605974, 'train_loss': 51.136737, 'train_total': 107, 'train_correct': 89.0, 'train_acc': 0.831776}}[0m
[38;5;39m2023-02-24 21:55:17,211 (client:306) INFO: {'Role': 'Client #4', 'Round': 5, 'Results_raw': {'train_avg_loss': 1.72079, 'train_f1': 0.0, 'train_loss': 5.162371, 'train_total': 3, 'train_correct': 0.0, 'train_acc': 0.0}}[0m
[38;5;39m2023-02-24 21:55:18,008 (client:306) INFO: {'Role': 'Client #6', 'Round': 5, 'Results_raw': {'train_avg_loss': 0.945064, 'train_f1': 0.401089, 'train_loss': 78.440336, 'train_total': 83, 'train_correct': 48.0, 'train_acc': 0.578313}}[0m
[38;5;39m2023-02-24 21:55:18,599 (client:306) INFO: {'Role': 'Client #10', 'Round': 5, 'Results_raw': {'train_avg_loss': 0.568091, 'train_f1': 0.552593, 'train_loss': 31.813107, 'train_total': 56, 'train_correct': 47.0, 'train_acc': 0.839286}}[0m
[38;5;39m2023-02-24 21:55:18,892 (client:306) INFO: {'Role': 'Client #2', 'Round': 5, 'Results_raw': {'train_avg_loss': 1.026773, 'train_f1': 0.435013, 'train_loss': 25.669323, 'train_total': 25, 'train_correct': 14.0, 'train_acc': 0.56}}[0m
[38;5;39m2023-02-24 21:55:20,349 (client:306) INFO: {'Role': 'Client #9', 'Round': 5, 'Results_raw': {'train_avg_loss': 0.502179, 'train_f1': 0.747596, 'train_loss': 67.794188, 'train_total': 135, 'train_correct': 107.0, 'train_acc': 0.792593}}[0m
[38;5;39m2023-02-24 21:55:20,459 (client:306) INFO: {'Role': 'Client #8', 'Round': 5, 'Results_raw': {'train_avg_loss': 1.956902, 'train_f1': 0.166667, 'train_loss': 23.482829, 'train_total': 12, 'train_correct': 1.0, 'train_acc': 0.083333}}[0m
[38;5;39m2023-02-24 21:55:22,513 (client:306) INFO: {'Role': 'Client #1', 'Round': 5, 'Results_raw': {'train_avg_loss': 0.435226, 'train_f1': 0.310502, 'train_loss': 101.842943, 'train_total': 234, 'train_correct': 204.0, 'train_acc': 0.871795}}[0m
[38;5;39m2023-02-24 21:55:24,362 (client:306) INFO: {'Role': 'Client #3', 'Round': 5, 'Results_raw': {'train_avg_loss': 0.248303, 'train_f1': 0.320298, 'train_loss': 46.184281, 'train_total': 186, 'train_correct': 172.0, 'train_acc': 0.924731}}[0m
[38;5;39m2023-02-24 21:55:24,897 (client:306) INFO: {'Role': 'Client #7', 'Round': 5, 'Results_raw': {'train_avg_loss': 0.557598, 'train_f1': 0.412186, 'train_loss': 20.073521, 'train_total': 36, 'train_correct': 29.0, 'train_acc': 0.805556}}[0m
[38;5;39m2023-02-24 21:55:24,899 (server:590) INFO: {'Role': 'Server #', 'Round': 4, 'Results_weighted_avg': {'test_avg_loss': 2.017217, 'test_f1': 0.323673, 'test_loss': 54.013165, 'test_total': 22.0, 'test_correct': 11.6, 'test_acc': 0.527273}, 'Results_avg': {'test_avg_loss': 2.039224, 'test_f1': 0.313978, 'test_loss': 44.378772, 'test_total': 22.0, 'test_correct': 11.6, 'test_acc': 0.511277}, 'Results_fairness': {'test_total': 22.0, 'test_correct': 11.6, 'test_avg_loss_std': 1.118641, 'test_avg_loss_bottom_decile': 0.73226, 'test_avg_loss_top_decile': 3.644247, 'test_avg_loss_min': 0.591344, 'test_avg_loss_max': 3.644247, 'test_avg_loss_bottom10%': 0.591344, 'test_avg_loss_top10%': 3.644247, 'test_avg_loss_cos1': 0.876748, 'test_avg_loss_entropy': 2.144052, 'test_f1_std': 0.221675, 'test_f1_bottom_decile': 0.0, 'test_f1_top_decile': 0.811912, 'test_f1_min': 0.0, 'test_f1_max': 0.811912, 'test_f1_bottom10%': 0.0, 'test_f1_top10%': 0.811912, 'test_f1_cos1': 0.816915, 'test_f1_entropy': 1.994101, 'test_loss_std': 31.929861, 'test_loss_bottom_decile': 14.645204, 'test_loss_top_decile': 98.394673, 'test_loss_min': 11.826873, 'test_loss_max': 98.394673, 'test_loss_bottom10%': 11.826873, 'test_loss_top10%': 98.394673, 'test_loss_cos1': 0.811733, 'test_loss_entropy': 2.051817, 'test_acc_std': 0.295697, 'test_acc_bottom_decile': 0.0, 'test_acc_top_decile': 0.956522, 'test_acc_min': 0.0, 'test_acc_max': 0.956522, 'test_acc_bottom10%': 0.0, 'test_acc_top10%': 0.956522, 'test_acc_cos1': 0.865651, 'test_acc_entropy': 2.047226}}[0m
[38;5;39m2023-02-24 21:55:24,903 (monitor:541) INFO: {'Role': 'Server #', 'Round': 5, 'Results_model_metric': {}}[0m
[38;5;39m2023-02-24 21:55:24,925 (server:330) INFO: Server: Starting evaluation at the end of round 5.[0m
[38;5;39m2023-02-24 21:55:24,926 (server:336) INFO: ----------- Starting a new training round (Round #6) -------------[0m
[33;20m2023-02-24 21:55:25,118 (context:294) WARNING: No val_data or val_loader in the trainer, will skip evaluation.If this is not the case you want, please check whether there is typo for the name[0m
[33;20m2023-02-24 21:55:25,284 (context:294) WARNING: No val_data or val_loader in the trainer, will skip evaluation.If this is not the case you want, please check whether there is typo for the name[0m
[33;20m2023-02-24 21:55:25,409 (context:294) WARNING: No val_data or val_loader in the trainer, will skip evaluation.If this is not the case you want, please check whether there is typo for the name[0m
[33;20m2023-02-24 21:55:25,809 (context:294) WARNING: No val_data or val_loader in the trainer, will skip evaluation.If this is not the case you want, please check whether there is typo for the name[0m
[33;20m2023-02-24 21:55:25,978 (context:294) WARNING: No val_data or val_loader in the trainer, will skip evaluation.If this is not the case you want, please check whether there is typo for the name[0m
[33;20m2023-02-24 21:55:26,229 (context:294) WARNING: No val_data or val_loader in the trainer, will skip evaluation.If this is not the case you want, please check whether there is typo for the name[0m
[33;20m2023-02-24 21:55:26,455 (context:294) WARNING: No val_data or val_loader in the trainer, will skip evaluation.If this is not the case you want, please check whether there is typo for the name[0m
[33;20m2023-02-24 21:55:26,574 (context:294) WARNING: No val_data or val_loader in the trainer, will skip evaluation.If this is not the case you want, please check whether there is typo for the name[0m
[33;20m2023-02-24 21:55:26,697 (context:294) WARNING: No val_data or val_loader in the trainer, will skip evaluation.If this is not the case you want, please check whether there is typo for the name[0m
[33;20m2023-02-24 21:55:27,019 (context:294) WARNING: No val_data or val_loader in the trainer, will skip evaluation.If this is not the case you want, please check whether there is typo for the name[0m
[38;5;39m2023-02-24 21:55:27,098 (client:306) INFO: {'Role': 'Client #4', 'Round': 6, 'Results_raw': {'train_avg_loss': 1.783626, 'train_f1': 0.0, 'train_loss': 5.350877, 'train_total': 3, 'train_correct': 0.0, 'train_acc': 0.0}}[0m
[38;5;39m2023-02-24 21:55:27,510 (client:306) INFO: {'Role': 'Client #2', 'Round': 6, 'Results_raw': {'train_avg_loss': 1.037657, 'train_f1': 0.424691, 'train_loss': 25.941414, 'train_total': 25, 'train_correct': 14.0, 'train_acc': 0.56}}[0m
[38;5;39m2023-02-24 21:55:28,413 (client:306) INFO: {'Role': 'Client #10', 'Round': 6, 'Results_raw': {'train_avg_loss': 0.577603, 'train_f1': 0.517094, 'train_loss': 32.345773, 'train_total': 56, 'train_correct': 44.0, 'train_acc': 0.785714}}[0m
[38;5;39m2023-02-24 21:55:30,247 (client:306) INFO: {'Role': 'Client #9', 'Round': 6, 'Results_raw': {'train_avg_loss': 0.502244, 'train_f1': 0.659312, 'train_loss': 67.802888, 'train_total': 135, 'train_correct': 100.0, 'train_acc': 0.740741}}[0m
[38;5;39m2023-02-24 21:55:31,422 (client:306) INFO: {'Role': 'Client #6', 'Round': 6, 'Results_raw': {'train_avg_loss': 0.861808, 'train_f1': 0.378061, 'train_loss': 71.530038, 'train_total': 83, 'train_correct': 46.0, 'train_acc': 0.554217}}[0m
[38;5;39m2023-02-24 21:55:31,775 (client:306) INFO: {'Role': 'Client #7', 'Round': 6, 'Results_raw': {'train_avg_loss': 0.562233, 'train_f1': 0.430634, 'train_loss': 20.240397, 'train_total': 36, 'train_correct': 27.0, 'train_acc': 0.75}}[0m
[38;5;39m2023-02-24 21:55:33,553 (client:306) INFO: {'Role': 'Client #3', 'Round': 6, 'Results_raw': {'train_avg_loss': 0.221386, 'train_f1': 0.324125, 'train_loss': 41.177865, 'train_total': 186, 'train_correct': 176.0, 'train_acc': 0.946237}}[0m
[38;5;39m2023-02-24 21:55:36,630 (client:306) INFO: {'Role': 'Client #1', 'Round': 6, 'Results_raw': {'train_avg_loss': 0.406054, 'train_f1': 0.312024, 'train_loss': 95.016603, 'train_total': 234, 'train_correct': 205.0, 'train_acc': 0.876068}}[0m
[38;5;39m2023-02-24 21:55:36,757 (client:306) INFO: {'Role': 'Client #8', 'Round': 6, 'Results_raw': {'train_avg_loss': 2.297745, 'train_f1': 0.222222, 'train_loss': 27.57294, 'train_total': 12, 'train_correct': 1.0, 'train_acc': 0.083333}}[0m
[38;5;39m2023-02-24 21:55:37,917 (client:306) INFO: {'Role': 'Client #5', 'Round': 6, 'Results_raw': {'train_avg_loss': 0.427166, 'train_f1': 0.649755, 'train_loss': 45.706774, 'train_total': 107, 'train_correct': 91.0, 'train_acc': 0.850467}}[0m
[38;5;39m2023-02-24 21:55:37,919 (server:590) INFO: {'Role': 'Server #', 'Round': 5, 'Results_weighted_avg': {'test_avg_loss': 1.78466, 'test_f1': 0.356437, 'test_loss': 45.793236, 'test_total': 22.0, 'test_correct': 12.7, 'test_acc': 0.577273}, 'Results_avg': {'test_avg_loss': 1.867685, 'test_f1': 0.344398, 'test_loss': 39.262529, 'test_total': 22.0, 'test_correct': 12.7, 'test_acc': 0.553723}, 'Results_fairness': {'test_total': 22.0, 'test_correct': 12.7, 'test_avg_loss_std': 1.085623, 'test_avg_loss_bottom_decile': 0.584313, 'test_avg_loss_top_decile': 3.532996, 'test_avg_loss_min': 0.55103, 'test_avg_loss_max': 3.532996, 'test_avg_loss_bottom10%': 0.55103, 'test_avg_loss_top10%': 3.532996, 'test_avg_loss_cos1': 0.864555, 'test_avg_loss_entropy': 2.128453, 'test_f1_std': 0.23357, 'test_f1_bottom_decile': 0.0, 'test_f1_top_decile': 0.811912, 'test_f1_min': 0.0, 'test_f1_max': 0.811912, 'test_f1_bottom10%': 0.0, 'test_f1_top10%': 0.811912, 'test_f1_cos1': 0.82762, 'test_f1_entropy': 2.001268, 'test_loss_std': 28.234385, 'test_loss_bottom_decile': 11.686265, 'test_loss_top_decile': 95.390889, 'test_loss_min': 11.020598, 'test_loss_max': 95.390889, 'test_loss_bottom10%': 11.020598, 'test_loss_top10%': 95.390889, 'test_loss_cos1': 0.811874, 'test_loss_entropy': 2.061244, 'test_acc_std': 0.302535, 'test_acc_bottom_decile': 0.0, 'test_acc_top_decile': 0.956522, 'test_acc_min': 0.0, 'test_acc_max': 0.956522, 'test_acc_bottom10%': 0.0, 'test_acc_top10%': 0.956522, 'test_acc_cos1': 0.877559, 'test_acc_entropy': 2.060804}}[0m
[38;5;39m2023-02-24 21:55:37,931 (monitor:541) INFO: {'Role': 'Server #', 'Round': 6, 'Results_model_metric': {}}[0m
[38;5;39m2023-02-24 21:55:37,991 (server:330) INFO: Server: Starting evaluation at the end of round 6.[0m
[38;5;39m2023-02-24 21:55:37,991 (server:336) INFO: ----------- Starting a new training round (Round #7) -------------[0m
[33;20m2023-02-24 21:55:38,201 (context:294) WARNING: No val_data or val_loader in the trainer, will skip evaluation.If this is not the case you want, please check whether there is typo for the name[0m
[33;20m2023-02-24 21:55:38,449 (context:294) WARNING: No val_data or val_loader in the trainer, will skip evaluation.If this is not the case you want, please check whether there is typo for the name[0m
[33;20m2023-02-24 21:55:38,578 (context:294) WARNING: No val_data or val_loader in the trainer, will skip evaluation.If this is not the case you want, please check whether there is typo for the name[0m
[33;20m2023-02-24 21:55:39,108 (context:294) WARNING: No val_data or val_loader in the trainer, will skip evaluation.If this is not the case you want, please check whether there is typo for the name[0m
[33;20m2023-02-24 21:55:39,299 (context:294) WARNING: No val_data or val_loader in the trainer, will skip evaluation.If this is not the case you want, please check whether there is typo for the name[0m
[33;20m2023-02-24 21:55:39,659 (context:294) WARNING: No val_data or val_loader in the trainer, will skip evaluation.If this is not the case you want, please check whether there is typo for the name[0m
[33;20m2023-02-24 21:55:39,897 (context:294) WARNING: No val_data or val_loader in the trainer, will skip evaluation.If this is not the case you want, please check whether there is typo for the name[0m
[33;20m2023-02-24 21:55:40,078 (context:294) WARNING: No val_data or val_loader in the trainer, will skip evaluation.If this is not the case you want, please check whether there is typo for the name[0m
[33;20m2023-02-24 21:55:40,222 (context:294) WARNING: No val_data or val_loader in the trainer, will skip evaluation.If this is not the case you want, please check whether there is typo for the name[0m
[33;20m2023-02-24 21:55:40,493 (context:294) WARNING: No val_data or val_loader in the trainer, will skip evaluation.If this is not the case you want, please check whether there is typo for the name[0m
[38;5;39m2023-02-24 21:55:40,543 (client:306) INFO: {'Role': 'Client #4', 'Round': 7, 'Results_raw': {'train_avg_loss': 1.594307, 'train_f1': 0.166667, 'train_loss': 4.78292, 'train_total': 3, 'train_correct': 1.0, 'train_acc': 0.333333}}[0m
[38;5;39m2023-02-24 21:55:42,381 (client:306) INFO: {'Role': 'Client #3', 'Round': 7, 'Results_raw': {'train_avg_loss': 0.254977, 'train_f1': 0.317371, 'train_loss': 47.425774, 'train_total': 186, 'train_correct': 169.0, 'train_acc': 0.908602}}[0m
[38;5;39m2023-02-24 21:55:42,699 (client:306) INFO: {'Role': 'Client #2', 'Round': 7, 'Results_raw': {'train_avg_loss': 0.978099, 'train_f1': 0.428571, 'train_loss': 24.452487, 'train_total': 25, 'train_correct': 14.0, 'train_acc': 0.56}}[0m
[38;5;39m2023-02-24 21:55:44,177 (client:306) INFO: {'Role': 'Client #9', 'Round': 7, 'Results_raw': {'train_avg_loss': 0.473721, 'train_f1': 0.733553, 'train_loss': 63.952337, 'train_total': 135, 'train_correct': 105.0, 'train_acc': 0.777778}}[0m
[38;5;39m2023-02-24 21:55:44,325 (client:306) INFO: {'Role': 'Client #8', 'Round': 7, 'Results_raw': {'train_avg_loss': 2.20158, 'train_f1': 0.0, 'train_loss': 26.418958, 'train_total': 12, 'train_correct': 0.0, 'train_acc': 0.0}}[0m
[38;5;39m2023-02-24 21:55:44,978 (client:306) INFO: {'Role': 'Client #10', 'Round': 7, 'Results_raw': {'train_avg_loss': 0.52806, 'train_f1': 0.507068, 'train_loss': 29.57135, 'train_total': 56, 'train_correct': 43.0, 'train_acc': 0.767857}}[0m
[38;5;39m2023-02-24 21:55:45,343 (client:306) INFO: {'Role': 'Client #7', 'Round': 7, 'Results_raw': {'train_avg_loss': 0.716419, 'train_f1': 0.372222, 'train_loss': 25.791075, 'train_total': 36, 'train_correct': 27.0, 'train_acc': 0.75}}[0m
[38;5;39m2023-02-24 21:55:46,180 (client:306) INFO: {'Role': 'Client #6', 'Round': 7, 'Results_raw': {'train_avg_loss': 0.924465, 'train_f1': 0.341514, 'train_loss': 76.730556, 'train_total': 83, 'train_correct': 42.0, 'train_acc': 0.506024}}[0m
[38;5;39m2023-02-24 21:55:48,872 (client:306) INFO: {'Role': 'Client #1', 'Round': 7, 'Results_raw': {'train_avg_loss': 0.380749, 'train_f1': 0.316105, 'train_loss': 89.095164, 'train_total': 234, 'train_correct': 211.0, 'train_acc': 0.901709}}[0m
[38;5;39m2023-02-24 21:55:50,084 (client:306) INFO: {'Role': 'Client #5', 'Round': 7, 'Results_raw': {'train_avg_loss': 0.491982, 'train_f1': 0.615359, 'train_loss': 52.642124, 'train_total': 107, 'train_correct': 85.0, 'train_acc': 0.794393}}[0m
[38;5;39m2023-02-24 21:55:50,088 (server:590) INFO: {'Role': 'Server #', 'Round': 6, 'Results_weighted_avg': {'test_avg_loss': 1.661331, 'test_f1': 0.317877, 'test_loss': 42.132825, 'test_total': 22.0, 'test_correct': 11.4, 'test_acc': 0.518182}, 'Results_avg': {'test_avg_loss': 1.741454, 'test_f1': 0.311623, 'test_loss': 36.549291, 'test_total': 22.0, 'test_correct': 11.4, 'test_acc': 0.510652}, 'Results_fairness': {'test_total': 22.0, 'test_correct': 11.4, 'test_avg_loss_std': 1.034393, 'test_avg_loss_bottom_decile': 0.715035, 'test_avg_loss_top_decile': 3.456519, 'test_avg_loss_min': 0.372334, 'test_avg_loss_max': 3.456519, 'test_avg_loss_bottom10%': 0.372334, 'test_avg_loss_top10%': 3.456519, 'test_avg_loss_cos1': 0.859767, 'test_avg_loss_entropy': 2.124052, 'test_f1_std': 0.185854, 'test_f1_bottom_decile': 0.0, 'test_f1_top_decile': 0.583333, 'test_f1_min': 0.0, 'test_f1_max': 0.583333, 'test_f1_bottom10%': 0.0, 'test_f1_top10%': 0.583333, 'test_f1_cos1': 0.858851, 'test_f1_entropy': 2.037171, 'test_loss_std': 26.858349, 'test_loss_bottom_decile': 14.300694, 'test_loss_top_decile': 93.326019, 'test_loss_min': 7.446689, 'test_loss_max': 93.326019, 'test_loss_bottom10%': 7.446689, 'test_loss_top10%': 93.326019, 'test_loss_cos1': 0.805821, 'test_loss_entropy': 2.056706, 'test_acc_std': 0.306201, 'test_acc_bottom_decile': 0.0, 'test_acc_top_decile': 0.956522, 'test_acc_min': 0.0, 'test_acc_max': 0.956522, 'test_acc_bottom10%': 0.0, 'test_acc_top10%': 0.956522, 'test_acc_cos1': 0.857634, 'test_acc_entropy': 2.038369}}[0m
[38;5;39m2023-02-24 21:55:50,103 (monitor:541) INFO: {'Role': 'Server #', 'Round': 7, 'Results_model_metric': {}}[0m
[38;5;39m2023-02-24 21:55:50,148 (server:330) INFO: Server: Starting evaluation at the end of round 7.[0m
[38;5;39m2023-02-24 21:55:50,149 (server:336) INFO: ----------- Starting a new training round (Round #8) -------------[0m
[33;20m2023-02-24 21:55:50,345 (context:294) WARNING: No val_data or val_loader in the trainer, will skip evaluation.If this is not the case you want, please check whether there is typo for the name[0m
[33;20m2023-02-24 21:55:50,512 (context:294) WARNING: No val_data or val_loader in the trainer, will skip evaluation.If this is not the case you want, please check whether there is typo for the name[0m
[33;20m2023-02-24 21:55:50,757 (context:294) WARNING: No val_data or val_loader in the trainer, will skip evaluation.If this is not the case you want, please check whether there is typo for the name[0m
[33;20m2023-02-24 21:55:51,178 (context:294) WARNING: No val_data or val_loader in the trainer, will skip evaluation.If this is not the case you want, please check whether there is typo for the name[0m
[33;20m2023-02-24 21:55:51,322 (context:294) WARNING: No val_data or val_loader in the trainer, will skip evaluation.If this is not the case you want, please check whether there is typo for the name[0m
[33;20m2023-02-24 21:55:51,763 (context:294) WARNING: No val_data or val_loader in the trainer, will skip evaluation.If this is not the case you want, please check whether there is typo for the name[0m
[33;20m2023-02-24 21:55:52,084 (context:294) WARNING: No val_data or val_loader in the trainer, will skip evaluation.If this is not the case you want, please check whether there is typo for the name[0m
[33;20m2023-02-24 21:55:52,220 (context:294) WARNING: No val_data or val_loader in the trainer, will skip evaluation.If this is not the case you want, please check whether there is typo for the name[0m
[33;20m2023-02-24 21:55:52,307 (context:294) WARNING: No val_data or val_loader in the trainer, will skip evaluation.If this is not the case you want, please check whether there is typo for the name[0m
[33;20m2023-02-24 21:55:52,526 (context:294) WARNING: No val_data or val_loader in the trainer, will skip evaluation.If this is not the case you want, please check whether there is typo for the name[0m
[38;5;39m2023-02-24 21:55:55,349 (client:306) INFO: {'Role': 'Client #1', 'Round': 8, 'Results_raw': {'train_avg_loss': 0.362623, 'train_f1': 0.345013, 'train_loss': 84.853882, 'train_total': 234, 'train_correct': 211.0, 'train_acc': 0.901709}}[0m
[38;5;39m2023-02-24 21:55:57,044 (client:306) INFO: {'Role': 'Client #9', 'Round': 8, 'Results_raw': {'train_avg_loss': 0.417862, 'train_f1': 0.780239, 'train_loss': 56.411425, 'train_total': 135, 'train_correct': 112.0, 'train_acc': 0.82963}}[0m
[38;5;39m2023-02-24 21:55:57,847 (client:306) INFO: {'Role': 'Client #6', 'Round': 8, 'Results_raw': {'train_avg_loss': 0.878286, 'train_f1': 0.391097, 'train_loss': 72.897763, 'train_total': 83, 'train_correct': 48.0, 'train_acc': 0.578313}}[0m
[38;5;39m2023-02-24 21:55:59,726 (client:306) INFO: {'Role': 'Client #3', 'Round': 8, 'Results_raw': {'train_avg_loss': 0.215401, 'train_f1': 0.322222, 'train_loss': 40.064516, 'train_total': 186, 'train_correct': 174.0, 'train_acc': 0.935484}}[0m
[38;5;39m2023-02-24 21:56:00,046 (client:306) INFO: {'Role': 'Client #2', 'Round': 8, 'Results_raw': {'train_avg_loss': 1.022243, 'train_f1': 0.591667, 'train_loss': 25.556066, 'train_total': 25, 'train_correct': 16.0, 'train_acc': 0.64}}[0m
[38;5;39m2023-02-24 21:56:00,600 (client:306) INFO: {'Role': 'Client #10', 'Round': 8, 'Results_raw': {'train_avg_loss': 0.600231, 'train_f1': 0.497264, 'train_loss': 33.612936, 'train_total': 56, 'train_correct': 42.0, 'train_acc': 0.75}}[0m
[38;5;39m2023-02-24 21:56:01,661 (client:306) INFO: {'Role': 'Client #5', 'Round': 8, 'Results_raw': {'train_avg_loss': 0.492526, 'train_f1': 0.485577, 'train_loss': 52.700232, 'train_total': 107, 'train_correct': 79.0, 'train_acc': 0.738318}}[0m
[38;5;39m2023-02-24 21:56:01,834 (client:306) INFO: {'Role': 'Client #8', 'Round': 8, 'Results_raw': {'train_avg_loss': 2.178398, 'train_f1': 0.0, 'train_loss': 26.140775, 'train_total': 12, 'train_correct': 0.0, 'train_acc': 0.0}}[0m
[38;5;39m2023-02-24 21:56:01,875 (client:306) INFO: {'Role': 'Client #4', 'Round': 8, 'Results_raw': {'train_avg_loss': 1.735908, 'train_f1': 0.0, 'train_loss': 5.207724, 'train_total': 3, 'train_correct': 0.0, 'train_acc': 0.0}}[0m
[38;5;39m2023-02-24 21:56:02,200 (client:306) INFO: {'Role': 'Client #7', 'Round': 8, 'Results_raw': {'train_avg_loss': 0.549371, 'train_f1': 0.432184, 'train_loss': 19.777366, 'train_total': 36, 'train_correct': 28.0, 'train_acc': 0.777778}}[0m
[38;5;39m2023-02-24 21:56:02,203 (server:590) INFO: {'Role': 'Server #', 'Round': 7, 'Results_weighted_avg': {'test_avg_loss': 1.478777, 'test_f1': 0.385987, 'test_loss': 36.596188, 'test_total': 22.0, 'test_correct': 13.6, 'test_acc': 0.618182}, 'Results_avg': {'test_avg_loss': 1.572585, 'test_f1': 0.368593, 'test_loss': 32.533104, 'test_total': 22.0, 'test_correct': 13.6, 'test_acc': 0.584266}, 'Results_fairness': {'test_total': 22.0, 'test_correct': 13.6, 'test_avg_loss_std': 1.024879, 'test_avg_loss_bottom_decile': 0.545761, 'test_avg_loss_top_decile': 3.322624, 'test_avg_loss_min': 0.508947, 'test_avg_loss_max': 3.322624, 'test_avg_loss_bottom10%': 0.508947, 'test_avg_loss_top10%': 3.322624, 'test_avg_loss_cos1': 0.837786, 'test_avg_loss_entropy': 2.097435, 'test_f1_std': 0.251851, 'test_f1_bottom_decile': 0.0, 'test_f1_top_decile': 0.811912, 'test_f1_min': 0.0, 'test_f1_max': 0.811912, 'test_f1_bottom10%': 0.0, 'test_f1_top10%': 0.811912, 'test_f1_cos1': 0.825667, 'test_f1_entropy': 1.99486, 'test_loss_std': 25.883081, 'test_loss_bottom_decile': 10.915226, 'test_loss_top_decile': 89.710846, 'test_loss_min': 10.178939, 'test_loss_max': 89.710846, 'test_loss_bottom10%': 10.178939, 'test_loss_top10%': 89.710846, 'test_loss_cos1': 0.782549, 'test_loss_entropy': 2.034175, 'test_acc_std': 0.310898, 'test_acc_bottom_decile': 0.0, 'test_acc_top_decile': 0.956522, 'test_acc_min': 0.0, 'test_acc_max': 0.956522, 'test_acc_bottom10%': 0.0, 'test_acc_top10%': 0.956522, 'test_acc_cos1': 0.882798, 'test_acc_entropy': 2.066384}}[0m
[38;5;39m2023-02-24 21:56:02,206 (monitor:541) INFO: {'Role': 'Server #', 'Round': 8, 'Results_model_metric': {}}[0m
[38;5;39m2023-02-24 21:56:02,243 (server:330) INFO: Server: Starting evaluation at the end of round 8.[0m
[38;5;39m2023-02-24 21:56:02,244 (server:336) INFO: ----------- Starting a new training round (Round #9) -------------[0m
[33;20m2023-02-24 21:56:02,442 (context:294) WARNING: No val_data or val_loader in the trainer, will skip evaluation.If this is not the case you want, please check whether there is typo for the name[0m
[33;20m2023-02-24 21:56:02,667 (context:294) WARNING: No val_data or val_loader in the trainer, will skip evaluation.If this is not the case you want, please check whether there is typo for the name[0m
[33;20m2023-02-24 21:56:02,798 (context:294) WARNING: No val_data or val_loader in the trainer, will skip evaluation.If this is not the case you want, please check whether there is typo for the name[0m
[33;20m2023-02-24 21:56:03,169 (context:294) WARNING: No val_data or val_loader in the trainer, will skip evaluation.If this is not the case you want, please check whether there is typo for the name[0m
[33;20m2023-02-24 21:56:03,302 (context:294) WARNING: No val_data or val_loader in the trainer, will skip evaluation.If this is not the case you want, please check whether there is typo for the name[0m
[33;20m2023-02-24 21:56:03,552 (context:294) WARNING: No val_data or val_loader in the trainer, will skip evaluation.If this is not the case you want, please check whether there is typo for the name[0m
[33;20m2023-02-24 21:56:03,810 (context:294) WARNING: No val_data or val_loader in the trainer, will skip evaluation.If this is not the case you want, please check whether there is typo for the name[0m
[33;20m2023-02-24 21:56:03,968 (context:294) WARNING: No val_data or val_loader in the trainer, will skip evaluation.If this is not the case you want, please check whether there is typo for the name[0m
[33;20m2023-02-24 21:56:04,055 (context:294) WARNING: No val_data or val_loader in the trainer, will skip evaluation.If this is not the case you want, please check whether there is typo for the name[0m
[33;20m2023-02-24 21:56:04,267 (context:294) WARNING: No val_data or val_loader in the trainer, will skip evaluation.If this is not the case you want, please check whether there is typo for the name[0m
[38;5;39m2023-02-24 21:56:04,317 (client:306) INFO: {'Role': 'Client #4', 'Round': 9, 'Results_raw': {'train_avg_loss': 1.723298, 'train_f1': 0.0, 'train_loss': 5.169894, 'train_total': 3, 'train_correct': 0.0, 'train_acc': 0.0}}[0m
[38;5;39m2023-02-24 21:56:06,242 (client:306) INFO: {'Role': 'Client #3', 'Round': 9, 'Results_raw': {'train_avg_loss': 0.232524, 'train_f1': 0.319328, 'train_loss': 43.249543, 'train_total': 186, 'train_correct': 171.0, 'train_acc': 0.919355}}[0m
[38;5;39m2023-02-24 21:56:08,726 (client:306) INFO: {'Role': 'Client #1', 'Round': 9, 'Results_raw': {'train_avg_loss': 0.343617, 'train_f1': 0.345802, 'train_loss': 80.406413, 'train_total': 234, 'train_correct': 212.0, 'train_acc': 0.905983}}[0m
[38;5;39m2023-02-24 21:56:08,953 (client:306) INFO: {'Role': 'Client #8', 'Round': 9, 'Results_raw': {'train_avg_loss': 1.81548, 'train_f1': 0.0, 'train_loss': 21.785761, 'train_total': 12, 'train_correct': 0.0, 'train_acc': 0.0}}[0m
[38;5;39m2023-02-24 21:56:09,635 (client:306) INFO: {'Role': 'Client #10', 'Round': 9, 'Results_raw': {'train_avg_loss': 0.598043, 'train_f1': 0.511081, 'train_loss': 33.490407, 'train_total': 56, 'train_correct': 43.0, 'train_acc': 0.767857}}[0m
[38;5;39m2023-02-24 21:56:10,090 (client:306) INFO: {'Role': 'Client #7', 'Round': 9, 'Results_raw': {'train_avg_loss': 0.647063, 'train_f1': 0.35656, 'train_loss': 23.294278, 'train_total': 36, 'train_correct': 26.0, 'train_acc': 0.722222}}[0m
[38;5;39m2023-02-24 21:56:11,175 (client:306) INFO: {'Role': 'Client #5', 'Round': 9, 'Results_raw': {'train_avg_loss': 0.465575, 'train_f1': 0.621062, 'train_loss': 49.816481, 'train_total': 107, 'train_correct': 88.0, 'train_acc': 0.82243}}[0m
[38;5;39m2023-02-24 21:56:12,663 (client:306) INFO: {'Role': 'Client #9', 'Round': 9, 'Results_raw': {'train_avg_loss': 0.429643, 'train_f1': 0.746717, 'train_loss': 58.001745, 'train_total': 135, 'train_correct': 110.0, 'train_acc': 0.814815}}[0m
[38;5;39m2023-02-24 21:56:12,949 (client:306) INFO: {'Role': 'Client #2', 'Round': 9, 'Results_raw': {'train_avg_loss': 1.140343, 'train_f1': 0.472222, 'train_loss': 28.50857, 'train_total': 25, 'train_correct': 14.0, 'train_acc': 0.56}}[0m
[38;5;39m2023-02-24 21:56:14,036 (client:306) INFO: {'Role': 'Client #6', 'Round': 9, 'Results_raw': {'train_avg_loss': 0.922886, 'train_f1': 0.408085, 'train_loss': 76.599554, 'train_total': 83, 'train_correct': 49.0, 'train_acc': 0.590361}}[0m
[38;5;39m2023-02-24 21:56:14,039 (server:590) INFO: {'Role': 'Server #', 'Round': 8, 'Results_weighted_avg': {'test_avg_loss': 1.392713, 'test_f1': 0.384976, 'test_loss': 34.751597, 'test_total': 22.0, 'test_correct': 13.6, 'test_acc': 0.618182}, 'Results_avg': {'test_avg_loss': 1.459281, 'test_f1': 0.371045, 'test_loss': 30.639696, 'test_total': 22.0, 'test_correct': 13.6, 'test_acc': 0.588342}, 'Results_fairness': {'test_total': 22.0, 'test_correct': 13.6, 'test_avg_loss_std': 0.973419, 'test_avg_loss_bottom_decile': 0.569714, 'test_avg_loss_top_decile': 3.223, 'test_avg_loss_min': 0.505169, 'test_avg_loss_max': 3.223, 'test_avg_loss_bottom10%': 0.505169, 'test_avg_loss_top10%': 3.223, 'test_avg_loss_cos1': 0.831902, 'test_avg_loss_entropy': 2.094683, 'test_f1_std': 0.251656, 'test_f1_bottom_decile': 0.0, 'test_f1_top_decile': 0.761905, 'test_f1_min': 0.0, 'test_f1_max': 0.761905, 'test_f1_bottom10%': 0.0, 'test_f1_top10%': 0.761905, 'test_f1_cos1': 0.827605, 'test_f1_entropy': 1.997109, 'test_loss_std': 25.256433, 'test_loss_bottom_decile': 11.394274, 'test_loss_top_decile': 87.021008, 'test_loss_min': 10.103388, 'test_loss_max': 87.021008, 'test_loss_bottom10%': 10.103388, 'test_loss_top10%': 87.021008, 'test_loss_cos1': 0.771637, 'test_loss_entropy': 2.018984, 'test_acc_std': 0.311914, 'test_acc_bottom_decile': 0.0, 'test_acc_top_decile': 0.956522, 'test_acc_min': 0.0, 'test_acc_max': 0.956522, 'test_acc_bottom10%': 0.0, 'test_acc_top10%': 0.956522, 'test_acc_cos1': 0.883515, 'test_acc_entropy': 2.06708}}[0m
[38;5;39m2023-02-24 21:56:14,042 (monitor:541) INFO: {'Role': 'Server #', 'Round': 9, 'Results_model_metric': {}}[0m
[38;5;39m2023-02-24 21:56:14,069 (server:347) INFO: Server: Training is finished! Starting evaluation.[0m
[33;20m2023-02-24 21:56:14,240 (context:294) WARNING: No val_data or val_loader in the trainer, will skip evaluation.If this is not the case you want, please check whether there is typo for the name[0m
[33;20m2023-02-24 21:56:14,411 (context:294) WARNING: No val_data or val_loader in the trainer, will skip evaluation.If this is not the case you want, please check whether there is typo for the name[0m
[33;20m2023-02-24 21:56:14,541 (context:294) WARNING: No val_data or val_loader in the trainer, will skip evaluation.If this is not the case you want, please check whether there is typo for the name[0m
[33;20m2023-02-24 21:56:15,073 (context:294) WARNING: No val_data or val_loader in the trainer, will skip evaluation.If this is not the case you want, please check whether there is typo for the name[0m
[33;20m2023-02-24 21:56:15,201 (context:294) WARNING: No val_data or val_loader in the trainer, will skip evaluation.If this is not the case you want, please check whether there is typo for the name[0m
[33;20m2023-02-24 21:56:15,584 (context:294) WARNING: No val_data or val_loader in the trainer, will skip evaluation.If this is not the case you want, please check whether there is typo for the name[0m
[33;20m2023-02-24 21:56:15,785 (context:294) WARNING: No val_data or val_loader in the trainer, will skip evaluation.If this is not the case you want, please check whether there is typo for the name[0m
[33;20m2023-02-24 21:56:15,875 (context:294) WARNING: No val_data or val_loader in the trainer, will skip evaluation.If this is not the case you want, please check whether there is typo for the name[0m
[33;20m2023-02-24 21:56:16,017 (context:294) WARNING: No val_data or val_loader in the trainer, will skip evaluation.If this is not the case you want, please check whether there is typo for the name[0m
[33;20m2023-02-24 21:56:16,238 (context:294) WARNING: No val_data or val_loader in the trainer, will skip evaluation.If this is not the case you want, please check whether there is typo for the name[0m
[38;5;39m2023-02-24 21:56:16,240 (server:590) INFO: {'Role': 'Server #', 'Round': 9, 'Results_weighted_avg': {'test_avg_loss': 1.292334, 'test_f1': 0.414695, 'test_loss': 32.345888, 'test_total': 22.0, 'test_correct': 14.6, 'test_acc': 0.663636}, 'Results_avg': {'test_avg_loss': 1.332777, 'test_f1': 0.405735, 'test_loss': 28.431344, 'test_total': 22.0, 'test_correct': 14.6, 'test_acc': 0.634538}, 'Results_fairness': {'test_total': 22.0, 'test_correct': 14.6, 'test_avg_loss_std': 0.924999, 'test_avg_loss_bottom_decile': 0.627904, 'test_avg_loss_top_decile': 3.100307, 'test_avg_loss_min': 0.589827, 'test_avg_loss_max': 3.100307, 'test_avg_loss_bottom10%': 0.589827, 'test_avg_loss_top10%': 3.100307, 'test_avg_loss_cos1': 0.821526, 'test_avg_loss_entropy': 2.089077, 'test_f1_std': 0.250368, 'test_f1_bottom_decile': 0.177778, 'test_f1_top_decile': 0.811912, 'test_f1_min': 0.0, 'test_f1_max': 0.811912, 'test_f1_bottom10%': 0.0, 'test_f1_top10%': 0.811912, 'test_f1_cos1': 0.851016, 'test_f1_entropy': 2.078544, 'test_loss_std': 24.590585, 'test_loss_bottom_decile': 12.045827, 'test_loss_top_decile': 83.708301, 'test_loss_min': 11.796549, 'test_loss_max': 83.708301, 'test_loss_bottom10%': 11.796549, 'test_loss_top10%': 83.708301, 'test_loss_cos1': 0.756346, 'test_loss_entropy': 1.99912, 'test_acc_std': 0.291623, 'test_acc_bottom_decile': 0.2, 'test_acc_top_decile': 0.956522, 'test_acc_min': 0.0, 'test_acc_max': 0.956522, 'test_acc_bottom10%': 0.0, 'test_acc_top10%': 0.956522, 'test_acc_cos1': 0.908634, 'test_acc_entropy': 2.141579}}[0m
[38;5;39m2023-02-24 21:56:16,241 (server:395) INFO: Server: Final evaluation is finished! Starting merging results.[0m
[38;5;39m2023-02-24 21:56:16,241 (server:521) INFO: {'Role': 'Server #', 'Round': 'Final', 'Results_raw': {'client_best_individual': {'test_loss': 7.446689, 'test_avg_loss': 0.372334, 'test_f1': 0.583333, 'test_total': 10.0, 'test_correct': 23.0, 'test_acc': 0.956522}, 'client_summarized_weighted_avg': {'test_loss': 32.345888, 'test_avg_loss': 1.292334, 'test_f1': 0.414695, 'test_total': 22.0, 'test_correct': 14.6, 'test_acc': 0.663636}, 'client_summarized_avg': {'test_loss': 28.431344, 'test_avg_loss': 1.332777, 'test_f1': 0.405735, 'test_total': 22.0, 'test_correct': 14.6, 'test_acc': 0.634538}, 'client_summarized_fairness': {'test_loss_entropy': 1.99912, 'test_loss_cos1': 0.756346, 'test_loss_top10%': 83.708301, 'test_loss_bottom10%': 11.796549, 'test_loss_max': 83.708301, 'test_loss_min': 11.796549, 'test_loss_top_decile': 83.708301, 'test_loss_bottom_decile': 12.045827, 'test_loss_std': 24.590585, 'test_total': 22.0, 'test_correct': 14.6, 'test_avg_loss_std': 0.924999, 'test_avg_loss_bottom_decile': 0.627904, 'test_avg_loss_top_decile': 3.100307, 'test_avg_loss_min': 0.589827, 'test_avg_loss_max': 3.100307, 'test_avg_loss_bottom10%': 0.589827, 'test_avg_loss_top10%': 3.100307, 'test_avg_loss_cos1': 0.821526, 'test_avg_loss_entropy': 2.089077, 'test_f1_std': 0.250368, 'test_f1_bottom_decile': 0.177778, 'test_f1_top_decile': 0.811912, 'test_f1_min': 0.0, 'test_f1_max': 0.811912, 'test_f1_bottom10%': 0.0, 'test_f1_top10%': 0.811912, 'test_f1_cos1': 0.851016, 'test_f1_entropy': 2.078544, 'test_acc_std': 0.291623, 'test_acc_bottom_decile': 0.2, 'test_acc_top_decile': 0.956522, 'test_acc_min': 0.0, 'test_acc_max': 0.956522, 'test_acc_bottom10%': 0.0, 'test_acc_top10%': 0.956522, 'test_acc_cos1': 0.908634, 'test_acc_entropy': 2.141579}}}[0m
[38;5;39m2023-02-24 21:56:16,242 (server:540) INFO: {'Role': 'Client #1', 'Round': 10, 'Results_raw': {'test_avg_loss': 0.65596, 'test_f1': 0.444444, 'test_loss': 13.119203, 'test_total': 20, 'test_correct': 16.0, 'test_acc': 0.8}}[0m
[38;5;39m2023-02-24 21:56:16,243 (server:540) INFO: {'Role': 'Client #7', 'Round': 10, 'Results_raw': {'test_avg_loss': 0.768017, 'test_f1': 0.811765, 'test_loss': 12.288273, 'test_total': 16, 'test_correct': 13.0, 'test_acc': 0.8125}}[0m
[38;5;39m2023-02-24 21:56:16,243 (server:540) INFO: {'Role': 'Client #8', 'Round': 10, 'Results_raw': {'test_avg_loss': 2.950595, 'test_f1': 0.488889, 'test_loss': 67.863679, 'test_total': 23, 'test_correct': 22.0, 'test_acc': 0.956522}}[0m
[38;5;39m2023-02-24 21:56:16,243 (server:540) INFO: {'Role': 'Client #4', 'Round': 10, 'Results_raw': {'test_avg_loss': 3.100307, 'test_f1': 0.0, 'test_loss': 83.708301, 'test_total': 27, 'test_correct': 0.0, 'test_acc': 0.0}}[0m
[38;5;39m2023-02-24 21:56:16,243 (server:540) INFO: {'Role': 'Client #2', 'Round': 10, 'Results_raw': {'test_avg_loss': 1.808751, 'test_f1': 0.25, 'test_loss': 18.087515, 'test_total': 10, 'test_correct': 6.0, 'test_acc': 0.6}}[0m
[38;5;39m2023-02-24 21:56:16,244 (server:540) INFO: {'Role': 'Client #6', 'Round': 10, 'Results_raw': {'test_avg_loss': 0.627904, 'test_f1': 0.30303, 'test_loss': 20.092941, 'test_total': 32, 'test_correct': 25.0, 'test_acc': 0.78125}}[0m
[38;5;39m2023-02-24 21:56:16,244 (server:540) INFO: {'Role': 'Client #5', 'Round': 10, 'Results_raw': {'test_avg_loss': 1.390878, 'test_f1': 0.177778, 'test_loss': 13.908784, 'test_total': 10, 'test_correct': 2.0, 'test_acc': 0.2}}[0m
[38;5;39m2023-02-24 21:56:16,244 (server:540) INFO: {'Role': 'Client #9', 'Round': 10, 'Results_raw': {'test_avg_loss': 0.752864, 'test_f1': 0.25, 'test_loss': 12.045827, 'test_total': 16, 'test_correct': 9.0, 'test_acc': 0.5625}}[0m
[38;5;39m2023-02-24 21:56:16,245 (server:540) INFO: {'Role': 'Client #3', 'Round': 10, 'Results_raw': {'test_avg_loss': 0.589827, 'test_f1': 0.811912, 'test_loss': 11.796549, 'test_total': 20, 'test_correct': 17.0, 'test_acc': 0.85}}[0m
[38;5;39m2023-02-24 21:56:16,245 (server:540) INFO: {'Role': 'Client #10', 'Round': 10, 'Results_raw': {'test_avg_loss': 0.68266, 'test_f1': 0.519529, 'test_loss': 31.402365, 'test_total': 46, 'test_correct': 36.0, 'test_acc': 0.782609}}[0m
[38;5;39m2023-02-24 21:56:16,245 (monitor:172) INFO: In worker #0, the system-related metrics are: {'id': 0, 'fl_end_time_minutes': 2.112221, 'total_model_size': 0, 'total_flops': 0, 'total_upload_bytes': 2488000, 'total_download_bytes': 500040, 'global_convergence_round': 0, 'local_convergence_round': 0, 'global_convergence_time_minutes': 0, 'local_convergence_time_minutes': 0}[0m
[38;5;39m2023-02-24 21:56:16,246 (client:513) INFO: ================= client 1 received finish message =================[0m
[38;5;39m2023-02-24 21:56:16,249 (monitor:172) INFO: In worker #1, the system-related metrics are: {'id': 1, 'fl_end_time_minutes': 2.10888, 'total_model_size': 3260030, 'total_flops': 621125556480.0, 'total_upload_bytes': 50096, 'total_download_bytes': 248800, 'global_convergence_round': 0, 'local_convergence_round': 0, 'global_convergence_time_minutes': 0, 'local_convergence_time_minutes': 0}[0m
[38;5;39m2023-02-24 21:56:16,249 (client:513) INFO: ================= client 3 received finish message =================[0m
[38;5;39m2023-02-24 21:56:16,252 (monitor:172) INFO: In worker #3, the system-related metrics are: {'id': 3, 'fl_end_time_minutes': 2.103535, 'total_model_size': 3260030, 'total_flops': 493715185920.0, 'total_upload_bytes': 50096, 'total_download_bytes': 248800, 'global_convergence_round': 0, 'local_convergence_round': 0, 'global_convergence_time_minutes': 0, 'local_convergence_time_minutes': 0}[0m
[38;5;39m2023-02-24 21:56:16,252 (client:513) INFO: ================= client 7 received finish message =================[0m
[38;5;39m2023-02-24 21:56:16,254 (monitor:172) INFO: In worker #7, the system-related metrics are: {'id': 7, 'fl_end_time_minutes': 2.089297, 'total_model_size': 3260030, 'total_flops': 95557777920.0, 'total_upload_bytes': 50096, 'total_download_bytes': 248800, 'global_convergence_round': 0, 'local_convergence_round': 0, 'global_convergence_time_minutes': 0, 'local_convergence_time_minutes': 0}[0m
[38;5;39m2023-02-24 21:56:16,255 (client:513) INFO: ================= client 10 received finish message =================[0m
[38;5;39m2023-02-24 21:56:16,257 (monitor:172) INFO: In worker #10, the system-related metrics are: {'id': 10, 'fl_end_time_minutes': 2.081344, 'total_model_size': 3260030, 'total_flops': 148645432320.0, 'total_upload_bytes': 50096, 'total_download_bytes': 248800, 'global_convergence_round': 0, 'local_convergence_round': 0, 'global_convergence_time_minutes': 0, 'local_convergence_time_minutes': 0}[0m
[38;5;39m2023-02-24 21:56:16,257 (client:513) INFO: ================= client 9 received finish message =================[0m
[38;5;39m2023-02-24 21:56:16,260 (monitor:172) INFO: In worker #9, the system-related metrics are: {'id': 9, 'fl_end_time_minutes': 2.083985, 'total_model_size': 3260030, 'total_flops': 358341667200.0, 'total_upload_bytes': 50096, 'total_download_bytes': 248800, 'global_convergence_round': 0, 'local_convergence_round': 0, 'global_convergence_time_minutes': 0, 'local_convergence_time_minutes': 0}[0m
[38;5;39m2023-02-24 21:56:16,260 (client:513) INFO: ================= client 6 received finish message =================[0m
[38;5;39m2023-02-24 21:56:16,263 (monitor:172) INFO: In worker #6, the system-related metrics are: {'id': 6, 'fl_end_time_minutes': 2.093414, 'total_model_size': 3260030, 'total_flops': 220313765760.0, 'total_upload_bytes': 50096, 'total_download_bytes': 248800, 'global_convergence_round': 0, 'local_convergence_round': 0, 'global_convergence_time_minutes': 0, 'local_convergence_time_minutes': 0}[0m
[38;5;39m2023-02-24 21:56:16,263 (client:513) INFO: ================= client 8 received finish message =================[0m
[38;5;39m2023-02-24 21:56:16,265 (monitor:172) INFO: In worker #8, the system-related metrics are: {'id': 8, 'fl_end_time_minutes': 2.086631, 'total_model_size': 3260030, 'total_flops': 31852592640.0, 'total_upload_bytes': 50096, 'total_download_bytes': 248800, 'global_convergence_round': 0, 'local_convergence_round': 0, 'global_convergence_time_minutes': 0, 'local_convergence_time_minutes': 0}[0m
[38;5;39m2023-02-24 21:56:16,266 (client:513) INFO: ================= client 5 received finish message =================[0m
[38;5;39m2023-02-24 21:56:16,268 (monitor:172) INFO: In worker #5, the system-related metrics are: {'id': 5, 'fl_end_time_minutes': 2.097413, 'total_model_size': 3260030, 'total_flops': 284018951040.0, 'total_upload_bytes': 50096, 'total_download_bytes': 248800, 'global_convergence_round': 0, 'local_convergence_round': 0, 'global_convergence_time_minutes': 0, 'local_convergence_time_minutes': 0}[0m
[38;5;39m2023-02-24 21:56:16,268 (client:513) INFO: ================= client 2 received finish message =================[0m
[38;5;39m2023-02-24 21:56:16,271 (monitor:172) INFO: In worker #2, the system-related metrics are: {'id': 2, 'fl_end_time_minutes': 2.106289, 'total_model_size': 3260030, 'total_flops': 66359568000.0, 'total_upload_bytes': 50096, 'total_download_bytes': 248800, 'global_convergence_round': 0, 'local_convergence_round': 0, 'global_convergence_time_minutes': 0, 'local_convergence_time_minutes': 0}[0m
[38;5;39m2023-02-24 21:56:16,271 (client:513) INFO: ================= client 4 received finish message =================[0m
[38;5;39m2023-02-24 21:56:16,273 (monitor:172) INFO: In worker #4, the system-related metrics are: {'id': 4, 'fl_end_time_minutes': 2.10045, 'total_model_size': 3260030, 'total_flops': 7963148160.0, 'total_upload_bytes': 50096, 'total_download_bytes': 248800, 'global_convergence_round': 0, 'local_convergence_round': 0, 'global_convergence_time_minutes': 0, 'local_convergence_time_minutes': 0}[0m
[38;5;39m2023-02-24 21:56:16,274 (monitor:337) INFO: We will compress the file eval_results.raw into a .gz file, and delete the old one[0m
[38;5;39m2023-02-24 21:56:16,278 (monitor:245) INFO: After merging the system metrics from all works, we got avg: defaultdict(None, {'id': 'sys_avg', 'sys_avg/fl_end_time_minutes': 2.096678, 'sys_avg/total_model_size': '2.83M', 'sys_avg/total_flops': '197.09G', 'sys_avg/total_upload_bytes': '265.36K', 'sys_avg/total_download_bytes': '265.27K', 'sys_avg/global_convergence_round': 0.0, 'sys_avg/local_convergence_round': 0.0, 'sys_avg/global_convergence_time_minutes': 0.0, 'sys_avg/local_convergence_time_minutes': 0.0})[0m
[38;5;39m2023-02-24 21:56:16,278 (monitor:248) INFO: After merging the system metrics from all works, we got std: defaultdict(None, {'id': 'sys_std', 'sys_std/fl_end_time_minutes': 0.010032, 'sys_std/total_model_size': '915.23K', 'sys_std/total_flops': '184.4G', 'sys_std/total_upload_bytes': '684.42K', 'sys_std/total_download_bytes': '70.53K', 'sys_std/global_convergence_round': 0.0, 'sys_std/local_convergence_round': 0.0, 'sys_std/global_convergence_time_minutes': 0.0, 'sys_std/local_convergence_time_minutes': 0.0})[0m
None
220
<generator object BaseDataTranslator.split_to_client.<locals>.<genexpr> at 0x7f5e445fe270>
