 is at 192.168.0.1[0m
[38;5;39m2023-02-24 21:30:32,113 (logging:126) INFO: the current dir is /home/ubuntu/medscale[0m
[38;5;39m2023-02-24 21:30:32,113 (logging:127) INFO: the output dir is exp/FedAvg_convnet5_on_lung100_lr0.01_lstep1/sub_exp_20230224213032[0m
[33;20m2023-02-24 21:30:42,961 (cfg_data:145) WARNING: config `cfg.data.batch_size` will be removed in the future, use `cfg.dataloader.batch_size` instead.[0m
[33;20m2023-02-24 21:30:42,962 (cfg_data:145) WARNING: config `cfg.data.batch_size` will be removed in the future, use `cfg.dataloader.batch_size` instead.[0m
[38;5;39m2023-02-24 21:30:42,985 (config:243) INFO: the used configs are: 
aggregator:
  inside_weight: 1.0
  num_agg_groups: 1
  num_agg_topk: []
  outside_weight: 0.0
asyn:
  use: False
attack:
  alpha_TV: 0.001
  alpha_prop_loss: 0
  attack_method: 
  attacker_id: -1
  classifier_PIA: randomforest
  edge_num: 100
  edge_path: edge_data/
  freq: 10
  info_diff_type: l2
  inject_round: 0
  insert_round: 100000
  label_type: dirty
  max_ite: 400
  mean: [0.1307]
  mia_is_simulate_in: False
  mia_simulate_in_round: 20
  pgd_eps: 2
  pgd_lr: 0.1
  pgd_poisoning: False
  poison_ratio: 0.5
  reconstruct_lr: 0.01
  reconstruct_optim: Adam
  scale_para: 1.0
  scale_poisoning: False
  self_epoch: 6
  self_lr: 0.05
  self_opt: False
  setting: fix
  std: [0.3081]
  target_label_ind: -1
  trigger_path: trigger/
  trigger_type: edge
backend: torch
cfg_file: 
check_completeness: False
criterion:
  type: CrossEntropyLoss
data:
  args: []
  batch_size: 16
  cSBM_phi: [0.5, 0.5, 0.5]
  cache_dir: 
  consistent_label_distribution: False
  drop_last: False
  hetero_data_name: []
  hetero_synth_batch_size: 32
  hetero_synth_feat_dim: 128
  hetero_synth_prim_weight: 0.5
  is_debug: False
  loader: 
  max_query_len: 128
  max_seq_len: 384
  max_tgt_len: 128
  num_contrast: 0
  num_of_client_for_data: []
  num_steps: 30
  num_workers: 0
  pre_transform: []
  quadratic:
    dim: 1
    max_curv: 12.5
    min_curv: 0.02
  root: data/
  save_data: False
  server_holds_all: False
  shuffle: True
  sizes: [10, 5]
  splits: [0.8, 0, 0.2]
  splitter: lda
  splitter_args: [{'alpha': 0.4}]
  subsample: 1.0
  target_transform: []
  test_pre_transform: []
  test_target_transform: []
  test_transform: []
  transform: []
  trunc_stride: 128
  type: lung100
  val_pre_transform: []
  val_target_transform: []
  val_transform: []
  walk_length: 2
dataloader:
  batch_size: 16
  drop_last: False
  num_steps: 30
  num_workers: 0
  pin_memory: False
  shuffle: True
  sizes: [10, 5]
  theta: -1
  type: base
  walk_length: 2
device: 0
distribute:
  use: False
early_stop:
  delta: 0.0
  improve_indicator_mode: best
  patience: 5
eval:
  best_res_update_round_wise_key: test_loss
  count_flops: True
  freq: 1
  metrics: ['acc', 'correct', 'f1']
  monitoring: []
  report: ['weighted_avg', 'avg', 'fairness', 'raw']
  split: ['test', 'val']
expname: FedAvg_convnet5_on_lung100_lr0.01_lstep1
expname_tag: 
feat_engr:
  num_bins: 5
  scenario: hfl
  secure:
    dp:
      
    encrypt:
      type: dummy
    key_size: 3072
    type: encrypt
  selec_threshold: 0.05
  selec_woe_binning: quantile
  type: 
federate:
  atc_load_from: 
  atc_vanilla: False
  client_num: 10
  data_weighted_aggr: False
  ignore_weight: False
  join_in_info: []
  make_global_eval: False
  merge_test_data: False
  method: FedAvg
  mode: standalone
  online_aggr: False
  resource_info_file: 
  restore_from: 
  sample_client_num: 10
  sample_client_rate: -1.0
  sampler: uniform
  save_to: 
  share_local_model: False
  total_round_num: 10
  unseen_clients_rate: 0.0
  use_diff: False
  use_ss: False
fedopt:
  use: False
fedprox:
  use: False
fedsageplus:
  a: 1.0
  b: 1.0
  c: 1.0
  fedgen_epoch: 200
  gen_hidden: 128
  hide_portion: 0.5
  loc_epoch: 1
  num_pred: 5
finetune:
  batch_or_epoch: epoch
  before_eval: False
  freeze_param: 
  local_update_steps: 1
  optimizer:
    lr: 0.1
    type: SGD
  scheduler:
    type: 
    warmup_ratio: 0.0
flitplus:
  factor_ema: 0.8
  lambdavat: 0.5
  tmpFed: 0.5
  weightReg: 1.0
gcflplus:
  EPS_1: 0.05
  EPS_2: 0.1
  seq_length: 5
  standardize: False
grad:
  grad_accum_count: 1
  grad_clip: 5.0
hpo:
  fedex:
    cutoff: 0.0
    diff: False
    eta0: -1.0
    flatten_ss: True
    gamma: 0.0
    pi_lr: 0.01
    psn: False
    sched: auto
    ss: 
    use: False
  init_cand_num: 16
  larger_better: False
  metric: client_summarized_weighted_avg.val_loss
  num_workers: 0
  pbt:
    max_stage: 5
    perf_threshold: 0.1
  scheduler: rs
  sha:
    budgets: []
    elim_rate: 3
    iter: 0
  ss: 
  table:
    eps: 0.1
    idx: 0
    num: 27
  working_folder: hpo
model:
  contrast_temp: 1.0
  contrast_topk: 100
  downstream_tasks: []
  dropout: 0.0
  embed_size: 8
  gamma: 0
  graph_pooling: mean
  hidden: 2048
  in_channels: 0
  input_shape: ()
  label_smoothing: 0.1
  lambda_: 0.1
  layer: 2
  length_penalty: 2.0
  max_answer_len: 30
  max_length: 200
  max_tree_depth: 3
  min_length: 1
  model_num_per_trainer: 1
  model_type: google/bert_uncased_L-2_H-128_A-2
  n_best_size: 20
  no_repeat_ngram_size: 3
  null_score_diff_threshold: 0.0
  num_beams: 5
  num_item: 0
  num_labels: 1
  num_of_trees: 10
  num_user: 0
  out_channels: 62
  pretrain_tasks: []
  stage: 
  task: node
  type: convnet5
  use_bias: True
  use_contrastive_loss: False
nbafl:
  use: False
outdir: exp/FedAvg_convnet5_on_lung100_lr0.01_lstep1/sub_exp_20230224213032
personalization:
  K: 5
  beta: 1.0
  local_param: ['bn', 'norms']
  local_update_steps: 1
  lr: 0.01
  regular_weight: 0.1
  share_non_trainable_para: False
print_decimal_digits: 6
regularizer:
  mu: 0.0
  type: 
seed: 2
sgdmf:
  use: False
train:
  batch_or_epoch: epoch
  local_update_steps: 1
  optimizer:
    lr: 0.01
    type: SGD
    weight_decay: 0.0
  scheduler:
    type: 
    warmup_ratio: 0.0
trainer:
  disp_freq: 50
  local_entropy:
    alpha: 0.75
    eps: 0.001
    gamma: 0.0001
  sam:
    adaptive: False
    eta: 0.0
    rho: 1.0
  type: cvtrainer
  val_freq: 100000000
use_gpu: True
verbose: 1
vertical:
  use: False
wandb:
  use: False[0m
[38;5;39m2023-02-24 21:30:43,147 (utils:144) INFO: The device information file is not provided[0m
[38;5;39m2023-02-24 21:30:43,364 (fed_runner:169) INFO: Server has been set up ... [0m
[38;5;39m2023-02-24 21:30:43,510 (fed_runner:221) INFO: Client 1 has been set up ... [0m
[38;5;39m2023-02-24 21:30:43,544 (fed_runner:221) INFO: Client 2 has been set up ... [0m
[38;5;39m2023-02-24 21:30:43,747 (fed_runner:221) INFO: Client 3 has been set up ... [0m
[38;5;39m2023-02-24 21:30:43,786 (fed_runner:221) INFO: Client 4 has been set up ... [0m
[38;5;39m2023-02-24 21:30:43,866 (fed_runner:221) INFO: Client 5 has been set up ... [0m
[38;5;39m2023-02-24 21:30:43,979 (fed_runner:221) INFO: Client 6 has been set up ... [0m
[38;5;39m2023-02-24 21:30:44,147 (fed_runner:221) INFO: Client 7 has been set up ... [0m
[38;5;39m2023-02-24 21:30:44,362 (fed_runner:221) INFO: Client 8 has been set up ... [0m
[38;5;39m2023-02-24 21:30:44,587 (fed_runner:221) INFO: Client 9 has been set up ... [0m
[38;5;39m2023-02-24 21:30:44,656 (fed_runner:221) INFO: Client 10 has been set up ... [0m
<<<<<<< HEAD
[38;5;39m2023-02-24 21:30:44,657 (trainer:341) INFO: Model meta-info: <class 'medscale.cv.model.cnn.ConvNet5'>.[0m
=======
<<<<<<< HEAD
[38;5;39m2023-02-24 21:30:44,657 (trainer:341) INFO: Model meta-info: <class 'medscale.cv.model.cnn.ConvNet5'>.[0m
=======
[38;5;39m2023-02-24 21:30:44,657 (trainer:341) INFO: Model meta-info: <class 'medscale.cv.model.cnn.ConvNet5'>.[0m
>>>>>>> fe4962455354c9c11afd9c9806ceda28eb280737
>>>>>>> 64b283ee525ef53c32509882719e74890329b83f
[38;5;39m2023-02-24 21:30:44,657 (trainer:349) INFO: Num of original para names: 39.[0m
[38;5;39m2023-02-24 21:30:44,657 (trainer:350) INFO: Num of original trainable para names: 24.[0m
[38;5;39m2023-02-24 21:30:44,657 (trainer:352) INFO: Num of preserved para names in local update: 14. 
Preserved para names in local update: {'conv4.bias', 'conv3.weight', 'fc2.weight', 'conv1.weight', 'conv5.weight', 'conv2.bias', 'conv2.weight', 'conv5.bias', 'fc1.bias', 'conv1.bias', 'conv4.weight', 'fc1.weight', 'conv3.bias', 'fc2.bias'}.[0m
[38;5;39m2023-02-24 21:30:44,658 (trainer:356) INFO: Num of filtered para names in local update: 25. 
Filtered para names in local update: {'bn1.bias', 'bn3.weight', 'bn1.weight', 'bn5.running_mean', 'bn1.running_mean', 'bn5.num_batches_tracked', 'bn3.num_batches_tracked', 'bn2.bias', 'bn1.running_var', 'bn1.num_batches_tracked', 'bn2.weight', 'bn4.weight', 'bn2.running_mean', 'bn2.num_batches_tracked', 'bn4.bias', 'bn2.running_var', 'bn5.bias', 'bn5.running_var', 'bn3.running_var', 'bn4.running_mean', 'bn3.bias', 'bn3.running_mean', 'bn5.weight', 'bn4.running_var', 'bn4.num_batches_tracked'}.[0m
[38;5;39m2023-02-24 21:30:44,658 (trainer:361) INFO: After register default hooks,
	the hooks_in_train is:
	{
	  "on_fit_start": [
	    "_hook_on_fit_start_init",
	    "_hook_on_fit_start_calculate_model_size"
	  ],
	  "on_epoch_start": [
	    "_hook_on_epoch_start"
	  ],
	  "on_batch_start": [
	    "_hook_on_batch_start_init"
	  ],
	  "on_batch_forward": [
	    "_hook_on_batch_forward",
	    "_hook_on_batch_forward_regularizer",
	    "_hook_on_batch_forward_flop_count"
	  ],
	  "on_batch_backward": [
	    "_hook_on_batch_backward"
	  ],
	  "on_batch_end": [
	    "_hook_on_batch_end"
	  ],
	  "on_fit_end": [
	    "_hook_on_fit_end"
	  ]
	};
	the hooks_in_eval is:
            t{
	  "on_fit_start": [
	    "_hook_on_fit_start_init"
	  ],
	  "on_epoch_start": [
	    "_hook_on_epoch_start"
	  ],
	  "on_batch_start": [
	    "_hook_on_batch_start_init"
	  ],
	  "on_batch_forward": [
	    "_hook_on_batch_forward"
	  ],
	  "on_batch_end": [
	    "_hook_on_batch_end"
	  ],
	  "on_fit_end": [
	    "_hook_on_fit_end"
	  ]
	}[0m
[38;5;39m2023-02-24 21:30:44,674 (server:804) INFO: ----------- Starting training (Round #0) -------------[0m
Unsupported operator aten::max_pool2d encountered 5 time(s)
[38;5;39m2023-02-24 21:30:49,301 (client:306) INFO: {'Role': 'Client #7', 'Round': 0, 'Results_raw': {'train_loss': 38.040977, 'train_correct': 0.0, 'train_total': 8, 'train_acc': 0.0, 'train_avg_loss': 4.755122, 'train_f1': 0.0}}[0m
Unsupported operator aten::max_pool2d encountered 5 time(s)
[38;5;39m2023-02-24 21:30:49,426 (client:306) INFO: {'Role': 'Client #9', 'Round': 0, 'Results_raw': {'train_loss': 52.515229, 'train_correct': 0.0, 'train_total': 11, 'train_acc': 0.0, 'train_avg_loss': 4.774112, 'train_f1': 0.0}}[0m
Unsupported operator aten::max_pool2d encountered 5 time(s)
[38;5;39m2023-02-24 21:30:50,446 (client:306) INFO: {'Role': 'Client #5', 'Round': 0, 'Results_raw': {'train_loss': 185.05215, 'train_correct': 75.0, 'train_total': 92, 'train_acc': 0.815217, 'train_avg_loss': 2.011436, 'train_f1': 0.149701}}[0m
Unsupported operator aten::max_pool2d encountered 5 time(s)
[38;5;39m2023-02-24 21:30:50,963 (client:306) INFO: {'Role': 'Client #2', 'Round': 0, 'Results_raw': {'train_loss': 177.081398, 'train_correct': 15.0, 'train_total': 47, 'train_acc': 0.319149, 'train_avg_loss': 3.767689, 'train_f1': 0.082418}}[0m
Unsupported operator aten::max_pool2d encountered 5 time(s)
[38;5;39m2023-02-24 21:30:53,322 (client:306) INFO: {'Role': 'Client #3', 'Round': 0, 'Results_raw': {'train_loss': 279.027662, 'train_correct': 181.0, 'train_total': 218, 'train_acc': 0.830275, 'train_avg_loss': 1.279943, 'train_f1': 0.151973}}[0m
Unsupported operator aten::max_pool2d encountered 5 time(s)
[38;5;39m2023-02-24 21:30:54,891 (client:306) INFO: {'Role': 'Client #10', 'Round': 0, 'Results_raw': {'train_loss': 308.455772, 'train_correct': 83.0, 'train_total': 152, 'train_acc': 0.546053, 'train_avg_loss': 2.029314, 'train_f1': 0.141013}}[0m
Unsupported operator aten::max_pool2d encountered 5 time(s)
[38;5;39m2023-02-24 21:30:55,790 (client:306) INFO: {'Role': 'Client #4', 'Round': 0, 'Results_raw': {'train_loss': 191.981127, 'train_correct': 66.0, 'train_total': 91, 'train_acc': 0.725275, 'train_avg_loss': 2.109683, 'train_f1': 0.211538}}[0m
Unsupported operator aten::max_pool2d encountered 5 time(s)
[38;5;39m2023-02-24 21:30:56,049 (client:306) INFO: {'Role': 'Client #1', 'Round': 0, 'Results_raw': {'train_loss': 93.156645, 'train_correct': 5.0, 'train_total': 22, 'train_acc': 0.227273, 'train_avg_loss': 4.234393, 'train_f1': 0.092593}}[0m
Unsupported operator aten::max_pool2d encountered 5 time(s)
[38;5;39m2023-02-24 21:30:57,892 (client:306) INFO: {'Role': 'Client #8', 'Round': 0, 'Results_raw': {'train_loss': 345.280411, 'train_correct': 111.0, 'train_total': 173, 'train_acc': 0.641618, 'train_avg_loss': 1.995841, 'train_f1': 0.131673}}[0m
Unsupported operator aten::max_pool2d encountered 5 time(s)
[38;5;39m2023-02-24 21:30:58,527 (client:306) INFO: {'Role': 'Client #6', 'Round': 0, 'Results_raw': {'train_loss': 196.001324, 'train_correct': 37.0, 'train_total': 63, 'train_acc': 0.587302, 'train_avg_loss': 3.111132, 'train_f1': 0.128472}}[0m
[38;5;39m2023-02-24 21:30:58,529 (monitor:541) INFO: {'Role': 'Server #', 'Round': 0, 'Results_model_metric': {}}[0m
[38;5;39m2023-02-24 21:30:58,559 (server:330) INFO: Server: Starting evaluation at the end of round 0.[0m
[38;5;39m2023-02-24 21:30:58,560 (server:336) INFO: ----------- Starting a new training round (Round #1) -------------[0m
[33;20m2023-02-24 21:30:58,962 (context:294) WARNING: No val_data or val_loader in the trainer, will skip evaluation.If this is not the case you want, please check whether there is typo for the name[0m
[33;20m2023-02-24 21:30:59,368 (context:294) WARNING: No val_data or val_loader in the trainer, will skip evaluation.If this is not the case you want, please check whether there is typo for the name[0m
[33;20m2023-02-24 21:30:59,963 (context:294) WARNING: No val_data or val_loader in the trainer, will skip evaluation.If this is not the case you want, please check whether there is typo for the name[0m
[33;20m2023-02-24 21:31:00,008 (context:294) WARNING: No val_data or val_loader in the trainer, will skip evaluation.If this is not the case you want, please check whether there is typo for the name[0m
[33;20m2023-02-24 21:31:00,327 (context:294) WARNING: No val_data or val_loader in the trainer, will skip evaluation.If this is not the case you want, please check whether there is typo for the name[0m
[33;20m2023-02-24 21:31:00,438 (context:294) WARNING: No val_data or val_loader in the trainer, will skip evaluation.If this is not the case you want, please check whether there is typo for the name[0m
[33;20m2023-02-24 21:31:00,581 (context:294) WARNING: No val_data or val_loader in the trainer, will skip evaluation.If this is not the case you want, please check whether there is typo for the name[0m
[33;20m2023-02-24 21:31:00,647 (context:294) WARNING: No val_data or val_loader in the trainer, will skip evaluation.If this is not the case you want, please check whether there is typo for the name[0m
[33;20m2023-02-24 21:31:00,672 (context:294) WARNING: No val_data or val_loader in the trainer, will skip evaluation.If this is not the case you want, please check whether there is typo for the name[0m
[33;20m2023-02-24 21:31:00,701 (context:294) WARNING: No val_data or val_loader in the trainer, will skip evaluation.If this is not the case you want, please check whether there is typo for the name[0m
[38;5;39m2023-02-24 21:31:01,220 (client:306) INFO: {'Role': 'Client #2', 'Round': 1, 'Results_raw': {'train_loss': 65.781207, 'train_correct': 26.0, 'train_total': 47, 'train_acc': 0.553191, 'train_avg_loss': 1.3996, 'train_f1': 0.309091}}[0m
[38;5;39m2023-02-24 21:31:03,537 (client:306) INFO: {'Role': 'Client #10', 'Round': 1, 'Results_raw': {'train_loss': 107.674724, 'train_correct': 109.0, 'train_total': 152, 'train_acc': 0.717105, 'train_avg_loss': 0.708386, 'train_f1': 0.423476}}[0m
[38;5;39m2023-02-24 21:31:04,412 (client:306) INFO: {'Role': 'Client #6', 'Round': 1, 'Results_raw': {'train_loss': 127.123928, 'train_correct': 26.0, 'train_total': 63, 'train_acc': 0.412698, 'train_avg_loss': 2.01784, 'train_f1': 0.275809}}[0m
[38;5;39m2023-02-24 21:31:05,841 (client:306) INFO: {'Role': 'Client #5', 'Round': 1, 'Results_raw': {'train_loss': 19.538641, 'train_correct': 92.0, 'train_total': 92, 'train_acc': 1.0, 'train_avg_loss': 0.212377, 'train_f1': 1.0}}[0m
[38;5;39m2023-02-24 21:31:06,201 (client:306) INFO: {'Role': 'Client #1', 'Round': 1, 'Results_raw': {'train_loss': 87.166775, 'train_correct': 0.0, 'train_total': 22, 'train_acc': 0.0, 'train_avg_loss': 3.962126, 'train_f1': 0.0}}[0m
[38;5;39m2023-02-24 21:31:08,337 (client:306) INFO: {'Role': 'Client #8', 'Round': 1, 'Results_raw': {'train_loss': 148.240428, 'train_correct': 126.0, 'train_total': 173, 'train_acc': 0.728324, 'train_avg_loss': 0.856881, 'train_f1': 0.327203}}[0m
[38;5;39m2023-02-24 21:31:08,493 (client:306) INFO: {'Role': 'Client #9', 'Round': 1, 'Results_raw': {'train_loss': 12.661652, 'train_correct': 1.0, 'train_total': 11, 'train_acc': 0.090909, 'train_avg_loss': 1.151059, 'train_f1': 0.083333}}[0m
[38;5;39m2023-02-24 21:31:09,568 (client:306) INFO: {'Role': 'Client #4', 'Round': 1, 'Results_raw': {'train_loss': 35.772066, 'train_correct': 77.0, 'train_total': 91, 'train_acc': 0.846154, 'train_avg_loss': 0.3931, 'train_f1': 0.305556}}[0m
[38;5;39m2023-02-24 21:31:11,857 (client:306) INFO: {'Role': 'Client #3', 'Round': 1, 'Results_raw': {'train_loss': 86.403109, 'train_correct': 199.0, 'train_total': 218, 'train_acc': 0.912844, 'train_avg_loss': 0.396345, 'train_f1': 0.318145}}[0m
[38;5;39m2023-02-24 21:31:11,963 (client:306) INFO: {'Role': 'Client #7', 'Round': 1, 'Results_raw': {'train_loss': 16.148449, 'train_correct': 1.0, 'train_total': 8, 'train_acc': 0.125, 'train_avg_loss': 2.018556, 'train_f1': 0.095238}}[0m
[38;5;39m2023-02-24 21:31:11,965 (server:590) INFO: {'Role': 'Server #', 'Round': 0, 'Results_weighted_avg': {'test_loss': 154.106173, 'test_correct': 9.8, 'test_total': 22.0, 'test_acc': 0.445455, 'test_avg_loss': 3.840792, 'test_f1': 0.260997}, 'Results_avg': {'test_loss': 84.497429, 'test_correct': 9.8, 'test_total': 22.0, 'test_acc': 0.358444, 'test_avg_loss': 3.842269, 'test_f1': 0.225189}, 'Results_fairness': {'test_correct': 9.8, 'test_total': 22.0, 'test_loss_std': 77.586165, 'test_loss_bottom_decile': 7.545839, 'test_loss_top_decile': 228.243795, 'test_loss_min': 4.113379, 'test_loss_max': 228.243795, 'test_loss_bottom10%': 4.113379, 'test_loss_top10%': 228.243795, 'test_loss_cos1': 0.736589, 'test_loss_entropy': 1.860884, 'test_acc_std': 0.267785, 'test_acc_bottom_decile': 0.058824, 'test_acc_top_decile': 0.741935, 'test_acc_min': 0.0, 'test_acc_max': 0.741935, 'test_acc_bottom10%': 0.0, 'test_acc_top10%': 0.741935, 'test_acc_cos1': 0.801122, 'test_acc_entropy': 1.961495, 'test_avg_loss_std': 0.217865, 'test_avg_loss_bottom_decile': 3.535352, 'test_avg_loss_top_decile': 4.113379, 'test_avg_loss_min': 3.422124, 'test_avg_loss_max': 4.113379, 'test_avg_loss_bottom10%': 3.422124, 'test_avg_loss_top10%': 4.113379, 'test_avg_loss_cos1': 0.998396, 'test_avg_loss_entropy': 2.300955, 'test_f1_std': 0.153708, 'test_f1_bottom_decile': 0.045229, 'test_f1_top_decile': 0.523077, 'test_f1_min': 0.0, 'test_f1_max': 0.523077, 'test_f1_bottom10%': 0.0, 'test_f1_top10%': 0.523077, 'test_f1_cos1': 0.825937, 'test_f1_entropy': 2.020352}}[0m
[38;5;39m2023-02-24 21:31:11,981 (monitor:541) INFO: {'Role': 'Server #', 'Round': 1, 'Results_model_metric': {}}[0m
[38;5;39m2023-02-24 21:31:12,031 (server:330) INFO: Server: Starting evaluation at the end of round 1.[0m
[38;5;39m2023-02-24 21:31:12,032 (server:336) INFO: ----------- Starting a new training round (Round #2) -------------[0m
[33;20m2023-02-24 21:31:12,688 (context:294) WARNING: No val_data or val_loader in the trainer, will skip evaluation.If this is not the case you want, please check whether there is typo for the name[0m
[33;20m2023-02-24 21:31:13,108 (context:294) WARNING: No val_data or val_loader in the trainer, will skip evaluation.If this is not the case you want, please check whether there is typo for the name[0m
[33;20m2023-02-24 21:31:13,657 (context:294) WARNING: No val_data or val_loader in the trainer, will skip evaluation.If this is not the case you want, please check whether there is typo for the name[0m
[33;20m2023-02-24 21:31:13,706 (context:294) WARNING: No val_data or val_loader in the trainer, will skip evaluation.If this is not the case you want, please check whether there is typo for the name[0m
[33;20m2023-02-24 21:31:14,056 (context:294) WARNING: No val_data or val_loader in the trainer, will skip evaluation.If this is not the case you want, please check whether there is typo for the name[0m
[33;20m2023-02-24 21:31:14,256 (context:294) WARNING: No val_data or val_loader in the trainer, will skip evaluation.If this is not the case you want, please check whether there is typo for the name[0m
[33;20m2023-02-24 21:31:14,531 (context:294) WARNING: No val_data or val_loader in the trainer, will skip evaluation.If this is not the case you want, please check whether there is typo for the name[0m
[33;20m2023-02-24 21:31:14,654 (context:294) WARNING: No val_data or val_loader in the trainer, will skip evaluation.If this is not the case you want, please check whether there is typo for the name[0m
[33;20m2023-02-24 21:31:14,700 (context:294) WARNING: No val_data or val_loader in the trainer, will skip evaluation.If this is not the case you want, please check whether there is typo for the name[0m
[33;20m2023-02-24 21:31:14,753 (context:294) WARNING: No val_data or val_loader in the trainer, will skip evaluation.If this is not the case you want, please check whether there is typo for the name[0m
[38;5;39m2023-02-24 21:31:14,920 (client:306) INFO: {'Role': 'Client #7', 'Round': 2, 'Results_raw': {'train_loss': 14.089394, 'train_correct': 2.0, 'train_total': 8, 'train_acc': 0.25, 'train_avg_loss': 1.761174, 'train_f1': 0.166667}}[0m
[38;5;39m2023-02-24 21:31:17,708 (client:306) INFO: {'Role': 'Client #3', 'Round': 2, 'Results_raw': {'train_loss': 76.629861, 'train_correct': 200.0, 'train_total': 218, 'train_acc': 0.917431, 'train_avg_loss': 0.351513, 'train_f1': 0.355947}}[0m
[38;5;39m2023-02-24 21:31:17,937 (client:306) INFO: {'Role': 'Client #9', 'Round': 2, 'Results_raw': {'train_loss': 9.433124, 'train_correct': 2.0, 'train_total': 11, 'train_acc': 0.181818, 'train_avg_loss': 0.857557, 'train_f1': 0.181818}}[0m
[38;5;39m2023-02-24 21:31:18,388 (client:306) INFO: {'Role': 'Client #2', 'Round': 2, 'Results_raw': {'train_loss': 49.935105, 'train_correct': 30.0, 'train_total': 47, 'train_acc': 0.638298, 'train_avg_loss': 1.062449, 'train_f1': 0.419192}}[0m
[38;5;39m2023-02-24 21:31:19,270 (client:306) INFO: {'Role': 'Client #4', 'Round': 2, 'Results_raw': {'train_loss': 26.906307, 'train_correct': 78.0, 'train_total': 91, 'train_acc': 0.857143, 'train_avg_loss': 0.295674, 'train_f1': 0.307692}}[0m
[38;5;39m2023-02-24 21:31:20,936 (client:306) INFO: {'Role': 'Client #8', 'Round': 2, 'Results_raw': {'train_loss': 123.459532, 'train_correct': 127.0, 'train_total': 173, 'train_acc': 0.734104, 'train_avg_loss': 0.713639, 'train_f1': 0.374035}}[0m
[38;5;39m2023-02-24 21:31:21,657 (client:306) INFO: {'Role': 'Client #6', 'Round': 2, 'Results_raw': {'train_loss': 119.621483, 'train_correct': 29.0, 'train_total': 63, 'train_acc': 0.460317, 'train_avg_loss': 1.898754, 'train_f1': 0.282576}}[0m
[38;5;39m2023-02-24 21:31:21,857 (client:306) INFO: {'Role': 'Client #1', 'Round': 2, 'Results_raw': {'train_loss': 81.515729, 'train_correct': 0.0, 'train_total': 22, 'train_acc': 0.0, 'train_avg_loss': 3.70526, 'train_f1': 0.0}}[0m
[38;5;39m2023-02-24 21:31:23,501 (client:306) INFO: {'Role': 'Client #10', 'Round': 2, 'Results_raw': {'train_loss': 95.846023, 'train_correct': 106.0, 'train_total': 152, 'train_acc': 0.697368, 'train_avg_loss': 0.630566, 'train_f1': 0.422657}}[0m
[38;5;39m2023-02-24 21:31:24,407 (client:306) INFO: {'Role': 'Client #5', 'Round': 2, 'Results_raw': {'train_loss': 8.155751, 'train_correct': 92.0, 'train_total': 92, 'train_acc': 1.0, 'train_avg_loss': 0.088649, 'train_f1': 1.0}}[0m
[38;5;39m2023-02-24 21:31:24,410 (server:590) INFO: {'Role': 'Server #', 'Round': 1, 'Results_weighted_avg': {'test_loss': 133.211012, 'test_correct': 12.3, 'test_total': 22.0, 'test_acc': 0.559091, 'test_avg_loss': 3.230902, 'test_f1': 0.368898}, 'Results_avg': {'test_loss': 71.079854, 'test_correct': 12.3, 'test_total': 22.0, 'test_acc': 0.506416, 'test_avg_loss': 3.195613, 'test_f1': 0.360297}, 'Results_fairness': {'test_correct': 12.3, 'test_total': 22.0, 'test_loss_std': 74.331183, 'test_loss_bottom_decile': 6.281391, 'test_loss_top_decile': 222.480629, 'test_loss_min': 3.996096, 'test_loss_max': 222.480629, 'test_loss_bottom10%': 3.996096, 'test_loss_top10%': 222.480629, 'test_loss_cos1': 0.691123, 'test_loss_entropy': 1.784058, 'test_acc_std': 0.301654, 'test_acc_bottom_decile': 0.193548, 'test_acc_top_decile': 1.0, 'test_acc_min': 0.0, 'test_acc_max': 1.0, 'test_acc_bottom10%': 0.0, 'test_acc_top10%': 1.0, 'test_acc_cos1': 0.859132, 'test_acc_entropy': 2.082133, 'test_avg_loss_std': 0.831387, 'test_avg_loss_bottom_decile': 1.904208, 'test_avg_loss_top_decile': 3.996096, 'test_avg_loss_min': 1.600908, 'test_avg_loss_max': 3.996096, 'test_avg_loss_bottom10%': 1.600908, 'test_avg_loss_top10%': 3.996096, 'test_avg_loss_cos1': 0.967784, 'test_avg_loss_entropy': 2.265106, 'test_f1_std': 0.268137, 'test_f1_bottom_decile': 0.131455, 'test_f1_top_decile': 1.0, 'test_f1_min': 0.0, 'test_f1_max': 1.0, 'test_f1_bottom10%': 0.0, 'test_f1_top10%': 1.0, 'test_f1_cos1': 0.802224, 'test_f1_entropy': 2.021366}}[0m
[38;5;39m2023-02-24 21:31:24,413 (monitor:541) INFO: {'Role': 'Server #', 'Round': 2, 'Results_model_metric': {}}[0m
[38;5;39m2023-02-24 21:31:24,438 (server:330) INFO: Server: Starting evaluation at the end of round 2.[0m
[38;5;39m2023-02-24 21:31:24,439 (server:336) INFO: ----------- Starting a new training round (Round #3) -------------[0m
[33;20m2023-02-24 21:31:24,857 (context:294) WARNING: No val_data or val_loader in the trainer, will skip evaluation.If this is not the case you want, please check whether there is typo for the name[0m
[33;20m2023-02-24 21:31:25,292 (context:294) WARNING: No val_data or val_loader in the trainer, will skip evaluation.If this is not the case you want, please check whether there is typo for the name[0m
[33;20m2023-02-24 21:31:25,992 (context:294) WARNING: No val_data or val_loader in the trainer, will skip evaluation.If this is not the case you want, please check whether there is typo for the name[0m
[33;20m2023-02-24 21:31:26,086 (context:294) WARNING: No val_data or val_loader in the trainer, will skip evaluation.If this is not the case you want, please check whether there is typo for the name[0m
[33;20m2023-02-24 21:31:26,637 (context:294) WARNING: No val_data or val_loader in the trainer, will skip evaluation.If this is not the case you want, please check whether there is typo for the name[0m
[33;20m2023-02-24 21:31:26,846 (context:294) WARNING: No val_data or val_loader in the trainer, will skip evaluation.If this is not the case you want, please check whether there is typo for the name[0m
[33;20m2023-02-24 21:31:27,120 (context:294) WARNING: No val_data or val_loader in the trainer, will skip evaluation.If this is not the case you want, please check whether there is typo for the name[0m
[33;20m2023-02-24 21:31:27,205 (context:294) WARNING: No val_data or val_loader in the trainer, will skip evaluation.If this is not the case you want, please check whether there is typo for the name[0m
[33;20m2023-02-24 21:31:27,239 (context:294) WARNING: No val_data or val_loader in the trainer, will skip evaluation.If this is not the case you want, please check whether there is typo for the name[0m
[33;20m2023-02-24 21:31:27,268 (context:294) WARNING: No val_data or val_loader in the trainer, will skip evaluation.If this is not the case you want, please check whether there is typo for the name[0m
[38;5;39m2023-02-24 21:31:29,527 (client:306) INFO: {'Role': 'Client #3', 'Round': 3, 'Results_raw': {'train_loss': 59.27749, 'train_correct': 202.0, 'train_total': 218, 'train_acc': 0.926606, 'train_avg_loss': 0.271915, 'train_f1': 0.420451}}[0m
[38;5;39m2023-02-24 21:31:29,609 (client:306) INFO: {'Role': 'Client #7', 'Round': 3, 'Results_raw': {'train_loss': 13.034931, 'train_correct': 2.0, 'train_total': 8, 'train_acc': 0.25, 'train_avg_loss': 1.629366, 'train_f1': 0.166667}}[0m
[38;5;39m2023-02-24 21:31:29,798 (client:306) INFO: {'Role': 'Client #1', 'Round': 3, 'Results_raw': {'train_loss': 72.518335, 'train_correct': 0.0, 'train_total': 22, 'train_acc': 0.0, 'train_avg_loss': 3.296288, 'train_f1': 0.0}}[0m
[38;5;39m2023-02-24 21:31:31,477 (client:306) INFO: {'Role': 'Client #10', 'Round': 3, 'Results_raw': {'train_loss': 90.043647, 'train_correct': 114.0, 'train_total': 152, 'train_acc': 0.75, 'train_avg_loss': 0.592392, 'train_f1': 0.459556}}[0m
[38;5;39m2023-02-24 21:31:32,590 (client:306) INFO: {'Role': 'Client #4', 'Round': 3, 'Results_raw': {'train_loss': 24.013664, 'train_correct': 83.0, 'train_total': 91, 'train_acc': 0.912088, 'train_avg_loss': 0.263886, 'train_f1': 0.318008}}[0m
[38;5;39m2023-02-24 21:31:33,426 (client:306) INFO: {'Role': 'Client #6', 'Round': 3, 'Results_raw': {'train_loss': 98.962959, 'train_correct': 31.0, 'train_total': 63, 'train_acc': 0.492063, 'train_avg_loss': 1.570841, 'train_f1': 0.316667}}[0m
[38;5;39m2023-02-24 21:31:35,337 (client:306) INFO: {'Role': 'Client #8', 'Round': 3, 'Results_raw': {'train_loss': 129.993642, 'train_correct': 127.0, 'train_total': 173, 'train_acc': 0.734104, 'train_avg_loss': 0.751408, 'train_f1': 0.413371}}[0m
[38;5;39m2023-02-24 21:31:35,443 (client:306) INFO: {'Role': 'Client #9', 'Round': 3, 'Results_raw': {'train_loss': 8.056193, 'train_correct': 5.0, 'train_total': 11, 'train_acc': 0.454545, 'train_avg_loss': 0.732381, 'train_f1': 0.410714}}[0m
[38;5;39m2023-02-24 21:31:36,444 (client:306) INFO: {'Role': 'Client #5', 'Round': 3, 'Results_raw': {'train_loss': 7.046008, 'train_correct': 92.0, 'train_total': 92, 'train_acc': 1.0, 'train_avg_loss': 0.076587, 'train_f1': 1.0}}[0m
[38;5;39m2023-02-24 21:31:36,965 (client:306) INFO: {'Role': 'Client #2', 'Round': 3, 'Results_raw': {'train_loss': 47.236214, 'train_correct': 33.0, 'train_total': 47, 'train_acc': 0.702128, 'train_avg_loss': 1.005026, 'train_f1': 0.442857}}[0m
[38;5;39m2023-02-24 21:31:36,968 (server:590) INFO: {'Role': 'Server #', 'Round': 2, 'Results_weighted_avg': {'test_loss': 120.908925, 'test_correct': 12.6, 'test_total': 22.0, 'test_acc': 0.572727, 'test_avg_loss': 2.834778, 'test_f1': 0.322399}, 'Results_avg': {'test_loss': 62.365109, 'test_correct': 12.6, 'test_total': 22.0, 'test_acc': 0.574523, 'test_avg_loss': 2.638329, 'test_f1': 0.421745}, 'Results_fairness': {'test_correct': 12.6, 'test_total': 22.0, 'test_loss_std': 74.674785, 'test_loss_bottom_decile': 4.546791, 'test_loss_top_decile': 217.172303, 'test_loss_min': 3.824143, 'test_loss_max': 217.172303, 'test_loss_bottom10%': 3.824143, 'test_loss_top10%': 217.172303, 'test_loss_cos1': 0.64101, 'test_loss_entropy': 1.648706, 'test_acc_std': 0.341071, 'test_acc_bottom_decile': 0.225806, 'test_acc_top_decile': 1.0, 'test_acc_min': 0.0, 'test_acc_max': 1.0, 'test_acc_bottom10%': 0.0, 'test_acc_top10%': 1.0, 'test_acc_cos1': 0.859889, 'test_acc_entropy': 2.077941, 'test_avg_loss_std': 1.193028, 'test_avg_loss_bottom_decile': 0.78568, 'test_avg_loss_top_decile': 3.824143, 'test_avg_loss_min': 0.673648, 'test_avg_loss_max': 3.824143, 'test_avg_loss_bottom10%': 0.673648, 'test_avg_loss_top10%': 3.824143, 'test_avg_loss_cos1': 0.911173, 'test_avg_loss_entropy': 2.181654, 'test_f1_std': 0.337571, 'test_f1_bottom_decile': 0.131455, 'test_f1_top_decile': 1.0, 'test_f1_min': 0.0, 'test_f1_max': 1.0, 'test_f1_bottom10%': 0.0, 'test_f1_top10%': 1.0, 'test_f1_cos1': 0.780711, 'test_f1_entropy': 1.971883}}[0m
[38;5;39m2023-02-24 21:31:36,971 (monitor:541) INFO: {'Role': 'Server #', 'Round': 3, 'Results_model_metric': {}}[0m
[38;5;39m2023-02-24 21:31:37,009 (server:330) INFO: Server: Starting evaluation at the end of round 3.[0m
[38;5;39m2023-02-24 21:31:37,010 (server:336) INFO: ----------- Starting a new training round (Round #4) -------------[0m
[33;20m2023-02-24 21:31:37,416 (context:294) WARNING: No val_data or val_loader in the trainer, will skip evaluation.If this is not the case you want, please check whether there is typo for the name[0m
[33;20m2023-02-24 21:31:37,864 (context:294) WARNING: No val_data or val_loader in the trainer, will skip evaluation.If this is not the case you want, please check whether there is typo for the name[0m
[33;20m2023-02-24 21:31:38,339 (context:294) WARNING: No val_data or val_loader in the trainer, will skip evaluation.If this is not the case you want, please check whether there is typo for the name[0m
[33;20m2023-02-24 21:31:38,393 (context:294) WARNING: No val_data or val_loader in the trainer, will skip evaluation.If this is not the case you want, please check whether there is typo for the name[0m
[33;20m2023-02-24 21:31:38,671 (context:294) WARNING: No val_data or val_loader in the trainer, will skip evaluation.If this is not the case you want, please check whether there is typo for the name[0m
[33;20m2023-02-24 21:31:38,777 (context:294) WARNING: No val_data or val_loader in the trainer, will skip evaluation.If this is not the case you want, please check whether there is typo for the name[0m
[33;20m2023-02-24 21:31:38,918 (context:294) WARNING: No val_data or val_loader in the trainer, will skip evaluation.If this is not the case you want, please check whether there is typo for the name[0m
[33;20m2023-02-24 21:31:38,981 (context:294) WARNING: No val_data or val_loader in the trainer, will skip evaluation.If this is not the case you want, please check whether there is typo for the name[0m
[33;20m2023-02-24 21:31:39,003 (context:294) WARNING: No val_data or val_loader in the trainer, will skip evaluation.If this is not the case you want, please check whether there is typo for the name[0m
[33;20m2023-02-24 21:31:39,033 (context:294) WARNING: No val_data or val_loader in the trainer, will skip evaluation.If this is not the case you want, please check whether there is typo for the name[0m
[38;5;39m2023-02-24 21:31:40,498 (client:306) INFO: {'Role': 'Client #10', 'Round': 4, 'Results_raw': {'train_loss': 77.334277, 'train_correct': 120.0, 'train_total': 152, 'train_acc': 0.789474, 'train_avg_loss': 0.508778, 'train_f1': 0.506613}}[0m
[38;5;39m2023-02-24 21:31:42,088 (client:306) INFO: {'Role': 'Client #8', 'Round': 4, 'Results_raw': {'train_loss': 96.46661, 'train_correct': 143.0, 'train_total': 173, 'train_acc': 0.82659, 'train_avg_loss': 0.55761, 'train_f1': 0.491443}}[0m
[38;5;39m2023-02-24 21:31:43,085 (client:306) INFO: {'Role': 'Client #5', 'Round': 4, 'Results_raw': {'train_loss': 8.04672, 'train_correct': 91.0, 'train_total': 92, 'train_acc': 0.98913, 'train_avg_loss': 0.087464, 'train_f1': 0.497268}}[0m
[38;5;39m2023-02-24 21:31:43,182 (client:306) INFO: {'Role': 'Client #7', 'Round': 4, 'Results_raw': {'train_loss': 10.331635, 'train_correct': 5.0, 'train_total': 8, 'train_acc': 0.625, 'train_avg_loss': 1.291454, 'train_f1': 0.277778}}[0m
[38;5;39m2023-02-24 21:31:45,294 (client:306) INFO: {'Role': 'Client #3', 'Round': 4, 'Results_raw': {'train_loss': 57.669361, 'train_correct': 200.0, 'train_total': 218, 'train_acc': 0.917431, 'train_avg_loss': 0.264538, 'train_f1': 0.42981}}[0m
[38;5;39m2023-02-24 21:31:45,493 (client:306) INFO: {'Role': 'Client #1', 'Round': 4, 'Results_raw': {'train_loss': 63.088088, 'train_correct': 0.0, 'train_total': 22, 'train_acc': 0.0, 'train_avg_loss': 2.86764, 'train_f1': 0.0}}[0m
[38;5;39m2023-02-24 21:31:46,322 (client:306) INFO: {'Role': 'Client #4', 'Round': 4, 'Results_raw': {'train_loss': 17.973685, 'train_correct': 85.0, 'train_total': 91, 'train_acc': 0.934066, 'train_avg_loss': 0.197513, 'train_f1': 0.32197}}[0m
[38;5;39m2023-02-24 21:31:46,794 (client:306) INFO: {'Role': 'Client #2', 'Round': 4, 'Results_raw': {'train_loss': 43.727941, 'train_correct': 35.0, 'train_total': 47, 'train_acc': 0.744681, 'train_avg_loss': 0.930382, 'train_f1': 0.477513}}[0m
[38;5;39m2023-02-24 21:31:47,668 (client:306) INFO: {'Role': 'Client #6', 'Round': 4, 'Results_raw': {'train_loss': 82.349164, 'train_correct': 32.0, 'train_total': 63, 'train_acc': 0.507937, 'train_avg_loss': 1.30713, 'train_f1': 0.380828}}[0m
[38;5;39m2023-02-24 21:31:47,774 (client:306) INFO: {'Role': 'Client #9', 'Round': 4, 'Results_raw': {'train_loss': 5.92007, 'train_correct': 11.0, 'train_total': 11, 'train_acc': 1.0, 'train_avg_loss': 0.538188, 'train_f1': 1.0}}[0m
[38;5;39m2023-02-24 21:31:47,776 (server:590) INFO: {'Role': 'Server #', 'Round': 3, 'Results_weighted_avg': {'test_loss': 115.785246, 'test_correct': 16.4, 'test_total': 22.0, 'test_acc': 0.745455, 'test_avg_loss': 2.660618, 'test_f1': 0.509742}, 'Results_avg': {'test_loss': 58.533594, 'test_correct': 16.4, 'test_total': 22.0, 'test_acc': 0.666217, 'test_avg_loss': 2.292748, 'test_f1': 0.529927}, 'Results_fairness': {'test_correct': 16.4, 'test_total': 22.0, 'test_loss_std': 73.023894, 'test_loss_bottom_decile': 3.595845, 'test_loss_top_decile': 211.432422, 'test_loss_min': 2.536613, 'test_loss_max': 211.432422, 'test_loss_bottom10%': 2.536613, 'test_loss_top10%': 211.432422, 'test_loss_cos1': 0.625441, 'test_loss_entropy': 1.589991, 'test_acc_std': 0.299564, 'test_acc_bottom_decile': 0.333333, 'test_acc_top_decile': 1.0, 'test_acc_min': 0.0, 'test_acc_max': 1.0, 'test_acc_bottom10%': 0.0, 'test_acc_top10%': 1.0, 'test_acc_cos1': 0.912041, 'test_acc_entropy': 2.152459, 'test_avg_loss_std': 1.237286, 'test_avg_loss_bottom_decile': 0.737614, 'test_avg_loss_top_decile': 3.709341, 'test_avg_loss_min': 0.42279, 'test_avg_loss_max': 3.709341, 'test_avg_loss_bottom10%': 0.42279, 'test_avg_loss_top10%': 3.709341, 'test_avg_loss_cos1': 0.880033, 'test_avg_loss_entropy': 2.137223, 'test_f1_std': 0.329648, 'test_f1_bottom_decile': 0.190476, 'test_f1_top_decile': 1.0, 'test_f1_min': 0.0, 'test_f1_max': 1.0, 'test_f1_bottom10%': 0.0, 'test_f1_top10%': 1.0, 'test_f1_cos1': 0.849117, 'test_f1_entropy': 2.069421}}[0m
[38;5;39m2023-02-24 21:31:47,780 (monitor:541) INFO: {'Role': 'Server #', 'Round': 4, 'Results_model_metric': {}}[0m
[38;5;39m2023-02-24 21:31:47,803 (server:330) INFO: Server: Starting evaluation at the end of round 4.[0m
[38;5;39m2023-02-24 21:31:47,804 (server:336) INFO: ----------- Starting a new training round (Round #5) -------------[0m
[33;20m2023-02-24 21:31:48,297 (context:294) WARNING: No val_data or val_loader in the trainer, will skip evaluation.If this is not the case you want, please check whether there is typo for the name[0m
[33;20m2023-02-24 21:31:48,678 (context:294) WARNING: No val_data or val_loader in the trainer, will skip evaluation.If this is not the case you want, please check whether there is typo for the name[0m
[33;20m2023-02-24 21:31:49,199 (context:294) WARNING: No val_data or val_loader in the trainer, will skip evaluation.If this is not the case you want, please check whether there is typo for the name[0m
[33;20m2023-02-24 21:31:49,248 (context:294) WARNING: No val_data or val_loader in the trainer, will skip evaluation.If this is not the case you want, please check whether there is typo for the name[0m
[33;20m2023-02-24 21:31:49,536 (context:294) WARNING: No val_data or val_loader in the trainer, will skip evaluation.If this is not the case you want, please check whether there is typo for the name[0m
[33;20m2023-02-24 21:31:49,652 (context:294) WARNING: No val_data or val_loader in the trainer, will skip evaluation.If this is not the case you want, please check whether there is typo for the name[0m
[33;20m2023-02-24 21:31:49,809 (context:294) WARNING: No val_data or val_loader in the trainer, will skip evaluation.If this is not the case you want, please check whether there is typo for the name[0m
[33;20m2023-02-24 21:31:49,885 (context:294) WARNING: No val_data or val_loader in the trainer, will skip evaluation.If this is not the case you want, please check whether there is typo for the name[0m
[33;20m2023-02-24 21:31:49,908 (context:294) WARNING: No val_data or val_loader in the trainer, will skip evaluation.If this is not the case you want, please check whether there is typo for the name[0m
[33;20m2023-02-24 21:31:49,938 (context:294) WARNING: No val_data or val_loader in the trainer, will skip evaluation.If this is not the case you want, please check whether there is typo for the name[0m
[38;5;39m2023-02-24 21:31:50,875 (client:306) INFO: {'Role': 'Client #4', 'Round': 5, 'Results_raw': {'train_loss': 15.019873, 'train_correct': 87.0, 'train_total': 91, 'train_acc': 0.956044, 'train_avg_loss': 0.165054, 'train_f1': 0.325843}}[0m
[38;5;39m2023-02-24 21:31:50,993 (client:306) INFO: {'Role': 'Client #9', 'Round': 5, 'Results_raw': {'train_loss': 3.499851, 'train_correct': 11.0, 'train_total': 11, 'train_acc': 1.0, 'train_avg_loss': 0.318168, 'train_f1': 1.0}}[0m
[38;5;39m2023-02-24 21:31:52,588 (client:306) INFO: {'Role': 'Client #8', 'Round': 5, 'Results_raw': {'train_loss': 104.514241, 'train_correct': 137.0, 'train_total': 173, 'train_acc': 0.791908, 'train_avg_loss': 0.604129, 'train_f1': 0.445461}}[0m
[38;5;39m2023-02-24 21:31:53,032 (client:306) INFO: {'Role': 'Client #2', 'Round': 5, 'Results_raw': {'train_loss': 42.41811, 'train_correct': 31.0, 'train_total': 47, 'train_acc': 0.659574, 'train_avg_loss': 0.902513, 'train_f1': 0.361189}}[0m
[38;5;39m2023-02-24 21:31:54,013 (client:306) INFO: {'Role': 'Client #5', 'Round': 5, 'Results_raw': {'train_loss': 8.188929, 'train_correct': 91.0, 'train_total': 92, 'train_acc': 0.98913, 'train_avg_loss': 0.08901, 'train_f1': 0.497268}}[0m
[38;5;39m2023-02-24 21:31:54,281 (client:306) INFO: {'Role': 'Client #1', 'Round': 5, 'Results_raw': {'train_loss': 60.461048, 'train_correct': 0.0, 'train_total': 22, 'train_acc': 0.0, 'train_avg_loss': 2.748229, 'train_f1': 0.0}}[0m
[38;5;39m2023-02-24 21:31:54,398 (client:306) INFO: {'Role': 'Client #7', 'Round': 5, 'Results_raw': {'train_loss': 8.613265, 'train_correct': 6.0, 'train_total': 8, 'train_acc': 0.75, 'train_avg_loss': 1.076658, 'train_f1': 0.307692}}[0m
[38;5;39m2023-02-24 21:31:56,597 (client:306) INFO: {'Role': 'Client #3', 'Round': 5, 'Results_raw': {'train_loss': 62.615287, 'train_correct': 195.0, 'train_total': 218, 'train_acc': 0.894495, 'train_avg_loss': 0.287226, 'train_f1': 0.367922}}[0m
[38;5;39m2023-02-24 21:31:57,534 (client:306) INFO: {'Role': 'Client #6', 'Round': 5, 'Results_raw': {'train_loss': 81.451876, 'train_correct': 31.0, 'train_total': 63, 'train_acc': 0.492063, 'train_avg_loss': 1.292887, 'train_f1': 0.346542}}[0m
[38;5;39m2023-02-24 21:31:59,536 (client:306) INFO: {'Role': 'Client #10', 'Round': 5, 'Results_raw': {'train_loss': 81.428175, 'train_correct': 116.0, 'train_total': 152, 'train_acc': 0.763158, 'train_avg_loss': 0.535712, 'train_f1': 0.481858}}[0m
[38;5;39m2023-02-24 21:31:59,538 (server:590) INFO: {'Role': 'Server #', 'Round': 4, 'Results_weighted_avg': {'test_loss': 111.156149, 'test_correct': 14.1, 'test_total': 22.0, 'test_acc': 0.640909, 'test_avg_loss': 2.523288, 'test_f1': 0.366048}, 'Results_avg': {'test_loss': 55.512338, 'test_correct': 14.1, 'test_total': 22.0, 'test_acc': 0.619866, 'test_avg_loss': 2.059564, 'test_f1': 0.435448}, 'Results_fairness': {'test_correct': 14.1, 'test_total': 22.0, 'test_loss_std': 70.451943, 'test_loss_bottom_decile': 3.366569, 'test_loss_top_decile': 204.754666, 'test_loss_min': 1.28118, 'test_loss_max': 204.754666, 'test_loss_bottom10%': 1.28118, 'test_loss_top10%': 204.754666, 'test_loss_cos1': 0.618905, 'test_loss_entropy': 1.563753, 'test_acc_std': 0.312937, 'test_acc_bottom_decile': 0.1875, 'test_acc_top_decile': 1.0, 'test_acc_min': 0.0, 'test_acc_max': 1.0, 'test_acc_bottom10%': 0.0, 'test_acc_top10%': 1.0, 'test_acc_cos1': 0.89269, 'test_acc_entropy': 2.118948, 'test_avg_loss_std': 1.240425, 'test_avg_loss_bottom_decile': 0.64059, 'test_avg_loss_top_decile': 3.592187, 'test_avg_loss_min': 0.413934, 'test_avg_loss_max': 3.592187, 'test_avg_loss_bottom10%': 0.413934, 'test_avg_loss_top10%': 3.592187, 'test_avg_loss_cos1': 0.856632, 'test_avg_loss_entropy': 2.103054, 'test_f1_std': 0.271628, 'test_f1_bottom_decile': 0.139535, 'test_f1_top_decile': 1.0, 'test_f1_min': 0.0, 'test_f1_max': 1.0, 'test_f1_bottom10%': 0.0, 'test_f1_top10%': 1.0, 'test_f1_cos1': 0.848459, 'test_f1_entropy': 2.073343}}[0m
[38;5;39m2023-02-24 21:31:59,553 (monitor:541) INFO: {'Role': 'Server #', 'Round': 5, 'Results_model_metric': {}}[0m
[38;5;39m2023-02-24 21:31:59,584 (server:330) INFO: Server: Starting evaluation at the end of round 5.[0m
[38;5;39m2023-02-24 21:31:59,585 (server:336) INFO: ----------- Starting a new training round (Round #6) -------------[0m
[33;20m2023-02-24 21:32:00,068 (context:294) WARNING: No val_data or val_loader in the trainer, will skip evaluation.If this is not the case you want, please check whether there is typo for the name[0m
[33;20m2023-02-24 21:32:00,543 (context:294) WARNING: No val_data or val_loader in the trainer, will skip evaluation.If this is not the case you want, please check whether there is typo for the name[0m
[33;20m2023-02-24 21:32:01,441 (context:294) WARNING: No val_data or val_loader in the trainer, will skip evaluation.If this is not the case you want, please check whether there is typo for the name[0m
[33;20m2023-02-24 21:32:01,540 (context:294) WARNING: No val_data or val_loader in the trainer, will skip evaluation.If this is not the case you want, please check whether there is typo for the name[0m
[33;20m2023-02-24 21:32:01,904 (context:294) WARNING: No val_data or val_loader in the trainer, will skip evaluation.If this is not the case you want, please check whether there is typo for the name[0m
[33;20m2023-02-24 21:32:02,018 (context:294) WARNING: No val_data or val_loader in the trainer, will skip evaluation.If this is not the case you want, please check whether there is typo for the name[0m
[33;20m2023-02-24 21:32:02,167 (context:294) WARNING: No val_data or val_loader in the trainer, will skip evaluation.If this is not the case you want, please check whether there is typo for the name[0m
[33;20m2023-02-24 21:32:02,231 (context:294) WARNING: No val_data or val_loader in the trainer, will skip evaluation.If this is not the case you want, please check whether there is typo for the name[0m
[33;20m2023-02-24 21:32:02,253 (context:294) WARNING: No val_data or val_loader in the trainer, will skip evaluation.If this is not the case you want, please check whether there is typo for the name[0m
[33;20m2023-02-24 21:32:02,282 (context:294) WARNING: No val_data or val_loader in the trainer, will skip evaluation.If this is not the case you want, please check whether there is typo for the name[0m
[38;5;39m2023-02-24 21:32:03,264 (client:306) INFO: {'Role': 'Client #5', 'Round': 6, 'Results_raw': {'train_loss': 10.08689, 'train_correct': 87.0, 'train_total': 92, 'train_acc': 0.945652, 'train_avg_loss': 0.10964, 'train_f1': 0.486034}}[0m
[38;5;39m2023-02-24 21:32:04,913 (client:306) INFO: {'Role': 'Client #10', 'Round': 6, 'Results_raw': {'train_loss': 75.547841, 'train_correct': 124.0, 'train_total': 152, 'train_acc': 0.815789, 'train_avg_loss': 0.497025, 'train_f1': 0.524314}}[0m
[38;5;39m2023-02-24 21:32:07,002 (client:306) INFO: {'Role': 'Client #8', 'Round': 6, 'Results_raw': {'train_loss': 91.982494, 'train_correct': 142.0, 'train_total': 173, 'train_acc': 0.820809, 'train_avg_loss': 0.531691, 'train_f1': 0.483008}}[0m
[38;5;39m2023-02-24 21:32:07,109 (client:306) INFO: {'Role': 'Client #9', 'Round': 6, 'Results_raw': {'train_loss': 2.274018, 'train_correct': 11.0, 'train_total': 11, 'train_acc': 1.0, 'train_avg_loss': 0.206729, 'train_f1': 1.0}}[0m
[38;5;39m2023-02-24 21:32:07,668 (client:306) INFO: {'Role': 'Client #2', 'Round': 6, 'Results_raw': {'train_loss': 39.123556, 'train_correct': 33.0, 'train_total': 47, 'train_acc': 0.702128, 'train_avg_loss': 0.832416, 'train_f1': 0.427819}}[0m
[38;5;39m2023-02-24 21:32:08,563 (client:306) INFO: {'Role': 'Client #4', 'Round': 6, 'Results_raw': {'train_loss': 14.106185, 'train_correct': 86.0, 'train_total': 91, 'train_acc': 0.945055, 'train_avg_loss': 0.155013, 'train_f1': 0.323917}}[0m
[38;5;39m2023-02-24 21:32:08,804 (client:306) INFO: {'Role': 'Client #1', 'Round': 6, 'Results_raw': {'train_loss': 57.886791, 'train_correct': 0.0, 'train_total': 22, 'train_acc': 0.0, 'train_avg_loss': 2.631218, 'train_f1': 0.0}}[0m
[38;5;39m2023-02-24 21:32:11,146 (client:306) INFO: {'Role': 'Client #3', 'Round': 6, 'Results_raw': {'train_loss': 59.45551, 'train_correct': 197.0, 'train_total': 218, 'train_acc': 0.90367, 'train_avg_loss': 0.272732, 'train_f1': 0.372629}}[0m
[38;5;39m2023-02-24 21:32:11,263 (client:306) INFO: {'Role': 'Client #7', 'Round': 6, 'Results_raw': {'train_loss': 7.727211, 'train_correct': 6.0, 'train_total': 8, 'train_acc': 0.75, 'train_avg_loss': 0.965901, 'train_f1': 0.428571}}[0m
[38;5;39m2023-02-24 21:32:11,884 (client:306) INFO: {'Role': 'Client #6', 'Round': 6, 'Results_raw': {'train_loss': 83.004771, 'train_correct': 30.0, 'train_total': 63, 'train_acc': 0.47619, 'train_avg_loss': 1.317536, 'train_f1': 0.35068}}[0m
[38;5;39m2023-02-24 21:32:11,887 (server:590) INFO: {'Role': 'Server #', 'Round': 5, 'Results_weighted_avg': {'test_loss': 107.351271, 'test_correct': 12.5, 'test_total': 22.0, 'test_acc': 0.568182, 'test_avg_loss': 2.427831, 'test_f1': 0.319679}, 'Results_avg': {'test_loss': 53.412288, 'test_correct': 12.5, 'test_total': 22.0, 'test_acc': 0.56949, 'test_avg_loss': 1.932766, 'test_f1': 0.411473}, 'Results_fairness': {'test_correct': 12.5, 'test_total': 22.0, 'test_loss_std': 67.428084, 'test_loss_bottom_decile': 3.069548, 'test_loss_top_decile': 198.111175, 'test_loss_min': 0.892636, 'test_loss_max': 198.111175, 'test_loss_bottom10%': 0.892636, 'test_loss_top10%': 198.111175, 'test_loss_cos1': 0.62093, 'test_loss_entropy': 1.569657, 'test_acc_std': 0.303101, 'test_acc_bottom_decile': 0.125, 'test_acc_top_decile': 1.0, 'test_acc_min': 0.0, 'test_acc_max': 1.0, 'test_acc_bottom10%': 0.0, 'test_acc_top10%': 1.0, 'test_acc_cos1': 0.882756, 'test_acc_entropy': 2.102836, 'test_avg_loss_std': 1.177068, 'test_avg_loss_bottom_decile': 0.56167, 'test_avg_loss_top_decile': 3.475635, 'test_avg_loss_min': 0.446318, 'test_avg_loss_max': 3.475635, 'test_avg_loss_bottom10%': 0.446318, 'test_avg_loss_top10%': 3.475635, 'test_avg_loss_cos1': 0.854081, 'test_avg_loss_entropy': 2.103608, 'test_f1_std': 0.265923, 'test_f1_bottom_decile': 0.095652, 'test_f1_top_decile': 1.0, 'test_f1_min': 0.0, 'test_f1_max': 1.0, 'test_f1_bottom10%': 0.0, 'test_f1_top10%': 1.0, 'test_f1_cos1': 0.839872, 'test_f1_entropy': 2.061478}}[0m
[38;5;39m2023-02-24 21:32:11,891 (monitor:541) INFO: {'Role': 'Server #', 'Round': 6, 'Results_model_metric': {}}[0m
[38;5;39m2023-02-24 21:32:11,919 (server:330) INFO: Server: Starting evaluation at the end of round 6.[0m
[38;5;39m2023-02-24 21:32:11,920 (server:336) INFO: ----------- Starting a new training round (Round #7) -------------[0m
[33;20m2023-02-24 21:32:12,431 (context:294) WARNING: No val_data or val_loader in the trainer, will skip evaluation.If this is not the case you want, please check whether there is typo for the name[0m
[33;20m2023-02-24 21:32:12,866 (context:294) WARNING: No val_data or val_loader in the trainer, will skip evaluation.If this is not the case you want, please check whether there is typo for the name[0m
[33;20m2023-02-24 21:32:13,508 (context:294) WARNING: No val_data or val_loader in the trainer, will skip evaluation.If this is not the case you want, please check whether there is typo for the name[0m
[33;20m2023-02-24 21:32:13,557 (context:294) WARNING: No val_data or val_loader in the trainer, will skip evaluation.If this is not the case you want, please check whether there is typo for the name[0m
[33;20m2023-02-24 21:32:14,054 (context:294) WARNING: No val_data or val_loader in the trainer, will skip evaluation.If this is not the case you want, please check whether there is typo for the name[0m
[33;20m2023-02-24 21:32:14,283 (context:294) WARNING: No val_data or val_loader in the trainer, will skip evaluation.If this is not the case you want, please check whether there is typo for the name[0m
[33;20m2023-02-24 21:32:14,447 (context:294) WARNING: No val_data or val_loader in the trainer, will skip evaluation.If this is not the case you want, please check whether there is typo for the name[0m
[33;20m2023-02-24 21:32:14,519 (context:294) WARNING: No val_data or val_loader in the trainer, will skip evaluation.If this is not the case you want, please check whether there is typo for the name[0m
[33;20m2023-02-24 21:32:14,544 (context:294) WARNING: No val_data or val_loader in the trainer, will skip evaluation.If this is not the case you want, please check whether there is typo for the name[0m
[33;20m2023-02-24 21:32:14,579 (context:294) WARNING: No val_data or val_loader in the trainer, will skip evaluation.If this is not the case you want, please check whether there is typo for the name[0m
[38;5;39m2023-02-24 21:32:14,677 (client:306) INFO: {'Role': 'Client #7', 'Round': 7, 'Results_raw': {'train_loss': 8.29134, 'train_correct': 5.0, 'train_total': 8, 'train_acc': 0.625, 'train_avg_loss': 1.036417, 'train_f1': 0.277778}}[0m
[38;5;39m2023-02-24 21:32:14,801 (client:306) INFO: {'Role': 'Client #9', 'Round': 7, 'Results_raw': {'train_loss': 4.138758, 'train_correct': 11.0, 'train_total': 11, 'train_acc': 1.0, 'train_avg_loss': 0.376251, 'train_f1': 1.0}}[0m
[38;5;39m2023-02-24 21:32:17,205 (client:306) INFO: {'Role': 'Client #3', 'Round': 7, 'Results_raw': {'train_loss': 53.348075, 'train_correct': 203.0, 'train_total': 218, 'train_acc': 0.931193, 'train_avg_loss': 0.244716, 'train_f1': 0.466095}}[0m
[38;5;39m2023-02-24 21:32:17,868 (client:306) INFO: {'Role': 'Client #2', 'Round': 7, 'Results_raw': {'train_loss': 29.918764, 'train_correct': 37.0, 'train_total': 47, 'train_acc': 0.787234, 'train_avg_loss': 0.636569, 'train_f1': 0.51952}}[0m
[38;5;39m2023-02-24 21:32:19,065 (client:306) INFO: {'Role': 'Client #5', 'Round': 7, 'Results_raw': {'train_loss': 6.391277, 'train_correct': 91.0, 'train_total': 92, 'train_acc': 0.98913, 'train_avg_loss': 0.06947, 'train_f1': 0.497268}}[0m
[38;5;39m2023-02-24 21:32:19,737 (client:306) INFO: {'Role': 'Client #6', 'Round': 7, 'Results_raw': {'train_loss': 64.587863, 'train_correct': 36.0, 'train_total': 63, 'train_acc': 0.571429, 'train_avg_loss': 1.025204, 'train_f1': 0.441884}}[0m
[38;5;39m2023-02-24 21:32:19,981 (client:306) INFO: {'Role': 'Client #1', 'Round': 7, 'Results_raw': {'train_loss': 52.381057, 'train_correct': 2.0, 'train_total': 22, 'train_acc': 0.090909, 'train_avg_loss': 2.380957, 'train_f1': 0.055556}}[0m
[38;5;39m2023-02-24 21:32:21,195 (client:306) INFO: {'Role': 'Client #4', 'Round': 7, 'Results_raw': {'train_loss': 12.38081, 'train_correct': 90.0, 'train_total': 91, 'train_acc': 0.989011, 'train_avg_loss': 0.136053, 'train_f1': 0.497238}}[0m
[38;5;39m2023-02-24 21:32:23,133 (client:306) INFO: {'Role': 'Client #10', 'Round': 7, 'Results_raw': {'train_loss': 69.946042, 'train_correct': 120.0, 'train_total': 152, 'train_acc': 0.789474, 'train_avg_loss': 0.460171, 'train_f1': 0.511551}}[0m
[38;5;39m2023-02-24 21:32:24,977 (client:306) INFO: {'Role': 'Client #8', 'Round': 7, 'Results_raw': {'train_loss': 92.521498, 'train_correct': 139.0, 'train_total': 173, 'train_acc': 0.803468, 'train_avg_loss': 0.534806, 'train_f1': 0.470577}}[0m
[38;5;39m2023-02-24 21:32:24,980 (server:590) INFO: {'Role': 'Server #', 'Round': 6, 'Results_weighted_avg': {'test_loss': 99.693581, 'test_correct': 17.3, 'test_total': 22.0, 'test_acc': 0.786364, 'test_avg_loss': 2.221412, 'test_f1': 0.54258}, 'Results_avg': {'test_loss': 48.871071, 'test_correct': 17.3, 'test_total': 22.0, 'test_acc': 0.685763, 'test_avg_loss': 1.723939, 'test_f1': 0.546886}, 'Results_fairness': {'test_correct': 17.3, 'test_total': 22.0, 'test_loss_std': 65.140349, 'test_loss_bottom_decile': 2.783462, 'test_loss_top_decile': 192.738987, 'test_loss_min': 0.541725, 'test_loss_max': 192.738987, 'test_loss_bottom10%': 0.541725, 'test_loss_top10%': 192.738987, 'test_loss_cos1': 0.600124, 'test_loss_entropy': 1.496014, 'test_acc_std': 0.312701, 'test_acc_bottom_decile': 0.333333, 'test_acc_top_decile': 1.0, 'test_acc_min': 0.0, 'test_acc_max': 1.0, 'test_acc_bottom10%': 0.0, 'test_acc_top10%': 1.0, 'test_acc_cos1': 0.909871, 'test_acc_entropy': 2.148863, 'test_avg_loss_std': 1.202479, 'test_avg_loss_bottom_decile': 0.270863, 'test_avg_loss_top_decile': 3.381386, 'test_avg_loss_min': 0.251466, 'test_avg_loss_max': 3.381386, 'test_avg_loss_bottom10%': 0.251466, 'test_avg_loss_top10%': 3.381386, 'test_avg_loss_cos1': 0.820187, 'test_avg_loss_entropy': 2.033698, 'test_f1_std': 0.339102, 'test_f1_bottom_decile': 0.190476, 'test_f1_top_decile': 1.0, 'test_f1_min': 0.0, 'test_f1_max': 1.0, 'test_f1_bottom10%': 0.0, 'test_f1_top10%': 1.0, 'test_f1_cos1': 0.84988, 'test_f1_entropy': 2.06761}}[0m
[38;5;39m2023-02-24 21:32:24,990 (monitor:541) INFO: {'Role': 'Server #', 'Round': 7, 'Results_model_metric': {}}[0m
[38;5;39m2023-02-24 21:32:25,015 (server:330) INFO: Server: Starting evaluation at the end of round 7.[0m
[38;5;39m2023-02-24 21:32:25,016 (server:336) INFO: ----------- Starting a new training round (Round #8) -------------[0m
[33;20m2023-02-24 21:32:25,462 (context:294) WARNING: No val_data or val_loader in the trainer, will skip evaluation.If this is not the case you want, please check whether there is typo for the name[0m
[33;20m2023-02-24 21:32:25,868 (context:294) WARNING: No val_data or val_loader in the trainer, will skip evaluation.If this is not the case you want, please check whether there is typo for the name[0m
[33;20m2023-02-24 21:32:26,387 (context:294) WARNING: No val_data or val_loader in the trainer, will skip evaluation.If this is not the case you want, please check whether there is typo for the name[0m
[33;20m2023-02-24 21:32:26,431 (context:294) WARNING: No val_data or val_loader in the trainer, will skip evaluation.If this is not the case you want, please check whether there is typo for the name[0m
[33;20m2023-02-24 21:32:26,748 (context:294) WARNING: No val_data or val_loader in the trainer, will skip evaluation.If this is not the case you want, please check whether there is typo for the name[0m
[33;20m2023-02-24 21:32:26,945 (context:294) WARNING: No val_data or val_loader in the trainer, will skip evaluation.If this is not the case you want, please check whether there is typo for the name[0m
[33;20m2023-02-24 21:32:27,160 (context:294) WARNING: No val_data or val_loader in the trainer, will skip evaluation.If this is not the case you want, please check whether there is typo for the name[0m
[33;20m2023-02-24 21:32:27,249 (context:294) WARNING: No val_data or val_loader in the trainer, will skip evaluation.If this is not the case you want, please check whether there is typo for the name[0m
[33;20m2023-02-24 21:32:27,271 (context:294) WARNING: No val_data or val_loader in the trainer, will skip evaluation.If this is not the case you want, please check whether there is typo for the name[0m
[33;20m2023-02-24 21:32:27,299 (context:294) WARNING: No val_data or val_loader in the trainer, will skip evaluation.If this is not the case you want, please check whether there is typo for the name[0m
[38;5;39m2023-02-24 21:32:28,551 (client:306) INFO: {'Role': 'Client #5', 'Round': 8, 'Results_raw': {'train_loss': 5.58981, 'train_correct': 91.0, 'train_total': 92, 'train_acc': 0.98913, 'train_avg_loss': 0.060759, 'train_f1': 0.497268}}[0m
[38;5;39m2023-02-24 21:32:29,613 (client:306) INFO: {'Role': 'Client #4', 'Round': 8, 'Results_raw': {'train_loss': 17.1856, 'train_correct': 83.0, 'train_total': 91, 'train_acc': 0.912088, 'train_avg_loss': 0.188853, 'train_f1': 0.318008}}[0m
[38;5;39m2023-02-24 21:32:30,457 (client:306) INFO: {'Role': 'Client #6', 'Round': 8, 'Results_raw': {'train_loss': 75.200825, 'train_correct': 33.0, 'train_total': 63, 'train_acc': 0.52381, 'train_avg_loss': 1.193664, 'train_f1': 0.415205}}[0m
[38;5;39m2023-02-24 21:32:32,161 (client:306) INFO: {'Role': 'Client #10', 'Round': 8, 'Results_raw': {'train_loss': 64.464686, 'train_correct': 127.0, 'train_total': 152, 'train_acc': 0.835526, 'train_avg_loss': 0.42411, 'train_f1': 0.540486}}[0m
[38;5;39m2023-02-24 21:32:32,657 (client:306) INFO: {'Role': 'Client #2', 'Round': 8, 'Results_raw': {'train_loss': 36.462074, 'train_correct': 34.0, 'train_total': 47, 'train_acc': 0.723404, 'train_avg_loss': 0.775789, 'train_f1': 0.468254}}[0m
[38;5;39m2023-02-24 21:32:32,760 (client:306) INFO: {'Role': 'Client #9', 'Round': 8, 'Results_raw': {'train_loss': 4.496622, 'train_correct': 10.0, 'train_total': 11, 'train_acc': 0.909091, 'train_avg_loss': 0.408784, 'train_f1': 0.807018}}[0m
[38;5;39m2023-02-24 21:32:34,936 (client:306) INFO: {'Role': 'Client #8', 'Round': 8, 'Results_raw': {'train_loss': 86.974834, 'train_correct': 139.0, 'train_total': 173, 'train_acc': 0.803468, 'train_avg_loss': 0.502745, 'train_f1': 0.473951}}[0m
[38;5;39m2023-02-24 21:32:35,245 (client:306) INFO: {'Role': 'Client #1', 'Round': 8, 'Results_raw': {'train_loss': 50.308811, 'train_correct': 2.0, 'train_total': 22, 'train_acc': 0.090909, 'train_avg_loss': 2.286764, 'train_f1': 0.055556}}[0m
[38;5;39m2023-02-24 21:32:38,297 (client:306) INFO: {'Role': 'Client #3', 'Round': 8, 'Results_raw': {'train_loss': 41.930797, 'train_correct': 206.0, 'train_total': 218, 'train_acc': 0.944954, 'train_avg_loss': 0.192343, 'train_f1': 0.511035}}[0m
[38;5;39m2023-02-24 21:32:38,402 (client:306) INFO: {'Role': 'Client #7', 'Round': 8, 'Results_raw': {'train_loss': 8.436983, 'train_correct': 5.0, 'train_total': 8, 'train_acc': 0.625, 'train_avg_loss': 1.054623, 'train_f1': 0.277778}}[0m
[38;5;39m2023-02-24 21:32:38,404 (server:590) INFO: {'Role': 'Server #', 'Round': 7, 'Results_weighted_avg': {'test_loss': 93.598173, 'test_correct': 17.3, 'test_total': 22.0, 'test_acc': 0.786364, 'test_avg_loss': 2.074478, 'test_f1': 0.533043}, 'Results_avg': {'test_loss': 45.638525, 'test_correct': 17.3, 'test_total': 22.0, 'test_acc': 0.695667, 'test_avg_loss': 1.605292, 'test_f1': 0.553275}, 'Results_fairness': {'test_correct': 17.3, 'test_total': 22.0, 'test_loss_std': 61.962598, 'test_loss_bottom_decile': 2.605828, 'test_loss_top_decile': 186.425357, 'test_loss_min': 0.66669, 'test_loss_max': 186.425357, 'test_loss_bottom10%': 0.66669, 'test_loss_top10%': 186.425357, 'test_loss_cos1': 0.593046, 'test_loss_entropy': 1.471103, 'test_acc_std': 0.310994, 'test_acc_bottom_decile': 0.333333, 'test_acc_top_decile': 1.0, 'test_acc_min': 0.0, 'test_acc_max': 1.0, 'test_acc_bottom10%': 0.0, 'test_acc_top10%': 1.0, 'test_acc_cos1': 0.912928, 'test_acc_entropy': 2.152608, 'test_avg_loss_std': 1.162164, 'test_avg_loss_bottom_decile': 0.333345, 'test_avg_loss_top_decile': 3.27062, 'test_avg_loss_min': 0.174623, 'test_avg_loss_max': 3.27062, 'test_avg_loss_bottom10%': 0.174623, 'test_avg_loss_top10%': 3.27062, 'test_avg_loss_cos1': 0.810011, 'test_avg_loss_entropy': 2.014338, 'test_f1_std': 0.344262, 'test_f1_bottom_decile': 0.190476, 'test_f1_top_decile': 1.0, 'test_f1_min': 0.0, 'test_f1_max': 1.0, 'test_f1_bottom10%': 0.0, 'test_f1_top10%': 1.0, 'test_f1_cos1': 0.849055, 'test_f1_entropy': 2.068613}}[0m
[38;5;39m2023-02-24 21:32:38,408 (monitor:541) INFO: {'Role': 'Server #', 'Round': 8, 'Results_model_metric': {}}[0m
[38;5;39m2023-02-24 21:32:38,436 (server:330) INFO: Server: Starting evaluation at the end of round 8.[0m
[38;5;39m2023-02-24 21:32:38,437 (server:336) INFO: ----------- Starting a new training round (Round #9) -------------[0m
[33;20m2023-02-24 21:32:38,930 (context:294) WARNING: No val_data or val_loader in the trainer, will skip evaluation.If this is not the case you want, please check whether there is typo for the name[0m
[33;20m2023-02-24 21:32:39,355 (context:294) WARNING: No val_data or val_loader in the trainer, will skip evaluation.If this is not the case you want, please check whether there is typo for the name[0m
[33;20m2023-02-24 21:32:39,955 (context:294) WARNING: No val_data or val_loader in the trainer, will skip evaluation.If this is not the case you want, please check whether there is typo for the name[0m
[33;20m2023-02-24 21:32:39,999 (context:294) WARNING: No val_data or val_loader in the trainer, will skip evaluation.If this is not the case you want, please check whether there is typo for the name[0m
[33;20m2023-02-24 21:32:40,376 (context:294) WARNING: No val_data or val_loader in the trainer, will skip evaluation.If this is not the case you want, please check whether there is typo for the name[0m
[33;20m2023-02-24 21:32:40,572 (context:294) WARNING: No val_data or val_loader in the trainer, will skip evaluation.If this is not the case you want, please check whether there is typo for the name[0m
[33;20m2023-02-24 21:32:40,748 (context:294) WARNING: No val_data or val_loader in the trainer, will skip evaluation.If this is not the case you want, please check whether there is typo for the name[0m
[33;20m2023-02-24 21:32:40,821 (context:294) WARNING: No val_data or val_loader in the trainer, will skip evaluation.If this is not the case you want, please check whether there is typo for the name[0m
[33;20m2023-02-24 21:32:40,863 (context:294) WARNING: No val_data or val_loader in the trainer, will skip evaluation.If this is not the case you want, please check whether there is typo for the name[0m
[33;20m2023-02-24 21:32:40,896 (context:294) WARNING: No val_data or val_loader in the trainer, will skip evaluation.If this is not the case you want, please check whether there is typo for the name[0m
[38;5;39m2023-02-24 21:32:41,951 (client:306) INFO: {'Role': 'Client #4', 'Round': 9, 'Results_raw': {'train_loss': 12.107347, 'train_correct': 88.0, 'train_total': 91, 'train_acc': 0.967033, 'train_avg_loss': 0.133048, 'train_f1': 0.327747}}[0m
[38;5;39m2023-02-24 21:32:42,554 (client:306) INFO: {'Role': 'Client #2', 'Round': 9, 'Results_raw': {'train_loss': 36.235043, 'train_correct': 35.0, 'train_total': 47, 'train_acc': 0.744681, 'train_avg_loss': 0.770958, 'train_f1': 0.537566}}[0m
[38;5;39m2023-02-24 21:32:44,215 (client:306) INFO: {'Role': 'Client #10', 'Round': 9, 'Results_raw': {'train_loss': 62.060836, 'train_correct': 128.0, 'train_total': 152, 'train_acc': 0.842105, 'train_avg_loss': 0.408295, 'train_f1': 0.547503}}[0m
[38;5;39m2023-02-24 21:32:44,377 (client:306) INFO: {'Role': 'Client #9', 'Round': 9, 'Results_raw': {'train_loss': 2.333955, 'train_correct': 11.0, 'train_total': 11, 'train_acc': 1.0, 'train_avg_loss': 0.212178, 'train_f1': 1.0}}[0m
[38;5;39m2023-02-24 21:32:45,104 (client:306) INFO: {'Role': 'Client #6', 'Round': 9, 'Results_raw': {'train_loss': 61.535105, 'train_correct': 40.0, 'train_total': 63, 'train_acc': 0.634921, 'train_avg_loss': 0.976748, 'train_f1': 0.511709}}[0m
[38;5;39m2023-02-24 21:32:45,226 (client:306) INFO: {'Role': 'Client #7', 'Round': 9, 'Results_raw': {'train_loss': 6.865305, 'train_correct': 6.0, 'train_total': 8, 'train_acc': 0.75, 'train_avg_loss': 0.858163, 'train_f1': 0.307692}}[0m
[38;5;39m2023-02-24 21:32:47,654 (client:306) INFO: {'Role': 'Client #3', 'Round': 9, 'Results_raw': {'train_loss': 44.782288, 'train_correct': 204.0, 'train_total': 218, 'train_acc': 0.93578, 'train_avg_loss': 0.205423, 'train_f1': 0.501383}}[0m
[38;5;39m2023-02-24 21:32:47,977 (client:306) INFO: {'Role': 'Client #1', 'Round': 9, 'Results_raw': {'train_loss': 50.131471, 'train_correct': 1.0, 'train_total': 22, 'train_acc': 0.045455, 'train_avg_loss': 2.278703, 'train_f1': 0.028986}}[0m
[38;5;39m2023-02-24 21:32:49,922 (client:306) INFO: {'Role': 'Client #8', 'Round': 9, 'Results_raw': {'train_loss': 81.337446, 'train_correct': 144.0, 'train_total': 173, 'train_acc': 0.83237, 'train_avg_loss': 0.470159, 'train_f1': 0.512749}}[0m
[38;5;39m2023-02-24 21:32:50,835 (client:306) INFO: {'Role': 'Client #5', 'Round': 9, 'Results_raw': {'train_loss': 5.579309, 'train_correct': 92.0, 'train_total': 92, 'train_acc': 1.0, 'train_avg_loss': 0.060645, 'train_f1': 1.0}}[0m
[38;5;39m2023-02-24 21:32:50,837 (server:590) INFO: {'Role': 'Server #', 'Round': 8, 'Results_weighted_avg': {'test_loss': 88.987921, 'test_correct': 16.2, 'test_total': 22.0, 'test_acc': 0.736364, 'test_avg_loss': 1.979632, 'test_f1': 0.448081}, 'Results_avg': {'test_loss': 43.551897, 'test_correct': 16.2, 'test_total': 22.0, 'test_acc': 0.680102, 'test_avg_loss': 1.53852, 'test_f1': 0.492565}, 'Results_fairness': {'test_correct': 16.2, 'test_total': 22.0, 'test_loss_std': 58.069957, 'test_loss_bottom_decile': 2.599407, 'test_loss_top_decile': 177.687698, 'test_loss_min': 0.4668, 'test_loss_max': 177.687698, 'test_loss_bottom10%': 0.4668, 'test_loss_top10%': 177.687698, 'test_loss_cos1': 0.599995, 'test_loss_entropy': 1.497337, 'test_acc_std': 0.293615, 'test_acc_bottom_decile': 0.333333, 'test_acc_top_decile': 1.0, 'test_acc_min': 0.0, 'test_acc_max': 1.0, 'test_acc_bottom10%': 0.0, 'test_acc_top10%': 1.0, 'test_acc_cos1': 0.918095, 'test_acc_entropy': 2.158926, 'test_avg_loss_std': 1.115274, 'test_avg_loss_bottom_decile': 0.247402, 'test_avg_loss_top_decile': 3.117328, 'test_avg_loss_min': 0.2334, 'test_avg_loss_max': 3.117328, 'test_avg_loss_bottom10%': 0.2334, 'test_avg_loss_top10%': 3.117328, 'test_avg_loss_cos1': 0.809649, 'test_avg_loss_entropy': 2.014223, 'test_f1_std': 0.280544, 'test_f1_bottom_decile': 0.266667, 'test_f1_top_decile': 1.0, 'test_f1_min': 0.0, 'test_f1_max': 1.0, 'test_f1_bottom10%': 0.0, 'test_f1_top10%': 1.0, 'test_f1_cos1': 0.868942, 'test_f1_entropy': 2.103125}}[0m
[38;5;39m2023-02-24 21:32:50,840 (monitor:541) INFO: {'Role': 'Server #', 'Round': 9, 'Results_model_metric': {}}[0m
[38;5;39m2023-02-24 21:32:50,883 (server:347) INFO: Server: Training is finished! Starting evaluation.[0m
[33;20m2023-02-24 21:32:51,356 (context:294) WARNING: No val_data or val_loader in the trainer, will skip evaluation.If this is not the case you want, please check whether there is typo for the name[0m
[33;20m2023-02-24 21:32:51,714 (context:294) WARNING: No val_data or val_loader in the trainer, will skip evaluation.If this is not the case you want, please check whether there is typo for the name[0m
[33;20m2023-02-24 21:32:52,219 (context:294) WARNING: No val_data or val_loader in the trainer, will skip evaluation.If this is not the case you want, please check whether there is typo for the name[0m
[33;20m2023-02-24 21:32:52,313 (context:294) WARNING: No val_data or val_loader in the trainer, will skip evaluation.If this is not the case you want, please check whether there is typo for the name[0m
[33;20m2023-02-24 21:32:52,650 (context:294) WARNING: No val_data or val_loader in the trainer, will skip evaluation.If this is not the case you want, please check whether there is typo for the name[0m
[33;20m2023-02-24 21:32:52,777 (context:294) WARNING: No val_data or val_loader in the trainer, will skip evaluation.If this is not the case you want, please check whether there is typo for the name[0m
[33;20m2023-02-24 21:32:52,999 (context:294) WARNING: No val_data or val_loader in the trainer, will skip evaluation.If this is not the case you want, please check whether there is typo for the name[0m
[33;20m2023-02-24 21:32:53,070 (context:294) WARNING: No val_data or val_loader in the trainer, will skip evaluation.If this is not the case you want, please check whether there is typo for the name[0m
[33;20m2023-02-24 21:32:53,096 (context:294) WARNING: No val_data or val_loader in the trainer, will skip evaluation.If this is not the case you want, please check whether there is typo for the name[0m
[33;20m2023-02-24 21:32:53,129 (context:294) WARNING: No val_data or val_loader in the trainer, will skip evaluation.If this is not the case you want, please check whether there is typo for the name[0m
[38;5;39m2023-02-24 21:32:53,131 (server:590) INFO: {'Role': 'Server #', 'Round': 9, 'Results_weighted_avg': {'test_loss': 81.410051, 'test_correct': 17.9, 'test_total': 22.0, 'test_acc': 0.813636, 'test_avg_loss': 1.815732, 'test_f1': 0.54591}, 'Results_avg': {'test_loss': 39.94611, 'test_correct': 17.9, 'test_total': 22.0, 'test_acc': 0.724989, 'test_avg_loss': 1.488931, 'test_f1': 0.564571}, 'Results_fairness': {'test_correct': 17.9, 'test_total': 22.0, 'test_loss_std': 54.551292, 'test_loss_bottom_decile': 2.588515, 'test_loss_top_decile': 170.653309, 'test_loss_min': 0.577036, 'test_loss_max': 170.653309, 'test_loss_bottom10%': 0.577036, 'test_loss_top10%': 170.653309, 'test_loss_cos1': 0.590804, 'test_loss_entropy': 1.480401, 'test_acc_std': 0.300189, 'test_acc_bottom_decile': 0.333333, 'test_acc_top_decile': 1.0, 'test_acc_min': 0.0, 'test_acc_max': 1.0, 'test_acc_bottom10%': 0.0, 'test_acc_top10%': 1.0, 'test_acc_cos1': 0.92393, 'test_acc_entropy': 2.165107, 'test_avg_loss_std': 1.104493, 'test_avg_loss_bottom_decile': 0.288518, 'test_avg_loss_top_decile': 2.994521, 'test_avg_loss_min': 0.152266, 'test_avg_loss_max': 2.994521, 'test_avg_loss_bottom10%': 0.152266, 'test_avg_loss_top10%': 2.994521, 'test_avg_loss_cos1': 0.803149, 'test_avg_loss_entropy': 1.995844, 'test_f1_std': 0.324599, 'test_f1_bottom_decile': 0.190476, 'test_f1_top_decile': 1.0, 'test_f1_min': 0.0, 'test_f1_max': 1.0, 'test_f1_bottom10%': 0.0, 'test_f1_top10%': 1.0, 'test_f1_cos1': 0.866926, 'test_f1_entropy': 2.091369}}[0m
[38;5;39m2023-02-24 21:32:53,132 (server:395) INFO: Server: Final evaluation is finished! Starting merging results.[0m
[38;5;39m2023-02-24 21:32:53,133 (server:521) INFO: {'Role': 'Server #', 'Round': 'Final', 'Results_raw': {'client_best_individual': {'test_loss': 0.4668, 'test_correct': 45.0, 'test_total': 1.0, 'test_acc': 1.0, 'test_avg_loss': 0.2334, 'test_f1': 1.0}, 'client_summarized_weighted_avg': {'test_loss': 81.410051, 'test_correct': 17.9, 'test_total': 22.0, 'test_acc': 0.813636, 'test_avg_loss': 1.815732, 'test_f1': 0.54591}, 'client_summarized_avg': {'test_loss': 39.94611, 'test_correct': 17.9, 'test_total': 22.0, 'test_acc': 0.724989, 'test_avg_loss': 1.488931, 'test_f1': 0.564571}, 'client_summarized_fairness': {'test_loss_entropy': 1.471103, 'test_loss_cos1': 0.593046, 'test_loss_top10%': 186.425357, 'test_loss_bottom10%': 0.66669, 'test_loss_max': 186.425357, 'test_loss_min': 0.66669, 'test_loss_top_decile': 186.425357, 'test_loss_bottom_decile': 2.605828, 'test_loss_std': 61.962598, 'test_correct': 17.3, 'test_total': 22.0, 'test_acc_std': 0.310994, 'test_acc_bottom_decile': 0.333333, 'test_acc_top_decile': 1.0, 'test_acc_min': 0.0, 'test_acc_max': 1.0, 'test_acc_bottom10%': 0.0, 'test_acc_top10%': 1.0, 'test_acc_cos1': 0.912928, 'test_acc_entropy': 2.152608, 'test_avg_loss_std': 1.162164, 'test_avg_loss_bottom_decile': 0.333345, 'test_avg_loss_top_decile': 3.27062, 'test_avg_loss_min': 0.174623, 'test_avg_loss_max': 3.27062, 'test_avg_loss_bottom10%': 0.174623, 'test_avg_loss_top10%': 3.27062, 'test_avg_loss_cos1': 0.810011, 'test_avg_loss_entropy': 2.014338, 'test_f1_std': 0.344262, 'test_f1_bottom_decile': 0.190476, 'test_f1_top_decile': 1.0, 'test_f1_min': 0.0, 'test_f1_max': 1.0, 'test_f1_bottom10%': 0.0, 'test_f1_top10%': 1.0, 'test_f1_cos1': 0.849055, 'test_f1_entropy': 2.068613}}}[0m
[38;5;39m2023-02-24 21:32:53,134 (server:540) INFO: {'Role': 'Client #1', 'Round': 10, 'Results_raw': {'test_loss': 84.419548, 'test_correct': 37.0, 'test_total': 48, 'test_acc': 0.770833, 'test_avg_loss': 1.758741, 'test_f1': 0.432323}}[0m
[38;5;39m2023-02-24 21:32:53,134 (server:540) INFO: {'Role': 'Client #7', 'Round': 10, 'Results_raw': {'test_loss': 170.653309, 'test_correct': 46.0, 'test_total': 57, 'test_acc': 0.807018, 'test_avg_loss': 2.993918, 'test_f1': 0.525892}}[0m
[38;5;39m2023-02-24 21:32:53,134 (server:540) INFO: {'Role': 'Client #8', 'Round': 10, 'Results_raw': {'test_loss': 2.588515, 'test_correct': 17.0, 'test_total': 17, 'test_acc': 1.0, 'test_avg_loss': 0.152266, 'test_f1': 1.0}}[0m
[38;5;39m2023-02-24 21:32:53,135 (server:540) INFO: {'Role': 'Client #4', 'Round': 10, 'Results_raw': {'test_loss': 0.577036, 'test_correct': 2.0, 'test_total': 2, 'test_acc': 1.0, 'test_avg_loss': 0.288518, 'test_f1': 1.0}}[0m
[38;5;39m2023-02-24 21:32:53,135 (server:540) INFO: {'Role': 'Client #2', 'Round': 10, 'Results_raw': {'test_loss': 2.73634, 'test_correct': 0.0, 'test_total': 1, 'test_acc': 0.0, 'test_avg_loss': 2.73634, 'test_f1': 0.0}}[0m
[38;5;39m2023-02-24 21:32:53,135 (server:540) INFO: {'Role': 'Client #6', 'Round': 10, 'Results_raw': {'test_loss': 3.892305, 'test_correct': 11.0, 'test_total': 12, 'test_acc': 0.916667, 'test_avg_loss': 0.324359, 'test_f1': 0.873684}}[0m
[38;5;39m2023-02-24 21:32:53,136 (server:540) INFO: {'Role': 'Client #5', 'Round': 10, 'Results_raw': {'test_loss': 12.58444, 'test_correct': 2.0, 'test_total': 6, 'test_acc': 0.333333, 'test_avg_loss': 2.097407, 'test_f1': 0.190476}}[0m
[38;5;39m2023-02-24 21:32:53,136 (server:540) INFO: {'Role': 'Client #9', 'Round': 10, 'Results_raw': {'test_loss': 92.830136, 'test_correct': 26.0, 'test_total': 31, 'test_acc': 0.83871, 'test_avg_loss': 2.994521, 'test_f1': 0.756672}}[0m
[38;5;39m2023-02-24 21:32:53,136 (server:540) INFO: {'Role': 'Client #3', 'Round': 10, 'Results_raw': {'test_loss': 25.428227, 'test_correct': 35.0, 'test_total': 42, 'test_acc': 0.833333, 'test_avg_loss': 0.605434, 'test_f1': 0.311111}}[0m
[38;5;39m2023-02-24 21:32:53,136 (server:540) INFO: {'Role': 'Client #10', 'Round': 10, 'Results_raw': {'test_loss': 3.751244, 'test_correct': 3.0, 'test_total': 4, 'test_acc': 0.75, 'test_avg_loss': 0.937811, 'test_f1': 0.555556}}[0m
[38;5;39m2023-02-24 21:32:53,137 (monitor:172) INFO: In worker #0, the system-related metrics are: {'id': 0, 'fl_end_time_minutes': 2.162898, 'total_model_size': 0, 'total_flops': 0, 'total_upload_bytes': 2488000, 'total_download_bytes': 500040, 'global_convergence_round': 0, 'local_convergence_round': 0, 'global_convergence_time_minutes': 0, 'local_convergence_time_minutes': 0}[0m
[38;5;39m2023-02-24 21:32:53,138 (client:513) INFO: ================= client 1 received finish message =================[0m
[38;5;39m2023-02-24 21:32:53,140 (monitor:172) INFO: In worker #1, the system-related metrics are: {'id': 1, 'fl_end_time_minutes': 2.160679, 'total_model_size': 3260030, 'total_flops': 58396419840.0, 'total_upload_bytes': 50096, 'total_download_bytes': 248800, 'global_convergence_round': 0, 'local_convergence_round': 0, 'global_convergence_time_minutes': 0, 'local_convergence_time_minutes': 0}[0m
[38;5;39m2023-02-24 21:32:53,141 (client:513) INFO: ================= client 3 received finish message =================[0m
[38;5;39m2023-02-24 21:32:53,143 (monitor:172) INFO: In worker #3, the system-related metrics are: {'id': 3, 'fl_end_time_minutes': 2.156737, 'total_model_size': 3260030, 'total_flops': 578655432960.0, 'total_upload_bytes': 50096, 'total_download_bytes': 248800, 'global_convergence_round': 0, 'local_convergence_round': 0, 'global_convergence_time_minutes': 0, 'local_convergence_time_minutes': 0}[0m
[38;5;39m2023-02-24 21:32:53,144 (client:513) INFO: ================= client 7 received finish message =================[0m
[38;5;39m2023-02-24 21:32:53,146 (monitor:172) INFO: In worker #7, the system-related metrics are: {'id': 7, 'fl_end_time_minutes': 2.150111, 'total_model_size': 3260030, 'total_flops': 21235061760.0, 'total_upload_bytes': 50096, 'total_download_bytes': 248800, 'global_convergence_round': 0, 'local_convergence_round': 0, 'global_convergence_time_minutes': 0, 'local_convergence_time_minutes': 0}[0m
[38;5;39m2023-02-24 21:32:53,147 (client:513) INFO: ================= client 10 received finish message =================[0m
[38;5;39m2023-02-24 21:32:53,149 (monitor:172) INFO: In worker #10, the system-related metrics are: {'id': 10, 'fl_end_time_minutes': 2.141771, 'total_model_size': 3260030, 'total_flops': 403466173440.0, 'total_upload_bytes': 50096, 'total_download_bytes': 248800, 'global_convergence_round': 0, 'local_convergence_round': 0, 'global_convergence_time_minutes': 0, 'local_convergence_time_minutes': 0}[0m
[38;5;39m2023-02-24 21:32:53,150 (client:513) INFO: ================= client 9 received finish message =================[0m
[38;5;39m2023-02-24 21:32:53,152 (monitor:172) INFO: In worker #9, the system-related metrics are: {'id': 9, 'fl_end_time_minutes': 2.143158, 'total_model_size': 3260030, 'total_flops': 29198209920.0, 'total_upload_bytes': 50096, 'total_download_bytes': 248800, 'global_convergence_round': 0, 'local_convergence_round': 0, 'global_convergence_time_minutes': 0, 'local_convergence_time_minutes': 0}[0m
[38;5;39m2023-02-24 21:32:53,154 (client:513) INFO: ================= client 6 received finish message =================[0m
[38;5;39m2023-02-24 21:32:53,156 (monitor:172) INFO: In worker #6, the system-related metrics are: {'id': 6, 'fl_end_time_minutes': 2.153106, 'total_model_size': 3260030, 'total_flops': 167226111360.0, 'total_upload_bytes': 50096, 'total_download_bytes': 248800, 'global_convergence_round': 0, 'local_convergence_round': 0, 'global_convergence_time_minutes': 0, 'local_convergence_time_minutes': 0}[0m
[38;5;39m2023-02-24 21:32:53,157 (client:513) INFO: ================= client 8 received finish message =================[0m
[38;5;39m2023-02-24 21:32:53,159 (monitor:172) INFO: In worker #8, the system-related metrics are: {'id': 8, 'fl_end_time_minutes': 2.146817, 'total_model_size': 3260030, 'total_flops': 459208210560.0, 'total_upload_bytes': 50096, 'total_download_bytes': 248800, 'global_convergence_round': 0, 'local_convergence_round': 0, 'global_convergence_time_minutes': 0, 'local_convergence_time_minutes': 0}[0m
[38;5;39m2023-02-24 21:32:53,160 (client:513) INFO: ================= client 5 received finish message =================[0m
[38;5;39m2023-02-24 21:32:53,162 (monitor:172) INFO: In worker #5, the system-related metrics are: {'id': 5, 'fl_end_time_minutes': 2.155065, 'total_model_size': 3260030, 'total_flops': 244203210240.0, 'total_upload_bytes': 50096, 'total_download_bytes': 248800, 'global_convergence_round': 0, 'local_convergence_round': 0, 'global_convergence_time_minutes': 0, 'local_convergence_time_minutes': 0}[0m
[38;5;39m2023-02-24 21:32:53,162 (client:513) INFO: ================= client 2 received finish message =================[0m
[38;5;39m2023-02-24 21:32:53,165 (monitor:172) INFO: In worker #2, the system-related metrics are: {'id': 2, 'fl_end_time_minutes': 2.16048, 'total_model_size': 3260030, 'total_flops': 124755987840.0, 'total_upload_bytes': 50096, 'total_download_bytes': 248800, 'global_convergence_round': 0, 'local_convergence_round': 0, 'global_convergence_time_minutes': 0, 'local_convergence_time_minutes': 0}[0m
[38;5;39m2023-02-24 21:32:53,165 (client:513) INFO: ================= client 4 received finish message =================[0m
[38;5;39m2023-02-24 21:32:53,168 (monitor:172) INFO: In worker #4, the system-related metrics are: {'id': 4, 'fl_end_time_minutes': 2.156486, 'total_model_size': 3260030, 'total_flops': 241548827520.0, 'total_upload_bytes': 50096, 'total_download_bytes': 248800, 'global_convergence_round': 0, 'local_convergence_round': 0, 'global_convergence_time_minutes': 0, 'local_convergence_time_minutes': 0}[0m
[38;5;39m2023-02-24 21:32:53,168 (monitor:337) INFO: We will compress the file eval_results.raw into a .gz file, and delete the old one[0m
[38;5;39m2023-02-24 21:32:53,173 (monitor:245) INFO: After merging the system metrics from all works, we got avg: defaultdict(None, {'id': 'sys_avg', 'sys_avg/fl_end_time_minutes': 2.153392, 'sys_avg/total_model_size': '2.83M', 'sys_avg/total_flops': '197.09G', 'sys_avg/total_upload_bytes': '265.36K', 'sys_avg/total_download_bytes': '265.27K', 'sys_avg/global_convergence_round': 0.0, 'sys_avg/local_convergence_round': 0.0, 'sys_avg/global_convergence_time_minutes': 0.0, 'sys_avg/local_convergence_time_minutes': 0.0})[0m
[38;5;39m2023-02-24 21:32:53,173 (monitor:248) INFO: After merging the system metrics from all works, we got std: defaultdict(None, {'id': 'sys_std', 'sys_std/fl_end_time_minutes': 0.006817, 'sys_std/total_model_size': '915.23K', 'sys_std/total_flops': '173.57G', 'sys_std/total_upload_bytes': '684.42K', 'sys_std/total_download_bytes': '70.53K', 'sys_std/global_convergence_round': 0.0, 'sys_std/local_convergence_round': 0.0, 'sys_std/global_convergence_time_minutes': 0.0, 'sys_std/local_convergence_time_minutes': 0.0})[0m
None
220
<generator object BaseDataTranslator.split_to_client.<locals>.<genexpr> at 0x7f47a85e9270>
