 is at 192.168.0.1[0m
[38;5;39m2023-02-24 23:03:10,614 (logging:126) INFO: the current dir is /home/ubuntu/medscale[0m
[38;5;39m2023-02-24 23:03:10,614 (logging:127) INFO: the output dir is exp/FedAvg_convnet5_on_lung100_lr0.01_lstep1/sub_exp_20230224230310[0m
[33;20m2023-02-24 23:03:21,397 (cfg_data:145) WARNING: config `cfg.data.batch_size` will be removed in the future, use `cfg.dataloader.batch_size` instead.[0m
[33;20m2023-02-24 23:03:21,398 (cfg_data:145) WARNING: config `cfg.data.batch_size` will be removed in the future, use `cfg.dataloader.batch_size` instead.[0m
[38;5;39m2023-02-24 23:03:21,430 (config:243) INFO: the used configs are: 
aggregator:
  inside_weight: 1.0
  num_agg_groups: 1
  num_agg_topk: []
  outside_weight: 0.0
asyn:
  use: False
attack:
  alpha_TV: 0.001
  alpha_prop_loss: 0
  attack_method: 
  attacker_id: -1
  classifier_PIA: randomforest
  edge_num: 100
  edge_path: edge_data/
  freq: 10
  info_diff_type: l2
  inject_round: 0
  insert_round: 100000
  label_type: dirty
  max_ite: 400
  mean: [0.1307]
  mia_is_simulate_in: False
  mia_simulate_in_round: 20
  pgd_eps: 2
  pgd_lr: 0.1
  pgd_poisoning: False
  poison_ratio: 0.5
  reconstruct_lr: 0.01
  reconstruct_optim: Adam
  scale_para: 1.0
  scale_poisoning: False
  self_epoch: 6
  self_lr: 0.05
  self_opt: False
  setting: fix
  std: [0.3081]
  target_label_ind: -1
  trigger_path: trigger/
  trigger_type: edge
backend: torch
cfg_file: 
check_completeness: False
criterion:
  type: CrossEntropyLoss
data:
  args: []
  batch_size: 16
  cSBM_phi: [0.5, 0.5, 0.5]
  cache_dir: 
  consistent_label_distribution: False
  drop_last: False
  hetero_data_name: []
  hetero_synth_batch_size: 32
  hetero_synth_feat_dim: 128
  hetero_synth_prim_weight: 0.5
  is_debug: False
  loader: 
  max_query_len: 128
  max_seq_len: 384
  max_tgt_len: 128
  num_contrast: 0
  num_of_client_for_data: []
  num_steps: 30
  num_workers: 0
  pre_transform: []
  quadratic:
    dim: 1
    max_curv: 12.5
    min_curv: 0.02
  root: data/
  save_data: False
  server_holds_all: False
  shuffle: True
  sizes: [10, 5]
  splits: [0.8, 0, 0.2]
  splitter: lda
  splitter_args: [{'alpha': 0.8}]
  subsample: 1.0
  target_transform: []
  test_pre_transform: []
  test_target_transform: []
  test_transform: []
  transform: []
  trunc_stride: 128
  type: lung100
  val_pre_transform: []
  val_target_transform: []
  val_transform: []
  walk_length: 2
dataloader:
  batch_size: 16
  drop_last: False
  num_steps: 30
  num_workers: 0
  pin_memory: False
  shuffle: True
  sizes: [10, 5]
  theta: -1
  type: base
  walk_length: 2
device: 0
distribute:
  use: False
early_stop:
  delta: 0.0
  improve_indicator_mode: best
  patience: 5
eval:
  best_res_update_round_wise_key: test_loss
  count_flops: True
  freq: 1
  metrics: ['acc', 'correct', 'f1']
  monitoring: []
  report: ['weighted_avg', 'avg', 'fairness', 'raw']
  split: ['test', 'val']
expname: FedAvg_convnet5_on_lung100_lr0.01_lstep1
expname_tag: 
feat_engr:
  num_bins: 5
  scenario: hfl
  secure:
    dp:
      
    encrypt:
      type: dummy
    key_size: 3072
    type: encrypt
  selec_threshold: 0.05
  selec_woe_binning: quantile
  type: 
federate:
  atc_load_from: 
  atc_vanilla: False
  client_num: 10
  data_weighted_aggr: False
  ignore_weight: False
  join_in_info: []
  make_global_eval: False
  merge_test_data: False
  method: FedAvg
  mode: standalone
  online_aggr: False
  resource_info_file: 
  restore_from: 
  sample_client_num: 10
  sample_client_rate: -1.0
  sampler: uniform
  save_to: 
  share_local_model: False
  total_round_num: 10
  unseen_clients_rate: 0.0
  use_diff: False
  use_ss: False
fedopt:
  use: False
fedprox:
  use: False
fedsageplus:
  a: 1.0
  b: 1.0
  c: 1.0
  fedgen_epoch: 200
  gen_hidden: 128
  hide_portion: 0.5
  loc_epoch: 1
  num_pred: 5
finetune:
  batch_or_epoch: epoch
  before_eval: False
  freeze_param: 
  local_update_steps: 1
  optimizer:
    lr: 0.1
    type: SGD
  scheduler:
    type: 
    warmup_ratio: 0.0
flitplus:
  factor_ema: 0.8
  lambdavat: 0.5
  tmpFed: 0.5
  weightReg: 1.0
gcflplus:
  EPS_1: 0.05
  EPS_2: 0.1
  seq_length: 5
  standardize: False
grad:
  grad_accum_count: 1
  grad_clip: 5.0
hpo:
  fedex:
    cutoff: 0.0
    diff: False
    eta0: -1.0
    flatten_ss: True
    gamma: 0.0
    pi_lr: 0.01
    psn: False
    sched: auto
    ss: 
    use: False
  init_cand_num: 16
  larger_better: False
  metric: client_summarized_weighted_avg.val_loss
  num_workers: 0
  pbt:
    max_stage: 5
    perf_threshold: 0.1
  scheduler: rs
  sha:
    budgets: []
    elim_rate: 3
    iter: 0
  ss: 
  table:
    eps: 0.1
    idx: 0
    num: 27
  working_folder: hpo
model:
  contrast_temp: 1.0
  contrast_topk: 100
  downstream_tasks: []
  dropout: 0.0
  embed_size: 8
  gamma: 0
  graph_pooling: mean
  hidden: 2048
  in_channels: 0
  input_shape: ()
  label_smoothing: 0.1
  lambda_: 0.1
  layer: 2
  length_penalty: 2.0
  max_answer_len: 30
  max_length: 200
  max_tree_depth: 3
  min_length: 1
  model_num_per_trainer: 1
  model_type: google/bert_uncased_L-2_H-128_A-2
  n_best_size: 20
  no_repeat_ngram_size: 3
  null_score_diff_threshold: 0.0
  num_beams: 5
  num_item: 0
  num_labels: 1
  num_of_trees: 10
  num_user: 0
  out_channels: 62
  pretrain_tasks: []
  stage: 
  task: node
  type: convnet5
  use_bias: True
  use_contrastive_loss: False
nbafl:
  use: False
outdir: exp/FedAvg_convnet5_on_lung100_lr0.01_lstep1/sub_exp_20230224230310
personalization:
  K: 5
  beta: 1.0
  local_param: ['bn', 'norms']
  local_update_steps: 1
  lr: 0.01
  regular_weight: 0.1
  share_non_trainable_para: False
print_decimal_digits: 6
regularizer:
  mu: 0.0
  type: 
seed: 2
sgdmf:
  use: False
train:
  batch_or_epoch: epoch
  local_update_steps: 1
  optimizer:
    lr: 0.01
    type: SGD
    weight_decay: 0.0
  scheduler:
    type: 
    warmup_ratio: 0.0
trainer:
  disp_freq: 50
  local_entropy:
    alpha: 0.75
    eps: 0.001
    gamma: 0.0001
  sam:
    adaptive: False
    eta: 0.0
    rho: 1.0
  type: cvtrainer
  val_freq: 100000000
use_gpu: True
verbose: 1
vertical:
  use: False
wandb:
  use: False[0m
[38;5;39m2023-02-24 23:03:21,553 (utils:144) INFO: The device information file is not provided[0m
[38;5;39m2023-02-24 23:03:21,798 (fed_runner:169) INFO: Server has been set up ... [0m
[38;5;39m2023-02-24 23:03:22,035 (fed_runner:221) INFO: Client 1 has been set up ... [0m
[38;5;39m2023-02-24 23:03:22,101 (fed_runner:221) INFO: Client 2 has been set up ... [0m
[38;5;39m2023-02-24 23:03:22,222 (fed_runner:221) INFO: Client 3 has been set up ... [0m
[38;5;39m2023-02-24 23:03:22,377 (fed_runner:221) INFO: Client 4 has been set up ... [0m
[38;5;39m2023-02-24 23:03:22,487 (fed_runner:221) INFO: Client 5 has been set up ... [0m
[38;5;39m2023-02-24 23:03:22,630 (fed_runner:221) INFO: Client 6 has been set up ... [0m
[38;5;39m2023-02-24 23:03:22,890 (fed_runner:221) INFO: Client 7 has been set up ... [0m
[38;5;39m2023-02-24 23:03:23,075 (fed_runner:221) INFO: Client 8 has been set up ... [0m
[38;5;39m2023-02-24 23:03:23,274 (fed_runner:221) INFO: Client 9 has been set up ... [0m
[38;5;39m2023-02-24 23:03:23,489 (fed_runner:221) INFO: Client 10 has been set up ... [0m
<<<<<<< HEAD
[38;5;39m2023-02-24 23:03:23,489 (trainer:341) INFO: Model meta-info: <class 'medscale.cv.model.cnn.ConvNet5'>.[0m
=======
<<<<<<< HEAD
[38;5;39m2023-02-24 23:03:23,489 (trainer:341) INFO: Model meta-info: <class 'medscale.cv.model.cnn.ConvNet5'>.[0m
=======
[38;5;39m2023-02-24 23:03:23,489 (trainer:341) INFO: Model meta-info: <class 'medscale.cv.model.cnn.ConvNet5'>.[0m
>>>>>>> fe4962455354c9c11afd9c9806ceda28eb280737
>>>>>>> 64b283ee525ef53c32509882719e74890329b83f
[38;5;39m2023-02-24 23:03:23,490 (trainer:349) INFO: Num of original para names: 39.[0m
[38;5;39m2023-02-24 23:03:23,490 (trainer:350) INFO: Num of original trainable para names: 24.[0m
[38;5;39m2023-02-24 23:03:23,490 (trainer:352) INFO: Num of preserved para names in local update: 14. 
Preserved para names in local update: {'conv1.weight', 'conv2.bias', 'conv4.bias', 'conv4.weight', 'conv2.weight', 'fc1.weight', 'conv1.bias', 'conv5.weight', 'fc2.weight', 'conv3.weight', 'fc2.bias', 'conv3.bias', 'fc1.bias', 'conv5.bias'}.[0m
[38;5;39m2023-02-24 23:03:23,490 (trainer:356) INFO: Num of filtered para names in local update: 25. 
Filtered para names in local update: {'bn3.running_mean', 'bn5.num_batches_tracked', 'bn4.running_var', 'bn2.running_mean', 'bn3.weight', 'bn3.running_var', 'bn3.bias', 'bn3.num_batches_tracked', 'bn1.bias', 'bn2.running_var', 'bn4.running_mean', 'bn5.running_mean', 'bn1.weight', 'bn2.bias', 'bn5.bias', 'bn2.num_batches_tracked', 'bn2.weight', 'bn1.running_mean', 'bn5.weight', 'bn4.bias', 'bn1.num_batches_tracked', 'bn4.num_batches_tracked', 'bn1.running_var', 'bn5.running_var', 'bn4.weight'}.[0m
[38;5;39m2023-02-24 23:03:23,491 (trainer:361) INFO: After register default hooks,
	the hooks_in_train is:
	{
	  "on_fit_start": [
	    "_hook_on_fit_start_init",
	    "_hook_on_fit_start_calculate_model_size"
	  ],
	  "on_epoch_start": [
	    "_hook_on_epoch_start"
	  ],
	  "on_batch_start": [
	    "_hook_on_batch_start_init"
	  ],
	  "on_batch_forward": [
	    "_hook_on_batch_forward",
	    "_hook_on_batch_forward_regularizer",
	    "_hook_on_batch_forward_flop_count"
	  ],
	  "on_batch_backward": [
	    "_hook_on_batch_backward"
	  ],
	  "on_batch_end": [
	    "_hook_on_batch_end"
	  ],
	  "on_fit_end": [
	    "_hook_on_fit_end"
	  ]
	};
	the hooks_in_eval is:
            t{
	  "on_fit_start": [
	    "_hook_on_fit_start_init"
	  ],
	  "on_epoch_start": [
	    "_hook_on_epoch_start"
	  ],
	  "on_batch_start": [
	    "_hook_on_batch_start_init"
	  ],
	  "on_batch_forward": [
	    "_hook_on_batch_forward"
	  ],
	  "on_batch_end": [
	    "_hook_on_batch_end"
	  ],
	  "on_fit_end": [
	    "_hook_on_fit_end"
	  ]
	}[0m
[38;5;39m2023-02-24 23:03:23,512 (server:804) INFO: ----------- Starting training (Round #0) -------------[0m
Unsupported operator aten::max_pool2d encountered 5 time(s)
[38;5;39m2023-02-24 23:03:28,065 (client:306) INFO: {'Role': 'Client #7', 'Round': 0, 'Results_raw': {'train_avg_loss': 4.671345, 'train_correct': 0.0, 'train_f1': 0.0, 'train_loss': 51.384798, 'train_acc': 0.0, 'train_total': 11}}[0m
Unsupported operator aten::max_pool2d encountered 5 time(s)
[38;5;39m2023-02-24 23:03:28,667 (client:306) INFO: {'Role': 'Client #9', 'Round': 0, 'Results_raw': {'train_avg_loss': 3.067018, 'train_correct': 38.0, 'train_f1': 0.155102, 'train_loss': 187.088091, 'train_acc': 0.622951, 'train_total': 61}}[0m
Unsupported operator aten::max_pool2d encountered 5 time(s)
[38;5;39m2023-02-24 23:03:30,099 (client:306) INFO: {'Role': 'Client #5', 'Round': 0, 'Results_raw': {'train_avg_loss': 2.081822, 'train_correct': 81.0, 'train_f1': 0.152113, 'train_loss': 287.291483, 'train_acc': 0.586957, 'train_total': 138}}[0m
Unsupported operator aten::max_pool2d encountered 5 time(s)
[38;5;39m2023-02-24 23:03:32,267 (client:306) INFO: {'Role': 'Client #2', 'Round': 0, 'Results_raw': {'train_avg_loss': 1.481108, 'train_correct': 160.0, 'train_f1': 0.149393, 'train_loss': 299.183836, 'train_acc': 0.792079, 'train_total': 202}}[0m
Unsupported operator aten::max_pool2d encountered 5 time(s)
[38;5;39m2023-02-24 23:03:33,905 (client:306) INFO: {'Role': 'Client #3', 'Round': 0, 'Results_raw': {'train_avg_loss': 1.550065, 'train_correct': 140.0, 'train_f1': 0.147679, 'train_loss': 282.111831, 'train_acc': 0.769231, 'train_total': 182}}[0m
Unsupported operator aten::max_pool2d encountered 5 time(s)
[38;5;39m2023-02-24 23:03:35,034 (client:306) INFO: {'Role': 'Client #10', 'Round': 0, 'Results_raw': {'train_avg_loss': 2.146885, 'train_correct': 85.0, 'train_f1': 0.121429, 'train_loss': 246.891725, 'train_acc': 0.73913, 'train_total': 115}}[0m
Unsupported operator aten::max_pool2d encountered 5 time(s)
[38;5;39m2023-02-24 23:03:35,229 (client:306) INFO: {'Role': 'Client #4', 'Round': 0, 'Results_raw': {'train_avg_loss': 4.599725, 'train_correct': 0.0, 'train_f1': 0.0, 'train_loss': 82.795043, 'train_acc': 0.0, 'train_total': 18}}[0m
Unsupported operator aten::max_pool2d encountered 5 time(s)
[38;5;39m2023-02-24 23:03:35,566 (client:306) INFO: {'Role': 'Client #1', 'Round': 0, 'Results_raw': {'train_avg_loss': 4.169312, 'train_correct': 8.0, 'train_f1': 0.083333, 'train_loss': 116.740727, 'train_acc': 0.285714, 'train_total': 28}}[0m
Unsupported operator aten::max_pool2d encountered 5 time(s)
[38;5;39m2023-02-24 23:03:36,201 (client:306) INFO: {'Role': 'Client #8', 'Round': 0, 'Results_raw': {'train_avg_loss': 3.476917, 'train_correct': 26.0, 'train_f1': 0.092857, 'train_loss': 212.091917, 'train_acc': 0.42623, 'train_total': 61}}[0m
Unsupported operator aten::max_pool2d encountered 5 time(s)
[38;5;39m2023-02-24 23:03:36,836 (client:306) INFO: {'Role': 'Client #6', 'Round': 0, 'Results_raw': {'train_avg_loss': 3.395517, 'train_correct': 22.0, 'train_f1': 0.10628, 'train_loss': 207.126517, 'train_acc': 0.360656, 'train_total': 61}}[0m
[38;5;39m2023-02-24 23:03:36,839 (monitor:541) INFO: {'Role': 'Server #', 'Round': 0, 'Results_model_metric': {}}[0m
[38;5;39m2023-02-24 23:03:36,881 (server:330) INFO: Server: Starting evaluation at the end of round 0.[0m
[38;5;39m2023-02-24 23:03:36,882 (server:336) INFO: ----------- Starting a new training round (Round #1) -------------[0m
[33;20m2023-02-24 23:03:37,040 (context:294) WARNING: No val_data or val_loader in the trainer, will skip evaluation.If this is not the case you want, please check whether there is typo for the name[0m
[33;20m2023-02-24 23:03:37,092 (context:294) WARNING: No val_data or val_loader in the trainer, will skip evaluation.If this is not the case you want, please check whether there is typo for the name[0m
[33;20m2023-02-24 23:03:37,321 (context:294) WARNING: No val_data or val_loader in the trainer, will skip evaluation.If this is not the case you want, please check whether there is typo for the name[0m
[33;20m2023-02-24 23:03:37,593 (context:294) WARNING: No val_data or val_loader in the trainer, will skip evaluation.If this is not the case you want, please check whether there is typo for the name[0m
[33;20m2023-02-24 23:03:38,090 (context:294) WARNING: No val_data or val_loader in the trainer, will skip evaluation.If this is not the case you want, please check whether there is typo for the name[0m
[33;20m2023-02-24 23:03:38,532 (context:294) WARNING: No val_data or val_loader in the trainer, will skip evaluation.If this is not the case you want, please check whether there is typo for the name[0m
[33;20m2023-02-24 23:03:38,868 (context:294) WARNING: No val_data or val_loader in the trainer, will skip evaluation.If this is not the case you want, please check whether there is typo for the name[0m
[33;20m2023-02-24 23:03:38,946 (context:294) WARNING: No val_data or val_loader in the trainer, will skip evaluation.If this is not the case you want, please check whether there is typo for the name[0m
[33;20m2023-02-24 23:03:38,973 (context:294) WARNING: No val_data or val_loader in the trainer, will skip evaluation.If this is not the case you want, please check whether there is typo for the name[0m
[33;20m2023-02-24 23:03:39,046 (context:294) WARNING: No val_data or val_loader in the trainer, will skip evaluation.If this is not the case you want, please check whether there is typo for the name[0m
[38;5;39m2023-02-24 23:03:40,769 (client:306) INFO: {'Role': 'Client #2', 'Round': 1, 'Results_raw': {'train_avg_loss': 0.604464, 'train_correct': 169.0, 'train_f1': 0.33019, 'train_loss': 122.101694, 'train_acc': 0.836634, 'train_total': 202}}[0m
[38;5;39m2023-02-24 23:03:41,882 (client:306) INFO: {'Role': 'Client #10', 'Round': 1, 'Results_raw': {'train_avg_loss': 0.575166, 'train_correct': 102.0, 'train_f1': 0.313364, 'train_loss': 66.14404, 'train_acc': 0.886957, 'train_total': 115}}[0m
[38;5;39m2023-02-24 23:03:42,412 (client:306) INFO: {'Role': 'Client #6', 'Round': 1, 'Results_raw': {'train_avg_loss': 1.770251, 'train_correct': 26.0, 'train_f1': 0.278488, 'train_loss': 107.985311, 'train_acc': 0.42623, 'train_total': 61}}[0m
[38;5;39m2023-02-24 23:03:43,798 (client:306) INFO: {'Role': 'Client #5', 'Round': 1, 'Results_raw': {'train_avg_loss': 0.820828, 'train_correct': 105.0, 'train_f1': 0.644302, 'train_loss': 113.274285, 'train_acc': 0.76087, 'train_total': 138}}[0m
[38;5;39m2023-02-24 23:03:44,128 (client:306) INFO: {'Role': 'Client #1', 'Round': 1, 'Results_raw': {'train_avg_loss': 2.709891, 'train_correct': 5.0, 'train_f1': 0.180741, 'train_loss': 75.876955, 'train_acc': 0.178571, 'train_total': 28}}[0m
[38;5;39m2023-02-24 23:03:44,937 (client:306) INFO: {'Role': 'Client #8', 'Round': 1, 'Results_raw': {'train_avg_loss': 1.272271, 'train_correct': 41.0, 'train_f1': 0.267974, 'train_loss': 77.608534, 'train_acc': 0.672131, 'train_total': 61}}[0m
[38;5;39m2023-02-24 23:03:45,656 (client:306) INFO: {'Role': 'Client #9', 'Round': 1, 'Results_raw': {'train_avg_loss': 0.588605, 'train_correct': 47.0, 'train_f1': 0.435185, 'train_loss': 35.904888, 'train_acc': 0.770492, 'train_total': 61}}[0m
[38;5;39m2023-02-24 23:03:45,865 (client:306) INFO: {'Role': 'Client #4', 'Round': 1, 'Results_raw': {'train_avg_loss': 1.460519, 'train_correct': 5.0, 'train_f1': 0.184795, 'train_loss': 26.289341, 'train_acc': 0.277778, 'train_total': 18}}[0m
[38;5;39m2023-02-24 23:03:47,797 (client:306) INFO: {'Role': 'Client #3', 'Round': 1, 'Results_raw': {'train_avg_loss': 0.581524, 'train_correct': 157.0, 'train_f1': 0.338908, 'train_loss': 105.837323, 'train_acc': 0.862637, 'train_total': 182}}[0m
[38;5;39m2023-02-24 23:03:47,918 (client:306) INFO: {'Role': 'Client #7', 'Round': 1, 'Results_raw': {'train_avg_loss': 2.510673, 'train_correct': 2.0, 'train_f1': 0.111111, 'train_loss': 27.617404, 'train_acc': 0.181818, 'train_total': 11}}[0m
[38;5;39m2023-02-24 23:03:47,920 (server:590) INFO: {'Role': 'Server #', 'Round': 0, 'Results_weighted_avg': {'test_avg_loss': 3.893632, 'test_correct': 7.6, 'test_f1': 0.162725, 'test_loss': 140.988157, 'test_acc': 0.345455, 'test_total': 22.0}, 'Results_avg': {'test_avg_loss': 3.82452, 'test_correct': 7.6, 'test_f1': 0.161273, 'test_loss': 85.659895, 'test_acc': 0.298905, 'test_total': 22.0}, 'Results_fairness': {'test_correct': 7.6, 'test_total': 22.0, 'test_avg_loss_std': 0.172703, 'test_avg_loss_bottom_decile': 3.665143, 'test_avg_loss_top_decile': 4.022591, 'test_avg_loss_min': 3.459605, 'test_avg_loss_max': 4.022591, 'test_avg_loss_bottom10%': 3.459605, 'test_avg_loss_top10%': 4.022591, 'test_avg_loss_cos1': 0.998982, 'test_avg_loss_entropy': 2.301553, 'test_f1_std': 0.094597, 'test_f1_bottom_decile': 0.0, 'test_f1_top_decile': 0.264368, 'test_f1_min': 0.0, 'test_f1_max': 0.264368, 'test_f1_bottom10%': 0.0, 'test_f1_top10%': 0.264368, 'test_f1_cos1': 0.862565, 'test_f1_entropy': 2.037642, 'test_loss_std': 69.093299, 'test_loss_bottom_decile': 18.325713, 'test_loss_top_decile': 206.507429, 'test_loss_min': 3.459605, 'test_loss_max': 206.507429, 'test_loss_bottom10%': 3.459605, 'test_loss_top10%': 206.507429, 'test_loss_cos1': 0.778356, 'test_loss_entropy': 1.953623, 'test_acc_std': 0.223216, 'test_acc_bottom_decile': 0.0, 'test_acc_top_decile': 0.657143, 'test_acc_min': 0.0, 'test_acc_max': 0.657143, 'test_acc_bottom10%': 0.0, 'test_acc_top10%': 0.657143, 'test_acc_cos1': 0.801237, 'test_acc_entropy': 1.953294}}[0m
[38;5;39m2023-02-24 23:03:47,936 (monitor:541) INFO: {'Role': 'Server #', 'Round': 1, 'Results_model_metric': {}}[0m
[38;5;39m2023-02-24 23:03:47,987 (server:330) INFO: Server: Starting evaluation at the end of round 1.[0m
[38;5;39m2023-02-24 23:03:47,988 (server:336) INFO: ----------- Starting a new training round (Round #2) -------------[0m
[33;20m2023-02-24 23:03:48,113 (context:294) WARNING: No val_data or val_loader in the trainer, will skip evaluation.If this is not the case you want, please check whether there is typo for the name[0m
[33;20m2023-02-24 23:03:48,165 (context:294) WARNING: No val_data or val_loader in the trainer, will skip evaluation.If this is not the case you want, please check whether there is typo for the name[0m
[33;20m2023-02-24 23:03:48,378 (context:294) WARNING: No val_data or val_loader in the trainer, will skip evaluation.If this is not the case you want, please check whether there is typo for the name[0m
[33;20m2023-02-24 23:03:48,597 (context:294) WARNING: No val_data or val_loader in the trainer, will skip evaluation.If this is not the case you want, please check whether there is typo for the name[0m
[33;20m2023-02-24 23:03:48,966 (context:294) WARNING: No val_data or val_loader in the trainer, will skip evaluation.If this is not the case you want, please check whether there is typo for the name[0m
[33;20m2023-02-24 23:03:49,413 (context:294) WARNING: No val_data or val_loader in the trainer, will skip evaluation.If this is not the case you want, please check whether there is typo for the name[0m
[33;20m2023-02-24 23:03:49,702 (context:294) WARNING: No val_data or val_loader in the trainer, will skip evaluation.If this is not the case you want, please check whether there is typo for the name[0m
[33;20m2023-02-24 23:03:49,811 (context:294) WARNING: No val_data or val_loader in the trainer, will skip evaluation.If this is not the case you want, please check whether there is typo for the name[0m
[33;20m2023-02-24 23:03:49,857 (context:294) WARNING: No val_data or val_loader in the trainer, will skip evaluation.If this is not the case you want, please check whether there is typo for the name[0m
[33;20m2023-02-24 23:03:49,922 (context:294) WARNING: No val_data or val_loader in the trainer, will skip evaluation.If this is not the case you want, please check whether there is typo for the name[0m
[38;5;39m2023-02-24 23:03:50,034 (client:306) INFO: {'Role': 'Client #7', 'Round': 2, 'Results_raw': {'train_avg_loss': 2.422189, 'train_correct': 2.0, 'train_f1': 0.102564, 'train_loss': 26.644082, 'train_acc': 0.181818, 'train_total': 11}}[0m
[38;5;39m2023-02-24 23:03:51,943 (client:306) INFO: {'Role': 'Client #3', 'Round': 2, 'Results_raw': {'train_avg_loss': 0.508728, 'train_correct': 158.0, 'train_f1': 0.367495, 'train_loss': 92.588519, 'train_acc': 0.868132, 'train_total': 182}}[0m
[38;5;39m2023-02-24 23:03:52,472 (client:306) INFO: {'Role': 'Client #9', 'Round': 2, 'Results_raw': {'train_avg_loss': 0.453762, 'train_correct': 44.0, 'train_f1': 0.419048, 'train_loss': 27.679508, 'train_acc': 0.721311, 'train_total': 61}}[0m
[38;5;39m2023-02-24 23:03:54,160 (client:306) INFO: {'Role': 'Client #2', 'Round': 2, 'Results_raw': {'train_avg_loss': 0.497753, 'train_correct': 169.0, 'train_f1': 0.33019, 'train_loss': 100.546158, 'train_acc': 0.836634, 'train_total': 202}}[0m
[38;5;39m2023-02-24 23:03:54,325 (client:306) INFO: {'Role': 'Client #4', 'Round': 2, 'Results_raw': {'train_avg_loss': 1.365671, 'train_correct': 2.0, 'train_f1': 0.078704, 'train_loss': 24.582078, 'train_acc': 0.111111, 'train_total': 18}}[0m
[38;5;39m2023-02-24 23:03:54,860 (client:306) INFO: {'Role': 'Client #8', 'Round': 2, 'Results_raw': {'train_avg_loss': 1.027082, 'train_correct': 41.0, 'train_f1': 0.270627, 'train_loss': 62.651975, 'train_acc': 0.672131, 'train_total': 61}}[0m
[38;5;39m2023-02-24 23:03:55,529 (client:306) INFO: {'Role': 'Client #6', 'Round': 2, 'Results_raw': {'train_avg_loss': 1.454338, 'train_correct': 30.0, 'train_f1': 0.32913, 'train_loss': 88.714595, 'train_acc': 0.491803, 'train_total': 61}}[0m
[38;5;39m2023-02-24 23:03:55,841 (client:306) INFO: {'Role': 'Client #1', 'Round': 2, 'Results_raw': {'train_avg_loss': 2.634238, 'train_correct': 5.0, 'train_f1': 0.185897, 'train_loss': 73.758667, 'train_acc': 0.178571, 'train_total': 28}}[0m
[38;5;39m2023-02-24 23:03:57,007 (client:306) INFO: {'Role': 'Client #10', 'Round': 2, 'Results_raw': {'train_avg_loss': 0.448016, 'train_correct': 102.0, 'train_f1': 0.36446, 'train_loss': 51.521843, 'train_acc': 0.886957, 'train_total': 115}}[0m
[38;5;39m2023-02-24 23:03:58,525 (client:306) INFO: {'Role': 'Client #5', 'Round': 2, 'Results_raw': {'train_avg_loss': 0.61863, 'train_correct': 103.0, 'train_f1': 0.655074, 'train_loss': 85.370955, 'train_acc': 0.746377, 'train_total': 138}}[0m
[38;5;39m2023-02-24 23:03:58,528 (server:590) INFO: {'Role': 'Server #', 'Round': 1, 'Results_weighted_avg': {'test_avg_loss': 3.436806, 'test_correct': 13.3, 'test_f1': 0.366615, 'test_loss': 125.895341, 'test_acc': 0.604545, 'test_total': 22.0}, 'Results_avg': {'test_avg_loss': 3.126297, 'test_correct': 13.3, 'test_f1': 0.504177, 'test_loss': 75.609739, 'test_acc': 0.664817, 'test_total': 22.0}, 'Results_fairness': {'test_correct': 13.3, 'test_total': 22.0, 'test_avg_loss_std': 0.734962, 'test_avg_loss_bottom_decile': 2.345012, 'test_avg_loss_top_decile': 3.903641, 'test_avg_loss_min': 1.578659, 'test_avg_loss_max': 3.903641, 'test_avg_loss_bottom10%': 1.578659, 'test_avg_loss_top10%': 3.903641, 'test_avg_loss_cos1': 0.973461, 'test_avg_loss_entropy': 2.272315, 'test_f1_std': 0.309382, 'test_f1_bottom_decile': 0.241758, 'test_f1_top_decile': 1.0, 'test_f1_min': 0.111111, 'test_f1_max': 1.0, 'test_f1_bottom10%': 0.111111, 'test_f1_top10%': 1.0, 'test_f1_cos1': 0.852322, 'test_f1_entropy': 2.115512, 'test_loss_std': 63.177621, 'test_loss_bottom_decile': 11.725061, 'test_loss_top_decile': 184.954261, 'test_loss_min': 1.578659, 'test_loss_max': 184.954261, 'test_loss_bottom10%': 1.578659, 'test_loss_top10%': 184.954261, 'test_loss_cos1': 0.767375, 'test_loss_entropy': 1.921726, 'test_acc_std': 0.25443, 'test_acc_bottom_decile': 0.342857, 'test_acc_top_decile': 1.0, 'test_acc_min': 0.2, 'test_acc_max': 1.0, 'test_acc_bottom10%': 0.2, 'test_acc_top10%': 1.0, 'test_acc_cos1': 0.933942, 'test_acc_entropy': 2.220611}}[0m
[38;5;39m2023-02-24 23:03:58,540 (monitor:541) INFO: {'Role': 'Server #', 'Round': 2, 'Results_model_metric': {}}[0m
[38;5;39m2023-02-24 23:03:58,589 (server:330) INFO: Server: Starting evaluation at the end of round 2.[0m
[38;5;39m2023-02-24 23:03:58,590 (server:336) INFO: ----------- Starting a new training round (Round #3) -------------[0m
[33;20m2023-02-24 23:03:58,697 (context:294) WARNING: No val_data or val_loader in the trainer, will skip evaluation.If this is not the case you want, please check whether there is typo for the name[0m
[33;20m2023-02-24 23:03:58,748 (context:294) WARNING: No val_data or val_loader in the trainer, will skip evaluation.If this is not the case you want, please check whether there is typo for the name[0m
[33;20m2023-02-24 23:03:58,976 (context:294) WARNING: No val_data or val_loader in the trainer, will skip evaluation.If this is not the case you want, please check whether there is typo for the name[0m
[33;20m2023-02-24 23:03:59,266 (context:294) WARNING: No val_data or val_loader in the trainer, will skip evaluation.If this is not the case you want, please check whether there is typo for the name[0m
[33;20m2023-02-24 23:03:59,644 (context:294) WARNING: No val_data or val_loader in the trainer, will skip evaluation.If this is not the case you want, please check whether there is typo for the name[0m
[33;20m2023-02-24 23:04:00,080 (context:294) WARNING: No val_data or val_loader in the trainer, will skip evaluation.If this is not the case you want, please check whether there is typo for the name[0m
[33;20m2023-02-24 23:04:00,440 (context:294) WARNING: No val_data or val_loader in the trainer, will skip evaluation.If this is not the case you want, please check whether there is typo for the name[0m
[33;20m2023-02-24 23:04:00,520 (context:294) WARNING: No val_data or val_loader in the trainer, will skip evaluation.If this is not the case you want, please check whether there is typo for the name[0m
[33;20m2023-02-24 23:04:00,542 (context:294) WARNING: No val_data or val_loader in the trainer, will skip evaluation.If this is not the case you want, please check whether there is typo for the name[0m
[33;20m2023-02-24 23:04:00,615 (context:294) WARNING: No val_data or val_loader in the trainer, will skip evaluation.If this is not the case you want, please check whether there is typo for the name[0m
[38;5;39m2023-02-24 23:04:02,293 (client:306) INFO: {'Role': 'Client #3', 'Round': 3, 'Results_raw': {'train_avg_loss': 0.468264, 'train_correct': 156.0, 'train_f1': 0.412016, 'train_loss': 85.224073, 'train_acc': 0.857143, 'train_total': 182}}[0m
[38;5;39m2023-02-24 23:04:02,433 (client:306) INFO: {'Role': 'Client #7', 'Round': 3, 'Results_raw': {'train_avg_loss': 2.133188, 'train_correct': 3.0, 'train_f1': 0.244444, 'train_loss': 23.465073, 'train_acc': 0.272727, 'train_total': 11}}[0m
[38;5;39m2023-02-24 23:04:02,799 (client:306) INFO: {'Role': 'Client #1', 'Round': 3, 'Results_raw': {'train_avg_loss': 2.074912, 'train_correct': 6.0, 'train_f1': 0.22924, 'train_loss': 58.097523, 'train_acc': 0.214286, 'train_total': 28}}[0m
[38;5;39m2023-02-24 23:04:04,057 (client:306) INFO: {'Role': 'Client #10', 'Round': 3, 'Results_raw': {'train_avg_loss': 0.370914, 'train_correct': 104.0, 'train_f1': 0.412995, 'train_loss': 42.655132, 'train_acc': 0.904348, 'train_total': 115}}[0m
[38;5;39m2023-02-24 23:04:04,277 (client:306) INFO: {'Role': 'Client #4', 'Round': 3, 'Results_raw': {'train_avg_loss': 1.040458, 'train_correct': 11.0, 'train_f1': 0.339744, 'train_loss': 18.728245, 'train_acc': 0.611111, 'train_total': 18}}[0m
[38;5;39m2023-02-24 23:04:05,060 (client:306) INFO: {'Role': 'Client #6', 'Round': 3, 'Results_raw': {'train_avg_loss': 1.31757, 'train_correct': 30.0, 'train_f1': 0.408442, 'train_loss': 80.371747, 'train_acc': 0.491803, 'train_total': 61}}[0m
[38;5;39m2023-02-24 23:04:05,676 (client:306) INFO: {'Role': 'Client #8', 'Round': 3, 'Results_raw': {'train_avg_loss': 0.886469, 'train_correct': 44.0, 'train_f1': 0.434722, 'train_loss': 54.074631, 'train_acc': 0.721311, 'train_total': 61}}[0m
[38;5;39m2023-02-24 23:04:06,285 (client:306) INFO: {'Role': 'Client #9', 'Round': 3, 'Results_raw': {'train_avg_loss': 0.256064, 'train_correct': 55.0, 'train_f1': 0.673214, 'train_loss': 15.619904, 'train_acc': 0.901639, 'train_total': 61}}[0m
[38;5;39m2023-02-24 23:04:07,688 (client:306) INFO: {'Role': 'Client #5', 'Round': 3, 'Results_raw': {'train_avg_loss': 0.571802, 'train_correct': 100.0, 'train_f1': 0.665561, 'train_loss': 78.908736, 'train_acc': 0.724638, 'train_total': 138}}[0m
[38;5;39m2023-02-24 23:04:09,914 (client:306) INFO: {'Role': 'Client #2', 'Round': 3, 'Results_raw': {'train_avg_loss': 0.451302, 'train_correct': 176.0, 'train_f1': 0.397828, 'train_loss': 91.16301, 'train_acc': 0.871287, 'train_total': 202}}[0m
[38;5;39m2023-02-24 23:04:09,917 (server:590) INFO: {'Role': 'Server #', 'Round': 2, 'Results_weighted_avg': {'test_avg_loss': 2.948368, 'test_correct': 12.9, 'test_f1': 0.392677, 'test_loss': 109.159867, 'test_acc': 0.586364, 'test_total': 22.0}, 'Results_avg': {'test_avg_loss': 2.544782, 'test_correct': 12.9, 'test_f1': 0.513456, 'test_loss': 64.864103, 'test_acc': 0.640164, 'test_total': 22.0}, 'Results_fairness': {'test_correct': 12.9, 'test_total': 22.0, 'test_avg_loss_std': 1.07709, 'test_avg_loss_bottom_decile': 1.181003, 'test_avg_loss_top_decile': 3.813471, 'test_avg_loss_min': 0.638582, 'test_avg_loss_max': 3.813471, 'test_avg_loss_bottom10%': 0.638582, 'test_avg_loss_top10%': 3.813471, 'test_avg_loss_cos1': 0.920909, 'test_avg_loss_entropy': 2.199661, 'test_f1_std': 0.221239, 'test_f1_bottom_decile': 0.355556, 'test_f1_top_decile': 1.0, 'test_f1_min': 0.180791, 'test_f1_max': 1.0, 'test_f1_bottom10%': 0.180791, 'test_f1_top10%': 1.0, 'test_f1_cos1': 0.918375, 'test_f1_entropy': 2.213392, 'test_loss_std': 56.984735, 'test_loss_bottom_decile': 8.201531, 'test_loss_top_decile': 161.350528, 'test_loss_min': 0.638582, 'test_loss_max': 161.350528, 'test_loss_bottom10%': 0.638582, 'test_loss_top10%': 161.350528, 'test_loss_cos1': 0.751263, 'test_loss_entropy': 1.877887, 'test_acc_std': 0.186867, 'test_acc_bottom_decile': 0.4, 'test_acc_top_decile': 1.0, 'test_acc_min': 0.340426, 'test_acc_max': 1.0, 'test_acc_bottom10%': 0.340426, 'test_acc_top10%': 1.0, 'test_acc_cos1': 0.959939, 'test_acc_entropy': 2.25948}}[0m
[38;5;39m2023-02-24 23:04:09,921 (monitor:541) INFO: {'Role': 'Server #', 'Round': 3, 'Results_model_metric': {}}[0m
[38;5;39m2023-02-24 23:04:09,944 (server:330) INFO: Server: Starting evaluation at the end of round 3.[0m
[38;5;39m2023-02-24 23:04:09,945 (server:336) INFO: ----------- Starting a new training round (Round #4) -------------[0m
[33;20m2023-02-24 23:04:10,046 (context:294) WARNING: No val_data or val_loader in the trainer, will skip evaluation.If this is not the case you want, please check whether there is typo for the name[0m
[33;20m2023-02-24 23:04:10,096 (context:294) WARNING: No val_data or val_loader in the trainer, will skip evaluation.If this is not the case you want, please check whether there is typo for the name[0m
[33;20m2023-02-24 23:04:10,309 (context:294) WARNING: No val_data or val_loader in the trainer, will skip evaluation.If this is not the case you want, please check whether there is typo for the name[0m
[33;20m2023-02-24 23:04:10,526 (context:294) WARNING: No val_data or val_loader in the trainer, will skip evaluation.If this is not the case you want, please check whether there is typo for the name[0m
[33;20m2023-02-24 23:04:10,963 (context:294) WARNING: No val_data or val_loader in the trainer, will skip evaluation.If this is not the case you want, please check whether there is typo for the name[0m
[33;20m2023-02-24 23:04:11,431 (context:294) WARNING: No val_data or val_loader in the trainer, will skip evaluation.If this is not the case you want, please check whether there is typo for the name[0m
[33;20m2023-02-24 23:04:11,814 (context:294) WARNING: No val_data or val_loader in the trainer, will skip evaluation.If this is not the case you want, please check whether there is typo for the name[0m
[33;20m2023-02-24 23:04:11,877 (context:294) WARNING: No val_data or val_loader in the trainer, will skip evaluation.If this is not the case you want, please check whether there is typo for the name[0m
[33;20m2023-02-24 23:04:11,899 (context:294) WARNING: No val_data or val_loader in the trainer, will skip evaluation.If this is not the case you want, please check whether there is typo for the name[0m
[33;20m2023-02-24 23:04:11,964 (context:294) WARNING: No val_data or val_loader in the trainer, will skip evaluation.If this is not the case you want, please check whether there is typo for the name[0m
[38;5;39m2023-02-24 23:04:13,139 (client:306) INFO: {'Role': 'Client #10', 'Round': 4, 'Results_raw': {'train_avg_loss': 0.39621, 'train_correct': 102.0, 'train_f1': 0.430443, 'train_loss': 45.564144, 'train_acc': 0.886957, 'train_total': 115}}[0m
[38;5;39m2023-02-24 23:04:13,787 (client:306) INFO: {'Role': 'Client #8', 'Round': 4, 'Results_raw': {'train_avg_loss': 0.825913, 'train_correct': 40.0, 'train_f1': 0.405268, 'train_loss': 50.380691, 'train_acc': 0.655738, 'train_total': 61}}[0m
[38;5;39m2023-02-24 23:04:15,498 (client:306) INFO: {'Role': 'Client #5', 'Round': 4, 'Results_raw': {'train_avg_loss': 0.542691, 'train_correct': 107.0, 'train_f1': 0.716219, 'train_loss': 74.891301, 'train_acc': 0.775362, 'train_total': 138}}[0m
[38;5;39m2023-02-24 23:04:15,689 (client:306) INFO: {'Role': 'Client #7', 'Round': 4, 'Results_raw': {'train_avg_loss': 1.810422, 'train_correct': 3.0, 'train_f1': 0.254545, 'train_loss': 19.914644, 'train_acc': 0.272727, 'train_total': 11}}[0m
[38;5;39m2023-02-24 23:04:17,665 (client:306) INFO: {'Role': 'Client #3', 'Round': 4, 'Results_raw': {'train_avg_loss': 0.475643, 'train_correct': 154.0, 'train_f1': 0.3909, 'train_loss': 86.566996, 'train_acc': 0.846154, 'train_total': 182}}[0m
[38;5;39m2023-02-24 23:04:17,979 (client:306) INFO: {'Role': 'Client #1', 'Round': 4, 'Results_raw': {'train_avg_loss': 1.717439, 'train_correct': 7.0, 'train_f1': 0.269182, 'train_loss': 48.08829, 'train_acc': 0.25, 'train_total': 28}}[0m
[38;5;39m2023-02-24 23:04:18,173 (client:306) INFO: {'Role': 'Client #4', 'Round': 4, 'Results_raw': {'train_avg_loss': 0.790749, 'train_correct': 12.0, 'train_f1': 0.366843, 'train_loss': 14.233477, 'train_acc': 0.666667, 'train_total': 18}}[0m
[38;5;39m2023-02-24 23:04:20,381 (client:306) INFO: {'Role': 'Client #2', 'Round': 4, 'Results_raw': {'train_avg_loss': 0.475031, 'train_correct': 181.0, 'train_f1': 0.432413, 'train_loss': 95.956289, 'train_acc': 0.89604, 'train_total': 202}}[0m
[38;5;39m2023-02-24 23:04:20,923 (client:306) INFO: {'Role': 'Client #6', 'Round': 4, 'Results_raw': {'train_avg_loss': 1.024272, 'train_correct': 32.0, 'train_f1': 0.441245, 'train_loss': 62.48058, 'train_acc': 0.52459, 'train_total': 61}}[0m
[38;5;39m2023-02-24 23:04:21,585 (client:306) INFO: {'Role': 'Client #9', 'Round': 4, 'Results_raw': {'train_avg_loss': 0.313515, 'train_correct': 56.0, 'train_f1': 0.621118, 'train_loss': 19.124389, 'train_acc': 0.918033, 'train_total': 61}}[0m
[38;5;39m2023-02-24 23:04:21,590 (server:590) INFO: {'Role': 'Server #', 'Round': 3, 'Results_weighted_avg': {'test_avg_loss': 2.47815, 'test_correct': 11.0, 'test_f1': 0.309225, 'test_loss': 90.732738, 'test_acc': 0.5, 'test_total': 22.0}, 'Results_avg': {'test_avg_loss': 2.174685, 'test_correct': 11.0, 'test_f1': 0.43651, 'test_loss': 54.519294, 'test_acc': 0.566566, 'test_total': 22.0}, 'Results_fairness': {'test_correct': 11.0, 'test_total': 22.0, 'test_avg_loss_std': 1.127869, 'test_avg_loss_bottom_decile': 0.676062, 'test_avg_loss_top_decile': 3.721771, 'test_avg_loss_min': 0.410779, 'test_avg_loss_max': 3.721771, 'test_avg_loss_bottom10%': 0.410779, 'test_avg_loss_top10%': 3.721771, 'test_avg_loss_cos1': 0.887712, 'test_avg_loss_entropy': 2.147612, 'test_f1_std': 0.257401, 'test_f1_bottom_decile': 0.18359, 'test_f1_top_decile': 1.0, 'test_f1_min': 0.172414, 'test_f1_max': 1.0, 'test_f1_bottom10%': 0.172414, 'test_f1_top10%': 1.0, 'test_f1_cos1': 0.86139, 'test_f1_entropy': 2.143224, 'test_loss_std': 48.403938, 'test_loss_bottom_decile': 4.732436, 'test_loss_top_decile': 131.883037, 'test_loss_min': 0.410779, 'test_loss_max': 131.883037, 'test_loss_bottom10%': 0.410779, 'test_loss_top10%': 131.883037, 'test_loss_cos1': 0.747802, 'test_loss_entropy': 1.86375, 'test_acc_std': 0.232104, 'test_acc_bottom_decile': 0.285714, 'test_acc_top_decile': 1.0, 'test_acc_min': 0.259259, 'test_acc_max': 1.0, 'test_acc_bottom10%': 0.259259, 'test_acc_top10%': 1.0, 'test_acc_cos1': 0.92536, 'test_acc_entropy': 2.217645}}[0m
[38;5;39m2023-02-24 23:04:21,594 (monitor:541) INFO: {'Role': 'Server #', 'Round': 4, 'Results_model_metric': {}}[0m
[38;5;39m2023-02-24 23:04:21,631 (server:330) INFO: Server: Starting evaluation at the end of round 4.[0m
[38;5;39m2023-02-24 23:04:21,632 (server:336) INFO: ----------- Starting a new training round (Round #5) -------------[0m
[33;20m2023-02-24 23:04:21,732 (context:294) WARNING: No val_data or val_loader in the trainer, will skip evaluation.If this is not the case you want, please check whether there is typo for the name[0m
[33;20m2023-02-24 23:04:21,783 (context:294) WARNING: No val_data or val_loader in the trainer, will skip evaluation.If this is not the case you want, please check whether there is typo for the name[0m
[33;20m2023-02-24 23:04:22,062 (context:294) WARNING: No val_data or val_loader in the trainer, will skip evaluation.If this is not the case you want, please check whether there is typo for the name[0m
[33;20m2023-02-24 23:04:22,322 (context:294) WARNING: No val_data or val_loader in the trainer, will skip evaluation.If this is not the case you want, please check whether there is typo for the name[0m
[33;20m2023-02-24 23:04:22,755 (context:294) WARNING: No val_data or val_loader in the trainer, will skip evaluation.If this is not the case you want, please check whether there is typo for the name[0m
[33;20m2023-02-24 23:04:23,175 (context:294) WARNING: No val_data or val_loader in the trainer, will skip evaluation.If this is not the case you want, please check whether there is typo for the name[0m
[33;20m2023-02-24 23:04:23,454 (context:294) WARNING: No val_data or val_loader in the trainer, will skip evaluation.If this is not the case you want, please check whether there is typo for the name[0m
[33;20m2023-02-24 23:04:23,519 (context:294) WARNING: No val_data or val_loader in the trainer, will skip evaluation.If this is not the case you want, please check whether there is typo for the name[0m
[33;20m2023-02-24 23:04:23,540 (context:294) WARNING: No val_data or val_loader in the trainer, will skip evaluation.If this is not the case you want, please check whether there is typo for the name[0m
[33;20m2023-02-24 23:04:23,606 (context:294) WARNING: No val_data or val_loader in the trainer, will skip evaluation.If this is not the case you want, please check whether there is typo for the name[0m
[38;5;39m2023-02-24 23:04:23,805 (client:306) INFO: {'Role': 'Client #4', 'Round': 5, 'Results_raw': {'train_avg_loss': 1.079021, 'train_correct': 9.0, 'train_f1': 0.287407, 'train_loss': 19.422383, 'train_acc': 0.5, 'train_total': 18}}[0m
[38;5;39m2023-02-24 23:04:24,386 (client:306) INFO: {'Role': 'Client #9', 'Round': 5, 'Results_raw': {'train_avg_loss': 0.346502, 'train_correct': 53.0, 'train_f1': 0.564286, 'train_loss': 21.136607, 'train_acc': 0.868852, 'train_total': 61}}[0m
[38;5;39m2023-02-24 23:04:25,034 (client:306) INFO: {'Role': 'Client #8', 'Round': 5, 'Results_raw': {'train_avg_loss': 0.739847, 'train_correct': 42.0, 'train_f1': 0.369591, 'train_loss': 45.130653, 'train_acc': 0.688525, 'train_total': 61}}[0m
[38;5;39m2023-02-24 23:04:27,065 (client:306) INFO: {'Role': 'Client #2', 'Round': 5, 'Results_raw': {'train_avg_loss': 0.383715, 'train_correct': 180.0, 'train_f1': 0.436624, 'train_loss': 77.510483, 'train_acc': 0.891089, 'train_total': 202}}[0m
[38;5;39m2023-02-24 23:04:28,482 (client:306) INFO: {'Role': 'Client #5', 'Round': 5, 'Results_raw': {'train_avg_loss': 0.477477, 'train_correct': 111.0, 'train_f1': 0.73913, 'train_loss': 65.891792, 'train_acc': 0.804348, 'train_total': 138}}[0m
[38;5;39m2023-02-24 23:04:28,815 (client:306) INFO: {'Role': 'Client #1', 'Round': 5, 'Results_raw': {'train_avg_loss': 1.711478, 'train_correct': 8.0, 'train_f1': 0.273939, 'train_loss': 47.921387, 'train_acc': 0.285714, 'train_total': 28}}[0m
[38;5;39m2023-02-24 23:04:28,964 (client:306) INFO: {'Role': 'Client #7', 'Round': 5, 'Results_raw': {'train_avg_loss': 1.80563, 'train_correct': 3.0, 'train_f1': 0.25, 'train_loss': 19.861928, 'train_acc': 0.272727, 'train_total': 11}}[0m
[38;5;39m2023-02-24 23:04:30,894 (client:306) INFO: {'Role': 'Client #3', 'Round': 5, 'Results_raw': {'train_avg_loss': 0.398742, 'train_correct': 154.0, 'train_f1': 0.353048, 'train_loss': 72.570985, 'train_acc': 0.846154, 'train_total': 182}}[0m
[38;5;39m2023-02-24 23:04:31,610 (client:306) INFO: {'Role': 'Client #6', 'Round': 5, 'Results_raw': {'train_avg_loss': 1.077978, 'train_correct': 33.0, 'train_f1': 0.376735, 'train_loss': 65.756629, 'train_acc': 0.540984, 'train_total': 61}}[0m
[38;5;39m2023-02-24 23:04:32,661 (client:306) INFO: {'Role': 'Client #10', 'Round': 5, 'Results_raw': {'train_avg_loss': 0.355388, 'train_correct': 103.0, 'train_f1': 0.40988, 'train_loss': 40.869644, 'train_acc': 0.895652, 'train_total': 115}}[0m
[38;5;39m2023-02-24 23:04:32,664 (server:590) INFO: {'Role': 'Server #', 'Round': 4, 'Results_weighted_avg': {'test_avg_loss': 2.02014, 'test_correct': 15.6, 'test_f1': 0.402306, 'test_loss': 70.848695, 'test_acc': 0.709091, 'test_total': 22.0}, 'Results_avg': {'test_avg_loss': 1.872365, 'test_correct': 15.6, 'test_f1': 0.531594, 'test_loss': 44.443083, 'test_acc': 0.736856, 'test_total': 22.0}, 'Results_fairness': {'test_correct': 15.6, 'test_total': 22.0, 'test_avg_loss_std': 1.084409, 'test_avg_loss_bottom_decile': 0.386267, 'test_avg_loss_top_decile': 3.597564, 'test_avg_loss_min': 0.208803, 'test_avg_loss_max': 3.597564, 'test_avg_loss_bottom10%': 0.208803, 'test_avg_loss_top10%': 3.597564, 'test_avg_loss_cos1': 0.865345, 'test_avg_loss_entropy': 2.107992, 'test_f1_std': 0.270362, 'test_f1_bottom_decile': 0.318182, 'test_f1_top_decile': 1.0, 'test_f1_min': 0.291667, 'test_f1_max': 1.0, 'test_f1_bottom10%': 0.291667, 'test_f1_top10%': 1.0, 'test_f1_cos1': 0.891345, 'test_f1_entropy': 2.184554, 'test_loss_std': 37.35199, 'test_loss_bottom_decile': 2.703872, 'test_loss_top_decile': 97.533073, 'test_loss_min': 0.208803, 'test_loss_max': 97.533073, 'test_loss_bottom10%': 0.208803, 'test_loss_top10%': 97.533073, 'test_loss_cos1': 0.765537, 'test_loss_entropy': 1.895825, 'test_acc_std': 0.20197, 'test_acc_bottom_decile': 0.481481, 'test_acc_top_decile': 1.0, 'test_acc_min': 0.4, 'test_acc_max': 1.0, 'test_acc_bottom10%': 0.4, 'test_acc_top10%': 1.0, 'test_acc_cos1': 0.964428, 'test_acc_entropy': 2.263036}}[0m
[38;5;39m2023-02-24 23:04:32,667 (monitor:541) INFO: {'Role': 'Server #', 'Round': 5, 'Results_model_metric': {}}[0m
[38;5;39m2023-02-24 23:04:32,692 (server:330) INFO: Server: Starting evaluation at the end of round 5.[0m
[38;5;39m2023-02-24 23:04:32,693 (server:336) INFO: ----------- Starting a new training round (Round #6) -------------[0m
[33;20m2023-02-24 23:04:32,795 (context:294) WARNING: No val_data or val_loader in the trainer, will skip evaluation.If this is not the case you want, please check whether there is typo for the name[0m
[33;20m2023-02-24 23:04:32,847 (context:294) WARNING: No val_data or val_loader in the trainer, will skip evaluation.If this is not the case you want, please check whether there is typo for the name[0m
[33;20m2023-02-24 23:04:33,122 (context:294) WARNING: No val_data or val_loader in the trainer, will skip evaluation.If this is not the case you want, please check whether there is typo for the name[0m
[33;20m2023-02-24 23:04:33,384 (context:294) WARNING: No val_data or val_loader in the trainer, will skip evaluation.If this is not the case you want, please check whether there is typo for the name[0m
[33;20m2023-02-24 23:04:33,755 (context:294) WARNING: No val_data or val_loader in the trainer, will skip evaluation.If this is not the case you want, please check whether there is typo for the name[0m
[33;20m2023-02-24 23:04:34,317 (context:294) WARNING: No val_data or val_loader in the trainer, will skip evaluation.If this is not the case you want, please check whether there is typo for the name[0m
[33;20m2023-02-24 23:04:34,605 (context:294) WARNING: No val_data or val_loader in the trainer, will skip evaluation.If this is not the case you want, please check whether there is typo for the name[0m
[33;20m2023-02-24 23:04:34,697 (context:294) WARNING: No val_data or val_loader in the trainer, will skip evaluation.If this is not the case you want, please check whether there is typo for the name[0m
[33;20m2023-02-24 23:04:34,739 (context:294) WARNING: No val_data or val_loader in the trainer, will skip evaluation.If this is not the case you want, please check whether there is typo for the name[0m
[33;20m2023-02-24 23:04:34,817 (context:294) WARNING: No val_data or val_loader in the trainer, will skip evaluation.If this is not the case you want, please check whether there is typo for the name[0m
[38;5;39m2023-02-24 23:04:36,364 (client:306) INFO: {'Role': 'Client #5', 'Round': 6, 'Results_raw': {'train_avg_loss': 0.546716, 'train_correct': 100.0, 'train_f1': 0.683027, 'train_loss': 75.446875, 'train_acc': 0.724638, 'train_total': 138}}[0m
[38;5;39m2023-02-24 23:04:37,782 (client:306) INFO: {'Role': 'Client #10', 'Round': 6, 'Results_raw': {'train_avg_loss': 0.316692, 'train_correct': 102.0, 'train_f1': 0.36446, 'train_loss': 36.419628, 'train_acc': 0.886957, 'train_total': 115}}[0m
[38;5;39m2023-02-24 23:04:38,405 (client:306) INFO: {'Role': 'Client #8', 'Round': 6, 'Results_raw': {'train_avg_loss': 0.727894, 'train_correct': 42.0, 'train_f1': 0.379603, 'train_loss': 44.401513, 'train_acc': 0.688525, 'train_total': 61}}[0m
[38;5;39m2023-02-24 23:04:38,953 (client:306) INFO: {'Role': 'Client #9', 'Round': 6, 'Results_raw': {'train_avg_loss': 0.341362, 'train_correct': 51.0, 'train_f1': 0.537879, 'train_loss': 20.823058, 'train_acc': 0.836066, 'train_total': 61}}[0m
[38;5;39m2023-02-24 23:04:40,933 (client:306) INFO: {'Role': 'Client #2', 'Round': 6, 'Results_raw': {'train_avg_loss': 0.435873, 'train_correct': 177.0, 'train_f1': 0.426814, 'train_loss': 88.04625, 'train_acc': 0.876238, 'train_total': 202}}[0m
[38;5;39m2023-02-24 23:04:41,096 (client:306) INFO: {'Role': 'Client #4', 'Round': 6, 'Results_raw': {'train_avg_loss': 0.993573, 'train_correct': 11.0, 'train_f1': 0.340741, 'train_loss': 17.884316, 'train_acc': 0.611111, 'train_total': 18}}[0m
[38;5;39m2023-02-24 23:04:41,389 (client:306) INFO: {'Role': 'Client #1', 'Round': 6, 'Results_raw': {'train_avg_loss': 1.499655, 'train_correct': 10.0, 'train_f1': 0.361823, 'train_loss': 41.990333, 'train_acc': 0.357143, 'train_total': 28}}[0m
[38;5;39m2023-02-24 23:04:43,469 (client:306) INFO: {'Role': 'Client #3', 'Round': 6, 'Results_raw': {'train_avg_loss': 0.371717, 'train_correct': 159.0, 'train_f1': 0.476264, 'train_loss': 67.652474, 'train_acc': 0.873626, 'train_total': 182}}[0m
[38;5;39m2023-02-24 23:04:43,692 (client:306) INFO: {'Role': 'Client #7', 'Round': 6, 'Results_raw': {'train_avg_loss': 1.676587, 'train_correct': 4.0, 'train_f1': 0.338624, 'train_loss': 18.442456, 'train_acc': 0.363636, 'train_total': 11}}[0m
[38;5;39m2023-02-24 23:04:44,200 (client:306) INFO: {'Role': 'Client #6', 'Round': 6, 'Results_raw': {'train_avg_loss': 0.866507, 'train_correct': 37.0, 'train_f1': 0.525397, 'train_loss': 52.856923, 'train_acc': 0.606557, 'train_total': 61}}[0m
[38;5;39m2023-02-24 23:04:44,203 (server:590) INFO: {'Role': 'Server #', 'Round': 5, 'Results_weighted_avg': {'test_avg_loss': 1.655014, 'test_correct': 16.2, 'test_f1': 0.449642, 'test_loss': 55.196535, 'test_acc': 0.736364, 'test_total': 22.0}, 'Results_avg': {'test_avg_loss': 1.627672, 'test_correct': 16.2, 'test_f1': 0.583852, 'test_loss': 36.410311, 'test_acc': 0.760955, 'test_total': 22.0}, 'Results_fairness': {'test_correct': 16.2, 'test_total': 22.0, 'test_avg_loss_std': 1.045552, 'test_avg_loss_bottom_decile': 0.313756, 'test_avg_loss_top_decile': 3.4921, 'test_avg_loss_min': 0.168267, 'test_avg_loss_max': 3.4921, 'test_avg_loss_bottom10%': 0.168267, 'test_avg_loss_top10%': 3.4921, 'test_avg_loss_cos1': 0.841369, 'test_avg_loss_entropy': 2.077809, 'test_f1_std': 0.253291, 'test_f1_bottom_decile': 0.355556, 'test_f1_top_decile': 1.0, 'test_f1_min': 0.318182, 'test_f1_max': 1.0, 'test_f1_bottom10%': 0.318182, 'test_f1_top10%': 1.0, 'test_f1_cos1': 0.91739, 'test_f1_entropy': 2.2125, 'test_loss_std': 30.094755, 'test_loss_bottom_decile': 2.196291, 'test_loss_top_decile': 94.28671, 'test_loss_min': 0.168267, 'test_loss_max': 94.28671, 'test_loss_bottom10%': 0.168267, 'test_loss_top10%': 94.28671, 'test_loss_cos1': 0.770788, 'test_loss_entropy': 1.916133, 'test_acc_std': 0.193113, 'test_acc_bottom_decile': 0.518519, 'test_acc_top_decile': 1.0, 'test_acc_min': 0.4, 'test_acc_max': 1.0, 'test_acc_bottom10%': 0.4, 'test_acc_top10%': 1.0, 'test_acc_cos1': 0.969275, 'test_acc_entropy': 2.268085}}[0m
[38;5;39m2023-02-24 23:04:44,206 (monitor:541) INFO: {'Role': 'Server #', 'Round': 6, 'Results_model_metric': {}}[0m
[38;5;39m2023-02-24 23:04:44,229 (server:330) INFO: Server: Starting evaluation at the end of round 6.[0m
[38;5;39m2023-02-24 23:04:44,230 (server:336) INFO: ----------- Starting a new training round (Round #7) -------------[0m
[33;20m2023-02-24 23:04:44,330 (context:294) WARNING: No val_data or val_loader in the trainer, will skip evaluation.If this is not the case you want, please check whether there is typo for the name[0m
[33;20m2023-02-24 23:04:44,382 (context:294) WARNING: No val_data or val_loader in the trainer, will skip evaluation.If this is not the case you want, please check whether there is typo for the name[0m
[33;20m2023-02-24 23:04:44,593 (context:294) WARNING: No val_data or val_loader in the trainer, will skip evaluation.If this is not the case you want, please check whether there is typo for the name[0m
[33;20m2023-02-24 23:04:44,813 (context:294) WARNING: No val_data or val_loader in the trainer, will skip evaluation.If this is not the case you want, please check whether there is typo for the name[0m
[33;20m2023-02-24 23:04:45,273 (context:294) WARNING: No val_data or val_loader in the trainer, will skip evaluation.If this is not the case you want, please check whether there is typo for the name[0m
[33;20m2023-02-24 23:04:45,737 (context:294) WARNING: No val_data or val_loader in the trainer, will skip evaluation.If this is not the case you want, please check whether there is typo for the name[0m
[33;20m2023-02-24 23:04:46,164 (context:294) WARNING: No val_data or val_loader in the trainer, will skip evaluation.If this is not the case you want, please check whether there is typo for the name[0m
[33;20m2023-02-24 23:04:46,227 (context:294) WARNING: No val_data or val_loader in the trainer, will skip evaluation.If this is not the case you want, please check whether there is typo for the name[0m
[33;20m2023-02-24 23:04:46,248 (context:294) WARNING: No val_data or val_loader in the trainer, will skip evaluation.If this is not the case you want, please check whether there is typo for the name[0m
[33;20m2023-02-24 23:04:46,313 (context:294) WARNING: No val_data or val_loader in the trainer, will skip evaluation.If this is not the case you want, please check whether there is typo for the name[0m
[38;5;39m2023-02-24 23:04:46,421 (client:306) INFO: {'Role': 'Client #7', 'Round': 7, 'Results_raw': {'train_avg_loss': 1.756852, 'train_correct': 4.0, 'train_f1': 0.355556, 'train_loss': 19.325376, 'train_acc': 0.363636, 'train_total': 11}}[0m
[38;5;39m2023-02-24 23:04:47,120 (client:306) INFO: {'Role': 'Client #9', 'Round': 7, 'Results_raw': {'train_avg_loss': 0.203373, 'train_correct': 59.0, 'train_f1': 0.824713, 'train_loss': 12.405766, 'train_acc': 0.967213, 'train_total': 61}}[0m
[38;5;39m2023-02-24 23:04:49,036 (client:306) INFO: {'Role': 'Client #3', 'Round': 7, 'Results_raw': {'train_avg_loss': 0.365277, 'train_correct': 161.0, 'train_f1': 0.504509, 'train_loss': 66.480431, 'train_acc': 0.884615, 'train_total': 182}}[0m
[38;5;39m2023-02-24 23:04:50,926 (client:306) INFO: {'Role': 'Client #2', 'Round': 7, 'Results_raw': {'train_avg_loss': 0.396653, 'train_correct': 180.0, 'train_f1': 0.411592, 'train_loss': 80.123885, 'train_acc': 0.891089, 'train_total': 202}}[0m
[38;5;39m2023-02-24 23:04:52,374 (client:306) INFO: {'Role': 'Client #5', 'Round': 7, 'Results_raw': {'train_avg_loss': 0.471634, 'train_correct': 109.0, 'train_f1': 0.738824, 'train_loss': 65.085445, 'train_acc': 0.789855, 'train_total': 138}}[0m
[38;5;39m2023-02-24 23:04:53,051 (client:306) INFO: {'Role': 'Client #6', 'Round': 7, 'Results_raw': {'train_avg_loss': 1.110283, 'train_correct': 24.0, 'train_f1': 0.289799, 'train_loss': 67.727279, 'train_acc': 0.393443, 'train_total': 61}}[0m
[38;5;39m2023-02-24 23:04:53,335 (client:306) INFO: {'Role': 'Client #1', 'Round': 7, 'Results_raw': {'train_avg_loss': 1.516552, 'train_correct': 11.0, 'train_f1': 0.392688, 'train_loss': 42.463455, 'train_acc': 0.392857, 'train_total': 28}}[0m
[38;5;39m2023-02-24 23:04:53,581 (client:306) INFO: {'Role': 'Client #4', 'Round': 7, 'Results_raw': {'train_avg_loss': 0.798665, 'train_correct': 12.0, 'train_f1': 0.366843, 'train_loss': 14.375971, 'train_acc': 0.666667, 'train_total': 18}}[0m
[38;5;39m2023-02-24 23:04:54,793 (client:306) INFO: {'Role': 'Client #10', 'Round': 7, 'Results_raw': {'train_avg_loss': 0.324769, 'train_correct': 101.0, 'train_f1': 0.357433, 'train_loss': 37.348419, 'train_acc': 0.878261, 'train_total': 115}}[0m
[38;5;39m2023-02-24 23:04:55,455 (client:306) INFO: {'Role': 'Client #8', 'Round': 7, 'Results_raw': {'train_avg_loss': 0.827494, 'train_correct': 42.0, 'train_f1': 0.379141, 'train_loss': 50.477163, 'train_acc': 0.688525, 'train_total': 61}}[0m
[38;5;39m2023-02-24 23:04:55,468 (server:590) INFO: {'Role': 'Server #', 'Round': 6, 'Results_weighted_avg': {'test_avg_loss': 1.38728, 'test_correct': 16.5, 'test_f1': 0.48688, 'test_loss': 44.290886, 'test_acc': 0.75, 'test_total': 22.0}, 'Results_avg': {'test_avg_loss': 1.450426, 'test_correct': 16.5, 'test_f1': 0.618441, 'test_loss': 30.520164, 'test_acc': 0.777779, 'test_total': 22.0}, 'Results_fairness': {'test_correct': 16.5, 'test_total': 22.0, 'test_avg_loss_std': 0.979126, 'test_avg_loss_bottom_decile': 0.406764, 'test_avg_loss_top_decile': 3.390633, 'test_avg_loss_min': 0.25578, 'test_avg_loss_max': 3.390633, 'test_avg_loss_bottom10%': 0.25578, 'test_avg_loss_top10%': 3.390633, 'test_avg_loss_cos1': 0.828825, 'test_avg_loss_entropy': 2.076454, 'test_f1_std': 0.23383, 'test_f1_bottom_decile': 0.395109, 'test_f1_top_decile': 1.0, 'test_f1_min': 0.305221, 'test_f1_max': 1.0, 'test_f1_bottom10%': 0.305221, 'test_f1_top10%': 1.0, 'test_f1_cos1': 0.935374, 'test_f1_entropy': 2.232719, 'test_loss_std': 26.327987, 'test_loss_bottom_decile': 2.847347, 'test_loss_top_decile': 91.547085, 'test_loss_min': 0.25578, 'test_loss_max': 91.547085, 'test_loss_bottom10%': 0.25578, 'test_loss_top10%': 91.547085, 'test_loss_cos1': 0.757195, 'test_loss_entropy': 1.918882, 'test_acc_std': 0.137556, 'test_acc_bottom_decile': 0.62963, 'test_acc_top_decile': 1.0, 'test_acc_min': 0.6, 'test_acc_max': 1.0, 'test_acc_bottom10%': 0.6, 'test_acc_top10%': 1.0, 'test_acc_cos1': 0.984718, 'test_acc_entropy': 2.287153}}[0m
[38;5;39m2023-02-24 23:04:55,472 (monitor:541) INFO: {'Role': 'Server #', 'Round': 7, 'Results_model_metric': {}}[0m
[38;5;39m2023-02-24 23:04:55,507 (server:330) INFO: Server: Starting evaluation at the end of round 7.[0m
[38;5;39m2023-02-24 23:04:55,508 (server:336) INFO: ----------- Starting a new training round (Round #8) -------------[0m
[33;20m2023-02-24 23:04:55,606 (context:294) WARNING: No val_data or val_loader in the trainer, will skip evaluation.If this is not the case you want, please check whether there is typo for the name[0m
[33;20m2023-02-24 23:04:55,656 (context:294) WARNING: No val_data or val_loader in the trainer, will skip evaluation.If this is not the case you want, please check whether there is typo for the name[0m
[33;20m2023-02-24 23:04:55,952 (context:294) WARNING: No val_data or val_loader in the trainer, will skip evaluation.If this is not the case you want, please check whether there is typo for the name[0m
[33;20m2023-02-24 23:04:56,240 (context:294) WARNING: No val_data or val_loader in the trainer, will skip evaluation.If this is not the case you want, please check whether there is typo for the name[0m
[33;20m2023-02-24 23:04:56,722 (context:294) WARNING: No val_data or val_loader in the trainer, will skip evaluation.If this is not the case you want, please check whether there is typo for the name[0m
[33;20m2023-02-24 23:04:57,559 (context:294) WARNING: No val_data or val_loader in the trainer, will skip evaluation.If this is not the case you want, please check whether there is typo for the name[0m
[33;20m2023-02-24 23:04:57,945 (context:294) WARNING: No val_data or val_loader in the trainer, will skip evaluation.If this is not the case you want, please check whether there is typo for the name[0m
[33;20m2023-02-24 23:04:58,021 (context:294) WARNING: No val_data or val_loader in the trainer, will skip evaluation.If this is not the case you want, please check whether there is typo for the name[0m
[33;20m2023-02-24 23:04:58,041 (context:294) WARNING: No val_data or val_loader in the trainer, will skip evaluation.If this is not the case you want, please check whether there is typo for the name[0m
[33;20m2023-02-24 23:04:58,106 (context:294) WARNING: No val_data or val_loader in the trainer, will skip evaluation.If this is not the case you want, please check whether there is typo for the name[0m
[38;5;39m2023-02-24 23:04:59,538 (client:306) INFO: {'Role': 'Client #5', 'Round': 8, 'Results_raw': {'train_avg_loss': 0.38913, 'train_correct': 115.0, 'train_f1': 0.796055, 'train_loss': 53.69989, 'train_acc': 0.833333, 'train_total': 138}}[0m
[38;5;39m2023-02-24 23:04:59,861 (client:306) INFO: {'Role': 'Client #4', 'Round': 8, 'Results_raw': {'train_avg_loss': 0.885317, 'train_correct': 11.0, 'train_f1': 0.339744, 'train_loss': 15.935707, 'train_acc': 0.611111, 'train_total': 18}}[0m
[38;5;39m2023-02-24 23:05:00,445 (client:306) INFO: {'Role': 'Client #6', 'Round': 8, 'Results_raw': {'train_avg_loss': 0.88344, 'train_correct': 37.0, 'train_f1': 0.497634, 'train_loss': 53.88987, 'train_acc': 0.606557, 'train_total': 61}}[0m
[38;5;39m2023-02-24 23:05:01,594 (client:306) INFO: {'Role': 'Client #10', 'Round': 8, 'Results_raw': {'train_avg_loss': 0.254358, 'train_correct': 104.0, 'train_f1': 0.44261, 'train_loss': 29.251183, 'train_acc': 0.904348, 'train_total': 115}}[0m
[38;5;39m2023-02-24 23:05:03,740 (client:306) INFO: {'Role': 'Client #2', 'Round': 8, 'Results_raw': {'train_avg_loss': 0.398068, 'train_correct': 179.0, 'train_f1': 0.434832, 'train_loss': 80.409642, 'train_acc': 0.886139, 'train_total': 202}}[0m
[38;5;39m2023-02-24 23:05:04,379 (client:306) INFO: {'Role': 'Client #9', 'Round': 8, 'Results_raw': {'train_avg_loss': 0.32893, 'train_correct': 54.0, 'train_f1': 0.469565, 'train_loss': 20.064738, 'train_acc': 0.885246, 'train_total': 61}}[0m
[38;5;39m2023-02-24 23:05:05,133 (client:306) INFO: {'Role': 'Client #8', 'Round': 8, 'Results_raw': {'train_avg_loss': 0.680243, 'train_correct': 44.0, 'train_f1': 0.531481, 'train_loss': 41.49481, 'train_acc': 0.721311, 'train_total': 61}}[0m
[38;5;39m2023-02-24 23:05:05,435 (client:306) INFO: {'Role': 'Client #1', 'Round': 8, 'Results_raw': {'train_avg_loss': 1.549905, 'train_correct': 9.0, 'train_f1': 0.335556, 'train_loss': 43.397338, 'train_acc': 0.321429, 'train_total': 28}}[0m
[38;5;39m2023-02-24 23:05:07,089 (client:306) INFO: {'Role': 'Client #3', 'Round': 8, 'Results_raw': {'train_avg_loss': 0.325667, 'train_correct': 160.0, 'train_f1': 0.468658, 'train_loss': 59.271439, 'train_acc': 0.879121, 'train_total': 182}}[0m
[38;5;39m2023-02-24 23:05:07,190 (client:306) INFO: {'Role': 'Client #7', 'Round': 8, 'Results_raw': {'train_avg_loss': 1.667752, 'train_correct': 4.0, 'train_f1': 0.355556, 'train_loss': 18.345272, 'train_acc': 0.363636, 'train_total': 11}}[0m
[38;5;39m2023-02-24 23:05:07,193 (server:590) INFO: {'Role': 'Server #', 'Round': 7, 'Results_weighted_avg': {'test_avg_loss': 1.225149, 'test_correct': 17.1, 'test_f1': 0.495356, 'test_loss': 37.970541, 'test_acc': 0.777273, 'test_total': 22.0}, 'Results_avg': {'test_avg_loss': 1.290274, 'test_correct': 17.1, 'test_f1': 0.629247, 'test_loss': 26.953284, 'test_acc': 0.797012, 'test_total': 22.0}, 'Results_fairness': {'test_correct': 17.1, 'test_total': 22.0, 'test_avg_loss_std': 0.936803, 'test_avg_loss_bottom_decile': 0.334692, 'test_avg_loss_top_decile': 3.26121, 'test_avg_loss_min': 0.10723, 'test_avg_loss_max': 3.26121, 'test_avg_loss_bottom10%': 0.10723, 'test_avg_loss_top10%': 3.26121, 'test_avg_loss_cos1': 0.809207, 'test_avg_loss_entropy': 2.035875, 'test_f1_std': 0.250974, 'test_f1_bottom_decile': 0.355556, 'test_f1_top_decile': 1.0, 'test_f1_min': 0.321839, 'test_f1_max': 1.0, 'test_f1_bottom10%': 0.321839, 'test_f1_top10%': 1.0, 'test_f1_cos1': 0.928845, 'test_f1_entropy': 2.223338, 'test_loss_std': 24.507045, 'test_loss_bottom_decile': 2.342841, 'test_loss_top_decile': 88.052666, 'test_loss_min': 0.10723, 'test_loss_max': 88.052666, 'test_loss_bottom10%': 0.10723, 'test_loss_top10%': 88.052666, 'test_loss_cos1': 0.739885, 'test_loss_entropy': 1.901078, 'test_acc_std': 0.182091, 'test_acc_bottom_decile': 0.6, 'test_acc_top_decile': 1.0, 'test_acc_min': 0.4, 'test_acc_max': 1.0, 'test_acc_bottom10%': 0.4, 'test_acc_top10%': 1.0, 'test_acc_cos1': 0.974881, 'test_acc_entropy': 2.273902}}[0m
[38;5;39m2023-02-24 23:05:07,196 (monitor:541) INFO: {'Role': 'Server #', 'Round': 8, 'Results_model_metric': {}}[0m
[38;5;39m2023-02-24 23:05:07,219 (server:330) INFO: Server: Starting evaluation at the end of round 8.[0m
[38;5;39m2023-02-24 23:05:07,220 (server:336) INFO: ----------- Starting a new training round (Round #9) -------------[0m
[33;20m2023-02-24 23:05:07,336 (context:294) WARNING: No val_data or val_loader in the trainer, will skip evaluation.If this is not the case you want, please check whether there is typo for the name[0m
[33;20m2023-02-24 23:05:07,387 (context:294) WARNING: No val_data or val_loader in the trainer, will skip evaluation.If this is not the case you want, please check whether there is typo for the name[0m
[33;20m2023-02-24 23:05:07,678 (context:294) WARNING: No val_data or val_loader in the trainer, will skip evaluation.If this is not the case you want, please check whether there is typo for the name[0m
[33;20m2023-02-24 23:05:07,901 (context:294) WARNING: No val_data or val_loader in the trainer, will skip evaluation.If this is not the case you want, please check whether there is typo for the name[0m
[33;20m2023-02-24 23:05:08,429 (context:294) WARNING: No val_data or val_loader in the trainer, will skip evaluation.If this is not the case you want, please check whether there is typo for the name[0m
[33;20m2023-02-24 23:05:08,956 (context:294) WARNING: No val_data or val_loader in the trainer, will skip evaluation.If this is not the case you want, please check whether there is typo for the name[0m
[33;20m2023-02-24 23:05:09,341 (context:294) WARNING: No val_data or val_loader in the trainer, will skip evaluation.If this is not the case you want, please check whether there is typo for the name[0m
[33;20m2023-02-24 23:05:09,404 (context:294) WARNING: No val_data or val_loader in the trainer, will skip evaluation.If this is not the case you want, please check whether there is typo for the name[0m
[33;20m2023-02-24 23:05:09,424 (context:294) WARNING: No val_data or val_loader in the trainer, will skip evaluation.If this is not the case you want, please check whether there is typo for the name[0m
[33;20m2023-02-24 23:05:09,533 (context:294) WARNING: No val_data or val_loader in the trainer, will skip evaluation.If this is not the case you want, please check whether there is typo for the name[0m
[38;5;39m2023-02-24 23:05:09,738 (client:306) INFO: {'Role': 'Client #4', 'Round': 9, 'Results_raw': {'train_avg_loss': 0.802343, 'train_correct': 12.0, 'train_f1': 0.366843, 'train_loss': 14.44218, 'train_acc': 0.666667, 'train_total': 18}}[0m
[38;5;39m2023-02-24 23:05:12,502 (client:306) INFO: {'Role': 'Client #2', 'Round': 9, 'Results_raw': {'train_avg_loss': 0.352607, 'train_correct': 182.0, 'train_f1': 0.475084, 'train_loss': 71.226637, 'train_acc': 0.90099, 'train_total': 202}}[0m
[38;5;39m2023-02-24 23:05:13,590 (client:306) INFO: {'Role': 'Client #10', 'Round': 9, 'Results_raw': {'train_avg_loss': 0.275437, 'train_correct': 107.0, 'train_f1': 0.542857, 'train_loss': 31.675296, 'train_acc': 0.930435, 'train_total': 115}}[0m
[38;5;39m2023-02-24 23:05:14,205 (client:306) INFO: {'Role': 'Client #9', 'Round': 9, 'Results_raw': {'train_avg_loss': 0.238524, 'train_correct': 55.0, 'train_f1': 0.598684, 'train_loss': 14.549948, 'train_acc': 0.901639, 'train_total': 61}}[0m
[38;5;39m2023-02-24 23:05:14,925 (client:306) INFO: {'Role': 'Client #6', 'Round': 9, 'Results_raw': {'train_avg_loss': 1.008554, 'train_correct': 35.0, 'train_f1': 0.415771, 'train_loss': 61.521811, 'train_acc': 0.57377, 'train_total': 61}}[0m
[38;5;39m2023-02-24 23:05:15,158 (client:306) INFO: {'Role': 'Client #7', 'Round': 9, 'Results_raw': {'train_avg_loss': 1.724033, 'train_correct': 4.0, 'train_f1': 0.355556, 'train_loss': 18.964367, 'train_acc': 0.363636, 'train_total': 11}}[0m
[38;5;39m2023-02-24 23:05:16,967 (client:306) INFO: {'Role': 'Client #3', 'Round': 9, 'Results_raw': {'train_avg_loss': 0.336837, 'train_correct': 166.0, 'train_f1': 0.540076, 'train_loss': 61.304314, 'train_acc': 0.912088, 'train_total': 182}}[0m
[38;5;39m2023-02-24 23:05:17,361 (client:306) INFO: {'Role': 'Client #1', 'Round': 9, 'Results_raw': {'train_avg_loss': 1.695153, 'train_correct': 9.0, 'train_f1': 0.341111, 'train_loss': 47.464291, 'train_acc': 0.321429, 'train_total': 28}}[0m
[38;5;39m2023-02-24 23:05:18,035 (client:306) INFO: {'Role': 'Client #8', 'Round': 9, 'Results_raw': {'train_avg_loss': 0.638346, 'train_correct': 44.0, 'train_f1': 0.455433, 'train_loss': 38.939083, 'train_acc': 0.721311, 'train_total': 61}}[0m
[38;5;39m2023-02-24 23:05:19,525 (client:306) INFO: {'Role': 'Client #5', 'Round': 9, 'Results_raw': {'train_avg_loss': 0.394477, 'train_correct': 112.0, 'train_f1': 0.767677, 'train_loss': 54.437868, 'train_acc': 0.811594, 'train_total': 138}}[0m
[38;5;39m2023-02-24 23:05:19,536 (server:590) INFO: {'Role': 'Server #', 'Round': 8, 'Results_weighted_avg': {'test_avg_loss': 1.111128, 'test_correct': 17.1, 'test_f1': 0.491094, 'test_loss': 34.366479, 'test_acc': 0.777273, 'test_total': 22.0}, 'Results_avg': {'test_avg_loss': 1.165153, 'test_correct': 17.1, 'test_f1': 0.627148, 'test_loss': 24.444821, 'test_acc': 0.803324, 'test_total': 22.0}, 'Results_fairness': {'test_correct': 17.1, 'test_total': 22.0, 'test_avg_loss_std': 0.87057, 'test_avg_loss_bottom_decile': 0.283853, 'test_avg_loss_top_decile': 3.138675, 'test_avg_loss_min': 0.113192, 'test_avg_loss_max': 3.138675, 'test_avg_loss_bottom10%': 0.113192, 'test_avg_loss_top10%': 3.138675, 'test_avg_loss_cos1': 0.801086, 'test_avg_loss_entropy': 2.028412, 'test_f1_std': 0.23248, 'test_f1_bottom_decile': 0.411111, 'test_f1_top_decile': 1.0, 'test_f1_min': 0.317829, 'test_f1_max': 1.0, 'test_f1_bottom10%': 0.317829, 'test_f1_top10%': 1.0, 'test_f1_cos1': 0.93765, 'test_f1_entropy': 2.235365, 'test_loss_std': 23.415875, 'test_loss_bottom_decile': 1.98697, 'test_loss_top_decile': 84.744213, 'test_loss_min': 0.113192, 'test_loss_max': 84.744213, 'test_loss_bottom10%': 0.113192, 'test_loss_top10%': 84.744213, 'test_loss_cos1': 0.722142, 'test_loss_entropy': 1.878064, 'test_acc_std': 0.127721, 'test_acc_bottom_decile': 0.666667, 'test_acc_top_decile': 1.0, 'test_acc_min': 0.6, 'test_acc_max': 1.0, 'test_acc_bottom10%': 0.6, 'test_acc_top10%': 1.0, 'test_acc_cos1': 0.987596, 'test_acc_entropy': 2.289933}}[0m
[38;5;39m2023-02-24 23:05:19,539 (monitor:541) INFO: {'Role': 'Server #', 'Round': 9, 'Results_model_metric': {}}[0m
[38;5;39m2023-02-24 23:05:19,578 (server:347) INFO: Server: Training is finished! Starting evaluation.[0m
[33;20m2023-02-24 23:05:19,697 (context:294) WARNING: No val_data or val_loader in the trainer, will skip evaluation.If this is not the case you want, please check whether there is typo for the name[0m
[33;20m2023-02-24 23:05:19,754 (context:294) WARNING: No val_data or val_loader in the trainer, will skip evaluation.If this is not the case you want, please check whether there is typo for the name[0m
[33;20m2023-02-24 23:05:20,005 (context:294) WARNING: No val_data or val_loader in the trainer, will skip evaluation.If this is not the case you want, please check whether there is typo for the name[0m
[33;20m2023-02-24 23:05:20,237 (context:294) WARNING: No val_data or val_loader in the trainer, will skip evaluation.If this is not the case you want, please check whether there is typo for the name[0m
[33;20m2023-02-24 23:05:20,726 (context:294) WARNING: No val_data or val_loader in the trainer, will skip evaluation.If this is not the case you want, please check whether there is typo for the name[0m
[33;20m2023-02-24 23:05:21,263 (context:294) WARNING: No val_data or val_loader in the trainer, will skip evaluation.If this is not the case you want, please check whether there is typo for the name[0m
[33;20m2023-02-24 23:05:21,581 (context:294) WARNING: No val_data or val_loader in the trainer, will skip evaluation.If this is not the case you want, please check whether there is typo for the name[0m
[33;20m2023-02-24 23:05:21,648 (context:294) WARNING: No val_data or val_loader in the trainer, will skip evaluation.If this is not the case you want, please check whether there is typo for the name[0m
[33;20m2023-02-24 23:05:21,678 (context:294) WARNING: No val_data or val_loader in the trainer, will skip evaluation.If this is not the case you want, please check whether there is typo for the name[0m
[33;20m2023-02-24 23:05:21,808 (context:294) WARNING: No val_data or val_loader in the trainer, will skip evaluation.If this is not the case you want, please check whether there is typo for the name[0m
[38;5;39m2023-02-24 23:05:21,810 (server:590) INFO: {'Role': 'Server #', 'Round': 9, 'Results_weighted_avg': {'test_avg_loss': 1.03362, 'test_correct': 15.8, 'test_f1': 0.473675, 'test_loss': 32.180798, 'test_acc': 0.718182, 'test_total': 22.0}, 'Results_avg': {'test_avg_loss': 1.076058, 'test_correct': 15.8, 'test_f1': 0.592351, 'test_loss': 22.739643, 'test_acc': 0.740549, 'test_total': 22.0}, 'Results_fairness': {'test_correct': 15.8, 'test_total': 22.0, 'test_avg_loss_std': 0.791022, 'test_avg_loss_bottom_decile': 0.471341, 'test_avg_loss_top_decile': 3.047869, 'test_avg_loss_min': 0.178296, 'test_avg_loss_max': 3.047869, 'test_avg_loss_bottom10%': 0.178296, 'test_avg_loss_top10%': 3.047869, 'test_avg_loss_cos1': 0.805721, 'test_avg_loss_entropy': 2.062241, 'test_f1_std': 0.237844, 'test_f1_bottom_decile': 0.291667, 'test_f1_top_decile': 1.0, 'test_f1_min': 0.18359, 'test_f1_max': 1.0, 'test_f1_bottom10%': 0.18359, 'test_f1_top10%': 1.0, 'test_f1_cos1': 0.927988, 'test_f1_entropy': 2.215714, 'test_loss_std': 22.577182, 'test_loss_bottom_decile': 3.29939, 'test_loss_top_decile': 82.292468, 'test_loss_min': 0.178296, 'test_loss_max': 82.292468, 'test_loss_bottom10%': 0.178296, 'test_loss_top10%': 82.292468, 'test_loss_cos1': 0.709637, 'test_loss_entropy': 1.869087, 'test_acc_std': 0.19089, 'test_acc_bottom_decile': 0.6, 'test_acc_top_decile': 1.0, 'test_acc_min': 0.259259, 'test_acc_max': 1.0, 'test_acc_bottom10%': 0.259259, 'test_acc_top10%': 1.0, 'test_acc_cos1': 0.968347, 'test_acc_entropy': 2.262922}}[0m
[38;5;39m2023-02-24 23:05:21,812 (server:395) INFO: Server: Final evaluation is finished! Starting merging results.[0m
[38;5;39m2023-02-24 23:05:21,812 (server:521) INFO: {'Role': 'Server #', 'Round': 'Final', 'Results_raw': {'client_best_individual': {'test_loss': 0.10723, 'test_avg_loss': 0.10723, 'test_correct': 42.0, 'test_f1': 1.0, 'test_acc': 1.0, 'test_total': 1.0}, 'client_summarized_weighted_avg': {'test_loss': 32.180798, 'test_avg_loss': 1.03362, 'test_correct': 15.8, 'test_f1': 0.473675, 'test_acc': 0.718182, 'test_total': 22.0}, 'client_summarized_avg': {'test_loss': 22.739643, 'test_avg_loss': 1.076058, 'test_correct': 15.8, 'test_f1': 0.592351, 'test_acc': 0.740549, 'test_total': 22.0}, 'client_summarized_fairness': {'test_loss_entropy': 1.86375, 'test_loss_cos1': 0.747802, 'test_loss_top10%': 131.883037, 'test_loss_bottom10%': 0.410779, 'test_loss_max': 131.883037, 'test_loss_min': 0.410779, 'test_loss_top_decile': 131.883037, 'test_loss_bottom_decile': 4.732436, 'test_loss_std': 48.403938, 'test_correct': 11.0, 'test_total': 22.0, 'test_avg_loss_std': 1.127869, 'test_avg_loss_bottom_decile': 0.676062, 'test_avg_loss_top_decile': 3.721771, 'test_avg_loss_min': 0.410779, 'test_avg_loss_max': 3.721771, 'test_avg_loss_bottom10%': 0.410779, 'test_avg_loss_top10%': 3.721771, 'test_avg_loss_cos1': 0.887712, 'test_avg_loss_entropy': 2.147612, 'test_f1_std': 0.257401, 'test_f1_bottom_decile': 0.18359, 'test_f1_top_decile': 1.0, 'test_f1_min': 0.172414, 'test_f1_max': 1.0, 'test_f1_bottom10%': 0.172414, 'test_f1_top10%': 1.0, 'test_f1_cos1': 0.86139, 'test_f1_entropy': 2.143224, 'test_acc_std': 0.232104, 'test_acc_bottom_decile': 0.285714, 'test_acc_top_decile': 1.0, 'test_acc_min': 0.259259, 'test_acc_max': 1.0, 'test_acc_bottom10%': 0.259259, 'test_acc_top10%': 1.0, 'test_acc_cos1': 0.92536, 'test_acc_entropy': 2.217645}}}[0m
[38;5;39m2023-02-24 23:05:21,813 (server:540) INFO: {'Role': 'Client #1', 'Round': 10, 'Results_raw': {'test_avg_loss': 1.565145, 'test_correct': 8.0, 'test_f1': 0.717949, 'test_loss': 17.216591, 'test_acc': 0.727273, 'test_total': 11}}[0m
[38;5;39m2023-02-24 23:05:21,813 (server:540) INFO: {'Role': 'Client #7', 'Round': 10, 'Results_raw': {'test_avg_loss': 3.047869, 'test_correct': 7.0, 'test_f1': 0.18359, 'test_loss': 82.292468, 'test_acc': 0.259259, 'test_total': 27}}[0m
[38;5;39m2023-02-24 23:05:21,814 (server:540) INFO: {'Role': 'Client #8', 'Round': 10, 'Results_raw': {'test_avg_loss': 0.877215, 'test_correct': 25.0, 'test_f1': 0.50101, 'test_loss': 30.702524, 'test_acc': 0.714286, 'test_total': 35}}[0m
[38;5;39m2023-02-24 23:05:21,814 (server:540) INFO: {'Role': 'Client #4', 'Round': 10, 'Results_raw': {'test_avg_loss': 1.524262, 'test_correct': 6.0, 'test_f1': 0.844444, 'test_loss': 10.669831, 'test_acc': 0.857143, 'test_total': 7}}[0m
[38;5;39m2023-02-24 23:05:21,814 (server:540) INFO: {'Role': 'Client #2', 'Round': 10, 'Results_raw': {'test_avg_loss': 0.178296, 'test_correct': 1.0, 'test_f1': 1.0, 'test_loss': 0.178296, 'test_acc': 1.0, 'test_total': 1}}[0m
[38;5;39m2023-02-24 23:05:21,815 (server:540) INFO: {'Role': 'Client #6', 'Round': 10, 'Results_raw': {'test_avg_loss': 0.581422, 'test_correct': 46.0, 'test_f1': 0.589286, 'test_loss': 30.81539, 'test_acc': 0.867925, 'test_total': 53}}[0m
[38;5;39m2023-02-24 23:05:21,815 (server:540) INFO: {'Role': 'Client #5', 'Round': 10, 'Results_raw': {'test_avg_loss': 0.471341, 'test_correct': 6.0, 'test_f1': 0.787879, 'test_loss': 3.29939, 'test_acc': 0.857143, 'test_total': 7}}[0m
[38;5;39m2023-02-24 23:05:21,816 (server:540) INFO: {'Role': 'Client #9', 'Round': 10, 'Results_raw': {'test_avg_loss': 0.632329, 'test_correct': 35.0, 'test_f1': 0.291667, 'test_loss': 29.719465, 'test_acc': 0.744681, 'test_total': 47}}[0m
[38;5;39m2023-02-24 23:05:21,816 (server:540) INFO: {'Role': 'Client #3', 'Round': 10, 'Results_raw': {'test_avg_loss': 1.287746, 'test_correct': 3.0, 'test_f1': 0.488889, 'test_loss': 6.438732, 'test_acc': 0.6, 'test_total': 5}}[0m
[38;5;39m2023-02-24 23:05:21,816 (server:540) INFO: {'Role': 'Client #10', 'Round': 10, 'Results_raw': {'test_avg_loss': 0.594954, 'test_correct': 21.0, 'test_f1': 0.518797, 'test_loss': 16.063745, 'test_acc': 0.777778, 'test_total': 27}}[0m
[38;5;39m2023-02-24 23:05:21,817 (monitor:172) INFO: In worker #0, the system-related metrics are: {'id': 0, 'fl_end_time_minutes': 2.000337, 'total_model_size': 0, 'total_flops': 0, 'total_upload_bytes': 2488000, 'total_download_bytes': 500040, 'global_convergence_round': 0, 'local_convergence_round': 0, 'global_convergence_time_minutes': 0, 'local_convergence_time_minutes': 0}[0m
[38;5;39m2023-02-24 23:05:21,818 (client:513) INFO: ================= client 1 received finish message =================[0m
[38;5;39m2023-02-24 23:05:21,820 (monitor:172) INFO: In worker #1, the system-related metrics are: {'id': 1, 'fl_end_time_minutes': 1.996868, 'total_model_size': 3260030, 'total_flops': 74322716160.0, 'total_upload_bytes': 50096, 'total_download_bytes': 248800, 'global_convergence_round': 0, 'local_convergence_round': 0, 'global_convergence_time_minutes': 0, 'local_convergence_time_minutes': 0}[0m
[38;5;39m2023-02-24 23:05:21,821 (client:513) INFO: ================= client 3 received finish message =================[0m
[38;5;39m2023-02-24 23:05:21,823 (monitor:172) INFO: In worker #3, the system-related metrics are: {'id': 3, 'fl_end_time_minutes': 1.993458, 'total_model_size': 3260030, 'total_flops': 483097655040.0, 'total_upload_bytes': 50096, 'total_download_bytes': 248800, 'global_convergence_round': 0, 'local_convergence_round': 0, 'global_convergence_time_minutes': 0, 'local_convergence_time_minutes': 0}[0m
[38;5;39m2023-02-24 23:05:21,823 (client:513) INFO: ================= client 7 received finish message =================[0m
[38;5;39m2023-02-24 23:05:21,826 (monitor:172) INFO: In worker #7, the system-related metrics are: {'id': 7, 'fl_end_time_minutes': 1.982395, 'total_model_size': 3260030, 'total_flops': 29198209920.0, 'total_upload_bytes': 50096, 'total_download_bytes': 248800, 'global_convergence_round': 0, 'local_convergence_round': 0, 'global_convergence_time_minutes': 0, 'local_convergence_time_minutes': 0}[0m
[38;5;39m2023-02-24 23:05:21,826 (client:513) INFO: ================= client 10 received finish message =================[0m
[38;5;39m2023-02-24 23:05:21,829 (monitor:172) INFO: In worker #10, the system-related metrics are: {'id': 10, 'fl_end_time_minutes': 1.972918, 'total_model_size': 3260030, 'total_flops': 305254012800.0, 'total_upload_bytes': 50096, 'total_download_bytes': 248800, 'global_convergence_round': 0, 'local_convergence_round': 0, 'global_convergence_time_minutes': 0, 'local_convergence_time_minutes': 0}[0m
[38;5;39m2023-02-24 23:05:21,829 (client:513) INFO: ================= client 9 received finish message =================[0m
[38;5;39m2023-02-24 23:05:21,831 (monitor:172) INFO: In worker #9, the system-related metrics are: {'id': 9, 'fl_end_time_minutes': 1.976136, 'total_model_size': 3260030, 'total_flops': 161917345920.0, 'total_upload_bytes': 50096, 'total_download_bytes': 248800, 'global_convergence_round': 0, 'local_convergence_round': 0, 'global_convergence_time_minutes': 0, 'local_convergence_time_minutes': 0}[0m
[38;5;39m2023-02-24 23:05:21,832 (client:513) INFO: ================= client 6 received finish message =================[0m
[38;5;39m2023-02-24 23:05:21,834 (monitor:172) INFO: In worker #6, the system-related metrics are: {'id': 6, 'fl_end_time_minutes': 1.986847, 'total_model_size': 3260030, 'total_flops': 161917345920.0, 'total_upload_bytes': 50096, 'total_download_bytes': 248800, 'global_convergence_round': 0, 'local_convergence_round': 0, 'global_convergence_time_minutes': 0, 'local_convergence_time_minutes': 0}[0m
[38;5;39m2023-02-24 23:05:21,834 (client:513) INFO: ================= client 8 received finish message =================[0m
[38;5;39m2023-02-24 23:05:21,837 (monitor:172) INFO: In worker #8, the system-related metrics are: {'id': 8, 'fl_end_time_minutes': 1.979518, 'total_model_size': 3260030, 'total_flops': 161917345920.0, 'total_upload_bytes': 50096, 'total_download_bytes': 248800, 'global_convergence_round': 0, 'local_convergence_round': 0, 'global_convergence_time_minutes': 0, 'local_convergence_time_minutes': 0}[0m
[38;5;39m2023-02-24 23:05:21,837 (client:513) INFO: ================= client 5 received finish message =================[0m
[38;5;39m2023-02-24 23:05:21,839 (monitor:172) INFO: In worker #5, the system-related metrics are: {'id': 5, 'fl_end_time_minutes': 1.989341, 'total_model_size': 3260030, 'total_flops': 366304815360.0, 'total_upload_bytes': 50096, 'total_download_bytes': 248800, 'global_convergence_round': 0, 'local_convergence_round': 0, 'global_convergence_time_minutes': 0, 'local_convergence_time_minutes': 0}[0m
[38;5;39m2023-02-24 23:05:21,840 (client:513) INFO: ================= client 2 received finish message =================[0m
[38;5;39m2023-02-24 23:05:21,842 (monitor:172) INFO: In worker #2, the system-related metrics are: {'id': 2, 'fl_end_time_minutes': 1.995952, 'total_model_size': 3260030, 'total_flops': 536185309440.0, 'total_upload_bytes': 50096, 'total_download_bytes': 248800, 'global_convergence_round': 0, 'local_convergence_round': 0, 'global_convergence_time_minutes': 0, 'local_convergence_time_minutes': 0}[0m
[38;5;39m2023-02-24 23:05:21,842 (client:513) INFO: ================= client 4 received finish message =================[0m
[38;5;39m2023-02-24 23:05:21,845 (monitor:172) INFO: In worker #4, the system-related metrics are: {'id': 4, 'fl_end_time_minutes': 1.991458, 'total_model_size': 3260030, 'total_flops': 47778888960.0, 'total_upload_bytes': 50096, 'total_download_bytes': 248800, 'global_convergence_round': 0, 'local_convergence_round': 0, 'global_convergence_time_minutes': 0, 'local_convergence_time_minutes': 0}[0m
[38;5;39m2023-02-24 23:05:21,845 (monitor:337) INFO: We will compress the file eval_results.raw into a .gz file, and delete the old one[0m
[38;5;39m2023-02-24 23:05:21,849 (monitor:245) INFO: After merging the system metrics from all works, we got avg: defaultdict(None, {'id': 'sys_avg', 'sys_avg/fl_end_time_minutes': 1.987748, 'sys_avg/total_model_size': '2.83M', 'sys_avg/total_flops': '197.09G', 'sys_avg/total_upload_bytes': '265.36K', 'sys_avg/total_download_bytes': '265.27K', 'sys_avg/global_convergence_round': 0.0, 'sys_avg/local_convergence_round': 0.0, 'sys_avg/global_convergence_time_minutes': 0.0, 'sys_avg/local_convergence_time_minutes': 0.0})[0m
[38;5;39m2023-02-24 23:05:21,850 (monitor:248) INFO: After merging the system metrics from all works, we got std: defaultdict(None, {'id': 'sys_std', 'sys_std/fl_end_time_minutes': 0.00858, 'sys_std/total_model_size': '915.23K', 'sys_std/total_flops': '164.43G', 'sys_std/total_upload_bytes': '684.42K', 'sys_std/total_download_bytes': '70.53K', 'sys_std/global_convergence_round': 0.0, 'sys_std/local_convergence_round': 0.0, 'sys_std/global_convergence_time_minutes': 0.0, 'sys_std/local_convergence_time_minutes': 0.0})[0m
None
220
<generator object BaseDataTranslator.split_to_client.<locals>.<genexpr> at 0x7f4af9a07200>
