2023-02-17 20:48:00.190447: I tensorflow/core/platform/cpu_feature_guard.cc:193] This TensorFlow binary is optimized with oneAPI Deep Neural Network Library (oneDNN) to use the following CPU instructions in performance-critical operations:  SSE4.1 SSE4.2 AVX AVX2 FMA
To enable them in other operations, rebuild TensorFlow with the appropriate compiler flags.
<frozen importlib._bootstrap>:228: RuntimeWarning: scipy._lib.messagestream.MessageStream size changed, may indicate binary incompatibility. Expected 56 from C header, got 64 from PyObject
2023-02-17 20:48:02,085 (cfg_data:145)WARNING: config `cfg.data.batch_size` will be removed in the future, use `cfg.dataloader.batch_size` instead.
2023-02-17 20:48:02,085 (cfg_fl_setting:123)WARNING: In local/global training mode, the sampling related configs are in-valid, we will use all clients. 
2023-02-17 20:48:02,085 (cfg_data:145)WARNING: config `cfg.data.batch_size` will be removed in the future, use `cfg.dataloader.batch_size` instead.
2023-02-17 20:48:02,085 (cfg_fl_setting:123)WARNING: In local/global training mode, the sampling related configs are in-valid, we will use all clients. 
2023-02-17 20:48:02,085 (cfg_data:145)WARNING: config `cfg.data.batch_size` will be removed in the future, use `cfg.dataloader.batch_size` instead.
2023-02-17 20:48:02,086 (cfg_fl_setting:123)WARNING: In local/global training mode, the sampling related configs are in-valid, we will use all clients. 
[38;5;39m2023-02-17 20:48:02,098 (logging:124) INFO: the current machine is at 192.168.0.1[0m
[38;5;39m2023-02-17 20:48:02,098 (logging:126) INFO: the current dir is /home/ubuntu/FederatedScope[0m
[38;5;39m2023-02-17 20:48:02,098 (logging:127) INFO: the output dir is exp/global_convnet2_on_lung_lr0.01_lstep1/sub_exp_20230217204802[0m
[38;5;39m2023-02-17 20:48:10,089 (base_data:87) INFO: Will merge data from clients whose ids in [1, 10][0m
[33;20m2023-02-17 20:48:10,101 (cfg_data:145) WARNING: config `cfg.data.batch_size` will be removed in the future, use `cfg.dataloader.batch_size` instead.[0m
[33;20m2023-02-17 20:48:10,102 (cfg_fl_setting:123) WARNING: In local/global training mode, the sampling related configs are in-valid, we will use all clients. [0m
[38;5;39m2023-02-17 20:48:10,102 (cfg_fl_setting:128) INFO: In global training mode, we will put all data in a proxy client. [0m
[33;20m2023-02-17 20:48:10,102 (cfg_data:145) WARNING: config `cfg.data.batch_size` will be removed in the future, use `cfg.dataloader.batch_size` instead.[0m
[33;20m2023-02-17 20:48:10,102 (cfg_fl_setting:123) WARNING: In local/global training mode, the sampling related configs are in-valid, we will use all clients. [0m
[38;5;39m2023-02-17 20:48:10,102 (cfg_fl_setting:128) INFO: In global training mode, we will put all data in a proxy client. [0m
[38;5;39m2023-02-17 20:48:10,126 (config:243) INFO: the used configs are: 
aggregator:
  inside_weight: 1.0
  num_agg_groups: 1
  num_agg_topk: []
  outside_weight: 0.0
asyn:
  use: False
attack:
  alpha_TV: 0.001
  alpha_prop_loss: 0
  attack_method: 
  attacker_id: -1
  classifier_PIA: randomforest
  edge_num: 100
  edge_path: edge_data/
  freq: 10
  info_diff_type: l2
  inject_round: 0
  insert_round: 100000
  label_type: dirty
  max_ite: 400
  mean: [0.1307]
  mia_is_simulate_in: False
  mia_simulate_in_round: 20
  pgd_eps: 2
  pgd_lr: 0.1
  pgd_poisoning: False
  poison_ratio: 0.5
  reconstruct_lr: 0.01
  reconstruct_optim: Adam
  scale_para: 1.0
  scale_poisoning: False
  self_epoch: 6
  self_lr: 0.05
  self_opt: False
  setting: fix
  std: [0.3081]
  target_label_ind: -1
  trigger_path: trigger/
  trigger_type: edge
backend: torch
cfg_file: 
check_completeness: False
criterion:
  type: CrossEntropyLoss
data:
  args: []
  batch_size: 16
  cSBM_phi: [0.5, 0.5, 0.5]
  cache_dir: 
  consistent_label_distribution: False
  drop_last: False
  hetero_data_name: []
  hetero_synth_batch_size: 32
  hetero_synth_feat_dim: 128
  hetero_synth_prim_weight: 0.5
  is_debug: False
  loader: 
  max_query_len: 128
  max_seq_len: 384
  max_tgt_len: 128
  num_contrast: 0
  num_of_client_for_data: []
  num_steps: 30
  num_workers: 0
  pre_transform: []
  quadratic:
    dim: 1
    max_curv: 12.5
    min_curv: 0.02
  root: data/
  save_data: False
  server_holds_all: False
  shuffle: True
  sizes: [10, 5]
  splits: [0.8, 0, 0.2]
  splitter: lda
  splitter_args: [{'alpha': 0.3}]
  subsample: 1.0
  target_transform: []
  test_pre_transform: []
  test_target_transform: []
  test_transform: []
  transform: []
  trunc_stride: 128
  type: lung
  val_pre_transform: []
  val_target_transform: []
  val_transform: []
  walk_length: 2
dataloader:
  batch_size: 16
  drop_last: False
  num_steps: 30
  num_workers: 0
  pin_memory: False
  shuffle: True
  sizes: [10, 5]
  theta: -1
  type: base
  walk_length: 2
device: 0
distribute:
  use: False
early_stop:
  delta: 0.0
  improve_indicator_mode: best
  patience: 5
eval:
  best_res_update_round_wise_key: test_loss
  count_flops: True
  freq: 1
  metrics: ['acc', 'correct', 'f1']
  monitoring: []
  report: ['weighted_avg', 'avg', 'fairness', 'raw']
  split: ['test', 'val']
expname: global_convnet2_on_lung_lr0.01_lstep1
expname_tag: 
feat_engr:
  num_bins: 5
  scenario: hfl
  secure:
    dp:
      
    encrypt:
      type: dummy
    key_size: 3072
    type: encrypt
  selec_threshold: 0.05
  selec_woe_binning: quantile
  type: 
federate:
  atc_load_from: 
  atc_vanilla: False
  client_num: 10
  data_weighted_aggr: False
  ignore_weight: False
  join_in_info: []
  make_global_eval: False
  merge_test_data: False
  method: global
  mode: standalone
  online_aggr: False
  resource_info_file: 
  restore_from: 
  sample_client_num: 10
  sample_client_rate: -1.0
  sampler: uniform
  save_to: 
  share_local_model: False
  total_round_num: 10
  unseen_clients_rate: 0.0
  use_diff: False
  use_ss: False
fedopt:
  use: False
fedprox:
  use: False
fedsageplus:
  a: 1.0
  b: 1.0
  c: 1.0
  fedgen_epoch: 200
  gen_hidden: 128
  hide_portion: 0.5
  loc_epoch: 1
  num_pred: 5
finetune:
  batch_or_epoch: epoch
  before_eval: False
  freeze_param: 
  local_update_steps: 1
  optimizer:
    lr: 0.1
    type: SGD
  scheduler:
    type: 
    warmup_ratio: 0.0
flitplus:
  factor_ema: 0.8
  lambdavat: 0.5
  tmpFed: 0.5
  weightReg: 1.0
gcflplus:
  EPS_1: 0.05
  EPS_2: 0.1
  seq_length: 5
  standardize: False
grad:
  grad_accum_count: 1
  grad_clip: 5.0
hpo:
  fedex:
    cutoff: 0.0
    diff: False
    eta0: -1.0
    flatten_ss: True
    gamma: 0.0
    pi_lr: 0.01
    psn: False
    sched: auto
    ss: 
    use: False
  init_cand_num: 16
  larger_better: False
  metric: client_summarized_weighted_avg.val_loss
  num_workers: 0
  pbt:
    max_stage: 5
    perf_threshold: 0.1
  scheduler: rs
  sha:
    budgets: []
    elim_rate: 3
    iter: 0
  ss: 
  table:
    eps: 0.1
    idx: 0
    num: 27
  working_folder: hpo
model:
  contrast_temp: 1.0
  contrast_topk: 100
  downstream_tasks: []
  dropout: 0.0
  embed_size: 8
  gamma: 0
  graph_pooling: mean
  hidden: 2048
  in_channels: 0
  input_shape: ()
  label_smoothing: 0.1
  lambda_: 0.1
  layer: 2
  length_penalty: 2.0
  max_answer_len: 30
  max_length: 200
  max_tree_depth: 3
  min_length: 1
  model_num_per_trainer: 1
  model_type: google/bert_uncased_L-2_H-128_A-2
  n_best_size: 20
  no_repeat_ngram_size: 3
  null_score_diff_threshold: 0.0
  num_beams: 5
  num_item: 0
  num_labels: 1
  num_of_trees: 10
  num_user: 0
  out_channels: 62
  pretrain_tasks: []
  stage: 
  task: node
  type: convnet2
  use_bias: True
  use_contrastive_loss: False
nbafl:
  use: False
outdir: exp/global_convnet2_on_lung_lr0.01_lstep1/sub_exp_20230217204802
personalization:
  K: 5
  beta: 1.0
  local_param: []
  local_update_steps: 1
  lr: 0.01
  regular_weight: 0.1
  share_non_trainable_para: False
print_decimal_digits: 6
regularizer:
  mu: 0.0
  type: 
seed: 2
sgdmf:
  use: False
train:
  batch_or_epoch: epoch
  local_update_steps: 1
  optimizer:
    lr: 0.01
    type: SGD
    weight_decay: 0.0
  scheduler:
    type: 
    warmup_ratio: 0.0
trainer:
  disp_freq: 50
  local_entropy:
    alpha: 0.75
    eps: 0.001
    gamma: 0.0001
  sam:
    adaptive: False
    eta: 0.0
    rho: 1.0
  type: cvtrainer
  val_freq: 100000000
use_gpu: True
verbose: 1
vertical:
  use: False
wandb:
  use: False[0m
[33;20m2023-02-17 20:48:10,127 (worker_builder:174) WARNING: Server for method global is not implemented. Will use default one[0m
[33;20m2023-02-17 20:48:10,127 (worker_builder:71) WARNING: Clients for method global is not implemented. Will use default one[0m
[38;5;39m2023-02-17 20:48:10,195 (utils:144) INFO: The device information file is not provided[0m
[33;20m2023-02-17 20:48:10,219 (cfg_data:145) WARNING: config `cfg.data.batch_size` will be removed in the future, use `cfg.dataloader.batch_size` instead.[0m
[33;20m2023-02-17 20:48:10,219 (cfg_fl_setting:123) WARNING: In local/global training mode, the sampling related configs are in-valid, we will use all clients. [0m
[38;5;39m2023-02-17 20:48:10,219 (cfg_fl_setting:128) INFO: In global training mode, we will put all data in a proxy client. [0m
[38;5;39m2023-02-17 20:48:10,242 (config:243) INFO: the used configs are: 
aggregator:
  inside_weight: 1.0
  num_agg_groups: 1
  num_agg_topk: []
  outside_weight: 0.0
asyn:
  use: False
attack:
  alpha_TV: 0.001
  alpha_prop_loss: 0
  attack_method: 
  attacker_id: -1
  classifier_PIA: randomforest
  edge_num: 100
  edge_path: edge_data/
  freq: 10
  info_diff_type: l2
  inject_round: 0
  insert_round: 100000
  label_type: dirty
  max_ite: 400
  mean: [0.1307]
  mia_is_simulate_in: False
  mia_simulate_in_round: 20
  pgd_eps: 2
  pgd_lr: 0.1
  pgd_poisoning: False
  poison_ratio: 0.5
  reconstruct_lr: 0.01
  reconstruct_optim: Adam
  scale_para: 1.0
  scale_poisoning: False
  self_epoch: 6
  self_lr: 0.05
  self_opt: False
  setting: fix
  std: [0.3081]
  target_label_ind: -1
  trigger_path: trigger/
  trigger_type: edge
backend: torch
cfg_file: 
check_completeness: False
criterion:
  type: CrossEntropyLoss
data:
  args: []
  batch_size: 16
  cSBM_phi: [0.5, 0.5, 0.5]
  cache_dir: 
  consistent_label_distribution: False
  drop_last: False
  hetero_data_name: []
  hetero_synth_batch_size: 32
  hetero_synth_feat_dim: 128
  hetero_synth_prim_weight: 0.5
  is_debug: False
  loader: 
  max_query_len: 128
  max_seq_len: 384
  max_tgt_len: 128
  num_contrast: 0
  num_of_client_for_data: []
  num_steps: 30
  num_workers: 0
  pre_transform: []
  quadratic:
    dim: 1
    max_curv: 12.5
    min_curv: 0.02
  root: data/
  save_data: False
  server_holds_all: False
  shuffle: True
  sizes: [10, 5]
  splits: [0.8, 0, 0.2]
  splitter: lda
  splitter_args: [{'alpha': 0.3}]
  subsample: 1.0
  target_transform: []
  test_pre_transform: []
  test_target_transform: []
  test_transform: []
  transform: []
  trunc_stride: 128
  type: lung
  val_pre_transform: []
  val_target_transform: []
  val_transform: []
  walk_length: 2
dataloader:
  batch_size: 16
  drop_last: False
  num_steps: 30
  num_workers: 0
  pin_memory: False
  shuffle: True
  sizes: [10, 5]
  theta: -1
  type: base
  walk_length: 2
device: 0
distribute:
  use: False
early_stop:
  delta: 0.0
  improve_indicator_mode: best
  patience: 5
eval:
  best_res_update_round_wise_key: test_loss
  count_flops: True
  freq: 1
  metrics: ['acc', 'correct', 'f1']
  monitoring: []
  report: ['weighted_avg', 'avg', 'fairness', 'raw']
  split: ['test', 'val']
expname: global_convnet2_on_lung_lr0.01_lstep1
expname_tag: 
feat_engr:
  num_bins: 5
  scenario: hfl
  secure:
    dp:
      
    encrypt:
      type: dummy
    key_size: 3072
    type: encrypt
  selec_threshold: 0.05
  selec_woe_binning: quantile
  type: 
federate:
  atc_load_from: 
  atc_vanilla: False
  client_num: 1
  data_weighted_aggr: False
  ignore_weight: False
  join_in_info: []
  make_global_eval: False
  merge_test_data: False
  method: global
  mode: standalone
  online_aggr: False
  resource_info_file: 
  restore_from: 
  sample_client_num: 1
  sample_client_rate: -1.0
  sampler: uniform
  save_to: 
  share_local_model: False
  total_round_num: 10
  unseen_clients_rate: 0.0
  use_diff: False
  use_ss: False
fedopt:
  use: False
fedprox:
  use: False
fedsageplus:
  a: 1.0
  b: 1.0
  c: 1.0
  fedgen_epoch: 200
  gen_hidden: 128
  hide_portion: 0.5
  loc_epoch: 1
  num_pred: 5
finetune:
  batch_or_epoch: epoch
  before_eval: False
  freeze_param: 
  local_update_steps: 1
  optimizer:
    lr: 0.1
    type: SGD
  scheduler:
    type: 
    warmup_ratio: 0.0
flitplus:
  factor_ema: 0.8
  lambdavat: 0.5
  tmpFed: 0.5
  weightReg: 1.0
gcflplus:
  EPS_1: 0.05
  EPS_2: 0.1
  seq_length: 5
  standardize: False
grad:
  grad_accum_count: 1
  grad_clip: 5.0
hpo:
  fedex:
    cutoff: 0.0
    diff: False
    eta0: -1.0
    flatten_ss: True
    gamma: 0.0
    pi_lr: 0.01
    psn: False
    sched: auto
    ss: 
    use: False
  init_cand_num: 16
  larger_better: False
  metric: client_summarized_weighted_avg.val_loss
  num_workers: 0
  pbt:
    max_stage: 5
    perf_threshold: 0.1
  scheduler: rs
  sha:
    budgets: []
    elim_rate: 3
    iter: 0
  ss: 
  table:
    eps: 0.1
    idx: 0
    num: 27
  working_folder: hpo
model:
  contrast_temp: 1.0
  contrast_topk: 100
  downstream_tasks: []
  dropout: 0.0
  embed_size: 8
  gamma: 0
  graph_pooling: mean
  hidden: 2048
  in_channels: 0
  input_shape: ()
  label_smoothing: 0.1
  lambda_: 0.1
  layer: 2
  length_penalty: 2.0
  max_answer_len: 30
  max_length: 200
  max_tree_depth: 3
  min_length: 1
  model_num_per_trainer: 1
  model_type: google/bert_uncased_L-2_H-128_A-2
  n_best_size: 20
  no_repeat_ngram_size: 3
  null_score_diff_threshold: 0.0
  num_beams: 5
  num_item: 0
  num_labels: 1
  num_of_trees: 10
  num_user: 0
  out_channels: 62
  pretrain_tasks: []
  stage: 
  task: node
  type: convnet2
  use_bias: True
  use_contrastive_loss: False
nbafl:
  use: False
outdir: exp/global_convnet2_on_lung_lr0.01_lstep1/sub_exp_20230217204802
personalization:
  K: 5
  beta: 1.0
  local_param: []
  local_update_steps: 1
  lr: 0.01
  regular_weight: 0.1
  share_non_trainable_para: False
print_decimal_digits: 6
regularizer:
  mu: 0.0
  type: 
seed: 2
sgdmf:
  use: False
train:
  batch_or_epoch: epoch
  local_update_steps: 1
  optimizer:
    lr: 0.01
    type: SGD
    weight_decay: 0.0
  scheduler:
    type: 
    warmup_ratio: 0.0
trainer:
  disp_freq: 50
  local_entropy:
    alpha: 0.75
    eps: 0.001
    gamma: 0.0001
  sam:
    adaptive: False
    eta: 0.0
    rho: 1.0
  type: cvtrainer
  val_freq: 100000000
use_gpu: True
verbose: 1
vertical:
  use: False
wandb:
  use: False[0m
[38;5;39m2023-02-17 20:48:10,807 (fed_runner:169) INFO: Server has been set up ... [0m
[38;5;39m2023-02-17 20:48:11,593 (fed_runner:221) INFO: Client 1 has been set up ... [0m
[38;5;39m2023-02-17 20:48:11,593 (trainer:341) INFO: Model meta-info: <class 'federatedscope.cv.model.cnn.ConvNet2'>.[0m
[38;5;39m2023-02-17 20:48:11,594 (trainer:349) INFO: Num of original para names: 18.[0m
[38;5;39m2023-02-17 20:48:11,594 (trainer:350) INFO: Num of original trainable para names: 12.[0m
[38;5;39m2023-02-17 20:48:11,594 (trainer:352) INFO: Num of preserved para names in local update: 0. 
Preserved para names in local update: set().[0m
[38;5;39m2023-02-17 20:48:11,594 (trainer:356) INFO: Num of filtered para names in local update: 18. 
Filtered para names in local update: {'fc2.weight', 'fc2.bias', 'bn1.running_var', 'bn2.bias', 'conv1.bias', 'conv2.bias', 'bn1.running_mean', 'bn2.running_mean', 'fc1.bias', 'bn2.num_batches_tracked', 'conv1.weight', 'bn2.running_var', 'bn1.weight', 'fc1.weight', 'bn1.bias', 'conv2.weight', 'bn2.weight', 'bn1.num_batches_tracked'}.[0m
[38;5;39m2023-02-17 20:48:11,595 (trainer:361) INFO: After register default hooks,
	the hooks_in_train is:
	{
	  "on_fit_start": [
	    "_hook_on_fit_start_init",
	    "_hook_on_fit_start_calculate_model_size"
	  ],
	  "on_epoch_start": [
	    "_hook_on_epoch_start"
	  ],
	  "on_batch_start": [
	    "_hook_on_batch_start_init"
	  ],
	  "on_batch_forward": [
	    "_hook_on_batch_forward",
	    "_hook_on_batch_forward_regularizer",
	    "_hook_on_batch_forward_flop_count"
	  ],
	  "on_batch_backward": [
	    "_hook_on_batch_backward"
	  ],
	  "on_batch_end": [
	    "_hook_on_batch_end"
	  ],
	  "on_fit_end": [
	    "_hook_on_fit_end"
	  ]
	};
	the hooks_in_eval is:
            t{
	  "on_fit_start": [
	    "_hook_on_fit_start_init"
	  ],
	  "on_epoch_start": [
	    "_hook_on_epoch_start"
	  ],
	  "on_batch_start": [
	    "_hook_on_batch_start_init"
	  ],
	  "on_batch_forward": [
	    "_hook_on_batch_forward"
	  ],
	  "on_batch_end": [
	    "_hook_on_batch_end"
	  ],
	  "on_fit_end": [
	    "_hook_on_fit_end"
	  ]
	}[0m
[38;5;39m2023-02-17 20:48:11,834 (server:804) INFO: ----------- Starting training (Round #0) -------------[0m
Unsupported operator aten::max_pool2d encountered 2 time(s)
[38;5;39m2023-02-17 20:48:22,319 (client:306) INFO: {'Role': 'Client #1', 'Round': 0, 'Results_raw': {'train_f1': 0.196076, 'train_correct': 511.0, 'train_loss': 939.096906, 'train_avg_loss': 1.070806, 'train_acc': 0.582668, 'train_total': 877}}[0m
[38;5;39m2023-02-17 20:48:22,320 (monitor:541) INFO: {'Role': 'Server #', 'Round': 0, 'Results_model_metric': {}}[0m
[38;5;39m2023-02-17 20:48:22,340 (server:330) INFO: Server: Starting evaluation at the end of round 0.[0m
[38;5;39m2023-02-17 20:48:22,340 (server:336) INFO: ----------- Starting a new training round (Round #1) -------------[0m
[33;20m2023-02-17 20:48:24,276 (context:294) WARNING: No val_data or val_loader in the trainer, will skip evaluation.If this is not the case you want, please check whether there is typo for the name[0m
[38;5;39m2023-02-17 20:48:31,425 (client:306) INFO: {'Role': 'Client #1', 'Round': 1, 'Results_raw': {'train_f1': 0.538314, 'train_correct': 587.0, 'train_loss': 677.186482, 'train_avg_loss': 0.772162, 'train_acc': 0.669327, 'train_total': 877}}[0m
[38;5;39m2023-02-17 20:48:31,426 (server:590) INFO: {'Role': 'Server #', 'Round': 0, 'Results_weighted_avg': {'test_f1': 0.436552, 'test_correct': 140.0, 'test_loss': 200.378118, 'test_avg_loss': 0.91081, 'test_acc': 0.636364, 'test_total': 220.0}, 'Results_avg': {'test_f1': 0.436552, 'test_correct': 140.0, 'test_loss': 200.378118, 'test_avg_loss': 0.91081, 'test_acc': 0.636364, 'test_total': 220.0}, 'Results_fairness': {'test_f1': [0.436552], 'test_correct': 140.0, 'test_loss': [200.378118], 'test_avg_loss': [0.91081], 'test_acc': [0.636364], 'test_total': 220.0}}[0m
[38;5;39m2023-02-17 20:48:31,427 (monitor:541) INFO: {'Role': 'Server #', 'Round': 1, 'Results_model_metric': {}}[0m
[38;5;39m2023-02-17 20:48:31,447 (server:330) INFO: Server: Starting evaluation at the end of round 1.[0m
[38;5;39m2023-02-17 20:48:31,447 (server:336) INFO: ----------- Starting a new training round (Round #2) -------------[0m
[33;20m2023-02-17 20:48:33,385 (context:294) WARNING: No val_data or val_loader in the trainer, will skip evaluation.If this is not the case you want, please check whether there is typo for the name[0m
[38;5;39m2023-02-17 20:48:40,498 (client:306) INFO: {'Role': 'Client #1', 'Round': 2, 'Results_raw': {'train_f1': 0.639338, 'train_correct': 661.0, 'train_loss': 524.839457, 'train_avg_loss': 0.598449, 'train_acc': 0.753706, 'train_total': 877}}[0m
[38;5;39m2023-02-17 20:48:40,499 (server:590) INFO: {'Role': 'Server #', 'Round': 1, 'Results_weighted_avg': {'test_f1': 0.544771, 'test_correct': 172.0, 'test_loss': 130.46417, 'test_avg_loss': 0.593019, 'test_acc': 0.781818, 'test_total': 220.0}, 'Results_avg': {'test_f1': 0.544771, 'test_correct': 172.0, 'test_loss': 130.46417, 'test_avg_loss': 0.593019, 'test_acc': 0.781818, 'test_total': 220.0}, 'Results_fairness': {'test_f1': [0.544771], 'test_correct': 172.0, 'test_loss': [130.46417], 'test_avg_loss': [0.593019], 'test_acc': [0.781818], 'test_total': 220.0}}[0m
[38;5;39m2023-02-17 20:48:40,500 (monitor:541) INFO: {'Role': 'Server #', 'Round': 2, 'Results_model_metric': {}}[0m
[38;5;39m2023-02-17 20:48:40,520 (server:330) INFO: Server: Starting evaluation at the end of round 2.[0m
[38;5;39m2023-02-17 20:48:40,520 (server:336) INFO: ----------- Starting a new training round (Round #3) -------------[0m
[33;20m2023-02-17 20:48:42,444 (context:294) WARNING: No val_data or val_loader in the trainer, will skip evaluation.If this is not the case you want, please check whether there is typo for the name[0m
[38;5;39m2023-02-17 20:48:49,490 (client:306) INFO: {'Role': 'Client #1', 'Round': 3, 'Results_raw': {'train_f1': 0.694184, 'train_correct': 707.0, 'train_loss': 420.683508, 'train_avg_loss': 0.479685, 'train_acc': 0.806157, 'train_total': 877}}[0m
[38;5;39m2023-02-17 20:48:49,491 (server:590) INFO: {'Role': 'Server #', 'Round': 2, 'Results_weighted_avg': {'test_f1': 0.672682, 'test_correct': 171.0, 'test_loss': 122.46757, 'test_avg_loss': 0.556671, 'test_acc': 0.777273, 'test_total': 220.0}, 'Results_avg': {'test_f1': 0.672682, 'test_correct': 171.0, 'test_loss': 122.46757, 'test_avg_loss': 0.556671, 'test_acc': 0.777273, 'test_total': 220.0}, 'Results_fairness': {'test_f1': [0.672682], 'test_correct': 171.0, 'test_loss': [122.46757], 'test_avg_loss': [0.556671], 'test_acc': [0.777273], 'test_total': 220.0}}[0m
[38;5;39m2023-02-17 20:48:49,492 (monitor:541) INFO: {'Role': 'Server #', 'Round': 3, 'Results_model_metric': {}}[0m
[38;5;39m2023-02-17 20:48:49,512 (server:330) INFO: Server: Starting evaluation at the end of round 3.[0m
[38;5;39m2023-02-17 20:48:49,512 (server:336) INFO: ----------- Starting a new training round (Round #4) -------------[0m
[33;20m2023-02-17 20:48:51,430 (context:294) WARNING: No val_data or val_loader in the trainer, will skip evaluation.If this is not the case you want, please check whether there is typo for the name[0m
[38;5;39m2023-02-17 20:48:58,487 (client:306) INFO: {'Role': 'Client #1', 'Round': 4, 'Results_raw': {'train_f1': 0.756766, 'train_correct': 737.0, 'train_loss': 367.190823, 'train_avg_loss': 0.41869, 'train_acc': 0.840365, 'train_total': 877}}[0m
[38;5;39m2023-02-17 20:48:58,488 (server:590) INFO: {'Role': 'Server #', 'Round': 3, 'Results_weighted_avg': {'test_f1': 0.59451, 'test_correct': 141.0, 'test_loss': 163.357165, 'test_avg_loss': 0.742533, 'test_acc': 0.640909, 'test_total': 220.0}, 'Results_avg': {'test_f1': 0.59451, 'test_correct': 141.0, 'test_loss': 163.357165, 'test_avg_loss': 0.742533, 'test_acc': 0.640909, 'test_total': 220.0}, 'Results_fairness': {'test_f1': [0.59451], 'test_correct': 141.0, 'test_loss': [163.357165], 'test_avg_loss': [0.742533], 'test_acc': [0.640909], 'test_total': 220.0}}[0m
[38;5;39m2023-02-17 20:48:58,489 (monitor:541) INFO: {'Role': 'Server #', 'Round': 4, 'Results_model_metric': {}}[0m
[38;5;39m2023-02-17 20:48:58,509 (server:330) INFO: Server: Starting evaluation at the end of round 4.[0m
[38;5;39m2023-02-17 20:48:58,509 (server:336) INFO: ----------- Starting a new training round (Round #5) -------------[0m
[33;20m2023-02-17 20:49:00,432 (context:294) WARNING: No val_data or val_loader in the trainer, will skip evaluation.If this is not the case you want, please check whether there is typo for the name[0m
[38;5;39m2023-02-17 20:49:07,528 (client:306) INFO: {'Role': 'Client #1', 'Round': 5, 'Results_raw': {'train_f1': 0.779267, 'train_correct': 744.0, 'train_loss': 307.035547, 'train_avg_loss': 0.350098, 'train_acc': 0.848347, 'train_total': 877}}[0m
[38;5;39m2023-02-17 20:49:07,529 (server:590) INFO: {'Role': 'Server #', 'Round': 4, 'Results_weighted_avg': {'test_f1': 0.669308, 'test_correct': 181.0, 'test_loss': 88.578362, 'test_avg_loss': 0.402629, 'test_acc': 0.822727, 'test_total': 220.0}, 'Results_avg': {'test_f1': 0.669308, 'test_correct': 181.0, 'test_loss': 88.578362, 'test_avg_loss': 0.402629, 'test_acc': 0.822727, 'test_total': 220.0}, 'Results_fairness': {'test_f1': [0.669308], 'test_correct': 181.0, 'test_loss': [88.578362], 'test_avg_loss': [0.402629], 'test_acc': [0.822727], 'test_total': 220.0}}[0m
[38;5;39m2023-02-17 20:49:07,530 (monitor:541) INFO: {'Role': 'Server #', 'Round': 5, 'Results_model_metric': {}}[0m
[38;5;39m2023-02-17 20:49:07,551 (server:330) INFO: Server: Starting evaluation at the end of round 5.[0m
[38;5;39m2023-02-17 20:49:07,551 (server:336) INFO: ----------- Starting a new training round (Round #6) -------------[0m
[33;20m2023-02-17 20:49:09,495 (context:294) WARNING: No val_data or val_loader in the trainer, will skip evaluation.If this is not the case you want, please check whether there is typo for the name[0m
[38;5;39m2023-02-17 20:49:16,615 (client:306) INFO: {'Role': 'Client #1', 'Round': 6, 'Results_raw': {'train_f1': 0.838333, 'train_correct': 790.0, 'train_loss': 235.463583, 'train_avg_loss': 0.268488, 'train_acc': 0.900798, 'train_total': 877}}[0m
[38;5;39m2023-02-17 20:49:16,616 (server:590) INFO: {'Role': 'Server #', 'Round': 5, 'Results_weighted_avg': {'test_f1': 0.805359, 'test_correct': 201.0, 'test_loss': 53.749954, 'test_avg_loss': 0.244318, 'test_acc': 0.913636, 'test_total': 220.0}, 'Results_avg': {'test_f1': 0.805359, 'test_correct': 201.0, 'test_loss': 53.749954, 'test_avg_loss': 0.244318, 'test_acc': 0.913636, 'test_total': 220.0}, 'Results_fairness': {'test_f1': [0.805359], 'test_correct': 201.0, 'test_loss': [53.749954], 'test_avg_loss': [0.244318], 'test_acc': [0.913636], 'test_total': 220.0}}[0m
[38;5;39m2023-02-17 20:49:16,617 (monitor:541) INFO: {'Role': 'Server #', 'Round': 6, 'Results_model_metric': {}}[0m
[38;5;39m2023-02-17 20:49:16,637 (server:330) INFO: Server: Starting evaluation at the end of round 6.[0m
[38;5;39m2023-02-17 20:49:16,638 (server:336) INFO: ----------- Starting a new training round (Round #7) -------------[0m
[33;20m2023-02-17 20:49:18,571 (context:294) WARNING: No val_data or val_loader in the trainer, will skip evaluation.If this is not the case you want, please check whether there is typo for the name[0m
[38;5;39m2023-02-17 20:49:25,679 (client:306) INFO: {'Role': 'Client #1', 'Round': 7, 'Results_raw': {'train_f1': 0.852135, 'train_correct': 792.0, 'train_loss': 223.571093, 'train_avg_loss': 0.254927, 'train_acc': 0.903079, 'train_total': 877}}[0m
[38;5;39m2023-02-17 20:49:25,680 (server:590) INFO: {'Role': 'Server #', 'Round': 6, 'Results_weighted_avg': {'test_f1': 0.837907, 'test_correct': 196.0, 'test_loss': 58.593188, 'test_avg_loss': 0.266333, 'test_acc': 0.890909, 'test_total': 220.0}, 'Results_avg': {'test_f1': 0.837907, 'test_correct': 196.0, 'test_loss': 58.593188, 'test_avg_loss': 0.266333, 'test_acc': 0.890909, 'test_total': 220.0}, 'Results_fairness': {'test_f1': [0.837907], 'test_correct': 196.0, 'test_loss': [58.593188], 'test_avg_loss': [0.266333], 'test_acc': [0.890909], 'test_total': 220.0}}[0m
[38;5;39m2023-02-17 20:49:25,681 (monitor:541) INFO: {'Role': 'Server #', 'Round': 7, 'Results_model_metric': {}}[0m
[38;5;39m2023-02-17 20:49:25,702 (server:330) INFO: Server: Starting evaluation at the end of round 7.[0m
[38;5;39m2023-02-17 20:49:25,702 (server:336) INFO: ----------- Starting a new training round (Round #8) -------------[0m
[33;20m2023-02-17 20:49:27,638 (context:294) WARNING: No val_data or val_loader in the trainer, will skip evaluation.If this is not the case you want, please check whether there is typo for the name[0m
[38;5;39m2023-02-17 20:49:34,725 (client:306) INFO: {'Role': 'Client #1', 'Round': 8, 'Results_raw': {'train_f1': 0.848239, 'train_correct': 800.0, 'train_loss': 196.213359, 'train_avg_loss': 0.223732, 'train_acc': 0.912201, 'train_total': 877}}[0m
[38;5;39m2023-02-17 20:49:34,726 (server:590) INFO: {'Role': 'Server #', 'Round': 7, 'Results_weighted_avg': {'test_f1': 0.777507, 'test_correct': 188.0, 'test_loss': 76.326411, 'test_avg_loss': 0.346938, 'test_acc': 0.854545, 'test_total': 220.0}, 'Results_avg': {'test_f1': 0.777507, 'test_correct': 188.0, 'test_loss': 76.326411, 'test_avg_loss': 0.346938, 'test_acc': 0.854545, 'test_total': 220.0}, 'Results_fairness': {'test_f1': [0.777507], 'test_correct': 188.0, 'test_loss': [76.326411], 'test_avg_loss': [0.346938], 'test_acc': [0.854545], 'test_total': 220.0}}[0m
[38;5;39m2023-02-17 20:49:34,727 (monitor:541) INFO: {'Role': 'Server #', 'Round': 8, 'Results_model_metric': {}}[0m
[38;5;39m2023-02-17 20:49:34,747 (server:330) INFO: Server: Starting evaluation at the end of round 8.[0m
[38;5;39m2023-02-17 20:49:34,748 (server:336) INFO: ----------- Starting a new training round (Round #9) -------------[0m
[33;20m2023-02-17 20:49:36,686 (context:294) WARNING: No val_data or val_loader in the trainer, will skip evaluation.If this is not the case you want, please check whether there is typo for the name[0m
[38;5;39m2023-02-17 20:49:43,771 (client:306) INFO: {'Role': 'Client #1', 'Round': 9, 'Results_raw': {'train_f1': 0.901182, 'train_correct': 825.0, 'train_loss': 156.069285, 'train_avg_loss': 0.177958, 'train_acc': 0.940707, 'train_total': 877}}[0m
[38;5;39m2023-02-17 20:49:43,772 (server:590) INFO: {'Role': 'Server #', 'Round': 8, 'Results_weighted_avg': {'test_f1': 0.841621, 'test_correct': 199.0, 'test_loss': 46.775071, 'test_avg_loss': 0.212614, 'test_acc': 0.904545, 'test_total': 220.0}, 'Results_avg': {'test_f1': 0.841621, 'test_correct': 199.0, 'test_loss': 46.775071, 'test_avg_loss': 0.212614, 'test_acc': 0.904545, 'test_total': 220.0}, 'Results_fairness': {'test_f1': [0.841621], 'test_correct': 199.0, 'test_loss': [46.775071], 'test_avg_loss': [0.212614], 'test_acc': [0.904545], 'test_total': 220.0}}[0m
[38;5;39m2023-02-17 20:49:43,773 (monitor:541) INFO: {'Role': 'Server #', 'Round': 9, 'Results_model_metric': {}}[0m
[38;5;39m2023-02-17 20:49:43,793 (server:347) INFO: Server: Training is finished! Starting evaluation.[0m
[33;20m2023-02-17 20:49:45,732 (context:294) WARNING: No val_data or val_loader in the trainer, will skip evaluation.If this is not the case you want, please check whether there is typo for the name[0m
[38;5;39m2023-02-17 20:49:45,733 (server:590) INFO: {'Role': 'Server #', 'Round': 9, 'Results_weighted_avg': {'test_f1': 0.923187, 'test_correct': 209.0, 'test_loss': 34.824589, 'test_avg_loss': 0.158294, 'test_acc': 0.95, 'test_total': 220.0}, 'Results_avg': {'test_f1': 0.923187, 'test_correct': 209.0, 'test_loss': 34.824589, 'test_avg_loss': 0.158294, 'test_acc': 0.95, 'test_total': 220.0}, 'Results_fairness': {'test_f1': [0.923187], 'test_correct': 209.0, 'test_loss': [34.824589], 'test_avg_loss': [0.158294], 'test_acc': [0.95], 'test_total': 220.0}}[0m
[38;5;39m2023-02-17 20:49:45,733 (server:395) INFO: Server: Final evaluation is finished! Starting merging results.[0m
[38;5;39m2023-02-17 20:49:45,734 (server:521) INFO: {'Role': 'Server #', 'Round': 'Final', 'Results_raw': {'client_best_individual': {'test_loss': 34.824589, 'test_f1': 0.923187, 'test_correct': 209.0, 'test_avg_loss': 0.158294, 'test_acc': 0.95, 'test_total': 220.0}, 'client_summarized_weighted_avg': {'test_loss': 34.824589, 'test_f1': 0.923187, 'test_correct': 209.0, 'test_avg_loss': 0.158294, 'test_acc': 0.95, 'test_total': 220.0}, 'client_summarized_avg': {'test_loss': 34.824589, 'test_f1': 0.923187, 'test_correct': 209.0, 'test_avg_loss': 0.158294, 'test_acc': 0.95, 'test_total': 220.0}, 'client_summarized_fairness': {'test_loss': [34.824589], 'test_f1': [0.923187], 'test_correct': 209.0, 'test_avg_loss': [0.158294], 'test_acc': [0.95], 'test_total': 220.0}}}[0m
[38;5;39m2023-02-17 20:49:45,734 (server:540) INFO: {'Role': 'Client #1', 'Round': 10, 'Results_raw': {'test_f1': 0.923187, 'test_correct': 209.0, 'test_loss': 34.824589, 'test_avg_loss': 0.158294, 'test_acc': 0.95, 'test_total': 220}}[0m
[38;5;39m2023-02-17 20:49:45,735 (monitor:172) INFO: In worker #0, the system-related metrics are: {'id': 0, 'fl_end_time_minutes': 1.582156, 'total_model_size': 0, 'total_flops': 0, 'total_upload_bytes': 1280, 'total_download_bytes': 9816, 'global_convergence_round': 0, 'local_convergence_round': 0, 'global_convergence_time_minutes': 0, 'local_convergence_time_minutes': 0}[0m
[38;5;39m2023-02-17 20:49:45,736 (client:513) INFO: ================= client 1 received finish message =================[0m
[38;5;39m2023-02-17 20:49:45,756 (monitor:172) INFO: In worker #1, the system-related metrics are: {'id': 1, 'fl_end_time_minutes': 1.573306, 'total_model_size': 82102974, 'total_flops': 2073639979520.0, 'total_upload_bytes': 10736, 'total_download_bytes': 1280, 'global_convergence_round': 0, 'local_convergence_round': 0, 'global_convergence_time_minutes': 0, 'local_convergence_time_minutes': 0}[0m
[38;5;39m2023-02-17 20:49:45,757 (monitor:337) INFO: We will compress the file eval_results.raw into a .gz file, and delete the old one[0m
[38;5;39m2023-02-17 20:49:45,758 (monitor:245) INFO: After merging the system metrics from all works, we got avg: defaultdict(None, {'id': 'sys_avg', 'sys_avg/fl_end_time_minutes': 1.577731, 'sys_avg/total_model_size': '39.15M', 'sys_avg/total_flops': '965.61G', 'sys_avg/total_upload_bytes': '5.87K', 'sys_avg/total_download_bytes': '5.42K', 'sys_avg/global_convergence_round': 0.0, 'sys_avg/local_convergence_round': 0.0, 'sys_avg/global_convergence_time_minutes': 0.0, 'sys_avg/local_convergence_time_minutes': 0.0})[0m
[38;5;39m2023-02-17 20:49:45,758 (monitor:248) INFO: After merging the system metrics from all works, we got std: defaultdict(None, {'id': 'sys_std', 'sys_std/fl_end_time_minutes': 0.004425, 'sys_std/total_model_size': '39.15M', 'sys_std/total_flops': '965.61G', 'sys_std/total_upload_bytes': '4.62K', 'sys_std/total_download_bytes': '4.17K', 'sys_std/global_convergence_round': 0.0, 'sys_std/local_convergence_round': 0.0, 'sys_std/global_convergence_time_minutes': 0.0, 'sys_std/local_convergence_time_minutes': 0.0})[0m
None
220
<generator object BaseDataTranslator.split_to_client.<locals>.<genexpr> at 0x7f85e2194190>
__cfg_check_funcs__: []
__help_info__: {}
contrast_temp: 1.0
contrast_topk: 100
downstream_tasks: []
dropout: 0.0
embed_size: 8
gamma: 0
graph_pooling: mean
hidden: 2048
in_channels: 0
input_shape: ()
is_ready_for_run: False
label_smoothing: 0.1
lambda_: 0.1
layer: 2
length_penalty: 2.0
max_answer_len: 30
max_length: 200
max_tree_depth: 3
min_length: 1
model_num_per_trainer: 1
model_type: google/bert_uncased_L-2_H-128_A-2
n_best_size: 20
no_repeat_ngram_size: 3
null_score_diff_threshold: 0.0
num_beams: 5
num_item: 0
num_labels: 1
num_of_trees: 10
num_user: 0
out_channels: 62
pretrain_tasks: []
stage: 
task: node
type: convnet2
use_bias: True
use_contrastive_loss: False
torch
__cfg_check_funcs__: []
__help_info__: {}
contrast_temp: 1.0
contrast_topk: 100
downstream_tasks: []
dropout: 0.0
embed_size: 8
gamma: 0
graph_pooling: mean
hidden: 2048
in_channels: 0
input_shape: ()
is_ready_for_run: False
label_smoothing: 0.1
lambda_: 0.1
layer: 2
length_penalty: 2.0
max_answer_len: 30
max_length: 200
max_tree_depth: 3
min_length: 1
model_num_per_trainer: 1
model_type: google/bert_uncased_L-2_H-128_A-2
n_best_size: 20
no_repeat_ngram_size: 3
null_score_diff_threshold: 0.0
num_beams: 5
num_item: 0
num_labels: 1
num_of_trees: 10
num_user: 0
out_channels: 62
pretrain_tasks: []
stage: 
task: node
type: convnet2
use_bias: True
use_contrastive_loss: False
torch
2023-02-24 21:10:07.004964: I tensorflow/core/platform/cpu_feature_guard.cc:193] This TensorFlow binary is optimized with oneAPI Deep Neural Network Library (oneDNN) to use the following CPU instructions in performance-critical operations:  SSE4.1 SSE4.2 AVX AVX2 FMA
To enable them in other operations, rebuild TensorFlow with the appropriate compiler flags.
<frozen importlib._bootstrap>:228: RuntimeWarning: scipy._lib.messagestream.MessageStream size changed, may indicate binary incompatibility. Expected 56 from C header, got 64 from PyObject
2023-02-24 21:10:09,921 (cfg_data:145)WARNING: config `cfg.data.batch_size` will be removed in the future, use `cfg.dataloader.batch_size` instead.
2023-02-24 21:10:09,921 (cfg_fl_setting:123)WARNING: In local/global training mode, the sampling related configs are in-valid, we will use all clients. 
2023-02-24 21:10:09,921 (cfg_data:145)WARNING: config `cfg.data.batch_size` will be removed in the future, use `cfg.dataloader.batch_size` instead.
2023-02-24 21:10:09,921 (cfg_fl_setting:123)WARNING: In local/global training mode, the sampling related configs are in-valid, we will use all clients. 
2023-02-24 21:10:09,921 (cfg_data:145)WARNING: config `cfg.data.batch_size` will be removed in the future, use `cfg.dataloader.batch_size` instead.
2023-02-24 21:10:09,921 (cfg_fl_setting:123)WARNING: In local/global training mode, the sampling related configs are in-valid, we will use all clients. 
[38;5;39m2023-02-24 21:10:09,934 (logging:124) INFO: the current machine is at 192.168.0.1[0m
[38;5;39m2023-02-24 21:10:09,935 (logging:126) INFO: the current dir is /home/ubuntu/FederatedScope[0m
[38;5;39m2023-02-24 21:10:09,935 (logging:127) INFO: the output dir is exp/global_convnet5_on_lung100_lr0.01_lstep1/sub_exp_20230224211009[0m
[38;5;39m2023-02-24 21:10:21,256 (base_data:87) INFO: Will merge data from clients whose ids in [1, 10][0m
[33;20m2023-02-24 21:10:21,275 (cfg_data:145) WARNING: config `cfg.data.batch_size` will be removed in the future, use `cfg.dataloader.batch_size` instead.[0m
[33;20m2023-02-24 21:10:21,275 (cfg_fl_setting:123) WARNING: In local/global training mode, the sampling related configs are in-valid, we will use all clients. [0m
[38;5;39m2023-02-24 21:10:21,275 (cfg_fl_setting:128) INFO: In global training mode, we will put all data in a proxy client. [0m
[33;20m2023-02-24 21:10:21,276 (cfg_data:145) WARNING: config `cfg.data.batch_size` will be removed in the future, use `cfg.dataloader.batch_size` instead.[0m
[33;20m2023-02-24 21:10:21,276 (cfg_fl_setting:123) WARNING: In local/global training mode, the sampling related configs are in-valid, we will use all clients. [0m
[38;5;39m2023-02-24 21:10:21,276 (cfg_fl_setting:128) INFO: In global training mode, we will put all data in a proxy client. [0m
[38;5;39m2023-02-24 21:10:21,301 (config:243) INFO: the used configs are: 
aggregator:
  inside_weight: 1.0
  num_agg_groups: 1
  num_agg_topk: []
  outside_weight: 0.0
asyn:
  use: False
attack:
  alpha_TV: 0.001
  alpha_prop_loss: 0
  attack_method: 
  attacker_id: -1
  classifier_PIA: randomforest
  edge_num: 100
  edge_path: edge_data/
  freq: 10
  info_diff_type: l2
  inject_round: 0
  insert_round: 100000
  label_type: dirty
  max_ite: 400
  mean: [0.1307]
  mia_is_simulate_in: False
  mia_simulate_in_round: 20
  pgd_eps: 2
  pgd_lr: 0.1
  pgd_poisoning: False
  poison_ratio: 0.5
  reconstruct_lr: 0.01
  reconstruct_optim: Adam
  scale_para: 1.0
  scale_poisoning: False
  self_epoch: 6
  self_lr: 0.05
  self_opt: False
  setting: fix
  std: [0.3081]
  target_label_ind: -1
  trigger_path: trigger/
  trigger_type: edge
backend: torch
cfg_file: 
check_completeness: False
criterion:
  type: CrossEntropyLoss
data:
  args: []
  batch_size: 16
  cSBM_phi: [0.5, 0.5, 0.5]
  cache_dir: 
  consistent_label_distribution: False
  drop_last: False
  hetero_data_name: []
  hetero_synth_batch_size: 32
  hetero_synth_feat_dim: 128
  hetero_synth_prim_weight: 0.5
  is_debug: False
  loader: 
  max_query_len: 128
  max_seq_len: 384
  max_tgt_len: 128
  num_contrast: 0
  num_of_client_for_data: []
  num_steps: 30
  num_workers: 0
  pre_transform: []
  quadratic:
    dim: 1
    max_curv: 12.5
    min_curv: 0.02
  root: data/
  save_data: False
  server_holds_all: False
  shuffle: True
  sizes: [10, 5]
  splits: [0.8, 0, 0.2]
  splitter: lda
  splitter_args: [{'alpha': 0.3}]
  subsample: 1.0
  target_transform: []
  test_pre_transform: []
  test_target_transform: []
  test_transform: []
  transform: []
  trunc_stride: 128
  type: lung100
  val_pre_transform: []
  val_target_transform: []
  val_transform: []
  walk_length: 2
dataloader:
  batch_size: 16
  drop_last: False
  num_steps: 30
  num_workers: 0
  pin_memory: False
  shuffle: True
  sizes: [10, 5]
  theta: -1
  type: base
  walk_length: 2
device: 0
distribute:
  use: False
early_stop:
  delta: 0.0
  improve_indicator_mode: best
  patience: 5
eval:
  best_res_update_round_wise_key: test_loss
  count_flops: True
  freq: 1
  metrics: ['acc', 'correct', 'f1']
  monitoring: []
  report: ['weighted_avg', 'avg', 'fairness', 'raw']
  split: ['test', 'val']
expname: global_convnet5_on_lung100_lr0.01_lstep1
expname_tag: 
feat_engr:
  num_bins: 5
  scenario: hfl
  secure:
    dp:
      
    encrypt:
      type: dummy
    key_size: 3072
    type: encrypt
  selec_threshold: 0.05
  selec_woe_binning: quantile
  type: 
federate:
  atc_load_from: 
  atc_vanilla: False
  client_num: 10
  data_weighted_aggr: False
  ignore_weight: False
  join_in_info: []
  make_global_eval: False
  merge_test_data: False
  method: global
  mode: standalone
  online_aggr: False
  resource_info_file: 
  restore_from: 
  sample_client_num: 10
  sample_client_rate: -1.0
  sampler: uniform
  save_to: 
  share_local_model: False
  total_round_num: 10
  unseen_clients_rate: 0.0
  use_diff: False
  use_ss: False
fedopt:
  use: False
fedprox:
  use: False
fedsageplus:
  a: 1.0
  b: 1.0
  c: 1.0
  fedgen_epoch: 200
  gen_hidden: 128
  hide_portion: 0.5
  loc_epoch: 1
  num_pred: 5
finetune:
  batch_or_epoch: epoch
  before_eval: False
  freeze_param: 
  local_update_steps: 1
  optimizer:
    lr: 0.1
    type: SGD
  scheduler:
    type: 
    warmup_ratio: 0.0
flitplus:
  factor_ema: 0.8
  lambdavat: 0.5
  tmpFed: 0.5
  weightReg: 1.0
gcflplus:
  EPS_1: 0.05
  EPS_2: 0.1
  seq_length: 5
  standardize: False
grad:
  grad_accum_count: 1
  grad_clip: 5.0
hpo:
  fedex:
    cutoff: 0.0
    diff: False
    eta0: -1.0
    flatten_ss: True
    gamma: 0.0
    pi_lr: 0.01
    psn: False
    sched: auto
    ss: 
    use: False
  init_cand_num: 16
  larger_better: False
  metric: client_summarized_weighted_avg.val_loss
  num_workers: 0
  pbt:
    max_stage: 5
    perf_threshold: 0.1
  scheduler: rs
  sha:
    budgets: []
    elim_rate: 3
    iter: 0
  ss: 
  table:
    eps: 0.1
    idx: 0
    num: 27
  working_folder: hpo
model:
  contrast_temp: 1.0
  contrast_topk: 100
  downstream_tasks: []
  dropout: 0.0
  embed_size: 8
  gamma: 0
  graph_pooling: mean
  hidden: 2048
  in_channels: 0
  input_shape: ()
  label_smoothing: 0.1
  lambda_: 0.1
  layer: 2
  length_penalty: 2.0
  max_answer_len: 30
  max_length: 200
  max_tree_depth: 3
  min_length: 1
  model_num_per_trainer: 1
  model_type: google/bert_uncased_L-2_H-128_A-2
  n_best_size: 20
  no_repeat_ngram_size: 3
  null_score_diff_threshold: 0.0
  num_beams: 5
  num_item: 0
  num_labels: 1
  num_of_trees: 10
  num_user: 0
  out_channels: 62
  pretrain_tasks: []
  stage: 
  task: node
  type: convnet5
  use_bias: True
  use_contrastive_loss: False
nbafl:
  use: False
outdir: exp/global_convnet5_on_lung100_lr0.01_lstep1/sub_exp_20230224211009
personalization:
  K: 5
  beta: 1.0
  local_param: []
  local_update_steps: 1
  lr: 0.01
  regular_weight: 0.1
  share_non_trainable_para: False
print_decimal_digits: 6
regularizer:
  mu: 0.0
  type: 
seed: 2
sgdmf:
  use: False
train:
  batch_or_epoch: epoch
  local_update_steps: 1
  optimizer:
    lr: 0.01
    type: SGD
    weight_decay: 0.0
  scheduler:
    type: 
    warmup_ratio: 0.0
trainer:
  disp_freq: 50
  local_entropy:
    alpha: 0.75
    eps: 0.001
    gamma: 0.0001
  sam:
    adaptive: False
    eta: 0.0
    rho: 1.0
  type: cvtrainer
  val_freq: 100000000
use_gpu: True
verbose: 1
vertical:
  use: False
wandb:
  use: False[0m
[33;20m2023-02-24 21:10:21,302 (worker_builder:174) WARNING: Server for method global is not implemented. Will use default one[0m
[33;20m2023-02-24 21:10:21,302 (worker_builder:71) WARNING: Clients for method global is not implemented. Will use default one[0m
[38;5;39m2023-02-24 21:10:21,429 (utils:144) INFO: The device information file is not provided[0m
[33;20m2023-02-24 21:10:21,465 (cfg_data:145) WARNING: config `cfg.data.batch_size` will be removed in the future, use `cfg.dataloader.batch_size` instead.[0m
[33;20m2023-02-24 21:10:21,465 (cfg_fl_setting:123) WARNING: In local/global training mode, the sampling related configs are in-valid, we will use all clients. [0m
[38;5;39m2023-02-24 21:10:21,465 (cfg_fl_setting:128) INFO: In global training mode, we will put all data in a proxy client. [0m
[38;5;39m2023-02-24 21:10:21,492 (config:243) INFO: the used configs are: 
aggregator:
  inside_weight: 1.0
  num_agg_groups: 1
  num_agg_topk: []
  outside_weight: 0.0
asyn:
  use: False
attack:
  alpha_TV: 0.001
  alpha_prop_loss: 0
  attack_method: 
  attacker_id: -1
  classifier_PIA: randomforest
  edge_num: 100
  edge_path: edge_data/
  freq: 10
  info_diff_type: l2
  inject_round: 0
  insert_round: 100000
  label_type: dirty
  max_ite: 400
  mean: [0.1307]
  mia_is_simulate_in: False
  mia_simulate_in_round: 20
  pgd_eps: 2
  pgd_lr: 0.1
  pgd_poisoning: False
  poison_ratio: 0.5
  reconstruct_lr: 0.01
  reconstruct_optim: Adam
  scale_para: 1.0
  scale_poisoning: False
  self_epoch: 6
  self_lr: 0.05
  self_opt: False
  setting: fix
  std: [0.3081]
  target_label_ind: -1
  trigger_path: trigger/
  trigger_type: edge
backend: torch
cfg_file: 
check_completeness: False
criterion:
  type: CrossEntropyLoss
data:
  args: []
  batch_size: 16
  cSBM_phi: [0.5, 0.5, 0.5]
  cache_dir: 
  consistent_label_distribution: False
  drop_last: False
  hetero_data_name: []
  hetero_synth_batch_size: 32
  hetero_synth_feat_dim: 128
  hetero_synth_prim_weight: 0.5
  is_debug: False
  loader: 
  max_query_len: 128
  max_seq_len: 384
  max_tgt_len: 128
  num_contrast: 0
  num_of_client_for_data: []
  num_steps: 30
  num_workers: 0
  pre_transform: []
  quadratic:
    dim: 1
    max_curv: 12.5
    min_curv: 0.02
  root: data/
  save_data: False
  server_holds_all: False
  shuffle: True
  sizes: [10, 5]
  splits: [0.8, 0, 0.2]
  splitter: lda
  splitter_args: [{'alpha': 0.3}]
  subsample: 1.0
  target_transform: []
  test_pre_transform: []
  test_target_transform: []
  test_transform: []
  transform: []
  trunc_stride: 128
  type: lung100
  val_pre_transform: []
  val_target_transform: []
  val_transform: []
  walk_length: 2
dataloader:
  batch_size: 16
  drop_last: False
  num_steps: 30
  num_workers: 0
  pin_memory: False
  shuffle: True
  sizes: [10, 5]
  theta: -1
  type: base
  walk_length: 2
device: 0
distribute:
  use: False
early_stop:
  delta: 0.0
  improve_indicator_mode: best
  patience: 5
eval:
  best_res_update_round_wise_key: test_loss
  count_flops: True
  freq: 1
  metrics: ['acc', 'correct', 'f1']
  monitoring: []
  report: ['weighted_avg', 'avg', 'fairness', 'raw']
  split: ['test', 'val']
expname: global_convnet5_on_lung100_lr0.01_lstep1
expname_tag: 
feat_engr:
  num_bins: 5
  scenario: hfl
  secure:
    dp:
      
    encrypt:
      type: dummy
    key_size: 3072
    type: encrypt
  selec_threshold: 0.05
  selec_woe_binning: quantile
  type: 
federate:
  atc_load_from: 
  atc_vanilla: False
  client_num: 1
  data_weighted_aggr: False
  ignore_weight: False
  join_in_info: []
  make_global_eval: False
  merge_test_data: False
  method: global
  mode: standalone
  online_aggr: False
  resource_info_file: 
  restore_from: 
  sample_client_num: 1
  sample_client_rate: -1.0
  sampler: uniform
  save_to: 
  share_local_model: False
  total_round_num: 10
  unseen_clients_rate: 0.0
  use_diff: False
  use_ss: False
fedopt:
  use: False
fedprox:
  use: False
fedsageplus:
  a: 1.0
  b: 1.0
  c: 1.0
  fedgen_epoch: 200
  gen_hidden: 128
  hide_portion: 0.5
  loc_epoch: 1
  num_pred: 5
finetune:
  batch_or_epoch: epoch
  before_eval: False
  freeze_param: 
  local_update_steps: 1
  optimizer:
    lr: 0.1
    type: SGD
  scheduler:
    type: 
    warmup_ratio: 0.0
flitplus:
  factor_ema: 0.8
  lambdavat: 0.5
  tmpFed: 0.5
  weightReg: 1.0
gcflplus:
  EPS_1: 0.05
  EPS_2: 0.1
  seq_length: 5
  standardize: False
grad:
  grad_accum_count: 1
  grad_clip: 5.0
hpo:
  fedex:
    cutoff: 0.0
    diff: False
    eta0: -1.0
    flatten_ss: True
    gamma: 0.0
    pi_lr: 0.01
    psn: False
    sched: auto
    ss: 
    use: False
  init_cand_num: 16
  larger_better: False
  metric: client_summarized_weighted_avg.val_loss
  num_workers: 0
  pbt:
    max_stage: 5
    perf_threshold: 0.1
  scheduler: rs
  sha:
    budgets: []
    elim_rate: 3
    iter: 0
  ss: 
  table:
    eps: 0.1
    idx: 0
    num: 27
  working_folder: hpo
model:
  contrast_temp: 1.0
  contrast_topk: 100
  downstream_tasks: []
  dropout: 0.0
  embed_size: 8
  gamma: 0
  graph_pooling: mean
  hidden: 2048
  in_channels: 0
  input_shape: ()
  label_smoothing: 0.1
  lambda_: 0.1
  layer: 2
  length_penalty: 2.0
  max_answer_len: 30
  max_length: 200
  max_tree_depth: 3
  min_length: 1
  model_num_per_trainer: 1
  model_type: google/bert_uncased_L-2_H-128_A-2
  n_best_size: 20
  no_repeat_ngram_size: 3
  null_score_diff_threshold: 0.0
  num_beams: 5
  num_item: 0
  num_labels: 1
  num_of_trees: 10
  num_user: 0
  out_channels: 62
  pretrain_tasks: []
  stage: 
  task: node
  type: convnet5
  use_bias: True
  use_contrastive_loss: False
nbafl:
  use: False
outdir: exp/global_convnet5_on_lung100_lr0.01_lstep1/sub_exp_20230224211009
personalization:
  K: 5
  beta: 1.0
  local_param: []
  local_update_steps: 1
  lr: 0.01
  regular_weight: 0.1
  share_non_trainable_para: False
print_decimal_digits: 6
regularizer:
  mu: 0.0
  type: 
seed: 2
sgdmf:
  use: False
train:
  batch_or_epoch: epoch
  local_update_steps: 1
  optimizer:
    lr: 0.01
    type: SGD
    weight_decay: 0.0
  scheduler:
    type: 
    warmup_ratio: 0.0
trainer:
  disp_freq: 50
  local_entropy:
    alpha: 0.75
    eps: 0.001
    gamma: 0.0001
  sam:
    adaptive: False
    eta: 0.0
    rho: 1.0
  type: cvtrainer
  val_freq: 100000000
use_gpu: True
verbose: 1
vertical:
  use: False
wandb:
  use: False[0m
[38;5;39m2023-02-24 21:10:21,642 (fed_runner:169) INFO: Server has been set up ... [0m
[38;5;39m2023-02-24 21:10:21,791 (fed_runner:221) INFO: Client 1 has been set up ... [0m
[38;5;39m2023-02-24 21:10:21,791 (trainer:341) INFO: Model meta-info: <class 'federatedscope.cv.model.cnn.ConvNet5'>.[0m
[38;5;39m2023-02-24 21:10:21,791 (trainer:349) INFO: Num of original para names: 39.[0m
[38;5;39m2023-02-24 21:10:21,791 (trainer:350) INFO: Num of original trainable para names: 24.[0m
[38;5;39m2023-02-24 21:10:21,792 (trainer:352) INFO: Num of preserved para names in local update: 0. 
Preserved para names in local update: set().[0m
[38;5;39m2023-02-24 21:10:21,792 (trainer:356) INFO: Num of filtered para names in local update: 39. 
Filtered para names in local update: {'bn5.bias', 'conv5.weight', 'bn5.running_var', 'fc2.bias', 'conv5.bias', 'bn1.running_var', 'conv3.weight', 'conv2.bias', 'bn1.weight', 'bn5.weight', 'bn4.bias', 'bn3.running_mean', 'fc1.bias', 'bn3.running_var', 'conv4.weight', 'bn3.bias', 'bn2.weight', 'conv1.bias', 'bn1.running_mean', 'bn4.num_batches_tracked', 'bn2.running_mean', 'conv3.bias', 'bn4.running_mean', 'conv2.weight', 'bn1.bias', 'bn4.running_var', 'bn5.running_mean', 'bn2.running_var', 'conv4.bias', 'bn5.num_batches_tracked', 'fc1.weight', 'bn3.weight', 'bn2.num_batches_tracked', 'bn3.num_batches_tracked', 'bn4.weight', 'fc2.weight', 'bn1.num_batches_tracked', 'bn2.bias', 'conv1.weight'}.[0m
[38;5;39m2023-02-24 21:10:21,792 (trainer:361) INFO: After register default hooks,
	the hooks_in_train is:
	{
	  "on_fit_start": [
	    "_hook_on_fit_start_init",
	    "_hook_on_fit_start_calculate_model_size"
	  ],
	  "on_epoch_start": [
	    "_hook_on_epoch_start"
	  ],
	  "on_batch_start": [
	    "_hook_on_batch_start_init"
	  ],
	  "on_batch_forward": [
	    "_hook_on_batch_forward",
	    "_hook_on_batch_forward_regularizer",
	    "_hook_on_batch_forward_flop_count"
	  ],
	  "on_batch_backward": [
	    "_hook_on_batch_backward"
	  ],
	  "on_batch_end": [
	    "_hook_on_batch_end"
	  ],
	  "on_fit_end": [
	    "_hook_on_fit_end"
	  ]
	};
	the hooks_in_eval is:
            t{
	  "on_fit_start": [
	    "_hook_on_fit_start_init"
	  ],
	  "on_epoch_start": [
	    "_hook_on_epoch_start"
	  ],
	  "on_batch_start": [
	    "_hook_on_batch_start_init"
	  ],
	  "on_batch_forward": [
	    "_hook_on_batch_forward"
	  ],
	  "on_batch_end": [
	    "_hook_on_batch_end"
	  ],
	  "on_fit_end": [
	    "_hook_on_fit_end"
	  ]
	}[0m
[38;5;39m2023-02-24 21:10:21,801 (server:804) INFO: ----------- Starting training (Round #0) -------------[0m
Unsupported operator aten::max_pool2d encountered 5 time(s)
[38;5;39m2023-02-24 21:10:35,250 (client:306) INFO: {'Role': 'Client #1', 'Round': 0, 'Results_raw': {'train_correct': 555.0, 'train_acc': 0.632839, 'train_f1': 0.267002, 'train_total': 877, 'train_loss': 925.174213, 'train_avg_loss': 1.054931}}[0m
[38;5;39m2023-02-24 21:10:35,250 (monitor:541) INFO: {'Role': 'Server #', 'Round': 0, 'Results_model_metric': {}}[0m
[38;5;39m2023-02-24 21:10:35,256 (server:330) INFO: Server: Starting evaluation at the end of round 0.[0m
[38;5;39m2023-02-24 21:10:35,256 (server:336) INFO: ----------- Starting a new training round (Round #1) -------------[0m
[33;20m2023-02-24 21:10:37,572 (context:294) WARNING: No val_data or val_loader in the trainer, will skip evaluation.If this is not the case you want, please check whether there is typo for the name[0m
[38;5;39m2023-02-24 21:10:46,849 (client:306) INFO: {'Role': 'Client #1', 'Round': 1, 'Results_raw': {'train_correct': 684.0, 'train_acc': 0.779932, 'train_f1': 0.587294, 'train_total': 877, 'train_loss': 495.914768, 'train_avg_loss': 0.565467}}[0m
[38;5;39m2023-02-24 21:10:46,850 (server:590) INFO: {'Role': 'Server #', 'Round': 0, 'Results_weighted_avg': {'test_correct': 153.0, 'test_acc': 0.695455, 'test_f1': 0.489127, 'test_total': 220.0, 'test_loss': 157.942512, 'test_avg_loss': 0.717921}, 'Results_avg': {'test_correct': 153.0, 'test_acc': 0.695455, 'test_f1': 0.489127, 'test_total': 220.0, 'test_loss': 157.942512, 'test_avg_loss': 0.717921}, 'Results_fairness': {'test_correct': 153.0, 'test_acc': [0.695455], 'test_f1': [0.489127], 'test_total': 220.0, 'test_loss': [157.942512], 'test_avg_loss': [0.717921]}}[0m
[38;5;39m2023-02-24 21:10:46,851 (monitor:541) INFO: {'Role': 'Server #', 'Round': 1, 'Results_model_metric': {}}[0m
[38;5;39m2023-02-24 21:10:46,853 (server:330) INFO: Server: Starting evaluation at the end of round 1.[0m
[38;5;39m2023-02-24 21:10:46,853 (server:336) INFO: ----------- Starting a new training round (Round #2) -------------[0m
[33;20m2023-02-24 21:10:48,818 (context:294) WARNING: No val_data or val_loader in the trainer, will skip evaluation.If this is not the case you want, please check whether there is typo for the name[0m
[38;5;39m2023-02-24 21:10:57,994 (client:306) INFO: {'Role': 'Client #1', 'Round': 2, 'Results_raw': {'train_correct': 726.0, 'train_acc': 0.827822, 'train_f1': 0.627086, 'train_total': 877, 'train_loss': 377.363477, 'train_avg_loss': 0.430289}}[0m
[38;5;39m2023-02-24 21:10:57,995 (server:590) INFO: {'Role': 'Server #', 'Round': 1, 'Results_weighted_avg': {'test_correct': 183.0, 'test_acc': 0.831818, 'test_f1': 0.723151, 'test_total': 220.0, 'test_loss': 106.333026, 'test_avg_loss': 0.483332}, 'Results_avg': {'test_correct': 183.0, 'test_acc': 0.831818, 'test_f1': 0.723151, 'test_total': 220.0, 'test_loss': 106.333026, 'test_avg_loss': 0.483332}, 'Results_fairness': {'test_correct': 183.0, 'test_acc': [0.831818], 'test_f1': [0.723151], 'test_total': 220.0, 'test_loss': [106.333026], 'test_avg_loss': [0.483332]}}[0m
[38;5;39m2023-02-24 21:10:57,996 (monitor:541) INFO: {'Role': 'Server #', 'Round': 2, 'Results_model_metric': {}}[0m
[38;5;39m2023-02-24 21:10:57,997 (server:330) INFO: Server: Starting evaluation at the end of round 2.[0m
[38;5;39m2023-02-24 21:10:57,997 (server:336) INFO: ----------- Starting a new training round (Round #3) -------------[0m
[33;20m2023-02-24 21:11:00,173 (context:294) WARNING: No val_data or val_loader in the trainer, will skip evaluation.If this is not the case you want, please check whether there is typo for the name[0m
[38;5;39m2023-02-24 21:11:09,769 (client:306) INFO: {'Role': 'Client #1', 'Round': 3, 'Results_raw': {'train_correct': 758.0, 'train_acc': 0.86431, 'train_f1': 0.750615, 'train_total': 877, 'train_loss': 299.236391, 'train_avg_loss': 0.341205}}[0m
[38;5;39m2023-02-24 21:11:09,770 (server:590) INFO: {'Role': 'Server #', 'Round': 2, 'Results_weighted_avg': {'test_correct': 153.0, 'test_acc': 0.695455, 'test_f1': 0.516149, 'test_total': 220.0, 'test_loss': 163.162174, 'test_avg_loss': 0.741646}, 'Results_avg': {'test_correct': 153.0, 'test_acc': 0.695455, 'test_f1': 0.516149, 'test_total': 220.0, 'test_loss': 163.162174, 'test_avg_loss': 0.741646}, 'Results_fairness': {'test_correct': 153.0, 'test_acc': [0.695455], 'test_f1': [0.516149], 'test_total': 220.0, 'test_loss': [163.162174], 'test_avg_loss': [0.741646]}}[0m
[38;5;39m2023-02-24 21:11:09,771 (monitor:541) INFO: {'Role': 'Server #', 'Round': 3, 'Results_model_metric': {}}[0m
[38;5;39m2023-02-24 21:11:09,773 (server:330) INFO: Server: Starting evaluation at the end of round 3.[0m
[38;5;39m2023-02-24 21:11:09,773 (server:336) INFO: ----------- Starting a new training round (Round #4) -------------[0m
[33;20m2023-02-24 21:11:11,874 (context:294) WARNING: No val_data or val_loader in the trainer, will skip evaluation.If this is not the case you want, please check whether there is typo for the name[0m
[38;5;39m2023-02-24 21:11:21,776 (client:306) INFO: {'Role': 'Client #1', 'Round': 4, 'Results_raw': {'train_correct': 784.0, 'train_acc': 0.893957, 'train_f1': 0.795493, 'train_total': 877, 'train_loss': 246.983502, 'train_avg_loss': 0.281623}}[0m
[38;5;39m2023-02-24 21:11:21,777 (server:590) INFO: {'Role': 'Server #', 'Round': 3, 'Results_weighted_avg': {'test_correct': 177.0, 'test_acc': 0.804545, 'test_f1': 0.699737, 'test_total': 220.0, 'test_loss': 102.22443, 'test_avg_loss': 0.464657}, 'Results_avg': {'test_correct': 177.0, 'test_acc': 0.804545, 'test_f1': 0.699737, 'test_total': 220.0, 'test_loss': 102.22443, 'test_avg_loss': 0.464657}, 'Results_fairness': {'test_correct': 177.0, 'test_acc': [0.804545], 'test_f1': [0.699737], 'test_total': 220.0, 'test_loss': [102.22443], 'test_avg_loss': [0.464657]}}[0m
[38;5;39m2023-02-24 21:11:21,778 (monitor:541) INFO: {'Role': 'Server #', 'Round': 4, 'Results_model_metric': {}}[0m
[38;5;39m2023-02-24 21:11:21,780 (server:330) INFO: Server: Starting evaluation at the end of round 4.[0m
[38;5;39m2023-02-24 21:11:21,780 (server:336) INFO: ----------- Starting a new training round (Round #5) -------------[0m
[33;20m2023-02-24 21:11:23,841 (context:294) WARNING: No val_data or val_loader in the trainer, will skip evaluation.If this is not the case you want, please check whether there is typo for the name[0m
[38;5;39m2023-02-24 21:11:32,293 (client:306) INFO: {'Role': 'Client #1', 'Round': 5, 'Results_raw': {'train_correct': 803.0, 'train_acc': 0.915621, 'train_f1': 0.830309, 'train_total': 877, 'train_loss': 186.182436, 'train_avg_loss': 0.212295}}[0m
[38;5;39m2023-02-24 21:11:32,294 (server:590) INFO: {'Role': 'Server #', 'Round': 4, 'Results_weighted_avg': {'test_correct': 190.0, 'test_acc': 0.863636, 'test_f1': 0.77543, 'test_total': 220.0, 'test_loss': 73.718105, 'test_avg_loss': 0.335082}, 'Results_avg': {'test_correct': 190.0, 'test_acc': 0.863636, 'test_f1': 0.77543, 'test_total': 220.0, 'test_loss': 73.718105, 'test_avg_loss': 0.335082}, 'Results_fairness': {'test_correct': 190.0, 'test_acc': [0.863636], 'test_f1': [0.77543], 'test_total': 220.0, 'test_loss': [73.718105], 'test_avg_loss': [0.335082]}}[0m
[38;5;39m2023-02-24 21:11:32,295 (monitor:541) INFO: {'Role': 'Server #', 'Round': 5, 'Results_model_metric': {}}[0m
[38;5;39m2023-02-24 21:11:32,296 (server:330) INFO: Server: Starting evaluation at the end of round 5.[0m
[38;5;39m2023-02-24 21:11:32,296 (server:336) INFO: ----------- Starting a new training round (Round #6) -------------[0m
[33;20m2023-02-24 21:11:34,283 (context:294) WARNING: No val_data or val_loader in the trainer, will skip evaluation.If this is not the case you want, please check whether there is typo for the name[0m
[38;5;39m2023-02-24 21:11:43,001 (client:306) INFO: {'Role': 'Client #1', 'Round': 6, 'Results_raw': {'train_correct': 817.0, 'train_acc': 0.931585, 'train_f1': 0.865558, 'train_total': 877, 'train_loss': 153.886424, 'train_avg_loss': 0.175469}}[0m
[38;5;39m2023-02-24 21:11:43,002 (server:590) INFO: {'Role': 'Server #', 'Round': 5, 'Results_weighted_avg': {'test_correct': 199.0, 'test_acc': 0.904545, 'test_f1': 0.794476, 'test_total': 220.0, 'test_loss': 62.022235, 'test_avg_loss': 0.281919}, 'Results_avg': {'test_correct': 199.0, 'test_acc': 0.904545, 'test_f1': 0.794476, 'test_total': 220.0, 'test_loss': 62.022235, 'test_avg_loss': 0.281919}, 'Results_fairness': {'test_correct': 199.0, 'test_acc': [0.904545], 'test_f1': [0.794476], 'test_total': 220.0, 'test_loss': [62.022235], 'test_avg_loss': [0.281919]}}[0m
[38;5;39m2023-02-24 21:11:43,003 (monitor:541) INFO: {'Role': 'Server #', 'Round': 6, 'Results_model_metric': {}}[0m
[38;5;39m2023-02-24 21:11:43,005 (server:330) INFO: Server: Starting evaluation at the end of round 6.[0m
[38;5;39m2023-02-24 21:11:43,005 (server:336) INFO: ----------- Starting a new training round (Round #7) -------------[0m
[33;20m2023-02-24 21:11:44,991 (context:294) WARNING: No val_data or val_loader in the trainer, will skip evaluation.If this is not the case you want, please check whether there is typo for the name[0m
[38;5;39m2023-02-24 21:11:54,645 (client:306) INFO: {'Role': 'Client #1', 'Round': 7, 'Results_raw': {'train_correct': 829.0, 'train_acc': 0.945268, 'train_f1': 0.90227, 'train_total': 877, 'train_loss': 145.568632, 'train_avg_loss': 0.165985}}[0m
[38;5;39m2023-02-24 21:11:54,646 (server:590) INFO: {'Role': 'Server #', 'Round': 6, 'Results_weighted_avg': {'test_correct': 203.0, 'test_acc': 0.922727, 'test_f1': 0.877898, 'test_total': 220.0, 'test_loss': 42.998706, 'test_avg_loss': 0.195449}, 'Results_avg': {'test_correct': 203.0, 'test_acc': 0.922727, 'test_f1': 0.877898, 'test_total': 220.0, 'test_loss': 42.998706, 'test_avg_loss': 0.195449}, 'Results_fairness': {'test_correct': 203.0, 'test_acc': [0.922727], 'test_f1': [0.877898], 'test_total': 220.0, 'test_loss': [42.998706], 'test_avg_loss': [0.195449]}}[0m
[38;5;39m2023-02-24 21:11:54,647 (monitor:541) INFO: {'Role': 'Server #', 'Round': 7, 'Results_model_metric': {}}[0m
[38;5;39m2023-02-24 21:11:54,648 (server:330) INFO: Server: Starting evaluation at the end of round 7.[0m
[38;5;39m2023-02-24 21:11:54,648 (server:336) INFO: ----------- Starting a new training round (Round #8) -------------[0m
[33;20m2023-02-24 21:11:56,699 (context:294) WARNING: No val_data or val_loader in the trainer, will skip evaluation.If this is not the case you want, please check whether there is typo for the name[0m
[38;5;39m2023-02-24 21:12:06,407 (client:306) INFO: {'Role': 'Client #1', 'Round': 8, 'Results_raw': {'train_correct': 837.0, 'train_acc': 0.95439, 'train_f1': 0.915135, 'train_total': 877, 'train_loss': 122.228609, 'train_avg_loss': 0.139371}}[0m
[38;5;39m2023-02-24 21:12:06,408 (server:590) INFO: {'Role': 'Server #', 'Round': 7, 'Results_weighted_avg': {'test_correct': 194.0, 'test_acc': 0.881818, 'test_f1': 0.818726, 'test_total': 220.0, 'test_loss': 53.15169, 'test_avg_loss': 0.241599}, 'Results_avg': {'test_correct': 194.0, 'test_acc': 0.881818, 'test_f1': 0.818726, 'test_total': 220.0, 'test_loss': 53.15169, 'test_avg_loss': 0.241599}, 'Results_fairness': {'test_correct': 194.0, 'test_acc': [0.881818], 'test_f1': [0.818726], 'test_total': 220.0, 'test_loss': [53.15169], 'test_avg_loss': [0.241599]}}[0m
[38;5;39m2023-02-24 21:12:06,408 (monitor:541) INFO: {'Role': 'Server #', 'Round': 8, 'Results_model_metric': {}}[0m
[38;5;39m2023-02-24 21:12:06,410 (server:330) INFO: Server: Starting evaluation at the end of round 8.[0m
[38;5;39m2023-02-24 21:12:06,410 (server:336) INFO: ----------- Starting a new training round (Round #9) -------------[0m
[33;20m2023-02-24 21:12:08,678 (context:294) WARNING: No val_data or val_loader in the trainer, will skip evaluation.If this is not the case you want, please check whether there is typo for the name[0m
[38;5;39m2023-02-24 21:12:17,843 (client:306) INFO: {'Role': 'Client #1', 'Round': 9, 'Results_raw': {'train_correct': 849.0, 'train_acc': 0.968073, 'train_f1': 0.937006, 'train_total': 877, 'train_loss': 86.246883, 'train_avg_loss': 0.098343}}[0m
[38;5;39m2023-02-24 21:12:17,844 (server:590) INFO: {'Role': 'Server #', 'Round': 8, 'Results_weighted_avg': {'test_correct': 206.0, 'test_acc': 0.936364, 'test_f1': 0.910245, 'test_total': 220.0, 'test_loss': 37.934455, 'test_avg_loss': 0.172429}, 'Results_avg': {'test_correct': 206.0, 'test_acc': 0.936364, 'test_f1': 0.910245, 'test_total': 220.0, 'test_loss': 37.934455, 'test_avg_loss': 0.172429}, 'Results_fairness': {'test_correct': 206.0, 'test_acc': [0.936364], 'test_f1': [0.910245], 'test_total': 220.0, 'test_loss': [37.934455], 'test_avg_loss': [0.172429]}}[0m
[38;5;39m2023-02-24 21:12:17,845 (monitor:541) INFO: {'Role': 'Server #', 'Round': 9, 'Results_model_metric': {}}[0m
[38;5;39m2023-02-24 21:12:17,847 (server:347) INFO: Server: Training is finished! Starting evaluation.[0m
[33;20m2023-02-24 21:12:19,934 (context:294) WARNING: No val_data or val_loader in the trainer, will skip evaluation.If this is not the case you want, please check whether there is typo for the name[0m
[38;5;39m2023-02-24 21:12:19,935 (server:590) INFO: {'Role': 'Server #', 'Round': 9, 'Results_weighted_avg': {'test_correct': 167.0, 'test_acc': 0.759091, 'test_f1': 0.642865, 'test_total': 220.0, 'test_loss': 132.689268, 'test_avg_loss': 0.603133}, 'Results_avg': {'test_correct': 167.0, 'test_acc': 0.759091, 'test_f1': 0.642865, 'test_total': 220.0, 'test_loss': 132.689268, 'test_avg_loss': 0.603133}, 'Results_fairness': {'test_correct': 167.0, 'test_acc': [0.759091], 'test_f1': [0.642865], 'test_total': 220.0, 'test_loss': [132.689268], 'test_avg_loss': [0.603133]}}[0m
[38;5;39m2023-02-24 21:12:19,935 (server:395) INFO: Server: Final evaluation is finished! Starting merging results.[0m
[38;5;39m2023-02-24 21:12:19,935 (server:521) INFO: {'Role': 'Server #', 'Round': 'Final', 'Results_raw': {'client_best_individual': {'test_loss': 37.934455, 'test_correct': 206.0, 'test_acc': 0.936364, 'test_f1': 0.910245, 'test_total': 220.0, 'test_avg_loss': 0.172429}, 'client_summarized_weighted_avg': {'test_loss': 37.934455, 'test_correct': 206.0, 'test_acc': 0.936364, 'test_f1': 0.910245, 'test_total': 220.0, 'test_avg_loss': 0.172429}, 'client_summarized_avg': {'test_loss': 37.934455, 'test_correct': 206.0, 'test_acc': 0.936364, 'test_f1': 0.910245, 'test_total': 220.0, 'test_avg_loss': 0.172429}, 'client_summarized_fairness': {'test_loss': [37.934455], 'test_correct': 206.0, 'test_acc': [0.936364], 'test_f1': [0.910245], 'test_total': 220.0, 'test_avg_loss': [0.172429]}}}[0m
[38;5;39m2023-02-24 21:12:19,936 (server:540) INFO: {'Role': 'Client #1', 'Round': 10, 'Results_raw': {'test_correct': 167.0, 'test_acc': 0.759091, 'test_f1': 0.642865, 'test_total': 220, 'test_loss': 132.689268, 'test_avg_loss': 0.603133}}[0m
[38;5;39m2023-02-24 21:12:19,937 (monitor:172) INFO: In worker #0, the system-related metrics are: {'id': 0, 'fl_end_time_minutes': 1.97159, 'total_model_size': 0, 'total_flops': 0, 'total_upload_bytes': 1280, 'total_download_bytes': 9816, 'global_convergence_round': 0, 'local_convergence_round': 0, 'global_convergence_time_minutes': 0, 'local_convergence_time_minutes': 0}[0m
[38;5;39m2023-02-24 21:12:19,938 (client:513) INFO: ================= client 1 received finish message =================[0m
[38;5;39m2023-02-24 21:12:19,939 (monitor:172) INFO: In worker #1, the system-related metrics are: {'id': 1, 'fl_end_time_minutes': 1.96932, 'total_model_size': 3260030, 'total_flops': 2327893645440.0, 'total_upload_bytes': 10736, 'total_download_bytes': 1280, 'global_convergence_round': 0, 'local_convergence_round': 0, 'global_convergence_time_minutes': 0, 'local_convergence_time_minutes': 0}[0m
[38;5;39m2023-02-24 21:12:19,940 (monitor:337) INFO: We will compress the file eval_results.raw into a .gz file, and delete the old one[0m
[38;5;39m2023-02-24 21:12:19,941 (monitor:245) INFO: After merging the system metrics from all works, we got avg: defaultdict(None, {'id': 'sys_avg', 'sys_avg/fl_end_time_minutes': 1.970455, 'sys_avg/total_model_size': '1.55M', 'sys_avg/total_flops': '1.06T', 'sys_avg/total_upload_bytes': '5.87K', 'sys_avg/total_download_bytes': '5.42K', 'sys_avg/global_convergence_round': 0.0, 'sys_avg/local_convergence_round': 0.0, 'sys_avg/global_convergence_time_minutes': 0.0, 'sys_avg/local_convergence_time_minutes': 0.0})[0m
[38;5;39m2023-02-24 21:12:19,941 (monitor:248) INFO: After merging the system metrics from all works, we got std: defaultdict(None, {'id': 'sys_std', 'sys_std/fl_end_time_minutes': 0.001135, 'sys_std/total_model_size': '1.55M', 'sys_std/total_flops': '1.06T', 'sys_std/total_upload_bytes': '4.62K', 'sys_std/total_download_bytes': '4.17K', 'sys_std/global_convergence_round': 0.0, 'sys_std/local_convergence_round': 0.0, 'sys_std/global_convergence_time_minutes': 0.0, 'sys_std/local_convergence_time_minutes': 0.0})[0m
None
220
<generator object BaseDataTranslator.split_to_client.<locals>.<genexpr> at 0x7f668166a270>
