 is at 192.168.0.1[0m
[38;5;39m2023-02-24 22:19:04,033 (logging:126) INFO: the current dir is /home/ubuntu/medscale[0m
[38;5;39m2023-02-24 22:19:04,033 (logging:127) INFO: the output dir is exp/global_convnet5_on_lung100_lr0.01_lstep1/sub_exp_20230224221904[0m
[38;5;39m2023-02-24 22:19:15,033 (base_data:87) INFO: Will merge data from clients whose ids in [1, 10][0m
[33;20m2023-02-24 22:19:15,046 (cfg_data:145) WARNING: config `cfg.data.batch_size` will be removed in the future, use `cfg.dataloader.batch_size` instead.[0m
[33;20m2023-02-24 22:19:15,046 (cfg_fl_setting:123) WARNING: In local/global training mode, the sampling related configs are in-valid, we will use all clients. [0m
[38;5;39m2023-02-24 22:19:15,046 (cfg_fl_setting:128) INFO: In global training mode, we will put all data in a proxy client. [0m
[33;20m2023-02-24 22:19:15,046 (cfg_data:145) WARNING: config `cfg.data.batch_size` will be removed in the future, use `cfg.dataloader.batch_size` instead.[0m
[33;20m2023-02-24 22:19:15,046 (cfg_fl_setting:123) WARNING: In local/global training mode, the sampling related configs are in-valid, we will use all clients. [0m
[38;5;39m2023-02-24 22:19:15,046 (cfg_fl_setting:128) INFO: In global training mode, we will put all data in a proxy client. [0m
[38;5;39m2023-02-24 22:19:15,069 (config:243) INFO: the used configs are: 
aggregator:
  inside_weight: 1.0
  num_agg_groups: 1
  num_agg_topk: []
  outside_weight: 0.0
asyn:
  use: False
attack:
  alpha_TV: 0.001
  alpha_prop_loss: 0
  attack_method: 
  attacker_id: -1
  classifier_PIA: randomforest
  edge_num: 100
  edge_path: edge_data/
  freq: 10
  info_diff_type: l2
  inject_round: 0
  insert_round: 100000
  label_type: dirty
  max_ite: 400
  mean: [0.1307]
  mia_is_simulate_in: False
  mia_simulate_in_round: 20
  pgd_eps: 2
  pgd_lr: 0.1
  pgd_poisoning: False
  poison_ratio: 0.5
  reconstruct_lr: 0.01
  reconstruct_optim: Adam
  scale_para: 1.0
  scale_poisoning: False
  self_epoch: 6
  self_lr: 0.05
  self_opt: False
  setting: fix
  std: [0.3081]
  target_label_ind: -1
  trigger_path: trigger/
  trigger_type: edge
backend: torch
cfg_file: 
check_completeness: False
criterion:
  type: CrossEntropyLoss
data:
  args: []
  batch_size: 16
  cSBM_phi: [0.5, 0.5, 0.5]
  cache_dir: 
  consistent_label_distribution: False
  drop_last: False
  hetero_data_name: []
  hetero_synth_batch_size: 32
  hetero_synth_feat_dim: 128
  hetero_synth_prim_weight: 0.5
  is_debug: False
  loader: 
  max_query_len: 128
  max_seq_len: 384
  max_tgt_len: 128
  num_contrast: 0
  num_of_client_for_data: []
  num_steps: 30
  num_workers: 0
  pre_transform: []
  quadratic:
    dim: 1
    max_curv: 12.5
    min_curv: 0.02
  root: data/
  save_data: False
  server_holds_all: False
  shuffle: True
  sizes: [10, 5]
  splits: [0.8, 0, 0.2]
  splitter: lda
  splitter_args: [{'alpha': 0.6}]
  subsample: 1.0
  target_transform: []
  test_pre_transform: []
  test_target_transform: []
  test_transform: []
  transform: []
  trunc_stride: 128
  type: lung100
  val_pre_transform: []
  val_target_transform: []
  val_transform: []
  walk_length: 2
dataloader:
  batch_size: 16
  drop_last: False
  num_steps: 30
  num_workers: 0
  pin_memory: False
  shuffle: True
  sizes: [10, 5]
  theta: -1
  type: base
  walk_length: 2
device: 0
distribute:
  use: False
early_stop:
  delta: 0.0
  improve_indicator_mode: best
  patience: 5
eval:
  best_res_update_round_wise_key: test_loss
  count_flops: True
  freq: 1
  metrics: ['acc', 'correct', 'f1']
  monitoring: []
  report: ['weighted_avg', 'avg', 'fairness', 'raw']
  split: ['test', 'val']
expname: global_convnet5_on_lung100_lr0.01_lstep1
expname_tag: 
feat_engr:
  num_bins: 5
  scenario: hfl
  secure:
    dp:
      
    encrypt:
      type: dummy
    key_size: 3072
    type: encrypt
  selec_threshold: 0.05
  selec_woe_binning: quantile
  type: 
federate:
  atc_load_from: 
  atc_vanilla: False
  client_num: 10
  data_weighted_aggr: False
  ignore_weight: False
  join_in_info: []
  make_global_eval: False
  merge_test_data: False
  method: global
  mode: standalone
  online_aggr: False
  resource_info_file: 
  restore_from: 
  sample_client_num: 10
  sample_client_rate: -1.0
  sampler: uniform
  save_to: 
  share_local_model: False
  total_round_num: 10
  unseen_clients_rate: 0.0
  use_diff: False
  use_ss: False
fedopt:
  use: False
fedprox:
  use: False
fedsageplus:
  a: 1.0
  b: 1.0
  c: 1.0
  fedgen_epoch: 200
  gen_hidden: 128
  hide_portion: 0.5
  loc_epoch: 1
  num_pred: 5
finetune:
  batch_or_epoch: epoch
  before_eval: False
  freeze_param: 
  local_update_steps: 1
  optimizer:
    lr: 0.1
    type: SGD
  scheduler:
    type: 
    warmup_ratio: 0.0
flitplus:
  factor_ema: 0.8
  lambdavat: 0.5
  tmpFed: 0.5
  weightReg: 1.0
gcflplus:
  EPS_1: 0.05
  EPS_2: 0.1
  seq_length: 5
  standardize: False
grad:
  grad_accum_count: 1
  grad_clip: 5.0
hpo:
  fedex:
    cutoff: 0.0
    diff: False
    eta0: -1.0
    flatten_ss: True
    gamma: 0.0
    pi_lr: 0.01
    psn: False
    sched: auto
    ss: 
    use: False
  init_cand_num: 16
  larger_better: False
  metric: client_summarized_weighted_avg.val_loss
  num_workers: 0
  pbt:
    max_stage: 5
    perf_threshold: 0.1
  scheduler: rs
  sha:
    budgets: []
    elim_rate: 3
    iter: 0
  ss: 
  table:
    eps: 0.1
    idx: 0
    num: 27
  working_folder: hpo
model:
  contrast_temp: 1.0
  contrast_topk: 100
  downstream_tasks: []
  dropout: 0.0
  embed_size: 8
  gamma: 0
  graph_pooling: mean
  hidden: 2048
  in_channels: 0
  input_shape: ()
  label_smoothing: 0.1
  lambda_: 0.1
  layer: 2
  length_penalty: 2.0
  max_answer_len: 30
  max_length: 200
  max_tree_depth: 3
  min_length: 1
  model_num_per_trainer: 1
  model_type: google/bert_uncased_L-2_H-128_A-2
  n_best_size: 20
  no_repeat_ngram_size: 3
  null_score_diff_threshold: 0.0
  num_beams: 5
  num_item: 0
  num_labels: 1
  num_of_trees: 10
  num_user: 0
  out_channels: 62
  pretrain_tasks: []
  stage: 
  task: node
  type: convnet5
  use_bias: True
  use_contrastive_loss: False
nbafl:
  use: False
outdir: exp/global_convnet5_on_lung100_lr0.01_lstep1/sub_exp_20230224221904
personalization:
  K: 5
  beta: 1.0
  local_param: []
  local_update_steps: 1
  lr: 0.01
  regular_weight: 0.1
  share_non_trainable_para: False
print_decimal_digits: 6
regularizer:
  mu: 0.0
  type: 
seed: 2
sgdmf:
  use: False
train:
  batch_or_epoch: epoch
  local_update_steps: 1
  optimizer:
    lr: 0.01
    type: SGD
    weight_decay: 0.0
  scheduler:
    type: 
    warmup_ratio: 0.0
trainer:
  disp_freq: 50
  local_entropy:
    alpha: 0.75
    eps: 0.001
    gamma: 0.0001
  sam:
    adaptive: False
    eta: 0.0
    rho: 1.0
  type: cvtrainer
  val_freq: 100000000
use_gpu: True
verbose: 1
vertical:
  use: False
wandb:
  use: False[0m
[33;20m2023-02-24 22:19:15,071 (worker_builder:174) WARNING: Server for method global is not implemented. Will use default one[0m
[33;20m2023-02-24 22:19:15,071 (worker_builder:71) WARNING: Clients for method global is not implemented. Will use default one[0m
[38;5;39m2023-02-24 22:19:15,207 (utils:144) INFO: The device information file is not provided[0m
[33;20m2023-02-24 22:19:15,235 (cfg_data:145) WARNING: config `cfg.data.batch_size` will be removed in the future, use `cfg.dataloader.batch_size` instead.[0m
[33;20m2023-02-24 22:19:15,235 (cfg_fl_setting:123) WARNING: In local/global training mode, the sampling related configs are in-valid, we will use all clients. [0m
[38;5;39m2023-02-24 22:19:15,235 (cfg_fl_setting:128) INFO: In global training mode, we will put all data in a proxy client. [0m
[38;5;39m2023-02-24 22:19:15,283 (config:243) INFO: the used configs are: 
aggregator:
  inside_weight: 1.0
  num_agg_groups: 1
  num_agg_topk: []
  outside_weight: 0.0
asyn:
  use: False
attack:
  alpha_TV: 0.001
  alpha_prop_loss: 0
  attack_method: 
  attacker_id: -1
  classifier_PIA: randomforest
  edge_num: 100
  edge_path: edge_data/
  freq: 10
  info_diff_type: l2
  inject_round: 0
  insert_round: 100000
  label_type: dirty
  max_ite: 400
  mean: [0.1307]
  mia_is_simulate_in: False
  mia_simulate_in_round: 20
  pgd_eps: 2
  pgd_lr: 0.1
  pgd_poisoning: False
  poison_ratio: 0.5
  reconstruct_lr: 0.01
  reconstruct_optim: Adam
  scale_para: 1.0
  scale_poisoning: False
  self_epoch: 6
  self_lr: 0.05
  self_opt: False
  setting: fix
  std: [0.3081]
  target_label_ind: -1
  trigger_path: trigger/
  trigger_type: edge
backend: torch
cfg_file: 
check_completeness: False
criterion:
  type: CrossEntropyLoss
data:
  args: []
  batch_size: 16
  cSBM_phi: [0.5, 0.5, 0.5]
  cache_dir: 
  consistent_label_distribution: False
  drop_last: False
  hetero_data_name: []
  hetero_synth_batch_size: 32
  hetero_synth_feat_dim: 128
  hetero_synth_prim_weight: 0.5
  is_debug: False
  loader: 
  max_query_len: 128
  max_seq_len: 384
  max_tgt_len: 128
  num_contrast: 0
  num_of_client_for_data: []
  num_steps: 30
  num_workers: 0
  pre_transform: []
  quadratic:
    dim: 1
    max_curv: 12.5
    min_curv: 0.02
  root: data/
  save_data: False
  server_holds_all: False
  shuffle: True
  sizes: [10, 5]
  splits: [0.8, 0, 0.2]
  splitter: lda
  splitter_args: [{'alpha': 0.6}]
  subsample: 1.0
  target_transform: []
  test_pre_transform: []
  test_target_transform: []
  test_transform: []
  transform: []
  trunc_stride: 128
  type: lung100
  val_pre_transform: []
  val_target_transform: []
  val_transform: []
  walk_length: 2
dataloader:
  batch_size: 16
  drop_last: False
  num_steps: 30
  num_workers: 0
  pin_memory: False
  shuffle: True
  sizes: [10, 5]
  theta: -1
  type: base
  walk_length: 2
device: 0
distribute:
  use: False
early_stop:
  delta: 0.0
  improve_indicator_mode: best
  patience: 5
eval:
  best_res_update_round_wise_key: test_loss
  count_flops: True
  freq: 1
  metrics: ['acc', 'correct', 'f1']
  monitoring: []
  report: ['weighted_avg', 'avg', 'fairness', 'raw']
  split: ['test', 'val']
expname: global_convnet5_on_lung100_lr0.01_lstep1
expname_tag: 
feat_engr:
  num_bins: 5
  scenario: hfl
  secure:
    dp:
      
    encrypt:
      type: dummy
    key_size: 3072
    type: encrypt
  selec_threshold: 0.05
  selec_woe_binning: quantile
  type: 
federate:
  atc_load_from: 
  atc_vanilla: False
  client_num: 1
  data_weighted_aggr: False
  ignore_weight: False
  join_in_info: []
  make_global_eval: False
  merge_test_data: False
  method: global
  mode: standalone
  online_aggr: False
  resource_info_file: 
  restore_from: 
  sample_client_num: 1
  sample_client_rate: -1.0
  sampler: uniform
  save_to: 
  share_local_model: False
  total_round_num: 10
  unseen_clients_rate: 0.0
  use_diff: False
  use_ss: False
fedopt:
  use: False
fedprox:
  use: False
fedsageplus:
  a: 1.0
  b: 1.0
  c: 1.0
  fedgen_epoch: 200
  gen_hidden: 128
  hide_portion: 0.5
  loc_epoch: 1
  num_pred: 5
finetune:
  batch_or_epoch: epoch
  before_eval: False
  freeze_param: 
  local_update_steps: 1
  optimizer:
    lr: 0.1
    type: SGD
  scheduler:
    type: 
    warmup_ratio: 0.0
flitplus:
  factor_ema: 0.8
  lambdavat: 0.5
  tmpFed: 0.5
  weightReg: 1.0
gcflplus:
  EPS_1: 0.05
  EPS_2: 0.1
  seq_length: 5
  standardize: False
grad:
  grad_accum_count: 1
  grad_clip: 5.0
hpo:
  fedex:
    cutoff: 0.0
    diff: False
    eta0: -1.0
    flatten_ss: True
    gamma: 0.0
    pi_lr: 0.01
    psn: False
    sched: auto
    ss: 
    use: False
  init_cand_num: 16
  larger_better: False
  metric: client_summarized_weighted_avg.val_loss
  num_workers: 0
  pbt:
    max_stage: 5
    perf_threshold: 0.1
  scheduler: rs
  sha:
    budgets: []
    elim_rate: 3
    iter: 0
  ss: 
  table:
    eps: 0.1
    idx: 0
    num: 27
  working_folder: hpo
model:
  contrast_temp: 1.0
  contrast_topk: 100
  downstream_tasks: []
  dropout: 0.0
  embed_size: 8
  gamma: 0
  graph_pooling: mean
  hidden: 2048
  in_channels: 0
  input_shape: ()
  label_smoothing: 0.1
  lambda_: 0.1
  layer: 2
  length_penalty: 2.0
  max_answer_len: 30
  max_length: 200
  max_tree_depth: 3
  min_length: 1
  model_num_per_trainer: 1
  model_type: google/bert_uncased_L-2_H-128_A-2
  n_best_size: 20
  no_repeat_ngram_size: 3
  null_score_diff_threshold: 0.0
  num_beams: 5
  num_item: 0
  num_labels: 1
  num_of_trees: 10
  num_user: 0
  out_channels: 62
  pretrain_tasks: []
  stage: 
  task: node
  type: convnet5
  use_bias: True
  use_contrastive_loss: False
nbafl:
  use: False
outdir: exp/global_convnet5_on_lung100_lr0.01_lstep1/sub_exp_20230224221904
personalization:
  K: 5
  beta: 1.0
  local_param: []
  local_update_steps: 1
  lr: 0.01
  regular_weight: 0.1
  share_non_trainable_para: False
print_decimal_digits: 6
regularizer:
  mu: 0.0
  type: 
seed: 2
sgdmf:
  use: False
train:
  batch_or_epoch: epoch
  local_update_steps: 1
  optimizer:
    lr: 0.01
    type: SGD
    weight_decay: 0.0
  scheduler:
    type: 
    warmup_ratio: 0.0
trainer:
  disp_freq: 50
  local_entropy:
    alpha: 0.75
    eps: 0.001
    gamma: 0.0001
  sam:
    adaptive: False
    eta: 0.0
    rho: 1.0
  type: cvtrainer
  val_freq: 100000000
use_gpu: True
verbose: 1
vertical:
  use: False
wandb:
  use: False[0m
[38;5;39m2023-02-24 22:19:15,474 (fed_runner:169) INFO: Server has been set up ... [0m
[38;5;39m2023-02-24 22:19:15,626 (fed_runner:221) INFO: Client 1 has been set up ... [0m
<<<<<<< HEAD
[38;5;39m2023-02-24 22:19:15,626 (trainer:341) INFO: Model meta-info: <class 'medscale.cv.model.cnn.ConvNet5'>.[0m
=======
<<<<<<< HEAD
[38;5;39m2023-02-24 22:19:15,626 (trainer:341) INFO: Model meta-info: <class 'medscale.cv.model.cnn.ConvNet5'>.[0m
=======
[38;5;39m2023-02-24 22:19:15,626 (trainer:341) INFO: Model meta-info: <class 'medscale.cv.model.cnn.ConvNet5'>.[0m
>>>>>>> fe4962455354c9c11afd9c9806ceda28eb280737
>>>>>>> 64b283ee525ef53c32509882719e74890329b83f
[38;5;39m2023-02-24 22:19:15,627 (trainer:349) INFO: Num of original para names: 39.[0m
[38;5;39m2023-02-24 22:19:15,627 (trainer:350) INFO: Num of original trainable para names: 24.[0m
[38;5;39m2023-02-24 22:19:15,627 (trainer:352) INFO: Num of preserved para names in local update: 0. 
Preserved para names in local update: set().[0m
[38;5;39m2023-02-24 22:19:15,627 (trainer:356) INFO: Num of filtered para names in local update: 39. 
Filtered para names in local update: {'bn2.running_var', 'bn4.num_batches_tracked', 'bn3.weight', 'conv2.bias', 'bn3.num_batches_tracked', 'conv4.bias', 'bn4.running_var', 'bn1.bias', 'conv1.weight', 'bn2.running_mean', 'bn3.running_mean', 'bn4.running_mean', 'fc1.bias', 'bn2.bias', 'bn2.weight', 'bn5.running_mean', 'bn4.bias', 'conv4.weight', 'conv3.weight', 'bn1.running_mean', 'bn3.running_var', 'bn1.weight', 'fc2.bias', 'bn1.running_var', 'bn5.num_batches_tracked', 'fc2.weight', 'fc1.weight', 'bn5.running_var', 'conv1.bias', 'conv5.bias', 'bn4.weight', 'conv2.weight', 'conv3.bias', 'bn5.bias', 'bn3.bias', 'conv5.weight', 'bn2.num_batches_tracked', 'bn1.num_batches_tracked', 'bn5.weight'}.[0m
[38;5;39m2023-02-24 22:19:15,627 (trainer:361) INFO: After register default hooks,
	the hooks_in_train is:
	{
	  "on_fit_start": [
	    "_hook_on_fit_start_init",
	    "_hook_on_fit_start_calculate_model_size"
	  ],
	  "on_epoch_start": [
	    "_hook_on_epoch_start"
	  ],
	  "on_batch_start": [
	    "_hook_on_batch_start_init"
	  ],
	  "on_batch_forward": [
	    "_hook_on_batch_forward",
	    "_hook_on_batch_forward_regularizer",
	    "_hook_on_batch_forward_flop_count"
	  ],
	  "on_batch_backward": [
	    "_hook_on_batch_backward"
	  ],
	  "on_batch_end": [
	    "_hook_on_batch_end"
	  ],
	  "on_fit_end": [
	    "_hook_on_fit_end"
	  ]
	};
	the hooks_in_eval is:
            t{
	  "on_fit_start": [
	    "_hook_on_fit_start_init"
	  ],
	  "on_epoch_start": [
	    "_hook_on_epoch_start"
	  ],
	  "on_batch_start": [
	    "_hook_on_batch_start_init"
	  ],
	  "on_batch_forward": [
	    "_hook_on_batch_forward"
	  ],
	  "on_batch_end": [
	    "_hook_on_batch_end"
	  ],
	  "on_fit_end": [
	    "_hook_on_fit_end"
	  ]
	}[0m
[38;5;39m2023-02-24 22:19:15,636 (server:804) INFO: ----------- Starting training (Round #0) -------------[0m
Unsupported operator aten::max_pool2d encountered 5 time(s)
[38;5;39m2023-02-24 22:19:30,724 (client:306) INFO: {'Role': 'Client #1', 'Round': 0, 'Results_raw': {'train_correct': 515.0, 'train_acc': 0.587229, 'train_f1': 0.179995, 'train_avg_loss': 1.088972, 'train_total': 877, 'train_loss': 955.028739}}[0m
[38;5;39m2023-02-24 22:19:30,725 (monitor:541) INFO: {'Role': 'Server #', 'Round': 0, 'Results_model_metric': {}}[0m
[38;5;39m2023-02-24 22:19:30,727 (server:330) INFO: Server: Starting evaluation at the end of round 0.[0m
[38;5;39m2023-02-24 22:19:30,727 (server:336) INFO: ----------- Starting a new training round (Round #1) -------------[0m
[33;20m2023-02-24 22:19:33,497 (context:294) WARNING: No val_data or val_loader in the trainer, will skip evaluation.If this is not the case you want, please check whether there is typo for the name[0m
[38;5;39m2023-02-24 22:19:43,681 (client:306) INFO: {'Role': 'Client #1', 'Round': 1, 'Results_raw': {'train_correct': 667.0, 'train_acc': 0.760547, 'train_f1': 0.551581, 'train_avg_loss': 0.618169, 'train_total': 877, 'train_loss': 542.134309}}[0m
[38;5;39m2023-02-24 22:19:43,682 (server:590) INFO: {'Role': 'Server #', 'Round': 0, 'Results_weighted_avg': {'test_correct': 153.0, 'test_acc': 0.695455, 'test_f1': 0.451981, 'test_avg_loss': 0.73515, 'test_total': 220.0, 'test_loss': 161.732943}, 'Results_avg': {'test_correct': 153.0, 'test_acc': 0.695455, 'test_f1': 0.451981, 'test_avg_loss': 0.73515, 'test_total': 220.0, 'test_loss': 161.732943}, 'Results_fairness': {'test_correct': 153.0, 'test_acc': [0.695455], 'test_f1': [0.451981], 'test_avg_loss': [0.73515], 'test_total': 220.0, 'test_loss': [161.732943]}}[0m
[38;5;39m2023-02-24 22:19:43,682 (monitor:541) INFO: {'Role': 'Server #', 'Round': 1, 'Results_model_metric': {}}[0m
[38;5;39m2023-02-24 22:19:43,684 (server:330) INFO: Server: Starting evaluation at the end of round 1.[0m
[38;5;39m2023-02-24 22:19:43,684 (server:336) INFO: ----------- Starting a new training round (Round #2) -------------[0m
[33;20m2023-02-24 22:19:46,039 (context:294) WARNING: No val_data or val_loader in the trainer, will skip evaluation.If this is not the case you want, please check whether there is typo for the name[0m
[38;5;39m2023-02-24 22:19:55,732 (client:306) INFO: {'Role': 'Client #1', 'Round': 2, 'Results_raw': {'train_correct': 723.0, 'train_acc': 0.824401, 'train_f1': 0.630246, 'train_avg_loss': 0.45167, 'train_total': 877, 'train_loss': 396.114703}}[0m
[38;5;39m2023-02-24 22:19:55,733 (server:590) INFO: {'Role': 'Server #', 'Round': 1, 'Results_weighted_avg': {'test_correct': 189.0, 'test_acc': 0.859091, 'test_f1': 0.623479, 'test_avg_loss': 0.425492, 'test_total': 220.0, 'test_loss': 93.608285}, 'Results_avg': {'test_correct': 189.0, 'test_acc': 0.859091, 'test_f1': 0.623479, 'test_avg_loss': 0.425492, 'test_total': 220.0, 'test_loss': 93.608285}, 'Results_fairness': {'test_correct': 189.0, 'test_acc': [0.859091], 'test_f1': [0.623479], 'test_avg_loss': [0.425492], 'test_total': 220.0, 'test_loss': [93.608285]}}[0m
[38;5;39m2023-02-24 22:19:55,733 (monitor:541) INFO: {'Role': 'Server #', 'Round': 2, 'Results_model_metric': {}}[0m
[38;5;39m2023-02-24 22:19:55,747 (server:330) INFO: Server: Starting evaluation at the end of round 2.[0m
[38;5;39m2023-02-24 22:19:55,747 (server:336) INFO: ----------- Starting a new training round (Round #3) -------------[0m
[33;20m2023-02-24 22:19:57,899 (context:294) WARNING: No val_data or val_loader in the trainer, will skip evaluation.If this is not the case you want, please check whether there is typo for the name[0m
[38;5;39m2023-02-24 22:20:06,583 (client:306) INFO: {'Role': 'Client #1', 'Round': 3, 'Results_raw': {'train_correct': 765.0, 'train_acc': 0.872292, 'train_f1': 0.724938, 'train_avg_loss': 0.349, 'train_total': 877, 'train_loss': 306.072799}}[0m
[38;5;39m2023-02-24 22:20:06,584 (server:590) INFO: {'Role': 'Server #', 'Round': 2, 'Results_weighted_avg': {'test_correct': 189.0, 'test_acc': 0.859091, 'test_f1': 0.748841, 'test_avg_loss': 0.399534, 'test_total': 220.0, 'test_loss': 87.897455}, 'Results_avg': {'test_correct': 189.0, 'test_acc': 0.859091, 'test_f1': 0.748841, 'test_avg_loss': 0.399534, 'test_total': 220.0, 'test_loss': 87.897455}, 'Results_fairness': {'test_correct': 189.0, 'test_acc': [0.859091], 'test_f1': [0.748841], 'test_avg_loss': [0.399534], 'test_total': 220.0, 'test_loss': [87.897455]}}[0m
[38;5;39m2023-02-24 22:20:06,585 (monitor:541) INFO: {'Role': 'Server #', 'Round': 3, 'Results_model_metric': {}}[0m
[38;5;39m2023-02-24 22:20:06,586 (server:330) INFO: Server: Starting evaluation at the end of round 3.[0m
[38;5;39m2023-02-24 22:20:06,586 (server:336) INFO: ----------- Starting a new training round (Round #4) -------------[0m
[33;20m2023-02-24 22:20:08,379 (context:294) WARNING: No val_data or val_loader in the trainer, will skip evaluation.If this is not the case you want, please check whether there is typo for the name[0m
[38;5;39m2023-02-24 22:20:17,256 (client:306) INFO: {'Role': 'Client #1', 'Round': 4, 'Results_raw': {'train_correct': 774.0, 'train_acc': 0.882554, 'train_f1': 0.764164, 'train_avg_loss': 0.286032, 'train_total': 877, 'train_loss': 250.849772}}[0m
[38;5;39m2023-02-24 22:20:17,257 (server:590) INFO: {'Role': 'Server #', 'Round': 3, 'Results_weighted_avg': {'test_correct': 187.0, 'test_acc': 0.85, 'test_f1': 0.592312, 'test_avg_loss': 0.356684, 'test_total': 220.0, 'test_loss': 78.470535}, 'Results_avg': {'test_correct': 187.0, 'test_acc': 0.85, 'test_f1': 0.592312, 'test_avg_loss': 0.356684, 'test_total': 220.0, 'test_loss': 78.470535}, 'Results_fairness': {'test_correct': 187.0, 'test_acc': [0.85], 'test_f1': [0.592312], 'test_avg_loss': [0.356684], 'test_total': 220.0, 'test_loss': [78.470535]}}[0m
[38;5;39m2023-02-24 22:20:17,258 (monitor:541) INFO: {'Role': 'Server #', 'Round': 4, 'Results_model_metric': {}}[0m
[38;5;39m2023-02-24 22:20:17,259 (server:330) INFO: Server: Starting evaluation at the end of round 4.[0m
[38;5;39m2023-02-24 22:20:17,260 (server:336) INFO: ----------- Starting a new training round (Round #5) -------------[0m
[33;20m2023-02-24 22:20:19,374 (context:294) WARNING: No val_data or val_loader in the trainer, will skip evaluation.If this is not the case you want, please check whether there is typo for the name[0m
[38;5;39m2023-02-24 22:20:28,738 (client:306) INFO: {'Role': 'Client #1', 'Round': 5, 'Results_raw': {'train_correct': 797.0, 'train_acc': 0.90878, 'train_f1': 0.816078, 'train_avg_loss': 0.232303, 'train_total': 877, 'train_loss': 203.729415}}[0m
[38;5;39m2023-02-24 22:20:28,739 (server:590) INFO: {'Role': 'Server #', 'Round': 4, 'Results_weighted_avg': {'test_correct': 189.0, 'test_acc': 0.859091, 'test_f1': 0.691056, 'test_avg_loss': 0.306965, 'test_total': 220.0, 'test_loss': 67.532334}, 'Results_avg': {'test_correct': 189.0, 'test_acc': 0.859091, 'test_f1': 0.691056, 'test_avg_loss': 0.306965, 'test_total': 220.0, 'test_loss': 67.532334}, 'Results_fairness': {'test_correct': 189.0, 'test_acc': [0.859091], 'test_f1': [0.691056], 'test_avg_loss': [0.306965], 'test_total': 220.0, 'test_loss': [67.532334]}}[0m
[38;5;39m2023-02-24 22:20:28,740 (monitor:541) INFO: {'Role': 'Server #', 'Round': 5, 'Results_model_metric': {}}[0m
[38;5;39m2023-02-24 22:20:28,741 (server:330) INFO: Server: Starting evaluation at the end of round 5.[0m
[38;5;39m2023-02-24 22:20:28,741 (server:336) INFO: ----------- Starting a new training round (Round #6) -------------[0m
[33;20m2023-02-24 22:20:31,346 (context:294) WARNING: No val_data or val_loader in the trainer, will skip evaluation.If this is not the case you want, please check whether there is typo for the name[0m
[38;5;39m2023-02-24 22:20:41,344 (client:306) INFO: {'Role': 'Client #1', 'Round': 6, 'Results_raw': {'train_correct': 817.0, 'train_acc': 0.931585, 'train_f1': 0.882965, 'train_avg_loss': 0.199382, 'train_total': 877, 'train_loss': 174.858139}}[0m
[38;5;39m2023-02-24 22:20:41,345 (server:590) INFO: {'Role': 'Server #', 'Round': 5, 'Results_weighted_avg': {'test_correct': 189.0, 'test_acc': 0.859091, 'test_f1': 0.77659, 'test_avg_loss': 0.365835, 'test_total': 220.0, 'test_loss': 80.483675}, 'Results_avg': {'test_correct': 189.0, 'test_acc': 0.859091, 'test_f1': 0.77659, 'test_avg_loss': 0.365835, 'test_total': 220.0, 'test_loss': 80.483675}, 'Results_fairness': {'test_correct': 189.0, 'test_acc': [0.859091], 'test_f1': [0.77659], 'test_avg_loss': [0.365835], 'test_total': 220.0, 'test_loss': [80.483675]}}[0m
[38;5;39m2023-02-24 22:20:41,345 (monitor:541) INFO: {'Role': 'Server #', 'Round': 6, 'Results_model_metric': {}}[0m
[38;5;39m2023-02-24 22:20:41,347 (server:330) INFO: Server: Starting evaluation at the end of round 6.[0m
[38;5;39m2023-02-24 22:20:41,347 (server:336) INFO: ----------- Starting a new training round (Round #7) -------------[0m
[33;20m2023-02-24 22:20:43,427 (context:294) WARNING: No val_data or val_loader in the trainer, will skip evaluation.If this is not the case you want, please check whether there is typo for the name[0m
[38;5;39m2023-02-24 22:20:52,284 (client:306) INFO: {'Role': 'Client #1', 'Round': 7, 'Results_raw': {'train_correct': 831.0, 'train_acc': 0.947548, 'train_f1': 0.900446, 'train_avg_loss': 0.158948, 'train_total': 877, 'train_loss': 139.397191}}[0m
[38;5;39m2023-02-24 22:20:52,285 (server:590) INFO: {'Role': 'Server #', 'Round': 6, 'Results_weighted_avg': {'test_correct': 202.0, 'test_acc': 0.918182, 'test_f1': 0.865077, 'test_avg_loss': 0.227172, 'test_total': 220.0, 'test_loss': 49.97792}, 'Results_avg': {'test_correct': 202.0, 'test_acc': 0.918182, 'test_f1': 0.865077, 'test_avg_loss': 0.227172, 'test_total': 220.0, 'test_loss': 49.97792}, 'Results_fairness': {'test_correct': 202.0, 'test_acc': [0.918182], 'test_f1': [0.865077], 'test_avg_loss': [0.227172], 'test_total': 220.0, 'test_loss': [49.97792]}}[0m
[38;5;39m2023-02-24 22:20:52,285 (monitor:541) INFO: {'Role': 'Server #', 'Round': 7, 'Results_model_metric': {}}[0m
[38;5;39m2023-02-24 22:20:52,287 (server:330) INFO: Server: Starting evaluation at the end of round 7.[0m
[38;5;39m2023-02-24 22:20:52,287 (server:336) INFO: ----------- Starting a new training round (Round #8) -------------[0m
[33;20m2023-02-24 22:20:54,226 (context:294) WARNING: No val_data or val_loader in the trainer, will skip evaluation.If this is not the case you want, please check whether there is typo for the name[0m
[38;5;39m2023-02-24 22:21:04,113 (client:306) INFO: {'Role': 'Client #1', 'Round': 8, 'Results_raw': {'train_correct': 830.0, 'train_acc': 0.946408, 'train_f1': 0.906083, 'train_avg_loss': 0.138331, 'train_total': 877, 'train_loss': 121.316659}}[0m
[38;5;39m2023-02-24 22:21:04,114 (server:590) INFO: {'Role': 'Server #', 'Round': 7, 'Results_weighted_avg': {'test_correct': 198.0, 'test_acc': 0.9, 'test_f1': 0.755329, 'test_avg_loss': 0.21308, 'test_total': 220.0, 'test_loss': 46.877687}, 'Results_avg': {'test_correct': 198.0, 'test_acc': 0.9, 'test_f1': 0.755329, 'test_avg_loss': 0.21308, 'test_total': 220.0, 'test_loss': 46.877687}, 'Results_fairness': {'test_correct': 198.0, 'test_acc': [0.9], 'test_f1': [0.755329], 'test_avg_loss': [0.21308], 'test_total': 220.0, 'test_loss': [46.877687]}}[0m
[38;5;39m2023-02-24 22:21:04,114 (monitor:541) INFO: {'Role': 'Server #', 'Round': 8, 'Results_model_metric': {}}[0m
[38;5;39m2023-02-24 22:21:04,116 (server:330) INFO: Server: Starting evaluation at the end of round 8.[0m
[38;5;39m2023-02-24 22:21:04,116 (server:336) INFO: ----------- Starting a new training round (Round #9) -------------[0m
[33;20m2023-02-24 22:21:06,069 (context:294) WARNING: No val_data or val_loader in the trainer, will skip evaluation.If this is not the case you want, please check whether there is typo for the name[0m
[38;5;39m2023-02-24 22:21:14,954 (client:306) INFO: {'Role': 'Client #1', 'Round': 9, 'Results_raw': {'train_correct': 843.0, 'train_acc': 0.961231, 'train_f1': 0.926267, 'train_avg_loss': 0.126155, 'train_total': 877, 'train_loss': 110.637709}}[0m
[38;5;39m2023-02-24 22:21:14,955 (server:590) INFO: {'Role': 'Server #', 'Round': 8, 'Results_weighted_avg': {'test_correct': 209.0, 'test_acc': 0.95, 'test_f1': 0.87366, 'test_avg_loss': 0.126901, 'test_total': 220.0, 'test_loss': 27.918219}, 'Results_avg': {'test_correct': 209.0, 'test_acc': 0.95, 'test_f1': 0.87366, 'test_avg_loss': 0.126901, 'test_total': 220.0, 'test_loss': 27.918219}, 'Results_fairness': {'test_correct': 209.0, 'test_acc': [0.95], 'test_f1': [0.87366], 'test_avg_loss': [0.126901], 'test_total': 220.0, 'test_loss': [27.918219]}}[0m
[38;5;39m2023-02-24 22:21:14,959 (monitor:541) INFO: {'Role': 'Server #', 'Round': 9, 'Results_model_metric': {}}[0m
[38;5;39m2023-02-24 22:21:14,961 (server:347) INFO: Server: Training is finished! Starting evaluation.[0m
[33;20m2023-02-24 22:21:17,610 (context:294) WARNING: No val_data or val_loader in the trainer, will skip evaluation.If this is not the case you want, please check whether there is typo for the name[0m
[38;5;39m2023-02-24 22:21:17,615 (server:590) INFO: {'Role': 'Server #', 'Round': 9, 'Results_weighted_avg': {'test_correct': 210.0, 'test_acc': 0.954545, 'test_f1': 0.940748, 'test_avg_loss': 0.115572, 'test_total': 220.0, 'test_loss': 25.425878}, 'Results_avg': {'test_correct': 210.0, 'test_acc': 0.954545, 'test_f1': 0.940748, 'test_avg_loss': 0.115572, 'test_total': 220.0, 'test_loss': 25.425878}, 'Results_fairness': {'test_correct': 210.0, 'test_acc': [0.954545], 'test_f1': [0.940748], 'test_avg_loss': [0.115572], 'test_total': 220.0, 'test_loss': [25.425878]}}[0m
[38;5;39m2023-02-24 22:21:17,615 (server:395) INFO: Server: Final evaluation is finished! Starting merging results.[0m
[38;5;39m2023-02-24 22:21:17,616 (server:521) INFO: {'Role': 'Server #', 'Round': 'Final', 'Results_raw': {'client_best_individual': {'test_loss': 25.425878, 'test_correct': 210.0, 'test_acc': 0.954545, 'test_f1': 0.940748, 'test_avg_loss': 0.115572, 'test_total': 220.0}, 'client_summarized_weighted_avg': {'test_loss': 25.425878, 'test_correct': 210.0, 'test_acc': 0.954545, 'test_f1': 0.940748, 'test_avg_loss': 0.115572, 'test_total': 220.0}, 'client_summarized_avg': {'test_loss': 25.425878, 'test_correct': 210.0, 'test_acc': 0.954545, 'test_f1': 0.940748, 'test_avg_loss': 0.115572, 'test_total': 220.0}, 'client_summarized_fairness': {'test_loss': [25.425878], 'test_correct': 210.0, 'test_acc': [0.954545], 'test_f1': [0.940748], 'test_avg_loss': [0.115572], 'test_total': 220.0}}}[0m
[38;5;39m2023-02-24 22:21:17,616 (server:540) INFO: {'Role': 'Client #1', 'Round': 10, 'Results_raw': {'test_correct': 210.0, 'test_acc': 0.954545, 'test_f1': 0.940748, 'test_avg_loss': 0.115572, 'test_total': 220, 'test_loss': 25.425878}}[0m
[38;5;39m2023-02-24 22:21:17,617 (monitor:172) INFO: In worker #0, the system-related metrics are: {'id': 0, 'fl_end_time_minutes': 2.035734, 'total_model_size': 0, 'total_flops': 0, 'total_upload_bytes': 1280, 'total_download_bytes': 9816, 'global_convergence_round': 0, 'local_convergence_round': 0, 'global_convergence_time_minutes': 0, 'local_convergence_time_minutes': 0}[0m
[38;5;39m2023-02-24 22:21:17,618 (client:513) INFO: ================= client 1 received finish message =================[0m
[38;5;39m2023-02-24 22:21:17,619 (monitor:172) INFO: In worker #1, the system-related metrics are: {'id': 1, 'fl_end_time_minutes': 2.033403, 'total_model_size': 3260030, 'total_flops': 2327893645440.0, 'total_upload_bytes': 10736, 'total_download_bytes': 1280, 'global_convergence_round': 0, 'local_convergence_round': 0, 'global_convergence_time_minutes': 0, 'local_convergence_time_minutes': 0}[0m
[38;5;39m2023-02-24 22:21:17,620 (monitor:337) INFO: We will compress the file eval_results.raw into a .gz file, and delete the old one[0m
[38;5;39m2023-02-24 22:21:17,621 (monitor:245) INFO: After merging the system metrics from all works, we got avg: defaultdict(None, {'id': 'sys_avg', 'sys_avg/fl_end_time_minutes': 2.034569, 'sys_avg/total_model_size': '1.55M', 'sys_avg/total_flops': '1.06T', 'sys_avg/total_upload_bytes': '5.87K', 'sys_avg/total_download_bytes': '5.42K', 'sys_avg/global_convergence_round': 0.0, 'sys_avg/local_convergence_round': 0.0, 'sys_avg/global_convergence_time_minutes': 0.0, 'sys_avg/local_convergence_time_minutes': 0.0})[0m
[38;5;39m2023-02-24 22:21:17,621 (monitor:248) INFO: After merging the system metrics from all works, we got std: defaultdict(None, {'id': 'sys_std', 'sys_std/fl_end_time_minutes': 0.001166, 'sys_std/total_model_size': '1.55M', 'sys_std/total_flops': '1.06T', 'sys_std/total_upload_bytes': '4.62K', 'sys_std/total_download_bytes': '4.17K', 'sys_std/global_convergence_round': 0.0, 'sys_std/local_convergence_round': 0.0, 'sys_std/global_convergence_time_minutes': 0.0, 'sys_std/local_convergence_time_minutes': 0.0})[0m
None
220
<generator object BaseDataTranslator.split_to_client.<locals>.<genexpr> at 0x7f30c6aa3350>
