2023-02-17 20:37:57.466835: I tensorflow/core/platform/cpu_feature_guard.cc:193] This TensorFlow binary is optimized with oneAPI Deep Neural Network Library (oneDNN) to use the following CPU instructions in performance-critical operations:  SSE4.1 SSE4.2 AVX AVX2 FMA
To enable them in other operations, rebuild TensorFlow with the appropriate compiler flags.
<frozen importlib._bootstrap>:228: RuntimeWarning: scipy._lib.messagestream.MessageStream size changed, may indicate binary incompatibility. Expected 56 from C header, got 64 from PyObject
2023-02-17 20:37:59,445 (cfg_data:145)WARNING: config `cfg.data.batch_size` will be removed in the future, use `cfg.dataloader.batch_size` instead.
2023-02-17 20:37:59,445 (cfg_fl_setting:123)WARNING: In local/global training mode, the sampling related configs are in-valid, we will use all clients. 
2023-02-17 20:37:59,445 (cfg_data:145)WARNING: config `cfg.data.batch_size` will be removed in the future, use `cfg.dataloader.batch_size` instead.
2023-02-17 20:37:59,445 (cfg_fl_setting:123)WARNING: In local/global training mode, the sampling related configs are in-valid, we will use all clients. 
2023-02-17 20:37:59,446 (cfg_data:145)WARNING: config `cfg.data.batch_size` will be removed in the future, use `cfg.dataloader.batch_size` instead.
2023-02-17 20:37:59,446 (cfg_fl_setting:123)WARNING: In local/global training mode, the sampling related configs are in-valid, we will use all clients. 
[38;5;39m2023-02-17 20:37:59,459 (logging:124) INFO: the current machine is at 192.168.0.1[0m
[38;5;39m2023-02-17 20:37:59,459 (logging:126) INFO: the current dir is /home/ubuntu/FederatedScope[0m
[38;5;39m2023-02-17 20:37:59,459 (logging:127) INFO: the output dir is exp/global_convnet2_on_lung_lr0.01_lstep1/sub_exp_20230217203759[0m
[38;5;39m2023-02-17 20:38:07,508 (base_data:87) INFO: Will merge data from clients whose ids in [1, 10][0m
[33;20m2023-02-17 20:38:07,520 (cfg_data:145) WARNING: config `cfg.data.batch_size` will be removed in the future, use `cfg.dataloader.batch_size` instead.[0m
[33;20m2023-02-17 20:38:07,520 (cfg_fl_setting:123) WARNING: In local/global training mode, the sampling related configs are in-valid, we will use all clients. [0m
[38;5;39m2023-02-17 20:38:07,520 (cfg_fl_setting:128) INFO: In global training mode, we will put all data in a proxy client. [0m
[33;20m2023-02-17 20:38:07,520 (cfg_data:145) WARNING: config `cfg.data.batch_size` will be removed in the future, use `cfg.dataloader.batch_size` instead.[0m
[33;20m2023-02-17 20:38:07,520 (cfg_fl_setting:123) WARNING: In local/global training mode, the sampling related configs are in-valid, we will use all clients. [0m
[38;5;39m2023-02-17 20:38:07,520 (cfg_fl_setting:128) INFO: In global training mode, we will put all data in a proxy client. [0m
[38;5;39m2023-02-17 20:38:07,544 (config:243) INFO: the used configs are: 
aggregator:
  inside_weight: 1.0
  num_agg_groups: 1
  num_agg_topk: []
  outside_weight: 0.0
asyn:
  use: False
attack:
  alpha_TV: 0.001
  alpha_prop_loss: 0
  attack_method: 
  attacker_id: -1
  classifier_PIA: randomforest
  edge_num: 100
  edge_path: edge_data/
  freq: 10
  info_diff_type: l2
  inject_round: 0
  insert_round: 100000
  label_type: dirty
  max_ite: 400
  mean: [0.1307]
  mia_is_simulate_in: False
  mia_simulate_in_round: 20
  pgd_eps: 2
  pgd_lr: 0.1
  pgd_poisoning: False
  poison_ratio: 0.5
  reconstruct_lr: 0.01
  reconstruct_optim: Adam
  scale_para: 1.0
  scale_poisoning: False
  self_epoch: 6
  self_lr: 0.05
  self_opt: False
  setting: fix
  std: [0.3081]
  target_label_ind: -1
  trigger_path: trigger/
  trigger_type: edge
backend: torch
cfg_file: 
check_completeness: False
criterion:
  type: CrossEntropyLoss
data:
  args: []
  batch_size: 16
  cSBM_phi: [0.5, 0.5, 0.5]
  cache_dir: 
  consistent_label_distribution: False
  drop_last: False
  hetero_data_name: []
  hetero_synth_batch_size: 32
  hetero_synth_feat_dim: 128
  hetero_synth_prim_weight: 0.5
  is_debug: False
  loader: 
  max_query_len: 128
  max_seq_len: 384
  max_tgt_len: 128
  num_contrast: 0
  num_of_client_for_data: []
  num_steps: 30
  num_workers: 0
  pre_transform: []
  quadratic:
    dim: 1
    max_curv: 12.5
    min_curv: 0.02
  root: data/
  save_data: False
  server_holds_all: False
  shuffle: True
  sizes: [10, 5]
  splits: [0.8, 0, 0.2]
  splitter: lda
  splitter_args: [{'alpha': 0.2}]
  subsample: 1.0
  target_transform: []
  test_pre_transform: []
  test_target_transform: []
  test_transform: []
  transform: []
  trunc_stride: 128
  type: lung
  val_pre_transform: []
  val_target_transform: []
  val_transform: []
  walk_length: 2
dataloader:
  batch_size: 16
  drop_last: False
  num_steps: 30
  num_workers: 0
  pin_memory: False
  shuffle: True
  sizes: [10, 5]
  theta: -1
  type: base
  walk_length: 2
device: 0
distribute:
  use: False
early_stop:
  delta: 0.0
  improve_indicator_mode: best
  patience: 5
eval:
  best_res_update_round_wise_key: test_loss
  count_flops: True
  freq: 1
  metrics: ['acc', 'correct', 'f1']
  monitoring: []
  report: ['weighted_avg', 'avg', 'fairness', 'raw']
  split: ['test', 'val']
expname: global_convnet2_on_lung_lr0.01_lstep1
expname_tag: 
feat_engr:
  num_bins: 5
  scenario: hfl
  secure:
    dp:
      
    encrypt:
      type: dummy
    key_size: 3072
    type: encrypt
  selec_threshold: 0.05
  selec_woe_binning: quantile
  type: 
federate:
  atc_load_from: 
  atc_vanilla: False
  client_num: 10
  data_weighted_aggr: False
  ignore_weight: False
  join_in_info: []
  make_global_eval: False
  merge_test_data: False
  method: global
  mode: standalone
  online_aggr: False
  resource_info_file: 
  restore_from: 
  sample_client_num: 10
  sample_client_rate: -1.0
  sampler: uniform
  save_to: 
  share_local_model: False
  total_round_num: 10
  unseen_clients_rate: 0.0
  use_diff: False
  use_ss: False
fedopt:
  use: False
fedprox:
  use: False
fedsageplus:
  a: 1.0
  b: 1.0
  c: 1.0
  fedgen_epoch: 200
  gen_hidden: 128
  hide_portion: 0.5
  loc_epoch: 1
  num_pred: 5
finetune:
  batch_or_epoch: epoch
  before_eval: False
  freeze_param: 
  local_update_steps: 1
  optimizer:
    lr: 0.1
    type: SGD
  scheduler:
    type: 
    warmup_ratio: 0.0
flitplus:
  factor_ema: 0.8
  lambdavat: 0.5
  tmpFed: 0.5
  weightReg: 1.0
gcflplus:
  EPS_1: 0.05
  EPS_2: 0.1
  seq_length: 5
  standardize: False
grad:
  grad_accum_count: 1
  grad_clip: 5.0
hpo:
  fedex:
    cutoff: 0.0
    diff: False
    eta0: -1.0
    flatten_ss: True
    gamma: 0.0
    pi_lr: 0.01
    psn: False
    sched: auto
    ss: 
    use: False
  init_cand_num: 16
  larger_better: False
  metric: client_summarized_weighted_avg.val_loss
  num_workers: 0
  pbt:
    max_stage: 5
    perf_threshold: 0.1
  scheduler: rs
  sha:
    budgets: []
    elim_rate: 3
    iter: 0
  ss: 
  table:
    eps: 0.1
    idx: 0
    num: 27
  working_folder: hpo
model:
  contrast_temp: 1.0
  contrast_topk: 100
  downstream_tasks: []
  dropout: 0.0
  embed_size: 8
  gamma: 0
  graph_pooling: mean
  hidden: 2048
  in_channels: 0
  input_shape: ()
  label_smoothing: 0.1
  lambda_: 0.1
  layer: 2
  length_penalty: 2.0
  max_answer_len: 30
  max_length: 200
  max_tree_depth: 3
  min_length: 1
  model_num_per_trainer: 1
  model_type: google/bert_uncased_L-2_H-128_A-2
  n_best_size: 20
  no_repeat_ngram_size: 3
  null_score_diff_threshold: 0.0
  num_beams: 5
  num_item: 0
  num_labels: 1
  num_of_trees: 10
  num_user: 0
  out_channels: 62
  pretrain_tasks: []
  stage: 
  task: node
  type: convnet2
  use_bias: True
  use_contrastive_loss: False
nbafl:
  use: False
outdir: exp/global_convnet2_on_lung_lr0.01_lstep1/sub_exp_20230217203759
personalization:
  K: 5
  beta: 1.0
  local_param: []
  local_update_steps: 1
  lr: 0.01
  regular_weight: 0.1
  share_non_trainable_para: False
print_decimal_digits: 6
regularizer:
  mu: 0.0
  type: 
seed: 2
sgdmf:
  use: False
train:
  batch_or_epoch: epoch
  local_update_steps: 1
  optimizer:
    lr: 0.01
    type: SGD
    weight_decay: 0.0
  scheduler:
    type: 
    warmup_ratio: 0.0
trainer:
  disp_freq: 50
  local_entropy:
    alpha: 0.75
    eps: 0.001
    gamma: 0.0001
  sam:
    adaptive: False
    eta: 0.0
    rho: 1.0
  type: cvtrainer
  val_freq: 100000000
use_gpu: True
verbose: 1
vertical:
  use: False
wandb:
  use: False[0m
[33;20m2023-02-17 20:38:07,546 (worker_builder:174) WARNING: Server for method global is not implemented. Will use default one[0m
[33;20m2023-02-17 20:38:07,546 (worker_builder:71) WARNING: Clients for method global is not implemented. Will use default one[0m
[38;5;39m2023-02-17 20:38:07,623 (utils:144) INFO: The device information file is not provided[0m
[33;20m2023-02-17 20:38:07,647 (cfg_data:145) WARNING: config `cfg.data.batch_size` will be removed in the future, use `cfg.dataloader.batch_size` instead.[0m
[33;20m2023-02-17 20:38:07,647 (cfg_fl_setting:123) WARNING: In local/global training mode, the sampling related configs are in-valid, we will use all clients. [0m
[38;5;39m2023-02-17 20:38:07,647 (cfg_fl_setting:128) INFO: In global training mode, we will put all data in a proxy client. [0m
[38;5;39m2023-02-17 20:38:07,671 (config:243) INFO: the used configs are: 
aggregator:
  inside_weight: 1.0
  num_agg_groups: 1
  num_agg_topk: []
  outside_weight: 0.0
asyn:
  use: False
attack:
  alpha_TV: 0.001
  alpha_prop_loss: 0
  attack_method: 
  attacker_id: -1
  classifier_PIA: randomforest
  edge_num: 100
  edge_path: edge_data/
  freq: 10
  info_diff_type: l2
  inject_round: 0
  insert_round: 100000
  label_type: dirty
  max_ite: 400
  mean: [0.1307]
  mia_is_simulate_in: False
  mia_simulate_in_round: 20
  pgd_eps: 2
  pgd_lr: 0.1
  pgd_poisoning: False
  poison_ratio: 0.5
  reconstruct_lr: 0.01
  reconstruct_optim: Adam
  scale_para: 1.0
  scale_poisoning: False
  self_epoch: 6
  self_lr: 0.05
  self_opt: False
  setting: fix
  std: [0.3081]
  target_label_ind: -1
  trigger_path: trigger/
  trigger_type: edge
backend: torch
cfg_file: 
check_completeness: False
criterion:
  type: CrossEntropyLoss
data:
  args: []
  batch_size: 16
  cSBM_phi: [0.5, 0.5, 0.5]
  cache_dir: 
  consistent_label_distribution: False
  drop_last: False
  hetero_data_name: []
  hetero_synth_batch_size: 32
  hetero_synth_feat_dim: 128
  hetero_synth_prim_weight: 0.5
  is_debug: False
  loader: 
  max_query_len: 128
  max_seq_len: 384
  max_tgt_len: 128
  num_contrast: 0
  num_of_client_for_data: []
  num_steps: 30
  num_workers: 0
  pre_transform: []
  quadratic:
    dim: 1
    max_curv: 12.5
    min_curv: 0.02
  root: data/
  save_data: False
  server_holds_all: False
  shuffle: True
  sizes: [10, 5]
  splits: [0.8, 0, 0.2]
  splitter: lda
  splitter_args: [{'alpha': 0.2}]
  subsample: 1.0
  target_transform: []
  test_pre_transform: []
  test_target_transform: []
  test_transform: []
  transform: []
  trunc_stride: 128
  type: lung
  val_pre_transform: []
  val_target_transform: []
  val_transform: []
  walk_length: 2
dataloader:
  batch_size: 16
  drop_last: False
  num_steps: 30
  num_workers: 0
  pin_memory: False
  shuffle: True
  sizes: [10, 5]
  theta: -1
  type: base
  walk_length: 2
device: 0
distribute:
  use: False
early_stop:
  delta: 0.0
  improve_indicator_mode: best
  patience: 5
eval:
  best_res_update_round_wise_key: test_loss
  count_flops: True
  freq: 1
  metrics: ['acc', 'correct', 'f1']
  monitoring: []
  report: ['weighted_avg', 'avg', 'fairness', 'raw']
  split: ['test', 'val']
expname: global_convnet2_on_lung_lr0.01_lstep1
expname_tag: 
feat_engr:
  num_bins: 5
  scenario: hfl
  secure:
    dp:
      
    encrypt:
      type: dummy
    key_size: 3072
    type: encrypt
  selec_threshold: 0.05
  selec_woe_binning: quantile
  type: 
federate:
  atc_load_from: 
  atc_vanilla: False
  client_num: 1
  data_weighted_aggr: False
  ignore_weight: False
  join_in_info: []
  make_global_eval: False
  merge_test_data: False
  method: global
  mode: standalone
  online_aggr: False
  resource_info_file: 
  restore_from: 
  sample_client_num: 1
  sample_client_rate: -1.0
  sampler: uniform
  save_to: 
  share_local_model: False
  total_round_num: 10
  unseen_clients_rate: 0.0
  use_diff: False
  use_ss: False
fedopt:
  use: False
fedprox:
  use: False
fedsageplus:
  a: 1.0
  b: 1.0
  c: 1.0
  fedgen_epoch: 200
  gen_hidden: 128
  hide_portion: 0.5
  loc_epoch: 1
  num_pred: 5
finetune:
  batch_or_epoch: epoch
  before_eval: False
  freeze_param: 
  local_update_steps: 1
  optimizer:
    lr: 0.1
    type: SGD
  scheduler:
    type: 
    warmup_ratio: 0.0
flitplus:
  factor_ema: 0.8
  lambdavat: 0.5
  tmpFed: 0.5
  weightReg: 1.0
gcflplus:
  EPS_1: 0.05
  EPS_2: 0.1
  seq_length: 5
  standardize: False
grad:
  grad_accum_count: 1
  grad_clip: 5.0
hpo:
  fedex:
    cutoff: 0.0
    diff: False
    eta0: -1.0
    flatten_ss: True
    gamma: 0.0
    pi_lr: 0.01
    psn: False
    sched: auto
    ss: 
    use: False
  init_cand_num: 16
  larger_better: False
  metric: client_summarized_weighted_avg.val_loss
  num_workers: 0
  pbt:
    max_stage: 5
    perf_threshold: 0.1
  scheduler: rs
  sha:
    budgets: []
    elim_rate: 3
    iter: 0
  ss: 
  table:
    eps: 0.1
    idx: 0
    num: 27
  working_folder: hpo
model:
  contrast_temp: 1.0
  contrast_topk: 100
  downstream_tasks: []
  dropout: 0.0
  embed_size: 8
  gamma: 0
  graph_pooling: mean
  hidden: 2048
  in_channels: 0
  input_shape: ()
  label_smoothing: 0.1
  lambda_: 0.1
  layer: 2
  length_penalty: 2.0
  max_answer_len: 30
  max_length: 200
  max_tree_depth: 3
  min_length: 1
  model_num_per_trainer: 1
  model_type: google/bert_uncased_L-2_H-128_A-2
  n_best_size: 20
  no_repeat_ngram_size: 3
  null_score_diff_threshold: 0.0
  num_beams: 5
  num_item: 0
  num_labels: 1
  num_of_trees: 10
  num_user: 0
  out_channels: 62
  pretrain_tasks: []
  stage: 
  task: node
  type: convnet2
  use_bias: True
  use_contrastive_loss: False
nbafl:
  use: False
outdir: exp/global_convnet2_on_lung_lr0.01_lstep1/sub_exp_20230217203759
personalization:
  K: 5
  beta: 1.0
  local_param: []
  local_update_steps: 1
  lr: 0.01
  regular_weight: 0.1
  share_non_trainable_para: False
print_decimal_digits: 6
regularizer:
  mu: 0.0
  type: 
seed: 2
sgdmf:
  use: False
train:
  batch_or_epoch: epoch
  local_update_steps: 1
  optimizer:
    lr: 0.01
    type: SGD
    weight_decay: 0.0
  scheduler:
    type: 
    warmup_ratio: 0.0
trainer:
  disp_freq: 50
  local_entropy:
    alpha: 0.75
    eps: 0.001
    gamma: 0.0001
  sam:
    adaptive: False
    eta: 0.0
    rho: 1.0
  type: cvtrainer
  val_freq: 100000000
use_gpu: True
verbose: 1
vertical:
  use: False
wandb:
  use: False[0m
[38;5;39m2023-02-17 20:38:08,232 (fed_runner:169) INFO: Server has been set up ... [0m
[38;5;39m2023-02-17 20:38:09,029 (fed_runner:221) INFO: Client 1 has been set up ... [0m
[38;5;39m2023-02-17 20:38:09,029 (trainer:341) INFO: Model meta-info: <class 'federatedscope.cv.model.cnn.ConvNet2'>.[0m
[38;5;39m2023-02-17 20:38:09,029 (trainer:349) INFO: Num of original para names: 18.[0m
[38;5;39m2023-02-17 20:38:09,029 (trainer:350) INFO: Num of original trainable para names: 12.[0m
[38;5;39m2023-02-17 20:38:09,029 (trainer:352) INFO: Num of preserved para names in local update: 0. 
Preserved para names in local update: set().[0m
[38;5;39m2023-02-17 20:38:09,029 (trainer:356) INFO: Num of filtered para names in local update: 18. 
Filtered para names in local update: {'fc2.bias', 'conv2.bias', 'bn2.bias', 'bn1.weight', 'fc2.weight', 'conv1.bias', 'conv2.weight', 'fc1.weight', 'fc1.bias', 'bn1.num_batches_tracked', 'conv1.weight', 'bn1.running_var', 'bn1.running_mean', 'bn2.running_mean', 'bn2.weight', 'bn2.num_batches_tracked', 'bn1.bias', 'bn2.running_var'}.[0m
[38;5;39m2023-02-17 20:38:09,030 (trainer:361) INFO: After register default hooks,
	the hooks_in_train is:
	{
	  "on_fit_start": [
	    "_hook_on_fit_start_init",
	    "_hook_on_fit_start_calculate_model_size"
	  ],
	  "on_epoch_start": [
	    "_hook_on_epoch_start"
	  ],
	  "on_batch_start": [
	    "_hook_on_batch_start_init"
	  ],
	  "on_batch_forward": [
	    "_hook_on_batch_forward",
	    "_hook_on_batch_forward_regularizer",
	    "_hook_on_batch_forward_flop_count"
	  ],
	  "on_batch_backward": [
	    "_hook_on_batch_backward"
	  ],
	  "on_batch_end": [
	    "_hook_on_batch_end"
	  ],
	  "on_fit_end": [
	    "_hook_on_fit_end"
	  ]
	};
	the hooks_in_eval is:
            t{
	  "on_fit_start": [
	    "_hook_on_fit_start_init"
	  ],
	  "on_epoch_start": [
	    "_hook_on_epoch_start"
	  ],
	  "on_batch_start": [
	    "_hook_on_batch_start_init"
	  ],
	  "on_batch_forward": [
	    "_hook_on_batch_forward"
	  ],
	  "on_batch_end": [
	    "_hook_on_batch_end"
	  ],
	  "on_fit_end": [
	    "_hook_on_fit_end"
	  ]
	}[0m
[38;5;39m2023-02-17 20:38:09,272 (server:804) INFO: ----------- Starting training (Round #0) -------------[0m
Unsupported operator aten::max_pool2d encountered 2 time(s)
[38;5;39m2023-02-17 20:38:19,711 (client:306) INFO: {'Role': 'Client #1', 'Round': 0, 'Results_raw': {'train_acc': 0.59293, 'train_avg_loss': 1.074335, 'train_loss': 942.192081, 'train_correct': 520.0, 'train_f1': 0.143806, 'train_total': 877}}[0m
[38;5;39m2023-02-17 20:38:19,712 (monitor:541) INFO: {'Role': 'Server #', 'Round': 0, 'Results_model_metric': {}}[0m
[38;5;39m2023-02-17 20:38:19,733 (server:330) INFO: Server: Starting evaluation at the end of round 0.[0m
[38;5;39m2023-02-17 20:38:19,733 (server:336) INFO: ----------- Starting a new training round (Round #1) -------------[0m
[33;20m2023-02-17 20:38:21,661 (context:294) WARNING: No val_data or val_loader in the trainer, will skip evaluation.If this is not the case you want, please check whether there is typo for the name[0m
[38;5;39m2023-02-17 20:38:28,737 (client:306) INFO: {'Role': 'Client #1', 'Round': 1, 'Results_raw': {'train_acc': 0.694413, 'train_avg_loss': 0.752044, 'train_loss': 659.542796, 'train_correct': 609.0, 'train_f1': 0.550744, 'train_total': 877}}[0m
[38;5;39m2023-02-17 20:38:28,738 (server:590) INFO: {'Role': 'Server #', 'Round': 0, 'Results_weighted_avg': {'test_acc': 0.745455, 'test_avg_loss': 0.735033, 'test_loss': 161.707247, 'test_correct': 164.0, 'test_f1': 0.512709, 'test_total': 220.0}, 'Results_avg': {'test_acc': 0.745455, 'test_avg_loss': 0.735033, 'test_loss': 161.707247, 'test_correct': 164.0, 'test_f1': 0.512709, 'test_total': 220.0}, 'Results_fairness': {'test_acc': [0.745455], 'test_avg_loss': [0.735033], 'test_loss': [161.707247], 'test_correct': 164.0, 'test_f1': [0.512709], 'test_total': 220.0}}[0m
[38;5;39m2023-02-17 20:38:28,739 (monitor:541) INFO: {'Role': 'Server #', 'Round': 1, 'Results_model_metric': {}}[0m
[38;5;39m2023-02-17 20:38:28,760 (server:330) INFO: Server: Starting evaluation at the end of round 1.[0m
[38;5;39m2023-02-17 20:38:28,760 (server:336) INFO: ----------- Starting a new training round (Round #2) -------------[0m
[33;20m2023-02-17 20:38:30,695 (context:294) WARNING: No val_data or val_loader in the trainer, will skip evaluation.If this is not the case you want, please check whether there is typo for the name[0m
[38;5;39m2023-02-17 20:38:37,810 (client:306) INFO: {'Role': 'Client #1', 'Round': 2, 'Results_raw': {'train_acc': 0.740023, 'train_avg_loss': 0.619748, 'train_loss': 543.519007, 'train_correct': 649.0, 'train_f1': 0.612067, 'train_total': 877}}[0m
[38;5;39m2023-02-17 20:38:37,811 (server:590) INFO: {'Role': 'Server #', 'Round': 1, 'Results_weighted_avg': {'test_acc': 0.809091, 'test_avg_loss': 0.533169, 'test_loss': 117.297107, 'test_correct': 178.0, 'test_f1': 0.744201, 'test_total': 220.0}, 'Results_avg': {'test_acc': 0.809091, 'test_avg_loss': 0.533169, 'test_loss': 117.297107, 'test_correct': 178.0, 'test_f1': 0.744201, 'test_total': 220.0}, 'Results_fairness': {'test_acc': [0.809091], 'test_avg_loss': [0.533169], 'test_loss': [117.297107], 'test_correct': 178.0, 'test_f1': [0.744201], 'test_total': 220.0}}[0m
[38;5;39m2023-02-17 20:38:37,812 (monitor:541) INFO: {'Role': 'Server #', 'Round': 2, 'Results_model_metric': {}}[0m
[38;5;39m2023-02-17 20:38:37,833 (server:330) INFO: Server: Starting evaluation at the end of round 2.[0m
[38;5;39m2023-02-17 20:38:37,834 (server:336) INFO: ----------- Starting a new training round (Round #3) -------------[0m
[33;20m2023-02-17 20:38:39,769 (context:294) WARNING: No val_data or val_loader in the trainer, will skip evaluation.If this is not the case you want, please check whether there is typo for the name[0m
[38;5;39m2023-02-17 20:38:46,907 (client:306) INFO: {'Role': 'Client #1', 'Round': 3, 'Results_raw': {'train_acc': 0.799316, 'train_avg_loss': 0.518528, 'train_loss': 454.749013, 'train_correct': 701.0, 'train_f1': 0.707229, 'train_total': 877}}[0m
[38;5;39m2023-02-17 20:38:46,908 (server:590) INFO: {'Role': 'Server #', 'Round': 2, 'Results_weighted_avg': {'test_acc': 0.686364, 'test_avg_loss': 0.771434, 'test_loss': 169.715456, 'test_correct': 151.0, 'test_f1': 0.484203, 'test_total': 220.0}, 'Results_avg': {'test_acc': 0.686364, 'test_avg_loss': 0.771434, 'test_loss': 169.715456, 'test_correct': 151.0, 'test_f1': 0.484203, 'test_total': 220.0}, 'Results_fairness': {'test_acc': [0.686364], 'test_avg_loss': [0.771434], 'test_loss': [169.715456], 'test_correct': 151.0, 'test_f1': [0.484203], 'test_total': 220.0}}[0m
[38;5;39m2023-02-17 20:38:46,909 (monitor:541) INFO: {'Role': 'Server #', 'Round': 3, 'Results_model_metric': {}}[0m
[38;5;39m2023-02-17 20:38:46,929 (server:330) INFO: Server: Starting evaluation at the end of round 3.[0m
[38;5;39m2023-02-17 20:38:46,929 (server:336) INFO: ----------- Starting a new training round (Round #4) -------------[0m
[33;20m2023-02-17 20:38:48,871 (context:294) WARNING: No val_data or val_loader in the trainer, will skip evaluation.If this is not the case you want, please check whether there is typo for the name[0m
[38;5;39m2023-02-17 20:38:55,988 (client:306) INFO: {'Role': 'Client #1', 'Round': 4, 'Results_raw': {'train_acc': 0.81642, 'train_avg_loss': 0.434098, 'train_loss': 380.704132, 'train_correct': 716.0, 'train_f1': 0.74868, 'train_total': 877}}[0m
[38;5;39m2023-02-17 20:38:55,989 (server:590) INFO: {'Role': 'Server #', 'Round': 3, 'Results_weighted_avg': {'test_acc': 0.75, 'test_avg_loss': 0.659776, 'test_loss': 145.150813, 'test_correct': 165.0, 'test_f1': 0.657247, 'test_total': 220.0}, 'Results_avg': {'test_acc': 0.75, 'test_avg_loss': 0.659776, 'test_loss': 145.150813, 'test_correct': 165.0, 'test_f1': 0.657247, 'test_total': 220.0}, 'Results_fairness': {'test_acc': [0.75], 'test_avg_loss': [0.659776], 'test_loss': [145.150813], 'test_correct': 165.0, 'test_f1': [0.657247], 'test_total': 220.0}}[0m
[38;5;39m2023-02-17 20:38:55,990 (monitor:541) INFO: {'Role': 'Server #', 'Round': 4, 'Results_model_metric': {}}[0m
[38;5;39m2023-02-17 20:38:56,011 (server:330) INFO: Server: Starting evaluation at the end of round 4.[0m
[38;5;39m2023-02-17 20:38:56,012 (server:336) INFO: ----------- Starting a new training round (Round #5) -------------[0m
[33;20m2023-02-17 20:38:57,970 (context:294) WARNING: No val_data or val_loader in the trainer, will skip evaluation.If this is not the case you want, please check whether there is typo for the name[0m
[38;5;39m2023-02-17 20:39:05,106 (client:306) INFO: {'Role': 'Client #1', 'Round': 5, 'Results_raw': {'train_acc': 0.849487, 'train_avg_loss': 0.379259, 'train_loss': 332.610091, 'train_correct': 745.0, 'train_f1': 0.752466, 'train_total': 877}}[0m
[38;5;39m2023-02-17 20:39:05,107 (server:590) INFO: {'Role': 'Server #', 'Round': 4, 'Results_weighted_avg': {'test_acc': 0.831818, 'test_avg_loss': 0.462648, 'test_loss': 101.782504, 'test_correct': 183.0, 'test_f1': 0.787098, 'test_total': 220.0}, 'Results_avg': {'test_acc': 0.831818, 'test_avg_loss': 0.462648, 'test_loss': 101.782504, 'test_correct': 183.0, 'test_f1': 0.787098, 'test_total': 220.0}, 'Results_fairness': {'test_acc': [0.831818], 'test_avg_loss': [0.462648], 'test_loss': [101.782504], 'test_correct': 183.0, 'test_f1': [0.787098], 'test_total': 220.0}}[0m
[38;5;39m2023-02-17 20:39:05,108 (monitor:541) INFO: {'Role': 'Server #', 'Round': 5, 'Results_model_metric': {}}[0m
[38;5;39m2023-02-17 20:39:05,129 (server:330) INFO: Server: Starting evaluation at the end of round 5.[0m
[38;5;39m2023-02-17 20:39:05,129 (server:336) INFO: ----------- Starting a new training round (Round #6) -------------[0m
[33;20m2023-02-17 20:39:07,065 (context:294) WARNING: No val_data or val_loader in the trainer, will skip evaluation.If this is not the case you want, please check whether there is typo for the name[0m
[38;5;39m2023-02-17 20:39:14,266 (client:306) INFO: {'Role': 'Client #1', 'Round': 6, 'Results_raw': {'train_acc': 0.885975, 'train_avg_loss': 0.288571, 'train_loss': 253.076836, 'train_correct': 777.0, 'train_f1': 0.809568, 'train_total': 877}}[0m
[38;5;39m2023-02-17 20:39:14,268 (server:590) INFO: {'Role': 'Server #', 'Round': 5, 'Results_weighted_avg': {'test_acc': 0.804545, 'test_avg_loss': 0.538205, 'test_loss': 118.405184, 'test_correct': 177.0, 'test_f1': 0.759741, 'test_total': 220.0}, 'Results_avg': {'test_acc': 0.804545, 'test_avg_loss': 0.538205, 'test_loss': 118.405184, 'test_correct': 177.0, 'test_f1': 0.759741, 'test_total': 220.0}, 'Results_fairness': {'test_acc': [0.804545], 'test_avg_loss': [0.538205], 'test_loss': [118.405184], 'test_correct': 177.0, 'test_f1': [0.759741], 'test_total': 220.0}}[0m
[38;5;39m2023-02-17 20:39:14,268 (monitor:541) INFO: {'Role': 'Server #', 'Round': 6, 'Results_model_metric': {}}[0m
[38;5;39m2023-02-17 20:39:14,289 (server:330) INFO: Server: Starting evaluation at the end of round 6.[0m
[38;5;39m2023-02-17 20:39:14,289 (server:336) INFO: ----------- Starting a new training round (Round #7) -------------[0m
[33;20m2023-02-17 20:39:16,242 (context:294) WARNING: No val_data or val_loader in the trainer, will skip evaluation.If this is not the case you want, please check whether there is typo for the name[0m
[38;5;39m2023-02-17 20:39:23,380 (client:306) INFO: {'Role': 'Client #1', 'Round': 7, 'Results_raw': {'train_acc': 0.903079, 'train_avg_loss': 0.233945, 'train_loss': 205.16956, 'train_correct': 792.0, 'train_f1': 0.849023, 'train_total': 877}}[0m
[38;5;39m2023-02-17 20:39:23,381 (server:590) INFO: {'Role': 'Server #', 'Round': 6, 'Results_weighted_avg': {'test_acc': 0.818182, 'test_avg_loss': 0.416451, 'test_loss': 91.619126, 'test_correct': 180.0, 'test_f1': 0.663867, 'test_total': 220.0}, 'Results_avg': {'test_acc': 0.818182, 'test_avg_loss': 0.416451, 'test_loss': 91.619126, 'test_correct': 180.0, 'test_f1': 0.663867, 'test_total': 220.0}, 'Results_fairness': {'test_acc': [0.818182], 'test_avg_loss': [0.416451], 'test_loss': [91.619126], 'test_correct': 180.0, 'test_f1': [0.663867], 'test_total': 220.0}}[0m
[38;5;39m2023-02-17 20:39:23,382 (monitor:541) INFO: {'Role': 'Server #', 'Round': 7, 'Results_model_metric': {}}[0m
[38;5;39m2023-02-17 20:39:23,403 (server:330) INFO: Server: Starting evaluation at the end of round 7.[0m
[38;5;39m2023-02-17 20:39:23,403 (server:336) INFO: ----------- Starting a new training round (Round #8) -------------[0m
[33;20m2023-02-17 20:39:25,333 (context:294) WARNING: No val_data or val_loader in the trainer, will skip evaluation.If this is not the case you want, please check whether there is typo for the name[0m
[38;5;39m2023-02-17 20:39:32,619 (client:306) INFO: {'Role': 'Client #1', 'Round': 8, 'Results_raw': {'train_acc': 0.922463, 'train_avg_loss': 0.218169, 'train_loss': 191.333943, 'train_correct': 809.0, 'train_f1': 0.887112, 'train_total': 877}}[0m
[38;5;39m2023-02-17 20:39:32,621 (server:590) INFO: {'Role': 'Server #', 'Round': 7, 'Results_weighted_avg': {'test_acc': 0.9, 'test_avg_loss': 0.25957, 'test_loss': 57.105468, 'test_correct': 198.0, 'test_f1': 0.846083, 'test_total': 220.0}, 'Results_avg': {'test_acc': 0.9, 'test_avg_loss': 0.25957, 'test_loss': 57.105468, 'test_correct': 198.0, 'test_f1': 0.846083, 'test_total': 220.0}, 'Results_fairness': {'test_acc': [0.9], 'test_avg_loss': [0.25957], 'test_loss': [57.105468], 'test_correct': 198.0, 'test_f1': [0.846083], 'test_total': 220.0}}[0m
[38;5;39m2023-02-17 20:39:32,622 (monitor:541) INFO: {'Role': 'Server #', 'Round': 8, 'Results_model_metric': {}}[0m
[38;5;39m2023-02-17 20:39:32,654 (server:330) INFO: Server: Starting evaluation at the end of round 8.[0m
[38;5;39m2023-02-17 20:39:32,655 (server:336) INFO: ----------- Starting a new training round (Round #9) -------------[0m
[33;20m2023-02-17 20:39:34,655 (context:294) WARNING: No val_data or val_loader in the trainer, will skip evaluation.If this is not the case you want, please check whether there is typo for the name[0m
[38;5;39m2023-02-17 20:39:41,907 (client:306) INFO: {'Role': 'Client #1', 'Round': 9, 'Results_raw': {'train_acc': 0.940707, 'train_avg_loss': 0.167672, 'train_loss': 147.048401, 'train_correct': 825.0, 'train_f1': 0.896357, 'train_total': 877}}[0m
[38;5;39m2023-02-17 20:39:41,908 (server:590) INFO: {'Role': 'Server #', 'Round': 8, 'Results_weighted_avg': {'test_acc': 0.918182, 'test_avg_loss': 0.241312, 'test_loss': 53.08872, 'test_correct': 202.0, 'test_f1': 0.88777, 'test_total': 220.0}, 'Results_avg': {'test_acc': 0.918182, 'test_avg_loss': 0.241312, 'test_loss': 53.08872, 'test_correct': 202.0, 'test_f1': 0.88777, 'test_total': 220.0}, 'Results_fairness': {'test_acc': [0.918182], 'test_avg_loss': [0.241312], 'test_loss': [53.08872], 'test_correct': 202.0, 'test_f1': [0.88777], 'test_total': 220.0}}[0m
[38;5;39m2023-02-17 20:39:41,909 (monitor:541) INFO: {'Role': 'Server #', 'Round': 9, 'Results_model_metric': {}}[0m
[38;5;39m2023-02-17 20:39:41,929 (server:347) INFO: Server: Training is finished! Starting evaluation.[0m
[33;20m2023-02-17 20:39:43,867 (context:294) WARNING: No val_data or val_loader in the trainer, will skip evaluation.If this is not the case you want, please check whether there is typo for the name[0m
[38;5;39m2023-02-17 20:39:43,868 (server:590) INFO: {'Role': 'Server #', 'Round': 9, 'Results_weighted_avg': {'test_acc': 0.904545, 'test_avg_loss': 0.211269, 'test_loss': 46.479152, 'test_correct': 199.0, 'test_f1': 0.852357, 'test_total': 220.0}, 'Results_avg': {'test_acc': 0.904545, 'test_avg_loss': 0.211269, 'test_loss': 46.479152, 'test_correct': 199.0, 'test_f1': 0.852357, 'test_total': 220.0}, 'Results_fairness': {'test_acc': [0.904545], 'test_avg_loss': [0.211269], 'test_loss': [46.479152], 'test_correct': 199.0, 'test_f1': [0.852357], 'test_total': 220.0}}[0m
[38;5;39m2023-02-17 20:39:43,869 (server:395) INFO: Server: Final evaluation is finished! Starting merging results.[0m
[38;5;39m2023-02-17 20:39:43,869 (server:521) INFO: {'Role': 'Server #', 'Round': 'Final', 'Results_raw': {'client_best_individual': {'test_loss': 46.479152, 'test_acc': 0.904545, 'test_avg_loss': 0.211269, 'test_correct': 199.0, 'test_f1': 0.852357, 'test_total': 220.0}, 'client_summarized_weighted_avg': {'test_loss': 46.479152, 'test_acc': 0.904545, 'test_avg_loss': 0.211269, 'test_correct': 199.0, 'test_f1': 0.852357, 'test_total': 220.0}, 'client_summarized_avg': {'test_loss': 46.479152, 'test_acc': 0.904545, 'test_avg_loss': 0.211269, 'test_correct': 199.0, 'test_f1': 0.852357, 'test_total': 220.0}, 'client_summarized_fairness': {'test_loss': [46.479152], 'test_acc': [0.904545], 'test_avg_loss': [0.211269], 'test_correct': 199.0, 'test_f1': [0.852357], 'test_total': 220.0}}}[0m
[38;5;39m2023-02-17 20:39:43,870 (server:540) INFO: {'Role': 'Client #1', 'Round': 10, 'Results_raw': {'test_acc': 0.904545, 'test_avg_loss': 0.211269, 'test_loss': 46.479152, 'test_correct': 199.0, 'test_f1': 0.852357, 'test_total': 220}}[0m
[38;5;39m2023-02-17 20:39:43,870 (monitor:172) INFO: In worker #0, the system-related metrics are: {'id': 0, 'fl_end_time_minutes': 1.593994, 'total_model_size': 0, 'total_flops': 0, 'total_upload_bytes': 1280, 'total_download_bytes': 9816, 'global_convergence_round': 0, 'local_convergence_round': 0, 'global_convergence_time_minutes': 0, 'local_convergence_time_minutes': 0}[0m
[38;5;39m2023-02-17 20:39:43,871 (client:513) INFO: ================= client 1 received finish message =================[0m
[38;5;39m2023-02-17 20:39:43,891 (monitor:172) INFO: In worker #1, the system-related metrics are: {'id': 1, 'fl_end_time_minutes': 1.585013, 'total_model_size': 82102974, 'total_flops': 2073639979520.0, 'total_upload_bytes': 10736, 'total_download_bytes': 1280, 'global_convergence_round': 0, 'local_convergence_round': 0, 'global_convergence_time_minutes': 0, 'local_convergence_time_minutes': 0}[0m
[38;5;39m2023-02-17 20:39:43,892 (monitor:337) INFO: We will compress the file eval_results.raw into a .gz file, and delete the old one[0m
[38;5;39m2023-02-17 20:39:43,893 (monitor:245) INFO: After merging the system metrics from all works, we got avg: defaultdict(None, {'id': 'sys_avg', 'sys_avg/fl_end_time_minutes': 1.589503, 'sys_avg/total_model_size': '39.15M', 'sys_avg/total_flops': '965.61G', 'sys_avg/total_upload_bytes': '5.87K', 'sys_avg/total_download_bytes': '5.42K', 'sys_avg/global_convergence_round': 0.0, 'sys_avg/local_convergence_round': 0.0, 'sys_avg/global_convergence_time_minutes': 0.0, 'sys_avg/local_convergence_time_minutes': 0.0})[0m
[38;5;39m2023-02-17 20:39:43,893 (monitor:248) INFO: After merging the system metrics from all works, we got std: defaultdict(None, {'id': 'sys_std', 'sys_std/fl_end_time_minutes': 0.004491, 'sys_std/total_model_size': '39.15M', 'sys_std/total_flops': '965.61G', 'sys_std/total_upload_bytes': '4.62K', 'sys_std/total_download_bytes': '4.17K', 'sys_std/global_convergence_round': 0.0, 'sys_std/local_convergence_round': 0.0, 'sys_std/global_convergence_time_minutes': 0.0, 'sys_std/local_convergence_time_minutes': 0.0})[0m
None
220
<generator object BaseDataTranslator.split_to_client.<locals>.<genexpr> at 0x7f4a4be2e270>
__cfg_check_funcs__: []
__help_info__: {}
contrast_temp: 1.0
contrast_topk: 100
downstream_tasks: []
dropout: 0.0
embed_size: 8
gamma: 0
graph_pooling: mean
hidden: 2048
in_channels: 0
input_shape: ()
is_ready_for_run: False
label_smoothing: 0.1
lambda_: 0.1
layer: 2
length_penalty: 2.0
max_answer_len: 30
max_length: 200
max_tree_depth: 3
min_length: 1
model_num_per_trainer: 1
model_type: google/bert_uncased_L-2_H-128_A-2
n_best_size: 20
no_repeat_ngram_size: 3
null_score_diff_threshold: 0.0
num_beams: 5
num_item: 0
num_labels: 1
num_of_trees: 10
num_user: 0
out_channels: 62
pretrain_tasks: []
stage: 
task: node
type: convnet2
use_bias: True
use_contrastive_loss: False
torch
__cfg_check_funcs__: []
__help_info__: {}
contrast_temp: 1.0
contrast_topk: 100
downstream_tasks: []
dropout: 0.0
embed_size: 8
gamma: 0
graph_pooling: mean
hidden: 2048
in_channels: 0
input_shape: ()
is_ready_for_run: False
label_smoothing: 0.1
lambda_: 0.1
layer: 2
length_penalty: 2.0
max_answer_len: 30
max_length: 200
max_tree_depth: 3
min_length: 1
model_num_per_trainer: 1
model_type: google/bert_uncased_L-2_H-128_A-2
n_best_size: 20
no_repeat_ngram_size: 3
null_score_diff_threshold: 0.0
num_beams: 5
num_item: 0
num_labels: 1
num_of_trees: 10
num_user: 0
out_channels: 62
pretrain_tasks: []
stage: 
task: node
type: convnet2
use_bias: True
use_contrastive_loss: False
torch
2023-02-24 20:48:10.723280: I tensorflow/core/platform/cpu_feature_guard.cc:193] This TensorFlow binary is optimized with oneAPI Deep Neural Network Library (oneDNN) to use the following CPU instructions in performance-critical operations:  SSE4.1 SSE4.2 AVX AVX2 FMA
To enable them in other operations, rebuild TensorFlow with the appropriate compiler flags.
<frozen importlib._bootstrap>:228: RuntimeWarning: scipy._lib.messagestream.MessageStream size changed, may indicate binary incompatibility. Expected 56 from C header, got 64 from PyObject
2023-02-24 20:48:13,428 (cfg_data:145)WARNING: config `cfg.data.batch_size` will be removed in the future, use `cfg.dataloader.batch_size` instead.
2023-02-24 20:48:13,428 (cfg_fl_setting:123)WARNING: In local/global training mode, the sampling related configs are in-valid, we will use all clients. 
2023-02-24 20:48:13,428 (cfg_data:145)WARNING: config `cfg.data.batch_size` will be removed in the future, use `cfg.dataloader.batch_size` instead.
2023-02-24 20:48:13,428 (cfg_fl_setting:123)WARNING: In local/global training mode, the sampling related configs are in-valid, we will use all clients. 
2023-02-24 20:48:13,428 (cfg_data:145)WARNING: config `cfg.data.batch_size` will be removed in the future, use `cfg.dataloader.batch_size` instead.
2023-02-24 20:48:13,428 (cfg_fl_setting:123)WARNING: In local/global training mode, the sampling related configs are in-valid, we will use all clients. 
[38;5;39m2023-02-24 20:48:13,441 (logging:124) INFO: the current machine is at 192.168.0.1[0m
[38;5;39m2023-02-24 20:48:13,442 (logging:126) INFO: the current dir is /home/ubuntu/FederatedScope[0m
[38;5;39m2023-02-24 20:48:13,442 (logging:127) INFO: the output dir is exp/global_convnet5_on_lung100_lr0.01_lstep1/sub_exp_20230224204813[0m
[38;5;39m2023-02-24 20:48:23,207 (base_data:87) INFO: Will merge data from clients whose ids in [1, 10][0m
[33;20m2023-02-24 20:48:23,219 (cfg_data:145) WARNING: config `cfg.data.batch_size` will be removed in the future, use `cfg.dataloader.batch_size` instead.[0m
[33;20m2023-02-24 20:48:23,219 (cfg_fl_setting:123) WARNING: In local/global training mode, the sampling related configs are in-valid, we will use all clients. [0m
[38;5;39m2023-02-24 20:48:23,219 (cfg_fl_setting:128) INFO: In global training mode, we will put all data in a proxy client. [0m
[33;20m2023-02-24 20:48:23,220 (cfg_data:145) WARNING: config `cfg.data.batch_size` will be removed in the future, use `cfg.dataloader.batch_size` instead.[0m
[33;20m2023-02-24 20:48:23,220 (cfg_fl_setting:123) WARNING: In local/global training mode, the sampling related configs are in-valid, we will use all clients. [0m
[38;5;39m2023-02-24 20:48:23,220 (cfg_fl_setting:128) INFO: In global training mode, we will put all data in a proxy client. [0m
[38;5;39m2023-02-24 20:48:23,244 (config:243) INFO: the used configs are: 
aggregator:
  inside_weight: 1.0
  num_agg_groups: 1
  num_agg_topk: []
  outside_weight: 0.0
asyn:
  use: False
attack:
  alpha_TV: 0.001
  alpha_prop_loss: 0
  attack_method: 
  attacker_id: -1
  classifier_PIA: randomforest
  edge_num: 100
  edge_path: edge_data/
  freq: 10
  info_diff_type: l2
  inject_round: 0
  insert_round: 100000
  label_type: dirty
  max_ite: 400
  mean: [0.1307]
  mia_is_simulate_in: False
  mia_simulate_in_round: 20
  pgd_eps: 2
  pgd_lr: 0.1
  pgd_poisoning: False
  poison_ratio: 0.5
  reconstruct_lr: 0.01
  reconstruct_optim: Adam
  scale_para: 1.0
  scale_poisoning: False
  self_epoch: 6
  self_lr: 0.05
  self_opt: False
  setting: fix
  std: [0.3081]
  target_label_ind: -1
  trigger_path: trigger/
  trigger_type: edge
backend: torch
cfg_file: 
check_completeness: False
criterion:
  type: CrossEntropyLoss
data:
  args: []
  batch_size: 16
  cSBM_phi: [0.5, 0.5, 0.5]
  cache_dir: 
  consistent_label_distribution: False
  drop_last: False
  hetero_data_name: []
  hetero_synth_batch_size: 32
  hetero_synth_feat_dim: 128
  hetero_synth_prim_weight: 0.5
  is_debug: False
  loader: 
  max_query_len: 128
  max_seq_len: 384
  max_tgt_len: 128
  num_contrast: 0
  num_of_client_for_data: []
  num_steps: 30
  num_workers: 0
  pre_transform: []
  quadratic:
    dim: 1
    max_curv: 12.5
    min_curv: 0.02
  root: data/
  save_data: False
  server_holds_all: False
  shuffle: True
  sizes: [10, 5]
  splits: [0.8, 0, 0.2]
  splitter: lda
  splitter_args: [{'alpha': 0.2}]
  subsample: 1.0
  target_transform: []
  test_pre_transform: []
  test_target_transform: []
  test_transform: []
  transform: []
  trunc_stride: 128
  type: lung100
  val_pre_transform: []
  val_target_transform: []
  val_transform: []
  walk_length: 2
dataloader:
  batch_size: 16
  drop_last: False
  num_steps: 30
  num_workers: 0
  pin_memory: False
  shuffle: True
  sizes: [10, 5]
  theta: -1
  type: base
  walk_length: 2
device: 0
distribute:
  use: False
early_stop:
  delta: 0.0
  improve_indicator_mode: best
  patience: 5
eval:
  best_res_update_round_wise_key: test_loss
  count_flops: True
  freq: 1
  metrics: ['acc', 'correct', 'f1']
  monitoring: []
  report: ['weighted_avg', 'avg', 'fairness', 'raw']
  split: ['test', 'val']
expname: global_convnet5_on_lung100_lr0.01_lstep1
expname_tag: 
feat_engr:
  num_bins: 5
  scenario: hfl
  secure:
    dp:
      
    encrypt:
      type: dummy
    key_size: 3072
    type: encrypt
  selec_threshold: 0.05
  selec_woe_binning: quantile
  type: 
federate:
  atc_load_from: 
  atc_vanilla: False
  client_num: 10
  data_weighted_aggr: False
  ignore_weight: False
  join_in_info: []
  make_global_eval: False
  merge_test_data: False
  method: global
  mode: standalone
  online_aggr: False
  resource_info_file: 
  restore_from: 
  sample_client_num: 10
  sample_client_rate: -1.0
  sampler: uniform
  save_to: 
  share_local_model: False
  total_round_num: 10
  unseen_clients_rate: 0.0
  use_diff: False
  use_ss: False
fedopt:
  use: False
fedprox:
  use: False
fedsageplus:
  a: 1.0
  b: 1.0
  c: 1.0
  fedgen_epoch: 200
  gen_hidden: 128
  hide_portion: 0.5
  loc_epoch: 1
  num_pred: 5
finetune:
  batch_or_epoch: epoch
  before_eval: False
  freeze_param: 
  local_update_steps: 1
  optimizer:
    lr: 0.1
    type: SGD
  scheduler:
    type: 
    warmup_ratio: 0.0
flitplus:
  factor_ema: 0.8
  lambdavat: 0.5
  tmpFed: 0.5
  weightReg: 1.0
gcflplus:
  EPS_1: 0.05
  EPS_2: 0.1
  seq_length: 5
  standardize: False
grad:
  grad_accum_count: 1
  grad_clip: 5.0
hpo:
  fedex:
    cutoff: 0.0
    diff: False
    eta0: -1.0
    flatten_ss: True
    gamma: 0.0
    pi_lr: 0.01
    psn: False
    sched: auto
    ss: 
    use: False
  init_cand_num: 16
  larger_better: False
  metric: client_summarized_weighted_avg.val_loss
  num_workers: 0
  pbt:
    max_stage: 5
    perf_threshold: 0.1
  scheduler: rs
  sha:
    budgets: []
    elim_rate: 3
    iter: 0
  ss: 
  table:
    eps: 0.1
    idx: 0
    num: 27
  working_folder: hpo
model:
  contrast_temp: 1.0
  contrast_topk: 100
  downstream_tasks: []
  dropout: 0.0
  embed_size: 8
  gamma: 0
  graph_pooling: mean
  hidden: 2048
  in_channels: 0
  input_shape: ()
  label_smoothing: 0.1
  lambda_: 0.1
  layer: 2
  length_penalty: 2.0
  max_answer_len: 30
  max_length: 200
  max_tree_depth: 3
  min_length: 1
  model_num_per_trainer: 1
  model_type: google/bert_uncased_L-2_H-128_A-2
  n_best_size: 20
  no_repeat_ngram_size: 3
  null_score_diff_threshold: 0.0
  num_beams: 5
  num_item: 0
  num_labels: 1
  num_of_trees: 10
  num_user: 0
  out_channels: 62
  pretrain_tasks: []
  stage: 
  task: node
  type: convnet5
  use_bias: True
  use_contrastive_loss: False
nbafl:
  use: False
outdir: exp/global_convnet5_on_lung100_lr0.01_lstep1/sub_exp_20230224204813
personalization:
  K: 5
  beta: 1.0
  local_param: []
  local_update_steps: 1
  lr: 0.01
  regular_weight: 0.1
  share_non_trainable_para: False
print_decimal_digits: 6
regularizer:
  mu: 0.0
  type: 
seed: 2
sgdmf:
  use: False
train:
  batch_or_epoch: epoch
  local_update_steps: 1
  optimizer:
    lr: 0.01
    type: SGD
    weight_decay: 0.0
  scheduler:
    type: 
    warmup_ratio: 0.0
trainer:
  disp_freq: 50
  local_entropy:
    alpha: 0.75
    eps: 0.001
    gamma: 0.0001
  sam:
    adaptive: False
    eta: 0.0
    rho: 1.0
  type: cvtrainer
  val_freq: 100000000
use_gpu: True
verbose: 1
vertical:
  use: False
wandb:
  use: False[0m
[33;20m2023-02-24 20:48:23,246 (worker_builder:174) WARNING: Server for method global is not implemented. Will use default one[0m
[33;20m2023-02-24 20:48:23,246 (worker_builder:71) WARNING: Clients for method global is not implemented. Will use default one[0m
[38;5;39m2023-02-24 20:48:23,368 (utils:144) INFO: The device information file is not provided[0m
[33;20m2023-02-24 20:48:23,391 (cfg_data:145) WARNING: config `cfg.data.batch_size` will be removed in the future, use `cfg.dataloader.batch_size` instead.[0m
[33;20m2023-02-24 20:48:23,391 (cfg_fl_setting:123) WARNING: In local/global training mode, the sampling related configs are in-valid, we will use all clients. [0m
[38;5;39m2023-02-24 20:48:23,391 (cfg_fl_setting:128) INFO: In global training mode, we will put all data in a proxy client. [0m
[38;5;39m2023-02-24 20:48:23,433 (config:243) INFO: the used configs are: 
aggregator:
  inside_weight: 1.0
  num_agg_groups: 1
  num_agg_topk: []
  outside_weight: 0.0
asyn:
  use: False
attack:
  alpha_TV: 0.001
  alpha_prop_loss: 0
  attack_method: 
  attacker_id: -1
  classifier_PIA: randomforest
  edge_num: 100
  edge_path: edge_data/
  freq: 10
  info_diff_type: l2
  inject_round: 0
  insert_round: 100000
  label_type: dirty
  max_ite: 400
  mean: [0.1307]
  mia_is_simulate_in: False
  mia_simulate_in_round: 20
  pgd_eps: 2
  pgd_lr: 0.1
  pgd_poisoning: False
  poison_ratio: 0.5
  reconstruct_lr: 0.01
  reconstruct_optim: Adam
  scale_para: 1.0
  scale_poisoning: False
  self_epoch: 6
  self_lr: 0.05
  self_opt: False
  setting: fix
  std: [0.3081]
  target_label_ind: -1
  trigger_path: trigger/
  trigger_type: edge
backend: torch
cfg_file: 
check_completeness: False
criterion:
  type: CrossEntropyLoss
data:
  args: []
  batch_size: 16
  cSBM_phi: [0.5, 0.5, 0.5]
  cache_dir: 
  consistent_label_distribution: False
  drop_last: False
  hetero_data_name: []
  hetero_synth_batch_size: 32
  hetero_synth_feat_dim: 128
  hetero_synth_prim_weight: 0.5
  is_debug: False
  loader: 
  max_query_len: 128
  max_seq_len: 384
  max_tgt_len: 128
  num_contrast: 0
  num_of_client_for_data: []
  num_steps: 30
  num_workers: 0
  pre_transform: []
  quadratic:
    dim: 1
    max_curv: 12.5
    min_curv: 0.02
  root: data/
  save_data: False
  server_holds_all: False
  shuffle: True
  sizes: [10, 5]
  splits: [0.8, 0, 0.2]
  splitter: lda
  splitter_args: [{'alpha': 0.2}]
  subsample: 1.0
  target_transform: []
  test_pre_transform: []
  test_target_transform: []
  test_transform: []
  transform: []
  trunc_stride: 128
  type: lung100
  val_pre_transform: []
  val_target_transform: []
  val_transform: []
  walk_length: 2
dataloader:
  batch_size: 16
  drop_last: False
  num_steps: 30
  num_workers: 0
  pin_memory: False
  shuffle: True
  sizes: [10, 5]
  theta: -1
  type: base
  walk_length: 2
device: 0
distribute:
  use: False
early_stop:
  delta: 0.0
  improve_indicator_mode: best
  patience: 5
eval:
  best_res_update_round_wise_key: test_loss
  count_flops: True
  freq: 1
  metrics: ['acc', 'correct', 'f1']
  monitoring: []
  report: ['weighted_avg', 'avg', 'fairness', 'raw']
  split: ['test', 'val']
expname: global_convnet5_on_lung100_lr0.01_lstep1
expname_tag: 
feat_engr:
  num_bins: 5
  scenario: hfl
  secure:
    dp:
      
    encrypt:
      type: dummy
    key_size: 3072
    type: encrypt
  selec_threshold: 0.05
  selec_woe_binning: quantile
  type: 
federate:
  atc_load_from: 
  atc_vanilla: False
  client_num: 1
  data_weighted_aggr: False
  ignore_weight: False
  join_in_info: []
  make_global_eval: False
  merge_test_data: False
  method: global
  mode: standalone
  online_aggr: False
  resource_info_file: 
  restore_from: 
  sample_client_num: 1
  sample_client_rate: -1.0
  sampler: uniform
  save_to: 
  share_local_model: False
  total_round_num: 10
  unseen_clients_rate: 0.0
  use_diff: False
  use_ss: False
fedopt:
  use: False
fedprox:
  use: False
fedsageplus:
  a: 1.0
  b: 1.0
  c: 1.0
  fedgen_epoch: 200
  gen_hidden: 128
  hide_portion: 0.5
  loc_epoch: 1
  num_pred: 5
finetune:
  batch_or_epoch: epoch
  before_eval: False
  freeze_param: 
  local_update_steps: 1
  optimizer:
    lr: 0.1
    type: SGD
  scheduler:
    type: 
    warmup_ratio: 0.0
flitplus:
  factor_ema: 0.8
  lambdavat: 0.5
  tmpFed: 0.5
  weightReg: 1.0
gcflplus:
  EPS_1: 0.05
  EPS_2: 0.1
  seq_length: 5
  standardize: False
grad:
  grad_accum_count: 1
  grad_clip: 5.0
hpo:
  fedex:
    cutoff: 0.0
    diff: False
    eta0: -1.0
    flatten_ss: True
    gamma: 0.0
    pi_lr: 0.01
    psn: False
    sched: auto
    ss: 
    use: False
  init_cand_num: 16
  larger_better: False
  metric: client_summarized_weighted_avg.val_loss
  num_workers: 0
  pbt:
    max_stage: 5
    perf_threshold: 0.1
  scheduler: rs
  sha:
    budgets: []
    elim_rate: 3
    iter: 0
  ss: 
  table:
    eps: 0.1
    idx: 0
    num: 27
  working_folder: hpo
model:
  contrast_temp: 1.0
  contrast_topk: 100
  downstream_tasks: []
  dropout: 0.0
  embed_size: 8
  gamma: 0
  graph_pooling: mean
  hidden: 2048
  in_channels: 0
  input_shape: ()
  label_smoothing: 0.1
  lambda_: 0.1
  layer: 2
  length_penalty: 2.0
  max_answer_len: 30
  max_length: 200
  max_tree_depth: 3
  min_length: 1
  model_num_per_trainer: 1
  model_type: google/bert_uncased_L-2_H-128_A-2
  n_best_size: 20
  no_repeat_ngram_size: 3
  null_score_diff_threshold: 0.0
  num_beams: 5
  num_item: 0
  num_labels: 1
  num_of_trees: 10
  num_user: 0
  out_channels: 62
  pretrain_tasks: []
  stage: 
  task: node
  type: convnet5
  use_bias: True
  use_contrastive_loss: False
nbafl:
  use: False
outdir: exp/global_convnet5_on_lung100_lr0.01_lstep1/sub_exp_20230224204813
personalization:
  K: 5
  beta: 1.0
  local_param: []
  local_update_steps: 1
  lr: 0.01
  regular_weight: 0.1
  share_non_trainable_para: False
print_decimal_digits: 6
regularizer:
  mu: 0.0
  type: 
seed: 2
sgdmf:
  use: False
train:
  batch_or_epoch: epoch
  local_update_steps: 1
  optimizer:
    lr: 0.01
    type: SGD
    weight_decay: 0.0
  scheduler:
    type: 
    warmup_ratio: 0.0
trainer:
  disp_freq: 50
  local_entropy:
    alpha: 0.75
    eps: 0.001
    gamma: 0.0001
  sam:
    adaptive: False
    eta: 0.0
    rho: 1.0
  type: cvtrainer
  val_freq: 100000000
use_gpu: True
verbose: 1
vertical:
  use: False
wandb:
  use: False[0m
[38;5;39m2023-02-24 20:48:23,585 (fed_runner:169) INFO: Server has been set up ... [0m
[38;5;39m2023-02-24 20:48:23,738 (fed_runner:221) INFO: Client 1 has been set up ... [0m
[38;5;39m2023-02-24 20:48:23,738 (trainer:341) INFO: Model meta-info: <class 'federatedscope.cv.model.cnn.ConvNet5'>.[0m
[38;5;39m2023-02-24 20:48:23,739 (trainer:349) INFO: Num of original para names: 39.[0m
[38;5;39m2023-02-24 20:48:23,739 (trainer:350) INFO: Num of original trainable para names: 24.[0m
[38;5;39m2023-02-24 20:48:23,739 (trainer:352) INFO: Num of preserved para names in local update: 0. 
Preserved para names in local update: set().[0m
[38;5;39m2023-02-24 20:48:23,739 (trainer:356) INFO: Num of filtered para names in local update: 39. 
Filtered para names in local update: {'bn5.bias', 'fc2.weight', 'bn2.bias', 'conv2.weight', 'bn2.running_mean', 'bn1.running_mean', 'bn1.running_var', 'conv4.bias', 'bn1.bias', 'conv3.bias', 'bn2.num_batches_tracked', 'bn2.running_var', 'conv1.bias', 'bn3.bias', 'bn3.num_batches_tracked', 'conv5.bias', 'bn3.weight', 'bn3.running_var', 'conv3.weight', 'bn1.num_batches_tracked', 'bn5.running_mean', 'bn4.num_batches_tracked', 'fc1.bias', 'bn4.weight', 'bn5.running_var', 'conv2.bias', 'bn1.weight', 'conv4.weight', 'bn3.running_mean', 'conv5.weight', 'fc1.weight', 'bn2.weight', 'conv1.weight', 'bn4.running_mean', 'bn4.running_var', 'bn5.num_batches_tracked', 'bn5.weight', 'fc2.bias', 'bn4.bias'}.[0m
[38;5;39m2023-02-24 20:48:23,739 (trainer:361) INFO: After register default hooks,
	the hooks_in_train is:
	{
	  "on_fit_start": [
	    "_hook_on_fit_start_init",
	    "_hook_on_fit_start_calculate_model_size"
	  ],
	  "on_epoch_start": [
	    "_hook_on_epoch_start"
	  ],
	  "on_batch_start": [
	    "_hook_on_batch_start_init"
	  ],
	  "on_batch_forward": [
	    "_hook_on_batch_forward",
	    "_hook_on_batch_forward_regularizer",
	    "_hook_on_batch_forward_flop_count"
	  ],
	  "on_batch_backward": [
	    "_hook_on_batch_backward"
	  ],
	  "on_batch_end": [
	    "_hook_on_batch_end"
	  ],
	  "on_fit_end": [
	    "_hook_on_fit_end"
	  ]
	};
	the hooks_in_eval is:
            t{
	  "on_fit_start": [
	    "_hook_on_fit_start_init"
	  ],
	  "on_epoch_start": [
	    "_hook_on_epoch_start"
	  ],
	  "on_batch_start": [
	    "_hook_on_batch_start_init"
	  ],
	  "on_batch_forward": [
	    "_hook_on_batch_forward"
	  ],
	  "on_batch_end": [
	    "_hook_on_batch_end"
	  ],
	  "on_fit_end": [
	    "_hook_on_fit_end"
	  ]
	}[0m
[38;5;39m2023-02-24 20:48:23,749 (server:804) INFO: ----------- Starting training (Round #0) -------------[0m
Unsupported operator aten::max_pool2d encountered 5 time(s)
[38;5;39m2023-02-24 20:48:37,534 (client:306) INFO: {'Role': 'Client #1', 'Round': 0, 'Results_raw': {'train_f1': 0.223803, 'train_correct': 542.0, 'train_avg_loss': 1.0673, 'train_loss': 936.021785, 'train_acc': 0.618016, 'train_total': 877}}[0m
[38;5;39m2023-02-24 20:48:37,535 (monitor:541) INFO: {'Role': 'Server #', 'Round': 0, 'Results_model_metric': {}}[0m
[38;5;39m2023-02-24 20:48:37,537 (server:330) INFO: Server: Starting evaluation at the end of round 0.[0m
[38;5;39m2023-02-24 20:48:37,537 (server:336) INFO: ----------- Starting a new training round (Round #1) -------------[0m
[33;20m2023-02-24 20:48:39,656 (context:294) WARNING: No val_data or val_loader in the trainer, will skip evaluation.If this is not the case you want, please check whether there is typo for the name[0m
[38;5;39m2023-02-24 20:48:49,108 (client:306) INFO: {'Role': 'Client #1', 'Round': 1, 'Results_raw': {'train_f1': 0.548539, 'train_correct': 661.0, 'train_avg_loss': 0.6179, 'train_loss': 541.898661, 'train_acc': 0.753706, 'train_total': 877}}[0m
[38;5;39m2023-02-24 20:48:49,109 (server:590) INFO: {'Role': 'Server #', 'Round': 0, 'Results_weighted_avg': {'test_f1': 0.527514, 'test_correct': 166.0, 'test_avg_loss': 0.682156, 'test_loss': 150.074234, 'test_acc': 0.754545, 'test_total': 220.0}, 'Results_avg': {'test_f1': 0.527514, 'test_correct': 166.0, 'test_avg_loss': 0.682156, 'test_loss': 150.074234, 'test_acc': 0.754545, 'test_total': 220.0}, 'Results_fairness': {'test_f1': [0.527514], 'test_correct': 166.0, 'test_avg_loss': [0.682156], 'test_loss': [150.074234], 'test_acc': [0.754545], 'test_total': 220.0}}[0m
[38;5;39m2023-02-24 20:48:49,111 (monitor:541) INFO: {'Role': 'Server #', 'Round': 1, 'Results_model_metric': {}}[0m
[38;5;39m2023-02-24 20:48:49,112 (server:330) INFO: Server: Starting evaluation at the end of round 1.[0m
[38;5;39m2023-02-24 20:48:49,112 (server:336) INFO: ----------- Starting a new training round (Round #2) -------------[0m
[33;20m2023-02-24 20:48:51,145 (context:294) WARNING: No val_data or val_loader in the trainer, will skip evaluation.If this is not the case you want, please check whether there is typo for the name[0m
[38;5;39m2023-02-24 20:48:59,947 (client:306) INFO: {'Role': 'Client #1', 'Round': 2, 'Results_raw': {'train_f1': 0.652805, 'train_correct': 734.0, 'train_avg_loss': 0.439437, 'train_loss': 385.386423, 'train_acc': 0.836944, 'train_total': 877}}[0m
[38;5;39m2023-02-24 20:48:59,949 (server:590) INFO: {'Role': 'Server #', 'Round': 1, 'Results_weighted_avg': {'test_f1': 0.582076, 'test_correct': 184.0, 'test_avg_loss': 0.450217, 'test_loss': 99.047745, 'test_acc': 0.836364, 'test_total': 220.0}, 'Results_avg': {'test_f1': 0.582076, 'test_correct': 184.0, 'test_avg_loss': 0.450217, 'test_loss': 99.047745, 'test_acc': 0.836364, 'test_total': 220.0}, 'Results_fairness': {'test_f1': [0.582076], 'test_correct': 184.0, 'test_avg_loss': [0.450217], 'test_loss': [99.047745], 'test_acc': [0.836364], 'test_total': 220.0}}[0m
[38;5;39m2023-02-24 20:48:59,949 (monitor:541) INFO: {'Role': 'Server #', 'Round': 2, 'Results_model_metric': {}}[0m
[38;5;39m2023-02-24 20:48:59,964 (server:330) INFO: Server: Starting evaluation at the end of round 2.[0m
[38;5;39m2023-02-24 20:48:59,964 (server:336) INFO: ----------- Starting a new training round (Round #3) -------------[0m
[33;20m2023-02-24 20:49:01,903 (context:294) WARNING: No val_data or val_loader in the trainer, will skip evaluation.If this is not the case you want, please check whether there is typo for the name[0m
[38;5;39m2023-02-24 20:49:11,166 (client:306) INFO: {'Role': 'Client #1', 'Round': 3, 'Results_raw': {'train_f1': 0.728994, 'train_correct': 762.0, 'train_avg_loss': 0.337147, 'train_loss': 295.677933, 'train_acc': 0.868871, 'train_total': 877}}[0m
[38;5;39m2023-02-24 20:49:11,167 (server:590) INFO: {'Role': 'Server #', 'Round': 2, 'Results_weighted_avg': {'test_f1': 0.41549, 'test_correct': 130.0, 'test_avg_loss': 0.936352, 'test_loss': 205.997485, 'test_acc': 0.590909, 'test_total': 220.0}, 'Results_avg': {'test_f1': 0.41549, 'test_correct': 130.0, 'test_avg_loss': 0.936352, 'test_loss': 205.997485, 'test_acc': 0.590909, 'test_total': 220.0}, 'Results_fairness': {'test_f1': [0.41549], 'test_correct': 130.0, 'test_avg_loss': [0.936352], 'test_loss': [205.997485], 'test_acc': [0.590909], 'test_total': 220.0}}[0m
[38;5;39m2023-02-24 20:49:11,167 (monitor:541) INFO: {'Role': 'Server #', 'Round': 3, 'Results_model_metric': {}}[0m
[38;5;39m2023-02-24 20:49:11,169 (server:330) INFO: Server: Starting evaluation at the end of round 3.[0m
[38;5;39m2023-02-24 20:49:11,170 (server:336) INFO: ----------- Starting a new training round (Round #4) -------------[0m
[33;20m2023-02-24 20:49:13,444 (context:294) WARNING: No val_data or val_loader in the trainer, will skip evaluation.If this is not the case you want, please check whether there is typo for the name[0m
[38;5;39m2023-02-24 20:49:23,422 (client:306) INFO: {'Role': 'Client #1', 'Round': 4, 'Results_raw': {'train_f1': 0.778255, 'train_correct': 778.0, 'train_avg_loss': 0.286699, 'train_loss': 251.435051, 'train_acc': 0.887115, 'train_total': 877}}[0m
[38;5;39m2023-02-24 20:49:23,423 (server:590) INFO: {'Role': 'Server #', 'Round': 3, 'Results_weighted_avg': {'test_f1': 0.696272, 'test_correct': 191.0, 'test_avg_loss': 0.338762, 'test_loss': 74.527673, 'test_acc': 0.868182, 'test_total': 220.0}, 'Results_avg': {'test_f1': 0.696272, 'test_correct': 191.0, 'test_avg_loss': 0.338762, 'test_loss': 74.527673, 'test_acc': 0.868182, 'test_total': 220.0}, 'Results_fairness': {'test_f1': [0.696272], 'test_correct': 191.0, 'test_avg_loss': [0.338762], 'test_loss': [74.527673], 'test_acc': [0.868182], 'test_total': 220.0}}[0m
[38;5;39m2023-02-24 20:49:23,424 (monitor:541) INFO: {'Role': 'Server #', 'Round': 4, 'Results_model_metric': {}}[0m
[38;5;39m2023-02-24 20:49:23,425 (server:330) INFO: Server: Starting evaluation at the end of round 4.[0m
[38;5;39m2023-02-24 20:49:23,426 (server:336) INFO: ----------- Starting a new training round (Round #5) -------------[0m
[33;20m2023-02-24 20:49:26,401 (context:294) WARNING: No val_data or val_loader in the trainer, will skip evaluation.If this is not the case you want, please check whether there is typo for the name[0m
[38;5;39m2023-02-24 20:49:35,547 (client:306) INFO: {'Role': 'Client #1', 'Round': 5, 'Results_raw': {'train_f1': 0.807846, 'train_correct': 794.0, 'train_avg_loss': 0.251097, 'train_loss': 220.212358, 'train_acc': 0.905359, 'train_total': 877}}[0m
[38;5;39m2023-02-24 20:49:35,548 (server:590) INFO: {'Role': 'Server #', 'Round': 4, 'Results_weighted_avg': {'test_f1': 0.843906, 'test_correct': 203.0, 'test_avg_loss': 0.225694, 'test_loss': 49.652572, 'test_acc': 0.922727, 'test_total': 220.0}, 'Results_avg': {'test_f1': 0.843906, 'test_correct': 203.0, 'test_avg_loss': 0.225694, 'test_loss': 49.652572, 'test_acc': 0.922727, 'test_total': 220.0}, 'Results_fairness': {'test_f1': [0.843906], 'test_correct': 203.0, 'test_avg_loss': [0.225694], 'test_loss': [49.652572], 'test_acc': [0.922727], 'test_total': 220.0}}[0m
[38;5;39m2023-02-24 20:49:35,549 (monitor:541) INFO: {'Role': 'Server #', 'Round': 5, 'Results_model_metric': {}}[0m
[38;5;39m2023-02-24 20:49:35,554 (server:330) INFO: Server: Starting evaluation at the end of round 5.[0m
[38;5;39m2023-02-24 20:49:35,554 (server:336) INFO: ----------- Starting a new training round (Round #6) -------------[0m
[33;20m2023-02-24 20:49:37,371 (context:294) WARNING: No val_data or val_loader in the trainer, will skip evaluation.If this is not the case you want, please check whether there is typo for the name[0m
[38;5;39m2023-02-24 20:49:46,766 (client:306) INFO: {'Role': 'Client #1', 'Round': 6, 'Results_raw': {'train_f1': 0.860628, 'train_correct': 810.0, 'train_avg_loss': 0.20498, 'train_loss': 179.767764, 'train_acc': 0.923603, 'train_total': 877}}[0m
[38;5;39m2023-02-24 20:49:46,776 (server:590) INFO: {'Role': 'Server #', 'Round': 5, 'Results_weighted_avg': {'test_f1': 0.86228, 'test_correct': 204.0, 'test_avg_loss': 0.221177, 'test_loss': 48.659027, 'test_acc': 0.927273, 'test_total': 220.0}, 'Results_avg': {'test_f1': 0.86228, 'test_correct': 204.0, 'test_avg_loss': 0.221177, 'test_loss': 48.659027, 'test_acc': 0.927273, 'test_total': 220.0}, 'Results_fairness': {'test_f1': [0.86228], 'test_correct': 204.0, 'test_avg_loss': [0.221177], 'test_loss': [48.659027], 'test_acc': [0.927273], 'test_total': 220.0}}[0m
[38;5;39m2023-02-24 20:49:46,777 (monitor:541) INFO: {'Role': 'Server #', 'Round': 6, 'Results_model_metric': {}}[0m
[38;5;39m2023-02-24 20:49:46,779 (server:330) INFO: Server: Starting evaluation at the end of round 6.[0m
[38;5;39m2023-02-24 20:49:46,779 (server:336) INFO: ----------- Starting a new training round (Round #7) -------------[0m
[33;20m2023-02-24 20:49:48,897 (context:294) WARNING: No val_data or val_loader in the trainer, will skip evaluation.If this is not the case you want, please check whether there is typo for the name[0m
[38;5;39m2023-02-24 20:49:57,278 (client:306) INFO: {'Role': 'Client #1', 'Round': 7, 'Results_raw': {'train_f1': 0.893407, 'train_correct': 827.0, 'train_avg_loss': 0.159129, 'train_loss': 139.556381, 'train_acc': 0.942987, 'train_total': 877}}[0m
[38;5;39m2023-02-24 20:49:57,279 (server:590) INFO: {'Role': 'Server #', 'Round': 6, 'Results_weighted_avg': {'test_f1': 0.806173, 'test_correct': 204.0, 'test_avg_loss': 0.176032, 'test_loss': 38.727049, 'test_acc': 0.927273, 'test_total': 220.0}, 'Results_avg': {'test_f1': 0.806173, 'test_correct': 204.0, 'test_avg_loss': 0.176032, 'test_loss': 38.727049, 'test_acc': 0.927273, 'test_total': 220.0}, 'Results_fairness': {'test_f1': [0.806173], 'test_correct': 204.0, 'test_avg_loss': [0.176032], 'test_loss': [38.727049], 'test_acc': [0.927273], 'test_total': 220.0}}[0m
[38;5;39m2023-02-24 20:49:57,280 (monitor:541) INFO: {'Role': 'Server #', 'Round': 7, 'Results_model_metric': {}}[0m
[38;5;39m2023-02-24 20:49:57,281 (server:330) INFO: Server: Starting evaluation at the end of round 7.[0m
[38;5;39m2023-02-24 20:49:57,281 (server:336) INFO: ----------- Starting a new training round (Round #8) -------------[0m
[33;20m2023-02-24 20:49:59,572 (context:294) WARNING: No val_data or val_loader in the trainer, will skip evaluation.If this is not the case you want, please check whether there is typo for the name[0m
[38;5;39m2023-02-24 20:50:09,193 (client:306) INFO: {'Role': 'Client #1', 'Round': 8, 'Results_raw': {'train_f1': 0.92227, 'train_correct': 844.0, 'train_avg_loss': 0.12054, 'train_loss': 105.713994, 'train_acc': 0.962372, 'train_total': 877}}[0m
[38;5;39m2023-02-24 20:50:09,194 (server:590) INFO: {'Role': 'Server #', 'Round': 7, 'Results_weighted_avg': {'test_f1': 0.748775, 'test_correct': 196.0, 'test_avg_loss': 0.219131, 'test_loss': 48.208917, 'test_acc': 0.890909, 'test_total': 220.0}, 'Results_avg': {'test_f1': 0.748775, 'test_correct': 196.0, 'test_avg_loss': 0.219131, 'test_loss': 48.208917, 'test_acc': 0.890909, 'test_total': 220.0}, 'Results_fairness': {'test_f1': [0.748775], 'test_correct': 196.0, 'test_avg_loss': [0.219131], 'test_loss': [48.208917], 'test_acc': [0.890909], 'test_total': 220.0}}[0m
[38;5;39m2023-02-24 20:50:09,195 (monitor:541) INFO: {'Role': 'Server #', 'Round': 8, 'Results_model_metric': {}}[0m
[38;5;39m2023-02-24 20:50:09,196 (server:330) INFO: Server: Starting evaluation at the end of round 8.[0m
[38;5;39m2023-02-24 20:50:09,197 (server:336) INFO: ----------- Starting a new training round (Round #9) -------------[0m
[33;20m2023-02-24 20:50:11,331 (context:294) WARNING: No val_data or val_loader in the trainer, will skip evaluation.If this is not the case you want, please check whether there is typo for the name[0m
[38;5;39m2023-02-24 20:50:20,541 (client:306) INFO: {'Role': 'Client #1', 'Round': 9, 'Results_raw': {'train_f1': 0.932303, 'train_correct': 845.0, 'train_avg_loss': 0.114118, 'train_loss': 100.081923, 'train_acc': 0.963512, 'train_total': 877}}[0m
[38;5;39m2023-02-24 20:50:20,542 (server:590) INFO: {'Role': 'Server #', 'Round': 8, 'Results_weighted_avg': {'test_f1': 0.936954, 'test_correct': 212.0, 'test_avg_loss': 0.120429, 'test_loss': 26.494287, 'test_acc': 0.963636, 'test_total': 220.0}, 'Results_avg': {'test_f1': 0.936954, 'test_correct': 212.0, 'test_avg_loss': 0.120429, 'test_loss': 26.494287, 'test_acc': 0.963636, 'test_total': 220.0}, 'Results_fairness': {'test_f1': [0.936954], 'test_correct': 212.0, 'test_avg_loss': [0.120429], 'test_loss': [26.494287], 'test_acc': [0.963636], 'test_total': 220.0}}[0m
[38;5;39m2023-02-24 20:50:20,543 (monitor:541) INFO: {'Role': 'Server #', 'Round': 9, 'Results_model_metric': {}}[0m
[38;5;39m2023-02-24 20:50:20,545 (server:347) INFO: Server: Training is finished! Starting evaluation.[0m
[33;20m2023-02-24 20:50:22,416 (context:294) WARNING: No val_data or val_loader in the trainer, will skip evaluation.If this is not the case you want, please check whether there is typo for the name[0m
[38;5;39m2023-02-24 20:50:22,417 (server:590) INFO: {'Role': 'Server #', 'Round': 9, 'Results_weighted_avg': {'test_f1': 0.763246, 'test_correct': 181.0, 'test_avg_loss': 0.456031, 'test_loss': 100.326916, 'test_acc': 0.822727, 'test_total': 220.0}, 'Results_avg': {'test_f1': 0.763246, 'test_correct': 181.0, 'test_avg_loss': 0.456031, 'test_loss': 100.326916, 'test_acc': 0.822727, 'test_total': 220.0}, 'Results_fairness': {'test_f1': [0.763246], 'test_correct': 181.0, 'test_avg_loss': [0.456031], 'test_loss': [100.326916], 'test_acc': [0.822727], 'test_total': 220.0}}[0m
[38;5;39m2023-02-24 20:50:22,418 (server:395) INFO: Server: Final evaluation is finished! Starting merging results.[0m
[38;5;39m2023-02-24 20:50:22,418 (server:521) INFO: {'Role': 'Server #', 'Round': 'Final', 'Results_raw': {'client_best_individual': {'test_loss': 26.494287, 'test_f1': 0.936954, 'test_correct': 212.0, 'test_avg_loss': 0.120429, 'test_acc': 0.963636, 'test_total': 220.0}, 'client_summarized_weighted_avg': {'test_loss': 26.494287, 'test_f1': 0.936954, 'test_correct': 212.0, 'test_avg_loss': 0.120429, 'test_acc': 0.963636, 'test_total': 220.0}, 'client_summarized_avg': {'test_loss': 26.494287, 'test_f1': 0.936954, 'test_correct': 212.0, 'test_avg_loss': 0.120429, 'test_acc': 0.963636, 'test_total': 220.0}, 'client_summarized_fairness': {'test_loss': [26.494287], 'test_f1': [0.936954], 'test_correct': 212.0, 'test_avg_loss': [0.120429], 'test_acc': [0.963636], 'test_total': 220.0}}}[0m
[38;5;39m2023-02-24 20:50:22,419 (server:540) INFO: {'Role': 'Client #1', 'Round': 10, 'Results_raw': {'test_f1': 0.763246, 'test_correct': 181.0, 'test_avg_loss': 0.456031, 'test_loss': 100.326916, 'test_acc': 0.822727, 'test_total': 220}}[0m
[38;5;39m2023-02-24 20:50:22,419 (monitor:172) INFO: In worker #0, the system-related metrics are: {'id': 0, 'fl_end_time_minutes': 1.980588, 'total_model_size': 0, 'total_flops': 0, 'total_upload_bytes': 1280, 'total_download_bytes': 9816, 'global_convergence_round': 0, 'local_convergence_round': 0, 'global_convergence_time_minutes': 0, 'local_convergence_time_minutes': 0}[0m
[38;5;39m2023-02-24 20:50:22,420 (client:513) INFO: ================= client 1 received finish message =================[0m
[38;5;39m2023-02-24 20:50:22,422 (monitor:172) INFO: In worker #1, the system-related metrics are: {'id': 1, 'fl_end_time_minutes': 1.978248, 'total_model_size': 3260030, 'total_flops': 2327893645440.0, 'total_upload_bytes': 10736, 'total_download_bytes': 1280, 'global_convergence_round': 0, 'local_convergence_round': 0, 'global_convergence_time_minutes': 0, 'local_convergence_time_minutes': 0}[0m
[38;5;39m2023-02-24 20:50:22,422 (monitor:337) INFO: We will compress the file eval_results.raw into a .gz file, and delete the old one[0m
[38;5;39m2023-02-24 20:50:22,424 (monitor:245) INFO: After merging the system metrics from all works, we got avg: defaultdict(None, {'id': 'sys_avg', 'sys_avg/fl_end_time_minutes': 1.979418, 'sys_avg/total_model_size': '1.55M', 'sys_avg/total_flops': '1.06T', 'sys_avg/total_upload_bytes': '5.87K', 'sys_avg/total_download_bytes': '5.42K', 'sys_avg/global_convergence_round': 0.0, 'sys_avg/local_convergence_round': 0.0, 'sys_avg/global_convergence_time_minutes': 0.0, 'sys_avg/local_convergence_time_minutes': 0.0})[0m
[38;5;39m2023-02-24 20:50:22,425 (monitor:248) INFO: After merging the system metrics from all works, we got std: defaultdict(None, {'id': 'sys_std', 'sys_std/fl_end_time_minutes': 0.00117, 'sys_std/total_model_size': '1.55M', 'sys_std/total_flops': '1.06T', 'sys_std/total_upload_bytes': '4.62K', 'sys_std/total_download_bytes': '4.17K', 'sys_std/global_convergence_round': 0.0, 'sys_std/local_convergence_round': 0.0, 'sys_std/global_convergence_time_minutes': 0.0, 'sys_std/local_convergence_time_minutes': 0.0})[0m
None
220
<generator object BaseDataTranslator.split_to_client.<locals>.<genexpr> at 0x7fd33bc892e0>
