 is at 192.168.0.1[0m
[38;5;39m2023-02-24 23:05:28,253 (logging:126) INFO: the current dir is /home/ubuntu/medscale[0m
[38;5;39m2023-02-24 23:05:28,254 (logging:127) INFO: the output dir is exp/global_convnet5_on_lung100_lr0.01_lstep1/sub_exp_20230224230528[0m
[38;5;39m2023-02-24 23:05:38,768 (base_data:87) INFO: Will merge data from clients whose ids in [1, 10][0m
[33;20m2023-02-24 23:05:38,781 (cfg_data:145) WARNING: config `cfg.data.batch_size` will be removed in the future, use `cfg.dataloader.batch_size` instead.[0m
[33;20m2023-02-24 23:05:38,781 (cfg_fl_setting:123) WARNING: In local/global training mode, the sampling related configs are in-valid, we will use all clients. [0m
[38;5;39m2023-02-24 23:05:38,781 (cfg_fl_setting:128) INFO: In global training mode, we will put all data in a proxy client. [0m
[33;20m2023-02-24 23:05:38,781 (cfg_data:145) WARNING: config `cfg.data.batch_size` will be removed in the future, use `cfg.dataloader.batch_size` instead.[0m
[33;20m2023-02-24 23:05:38,782 (cfg_fl_setting:123) WARNING: In local/global training mode, the sampling related configs are in-valid, we will use all clients. [0m
[38;5;39m2023-02-24 23:05:38,782 (cfg_fl_setting:128) INFO: In global training mode, we will put all data in a proxy client. [0m
[38;5;39m2023-02-24 23:05:38,805 (config:243) INFO: the used configs are: 
aggregator:
  inside_weight: 1.0
  num_agg_groups: 1
  num_agg_topk: []
  outside_weight: 0.0
asyn:
  use: False
attack:
  alpha_TV: 0.001
  alpha_prop_loss: 0
  attack_method: 
  attacker_id: -1
  classifier_PIA: randomforest
  edge_num: 100
  edge_path: edge_data/
  freq: 10
  info_diff_type: l2
  inject_round: 0
  insert_round: 100000
  label_type: dirty
  max_ite: 400
  mean: [0.1307]
  mia_is_simulate_in: False
  mia_simulate_in_round: 20
  pgd_eps: 2
  pgd_lr: 0.1
  pgd_poisoning: False
  poison_ratio: 0.5
  reconstruct_lr: 0.01
  reconstruct_optim: Adam
  scale_para: 1.0
  scale_poisoning: False
  self_epoch: 6
  self_lr: 0.05
  self_opt: False
  setting: fix
  std: [0.3081]
  target_label_ind: -1
  trigger_path: trigger/
  trigger_type: edge
backend: torch
cfg_file: 
check_completeness: False
criterion:
  type: CrossEntropyLoss
data:
  args: []
  batch_size: 16
  cSBM_phi: [0.5, 0.5, 0.5]
  cache_dir: 
  consistent_label_distribution: False
  drop_last: False
  hetero_data_name: []
  hetero_synth_batch_size: 32
  hetero_synth_feat_dim: 128
  hetero_synth_prim_weight: 0.5
  is_debug: False
  loader: 
  max_query_len: 128
  max_seq_len: 384
  max_tgt_len: 128
  num_contrast: 0
  num_of_client_for_data: []
  num_steps: 30
  num_workers: 0
  pre_transform: []
  quadratic:
    dim: 1
    max_curv: 12.5
    min_curv: 0.02
  root: data/
  save_data: False
  server_holds_all: False
  shuffle: True
  sizes: [10, 5]
  splits: [0.8, 0, 0.2]
  splitter: lda
  splitter_args: [{'alpha': 0.8}]
  subsample: 1.0
  target_transform: []
  test_pre_transform: []
  test_target_transform: []
  test_transform: []
  transform: []
  trunc_stride: 128
  type: lung100
  val_pre_transform: []
  val_target_transform: []
  val_transform: []
  walk_length: 2
dataloader:
  batch_size: 16
  drop_last: False
  num_steps: 30
  num_workers: 0
  pin_memory: False
  shuffle: True
  sizes: [10, 5]
  theta: -1
  type: base
  walk_length: 2
device: 0
distribute:
  use: False
early_stop:
  delta: 0.0
  improve_indicator_mode: best
  patience: 5
eval:
  best_res_update_round_wise_key: test_loss
  count_flops: True
  freq: 1
  metrics: ['acc', 'correct', 'f1']
  monitoring: []
  report: ['weighted_avg', 'avg', 'fairness', 'raw']
  split: ['test', 'val']
expname: global_convnet5_on_lung100_lr0.01_lstep1
expname_tag: 
feat_engr:
  num_bins: 5
  scenario: hfl
  secure:
    dp:
      
    encrypt:
      type: dummy
    key_size: 3072
    type: encrypt
  selec_threshold: 0.05
  selec_woe_binning: quantile
  type: 
federate:
  atc_load_from: 
  atc_vanilla: False
  client_num: 10
  data_weighted_aggr: False
  ignore_weight: False
  join_in_info: []
  make_global_eval: False
  merge_test_data: False
  method: global
  mode: standalone
  online_aggr: False
  resource_info_file: 
  restore_from: 
  sample_client_num: 10
  sample_client_rate: -1.0
  sampler: uniform
  save_to: 
  share_local_model: False
  total_round_num: 10
  unseen_clients_rate: 0.0
  use_diff: False
  use_ss: False
fedopt:
  use: False
fedprox:
  use: False
fedsageplus:
  a: 1.0
  b: 1.0
  c: 1.0
  fedgen_epoch: 200
  gen_hidden: 128
  hide_portion: 0.5
  loc_epoch: 1
  num_pred: 5
finetune:
  batch_or_epoch: epoch
  before_eval: False
  freeze_param: 
  local_update_steps: 1
  optimizer:
    lr: 0.1
    type: SGD
  scheduler:
    type: 
    warmup_ratio: 0.0
flitplus:
  factor_ema: 0.8
  lambdavat: 0.5
  tmpFed: 0.5
  weightReg: 1.0
gcflplus:
  EPS_1: 0.05
  EPS_2: 0.1
  seq_length: 5
  standardize: False
grad:
  grad_accum_count: 1
  grad_clip: 5.0
hpo:
  fedex:
    cutoff: 0.0
    diff: False
    eta0: -1.0
    flatten_ss: True
    gamma: 0.0
    pi_lr: 0.01
    psn: False
    sched: auto
    ss: 
    use: False
  init_cand_num: 16
  larger_better: False
  metric: client_summarized_weighted_avg.val_loss
  num_workers: 0
  pbt:
    max_stage: 5
    perf_threshold: 0.1
  scheduler: rs
  sha:
    budgets: []
    elim_rate: 3
    iter: 0
  ss: 
  table:
    eps: 0.1
    idx: 0
    num: 27
  working_folder: hpo
model:
  contrast_temp: 1.0
  contrast_topk: 100
  downstream_tasks: []
  dropout: 0.0
  embed_size: 8
  gamma: 0
  graph_pooling: mean
  hidden: 2048
  in_channels: 0
  input_shape: ()
  label_smoothing: 0.1
  lambda_: 0.1
  layer: 2
  length_penalty: 2.0
  max_answer_len: 30
  max_length: 200
  max_tree_depth: 3
  min_length: 1
  model_num_per_trainer: 1
  model_type: google/bert_uncased_L-2_H-128_A-2
  n_best_size: 20
  no_repeat_ngram_size: 3
  null_score_diff_threshold: 0.0
  num_beams: 5
  num_item: 0
  num_labels: 1
  num_of_trees: 10
  num_user: 0
  out_channels: 62
  pretrain_tasks: []
  stage: 
  task: node
  type: convnet5
  use_bias: True
  use_contrastive_loss: False
nbafl:
  use: False
outdir: exp/global_convnet5_on_lung100_lr0.01_lstep1/sub_exp_20230224230528
personalization:
  K: 5
  beta: 1.0
  local_param: []
  local_update_steps: 1
  lr: 0.01
  regular_weight: 0.1
  share_non_trainable_para: False
print_decimal_digits: 6
regularizer:
  mu: 0.0
  type: 
seed: 2
sgdmf:
  use: False
train:
  batch_or_epoch: epoch
  local_update_steps: 1
  optimizer:
    lr: 0.01
    type: SGD
    weight_decay: 0.0
  scheduler:
    type: 
    warmup_ratio: 0.0
trainer:
  disp_freq: 50
  local_entropy:
    alpha: 0.75
    eps: 0.001
    gamma: 0.0001
  sam:
    adaptive: False
    eta: 0.0
    rho: 1.0
  type: cvtrainer
  val_freq: 100000000
use_gpu: True
verbose: 1
vertical:
  use: False
wandb:
  use: False[0m
[33;20m2023-02-24 23:05:38,807 (worker_builder:174) WARNING: Server for method global is not implemented. Will use default one[0m
[33;20m2023-02-24 23:05:38,807 (worker_builder:71) WARNING: Clients for method global is not implemented. Will use default one[0m
[38;5;39m2023-02-24 23:05:38,914 (utils:144) INFO: The device information file is not provided[0m
[33;20m2023-02-24 23:05:38,927 (cfg_data:145) WARNING: config `cfg.data.batch_size` will be removed in the future, use `cfg.dataloader.batch_size` instead.[0m
[33;20m2023-02-24 23:05:38,927 (cfg_fl_setting:123) WARNING: In local/global training mode, the sampling related configs are in-valid, we will use all clients. [0m
[38;5;39m2023-02-24 23:05:38,927 (cfg_fl_setting:128) INFO: In global training mode, we will put all data in a proxy client. [0m
[38;5;39m2023-02-24 23:05:38,975 (config:243) INFO: the used configs are: 
aggregator:
  inside_weight: 1.0
  num_agg_groups: 1
  num_agg_topk: []
  outside_weight: 0.0
asyn:
  use: False
attack:
  alpha_TV: 0.001
  alpha_prop_loss: 0
  attack_method: 
  attacker_id: -1
  classifier_PIA: randomforest
  edge_num: 100
  edge_path: edge_data/
  freq: 10
  info_diff_type: l2
  inject_round: 0
  insert_round: 100000
  label_type: dirty
  max_ite: 400
  mean: [0.1307]
  mia_is_simulate_in: False
  mia_simulate_in_round: 20
  pgd_eps: 2
  pgd_lr: 0.1
  pgd_poisoning: False
  poison_ratio: 0.5
  reconstruct_lr: 0.01
  reconstruct_optim: Adam
  scale_para: 1.0
  scale_poisoning: False
  self_epoch: 6
  self_lr: 0.05
  self_opt: False
  setting: fix
  std: [0.3081]
  target_label_ind: -1
  trigger_path: trigger/
  trigger_type: edge
backend: torch
cfg_file: 
check_completeness: False
criterion:
  type: CrossEntropyLoss
data:
  args: []
  batch_size: 16
  cSBM_phi: [0.5, 0.5, 0.5]
  cache_dir: 
  consistent_label_distribution: False
  drop_last: False
  hetero_data_name: []
  hetero_synth_batch_size: 32
  hetero_synth_feat_dim: 128
  hetero_synth_prim_weight: 0.5
  is_debug: False
  loader: 
  max_query_len: 128
  max_seq_len: 384
  max_tgt_len: 128
  num_contrast: 0
  num_of_client_for_data: []
  num_steps: 30
  num_workers: 0
  pre_transform: []
  quadratic:
    dim: 1
    max_curv: 12.5
    min_curv: 0.02
  root: data/
  save_data: False
  server_holds_all: False
  shuffle: True
  sizes: [10, 5]
  splits: [0.8, 0, 0.2]
  splitter: lda
  splitter_args: [{'alpha': 0.8}]
  subsample: 1.0
  target_transform: []
  test_pre_transform: []
  test_target_transform: []
  test_transform: []
  transform: []
  trunc_stride: 128
  type: lung100
  val_pre_transform: []
  val_target_transform: []
  val_transform: []
  walk_length: 2
dataloader:
  batch_size: 16
  drop_last: False
  num_steps: 30
  num_workers: 0
  pin_memory: False
  shuffle: True
  sizes: [10, 5]
  theta: -1
  type: base
  walk_length: 2
device: 0
distribute:
  use: False
early_stop:
  delta: 0.0
  improve_indicator_mode: best
  patience: 5
eval:
  best_res_update_round_wise_key: test_loss
  count_flops: True
  freq: 1
  metrics: ['acc', 'correct', 'f1']
  monitoring: []
  report: ['weighted_avg', 'avg', 'fairness', 'raw']
  split: ['test', 'val']
expname: global_convnet5_on_lung100_lr0.01_lstep1
expname_tag: 
feat_engr:
  num_bins: 5
  scenario: hfl
  secure:
    dp:
      
    encrypt:
      type: dummy
    key_size: 3072
    type: encrypt
  selec_threshold: 0.05
  selec_woe_binning: quantile
  type: 
federate:
  atc_load_from: 
  atc_vanilla: False
  client_num: 1
  data_weighted_aggr: False
  ignore_weight: False
  join_in_info: []
  make_global_eval: False
  merge_test_data: False
  method: global
  mode: standalone
  online_aggr: False
  resource_info_file: 
  restore_from: 
  sample_client_num: 1
  sample_client_rate: -1.0
  sampler: uniform
  save_to: 
  share_local_model: False
  total_round_num: 10
  unseen_clients_rate: 0.0
  use_diff: False
  use_ss: False
fedopt:
  use: False
fedprox:
  use: False
fedsageplus:
  a: 1.0
  b: 1.0
  c: 1.0
  fedgen_epoch: 200
  gen_hidden: 128
  hide_portion: 0.5
  loc_epoch: 1
  num_pred: 5
finetune:
  batch_or_epoch: epoch
  before_eval: False
  freeze_param: 
  local_update_steps: 1
  optimizer:
    lr: 0.1
    type: SGD
  scheduler:
    type: 
    warmup_ratio: 0.0
flitplus:
  factor_ema: 0.8
  lambdavat: 0.5
  tmpFed: 0.5
  weightReg: 1.0
gcflplus:
  EPS_1: 0.05
  EPS_2: 0.1
  seq_length: 5
  standardize: False
grad:
  grad_accum_count: 1
  grad_clip: 5.0
hpo:
  fedex:
    cutoff: 0.0
    diff: False
    eta0: -1.0
    flatten_ss: True
    gamma: 0.0
    pi_lr: 0.01
    psn: False
    sched: auto
    ss: 
    use: False
  init_cand_num: 16
  larger_better: False
  metric: client_summarized_weighted_avg.val_loss
  num_workers: 0
  pbt:
    max_stage: 5
    perf_threshold: 0.1
  scheduler: rs
  sha:
    budgets: []
    elim_rate: 3
    iter: 0
  ss: 
  table:
    eps: 0.1
    idx: 0
    num: 27
  working_folder: hpo
model:
  contrast_temp: 1.0
  contrast_topk: 100
  downstream_tasks: []
  dropout: 0.0
  embed_size: 8
  gamma: 0
  graph_pooling: mean
  hidden: 2048
  in_channels: 0
  input_shape: ()
  label_smoothing: 0.1
  lambda_: 0.1
  layer: 2
  length_penalty: 2.0
  max_answer_len: 30
  max_length: 200
  max_tree_depth: 3
  min_length: 1
  model_num_per_trainer: 1
  model_type: google/bert_uncased_L-2_H-128_A-2
  n_best_size: 20
  no_repeat_ngram_size: 3
  null_score_diff_threshold: 0.0
  num_beams: 5
  num_item: 0
  num_labels: 1
  num_of_trees: 10
  num_user: 0
  out_channels: 62
  pretrain_tasks: []
  stage: 
  task: node
  type: convnet5
  use_bias: True
  use_contrastive_loss: False
nbafl:
  use: False
outdir: exp/global_convnet5_on_lung100_lr0.01_lstep1/sub_exp_20230224230528
personalization:
  K: 5
  beta: 1.0
  local_param: []
  local_update_steps: 1
  lr: 0.01
  regular_weight: 0.1
  share_non_trainable_para: False
print_decimal_digits: 6
regularizer:
  mu: 0.0
  type: 
seed: 2
sgdmf:
  use: False
train:
  batch_or_epoch: epoch
  local_update_steps: 1
  optimizer:
    lr: 0.01
    type: SGD
    weight_decay: 0.0
  scheduler:
    type: 
    warmup_ratio: 0.0
trainer:
  disp_freq: 50
  local_entropy:
    alpha: 0.75
    eps: 0.001
    gamma: 0.0001
  sam:
    adaptive: False
    eta: 0.0
    rho: 1.0
  type: cvtrainer
  val_freq: 100000000
use_gpu: True
verbose: 1
vertical:
  use: False
wandb:
  use: False[0m
[38;5;39m2023-02-24 23:05:39,198 (fed_runner:169) INFO: Server has been set up ... [0m
[38;5;39m2023-02-24 23:05:39,436 (fed_runner:221) INFO: Client 1 has been set up ... [0m
<<<<<<< HEAD
[38;5;39m2023-02-24 23:05:39,436 (trainer:341) INFO: Model meta-info: <class 'medscale.cv.model.cnn.ConvNet5'>.[0m
=======
<<<<<<< HEAD
[38;5;39m2023-02-24 23:05:39,436 (trainer:341) INFO: Model meta-info: <class 'medscale.cv.model.cnn.ConvNet5'>.[0m
=======
[38;5;39m2023-02-24 23:05:39,436 (trainer:341) INFO: Model meta-info: <class 'medscale.cv.model.cnn.ConvNet5'>.[0m
>>>>>>> fe4962455354c9c11afd9c9806ceda28eb280737
>>>>>>> 64b283ee525ef53c32509882719e74890329b83f
[38;5;39m2023-02-24 23:05:39,437 (trainer:349) INFO: Num of original para names: 39.[0m
[38;5;39m2023-02-24 23:05:39,437 (trainer:350) INFO: Num of original trainable para names: 24.[0m
[38;5;39m2023-02-24 23:05:39,437 (trainer:352) INFO: Num of preserved para names in local update: 0. 
Preserved para names in local update: set().[0m
[38;5;39m2023-02-24 23:05:39,437 (trainer:356) INFO: Num of filtered para names in local update: 39. 
Filtered para names in local update: {'bn4.weight', 'bn3.num_batches_tracked', 'bn1.running_var', 'bn1.bias', 'fc1.bias', 'conv4.weight', 'bn3.running_mean', 'bn4.running_var', 'conv1.weight', 'bn2.num_batches_tracked', 'conv2.bias', 'bn3.weight', 'bn3.bias', 'conv3.bias', 'conv3.weight', 'bn5.running_mean', 'bn1.num_batches_tracked', 'bn2.bias', 'bn4.num_batches_tracked', 'fc2.weight', 'bn2.weight', 'bn2.running_mean', 'bn1.weight', 'bn4.bias', 'fc1.weight', 'bn2.running_var', 'fc2.bias', 'conv2.weight', 'bn5.running_var', 'conv5.bias', 'bn1.running_mean', 'bn5.weight', 'bn3.running_var', 'bn5.num_batches_tracked', 'conv1.bias', 'conv5.weight', 'conv4.bias', 'bn5.bias', 'bn4.running_mean'}.[0m
[38;5;39m2023-02-24 23:05:39,437 (trainer:361) INFO: After register default hooks,
	the hooks_in_train is:
	{
	  "on_fit_start": [
	    "_hook_on_fit_start_init",
	    "_hook_on_fit_start_calculate_model_size"
	  ],
	  "on_epoch_start": [
	    "_hook_on_epoch_start"
	  ],
	  "on_batch_start": [
	    "_hook_on_batch_start_init"
	  ],
	  "on_batch_forward": [
	    "_hook_on_batch_forward",
	    "_hook_on_batch_forward_regularizer",
	    "_hook_on_batch_forward_flop_count"
	  ],
	  "on_batch_backward": [
	    "_hook_on_batch_backward"
	  ],
	  "on_batch_end": [
	    "_hook_on_batch_end"
	  ],
	  "on_fit_end": [
	    "_hook_on_fit_end"
	  ]
	};
	the hooks_in_eval is:
            t{
	  "on_fit_start": [
	    "_hook_on_fit_start_init"
	  ],
	  "on_epoch_start": [
	    "_hook_on_epoch_start"
	  ],
	  "on_batch_start": [
	    "_hook_on_batch_start_init"
	  ],
	  "on_batch_forward": [
	    "_hook_on_batch_forward"
	  ],
	  "on_batch_end": [
	    "_hook_on_batch_end"
	  ],
	  "on_fit_end": [
	    "_hook_on_fit_end"
	  ]
	}[0m
[38;5;39m2023-02-24 23:05:39,463 (server:804) INFO: ----------- Starting training (Round #0) -------------[0m
Unsupported operator aten::max_pool2d encountered 5 time(s)
[38;5;39m2023-02-24 23:05:51,980 (client:306) INFO: {'Role': 'Client #1', 'Round': 0, 'Results_raw': {'train_f1': 0.218001, 'train_correct': 526.0, 'train_loss': 916.900147, 'train_total': 877, 'train_acc': 0.599772, 'train_avg_loss': 1.045496}}[0m
[38;5;39m2023-02-24 23:05:51,981 (monitor:541) INFO: {'Role': 'Server #', 'Round': 0, 'Results_model_metric': {}}[0m
[38;5;39m2023-02-24 23:05:51,983 (server:330) INFO: Server: Starting evaluation at the end of round 0.[0m
[38;5;39m2023-02-24 23:05:51,983 (server:336) INFO: ----------- Starting a new training round (Round #1) -------------[0m
[33;20m2023-02-24 23:05:53,977 (context:294) WARNING: No val_data or val_loader in the trainer, will skip evaluation.If this is not the case you want, please check whether there is typo for the name[0m
[38;5;39m2023-02-24 23:06:03,458 (client:306) INFO: {'Role': 'Client #1', 'Round': 1, 'Results_raw': {'train_f1': 0.555639, 'train_correct': 678.0, 'train_loss': 518.566599, 'train_total': 877, 'train_acc': 0.77309, 'train_avg_loss': 0.591296}}[0m
[38;5;39m2023-02-24 23:06:03,459 (server:590) INFO: {'Role': 'Server #', 'Round': 0, 'Results_weighted_avg': {'test_f1': 0.541071, 'test_correct': 172.0, 'test_loss': 134.056364, 'test_total': 220.0, 'test_acc': 0.781818, 'test_avg_loss': 0.609347}, 'Results_avg': {'test_f1': 0.541071, 'test_correct': 172.0, 'test_loss': 134.056364, 'test_total': 220.0, 'test_acc': 0.781818, 'test_avg_loss': 0.609347}, 'Results_fairness': {'test_f1': [0.541071], 'test_correct': 172.0, 'test_loss': [134.056364], 'test_total': 220.0, 'test_acc': [0.781818], 'test_avg_loss': [0.609347]}}[0m
[38;5;39m2023-02-24 23:06:03,460 (monitor:541) INFO: {'Role': 'Server #', 'Round': 1, 'Results_model_metric': {}}[0m
[38;5;39m2023-02-24 23:06:03,461 (server:330) INFO: Server: Starting evaluation at the end of round 1.[0m
[38;5;39m2023-02-24 23:06:03,461 (server:336) INFO: ----------- Starting a new training round (Round #2) -------------[0m
[33;20m2023-02-24 23:06:05,668 (context:294) WARNING: No val_data or val_loader in the trainer, will skip evaluation.If this is not the case you want, please check whether there is typo for the name[0m
[38;5;39m2023-02-24 23:06:16,413 (client:306) INFO: {'Role': 'Client #1', 'Round': 2, 'Results_raw': {'train_f1': 0.636254, 'train_correct': 736.0, 'train_loss': 397.714121, 'train_total': 877, 'train_acc': 0.839225, 'train_avg_loss': 0.453494}}[0m
[38;5;39m2023-02-24 23:06:16,414 (server:590) INFO: {'Role': 'Server #', 'Round': 1, 'Results_weighted_avg': {'test_f1': 0.472214, 'test_correct': 157.0, 'test_loss': 170.709607, 'test_total': 220.0, 'test_acc': 0.713636, 'test_avg_loss': 0.775953}, 'Results_avg': {'test_f1': 0.472214, 'test_correct': 157.0, 'test_loss': 170.709607, 'test_total': 220.0, 'test_acc': 0.713636, 'test_avg_loss': 0.775953}, 'Results_fairness': {'test_f1': [0.472214], 'test_correct': 157.0, 'test_loss': [170.709607], 'test_total': 220.0, 'test_acc': [0.713636], 'test_avg_loss': [0.775953]}}[0m
[38;5;39m2023-02-24 23:06:16,415 (monitor:541) INFO: {'Role': 'Server #', 'Round': 2, 'Results_model_metric': {}}[0m
[38;5;39m2023-02-24 23:06:16,423 (server:330) INFO: Server: Starting evaluation at the end of round 2.[0m
[38;5;39m2023-02-24 23:06:16,423 (server:336) INFO: ----------- Starting a new training round (Round #3) -------------[0m
[33;20m2023-02-24 23:06:18,268 (context:294) WARNING: No val_data or val_loader in the trainer, will skip evaluation.If this is not the case you want, please check whether there is typo for the name[0m
[38;5;39m2023-02-24 23:06:26,676 (client:306) INFO: {'Role': 'Client #1', 'Round': 3, 'Results_raw': {'train_f1': 0.689853, 'train_correct': 747.0, 'train_loss': 313.314395, 'train_total': 877, 'train_acc': 0.851767, 'train_avg_loss': 0.357257}}[0m
[38;5;39m2023-02-24 23:06:26,677 (server:590) INFO: {'Role': 'Server #', 'Round': 2, 'Results_weighted_avg': {'test_f1': 0.547522, 'test_correct': 163.0, 'test_loss': 119.243714, 'test_total': 220.0, 'test_acc': 0.740909, 'test_avg_loss': 0.542017}, 'Results_avg': {'test_f1': 0.547522, 'test_correct': 163.0, 'test_loss': 119.243714, 'test_total': 220.0, 'test_acc': 0.740909, 'test_avg_loss': 0.542017}, 'Results_fairness': {'test_f1': [0.547522], 'test_correct': 163.0, 'test_loss': [119.243714], 'test_total': 220.0, 'test_acc': [0.740909], 'test_avg_loss': [0.542017]}}[0m
[38;5;39m2023-02-24 23:06:26,678 (monitor:541) INFO: {'Role': 'Server #', 'Round': 3, 'Results_model_metric': {}}[0m
[38;5;39m2023-02-24 23:06:26,680 (server:330) INFO: Server: Starting evaluation at the end of round 3.[0m
[38;5;39m2023-02-24 23:06:26,680 (server:336) INFO: ----------- Starting a new training round (Round #4) -------------[0m
[33;20m2023-02-24 23:06:28,811 (context:294) WARNING: No val_data or val_loader in the trainer, will skip evaluation.If this is not the case you want, please check whether there is typo for the name[0m
[38;5;39m2023-02-24 23:06:38,672 (client:306) INFO: {'Role': 'Client #1', 'Round': 4, 'Results_raw': {'train_f1': 0.763291, 'train_correct': 770.0, 'train_loss': 246.031961, 'train_total': 877, 'train_acc': 0.877993, 'train_avg_loss': 0.280538}}[0m
[38;5;39m2023-02-24 23:06:38,673 (server:590) INFO: {'Role': 'Server #', 'Round': 3, 'Results_weighted_avg': {'test_f1': 0.764797, 'test_correct': 192.0, 'test_loss': 68.517006, 'test_total': 220.0, 'test_acc': 0.872727, 'test_avg_loss': 0.311441}, 'Results_avg': {'test_f1': 0.764797, 'test_correct': 192.0, 'test_loss': 68.517006, 'test_total': 220.0, 'test_acc': 0.872727, 'test_avg_loss': 0.311441}, 'Results_fairness': {'test_f1': [0.764797], 'test_correct': 192.0, 'test_loss': [68.517006], 'test_total': 220.0, 'test_acc': [0.872727], 'test_avg_loss': [0.311441]}}[0m
[38;5;39m2023-02-24 23:06:38,674 (monitor:541) INFO: {'Role': 'Server #', 'Round': 4, 'Results_model_metric': {}}[0m
[38;5;39m2023-02-24 23:06:38,688 (server:330) INFO: Server: Starting evaluation at the end of round 4.[0m
[38;5;39m2023-02-24 23:06:38,688 (server:336) INFO: ----------- Starting a new training round (Round #5) -------------[0m
[33;20m2023-02-24 23:06:40,746 (context:294) WARNING: No val_data or val_loader in the trainer, will skip evaluation.If this is not the case you want, please check whether there is typo for the name[0m
[38;5;39m2023-02-24 23:06:49,779 (client:306) INFO: {'Role': 'Client #1', 'Round': 5, 'Results_raw': {'train_f1': 0.857745, 'train_correct': 809.0, 'train_loss': 214.161448, 'train_total': 877, 'train_acc': 0.922463, 'train_avg_loss': 0.244198}}[0m
[38;5;39m2023-02-24 23:06:49,780 (server:590) INFO: {'Role': 'Server #', 'Round': 4, 'Results_weighted_avg': {'test_f1': 0.494348, 'test_correct': 161.0, 'test_loss': 150.255378, 'test_total': 220.0, 'test_acc': 0.731818, 'test_avg_loss': 0.682979}, 'Results_avg': {'test_f1': 0.494348, 'test_correct': 161.0, 'test_loss': 150.255378, 'test_total': 220.0, 'test_acc': 0.731818, 'test_avg_loss': 0.682979}, 'Results_fairness': {'test_f1': [0.494348], 'test_correct': 161.0, 'test_loss': [150.255378], 'test_total': 220.0, 'test_acc': [0.731818], 'test_avg_loss': [0.682979]}}[0m
[38;5;39m2023-02-24 23:06:49,780 (monitor:541) INFO: {'Role': 'Server #', 'Round': 5, 'Results_model_metric': {}}[0m
[38;5;39m2023-02-24 23:06:49,782 (server:330) INFO: Server: Starting evaluation at the end of round 5.[0m
[38;5;39m2023-02-24 23:06:49,782 (server:336) INFO: ----------- Starting a new training round (Round #6) -------------[0m
[33;20m2023-02-24 23:06:51,850 (context:294) WARNING: No val_data or val_loader in the trainer, will skip evaluation.If this is not the case you want, please check whether there is typo for the name[0m
[38;5;39m2023-02-24 23:07:01,773 (client:306) INFO: {'Role': 'Client #1', 'Round': 6, 'Results_raw': {'train_f1': 0.858404, 'train_correct': 814.0, 'train_loss': 168.988873, 'train_total': 877, 'train_acc': 0.928164, 'train_avg_loss': 0.19269}}[0m
[38;5;39m2023-02-24 23:07:01,774 (server:590) INFO: {'Role': 'Server #', 'Round': 5, 'Results_weighted_avg': {'test_f1': 0.542431, 'test_correct': 155.0, 'test_loss': 172.926826, 'test_total': 220.0, 'test_acc': 0.704545, 'test_avg_loss': 0.786031}, 'Results_avg': {'test_f1': 0.542431, 'test_correct': 155.0, 'test_loss': 172.926826, 'test_total': 220.0, 'test_acc': 0.704545, 'test_avg_loss': 0.786031}, 'Results_fairness': {'test_f1': [0.542431], 'test_correct': 155.0, 'test_loss': [172.926826], 'test_total': 220.0, 'test_acc': [0.704545], 'test_avg_loss': [0.786031]}}[0m
[38;5;39m2023-02-24 23:07:01,775 (monitor:541) INFO: {'Role': 'Server #', 'Round': 6, 'Results_model_metric': {}}[0m
[38;5;39m2023-02-24 23:07:01,776 (server:330) INFO: Server: Starting evaluation at the end of round 6.[0m
[38;5;39m2023-02-24 23:07:01,777 (server:336) INFO: ----------- Starting a new training round (Round #7) -------------[0m
[33;20m2023-02-24 23:07:03,715 (context:294) WARNING: No val_data or val_loader in the trainer, will skip evaluation.If this is not the case you want, please check whether there is typo for the name[0m
[38;5;39m2023-02-24 23:07:12,290 (client:306) INFO: {'Role': 'Client #1', 'Round': 7, 'Results_raw': {'train_f1': 0.918373, 'train_correct': 838.0, 'train_loss': 118.494858, 'train_total': 877, 'train_acc': 0.95553, 'train_avg_loss': 0.135114}}[0m
[38;5;39m2023-02-24 23:07:12,299 (server:590) INFO: {'Role': 'Server #', 'Round': 6, 'Results_weighted_avg': {'test_f1': 0.658693, 'test_correct': 185.0, 'test_loss': 80.412219, 'test_total': 220.0, 'test_acc': 0.840909, 'test_avg_loss': 0.36551}, 'Results_avg': {'test_f1': 0.658693, 'test_correct': 185.0, 'test_loss': 80.412219, 'test_total': 220.0, 'test_acc': 0.840909, 'test_avg_loss': 0.36551}, 'Results_fairness': {'test_f1': [0.658693], 'test_correct': 185.0, 'test_loss': [80.412219], 'test_total': 220.0, 'test_acc': [0.840909], 'test_avg_loss': [0.36551]}}[0m
[38;5;39m2023-02-24 23:07:12,299 (monitor:541) INFO: {'Role': 'Server #', 'Round': 7, 'Results_model_metric': {}}[0m
[38;5;39m2023-02-24 23:07:12,301 (server:330) INFO: Server: Starting evaluation at the end of round 7.[0m
[38;5;39m2023-02-24 23:07:12,301 (server:336) INFO: ----------- Starting a new training round (Round #8) -------------[0m
[33;20m2023-02-24 23:07:14,552 (context:294) WARNING: No val_data or val_loader in the trainer, will skip evaluation.If this is not the case you want, please check whether there is typo for the name[0m
[38;5;39m2023-02-24 23:07:24,018 (client:306) INFO: {'Role': 'Client #1', 'Round': 8, 'Results_raw': {'train_f1': 0.930718, 'train_correct': 842.0, 'train_loss': 113.913316, 'train_total': 877, 'train_acc': 0.960091, 'train_avg_loss': 0.12989}}[0m
[38;5;39m2023-02-24 23:07:24,019 (server:590) INFO: {'Role': 'Server #', 'Round': 7, 'Results_weighted_avg': {'test_f1': 0.90115, 'test_correct': 206.0, 'test_loss': 41.449299, 'test_total': 220.0, 'test_acc': 0.936364, 'test_avg_loss': 0.188406}, 'Results_avg': {'test_f1': 0.90115, 'test_correct': 206.0, 'test_loss': 41.449299, 'test_total': 220.0, 'test_acc': 0.936364, 'test_avg_loss': 0.188406}, 'Results_fairness': {'test_f1': [0.90115], 'test_correct': 206.0, 'test_loss': [41.449299], 'test_total': 220.0, 'test_acc': [0.936364], 'test_avg_loss': [0.188406]}}[0m
[38;5;39m2023-02-24 23:07:24,019 (monitor:541) INFO: {'Role': 'Server #', 'Round': 8, 'Results_model_metric': {}}[0m
[38;5;39m2023-02-24 23:07:24,021 (server:330) INFO: Server: Starting evaluation at the end of round 8.[0m
[38;5;39m2023-02-24 23:07:24,021 (server:336) INFO: ----------- Starting a new training round (Round #9) -------------[0m
[33;20m2023-02-24 23:07:26,318 (context:294) WARNING: No val_data or val_loader in the trainer, will skip evaluation.If this is not the case you want, please check whether there is typo for the name[0m
[38;5;39m2023-02-24 23:07:35,619 (client:306) INFO: {'Role': 'Client #1', 'Round': 9, 'Results_raw': {'train_f1': 0.940634, 'train_correct': 847.0, 'train_loss': 97.290032, 'train_total': 877, 'train_acc': 0.965792, 'train_avg_loss': 0.110935}}[0m
[38;5;39m2023-02-24 23:07:35,620 (server:590) INFO: {'Role': 'Server #', 'Round': 8, 'Results_weighted_avg': {'test_f1': 0.850413, 'test_correct': 199.0, 'test_loss': 46.83352, 'test_total': 220.0, 'test_acc': 0.904545, 'test_avg_loss': 0.21288}, 'Results_avg': {'test_f1': 0.850413, 'test_correct': 199.0, 'test_loss': 46.83352, 'test_total': 220.0, 'test_acc': 0.904545, 'test_avg_loss': 0.21288}, 'Results_fairness': {'test_f1': [0.850413], 'test_correct': 199.0, 'test_loss': [46.83352], 'test_total': 220.0, 'test_acc': [0.904545], 'test_avg_loss': [0.21288]}}[0m
[38;5;39m2023-02-24 23:07:35,620 (monitor:541) INFO: {'Role': 'Server #', 'Round': 9, 'Results_model_metric': {}}[0m
[38;5;39m2023-02-24 23:07:35,622 (server:347) INFO: Server: Training is finished! Starting evaluation.[0m
[33;20m2023-02-24 23:07:37,849 (context:294) WARNING: No val_data or val_loader in the trainer, will skip evaluation.If this is not the case you want, please check whether there is typo for the name[0m
[38;5;39m2023-02-24 23:07:37,850 (server:590) INFO: {'Role': 'Server #', 'Round': 9, 'Results_weighted_avg': {'test_f1': 0.888419, 'test_correct': 205.0, 'test_loss': 35.902021, 'test_total': 220.0, 'test_acc': 0.931818, 'test_avg_loss': 0.163191}, 'Results_avg': {'test_f1': 0.888419, 'test_correct': 205.0, 'test_loss': 35.902021, 'test_total': 220.0, 'test_acc': 0.931818, 'test_avg_loss': 0.163191}, 'Results_fairness': {'test_f1': [0.888419], 'test_correct': 205.0, 'test_loss': [35.902021], 'test_total': 220.0, 'test_acc': [0.931818], 'test_avg_loss': [0.163191]}}[0m
[38;5;39m2023-02-24 23:07:37,851 (server:395) INFO: Server: Final evaluation is finished! Starting merging results.[0m
[38;5;39m2023-02-24 23:07:37,851 (server:521) INFO: {'Role': 'Server #', 'Round': 'Final', 'Results_raw': {'client_best_individual': {'test_loss': 35.902021, 'test_f1': 0.888419, 'test_correct': 205.0, 'test_total': 220.0, 'test_acc': 0.931818, 'test_avg_loss': 0.163191}, 'client_summarized_weighted_avg': {'test_loss': 35.902021, 'test_f1': 0.888419, 'test_correct': 205.0, 'test_total': 220.0, 'test_acc': 0.931818, 'test_avg_loss': 0.163191}, 'client_summarized_avg': {'test_loss': 35.902021, 'test_f1': 0.888419, 'test_correct': 205.0, 'test_total': 220.0, 'test_acc': 0.931818, 'test_avg_loss': 0.163191}, 'client_summarized_fairness': {'test_loss': [35.902021], 'test_f1': [0.888419], 'test_correct': 205.0, 'test_total': 220.0, 'test_acc': [0.931818], 'test_avg_loss': [0.163191]}}}[0m
[38;5;39m2023-02-24 23:07:37,852 (server:540) INFO: {'Role': 'Client #1', 'Round': 10, 'Results_raw': {'test_f1': 0.888419, 'test_correct': 205.0, 'test_loss': 35.902021, 'test_total': 220, 'test_acc': 0.931818, 'test_avg_loss': 0.163191}}[0m
[38;5;39m2023-02-24 23:07:37,852 (monitor:172) INFO: In worker #0, the system-related metrics are: {'id': 0, 'fl_end_time_minutes': 1.977595, 'total_model_size': 0, 'total_flops': 0, 'total_upload_bytes': 1280, 'total_download_bytes': 9816, 'global_convergence_round': 0, 'local_convergence_round': 0, 'global_convergence_time_minutes': 0, 'local_convergence_time_minutes': 0}[0m
[38;5;39m2023-02-24 23:07:37,854 (client:513) INFO: ================= client 1 received finish message =================[0m
[38;5;39m2023-02-24 23:07:37,855 (monitor:172) INFO: In worker #1, the system-related metrics are: {'id': 1, 'fl_end_time_minutes': 1.973964, 'total_model_size': 3260030, 'total_flops': 2327893645440.0, 'total_upload_bytes': 10736, 'total_download_bytes': 1280, 'global_convergence_round': 0, 'local_convergence_round': 0, 'global_convergence_time_minutes': 0, 'local_convergence_time_minutes': 0}[0m
[38;5;39m2023-02-24 23:07:37,856 (monitor:337) INFO: We will compress the file eval_results.raw into a .gz file, and delete the old one[0m
[38;5;39m2023-02-24 23:07:37,857 (monitor:245) INFO: After merging the system metrics from all works, we got avg: defaultdict(None, {'id': 'sys_avg', 'sys_avg/fl_end_time_minutes': 1.975779, 'sys_avg/total_model_size': '1.55M', 'sys_avg/total_flops': '1.06T', 'sys_avg/total_upload_bytes': '5.87K', 'sys_avg/total_download_bytes': '5.42K', 'sys_avg/global_convergence_round': 0.0, 'sys_avg/local_convergence_round': 0.0, 'sys_avg/global_convergence_time_minutes': 0.0, 'sys_avg/local_convergence_time_minutes': 0.0})[0m
[38;5;39m2023-02-24 23:07:37,857 (monitor:248) INFO: After merging the system metrics from all works, we got std: defaultdict(None, {'id': 'sys_std', 'sys_std/fl_end_time_minutes': 0.001816, 'sys_std/total_model_size': '1.55M', 'sys_std/total_flops': '1.06T', 'sys_std/total_upload_bytes': '4.62K', 'sys_std/total_download_bytes': '4.17K', 'sys_std/global_convergence_round': 0.0, 'sys_std/local_convergence_round': 0.0, 'sys_std/global_convergence_time_minutes': 0.0, 'sys_std/local_convergence_time_minutes': 0.0})[0m
None
220
<generator object BaseDataTranslator.split_to_client.<locals>.<genexpr> at 0x7f9f4f306270>
