2023-02-17 21:30:21.725788: I tensorflow/core/platform/cpu_feature_guard.cc:193] This TensorFlow binary is optimized with oneAPI Deep Neural Network Library (oneDNN) to use the following CPU instructions in performance-critical operations:  SSE4.1 SSE4.2 AVX AVX2 FMA
To enable them in other operations, rebuild TensorFlow with the appropriate compiler flags.
<frozen importlib._bootstrap>:228: RuntimeWarning: scipy._lib.messagestream.MessageStream size changed, may indicate binary incompatibility. Expected 56 from C header, got 64 from PyObject
2023-02-17 21:30:23,645 (cfg_data:145)WARNING: config `cfg.data.batch_size` will be removed in the future, use `cfg.dataloader.batch_size` instead.
2023-02-17 21:30:23,645 (cfg_fl_setting:123)WARNING: In local/global training mode, the sampling related configs are in-valid, we will use all clients. 
2023-02-17 21:30:23,645 (cfg_data:145)WARNING: config `cfg.data.batch_size` will be removed in the future, use `cfg.dataloader.batch_size` instead.
2023-02-17 21:30:23,646 (cfg_fl_setting:123)WARNING: In local/global training mode, the sampling related configs are in-valid, we will use all clients. 
2023-02-17 21:30:23,646 (cfg_data:145)WARNING: config `cfg.data.batch_size` will be removed in the future, use `cfg.dataloader.batch_size` instead.
2023-02-17 21:30:23,646 (cfg_fl_setting:123)WARNING: In local/global training mode, the sampling related configs are in-valid, we will use all clients. 
[38;5;39m2023-02-17 21:30:23,659 (logging:124) INFO: the current machine is at 192.168.0.1[0m
[38;5;39m2023-02-17 21:30:23,660 (logging:126) INFO: the current dir is /home/ubuntu/FederatedScope[0m
[38;5;39m2023-02-17 21:30:23,660 (logging:127) INFO: the output dir is exp/global_convnet2_on_lung_lr0.01_lstep1/sub_exp_20230217213023[0m
[38;5;39m2023-02-17 21:30:31,683 (base_data:87) INFO: Will merge data from clients whose ids in [1, 10][0m
[33;20m2023-02-17 21:30:31,695 (cfg_data:145) WARNING: config `cfg.data.batch_size` will be removed in the future, use `cfg.dataloader.batch_size` instead.[0m
[33;20m2023-02-17 21:30:31,696 (cfg_fl_setting:123) WARNING: In local/global training mode, the sampling related configs are in-valid, we will use all clients. [0m
[38;5;39m2023-02-17 21:30:31,696 (cfg_fl_setting:128) INFO: In global training mode, we will put all data in a proxy client. [0m
[33;20m2023-02-17 21:30:31,696 (cfg_data:145) WARNING: config `cfg.data.batch_size` will be removed in the future, use `cfg.dataloader.batch_size` instead.[0m
[33;20m2023-02-17 21:30:31,696 (cfg_fl_setting:123) WARNING: In local/global training mode, the sampling related configs are in-valid, we will use all clients. [0m
[38;5;39m2023-02-17 21:30:31,696 (cfg_fl_setting:128) INFO: In global training mode, we will put all data in a proxy client. [0m
[38;5;39m2023-02-17 21:30:31,720 (config:243) INFO: the used configs are: 
aggregator:
  inside_weight: 1.0
  num_agg_groups: 1
  num_agg_topk: []
  outside_weight: 0.0
asyn:
  use: False
attack:
  alpha_TV: 0.001
  alpha_prop_loss: 0
  attack_method: 
  attacker_id: -1
  classifier_PIA: randomforest
  edge_num: 100
  edge_path: edge_data/
  freq: 10
  info_diff_type: l2
  inject_round: 0
  insert_round: 100000
  label_type: dirty
  max_ite: 400
  mean: [0.1307]
  mia_is_simulate_in: False
  mia_simulate_in_round: 20
  pgd_eps: 2
  pgd_lr: 0.1
  pgd_poisoning: False
  poison_ratio: 0.5
  reconstruct_lr: 0.01
  reconstruct_optim: Adam
  scale_para: 1.0
  scale_poisoning: False
  self_epoch: 6
  self_lr: 0.05
  self_opt: False
  setting: fix
  std: [0.3081]
  target_label_ind: -1
  trigger_path: trigger/
  trigger_type: edge
backend: torch
cfg_file: 
check_completeness: False
criterion:
  type: CrossEntropyLoss
data:
  args: []
  batch_size: 16
  cSBM_phi: [0.5, 0.5, 0.5]
  cache_dir: 
  consistent_label_distribution: False
  drop_last: False
  hetero_data_name: []
  hetero_synth_batch_size: 32
  hetero_synth_feat_dim: 128
  hetero_synth_prim_weight: 0.5
  is_debug: False
  loader: 
  max_query_len: 128
  max_seq_len: 384
  max_tgt_len: 128
  num_contrast: 0
  num_of_client_for_data: []
  num_steps: 30
  num_workers: 0
  pre_transform: []
  quadratic:
    dim: 1
    max_curv: 12.5
    min_curv: 0.02
  root: data/
  save_data: False
  server_holds_all: False
  shuffle: True
  sizes: [10, 5]
  splits: [0.8, 0, 0.2]
  splitter: lda
  splitter_args: [{'alpha': 0.7}]
  subsample: 1.0
  target_transform: []
  test_pre_transform: []
  test_target_transform: []
  test_transform: []
  transform: []
  trunc_stride: 128
  type: lung
  val_pre_transform: []
  val_target_transform: []
  val_transform: []
  walk_length: 2
dataloader:
  batch_size: 16
  drop_last: False
  num_steps: 30
  num_workers: 0
  pin_memory: False
  shuffle: True
  sizes: [10, 5]
  theta: -1
  type: base
  walk_length: 2
device: 0
distribute:
  use: False
early_stop:
  delta: 0.0
  improve_indicator_mode: best
  patience: 5
eval:
  best_res_update_round_wise_key: test_loss
  count_flops: True
  freq: 1
  metrics: ['acc', 'correct', 'f1']
  monitoring: []
  report: ['weighted_avg', 'avg', 'fairness', 'raw']
  split: ['test', 'val']
expname: global_convnet2_on_lung_lr0.01_lstep1
expname_tag: 
feat_engr:
  num_bins: 5
  scenario: hfl
  secure:
    dp:
      
    encrypt:
      type: dummy
    key_size: 3072
    type: encrypt
  selec_threshold: 0.05
  selec_woe_binning: quantile
  type: 
federate:
  atc_load_from: 
  atc_vanilla: False
  client_num: 10
  data_weighted_aggr: False
  ignore_weight: False
  join_in_info: []
  make_global_eval: False
  merge_test_data: False
  method: global
  mode: standalone
  online_aggr: False
  resource_info_file: 
  restore_from: 
  sample_client_num: 10
  sample_client_rate: -1.0
  sampler: uniform
  save_to: 
  share_local_model: False
  total_round_num: 10
  unseen_clients_rate: 0.0
  use_diff: False
  use_ss: False
fedopt:
  use: False
fedprox:
  use: False
fedsageplus:
  a: 1.0
  b: 1.0
  c: 1.0
  fedgen_epoch: 200
  gen_hidden: 128
  hide_portion: 0.5
  loc_epoch: 1
  num_pred: 5
finetune:
  batch_or_epoch: epoch
  before_eval: False
  freeze_param: 
  local_update_steps: 1
  optimizer:
    lr: 0.1
    type: SGD
  scheduler:
    type: 
    warmup_ratio: 0.0
flitplus:
  factor_ema: 0.8
  lambdavat: 0.5
  tmpFed: 0.5
  weightReg: 1.0
gcflplus:
  EPS_1: 0.05
  EPS_2: 0.1
  seq_length: 5
  standardize: False
grad:
  grad_accum_count: 1
  grad_clip: 5.0
hpo:
  fedex:
    cutoff: 0.0
    diff: False
    eta0: -1.0
    flatten_ss: True
    gamma: 0.0
    pi_lr: 0.01
    psn: False
    sched: auto
    ss: 
    use: False
  init_cand_num: 16
  larger_better: False
  metric: client_summarized_weighted_avg.val_loss
  num_workers: 0
  pbt:
    max_stage: 5
    perf_threshold: 0.1
  scheduler: rs
  sha:
    budgets: []
    elim_rate: 3
    iter: 0
  ss: 
  table:
    eps: 0.1
    idx: 0
    num: 27
  working_folder: hpo
model:
  contrast_temp: 1.0
  contrast_topk: 100
  downstream_tasks: []
  dropout: 0.0
  embed_size: 8
  gamma: 0
  graph_pooling: mean
  hidden: 2048
  in_channels: 0
  input_shape: ()
  label_smoothing: 0.1
  lambda_: 0.1
  layer: 2
  length_penalty: 2.0
  max_answer_len: 30
  max_length: 200
  max_tree_depth: 3
  min_length: 1
  model_num_per_trainer: 1
  model_type: google/bert_uncased_L-2_H-128_A-2
  n_best_size: 20
  no_repeat_ngram_size: 3
  null_score_diff_threshold: 0.0
  num_beams: 5
  num_item: 0
  num_labels: 1
  num_of_trees: 10
  num_user: 0
  out_channels: 62
  pretrain_tasks: []
  stage: 
  task: node
  type: convnet2
  use_bias: True
  use_contrastive_loss: False
nbafl:
  use: False
outdir: exp/global_convnet2_on_lung_lr0.01_lstep1/sub_exp_20230217213023
personalization:
  K: 5
  beta: 1.0
  local_param: []
  local_update_steps: 1
  lr: 0.01
  regular_weight: 0.1
  share_non_trainable_para: False
print_decimal_digits: 6
regularizer:
  mu: 0.0
  type: 
seed: 2
sgdmf:
  use: False
train:
  batch_or_epoch: epoch
  local_update_steps: 1
  optimizer:
    lr: 0.01
    type: SGD
    weight_decay: 0.0
  scheduler:
    type: 
    warmup_ratio: 0.0
trainer:
  disp_freq: 50
  local_entropy:
    alpha: 0.75
    eps: 0.001
    gamma: 0.0001
  sam:
    adaptive: False
    eta: 0.0
    rho: 1.0
  type: cvtrainer
  val_freq: 100000000
use_gpu: True
verbose: 1
vertical:
  use: False
wandb:
  use: False[0m
[33;20m2023-02-17 21:30:31,721 (worker_builder:174) WARNING: Server for method global is not implemented. Will use default one[0m
[33;20m2023-02-17 21:30:31,721 (worker_builder:71) WARNING: Clients for method global is not implemented. Will use default one[0m
[38;5;39m2023-02-17 21:30:31,792 (utils:144) INFO: The device information file is not provided[0m
[33;20m2023-02-17 21:30:31,815 (cfg_data:145) WARNING: config `cfg.data.batch_size` will be removed in the future, use `cfg.dataloader.batch_size` instead.[0m
[33;20m2023-02-17 21:30:31,815 (cfg_fl_setting:123) WARNING: In local/global training mode, the sampling related configs are in-valid, we will use all clients. [0m
[38;5;39m2023-02-17 21:30:31,815 (cfg_fl_setting:128) INFO: In global training mode, we will put all data in a proxy client. [0m
[38;5;39m2023-02-17 21:30:31,838 (config:243) INFO: the used configs are: 
aggregator:
  inside_weight: 1.0
  num_agg_groups: 1
  num_agg_topk: []
  outside_weight: 0.0
asyn:
  use: False
attack:
  alpha_TV: 0.001
  alpha_prop_loss: 0
  attack_method: 
  attacker_id: -1
  classifier_PIA: randomforest
  edge_num: 100
  edge_path: edge_data/
  freq: 10
  info_diff_type: l2
  inject_round: 0
  insert_round: 100000
  label_type: dirty
  max_ite: 400
  mean: [0.1307]
  mia_is_simulate_in: False
  mia_simulate_in_round: 20
  pgd_eps: 2
  pgd_lr: 0.1
  pgd_poisoning: False
  poison_ratio: 0.5
  reconstruct_lr: 0.01
  reconstruct_optim: Adam
  scale_para: 1.0
  scale_poisoning: False
  self_epoch: 6
  self_lr: 0.05
  self_opt: False
  setting: fix
  std: [0.3081]
  target_label_ind: -1
  trigger_path: trigger/
  trigger_type: edge
backend: torch
cfg_file: 
check_completeness: False
criterion:
  type: CrossEntropyLoss
data:
  args: []
  batch_size: 16
  cSBM_phi: [0.5, 0.5, 0.5]
  cache_dir: 
  consistent_label_distribution: False
  drop_last: False
  hetero_data_name: []
  hetero_synth_batch_size: 32
  hetero_synth_feat_dim: 128
  hetero_synth_prim_weight: 0.5
  is_debug: False
  loader: 
  max_query_len: 128
  max_seq_len: 384
  max_tgt_len: 128
  num_contrast: 0
  num_of_client_for_data: []
  num_steps: 30
  num_workers: 0
  pre_transform: []
  quadratic:
    dim: 1
    max_curv: 12.5
    min_curv: 0.02
  root: data/
  save_data: False
  server_holds_all: False
  shuffle: True
  sizes: [10, 5]
  splits: [0.8, 0, 0.2]
  splitter: lda
  splitter_args: [{'alpha': 0.7}]
  subsample: 1.0
  target_transform: []
  test_pre_transform: []
  test_target_transform: []
  test_transform: []
  transform: []
  trunc_stride: 128
  type: lung
  val_pre_transform: []
  val_target_transform: []
  val_transform: []
  walk_length: 2
dataloader:
  batch_size: 16
  drop_last: False
  num_steps: 30
  num_workers: 0
  pin_memory: False
  shuffle: True
  sizes: [10, 5]
  theta: -1
  type: base
  walk_length: 2
device: 0
distribute:
  use: False
early_stop:
  delta: 0.0
  improve_indicator_mode: best
  patience: 5
eval:
  best_res_update_round_wise_key: test_loss
  count_flops: True
  freq: 1
  metrics: ['acc', 'correct', 'f1']
  monitoring: []
  report: ['weighted_avg', 'avg', 'fairness', 'raw']
  split: ['test', 'val']
expname: global_convnet2_on_lung_lr0.01_lstep1
expname_tag: 
feat_engr:
  num_bins: 5
  scenario: hfl
  secure:
    dp:
      
    encrypt:
      type: dummy
    key_size: 3072
    type: encrypt
  selec_threshold: 0.05
  selec_woe_binning: quantile
  type: 
federate:
  atc_load_from: 
  atc_vanilla: False
  client_num: 1
  data_weighted_aggr: False
  ignore_weight: False
  join_in_info: []
  make_global_eval: False
  merge_test_data: False
  method: global
  mode: standalone
  online_aggr: False
  resource_info_file: 
  restore_from: 
  sample_client_num: 1
  sample_client_rate: -1.0
  sampler: uniform
  save_to: 
  share_local_model: False
  total_round_num: 10
  unseen_clients_rate: 0.0
  use_diff: False
  use_ss: False
fedopt:
  use: False
fedprox:
  use: False
fedsageplus:
  a: 1.0
  b: 1.0
  c: 1.0
  fedgen_epoch: 200
  gen_hidden: 128
  hide_portion: 0.5
  loc_epoch: 1
  num_pred: 5
finetune:
  batch_or_epoch: epoch
  before_eval: False
  freeze_param: 
  local_update_steps: 1
  optimizer:
    lr: 0.1
    type: SGD
  scheduler:
    type: 
    warmup_ratio: 0.0
flitplus:
  factor_ema: 0.8
  lambdavat: 0.5
  tmpFed: 0.5
  weightReg: 1.0
gcflplus:
  EPS_1: 0.05
  EPS_2: 0.1
  seq_length: 5
  standardize: False
grad:
  grad_accum_count: 1
  grad_clip: 5.0
hpo:
  fedex:
    cutoff: 0.0
    diff: False
    eta0: -1.0
    flatten_ss: True
    gamma: 0.0
    pi_lr: 0.01
    psn: False
    sched: auto
    ss: 
    use: False
  init_cand_num: 16
  larger_better: False
  metric: client_summarized_weighted_avg.val_loss
  num_workers: 0
  pbt:
    max_stage: 5
    perf_threshold: 0.1
  scheduler: rs
  sha:
    budgets: []
    elim_rate: 3
    iter: 0
  ss: 
  table:
    eps: 0.1
    idx: 0
    num: 27
  working_folder: hpo
model:
  contrast_temp: 1.0
  contrast_topk: 100
  downstream_tasks: []
  dropout: 0.0
  embed_size: 8
  gamma: 0
  graph_pooling: mean
  hidden: 2048
  in_channels: 0
  input_shape: ()
  label_smoothing: 0.1
  lambda_: 0.1
  layer: 2
  length_penalty: 2.0
  max_answer_len: 30
  max_length: 200
  max_tree_depth: 3
  min_length: 1
  model_num_per_trainer: 1
  model_type: google/bert_uncased_L-2_H-128_A-2
  n_best_size: 20
  no_repeat_ngram_size: 3
  null_score_diff_threshold: 0.0
  num_beams: 5
  num_item: 0
  num_labels: 1
  num_of_trees: 10
  num_user: 0
  out_channels: 62
  pretrain_tasks: []
  stage: 
  task: node
  type: convnet2
  use_bias: True
  use_contrastive_loss: False
nbafl:
  use: False
outdir: exp/global_convnet2_on_lung_lr0.01_lstep1/sub_exp_20230217213023
personalization:
  K: 5
  beta: 1.0
  local_param: []
  local_update_steps: 1
  lr: 0.01
  regular_weight: 0.1
  share_non_trainable_para: False
print_decimal_digits: 6
regularizer:
  mu: 0.0
  type: 
seed: 2
sgdmf:
  use: False
train:
  batch_or_epoch: epoch
  local_update_steps: 1
  optimizer:
    lr: 0.01
    type: SGD
    weight_decay: 0.0
  scheduler:
    type: 
    warmup_ratio: 0.0
trainer:
  disp_freq: 50
  local_entropy:
    alpha: 0.75
    eps: 0.001
    gamma: 0.0001
  sam:
    adaptive: False
    eta: 0.0
    rho: 1.0
  type: cvtrainer
  val_freq: 100000000
use_gpu: True
verbose: 1
vertical:
  use: False
wandb:
  use: False[0m
[38;5;39m2023-02-17 21:30:32,399 (fed_runner:169) INFO: Server has been set up ... [0m
[38;5;39m2023-02-17 21:30:33,189 (fed_runner:221) INFO: Client 1 has been set up ... [0m
[38;5;39m2023-02-17 21:30:33,189 (trainer:341) INFO: Model meta-info: <class 'federatedscope.cv.model.cnn.ConvNet2'>.[0m
[38;5;39m2023-02-17 21:30:33,190 (trainer:349) INFO: Num of original para names: 18.[0m
[38;5;39m2023-02-17 21:30:33,190 (trainer:350) INFO: Num of original trainable para names: 12.[0m
[38;5;39m2023-02-17 21:30:33,190 (trainer:352) INFO: Num of preserved para names in local update: 0. 
Preserved para names in local update: set().[0m
[38;5;39m2023-02-17 21:30:33,190 (trainer:356) INFO: Num of filtered para names in local update: 18. 
Filtered para names in local update: {'conv2.weight', 'bn2.running_var', 'bn1.running_mean', 'bn2.running_mean', 'conv2.bias', 'fc2.weight', 'bn1.running_var', 'conv1.bias', 'fc1.weight', 'bn1.weight', 'bn1.bias', 'bn1.num_batches_tracked', 'conv1.weight', 'bn2.bias', 'bn2.num_batches_tracked', 'fc2.bias', 'bn2.weight', 'fc1.bias'}.[0m
[38;5;39m2023-02-17 21:30:33,190 (trainer:361) INFO: After register default hooks,
	the hooks_in_train is:
	{
	  "on_fit_start": [
	    "_hook_on_fit_start_init",
	    "_hook_on_fit_start_calculate_model_size"
	  ],
	  "on_epoch_start": [
	    "_hook_on_epoch_start"
	  ],
	  "on_batch_start": [
	    "_hook_on_batch_start_init"
	  ],
	  "on_batch_forward": [
	    "_hook_on_batch_forward",
	    "_hook_on_batch_forward_regularizer",
	    "_hook_on_batch_forward_flop_count"
	  ],
	  "on_batch_backward": [
	    "_hook_on_batch_backward"
	  ],
	  "on_batch_end": [
	    "_hook_on_batch_end"
	  ],
	  "on_fit_end": [
	    "_hook_on_fit_end"
	  ]
	};
	the hooks_in_eval is:
            t{
	  "on_fit_start": [
	    "_hook_on_fit_start_init"
	  ],
	  "on_epoch_start": [
	    "_hook_on_epoch_start"
	  ],
	  "on_batch_start": [
	    "_hook_on_batch_start_init"
	  ],
	  "on_batch_forward": [
	    "_hook_on_batch_forward"
	  ],
	  "on_batch_end": [
	    "_hook_on_batch_end"
	  ],
	  "on_fit_end": [
	    "_hook_on_fit_end"
	  ]
	}[0m
[38;5;39m2023-02-17 21:30:33,429 (server:804) INFO: ----------- Starting training (Round #0) -------------[0m
Unsupported operator aten::max_pool2d encountered 2 time(s)
[38;5;39m2023-02-17 21:30:43,851 (client:306) INFO: {'Role': 'Client #1', 'Round': 0, 'Results_raw': {'train_loss': 998.970353, 'train_total': 877, 'train_acc': 0.548461, 'train_f1': 0.180814, 'train_correct': 481.0, 'train_avg_loss': 1.139077}}[0m
[38;5;39m2023-02-17 21:30:43,852 (monitor:541) INFO: {'Role': 'Server #', 'Round': 0, 'Results_model_metric': {}}[0m
[38;5;39m2023-02-17 21:30:43,872 (server:330) INFO: Server: Starting evaluation at the end of round 0.[0m
[38;5;39m2023-02-17 21:30:43,873 (server:336) INFO: ----------- Starting a new training round (Round #1) -------------[0m
[33;20m2023-02-17 21:30:45,794 (context:294) WARNING: No val_data or val_loader in the trainer, will skip evaluation.If this is not the case you want, please check whether there is typo for the name[0m
[38;5;39m2023-02-17 21:30:52,864 (client:306) INFO: {'Role': 'Client #1', 'Round': 1, 'Results_raw': {'train_loss': 645.399144, 'train_total': 877, 'train_acc': 0.690992, 'train_f1': 0.558038, 'train_correct': 606.0, 'train_avg_loss': 0.735917}}[0m
[38;5;39m2023-02-17 21:30:52,865 (server:590) INFO: {'Role': 'Server #', 'Round': 0, 'Results_weighted_avg': {'test_loss': 156.869864, 'test_total': 220.0, 'test_acc': 0.709091, 'test_f1': 0.475132, 'test_correct': 156.0, 'test_avg_loss': 0.713045}, 'Results_avg': {'test_loss': 156.869864, 'test_total': 220.0, 'test_acc': 0.709091, 'test_f1': 0.475132, 'test_correct': 156.0, 'test_avg_loss': 0.713045}, 'Results_fairness': {'test_loss': [156.869864], 'test_total': 220.0, 'test_acc': [0.709091], 'test_f1': [0.475132], 'test_correct': 156.0, 'test_avg_loss': [0.713045]}}[0m
[38;5;39m2023-02-17 21:30:52,865 (monitor:541) INFO: {'Role': 'Server #', 'Round': 1, 'Results_model_metric': {}}[0m
[38;5;39m2023-02-17 21:30:52,886 (server:330) INFO: Server: Starting evaluation at the end of round 1.[0m
[38;5;39m2023-02-17 21:30:52,886 (server:336) INFO: ----------- Starting a new training round (Round #2) -------------[0m
[33;20m2023-02-17 21:30:54,814 (context:294) WARNING: No val_data or val_loader in the trainer, will skip evaluation.If this is not the case you want, please check whether there is typo for the name[0m
[38;5;39m2023-02-17 21:31:01,945 (client:306) INFO: {'Role': 'Client #1', 'Round': 2, 'Results_raw': {'train_loss': 505.272658, 'train_total': 877, 'train_acc': 0.762828, 'train_f1': 0.639076, 'train_correct': 669.0, 'train_avg_loss': 0.576138}}[0m
[38;5;39m2023-02-17 21:31:01,946 (server:590) INFO: {'Role': 'Server #', 'Round': 1, 'Results_weighted_avg': {'test_loss': 122.107487, 'test_total': 220.0, 'test_acc': 0.768182, 'test_f1': 0.55636, 'test_correct': 169.0, 'test_avg_loss': 0.555034}, 'Results_avg': {'test_loss': 122.107487, 'test_total': 220.0, 'test_acc': 0.768182, 'test_f1': 0.55636, 'test_correct': 169.0, 'test_avg_loss': 0.555034}, 'Results_fairness': {'test_loss': [122.107487], 'test_total': 220.0, 'test_acc': [0.768182], 'test_f1': [0.55636], 'test_correct': 169.0, 'test_avg_loss': [0.555034]}}[0m
[38;5;39m2023-02-17 21:31:01,946 (monitor:541) INFO: {'Role': 'Server #', 'Round': 2, 'Results_model_metric': {}}[0m
[38;5;39m2023-02-17 21:31:01,967 (server:330) INFO: Server: Starting evaluation at the end of round 2.[0m
[38;5;39m2023-02-17 21:31:01,968 (server:336) INFO: ----------- Starting a new training round (Round #3) -------------[0m
[33;20m2023-02-17 21:31:03,897 (context:294) WARNING: No val_data or val_loader in the trainer, will skip evaluation.If this is not the case you want, please check whether there is typo for the name[0m
[38;5;39m2023-02-17 21:31:11,000 (client:306) INFO: {'Role': 'Client #1', 'Round': 3, 'Results_raw': {'train_loss': 450.061396, 'train_total': 877, 'train_acc': 0.803877, 'train_f1': 0.705089, 'train_correct': 705.0, 'train_avg_loss': 0.513183}}[0m
[38;5;39m2023-02-17 21:31:11,001 (server:590) INFO: {'Role': 'Server #', 'Round': 2, 'Results_weighted_avg': {'test_loss': 112.388514, 'test_total': 220.0, 'test_acc': 0.813636, 'test_f1': 0.565382, 'test_correct': 179.0, 'test_avg_loss': 0.510857}, 'Results_avg': {'test_loss': 112.388514, 'test_total': 220.0, 'test_acc': 0.813636, 'test_f1': 0.565382, 'test_correct': 179.0, 'test_avg_loss': 0.510857}, 'Results_fairness': {'test_loss': [112.388514], 'test_total': 220.0, 'test_acc': [0.813636], 'test_f1': [0.565382], 'test_correct': 179.0, 'test_avg_loss': [0.510857]}}[0m
[38;5;39m2023-02-17 21:31:11,001 (monitor:541) INFO: {'Role': 'Server #', 'Round': 3, 'Results_model_metric': {}}[0m
[38;5;39m2023-02-17 21:31:11,022 (server:330) INFO: Server: Starting evaluation at the end of round 3.[0m
[38;5;39m2023-02-17 21:31:11,022 (server:336) INFO: ----------- Starting a new training round (Round #4) -------------[0m
[33;20m2023-02-17 21:31:12,964 (context:294) WARNING: No val_data or val_loader in the trainer, will skip evaluation.If this is not the case you want, please check whether there is typo for the name[0m
[38;5;39m2023-02-17 21:31:20,057 (client:306) INFO: {'Role': 'Client #1', 'Round': 4, 'Results_raw': {'train_loss': 367.16644, 'train_total': 877, 'train_acc': 0.839225, 'train_f1': 0.751738, 'train_correct': 736.0, 'train_avg_loss': 0.418662}}[0m
[38;5;39m2023-02-17 21:31:20,058 (server:590) INFO: {'Role': 'Server #', 'Round': 3, 'Results_weighted_avg': {'test_loss': 85.820096, 'test_total': 220.0, 'test_acc': 0.868182, 'test_f1': 0.805436, 'test_correct': 191.0, 'test_avg_loss': 0.390091}, 'Results_avg': {'test_loss': 85.820096, 'test_total': 220.0, 'test_acc': 0.868182, 'test_f1': 0.805436, 'test_correct': 191.0, 'test_avg_loss': 0.390091}, 'Results_fairness': {'test_loss': [85.820096], 'test_total': 220.0, 'test_acc': [0.868182], 'test_f1': [0.805436], 'test_correct': 191.0, 'test_avg_loss': [0.390091]}}[0m
[38;5;39m2023-02-17 21:31:20,059 (monitor:541) INFO: {'Role': 'Server #', 'Round': 4, 'Results_model_metric': {}}[0m
[38;5;39m2023-02-17 21:31:20,079 (server:330) INFO: Server: Starting evaluation at the end of round 4.[0m
[38;5;39m2023-02-17 21:31:20,079 (server:336) INFO: ----------- Starting a new training round (Round #5) -------------[0m
[33;20m2023-02-17 21:31:22,001 (context:294) WARNING: No val_data or val_loader in the trainer, will skip evaluation.If this is not the case you want, please check whether there is typo for the name[0m
[38;5;39m2023-02-17 21:31:29,122 (client:306) INFO: {'Role': 'Client #1', 'Round': 5, 'Results_raw': {'train_loss': 317.145761, 'train_total': 877, 'train_acc': 0.86317, 'train_f1': 0.788031, 'train_correct': 757.0, 'train_avg_loss': 0.361626}}[0m
[38;5;39m2023-02-17 21:31:29,123 (server:590) INFO: {'Role': 'Server #', 'Round': 4, 'Results_weighted_avg': {'test_loss': 91.122507, 'test_total': 220.0, 'test_acc': 0.827273, 'test_f1': 0.688115, 'test_correct': 182.0, 'test_avg_loss': 0.414193}, 'Results_avg': {'test_loss': 91.122507, 'test_total': 220.0, 'test_acc': 0.827273, 'test_f1': 0.688115, 'test_correct': 182.0, 'test_avg_loss': 0.414193}, 'Results_fairness': {'test_loss': [91.122507], 'test_total': 220.0, 'test_acc': [0.827273], 'test_f1': [0.688115], 'test_correct': 182.0, 'test_avg_loss': [0.414193]}}[0m
[38;5;39m2023-02-17 21:31:29,123 (monitor:541) INFO: {'Role': 'Server #', 'Round': 5, 'Results_model_metric': {}}[0m
[38;5;39m2023-02-17 21:31:29,144 (server:330) INFO: Server: Starting evaluation at the end of round 5.[0m
[38;5;39m2023-02-17 21:31:29,144 (server:336) INFO: ----------- Starting a new training round (Round #6) -------------[0m
[33;20m2023-02-17 21:31:31,094 (context:294) WARNING: No val_data or val_loader in the trainer, will skip evaluation.If this is not the case you want, please check whether there is typo for the name[0m
[38;5;39m2023-02-17 21:31:38,208 (client:306) INFO: {'Role': 'Client #1', 'Round': 6, 'Results_raw': {'train_loss': 236.214565, 'train_total': 877, 'train_acc': 0.891676, 'train_f1': 0.820466, 'train_correct': 782.0, 'train_avg_loss': 0.269344}}[0m
[38;5;39m2023-02-17 21:31:38,209 (server:590) INFO: {'Role': 'Server #', 'Round': 5, 'Results_weighted_avg': {'test_loss': 71.021715, 'test_total': 220.0, 'test_acc': 0.890909, 'test_f1': 0.86034, 'test_correct': 196.0, 'test_avg_loss': 0.322826}, 'Results_avg': {'test_loss': 71.021715, 'test_total': 220.0, 'test_acc': 0.890909, 'test_f1': 0.86034, 'test_correct': 196.0, 'test_avg_loss': 0.322826}, 'Results_fairness': {'test_loss': [71.021715], 'test_total': 220.0, 'test_acc': [0.890909], 'test_f1': [0.86034], 'test_correct': 196.0, 'test_avg_loss': [0.322826]}}[0m
[38;5;39m2023-02-17 21:31:38,209 (monitor:541) INFO: {'Role': 'Server #', 'Round': 6, 'Results_model_metric': {}}[0m
[38;5;39m2023-02-17 21:31:38,230 (server:330) INFO: Server: Starting evaluation at the end of round 6.[0m
[38;5;39m2023-02-17 21:31:38,230 (server:336) INFO: ----------- Starting a new training round (Round #7) -------------[0m
[33;20m2023-02-17 21:31:40,161 (context:294) WARNING: No val_data or val_loader in the trainer, will skip evaluation.If this is not the case you want, please check whether there is typo for the name[0m
[38;5;39m2023-02-17 21:31:47,236 (client:306) INFO: {'Role': 'Client #1', 'Round': 7, 'Results_raw': {'train_loss': 218.851459, 'train_total': 877, 'train_acc': 0.916762, 'train_f1': 0.87003, 'train_correct': 804.0, 'train_avg_loss': 0.249546}}[0m
[38;5;39m2023-02-17 21:31:47,237 (server:590) INFO: {'Role': 'Server #', 'Round': 6, 'Results_weighted_avg': {'test_loss': 38.089853, 'test_total': 220.0, 'test_acc': 0.959091, 'test_f1': 0.932539, 'test_correct': 211.0, 'test_avg_loss': 0.173136}, 'Results_avg': {'test_loss': 38.089853, 'test_total': 220.0, 'test_acc': 0.959091, 'test_f1': 0.932539, 'test_correct': 211.0, 'test_avg_loss': 0.173136}, 'Results_fairness': {'test_loss': [38.089853], 'test_total': 220.0, 'test_acc': [0.959091], 'test_f1': [0.932539], 'test_correct': 211.0, 'test_avg_loss': [0.173136]}}[0m
[38;5;39m2023-02-17 21:31:47,238 (monitor:541) INFO: {'Role': 'Server #', 'Round': 7, 'Results_model_metric': {}}[0m
[38;5;39m2023-02-17 21:31:47,258 (server:330) INFO: Server: Starting evaluation at the end of round 7.[0m
[38;5;39m2023-02-17 21:31:47,259 (server:336) INFO: ----------- Starting a new training round (Round #8) -------------[0m
[33;20m2023-02-17 21:31:49,189 (context:294) WARNING: No val_data or val_loader in the trainer, will skip evaluation.If this is not the case you want, please check whether there is typo for the name[0m
[38;5;39m2023-02-17 21:31:56,262 (client:306) INFO: {'Role': 'Client #1', 'Round': 8, 'Results_raw': {'train_loss': 180.272405, 'train_total': 877, 'train_acc': 0.921323, 'train_f1': 0.874522, 'train_correct': 808.0, 'train_avg_loss': 0.205556}}[0m
[38;5;39m2023-02-17 21:31:56,263 (server:590) INFO: {'Role': 'Server #', 'Round': 7, 'Results_weighted_avg': {'test_loss': 53.835028, 'test_total': 220.0, 'test_acc': 0.890909, 'test_f1': 0.824872, 'test_correct': 196.0, 'test_avg_loss': 0.244705}, 'Results_avg': {'test_loss': 53.835028, 'test_total': 220.0, 'test_acc': 0.890909, 'test_f1': 0.824872, 'test_correct': 196.0, 'test_avg_loss': 0.244705}, 'Results_fairness': {'test_loss': [53.835028], 'test_total': 220.0, 'test_acc': [0.890909], 'test_f1': [0.824872], 'test_correct': 196.0, 'test_avg_loss': [0.244705]}}[0m
[38;5;39m2023-02-17 21:31:56,264 (monitor:541) INFO: {'Role': 'Server #', 'Round': 8, 'Results_model_metric': {}}[0m
[38;5;39m2023-02-17 21:31:56,284 (server:330) INFO: Server: Starting evaluation at the end of round 8.[0m
[38;5;39m2023-02-17 21:31:56,285 (server:336) INFO: ----------- Starting a new training round (Round #9) -------------[0m
[33;20m2023-02-17 21:31:58,212 (context:294) WARNING: No val_data or val_loader in the trainer, will skip evaluation.If this is not the case you want, please check whether there is typo for the name[0m
[38;5;39m2023-02-17 21:32:05,299 (client:306) INFO: {'Role': 'Client #1', 'Round': 9, 'Results_raw': {'train_loss': 151.652432, 'train_total': 877, 'train_acc': 0.938426, 'train_f1': 0.897577, 'train_correct': 823.0, 'train_avg_loss': 0.172922}}[0m
[38;5;39m2023-02-17 21:32:05,300 (server:590) INFO: {'Role': 'Server #', 'Round': 8, 'Results_weighted_avg': {'test_loss': 73.577038, 'test_total': 220.0, 'test_acc': 0.85, 'test_f1': 0.772298, 'test_correct': 187.0, 'test_avg_loss': 0.334441}, 'Results_avg': {'test_loss': 73.577038, 'test_total': 220.0, 'test_acc': 0.85, 'test_f1': 0.772298, 'test_correct': 187.0, 'test_avg_loss': 0.334441}, 'Results_fairness': {'test_loss': [73.577038], 'test_total': 220.0, 'test_acc': [0.85], 'test_f1': [0.772298], 'test_correct': 187.0, 'test_avg_loss': [0.334441]}}[0m
[38;5;39m2023-02-17 21:32:05,301 (monitor:541) INFO: {'Role': 'Server #', 'Round': 9, 'Results_model_metric': {}}[0m
[38;5;39m2023-02-17 21:32:05,322 (server:347) INFO: Server: Training is finished! Starting evaluation.[0m
[33;20m2023-02-17 21:32:07,250 (context:294) WARNING: No val_data or val_loader in the trainer, will skip evaluation.If this is not the case you want, please check whether there is typo for the name[0m
[38;5;39m2023-02-17 21:32:07,251 (server:590) INFO: {'Role': 'Server #', 'Round': 9, 'Results_weighted_avg': {'test_loss': 25.990914, 'test_total': 220.0, 'test_acc': 0.959091, 'test_f1': 0.931348, 'test_correct': 211.0, 'test_avg_loss': 0.118141}, 'Results_avg': {'test_loss': 25.990914, 'test_total': 220.0, 'test_acc': 0.959091, 'test_f1': 0.931348, 'test_correct': 211.0, 'test_avg_loss': 0.118141}, 'Results_fairness': {'test_loss': [25.990914], 'test_total': 220.0, 'test_acc': [0.959091], 'test_f1': [0.931348], 'test_correct': 211.0, 'test_avg_loss': [0.118141]}}[0m
[38;5;39m2023-02-17 21:32:07,251 (server:395) INFO: Server: Final evaluation is finished! Starting merging results.[0m
[38;5;39m2023-02-17 21:32:07,251 (server:521) INFO: {'Role': 'Server #', 'Round': 'Final', 'Results_raw': {'client_best_individual': {'test_loss': 25.990914, 'test_total': 220.0, 'test_acc': 0.959091, 'test_f1': 0.931348, 'test_correct': 211.0, 'test_avg_loss': 0.118141}, 'client_summarized_weighted_avg': {'test_loss': 25.990914, 'test_total': 220.0, 'test_acc': 0.959091, 'test_f1': 0.931348, 'test_correct': 211.0, 'test_avg_loss': 0.118141}, 'client_summarized_avg': {'test_loss': 25.990914, 'test_total': 220.0, 'test_acc': 0.959091, 'test_f1': 0.931348, 'test_correct': 211.0, 'test_avg_loss': 0.118141}, 'client_summarized_fairness': {'test_loss': [25.990914], 'test_total': 220.0, 'test_acc': [0.959091], 'test_f1': [0.931348], 'test_correct': 211.0, 'test_avg_loss': [0.118141]}}}[0m
[38;5;39m2023-02-17 21:32:07,252 (server:540) INFO: {'Role': 'Client #1', 'Round': 10, 'Results_raw': {'test_loss': 25.990914, 'test_total': 220, 'test_acc': 0.959091, 'test_f1': 0.931348, 'test_correct': 211.0, 'test_avg_loss': 0.118141}}[0m
[38;5;39m2023-02-17 21:32:07,252 (monitor:172) INFO: In worker #0, the system-related metrics are: {'id': 0, 'fl_end_time_minutes': 1.580916, 'total_model_size': 0, 'total_flops': 0, 'total_upload_bytes': 1280, 'total_download_bytes': 9816, 'global_convergence_round': 0, 'local_convergence_round': 0, 'global_convergence_time_minutes': 0, 'local_convergence_time_minutes': 0}[0m
[38;5;39m2023-02-17 21:32:07,253 (client:513) INFO: ================= client 1 received finish message =================[0m
[38;5;39m2023-02-17 21:32:07,273 (monitor:172) INFO: In worker #1, the system-related metrics are: {'id': 1, 'fl_end_time_minutes': 1.572007, 'total_model_size': 82102974, 'total_flops': 2073639979520.0, 'total_upload_bytes': 10736, 'total_download_bytes': 1280, 'global_convergence_round': 0, 'local_convergence_round': 0, 'global_convergence_time_minutes': 0, 'local_convergence_time_minutes': 0}[0m
[38;5;39m2023-02-17 21:32:07,274 (monitor:337) INFO: We will compress the file eval_results.raw into a .gz file, and delete the old one[0m
[38;5;39m2023-02-17 21:32:07,275 (monitor:245) INFO: After merging the system metrics from all works, we got avg: defaultdict(None, {'id': 'sys_avg', 'sys_avg/fl_end_time_minutes': 1.576462, 'sys_avg/total_model_size': '39.15M', 'sys_avg/total_flops': '965.61G', 'sys_avg/total_upload_bytes': '5.87K', 'sys_avg/total_download_bytes': '5.42K', 'sys_avg/global_convergence_round': 0.0, 'sys_avg/local_convergence_round': 0.0, 'sys_avg/global_convergence_time_minutes': 0.0, 'sys_avg/local_convergence_time_minutes': 0.0})[0m
[38;5;39m2023-02-17 21:32:07,275 (monitor:248) INFO: After merging the system metrics from all works, we got std: defaultdict(None, {'id': 'sys_std', 'sys_std/fl_end_time_minutes': 0.004454, 'sys_std/total_model_size': '39.15M', 'sys_std/total_flops': '965.61G', 'sys_std/total_upload_bytes': '4.62K', 'sys_std/total_download_bytes': '4.17K', 'sys_std/global_convergence_round': 0.0, 'sys_std/local_convergence_round': 0.0, 'sys_std/global_convergence_time_minutes': 0.0, 'sys_std/local_convergence_time_minutes': 0.0})[0m
None
220
<generator object BaseDataTranslator.split_to_client.<locals>.<genexpr> at 0x7f550515c2e0>
__cfg_check_funcs__: []
__help_info__: {}
contrast_temp: 1.0
contrast_topk: 100
downstream_tasks: []
dropout: 0.0
embed_size: 8
gamma: 0
graph_pooling: mean
hidden: 2048
in_channels: 0
input_shape: ()
is_ready_for_run: False
label_smoothing: 0.1
lambda_: 0.1
layer: 2
length_penalty: 2.0
max_answer_len: 30
max_length: 200
max_tree_depth: 3
min_length: 1
model_num_per_trainer: 1
model_type: google/bert_uncased_L-2_H-128_A-2
n_best_size: 20
no_repeat_ngram_size: 3
null_score_diff_threshold: 0.0
num_beams: 5
num_item: 0
num_labels: 1
num_of_trees: 10
num_user: 0
out_channels: 62
pretrain_tasks: []
stage: 
task: node
type: convnet2
use_bias: True
use_contrastive_loss: False
torch
__cfg_check_funcs__: []
__help_info__: {}
contrast_temp: 1.0
contrast_topk: 100
downstream_tasks: []
dropout: 0.0
embed_size: 8
gamma: 0
graph_pooling: mean
hidden: 2048
in_channels: 0
input_shape: ()
is_ready_for_run: False
label_smoothing: 0.1
lambda_: 0.1
layer: 2
length_penalty: 2.0
max_answer_len: 30
max_length: 200
max_tree_depth: 3
min_length: 1
model_num_per_trainer: 1
model_type: google/bert_uncased_L-2_H-128_A-2
n_best_size: 20
no_repeat_ngram_size: 3
null_score_diff_threshold: 0.0
num_beams: 5
num_item: 0
num_labels: 1
num_of_trees: 10
num_user: 0
out_channels: 62
pretrain_tasks: []
stage: 
task: node
type: convnet2
use_bias: True
use_contrastive_loss: False
torch
2023-02-24 22:42:17.560818: I tensorflow/core/platform/cpu_feature_guard.cc:193] This TensorFlow binary is optimized with oneAPI Deep Neural Network Library (oneDNN) to use the following CPU instructions in performance-critical operations:  SSE4.1 SSE4.2 AVX AVX2 FMA
To enable them in other operations, rebuild TensorFlow with the appropriate compiler flags.
<frozen importlib._bootstrap>:228: RuntimeWarning: scipy._lib.messagestream.MessageStream size changed, may indicate binary incompatibility. Expected 56 from C header, got 64 from PyObject
2023-02-24 22:42:20,019 (cfg_data:145)WARNING: config `cfg.data.batch_size` will be removed in the future, use `cfg.dataloader.batch_size` instead.
2023-02-24 22:42:20,019 (cfg_fl_setting:123)WARNING: In local/global training mode, the sampling related configs are in-valid, we will use all clients. 
2023-02-24 22:42:20,019 (cfg_data:145)WARNING: config `cfg.data.batch_size` will be removed in the future, use `cfg.dataloader.batch_size` instead.
2023-02-24 22:42:20,019 (cfg_fl_setting:123)WARNING: In local/global training mode, the sampling related configs are in-valid, we will use all clients. 
2023-02-24 22:42:20,019 (cfg_data:145)WARNING: config `cfg.data.batch_size` will be removed in the future, use `cfg.dataloader.batch_size` instead.
2023-02-24 22:42:20,019 (cfg_fl_setting:123)WARNING: In local/global training mode, the sampling related configs are in-valid, we will use all clients. 
[38;5;39m2023-02-24 22:42:20,033 (logging:124) INFO: the current machine is at 192.168.0.1[0m
[38;5;39m2023-02-24 22:42:20,033 (logging:126) INFO: the current dir is /home/ubuntu/FederatedScope[0m
[38;5;39m2023-02-24 22:42:20,033 (logging:127) INFO: the output dir is exp/global_convnet5_on_lung100_lr0.01_lstep1/sub_exp_20230224224220[0m
[38;5;39m2023-02-24 22:42:31,091 (base_data:87) INFO: Will merge data from clients whose ids in [1, 10][0m
[33;20m2023-02-24 22:42:31,104 (cfg_data:145) WARNING: config `cfg.data.batch_size` will be removed in the future, use `cfg.dataloader.batch_size` instead.[0m
[33;20m2023-02-24 22:42:31,104 (cfg_fl_setting:123) WARNING: In local/global training mode, the sampling related configs are in-valid, we will use all clients. [0m
[38;5;39m2023-02-24 22:42:31,104 (cfg_fl_setting:128) INFO: In global training mode, we will put all data in a proxy client. [0m
[33;20m2023-02-24 22:42:31,104 (cfg_data:145) WARNING: config `cfg.data.batch_size` will be removed in the future, use `cfg.dataloader.batch_size` instead.[0m
[33;20m2023-02-24 22:42:31,105 (cfg_fl_setting:123) WARNING: In local/global training mode, the sampling related configs are in-valid, we will use all clients. [0m
[38;5;39m2023-02-24 22:42:31,105 (cfg_fl_setting:128) INFO: In global training mode, we will put all data in a proxy client. [0m
[38;5;39m2023-02-24 22:42:31,129 (config:243) INFO: the used configs are: 
aggregator:
  inside_weight: 1.0
  num_agg_groups: 1
  num_agg_topk: []
  outside_weight: 0.0
asyn:
  use: False
attack:
  alpha_TV: 0.001
  alpha_prop_loss: 0
  attack_method: 
  attacker_id: -1
  classifier_PIA: randomforest
  edge_num: 100
  edge_path: edge_data/
  freq: 10
  info_diff_type: l2
  inject_round: 0
  insert_round: 100000
  label_type: dirty
  max_ite: 400
  mean: [0.1307]
  mia_is_simulate_in: False
  mia_simulate_in_round: 20
  pgd_eps: 2
  pgd_lr: 0.1
  pgd_poisoning: False
  poison_ratio: 0.5
  reconstruct_lr: 0.01
  reconstruct_optim: Adam
  scale_para: 1.0
  scale_poisoning: False
  self_epoch: 6
  self_lr: 0.05
  self_opt: False
  setting: fix
  std: [0.3081]
  target_label_ind: -1
  trigger_path: trigger/
  trigger_type: edge
backend: torch
cfg_file: 
check_completeness: False
criterion:
  type: CrossEntropyLoss
data:
  args: []
  batch_size: 16
  cSBM_phi: [0.5, 0.5, 0.5]
  cache_dir: 
  consistent_label_distribution: False
  drop_last: False
  hetero_data_name: []
  hetero_synth_batch_size: 32
  hetero_synth_feat_dim: 128
  hetero_synth_prim_weight: 0.5
  is_debug: False
  loader: 
  max_query_len: 128
  max_seq_len: 384
  max_tgt_len: 128
  num_contrast: 0
  num_of_client_for_data: []
  num_steps: 30
  num_workers: 0
  pre_transform: []
  quadratic:
    dim: 1
    max_curv: 12.5
    min_curv: 0.02
  root: data/
  save_data: False
  server_holds_all: False
  shuffle: True
  sizes: [10, 5]
  splits: [0.8, 0, 0.2]
  splitter: lda
  splitter_args: [{'alpha': 0.7}]
  subsample: 1.0
  target_transform: []
  test_pre_transform: []
  test_target_transform: []
  test_transform: []
  transform: []
  trunc_stride: 128
  type: lung100
  val_pre_transform: []
  val_target_transform: []
  val_transform: []
  walk_length: 2
dataloader:
  batch_size: 16
  drop_last: False
  num_steps: 30
  num_workers: 0
  pin_memory: False
  shuffle: True
  sizes: [10, 5]
  theta: -1
  type: base
  walk_length: 2
device: 0
distribute:
  use: False
early_stop:
  delta: 0.0
  improve_indicator_mode: best
  patience: 5
eval:
  best_res_update_round_wise_key: test_loss
  count_flops: True
  freq: 1
  metrics: ['acc', 'correct', 'f1']
  monitoring: []
  report: ['weighted_avg', 'avg', 'fairness', 'raw']
  split: ['test', 'val']
expname: global_convnet5_on_lung100_lr0.01_lstep1
expname_tag: 
feat_engr:
  num_bins: 5
  scenario: hfl
  secure:
    dp:
      
    encrypt:
      type: dummy
    key_size: 3072
    type: encrypt
  selec_threshold: 0.05
  selec_woe_binning: quantile
  type: 
federate:
  atc_load_from: 
  atc_vanilla: False
  client_num: 10
  data_weighted_aggr: False
  ignore_weight: False
  join_in_info: []
  make_global_eval: False
  merge_test_data: False
  method: global
  mode: standalone
  online_aggr: False
  resource_info_file: 
  restore_from: 
  sample_client_num: 10
  sample_client_rate: -1.0
  sampler: uniform
  save_to: 
  share_local_model: False
  total_round_num: 10
  unseen_clients_rate: 0.0
  use_diff: False
  use_ss: False
fedopt:
  use: False
fedprox:
  use: False
fedsageplus:
  a: 1.0
  b: 1.0
  c: 1.0
  fedgen_epoch: 200
  gen_hidden: 128
  hide_portion: 0.5
  loc_epoch: 1
  num_pred: 5
finetune:
  batch_or_epoch: epoch
  before_eval: False
  freeze_param: 
  local_update_steps: 1
  optimizer:
    lr: 0.1
    type: SGD
  scheduler:
    type: 
    warmup_ratio: 0.0
flitplus:
  factor_ema: 0.8
  lambdavat: 0.5
  tmpFed: 0.5
  weightReg: 1.0
gcflplus:
  EPS_1: 0.05
  EPS_2: 0.1
  seq_length: 5
  standardize: False
grad:
  grad_accum_count: 1
  grad_clip: 5.0
hpo:
  fedex:
    cutoff: 0.0
    diff: False
    eta0: -1.0
    flatten_ss: True
    gamma: 0.0
    pi_lr: 0.01
    psn: False
    sched: auto
    ss: 
    use: False
  init_cand_num: 16
  larger_better: False
  metric: client_summarized_weighted_avg.val_loss
  num_workers: 0
  pbt:
    max_stage: 5
    perf_threshold: 0.1
  scheduler: rs
  sha:
    budgets: []
    elim_rate: 3
    iter: 0
  ss: 
  table:
    eps: 0.1
    idx: 0
    num: 27
  working_folder: hpo
model:
  contrast_temp: 1.0
  contrast_topk: 100
  downstream_tasks: []
  dropout: 0.0
  embed_size: 8
  gamma: 0
  graph_pooling: mean
  hidden: 2048
  in_channels: 0
  input_shape: ()
  label_smoothing: 0.1
  lambda_: 0.1
  layer: 2
  length_penalty: 2.0
  max_answer_len: 30
  max_length: 200
  max_tree_depth: 3
  min_length: 1
  model_num_per_trainer: 1
  model_type: google/bert_uncased_L-2_H-128_A-2
  n_best_size: 20
  no_repeat_ngram_size: 3
  null_score_diff_threshold: 0.0
  num_beams: 5
  num_item: 0
  num_labels: 1
  num_of_trees: 10
  num_user: 0
  out_channels: 62
  pretrain_tasks: []
  stage: 
  task: node
  type: convnet5
  use_bias: True
  use_contrastive_loss: False
nbafl:
  use: False
outdir: exp/global_convnet5_on_lung100_lr0.01_lstep1/sub_exp_20230224224220
personalization:
  K: 5
  beta: 1.0
  local_param: []
  local_update_steps: 1
  lr: 0.01
  regular_weight: 0.1
  share_non_trainable_para: False
print_decimal_digits: 6
regularizer:
  mu: 0.0
  type: 
seed: 2
sgdmf:
  use: False
train:
  batch_or_epoch: epoch
  local_update_steps: 1
  optimizer:
    lr: 0.01
    type: SGD
    weight_decay: 0.0
  scheduler:
    type: 
    warmup_ratio: 0.0
trainer:
  disp_freq: 50
  local_entropy:
    alpha: 0.75
    eps: 0.001
    gamma: 0.0001
  sam:
    adaptive: False
    eta: 0.0
    rho: 1.0
  type: cvtrainer
  val_freq: 100000000
use_gpu: True
verbose: 1
vertical:
  use: False
wandb:
  use: False[0m
[33;20m2023-02-24 22:42:31,130 (worker_builder:174) WARNING: Server for method global is not implemented. Will use default one[0m
[33;20m2023-02-24 22:42:31,130 (worker_builder:71) WARNING: Clients for method global is not implemented. Will use default one[0m
[38;5;39m2023-02-24 22:42:31,297 (utils:144) INFO: The device information file is not provided[0m
[33;20m2023-02-24 22:42:31,317 (cfg_data:145) WARNING: config `cfg.data.batch_size` will be removed in the future, use `cfg.dataloader.batch_size` instead.[0m
[33;20m2023-02-24 22:42:31,317 (cfg_fl_setting:123) WARNING: In local/global training mode, the sampling related configs are in-valid, we will use all clients. [0m
[38;5;39m2023-02-24 22:42:31,318 (cfg_fl_setting:128) INFO: In global training mode, we will put all data in a proxy client. [0m
[38;5;39m2023-02-24 22:42:31,354 (config:243) INFO: the used configs are: 
aggregator:
  inside_weight: 1.0
  num_agg_groups: 1
  num_agg_topk: []
  outside_weight: 0.0
asyn:
  use: False
attack:
  alpha_TV: 0.001
  alpha_prop_loss: 0
  attack_method: 
  attacker_id: -1
  classifier_PIA: randomforest
  edge_num: 100
  edge_path: edge_data/
  freq: 10
  info_diff_type: l2
  inject_round: 0
  insert_round: 100000
  label_type: dirty
  max_ite: 400
  mean: [0.1307]
  mia_is_simulate_in: False
  mia_simulate_in_round: 20
  pgd_eps: 2
  pgd_lr: 0.1
  pgd_poisoning: False
  poison_ratio: 0.5
  reconstruct_lr: 0.01
  reconstruct_optim: Adam
  scale_para: 1.0
  scale_poisoning: False
  self_epoch: 6
  self_lr: 0.05
  self_opt: False
  setting: fix
  std: [0.3081]
  target_label_ind: -1
  trigger_path: trigger/
  trigger_type: edge
backend: torch
cfg_file: 
check_completeness: False
criterion:
  type: CrossEntropyLoss
data:
  args: []
  batch_size: 16
  cSBM_phi: [0.5, 0.5, 0.5]
  cache_dir: 
  consistent_label_distribution: False
  drop_last: False
  hetero_data_name: []
  hetero_synth_batch_size: 32
  hetero_synth_feat_dim: 128
  hetero_synth_prim_weight: 0.5
  is_debug: False
  loader: 
  max_query_len: 128
  max_seq_len: 384
  max_tgt_len: 128
  num_contrast: 0
  num_of_client_for_data: []
  num_steps: 30
  num_workers: 0
  pre_transform: []
  quadratic:
    dim: 1
    max_curv: 12.5
    min_curv: 0.02
  root: data/
  save_data: False
  server_holds_all: False
  shuffle: True
  sizes: [10, 5]
  splits: [0.8, 0, 0.2]
  splitter: lda
  splitter_args: [{'alpha': 0.7}]
  subsample: 1.0
  target_transform: []
  test_pre_transform: []
  test_target_transform: []
  test_transform: []
  transform: []
  trunc_stride: 128
  type: lung100
  val_pre_transform: []
  val_target_transform: []
  val_transform: []
  walk_length: 2
dataloader:
  batch_size: 16
  drop_last: False
  num_steps: 30
  num_workers: 0
  pin_memory: False
  shuffle: True
  sizes: [10, 5]
  theta: -1
  type: base
  walk_length: 2
device: 0
distribute:
  use: False
early_stop:
  delta: 0.0
  improve_indicator_mode: best
  patience: 5
eval:
  best_res_update_round_wise_key: test_loss
  count_flops: True
  freq: 1
  metrics: ['acc', 'correct', 'f1']
  monitoring: []
  report: ['weighted_avg', 'avg', 'fairness', 'raw']
  split: ['test', 'val']
expname: global_convnet5_on_lung100_lr0.01_lstep1
expname_tag: 
feat_engr:
  num_bins: 5
  scenario: hfl
  secure:
    dp:
      
    encrypt:
      type: dummy
    key_size: 3072
    type: encrypt
  selec_threshold: 0.05
  selec_woe_binning: quantile
  type: 
federate:
  atc_load_from: 
  atc_vanilla: False
  client_num: 1
  data_weighted_aggr: False
  ignore_weight: False
  join_in_info: []
  make_global_eval: False
  merge_test_data: False
  method: global
  mode: standalone
  online_aggr: False
  resource_info_file: 
  restore_from: 
  sample_client_num: 1
  sample_client_rate: -1.0
  sampler: uniform
  save_to: 
  share_local_model: False
  total_round_num: 10
  unseen_clients_rate: 0.0
  use_diff: False
  use_ss: False
fedopt:
  use: False
fedprox:
  use: False
fedsageplus:
  a: 1.0
  b: 1.0
  c: 1.0
  fedgen_epoch: 200
  gen_hidden: 128
  hide_portion: 0.5
  loc_epoch: 1
  num_pred: 5
finetune:
  batch_or_epoch: epoch
  before_eval: False
  freeze_param: 
  local_update_steps: 1
  optimizer:
    lr: 0.1
    type: SGD
  scheduler:
    type: 
    warmup_ratio: 0.0
flitplus:
  factor_ema: 0.8
  lambdavat: 0.5
  tmpFed: 0.5
  weightReg: 1.0
gcflplus:
  EPS_1: 0.05
  EPS_2: 0.1
  seq_length: 5
  standardize: False
grad:
  grad_accum_count: 1
  grad_clip: 5.0
hpo:
  fedex:
    cutoff: 0.0
    diff: False
    eta0: -1.0
    flatten_ss: True
    gamma: 0.0
    pi_lr: 0.01
    psn: False
    sched: auto
    ss: 
    use: False
  init_cand_num: 16
  larger_better: False
  metric: client_summarized_weighted_avg.val_loss
  num_workers: 0
  pbt:
    max_stage: 5
    perf_threshold: 0.1
  scheduler: rs
  sha:
    budgets: []
    elim_rate: 3
    iter: 0
  ss: 
  table:
    eps: 0.1
    idx: 0
    num: 27
  working_folder: hpo
model:
  contrast_temp: 1.0
  contrast_topk: 100
  downstream_tasks: []
  dropout: 0.0
  embed_size: 8
  gamma: 0
  graph_pooling: mean
  hidden: 2048
  in_channels: 0
  input_shape: ()
  label_smoothing: 0.1
  lambda_: 0.1
  layer: 2
  length_penalty: 2.0
  max_answer_len: 30
  max_length: 200
  max_tree_depth: 3
  min_length: 1
  model_num_per_trainer: 1
  model_type: google/bert_uncased_L-2_H-128_A-2
  n_best_size: 20
  no_repeat_ngram_size: 3
  null_score_diff_threshold: 0.0
  num_beams: 5
  num_item: 0
  num_labels: 1
  num_of_trees: 10
  num_user: 0
  out_channels: 62
  pretrain_tasks: []
  stage: 
  task: node
  type: convnet5
  use_bias: True
  use_contrastive_loss: False
nbafl:
  use: False
outdir: exp/global_convnet5_on_lung100_lr0.01_lstep1/sub_exp_20230224224220
personalization:
  K: 5
  beta: 1.0
  local_param: []
  local_update_steps: 1
  lr: 0.01
  regular_weight: 0.1
  share_non_trainable_para: False
print_decimal_digits: 6
regularizer:
  mu: 0.0
  type: 
seed: 2
sgdmf:
  use: False
train:
  batch_or_epoch: epoch
  local_update_steps: 1
  optimizer:
    lr: 0.01
    type: SGD
    weight_decay: 0.0
  scheduler:
    type: 
    warmup_ratio: 0.0
trainer:
  disp_freq: 50
  local_entropy:
    alpha: 0.75
    eps: 0.001
    gamma: 0.0001
  sam:
    adaptive: False
    eta: 0.0
    rho: 1.0
  type: cvtrainer
  val_freq: 100000000
use_gpu: True
verbose: 1
vertical:
  use: False
wandb:
  use: False[0m
[38;5;39m2023-02-24 22:42:31,518 (fed_runner:169) INFO: Server has been set up ... [0m
[38;5;39m2023-02-24 22:42:31,721 (fed_runner:221) INFO: Client 1 has been set up ... [0m
[38;5;39m2023-02-24 22:42:31,721 (trainer:341) INFO: Model meta-info: <class 'federatedscope.cv.model.cnn.ConvNet5'>.[0m
[38;5;39m2023-02-24 22:42:31,721 (trainer:349) INFO: Num of original para names: 39.[0m
[38;5;39m2023-02-24 22:42:31,722 (trainer:350) INFO: Num of original trainable para names: 24.[0m
[38;5;39m2023-02-24 22:42:31,722 (trainer:352) INFO: Num of preserved para names in local update: 0. 
Preserved para names in local update: set().[0m
[38;5;39m2023-02-24 22:42:31,722 (trainer:356) INFO: Num of filtered para names in local update: 39. 
Filtered para names in local update: {'bn4.running_mean', 'bn4.running_var', 'bn5.running_var', 'conv1.bias', 'fc2.bias', 'bn4.num_batches_tracked', 'bn2.bias', 'bn2.num_batches_tracked', 'bn3.running_mean', 'fc1.bias', 'bn5.bias', 'bn5.num_batches_tracked', 'conv1.weight', 'bn5.weight', 'bn1.num_batches_tracked', 'conv4.bias', 'conv3.bias', 'bn3.num_batches_tracked', 'bn2.running_var', 'conv5.bias', 'bn1.weight', 'bn2.running_mean', 'bn5.running_mean', 'conv2.bias', 'conv3.weight', 'bn3.weight', 'bn4.weight', 'conv4.weight', 'bn4.bias', 'conv5.weight', 'bn3.running_var', 'fc2.weight', 'bn2.weight', 'conv2.weight', 'bn3.bias', 'bn1.bias', 'bn1.running_mean', 'fc1.weight', 'bn1.running_var'}.[0m
[38;5;39m2023-02-24 22:42:31,722 (trainer:361) INFO: After register default hooks,
	the hooks_in_train is:
	{
	  "on_fit_start": [
	    "_hook_on_fit_start_init",
	    "_hook_on_fit_start_calculate_model_size"
	  ],
	  "on_epoch_start": [
	    "_hook_on_epoch_start"
	  ],
	  "on_batch_start": [
	    "_hook_on_batch_start_init"
	  ],
	  "on_batch_forward": [
	    "_hook_on_batch_forward",
	    "_hook_on_batch_forward_regularizer",
	    "_hook_on_batch_forward_flop_count"
	  ],
	  "on_batch_backward": [
	    "_hook_on_batch_backward"
	  ],
	  "on_batch_end": [
	    "_hook_on_batch_end"
	  ],
	  "on_fit_end": [
	    "_hook_on_fit_end"
	  ]
	};
	the hooks_in_eval is:
            t{
	  "on_fit_start": [
	    "_hook_on_fit_start_init"
	  ],
	  "on_epoch_start": [
	    "_hook_on_epoch_start"
	  ],
	  "on_batch_start": [
	    "_hook_on_batch_start_init"
	  ],
	  "on_batch_forward": [
	    "_hook_on_batch_forward"
	  ],
	  "on_batch_end": [
	    "_hook_on_batch_end"
	  ],
	  "on_fit_end": [
	    "_hook_on_fit_end"
	  ]
	}[0m
[38;5;39m2023-02-24 22:42:31,733 (server:804) INFO: ----------- Starting training (Round #0) -------------[0m
Unsupported operator aten::max_pool2d encountered 5 time(s)
[38;5;39m2023-02-24 22:42:44,747 (client:306) INFO: {'Role': 'Client #1', 'Round': 0, 'Results_raw': {'train_loss': 958.634266, 'train_correct': 507.0, 'train_total': 877, 'train_acc': 0.578107, 'train_f1': 0.243794, 'train_avg_loss': 1.093084}}[0m
[38;5;39m2023-02-24 22:42:44,748 (monitor:541) INFO: {'Role': 'Server #', 'Round': 0, 'Results_model_metric': {}}[0m
[38;5;39m2023-02-24 22:42:44,749 (server:330) INFO: Server: Starting evaluation at the end of round 0.[0m
[38;5;39m2023-02-24 22:42:44,749 (server:336) INFO: ----------- Starting a new training round (Round #1) -------------[0m
[33;20m2023-02-24 22:42:46,664 (context:294) WARNING: No val_data or val_loader in the trainer, will skip evaluation.If this is not the case you want, please check whether there is typo for the name[0m
[38;5;39m2023-02-24 22:42:56,020 (client:306) INFO: {'Role': 'Client #1', 'Round': 1, 'Results_raw': {'train_loss': 531.900106, 'train_correct': 678.0, 'train_total': 877, 'train_acc': 0.77309, 'train_f1': 0.582276, 'train_avg_loss': 0.6065}}[0m
[38;5;39m2023-02-24 22:42:56,021 (server:590) INFO: {'Role': 'Server #', 'Round': 0, 'Results_weighted_avg': {'test_loss': 149.416777, 'test_correct': 163.0, 'test_total': 220.0, 'test_acc': 0.740909, 'test_f1': 0.51712, 'test_avg_loss': 0.679167}, 'Results_avg': {'test_loss': 149.416777, 'test_correct': 163.0, 'test_total': 220.0, 'test_acc': 0.740909, 'test_f1': 0.51712, 'test_avg_loss': 0.679167}, 'Results_fairness': {'test_loss': [149.416777], 'test_correct': 163.0, 'test_total': 220.0, 'test_acc': [0.740909], 'test_f1': [0.51712], 'test_avg_loss': [0.679167]}}[0m
[38;5;39m2023-02-24 22:42:56,022 (monitor:541) INFO: {'Role': 'Server #', 'Round': 1, 'Results_model_metric': {}}[0m
[38;5;39m2023-02-24 22:42:56,024 (server:330) INFO: Server: Starting evaluation at the end of round 1.[0m
[38;5;39m2023-02-24 22:42:56,024 (server:336) INFO: ----------- Starting a new training round (Round #2) -------------[0m
[33;20m2023-02-24 22:42:58,345 (context:294) WARNING: No val_data or val_loader in the trainer, will skip evaluation.If this is not the case you want, please check whether there is typo for the name[0m
[38;5;39m2023-02-24 22:43:07,480 (client:306) INFO: {'Role': 'Client #1', 'Round': 2, 'Results_raw': {'train_loss': 408.810069, 'train_correct': 710.0, 'train_total': 877, 'train_acc': 0.809578, 'train_f1': 0.603974, 'train_avg_loss': 0.466146}}[0m
[38;5;39m2023-02-24 22:43:07,481 (server:590) INFO: {'Role': 'Server #', 'Round': 1, 'Results_weighted_avg': {'test_loss': 102.014965, 'test_correct': 184.0, 'test_total': 220.0, 'test_acc': 0.836364, 'test_f1': 0.608165, 'test_avg_loss': 0.463704}, 'Results_avg': {'test_loss': 102.014965, 'test_correct': 184.0, 'test_total': 220.0, 'test_acc': 0.836364, 'test_f1': 0.608165, 'test_avg_loss': 0.463704}, 'Results_fairness': {'test_loss': [102.014965], 'test_correct': 184.0, 'test_total': 220.0, 'test_acc': [0.836364], 'test_f1': [0.608165], 'test_avg_loss': [0.463704]}}[0m
[38;5;39m2023-02-24 22:43:07,482 (monitor:541) INFO: {'Role': 'Server #', 'Round': 2, 'Results_model_metric': {}}[0m
[38;5;39m2023-02-24 22:43:07,483 (server:330) INFO: Server: Starting evaluation at the end of round 2.[0m
[38;5;39m2023-02-24 22:43:07,484 (server:336) INFO: ----------- Starting a new training round (Round #3) -------------[0m
[33;20m2023-02-24 22:43:09,874 (context:294) WARNING: No val_data or val_loader in the trainer, will skip evaluation.If this is not the case you want, please check whether there is typo for the name[0m
[38;5;39m2023-02-24 22:43:19,000 (client:306) INFO: {'Role': 'Client #1', 'Round': 3, 'Results_raw': {'train_loss': 302.204392, 'train_correct': 758.0, 'train_total': 877, 'train_acc': 0.86431, 'train_f1': 0.708873, 'train_avg_loss': 0.344589}}[0m
[38;5;39m2023-02-24 22:43:19,001 (server:590) INFO: {'Role': 'Server #', 'Round': 2, 'Results_weighted_avg': {'test_loss': 77.295187, 'test_correct': 193.0, 'test_total': 220.0, 'test_acc': 0.877273, 'test_f1': 0.635552, 'test_avg_loss': 0.351342}, 'Results_avg': {'test_loss': 77.295187, 'test_correct': 193.0, 'test_total': 220.0, 'test_acc': 0.877273, 'test_f1': 0.635552, 'test_avg_loss': 0.351342}, 'Results_fairness': {'test_loss': [77.295187], 'test_correct': 193.0, 'test_total': 220.0, 'test_acc': [0.877273], 'test_f1': [0.635552], 'test_avg_loss': [0.351342]}}[0m
[38;5;39m2023-02-24 22:43:19,002 (monitor:541) INFO: {'Role': 'Server #', 'Round': 3, 'Results_model_metric': {}}[0m
[38;5;39m2023-02-24 22:43:19,003 (server:330) INFO: Server: Starting evaluation at the end of round 3.[0m
[38;5;39m2023-02-24 22:43:19,003 (server:336) INFO: ----------- Starting a new training round (Round #4) -------------[0m
[33;20m2023-02-24 22:43:21,231 (context:294) WARNING: No val_data or val_loader in the trainer, will skip evaluation.If this is not the case you want, please check whether there is typo for the name[0m
[38;5;39m2023-02-24 22:43:29,869 (client:306) INFO: {'Role': 'Client #1', 'Round': 4, 'Results_raw': {'train_loss': 239.713791, 'train_correct': 790.0, 'train_total': 877, 'train_acc': 0.900798, 'train_f1': 0.807797, 'train_avg_loss': 0.273334}}[0m
[38;5;39m2023-02-24 22:43:29,870 (server:590) INFO: {'Role': 'Server #', 'Round': 3, 'Results_weighted_avg': {'test_loss': 200.306676, 'test_correct': 151.0, 'test_total': 220.0, 'test_acc': 0.686364, 'test_f1': 0.531509, 'test_avg_loss': 0.910485}, 'Results_avg': {'test_loss': 200.306676, 'test_correct': 151.0, 'test_total': 220.0, 'test_acc': 0.686364, 'test_f1': 0.531509, 'test_avg_loss': 0.910485}, 'Results_fairness': {'test_loss': [200.306676], 'test_correct': 151.0, 'test_total': 220.0, 'test_acc': [0.686364], 'test_f1': [0.531509], 'test_avg_loss': [0.910485]}}[0m
[38;5;39m2023-02-24 22:43:29,871 (monitor:541) INFO: {'Role': 'Server #', 'Round': 4, 'Results_model_metric': {}}[0m
[38;5;39m2023-02-24 22:43:29,872 (server:330) INFO: Server: Starting evaluation at the end of round 4.[0m
[38;5;39m2023-02-24 22:43:29,872 (server:336) INFO: ----------- Starting a new training round (Round #5) -------------[0m
[33;20m2023-02-24 22:43:31,669 (context:294) WARNING: No val_data or val_loader in the trainer, will skip evaluation.If this is not the case you want, please check whether there is typo for the name[0m
[38;5;39m2023-02-24 22:43:40,949 (client:306) INFO: {'Role': 'Client #1', 'Round': 5, 'Results_raw': {'train_loss': 210.093802, 'train_correct': 795.0, 'train_total': 877, 'train_acc': 0.906499, 'train_f1': 0.825223, 'train_avg_loss': 0.23956}}[0m
[38;5;39m2023-02-24 22:43:40,950 (server:590) INFO: {'Role': 'Server #', 'Round': 4, 'Results_weighted_avg': {'test_loss': 48.200425, 'test_correct': 205.0, 'test_total': 220.0, 'test_acc': 0.931818, 'test_f1': 0.878331, 'test_avg_loss': 0.219093}, 'Results_avg': {'test_loss': 48.200425, 'test_correct': 205.0, 'test_total': 220.0, 'test_acc': 0.931818, 'test_f1': 0.878331, 'test_avg_loss': 0.219093}, 'Results_fairness': {'test_loss': [48.200425], 'test_correct': 205.0, 'test_total': 220.0, 'test_acc': [0.931818], 'test_f1': [0.878331], 'test_avg_loss': [0.219093]}}[0m
[38;5;39m2023-02-24 22:43:40,965 (monitor:541) INFO: {'Role': 'Server #', 'Round': 5, 'Results_model_metric': {}}[0m
[38;5;39m2023-02-24 22:43:40,967 (server:330) INFO: Server: Starting evaluation at the end of round 5.[0m
[38;5;39m2023-02-24 22:43:40,967 (server:336) INFO: ----------- Starting a new training round (Round #6) -------------[0m
[33;20m2023-02-24 22:43:43,093 (context:294) WARNING: No val_data or val_loader in the trainer, will skip evaluation.If this is not the case you want, please check whether there is typo for the name[0m
[38;5;39m2023-02-24 22:43:52,212 (client:306) INFO: {'Role': 'Client #1', 'Round': 6, 'Results_raw': {'train_loss': 176.515085, 'train_correct': 811.0, 'train_total': 877, 'train_acc': 0.924743, 'train_f1': 0.851539, 'train_avg_loss': 0.201271}}[0m
[38;5;39m2023-02-24 22:43:52,213 (server:590) INFO: {'Role': 'Server #', 'Round': 5, 'Results_weighted_avg': {'test_loss': 95.986932, 'test_correct': 181.0, 'test_total': 220.0, 'test_acc': 0.822727, 'test_f1': 0.752437, 'test_avg_loss': 0.436304}, 'Results_avg': {'test_loss': 95.986932, 'test_correct': 181.0, 'test_total': 220.0, 'test_acc': 0.822727, 'test_f1': 0.752437, 'test_avg_loss': 0.436304}, 'Results_fairness': {'test_loss': [95.986932], 'test_correct': 181.0, 'test_total': 220.0, 'test_acc': [0.822727], 'test_f1': [0.752437], 'test_avg_loss': [0.436304]}}[0m
[38;5;39m2023-02-24 22:43:52,214 (monitor:541) INFO: {'Role': 'Server #', 'Round': 6, 'Results_model_metric': {}}[0m
[38;5;39m2023-02-24 22:43:52,215 (server:330) INFO: Server: Starting evaluation at the end of round 6.[0m
[38;5;39m2023-02-24 22:43:52,215 (server:336) INFO: ----------- Starting a new training round (Round #7) -------------[0m
[33;20m2023-02-24 22:43:54,385 (context:294) WARNING: No val_data or val_loader in the trainer, will skip evaluation.If this is not the case you want, please check whether there is typo for the name[0m
[38;5;39m2023-02-24 22:44:03,816 (client:306) INFO: {'Role': 'Client #1', 'Round': 7, 'Results_raw': {'train_loss': 153.128164, 'train_correct': 819.0, 'train_total': 877, 'train_acc': 0.933865, 'train_f1': 0.877706, 'train_avg_loss': 0.174605}}[0m
[38;5;39m2023-02-24 22:44:03,817 (server:590) INFO: {'Role': 'Server #', 'Round': 6, 'Results_weighted_avg': {'test_loss': 42.931191, 'test_correct': 205.0, 'test_total': 220.0, 'test_acc': 0.931818, 'test_f1': 0.859281, 'test_avg_loss': 0.195142}, 'Results_avg': {'test_loss': 42.931191, 'test_correct': 205.0, 'test_total': 220.0, 'test_acc': 0.931818, 'test_f1': 0.859281, 'test_avg_loss': 0.195142}, 'Results_fairness': {'test_loss': [42.931191], 'test_correct': 205.0, 'test_total': 220.0, 'test_acc': [0.931818], 'test_f1': [0.859281], 'test_avg_loss': [0.195142]}}[0m
[38;5;39m2023-02-24 22:44:03,818 (monitor:541) INFO: {'Role': 'Server #', 'Round': 7, 'Results_model_metric': {}}[0m
[38;5;39m2023-02-24 22:44:03,819 (server:330) INFO: Server: Starting evaluation at the end of round 7.[0m
[38;5;39m2023-02-24 22:44:03,820 (server:336) INFO: ----------- Starting a new training round (Round #8) -------------[0m
[33;20m2023-02-24 22:44:06,009 (context:294) WARNING: No val_data or val_loader in the trainer, will skip evaluation.If this is not the case you want, please check whether there is typo for the name[0m
[38;5;39m2023-02-24 22:44:15,897 (client:306) INFO: {'Role': 'Client #1', 'Round': 8, 'Results_raw': {'train_loss': 112.326217, 'train_correct': 842.0, 'train_total': 877, 'train_acc': 0.960091, 'train_f1': 0.923103, 'train_avg_loss': 0.12808}}[0m
[38;5;39m2023-02-24 22:44:15,898 (server:590) INFO: {'Role': 'Server #', 'Round': 7, 'Results_weighted_avg': {'test_loss': 349.000639, 'test_correct': 136.0, 'test_total': 220.0, 'test_acc': 0.618182, 'test_f1': 0.390825, 'test_avg_loss': 1.586367}, 'Results_avg': {'test_loss': 349.000639, 'test_correct': 136.0, 'test_total': 220.0, 'test_acc': 0.618182, 'test_f1': 0.390825, 'test_avg_loss': 1.586367}, 'Results_fairness': {'test_loss': [349.000639], 'test_correct': 136.0, 'test_total': 220.0, 'test_acc': [0.618182], 'test_f1': [0.390825], 'test_avg_loss': [1.586367]}}[0m
[38;5;39m2023-02-24 22:44:15,899 (monitor:541) INFO: {'Role': 'Server #', 'Round': 8, 'Results_model_metric': {}}[0m
[38;5;39m2023-02-24 22:44:15,900 (server:330) INFO: Server: Starting evaluation at the end of round 8.[0m
[38;5;39m2023-02-24 22:44:15,901 (server:336) INFO: ----------- Starting a new training round (Round #9) -------------[0m
[33;20m2023-02-24 22:44:18,604 (context:294) WARNING: No val_data or val_loader in the trainer, will skip evaluation.If this is not the case you want, please check whether there is typo for the name[0m
[38;5;39m2023-02-24 22:44:29,853 (client:306) INFO: {'Role': 'Client #1', 'Round': 9, 'Results_raw': {'train_loss': 91.540826, 'train_correct': 845.0, 'train_total': 877, 'train_acc': 0.963512, 'train_f1': 0.936663, 'train_avg_loss': 0.10438}}[0m
[38;5;39m2023-02-24 22:44:29,854 (server:590) INFO: {'Role': 'Server #', 'Round': 8, 'Results_weighted_avg': {'test_loss': 20.165674, 'test_correct': 216.0, 'test_total': 220.0, 'test_acc': 0.981818, 'test_f1': 0.968354, 'test_avg_loss': 0.091662}, 'Results_avg': {'test_loss': 20.165674, 'test_correct': 216.0, 'test_total': 220.0, 'test_acc': 0.981818, 'test_f1': 0.968354, 'test_avg_loss': 0.091662}, 'Results_fairness': {'test_loss': [20.165674], 'test_correct': 216.0, 'test_total': 220.0, 'test_acc': [0.981818], 'test_f1': [0.968354], 'test_avg_loss': [0.091662]}}[0m
[38;5;39m2023-02-24 22:44:29,855 (monitor:541) INFO: {'Role': 'Server #', 'Round': 9, 'Results_model_metric': {}}[0m
[38;5;39m2023-02-24 22:44:29,856 (server:347) INFO: Server: Training is finished! Starting evaluation.[0m
[33;20m2023-02-24 22:44:32,162 (context:294) WARNING: No val_data or val_loader in the trainer, will skip evaluation.If this is not the case you want, please check whether there is typo for the name[0m
[38;5;39m2023-02-24 22:44:32,174 (server:590) INFO: {'Role': 'Server #', 'Round': 9, 'Results_weighted_avg': {'test_loss': 45.04703, 'test_correct': 198.0, 'test_total': 220.0, 'test_acc': 0.9, 'test_f1': 0.825472, 'test_avg_loss': 0.204759}, 'Results_avg': {'test_loss': 45.04703, 'test_correct': 198.0, 'test_total': 220.0, 'test_acc': 0.9, 'test_f1': 0.825472, 'test_avg_loss': 0.204759}, 'Results_fairness': {'test_loss': [45.04703], 'test_correct': 198.0, 'test_total': 220.0, 'test_acc': [0.9], 'test_f1': [0.825472], 'test_avg_loss': [0.204759]}}[0m
[38;5;39m2023-02-24 22:44:32,174 (server:395) INFO: Server: Final evaluation is finished! Starting merging results.[0m
[38;5;39m2023-02-24 22:44:32,174 (server:521) INFO: {'Role': 'Server #', 'Round': 'Final', 'Results_raw': {'client_best_individual': {'test_loss': 20.165674, 'test_correct': 216.0, 'test_total': 220.0, 'test_acc': 0.981818, 'test_f1': 0.968354, 'test_avg_loss': 0.091662}, 'client_summarized_weighted_avg': {'test_loss': 20.165674, 'test_correct': 216.0, 'test_total': 220.0, 'test_acc': 0.981818, 'test_f1': 0.968354, 'test_avg_loss': 0.091662}, 'client_summarized_avg': {'test_loss': 20.165674, 'test_correct': 216.0, 'test_total': 220.0, 'test_acc': 0.981818, 'test_f1': 0.968354, 'test_avg_loss': 0.091662}, 'client_summarized_fairness': {'test_loss': [20.165674], 'test_correct': 216.0, 'test_total': 220.0, 'test_acc': [0.981818], 'test_f1': [0.968354], 'test_avg_loss': [0.091662]}}}[0m
[38;5;39m2023-02-24 22:44:32,175 (server:540) INFO: {'Role': 'Client #1', 'Round': 10, 'Results_raw': {'test_loss': 45.04703, 'test_correct': 198.0, 'test_total': 220, 'test_acc': 0.9, 'test_f1': 0.825472, 'test_avg_loss': 0.204759}}[0m
[38;5;39m2023-02-24 22:44:32,176 (monitor:172) INFO: In worker #0, the system-related metrics are: {'id': 0, 'fl_end_time_minutes': 2.010977, 'total_model_size': 0, 'total_flops': 0, 'total_upload_bytes': 1280, 'total_download_bytes': 9816, 'global_convergence_round': 0, 'local_convergence_round': 0, 'global_convergence_time_minutes': 0, 'local_convergence_time_minutes': 0}[0m
[38;5;39m2023-02-24 22:44:32,177 (client:513) INFO: ================= client 1 received finish message =================[0m
[38;5;39m2023-02-24 22:44:32,178 (monitor:172) INFO: In worker #1, the system-related metrics are: {'id': 1, 'fl_end_time_minutes': 2.007814, 'total_model_size': 3260030, 'total_flops': 2327893645440.0, 'total_upload_bytes': 10736, 'total_download_bytes': 1280, 'global_convergence_round': 0, 'local_convergence_round': 0, 'global_convergence_time_minutes': 0, 'local_convergence_time_minutes': 0}[0m
[38;5;39m2023-02-24 22:44:32,179 (monitor:337) INFO: We will compress the file eval_results.raw into a .gz file, and delete the old one[0m
[38;5;39m2023-02-24 22:44:32,180 (monitor:245) INFO: After merging the system metrics from all works, we got avg: defaultdict(None, {'id': 'sys_avg', 'sys_avg/fl_end_time_minutes': 2.009396, 'sys_avg/total_model_size': '1.55M', 'sys_avg/total_flops': '1.06T', 'sys_avg/total_upload_bytes': '5.87K', 'sys_avg/total_download_bytes': '5.42K', 'sys_avg/global_convergence_round': 0.0, 'sys_avg/local_convergence_round': 0.0, 'sys_avg/global_convergence_time_minutes': 0.0, 'sys_avg/local_convergence_time_minutes': 0.0})[0m
[38;5;39m2023-02-24 22:44:32,180 (monitor:248) INFO: After merging the system metrics from all works, we got std: defaultdict(None, {'id': 'sys_std', 'sys_std/fl_end_time_minutes': 0.001582, 'sys_std/total_model_size': '1.55M', 'sys_std/total_flops': '1.06T', 'sys_std/total_upload_bytes': '4.62K', 'sys_std/total_download_bytes': '4.17K', 'sys_std/global_convergence_round': 0.0, 'sys_std/local_convergence_round': 0.0, 'sys_std/global_convergence_time_minutes': 0.0, 'sys_std/local_convergence_time_minutes': 0.0})[0m
None
220
<generator object BaseDataTranslator.split_to_client.<locals>.<genexpr> at 0x7ff247445350>
