 is at 192.168.0.1[0m
[38;5;39m2023-02-24 21:56:22,639 (logging:126) INFO: the current dir is /home/ubuntu/medscale[0m
[38;5;39m2023-02-24 21:56:22,639 (logging:127) INFO: the output dir is exp/global_convnet5_on_lung100_lr0.01_lstep1/sub_exp_20230224215622[0m
[38;5;39m2023-02-24 21:56:32,806 (base_data:87) INFO: Will merge data from clients whose ids in [1, 10][0m
[33;20m2023-02-24 21:56:32,818 (cfg_data:145) WARNING: config `cfg.data.batch_size` will be removed in the future, use `cfg.dataloader.batch_size` instead.[0m
[33;20m2023-02-24 21:56:32,818 (cfg_fl_setting:123) WARNING: In local/global training mode, the sampling related configs are in-valid, we will use all clients. [0m
[38;5;39m2023-02-24 21:56:32,818 (cfg_fl_setting:128) INFO: In global training mode, we will put all data in a proxy client. [0m
[33;20m2023-02-24 21:56:32,818 (cfg_data:145) WARNING: config `cfg.data.batch_size` will be removed in the future, use `cfg.dataloader.batch_size` instead.[0m
[33;20m2023-02-24 21:56:32,819 (cfg_fl_setting:123) WARNING: In local/global training mode, the sampling related configs are in-valid, we will use all clients. [0m
[38;5;39m2023-02-24 21:56:32,819 (cfg_fl_setting:128) INFO: In global training mode, we will put all data in a proxy client. [0m
[38;5;39m2023-02-24 21:56:32,842 (config:243) INFO: the used configs are: 
aggregator:
  inside_weight: 1.0
  num_agg_groups: 1
  num_agg_topk: []
  outside_weight: 0.0
asyn:
  use: False
attack:
  alpha_TV: 0.001
  alpha_prop_loss: 0
  attack_method: 
  attacker_id: -1
  classifier_PIA: randomforest
  edge_num: 100
  edge_path: edge_data/
  freq: 10
  info_diff_type: l2
  inject_round: 0
  insert_round: 100000
  label_type: dirty
  max_ite: 400
  mean: [0.1307]
  mia_is_simulate_in: False
  mia_simulate_in_round: 20
  pgd_eps: 2
  pgd_lr: 0.1
  pgd_poisoning: False
  poison_ratio: 0.5
  reconstruct_lr: 0.01
  reconstruct_optim: Adam
  scale_para: 1.0
  scale_poisoning: False
  self_epoch: 6
  self_lr: 0.05
  self_opt: False
  setting: fix
  std: [0.3081]
  target_label_ind: -1
  trigger_path: trigger/
  trigger_type: edge
backend: torch
cfg_file: 
check_completeness: False
criterion:
  type: CrossEntropyLoss
data:
  args: []
  batch_size: 16
  cSBM_phi: [0.5, 0.5, 0.5]
  cache_dir: 
  consistent_label_distribution: False
  drop_last: False
  hetero_data_name: []
  hetero_synth_batch_size: 32
  hetero_synth_feat_dim: 128
  hetero_synth_prim_weight: 0.5
  is_debug: False
  loader: 
  max_query_len: 128
  max_seq_len: 384
  max_tgt_len: 128
  num_contrast: 0
  num_of_client_for_data: []
  num_steps: 30
  num_workers: 0
  pre_transform: []
  quadratic:
    dim: 1
    max_curv: 12.5
    min_curv: 0.02
  root: data/
  save_data: False
  server_holds_all: False
  shuffle: True
  sizes: [10, 5]
  splits: [0.8, 0, 0.2]
  splitter: lda
  splitter_args: [{'alpha': 0.5}]
  subsample: 1.0
  target_transform: []
  test_pre_transform: []
  test_target_transform: []
  test_transform: []
  transform: []
  trunc_stride: 128
  type: lung100
  val_pre_transform: []
  val_target_transform: []
  val_transform: []
  walk_length: 2
dataloader:
  batch_size: 16
  drop_last: False
  num_steps: 30
  num_workers: 0
  pin_memory: False
  shuffle: True
  sizes: [10, 5]
  theta: -1
  type: base
  walk_length: 2
device: 0
distribute:
  use: False
early_stop:
  delta: 0.0
  improve_indicator_mode: best
  patience: 5
eval:
  best_res_update_round_wise_key: test_loss
  count_flops: True
  freq: 1
  metrics: ['acc', 'correct', 'f1']
  monitoring: []
  report: ['weighted_avg', 'avg', 'fairness', 'raw']
  split: ['test', 'val']
expname: global_convnet5_on_lung100_lr0.01_lstep1
expname_tag: 
feat_engr:
  num_bins: 5
  scenario: hfl
  secure:
    dp:
      
    encrypt:
      type: dummy
    key_size: 3072
    type: encrypt
  selec_threshold: 0.05
  selec_woe_binning: quantile
  type: 
federate:
  atc_load_from: 
  atc_vanilla: False
  client_num: 10
  data_weighted_aggr: False
  ignore_weight: False
  join_in_info: []
  make_global_eval: False
  merge_test_data: False
  method: global
  mode: standalone
  online_aggr: False
  resource_info_file: 
  restore_from: 
  sample_client_num: 10
  sample_client_rate: -1.0
  sampler: uniform
  save_to: 
  share_local_model: False
  total_round_num: 10
  unseen_clients_rate: 0.0
  use_diff: False
  use_ss: False
fedopt:
  use: False
fedprox:
  use: False
fedsageplus:
  a: 1.0
  b: 1.0
  c: 1.0
  fedgen_epoch: 200
  gen_hidden: 128
  hide_portion: 0.5
  loc_epoch: 1
  num_pred: 5
finetune:
  batch_or_epoch: epoch
  before_eval: False
  freeze_param: 
  local_update_steps: 1
  optimizer:
    lr: 0.1
    type: SGD
  scheduler:
    type: 
    warmup_ratio: 0.0
flitplus:
  factor_ema: 0.8
  lambdavat: 0.5
  tmpFed: 0.5
  weightReg: 1.0
gcflplus:
  EPS_1: 0.05
  EPS_2: 0.1
  seq_length: 5
  standardize: False
grad:
  grad_accum_count: 1
  grad_clip: 5.0
hpo:
  fedex:
    cutoff: 0.0
    diff: False
    eta0: -1.0
    flatten_ss: True
    gamma: 0.0
    pi_lr: 0.01
    psn: False
    sched: auto
    ss: 
    use: False
  init_cand_num: 16
  larger_better: False
  metric: client_summarized_weighted_avg.val_loss
  num_workers: 0
  pbt:
    max_stage: 5
    perf_threshold: 0.1
  scheduler: rs
  sha:
    budgets: []
    elim_rate: 3
    iter: 0
  ss: 
  table:
    eps: 0.1
    idx: 0
    num: 27
  working_folder: hpo
model:
  contrast_temp: 1.0
  contrast_topk: 100
  downstream_tasks: []
  dropout: 0.0
  embed_size: 8
  gamma: 0
  graph_pooling: mean
  hidden: 2048
  in_channels: 0
  input_shape: ()
  label_smoothing: 0.1
  lambda_: 0.1
  layer: 2
  length_penalty: 2.0
  max_answer_len: 30
  max_length: 200
  max_tree_depth: 3
  min_length: 1
  model_num_per_trainer: 1
  model_type: google/bert_uncased_L-2_H-128_A-2
  n_best_size: 20
  no_repeat_ngram_size: 3
  null_score_diff_threshold: 0.0
  num_beams: 5
  num_item: 0
  num_labels: 1
  num_of_trees: 10
  num_user: 0
  out_channels: 62
  pretrain_tasks: []
  stage: 
  task: node
  type: convnet5
  use_bias: True
  use_contrastive_loss: False
nbafl:
  use: False
outdir: exp/global_convnet5_on_lung100_lr0.01_lstep1/sub_exp_20230224215622
personalization:
  K: 5
  beta: 1.0
  local_param: []
  local_update_steps: 1
  lr: 0.01
  regular_weight: 0.1
  share_non_trainable_para: False
print_decimal_digits: 6
regularizer:
  mu: 0.0
  type: 
seed: 2
sgdmf:
  use: False
train:
  batch_or_epoch: epoch
  local_update_steps: 1
  optimizer:
    lr: 0.01
    type: SGD
    weight_decay: 0.0
  scheduler:
    type: 
    warmup_ratio: 0.0
trainer:
  disp_freq: 50
  local_entropy:
    alpha: 0.75
    eps: 0.001
    gamma: 0.0001
  sam:
    adaptive: False
    eta: 0.0
    rho: 1.0
  type: cvtrainer
  val_freq: 100000000
use_gpu: True
verbose: 1
vertical:
  use: False
wandb:
  use: False[0m
[33;20m2023-02-24 21:56:32,843 (worker_builder:174) WARNING: Server for method global is not implemented. Will use default one[0m
[33;20m2023-02-24 21:56:32,843 (worker_builder:71) WARNING: Clients for method global is not implemented. Will use default one[0m
[38;5;39m2023-02-24 21:56:32,965 (utils:144) INFO: The device information file is not provided[0m
[33;20m2023-02-24 21:56:32,983 (cfg_data:145) WARNING: config `cfg.data.batch_size` will be removed in the future, use `cfg.dataloader.batch_size` instead.[0m
[33;20m2023-02-24 21:56:32,983 (cfg_fl_setting:123) WARNING: In local/global training mode, the sampling related configs are in-valid, we will use all clients. [0m
[38;5;39m2023-02-24 21:56:32,983 (cfg_fl_setting:128) INFO: In global training mode, we will put all data in a proxy client. [0m
[38;5;39m2023-02-24 21:56:33,030 (config:243) INFO: the used configs are: 
aggregator:
  inside_weight: 1.0
  num_agg_groups: 1
  num_agg_topk: []
  outside_weight: 0.0
asyn:
  use: False
attack:
  alpha_TV: 0.001
  alpha_prop_loss: 0
  attack_method: 
  attacker_id: -1
  classifier_PIA: randomforest
  edge_num: 100
  edge_path: edge_data/
  freq: 10
  info_diff_type: l2
  inject_round: 0
  insert_round: 100000
  label_type: dirty
  max_ite: 400
  mean: [0.1307]
  mia_is_simulate_in: False
  mia_simulate_in_round: 20
  pgd_eps: 2
  pgd_lr: 0.1
  pgd_poisoning: False
  poison_ratio: 0.5
  reconstruct_lr: 0.01
  reconstruct_optim: Adam
  scale_para: 1.0
  scale_poisoning: False
  self_epoch: 6
  self_lr: 0.05
  self_opt: False
  setting: fix
  std: [0.3081]
  target_label_ind: -1
  trigger_path: trigger/
  trigger_type: edge
backend: torch
cfg_file: 
check_completeness: False
criterion:
  type: CrossEntropyLoss
data:
  args: []
  batch_size: 16
  cSBM_phi: [0.5, 0.5, 0.5]
  cache_dir: 
  consistent_label_distribution: False
  drop_last: False
  hetero_data_name: []
  hetero_synth_batch_size: 32
  hetero_synth_feat_dim: 128
  hetero_synth_prim_weight: 0.5
  is_debug: False
  loader: 
  max_query_len: 128
  max_seq_len: 384
  max_tgt_len: 128
  num_contrast: 0
  num_of_client_for_data: []
  num_steps: 30
  num_workers: 0
  pre_transform: []
  quadratic:
    dim: 1
    max_curv: 12.5
    min_curv: 0.02
  root: data/
  save_data: False
  server_holds_all: False
  shuffle: True
  sizes: [10, 5]
  splits: [0.8, 0, 0.2]
  splitter: lda
  splitter_args: [{'alpha': 0.5}]
  subsample: 1.0
  target_transform: []
  test_pre_transform: []
  test_target_transform: []
  test_transform: []
  transform: []
  trunc_stride: 128
  type: lung100
  val_pre_transform: []
  val_target_transform: []
  val_transform: []
  walk_length: 2
dataloader:
  batch_size: 16
  drop_last: False
  num_steps: 30
  num_workers: 0
  pin_memory: False
  shuffle: True
  sizes: [10, 5]
  theta: -1
  type: base
  walk_length: 2
device: 0
distribute:
  use: False
early_stop:
  delta: 0.0
  improve_indicator_mode: best
  patience: 5
eval:
  best_res_update_round_wise_key: test_loss
  count_flops: True
  freq: 1
  metrics: ['acc', 'correct', 'f1']
  monitoring: []
  report: ['weighted_avg', 'avg', 'fairness', 'raw']
  split: ['test', 'val']
expname: global_convnet5_on_lung100_lr0.01_lstep1
expname_tag: 
feat_engr:
  num_bins: 5
  scenario: hfl
  secure:
    dp:
      
    encrypt:
      type: dummy
    key_size: 3072
    type: encrypt
  selec_threshold: 0.05
  selec_woe_binning: quantile
  type: 
federate:
  atc_load_from: 
  atc_vanilla: False
  client_num: 1
  data_weighted_aggr: False
  ignore_weight: False
  join_in_info: []
  make_global_eval: False
  merge_test_data: False
  method: global
  mode: standalone
  online_aggr: False
  resource_info_file: 
  restore_from: 
  sample_client_num: 1
  sample_client_rate: -1.0
  sampler: uniform
  save_to: 
  share_local_model: False
  total_round_num: 10
  unseen_clients_rate: 0.0
  use_diff: False
  use_ss: False
fedopt:
  use: False
fedprox:
  use: False
fedsageplus:
  a: 1.0
  b: 1.0
  c: 1.0
  fedgen_epoch: 200
  gen_hidden: 128
  hide_portion: 0.5
  loc_epoch: 1
  num_pred: 5
finetune:
  batch_or_epoch: epoch
  before_eval: False
  freeze_param: 
  local_update_steps: 1
  optimizer:
    lr: 0.1
    type: SGD
  scheduler:
    type: 
    warmup_ratio: 0.0
flitplus:
  factor_ema: 0.8
  lambdavat: 0.5
  tmpFed: 0.5
  weightReg: 1.0
gcflplus:
  EPS_1: 0.05
  EPS_2: 0.1
  seq_length: 5
  standardize: False
grad:
  grad_accum_count: 1
  grad_clip: 5.0
hpo:
  fedex:
    cutoff: 0.0
    diff: False
    eta0: -1.0
    flatten_ss: True
    gamma: 0.0
    pi_lr: 0.01
    psn: False
    sched: auto
    ss: 
    use: False
  init_cand_num: 16
  larger_better: False
  metric: client_summarized_weighted_avg.val_loss
  num_workers: 0
  pbt:
    max_stage: 5
    perf_threshold: 0.1
  scheduler: rs
  sha:
    budgets: []
    elim_rate: 3
    iter: 0
  ss: 
  table:
    eps: 0.1
    idx: 0
    num: 27
  working_folder: hpo
model:
  contrast_temp: 1.0
  contrast_topk: 100
  downstream_tasks: []
  dropout: 0.0
  embed_size: 8
  gamma: 0
  graph_pooling: mean
  hidden: 2048
  in_channels: 0
  input_shape: ()
  label_smoothing: 0.1
  lambda_: 0.1
  layer: 2
  length_penalty: 2.0
  max_answer_len: 30
  max_length: 200
  max_tree_depth: 3
  min_length: 1
  model_num_per_trainer: 1
  model_type: google/bert_uncased_L-2_H-128_A-2
  n_best_size: 20
  no_repeat_ngram_size: 3
  null_score_diff_threshold: 0.0
  num_beams: 5
  num_item: 0
  num_labels: 1
  num_of_trees: 10
  num_user: 0
  out_channels: 62
  pretrain_tasks: []
  stage: 
  task: node
  type: convnet5
  use_bias: True
  use_contrastive_loss: False
nbafl:
  use: False
outdir: exp/global_convnet5_on_lung100_lr0.01_lstep1/sub_exp_20230224215622
personalization:
  K: 5
  beta: 1.0
  local_param: []
  local_update_steps: 1
  lr: 0.01
  regular_weight: 0.1
  share_non_trainable_para: False
print_decimal_digits: 6
regularizer:
  mu: 0.0
  type: 
seed: 2
sgdmf:
  use: False
train:
  batch_or_epoch: epoch
  local_update_steps: 1
  optimizer:
    lr: 0.01
    type: SGD
    weight_decay: 0.0
  scheduler:
    type: 
    warmup_ratio: 0.0
trainer:
  disp_freq: 50
  local_entropy:
    alpha: 0.75
    eps: 0.001
    gamma: 0.0001
  sam:
    adaptive: False
    eta: 0.0
    rho: 1.0
  type: cvtrainer
  val_freq: 100000000
use_gpu: True
verbose: 1
vertical:
  use: False
wandb:
  use: False[0m
[38;5;39m2023-02-24 21:56:33,207 (fed_runner:169) INFO: Server has been set up ... [0m
[38;5;39m2023-02-24 21:56:33,384 (fed_runner:221) INFO: Client 1 has been set up ... [0m
<<<<<<< HEAD
[38;5;39m2023-02-24 21:56:33,384 (trainer:341) INFO: Model meta-info: <class 'medscale.cv.model.cnn.ConvNet5'>.[0m
=======
<<<<<<< HEAD
[38;5;39m2023-02-24 21:56:33,384 (trainer:341) INFO: Model meta-info: <class 'medscale.cv.model.cnn.ConvNet5'>.[0m
=======
[38;5;39m2023-02-24 21:56:33,384 (trainer:341) INFO: Model meta-info: <class 'medscale.cv.model.cnn.ConvNet5'>.[0m
>>>>>>> fe4962455354c9c11afd9c9806ceda28eb280737
>>>>>>> 64b283ee525ef53c32509882719e74890329b83f
[38;5;39m2023-02-24 21:56:33,385 (trainer:349) INFO: Num of original para names: 39.[0m
[38;5;39m2023-02-24 21:56:33,385 (trainer:350) INFO: Num of original trainable para names: 24.[0m
[38;5;39m2023-02-24 21:56:33,385 (trainer:352) INFO: Num of preserved para names in local update: 0. 
Preserved para names in local update: set().[0m
[38;5;39m2023-02-24 21:56:33,385 (trainer:356) INFO: Num of filtered para names in local update: 39. 
Filtered para names in local update: {'bn4.weight', 'conv2.weight', 'conv5.bias', 'bn3.running_var', 'bn3.bias', 'bn5.weight', 'bn3.running_mean', 'bn2.num_batches_tracked', 'fc1.bias', 'bn2.running_mean', 'fc2.bias', 'conv1.bias', 'fc1.weight', 'bn1.num_batches_tracked', 'conv4.weight', 'bn2.running_var', 'bn4.running_mean', 'bn5.running_var', 'bn5.bias', 'bn1.weight', 'conv4.bias', 'bn1.running_mean', 'bn4.bias', 'bn2.bias', 'bn4.running_var', 'fc2.weight', 'bn3.weight', 'bn2.weight', 'conv2.bias', 'bn5.num_batches_tracked', 'conv1.weight', 'conv5.weight', 'bn4.num_batches_tracked', 'bn1.running_var', 'conv3.bias', 'bn1.bias', 'bn5.running_mean', 'conv3.weight', 'bn3.num_batches_tracked'}.[0m
[38;5;39m2023-02-24 21:56:33,385 (trainer:361) INFO: After register default hooks,
	the hooks_in_train is:
	{
	  "on_fit_start": [
	    "_hook_on_fit_start_init",
	    "_hook_on_fit_start_calculate_model_size"
	  ],
	  "on_epoch_start": [
	    "_hook_on_epoch_start"
	  ],
	  "on_batch_start": [
	    "_hook_on_batch_start_init"
	  ],
	  "on_batch_forward": [
	    "_hook_on_batch_forward",
	    "_hook_on_batch_forward_regularizer",
	    "_hook_on_batch_forward_flop_count"
	  ],
	  "on_batch_backward": [
	    "_hook_on_batch_backward"
	  ],
	  "on_batch_end": [
	    "_hook_on_batch_end"
	  ],
	  "on_fit_end": [
	    "_hook_on_fit_end"
	  ]
	};
	the hooks_in_eval is:
            t{
	  "on_fit_start": [
	    "_hook_on_fit_start_init"
	  ],
	  "on_epoch_start": [
	    "_hook_on_epoch_start"
	  ],
	  "on_batch_start": [
	    "_hook_on_batch_start_init"
	  ],
	  "on_batch_forward": [
	    "_hook_on_batch_forward"
	  ],
	  "on_batch_end": [
	    "_hook_on_batch_end"
	  ],
	  "on_fit_end": [
	    "_hook_on_fit_end"
	  ]
	}[0m
[38;5;39m2023-02-24 21:56:33,415 (server:804) INFO: ----------- Starting training (Round #0) -------------[0m
Unsupported operator aten::max_pool2d encountered 5 time(s)
[38;5;39m2023-02-24 21:56:46,988 (client:306) INFO: {'Role': 'Client #1', 'Round': 0, 'Results_raw': {'train_loss': 903.384197, 'train_f1': 0.23324, 'train_correct': 566.0, 'train_acc': 0.645382, 'train_total': 877, 'train_avg_loss': 1.030085}}[0m
[38;5;39m2023-02-24 21:56:46,989 (monitor:541) INFO: {'Role': 'Server #', 'Round': 0, 'Results_model_metric': {}}[0m
[38;5;39m2023-02-24 21:56:46,990 (server:330) INFO: Server: Starting evaluation at the end of round 0.[0m
[38;5;39m2023-02-24 21:56:46,990 (server:336) INFO: ----------- Starting a new training round (Round #1) -------------[0m
[33;20m2023-02-24 21:56:48,931 (context:294) WARNING: No val_data or val_loader in the trainer, will skip evaluation.If this is not the case you want, please check whether there is typo for the name[0m
[38;5;39m2023-02-24 21:56:58,037 (client:306) INFO: {'Role': 'Client #1', 'Round': 1, 'Results_raw': {'train_loss': 553.385502, 'train_f1': 0.536456, 'train_correct': 661.0, 'train_acc': 0.753706, 'train_total': 877, 'train_avg_loss': 0.630998}}[0m
[38;5;39m2023-02-24 21:56:58,038 (server:590) INFO: {'Role': 'Server #', 'Round': 0, 'Results_weighted_avg': {'test_loss': 167.67728, 'test_f1': 0.454573, 'test_correct': 153.0, 'test_acc': 0.695455, 'test_total': 220.0, 'test_avg_loss': 0.762169}, 'Results_avg': {'test_loss': 167.67728, 'test_f1': 0.454573, 'test_correct': 153.0, 'test_acc': 0.695455, 'test_total': 220.0, 'test_avg_loss': 0.762169}, 'Results_fairness': {'test_loss': [167.67728], 'test_f1': [0.454573], 'test_correct': 153.0, 'test_acc': [0.695455], 'test_total': 220.0, 'test_avg_loss': [0.762169]}}[0m
[38;5;39m2023-02-24 21:56:58,050 (monitor:541) INFO: {'Role': 'Server #', 'Round': 1, 'Results_model_metric': {}}[0m
[38;5;39m2023-02-24 21:56:58,052 (server:330) INFO: Server: Starting evaluation at the end of round 1.[0m
[38;5;39m2023-02-24 21:56:58,052 (server:336) INFO: ----------- Starting a new training round (Round #2) -------------[0m
[33;20m2023-02-24 21:57:00,550 (context:294) WARNING: No val_data or val_loader in the trainer, will skip evaluation.If this is not the case you want, please check whether there is typo for the name[0m
[38;5;39m2023-02-24 21:57:09,258 (client:306) INFO: {'Role': 'Client #1', 'Round': 2, 'Results_raw': {'train_loss': 400.487558, 'train_f1': 0.641855, 'train_correct': 722.0, 'train_acc': 0.823261, 'train_total': 877, 'train_avg_loss': 0.456656}}[0m
[38;5;39m2023-02-24 21:57:09,259 (server:590) INFO: {'Role': 'Server #', 'Round': 1, 'Results_weighted_avg': {'test_loss': 134.611233, 'test_f1': 0.485816, 'test_correct': 160.0, 'test_acc': 0.727273, 'test_total': 220.0, 'test_avg_loss': 0.611869}, 'Results_avg': {'test_loss': 134.611233, 'test_f1': 0.485816, 'test_correct': 160.0, 'test_acc': 0.727273, 'test_total': 220.0, 'test_avg_loss': 0.611869}, 'Results_fairness': {'test_loss': [134.611233], 'test_f1': [0.485816], 'test_correct': 160.0, 'test_acc': [0.727273], 'test_total': 220.0, 'test_avg_loss': [0.611869]}}[0m
[38;5;39m2023-02-24 21:57:09,259 (monitor:541) INFO: {'Role': 'Server #', 'Round': 2, 'Results_model_metric': {}}[0m
[38;5;39m2023-02-24 21:57:09,261 (server:330) INFO: Server: Starting evaluation at the end of round 2.[0m
[38;5;39m2023-02-24 21:57:09,261 (server:336) INFO: ----------- Starting a new training round (Round #3) -------------[0m
[33;20m2023-02-24 21:57:11,309 (context:294) WARNING: No val_data or val_loader in the trainer, will skip evaluation.If this is not the case you want, please check whether there is typo for the name[0m
[38;5;39m2023-02-24 21:57:20,414 (client:306) INFO: {'Role': 'Client #1', 'Round': 3, 'Results_raw': {'train_loss': 298.749135, 'train_f1': 0.70002, 'train_correct': 757.0, 'train_acc': 0.86317, 'train_total': 877, 'train_avg_loss': 0.340649}}[0m
[38;5;39m2023-02-24 21:57:20,415 (server:590) INFO: {'Role': 'Server #', 'Round': 2, 'Results_weighted_avg': {'test_loss': 80.169066, 'test_f1': 0.637751, 'test_correct': 193.0, 'test_acc': 0.877273, 'test_total': 220.0, 'test_avg_loss': 0.364405}, 'Results_avg': {'test_loss': 80.169066, 'test_f1': 0.637751, 'test_correct': 193.0, 'test_acc': 0.877273, 'test_total': 220.0, 'test_avg_loss': 0.364405}, 'Results_fairness': {'test_loss': [80.169066], 'test_f1': [0.637751], 'test_correct': 193.0, 'test_acc': [0.877273], 'test_total': 220.0, 'test_avg_loss': [0.364405]}}[0m
[38;5;39m2023-02-24 21:57:20,415 (monitor:541) INFO: {'Role': 'Server #', 'Round': 3, 'Results_model_metric': {}}[0m
[38;5;39m2023-02-24 21:57:20,417 (server:330) INFO: Server: Starting evaluation at the end of round 3.[0m
[38;5;39m2023-02-24 21:57:20,417 (server:336) INFO: ----------- Starting a new training round (Round #4) -------------[0m
[33;20m2023-02-24 21:57:22,375 (context:294) WARNING: No val_data or val_loader in the trainer, will skip evaluation.If this is not the case you want, please check whether there is typo for the name[0m
[38;5;39m2023-02-24 21:57:31,612 (client:306) INFO: {'Role': 'Client #1', 'Round': 4, 'Results_raw': {'train_loss': 240.483248, 'train_f1': 0.783347, 'train_correct': 785.0, 'train_acc': 0.895097, 'train_total': 877, 'train_avg_loss': 0.274211}}[0m
[38;5;39m2023-02-24 21:57:31,613 (server:590) INFO: {'Role': 'Server #', 'Round': 3, 'Results_weighted_avg': {'test_loss': 92.585256, 'test_f1': 0.583392, 'test_correct': 184.0, 'test_acc': 0.836364, 'test_total': 220.0, 'test_avg_loss': 0.420842}, 'Results_avg': {'test_loss': 92.585256, 'test_f1': 0.583392, 'test_correct': 184.0, 'test_acc': 0.836364, 'test_total': 220.0, 'test_avg_loss': 0.420842}, 'Results_fairness': {'test_loss': [92.585256], 'test_f1': [0.583392], 'test_correct': 184.0, 'test_acc': [0.836364], 'test_total': 220.0, 'test_avg_loss': [0.420842]}}[0m
[38;5;39m2023-02-24 21:57:31,614 (monitor:541) INFO: {'Role': 'Server #', 'Round': 4, 'Results_model_metric': {}}[0m
[38;5;39m2023-02-24 21:57:31,628 (server:330) INFO: Server: Starting evaluation at the end of round 4.[0m
[38;5;39m2023-02-24 21:57:31,628 (server:336) INFO: ----------- Starting a new training round (Round #5) -------------[0m
[33;20m2023-02-24 21:57:33,911 (context:294) WARNING: No val_data or val_loader in the trainer, will skip evaluation.If this is not the case you want, please check whether there is typo for the name[0m
[38;5;39m2023-02-24 21:57:43,255 (client:306) INFO: {'Role': 'Client #1', 'Round': 5, 'Results_raw': {'train_loss': 209.688735, 'train_f1': 0.826523, 'train_correct': 797.0, 'train_acc': 0.90878, 'train_total': 877, 'train_avg_loss': 0.239098}}[0m
[38;5;39m2023-02-24 21:57:43,256 (server:590) INFO: {'Role': 'Server #', 'Round': 4, 'Results_weighted_avg': {'test_loss': 60.152455, 'test_f1': 0.857219, 'test_correct': 202.0, 'test_acc': 0.918182, 'test_total': 220.0, 'test_avg_loss': 0.27342}, 'Results_avg': {'test_loss': 60.152455, 'test_f1': 0.857219, 'test_correct': 202.0, 'test_acc': 0.918182, 'test_total': 220.0, 'test_avg_loss': 0.27342}, 'Results_fairness': {'test_loss': [60.152455], 'test_f1': [0.857219], 'test_correct': 202.0, 'test_acc': [0.918182], 'test_total': 220.0, 'test_avg_loss': [0.27342]}}[0m
[38;5;39m2023-02-24 21:57:43,257 (monitor:541) INFO: {'Role': 'Server #', 'Round': 5, 'Results_model_metric': {}}[0m
[38;5;39m2023-02-24 21:57:43,269 (server:330) INFO: Server: Starting evaluation at the end of round 5.[0m
[38;5;39m2023-02-24 21:57:43,270 (server:336) INFO: ----------- Starting a new training round (Round #6) -------------[0m
[33;20m2023-02-24 21:57:45,102 (context:294) WARNING: No val_data or val_loader in the trainer, will skip evaluation.If this is not the case you want, please check whether there is typo for the name[0m
[38;5;39m2023-02-24 21:57:54,255 (client:306) INFO: {'Role': 'Client #1', 'Round': 6, 'Results_raw': {'train_loss': 169.742692, 'train_f1': 0.878159, 'train_correct': 816.0, 'train_acc': 0.930445, 'train_total': 877, 'train_avg_loss': 0.193549}}[0m
[38;5;39m2023-02-24 21:57:54,256 (server:590) INFO: {'Role': 'Server #', 'Round': 5, 'Results_weighted_avg': {'test_loss': 44.632206, 'test_f1': 0.865027, 'test_correct': 206.0, 'test_acc': 0.936364, 'test_total': 220.0, 'test_avg_loss': 0.202874}, 'Results_avg': {'test_loss': 44.632206, 'test_f1': 0.865027, 'test_correct': 206.0, 'test_acc': 0.936364, 'test_total': 220.0, 'test_avg_loss': 0.202874}, 'Results_fairness': {'test_loss': [44.632206], 'test_f1': [0.865027], 'test_correct': 206.0, 'test_acc': [0.936364], 'test_total': 220.0, 'test_avg_loss': [0.202874]}}[0m
[38;5;39m2023-02-24 21:57:54,257 (monitor:541) INFO: {'Role': 'Server #', 'Round': 6, 'Results_model_metric': {}}[0m
[38;5;39m2023-02-24 21:57:54,266 (server:330) INFO: Server: Starting evaluation at the end of round 6.[0m
[38;5;39m2023-02-24 21:57:54,266 (server:336) INFO: ----------- Starting a new training round (Round #7) -------------[0m
[33;20m2023-02-24 21:57:56,392 (context:294) WARNING: No val_data or val_loader in the trainer, will skip evaluation.If this is not the case you want, please check whether there is typo for the name[0m
[38;5;39m2023-02-24 21:58:05,080 (client:306) INFO: {'Role': 'Client #1', 'Round': 7, 'Results_raw': {'train_loss': 143.487516, 'train_f1': 0.872012, 'train_correct': 823.0, 'train_acc': 0.938426, 'train_total': 877, 'train_avg_loss': 0.163612}}[0m
[38;5;39m2023-02-24 21:58:05,081 (server:590) INFO: {'Role': 'Server #', 'Round': 6, 'Results_weighted_avg': {'test_loss': 46.781976, 'test_f1': 0.846399, 'test_correct': 200.0, 'test_acc': 0.909091, 'test_total': 220.0, 'test_avg_loss': 0.212645}, 'Results_avg': {'test_loss': 46.781976, 'test_f1': 0.846399, 'test_correct': 200.0, 'test_acc': 0.909091, 'test_total': 220.0, 'test_avg_loss': 0.212645}, 'Results_fairness': {'test_loss': [46.781976], 'test_f1': [0.846399], 'test_correct': 200.0, 'test_acc': [0.909091], 'test_total': 220.0, 'test_avg_loss': [0.212645]}}[0m
[38;5;39m2023-02-24 21:58:05,082 (monitor:541) INFO: {'Role': 'Server #', 'Round': 7, 'Results_model_metric': {}}[0m
[38;5;39m2023-02-24 21:58:05,084 (server:330) INFO: Server: Starting evaluation at the end of round 7.[0m
[38;5;39m2023-02-24 21:58:05,084 (server:336) INFO: ----------- Starting a new training round (Round #8) -------------[0m
[33;20m2023-02-24 21:58:06,936 (context:294) WARNING: No val_data or val_loader in the trainer, will skip evaluation.If this is not the case you want, please check whether there is typo for the name[0m
[38;5;39m2023-02-24 21:58:17,188 (client:306) INFO: {'Role': 'Client #1', 'Round': 8, 'Results_raw': {'train_loss': 113.596148, 'train_f1': 0.919674, 'train_correct': 839.0, 'train_acc': 0.95667, 'train_total': 877, 'train_avg_loss': 0.129528}}[0m
[38;5;39m2023-02-24 21:58:17,189 (server:590) INFO: {'Role': 'Server #', 'Round': 7, 'Results_weighted_avg': {'test_loss': 41.488234, 'test_f1': 0.828605, 'test_correct': 206.0, 'test_acc': 0.936364, 'test_total': 220.0, 'test_avg_loss': 0.188583}, 'Results_avg': {'test_loss': 41.488234, 'test_f1': 0.828605, 'test_correct': 206.0, 'test_acc': 0.936364, 'test_total': 220.0, 'test_avg_loss': 0.188583}, 'Results_fairness': {'test_loss': [41.488234], 'test_f1': [0.828605], 'test_correct': 206.0, 'test_acc': [0.936364], 'test_total': 220.0, 'test_avg_loss': [0.188583]}}[0m
[38;5;39m2023-02-24 21:58:17,190 (monitor:541) INFO: {'Role': 'Server #', 'Round': 8, 'Results_model_metric': {}}[0m
[38;5;39m2023-02-24 21:58:17,203 (server:330) INFO: Server: Starting evaluation at the end of round 8.[0m
[38;5;39m2023-02-24 21:58:17,203 (server:336) INFO: ----------- Starting a new training round (Round #9) -------------[0m
[33;20m2023-02-24 21:58:19,842 (context:294) WARNING: No val_data or val_loader in the trainer, will skip evaluation.If this is not the case you want, please check whether there is typo for the name[0m
[38;5;39m2023-02-24 21:58:29,606 (client:306) INFO: {'Role': 'Client #1', 'Round': 9, 'Results_raw': {'train_loss': 84.318691, 'train_f1': 0.938309, 'train_correct': 849.0, 'train_acc': 0.968073, 'train_total': 877, 'train_avg_loss': 0.096144}}[0m
[38;5;39m2023-02-24 21:58:29,607 (server:590) INFO: {'Role': 'Server #', 'Round': 8, 'Results_weighted_avg': {'test_loss': 23.36181, 'test_f1': 0.959596, 'test_correct': 216.0, 'test_acc': 0.981818, 'test_total': 220.0, 'test_avg_loss': 0.10619}, 'Results_avg': {'test_loss': 23.36181, 'test_f1': 0.959596, 'test_correct': 216.0, 'test_acc': 0.981818, 'test_total': 220.0, 'test_avg_loss': 0.10619}, 'Results_fairness': {'test_loss': [23.36181], 'test_f1': [0.959596], 'test_correct': 216.0, 'test_acc': [0.981818], 'test_total': 220.0, 'test_avg_loss': [0.10619]}}[0m
[38;5;39m2023-02-24 21:58:29,608 (monitor:541) INFO: {'Role': 'Server #', 'Round': 9, 'Results_model_metric': {}}[0m
[38;5;39m2023-02-24 21:58:29,609 (server:347) INFO: Server: Training is finished! Starting evaluation.[0m
[33;20m2023-02-24 21:58:31,557 (context:294) WARNING: No val_data or val_loader in the trainer, will skip evaluation.If this is not the case you want, please check whether there is typo for the name[0m
[38;5;39m2023-02-24 21:58:31,558 (server:590) INFO: {'Role': 'Server #', 'Round': 9, 'Results_weighted_avg': {'test_loss': 34.834616, 'test_f1': 0.799722, 'test_correct': 202.0, 'test_acc': 0.918182, 'test_total': 220.0, 'test_avg_loss': 0.158339}, 'Results_avg': {'test_loss': 34.834616, 'test_f1': 0.799722, 'test_correct': 202.0, 'test_acc': 0.918182, 'test_total': 220.0, 'test_avg_loss': 0.158339}, 'Results_fairness': {'test_loss': [34.834616], 'test_f1': [0.799722], 'test_correct': 202.0, 'test_acc': [0.918182], 'test_total': 220.0, 'test_avg_loss': [0.158339]}}[0m
[38;5;39m2023-02-24 21:58:31,558 (server:395) INFO: Server: Final evaluation is finished! Starting merging results.[0m
[38;5;39m2023-02-24 21:58:31,559 (server:521) INFO: {'Role': 'Server #', 'Round': 'Final', 'Results_raw': {'client_best_individual': {'test_loss': 23.36181, 'test_f1': 0.959596, 'test_correct': 216.0, 'test_acc': 0.981818, 'test_total': 220.0, 'test_avg_loss': 0.10619}, 'client_summarized_weighted_avg': {'test_loss': 23.36181, 'test_f1': 0.959596, 'test_correct': 216.0, 'test_acc': 0.981818, 'test_total': 220.0, 'test_avg_loss': 0.10619}, 'client_summarized_avg': {'test_loss': 23.36181, 'test_f1': 0.959596, 'test_correct': 216.0, 'test_acc': 0.981818, 'test_total': 220.0, 'test_avg_loss': 0.10619}, 'client_summarized_fairness': {'test_loss': [23.36181], 'test_f1': [0.959596], 'test_correct': 216.0, 'test_acc': [0.981818], 'test_total': 220.0, 'test_avg_loss': [0.10619]}}}[0m
[38;5;39m2023-02-24 21:58:31,559 (server:540) INFO: {'Role': 'Client #1', 'Round': 10, 'Results_raw': {'test_loss': 34.834616, 'test_f1': 0.799722, 'test_correct': 202.0, 'test_acc': 0.918182, 'test_total': 220, 'test_avg_loss': 0.158339}}[0m
[38;5;39m2023-02-24 21:58:31,560 (monitor:172) INFO: In worker #0, the system-related metrics are: {'id': 0, 'fl_end_time_minutes': 1.972559, 'total_model_size': 0, 'total_flops': 0, 'total_upload_bytes': 1280, 'total_download_bytes': 9816, 'global_convergence_round': 0, 'local_convergence_round': 0, 'global_convergence_time_minutes': 0, 'local_convergence_time_minutes': 0}[0m
[38;5;39m2023-02-24 21:58:31,561 (client:513) INFO: ================= client 1 received finish message =================[0m
[38;5;39m2023-02-24 21:58:31,562 (monitor:172) INFO: In worker #1, the system-related metrics are: {'id': 1, 'fl_end_time_minutes': 1.969961, 'total_model_size': 3260030, 'total_flops': 2327893645440.0, 'total_upload_bytes': 10736, 'total_download_bytes': 1280, 'global_convergence_round': 0, 'local_convergence_round': 0, 'global_convergence_time_minutes': 0, 'local_convergence_time_minutes': 0}[0m
[38;5;39m2023-02-24 21:58:31,563 (monitor:337) INFO: We will compress the file eval_results.raw into a .gz file, and delete the old one[0m
[38;5;39m2023-02-24 21:58:31,564 (monitor:245) INFO: After merging the system metrics from all works, we got avg: defaultdict(None, {'id': 'sys_avg', 'sys_avg/fl_end_time_minutes': 1.97126, 'sys_avg/total_model_size': '1.55M', 'sys_avg/total_flops': '1.06T', 'sys_avg/total_upload_bytes': '5.87K', 'sys_avg/total_download_bytes': '5.42K', 'sys_avg/global_convergence_round': 0.0, 'sys_avg/local_convergence_round': 0.0, 'sys_avg/global_convergence_time_minutes': 0.0, 'sys_avg/local_convergence_time_minutes': 0.0})[0m
[38;5;39m2023-02-24 21:58:31,564 (monitor:248) INFO: After merging the system metrics from all works, we got std: defaultdict(None, {'id': 'sys_std', 'sys_std/fl_end_time_minutes': 0.001299, 'sys_std/total_model_size': '1.55M', 'sys_std/total_flops': '1.06T', 'sys_std/total_upload_bytes': '4.62K', 'sys_std/total_download_bytes': '4.17K', 'sys_std/global_convergence_round': 0.0, 'sys_std/local_convergence_round': 0.0, 'sys_std/global_convergence_time_minutes': 0.0, 'sys_std/local_convergence_time_minutes': 0.0})[0m
None
220
<generator object BaseDataTranslator.split_to_client.<locals>.<genexpr> at 0x7f6d63d64270>
