2023-02-13 20:33:28,623 (logging:124) INFO: the current machine is at 192.168.0.1
2023-02-13 20:33:28,623 (logging:126) INFO: the current dir is /home/ubuntu/medscale
2023-02-13 20:33:28,623 (logging:127) INFO: the output dir is exp/pFedMe_vit_on_lung_lr0.01_lstep1
2023-02-13 20:33:36,674 (cfg_data:145) WARNING: config `cfg.data.batch_size` will be removed in the future, use `cfg.dataloader.batch_size` instead.
2023-02-13 20:33:36,675 (cfg_data:145) WARNING: config `cfg.data.batch_size` will be removed in the future, use `cfg.dataloader.batch_size` instead.
2023-02-13 20:33:36,698 (config:243) INFO: the used configs are: 
aggregator:
  inside_weight: 1.0
  num_agg_groups: 1
  num_agg_topk: []
  outside_weight: 0.0
asyn:
  use: False
attack:
  alpha_TV: 0.001
  alpha_prop_loss: 0
  attack_method: 
  attacker_id: -1
  classifier_PIA: randomforest
  edge_num: 100
  edge_path: edge_data/
  freq: 10
  info_diff_type: l2
  inject_round: 0
  insert_round: 100000
  label_type: dirty
  max_ite: 400
  mean: [0.1307]
  mia_is_simulate_in: False
  mia_simulate_in_round: 20
  pgd_eps: 2
  pgd_lr: 0.1
  pgd_poisoning: False
  poison_ratio: 0.5
  reconstruct_lr: 0.01
  reconstruct_optim: Adam
  scale_para: 1.0
  scale_poisoning: False
  self_epoch: 6
  self_lr: 0.05
  self_opt: False
  setting: fix
  std: [0.3081]
  target_label_ind: -1
  trigger_path: trigger/
  trigger_type: edge
backend: torch
cfg_file: 
check_completeness: False
criterion:
  type: CrossEntropyLoss
data:
  args: []
  batch_size: 16
  cSBM_phi: [0.5, 0.5, 0.5]
  cache_dir: 
  consistent_label_distribution: False
  drop_last: False
  hetero_data_name: []
  hetero_synth_batch_size: 32
  hetero_synth_feat_dim: 128
  hetero_synth_prim_weight: 0.5
  is_debug: False
  loader: 
  max_query_len: 128
  max_seq_len: 384
  max_tgt_len: 128
  num_contrast: 0
  num_of_client_for_data: []
  num_steps: 30
  num_workers: 0
  pre_transform: []
  quadratic:
    dim: 1
    max_curv: 12.5
    min_curv: 0.02
  root: data/
  save_data: False
  server_holds_all: False
  shuffle: True
  sizes: [10, 5]
  splits: [0.8, 0, 0.2]
  splitter: lda
  splitter_args: [{'alpha': 0.3}]
  subsample: 1.0
  target_transform: []
  test_pre_transform: []
  test_target_transform: []
  test_transform: []
  transform: []
  trunc_stride: 128
  type: lung
  val_pre_transform: []
  val_target_transform: []
  val_transform: []
  walk_length: 2
dataloader:
  batch_size: 16
  drop_last: False
  num_steps: 30
  num_workers: 0
  pin_memory: False
  shuffle: True
  sizes: [10, 5]
  theta: -1
  type: base
  walk_length: 2
device: 0
distribute:
  use: False
early_stop:
  delta: 0.0
  improve_indicator_mode: best
  patience: 5
eval:
  best_res_update_round_wise_key: test_loss
  count_flops: True
  freq: 1
  metrics: ['acc', 'correct', 'f1']
  monitoring: []
  report: ['weighted_avg', 'avg', 'fairness', 'raw']
  split: ['test', 'val']
expname: pFedMe_vit_on_lung_lr0.01_lstep1
expname_tag: 
feat_engr:
  num_bins: 5
  scenario: hfl
  secure:
    dp:
      
    encrypt:
      type: dummy
    key_size: 3072
    type: encrypt
  selec_threshold: 0.05
  selec_woe_binning: quantile
  type: 
federate:
  atc_load_from: 
  atc_vanilla: False
  client_num: 10
  data_weighted_aggr: False
  ignore_weight: False
  join_in_info: []
  make_global_eval: False
  merge_test_data: False
  method: pFedMe
  mode: standalone
  online_aggr: True
  resource_info_file: 
  restore_from: 
  sample_client_num: 10
  sample_client_rate: -1.0
  sampler: uniform
  save_to: 
  share_local_model: False
  total_round_num: 10
  unseen_clients_rate: 0.0
  use_diff: False
  use_ss: False
fedopt:
  use: False
fedprox:
  use: False
fedsageplus:
  a: 1.0
  b: 1.0
  c: 1.0
  fedgen_epoch: 200
  gen_hidden: 128
  hide_portion: 0.5
  loc_epoch: 1
  num_pred: 5
finetune:
  batch_or_epoch: epoch
  before_eval: False
  freeze_param: 
  local_update_steps: 1
  optimizer:
    lr: 0.1
    type: SGD
  scheduler:
    type: 
    warmup_ratio: 0.0
flitplus:
  factor_ema: 0.8
  lambdavat: 0.5
  tmpFed: 0.5
  weightReg: 1.0
gcflplus:
  EPS_1: 0.05
  EPS_2: 0.1
  seq_length: 5
  standardize: False
grad:
  grad_accum_count: 1
  grad_clip: 5.0
hpo:
  fedex:
    cutoff: 0.0
    diff: False
    eta0: -1.0
    flatten_ss: True
    gamma: 0.0
    pi_lr: 0.01
    psn: False
    sched: auto
    ss: 
    use: False
  init_cand_num: 16
  larger_better: False
  metric: client_summarized_weighted_avg.val_loss
  num_workers: 0
  pbt:
    max_stage: 5
    perf_threshold: 0.1
  scheduler: rs
  sha:
    budgets: []
    elim_rate: 3
    iter: 0
  ss: 
  table:
    eps: 0.1
    idx: 0
    num: 27
  working_folder: hpo
model:
  contrast_temp: 1.0
  contrast_topk: 100
  downstream_tasks: []
  dropout: 0.0
  embed_size: 8
  gamma: 0
  graph_pooling: mean
  hidden: 2048
  in_channels: 0
  input_shape: ()
  label_smoothing: 0.1
  lambda_: 0.1
  layer: 2
  length_penalty: 2.0
  max_answer_len: 30
  max_length: 200
  max_tree_depth: 3
  min_length: 1
  model_num_per_trainer: 1
  model_type: google/bert_uncased_L-2_H-128_A-2
  n_best_size: 20
  no_repeat_ngram_size: 3
  null_score_diff_threshold: 0.0
  num_beams: 5
  num_item: 0
  num_labels: 1
  num_of_trees: 10
  num_user: 0
  out_channels: 3
  pretrain_tasks: []
  stage: 
  task: node
  type: vit
  use_bias: True
  use_contrastive_loss: False
nbafl:
  use: False
outdir: exp/pFedMe_vit_on_lung_lr0.01_lstep1
personalization:
  K: 5
  beta: 1.0
  local_param: []
  local_update_steps: 1
  lr: 0.5
  regular_weight: 1.0
  share_non_trainable_para: False
print_decimal_digits: 6
regularizer:
  mu: 0.0
  type: 
seed: 2
sgdmf:
  use: False
train:
  batch_or_epoch: epoch
  local_update_steps: 1
  optimizer:
    lr: 0.01
    type: SGD
    weight_decay: 0.0
  scheduler:
    type: 
    warmup_ratio: 0.0
trainer:
  disp_freq: 50
  local_entropy:
    alpha: 0.75
    eps: 0.001
    gamma: 0.0001
  sam:
    adaptive: False
    eta: 0.0
    rho: 1.0
  type: cvtrainer
  val_freq: 100000000
use_gpu: True
verbose: 1
vertical:
  use: False
wandb:
  use: False
2023-02-13 20:33:36,805 (utils:144) INFO: The device information file is not provided
2023-02-13 20:33:37,281 (fed_runner:169) INFO: Server has been set up ... 
2023-02-13 20:33:37,723 (context:228) WARNING: cur_split `None` not found in data_split, will use `train` split to calculate `ctx.var`.
2023-02-13 20:33:37,804 (fed_runner:221) INFO: Client 1 has been set up ... 
2023-02-13 20:33:38,240 (context:228) WARNING: cur_split `None` not found in data_split, will use `train` split to calculate `ctx.var`.
2023-02-13 20:33:38,317 (fed_runner:221) INFO: Client 2 has been set up ... 
2023-02-13 20:33:38,662 (context:228) WARNING: cur_split `None` not found in data_split, will use `train` split to calculate `ctx.var`.
2023-02-13 20:33:38,736 (fed_runner:221) INFO: Client 3 has been set up ... 
2023-02-13 20:33:39,154 (context:228) WARNING: cur_split `None` not found in data_split, will use `train` split to calculate `ctx.var`.
2023-02-13 20:33:39,232 (fed_runner:221) INFO: Client 4 has been set up ... 
2023-02-13 20:33:39,549 (context:228) WARNING: cur_split `None` not found in data_split, will use `train` split to calculate `ctx.var`.
2023-02-13 20:33:39,624 (fed_runner:221) INFO: Client 5 has been set up ... 
2023-02-13 20:33:40,052 (context:228) WARNING: cur_split `None` not found in data_split, will use `train` split to calculate `ctx.var`.
2023-02-13 20:33:40,127 (fed_runner:221) INFO: Client 6 has been set up ... 
2023-02-13 20:33:40,613 (context:228) WARNING: cur_split `None` not found in data_split, will use `train` split to calculate `ctx.var`.
2023-02-13 20:33:40,688 (fed_runner:221) INFO: Client 7 has been set up ... 
2023-02-13 20:33:41,112 (context:228) WARNING: cur_split `None` not found in data_split, will use `train` split to calculate `ctx.var`.
2023-02-13 20:33:41,187 (fed_runner:221) INFO: Client 8 has been set up ... 
2023-02-13 20:33:41,610 (context:228) WARNING: cur_split `None` not found in data_split, will use `train` split to calculate `ctx.var`.
2023-02-13 20:33:41,684 (fed_runner:221) INFO: Client 9 has been set up ... 
2023-02-13 20:33:42,115 (context:228) WARNING: cur_split `None` not found in data_split, will use `train` split to calculate `ctx.var`.
2023-02-13 20:33:42,192 (fed_runner:221) INFO: Client 10 has been set up ... 
<<<<<<< HEAD
2023-02-13 20:33:42,192 (trainer:341) INFO: Model meta-info: <class 'medscale.contrib.model.VIT2.HAT_Net'>.
=======
<<<<<<< HEAD
2023-02-13 20:33:42,192 (trainer:341) INFO: Model meta-info: <class 'medscale.contrib.model.VIT2.HAT_Net'>.
=======
2023-02-13 20:33:42,192 (trainer:341) INFO: Model meta-info: <class 'medscale.contrib.model.VIT2.HAT_Net'>.
>>>>>>> fe4962455354c9c11afd9c9806ceda28eb280737
>>>>>>> 64b283ee525ef53c32509882719e74890329b83f
2023-02-13 20:33:42,198 (trainer:349) INFO: Num of original para names: 290.
2023-02-13 20:33:42,198 (trainer:350) INFO: Num of original trainable para names: 290.
2023-02-13 20:33:42,198 (trainer:352) INFO: Num of preserved para names in local update: 290. 
Preserved para names in local update: {'blocks.2.5.attn.norm.bias', 'blocks.1.0.conv.conv3.1.weight', 'blocks.0.2.attn.norm.weight', 'blocks.2.0.attn.norm.weight', 'blocks.1.0.conv.conv3.1.bias', 'blocks.3.1.attn.qkv.weight', 'blocks.3.2.conv.conv3.0.weight', 'blocks.2.1.attn.proj_norm.weight', 'blocks.3.1.attn.norm.bias', 'blocks.1.0.attn.proj.bias', 'blocks.2.5.attn.proj_norm.bias', 'patch_embed.1.bias', 'blocks.2.6.conv.conv1.0.bias', 'blocks.1.1.attn.proj.weight', 'blocks.1.1.attn.norm.bias', 'blocks.1.1.conv.conv3.1.weight', 'blocks.3.0.conv.conv1.1.weight', 'blocks.0.2.attn.norm.bias', 'blocks.3.1.attn.proj.weight', 'ds4.conv.weight', 'blocks.1.0.conv.conv1.0.bias', 'blocks.2.5.attn.norm.weight', 'blocks.2.6.attn.proj.bias', 'blocks.2.6.conv.conv3.0.weight', 'blocks.2.1.attn.qkv.bias', 'blocks.0.0.attn.norm.bias', 'blocks.0.0.conv.conv3.1.weight', 'blocks.2.1.conv.conv1.1.weight', 'blocks.0.1.attn.proj.weight', 'blocks.3.0.attn.qkv.bias', 'blocks.2.2.conv.conv3.1.weight', 'blocks.2.6.conv.conv1.1.weight', 'blocks.2.0.attn.proj_norm.bias', 'blocks.2.6.conv.conv3.1.bias', 'ds2.conv.weight', 'blocks.2.2.attn.proj.bias', 'blocks.0.0.attn.proj_norm.bias', 'blocks.2.6.conv.conv2.0.weight', 'blocks.1.3.conv.conv3.0.weight', 'blocks.2.4.conv.conv3.0.weight', 'blocks.3.2.conv.conv3.1.bias', 'blocks.2.4.attn.norm.bias', 'blocks.1.2.conv.conv2.0.weight', 'blocks.3.1.conv.conv1.0.bias', 'blocks.2.4.attn.norm.weight', 'blocks.2.4.conv.conv1.0.bias', 'blocks.3.2.attn.proj_norm.bias', 'blocks.1.2.conv.conv3.0.weight', 'blocks.2.4.attn.proj_norm.weight', 'blocks.3.1.conv.conv2.0.weight', 'blocks.0.1.conv.conv1.0.weight', 'blocks.0.2.conv.conv1.0.bias', 'blocks.2.3.conv.conv3.1.weight', 'blocks.0.2.conv.conv3.1.bias', 'blocks.0.2.conv.conv1.1.weight', 'blocks.2.0.attn.proj_norm.weight', 'blocks.3.0.conv.conv1.0.weight', 'blocks.2.4.attn.qkv.bias', 'blocks.1.1.attn.proj_norm.bias', 'blocks.1.2.attn.proj_norm.bias', 'blocks.1.3.attn.norm.bias', 'blocks.2.4.conv.conv2.0.weight', 'blocks.3.2.conv.conv1.0.bias', 'blocks.2.5.attn.qkv.bias', 'blocks.0.1.attn.norm.weight', 'blocks.1.2.conv.conv1.0.bias', 'blocks.2.7.conv.conv1.1.weight', 'blocks.1.3.attn.proj.bias', 'blocks.0.1.conv.conv3.1.weight', 'blocks.2.6.attn.norm.weight', 'blocks.2.6.conv.conv3.1.weight', 'blocks.3.2.attn.proj_norm.weight', 'ds3.conv.weight', 'patch_embed.0.bias', 'ds4.norm.bias', 'blocks.0.2.conv.conv1.0.weight', 'blocks.3.0.attn.qkv.weight', 'blocks.3.2.conv.conv2.0.weight', 'blocks.1.0.conv.conv3.0.weight', 'blocks.3.0.conv.conv3.1.weight', 'blocks.3.2.attn.qkv.bias', 'blocks.2.0.conv.conv3.0.weight', 'blocks.2.6.attn.norm.bias', 'blocks.2.4.attn.proj.bias', 'blocks.2.6.attn.qkv.bias', 'blocks.2.5.attn.proj.weight', 'blocks.2.2.attn.proj.weight', 'blocks.2.5.conv.conv3.0.weight', 'blocks.0.0.attn.qkv.weight', 'blocks.1.1.conv.conv3.1.bias', 'blocks.2.2.conv.conv1.0.bias', 'blocks.2.3.conv.conv1.0.weight', 'blocks.2.7.attn.qkv.bias', 'blocks.3.0.attn.proj.weight', 'blocks.0.0.conv.conv3.1.bias', 'blocks.3.0.conv.conv3.0.weight', 'blocks.2.0.conv.conv2.0.weight', 'ds3.norm.weight', 'blocks.2.1.attn.qkv.weight', 'blocks.0.2.attn.qkv.weight', 'blocks.2.7.attn.norm.weight', 'ds3.conv.bias', 'blocks.2.1.attn.proj_norm.bias', 'blocks.2.6.attn.proj_norm.weight', 'blocks.3.2.attn.proj.weight', 'blocks.0.0.attn.proj_norm.weight', 'blocks.0.2.conv.conv3.0.weight', 'blocks.2.1.conv.conv1.0.weight', 'ds2.norm.weight', 'blocks.0.0.attn.norm.weight', 'blocks.2.1.conv.conv3.1.weight', 'blocks.2.6.attn.qkv.weight', 'blocks.2.0.conv.conv3.1.weight', 'ds4.conv.bias', 'blocks.1.2.conv.conv3.1.bias', 'blocks.2.2.attn.norm.bias', 'blocks.0.2.attn.proj.weight', 'blocks.3.1.attn.proj_norm.bias', 'blocks.3.1.conv.conv3.0.weight', 'blocks.2.0.attn.qkv.bias', 'blocks.1.2.conv.conv3.1.weight', 'blocks.2.0.conv.conv1.0.bias', 'blocks.2.3.attn.proj_norm.weight', 'blocks.1.0.attn.proj_norm.bias', 'ds4.norm.weight', 'blocks.2.3.attn.qkv.weight', 'blocks.0.0.conv.conv2.0.weight', 'blocks.2.5.attn.proj_norm.weight', 'blocks.3.0.attn.proj_norm.weight', 'blocks.2.6.attn.proj.weight', 'blocks.1.1.attn.proj_norm.weight', 'blocks.1.2.attn.norm.bias', 'blocks.1.3.attn.proj.weight', 'blocks.3.1.conv.conv3.1.bias', 'blocks.2.4.attn.qkv.weight', 'ds2.conv.bias', 'blocks.0.2.conv.conv2.0.weight', 'blocks.2.1.conv.conv1.0.bias', 'blocks.2.3.conv.conv1.1.weight', 'blocks.1.1.conv.conv3.0.weight', 'blocks.1.0.conv.conv1.1.weight', 'blocks.1.2.attn.proj_norm.weight', 'patch_embed.3.weight', 'blocks.0.1.attn.proj_norm.bias', 'blocks.1.3.conv.conv1.0.bias', 'blocks.2.3.attn.norm.bias', 'blocks.0.2.conv.conv3.1.weight', 'blocks.2.3.attn.norm.weight', 'blocks.2.1.attn.proj.bias', 'blocks.2.7.conv.conv1.0.bias', 'blocks.1.1.attn.norm.weight', 'blocks.3.1.attn.qkv.bias', 'blocks.0.1.attn.proj.bias', 'blocks.1.3.attn.qkv.weight', 'blocks.2.3.attn.qkv.bias', 'blocks.1.0.attn.proj_norm.weight', 'blocks.2.4.conv.conv1.0.weight', 'blocks.1.1.conv.conv1.1.weight', 'blocks.1.0.conv.conv1.0.weight', 'blocks.1.1.conv.conv1.0.weight', 'patch_embed.3.bias', 'blocks.0.1.attn.qkv.bias', 'blocks.1.2.attn.proj.bias', 'blocks.2.3.conv.conv1.0.bias', 'blocks.2.7.attn.proj.weight', 'blocks.3.0.conv.conv3.1.bias', 'blocks.1.3.conv.conv1.1.weight', 'blocks.1.2.conv.conv1.1.weight', 'blocks.3.1.attn.proj_norm.weight', 'blocks.2.3.conv.conv3.0.weight', 'blocks.0.0.conv.conv3.0.weight', 'blocks.3.0.conv.conv2.0.weight', 'blocks.1.0.conv.conv2.0.weight', 'blocks.2.7.conv.conv1.0.weight', 'blocks.2.0.conv.conv1.1.weight', 'blocks.0.2.attn.qkv.bias', 'blocks.2.2.attn.norm.weight', 'classifier.1.bias', 'blocks.1.3.conv.conv2.0.weight', 'blocks.2.2.attn.qkv.bias', 'blocks.1.2.attn.qkv.weight', 'blocks.2.3.attn.proj_norm.bias', 'ds3.norm.bias', 'blocks.2.7.attn.proj_norm.bias', 'blocks.0.1.attn.proj_norm.weight', 'blocks.2.7.attn.qkv.weight', 'blocks.1.1.attn.proj.bias', 'blocks.2.7.attn.proj.bias', 'blocks.2.1.conv.conv3.1.bias', 'blocks.2.2.conv.conv2.0.weight', 'blocks.2.7.conv.conv3.1.weight', 'blocks.3.0.conv.conv1.0.bias', 'blocks.2.2.attn.proj_norm.weight', 'blocks.2.6.conv.conv1.0.weight', 'blocks.2.1.attn.proj.weight', 'blocks.3.1.attn.norm.weight', 'blocks.3.2.conv.conv1.1.weight', 'blocks.0.2.attn.proj_norm.weight', 'blocks.3.1.attn.proj.bias', 'blocks.3.1.conv.conv3.1.weight', 'blocks.2.5.attn.qkv.weight', 'blocks.3.1.conv.conv1.1.weight', 'blocks.3.2.conv.conv3.1.weight', 'blocks.2.3.conv.conv3.1.bias', 'blocks.2.2.conv.conv1.0.weight', 'blocks.1.1.attn.qkv.bias', 'blocks.1.3.attn.proj_norm.weight', 'patch_embed.0.weight', 'blocks.0.0.attn.qkv.bias', 'blocks.1.0.attn.norm.weight', 'blocks.2.5.conv.conv1.0.weight', 'patch_embed.1.weight', 'blocks.2.4.conv.conv3.1.weight', 'blocks.1.0.attn.qkv.bias', 'blocks.2.4.attn.proj.weight', 'blocks.1.3.conv.conv3.1.weight', 'blocks.3.0.attn.proj.bias', 'blocks.0.0.attn.proj.bias', 'blocks.2.3.attn.proj.bias', 'blocks.2.5.conv.conv1.1.weight', 'blocks.0.1.attn.norm.bias', 'blocks.1.0.attn.qkv.weight', 'blocks.1.3.conv.conv3.1.bias', 'blocks.2.0.attn.qkv.weight', 'blocks.2.0.attn.proj.bias', 'blocks.2.2.conv.conv1.1.weight', 'blocks.0.2.attn.proj.bias', 'blocks.2.7.conv.conv2.0.weight', 'blocks.1.1.conv.conv1.0.bias', 'blocks.2.5.conv.conv2.0.weight', 'classifier.1.weight', 'blocks.0.0.conv.conv1.1.weight', 'blocks.1.0.attn.proj.weight', 'blocks.2.5.conv.conv3.1.weight', 'blocks.1.1.conv.conv2.0.weight', 'blocks.2.5.conv.conv3.1.bias', 'blocks.0.0.attn.proj.weight', 'blocks.2.2.conv.conv3.0.weight', 'blocks.1.3.attn.norm.weight', 'blocks.0.1.conv.conv1.0.bias', 'blocks.1.0.attn.norm.bias', 'blocks.2.7.conv.conv3.1.bias', 'blocks.2.0.attn.proj.weight', 'blocks.2.7.conv.conv3.0.weight', 'blocks.1.3.attn.proj_norm.bias', 'blocks.1.3.conv.conv1.0.weight', 'blocks.2.2.conv.conv3.1.bias', 'blocks.2.1.attn.norm.bias', 'blocks.2.0.conv.conv1.0.weight', 'blocks.2.4.conv.conv3.1.bias', 'blocks.0.1.conv.conv2.0.weight', 'blocks.2.0.attn.norm.bias', 'blocks.3.0.attn.proj_norm.bias', 'blocks.2.7.attn.proj_norm.weight', 'blocks.2.0.conv.conv3.1.bias', 'blocks.3.2.attn.norm.bias', 'blocks.1.3.attn.qkv.bias', 'blocks.2.4.attn.proj_norm.bias', 'blocks.3.2.conv.conv1.0.weight', 'blocks.0.1.attn.qkv.weight', 'blocks.0.0.conv.conv1.0.weight', 'blocks.0.1.conv.conv3.0.weight', 'blocks.1.2.conv.conv1.0.weight', 'blocks.2.1.conv.conv3.0.weight', 'blocks.1.1.attn.qkv.weight', 'blocks.2.3.attn.proj.weight', 'blocks.2.5.attn.proj.bias', 'blocks.3.2.attn.proj.bias', 'blocks.2.4.conv.conv1.1.weight', 'blocks.0.1.conv.conv3.1.bias', 'blocks.3.0.attn.norm.bias', 'blocks.1.2.attn.proj.weight', 'blocks.3.0.attn.norm.weight', 'blocks.2.3.conv.conv2.0.weight', 'blocks.1.2.attn.norm.weight', 'ds2.norm.bias', 'blocks.2.5.conv.conv1.0.bias', 'blocks.0.2.attn.proj_norm.bias', 'blocks.2.2.attn.qkv.weight', 'blocks.3.2.attn.norm.weight', 'blocks.2.7.attn.norm.bias', 'blocks.3.2.attn.qkv.weight', 'blocks.1.2.attn.qkv.bias', 'blocks.0.1.conv.conv1.1.weight', 'blocks.2.1.conv.conv2.0.weight', 'blocks.3.1.conv.conv1.0.weight', 'blocks.2.1.attn.norm.weight', 'blocks.0.0.conv.conv1.0.bias', 'blocks.2.2.attn.proj_norm.bias', 'blocks.2.6.attn.proj_norm.bias'}.
2023-02-13 20:33:42,203 (trainer:356) INFO: Num of filtered para names in local update: 0. 
Filtered para names in local update: set().
2023-02-13 20:33:42,203 (trainer:361) INFO: After register default hooks,
	the hooks_in_train is:
	{
	  "on_fit_start": [
	    "_hook_on_fit_start_init",
	    "_hook_on_fit_start_calculate_model_size",
	    "_hook_on_fit_start_set_local_para_tmp"
	  ],
	  "on_epoch_start": [
	    "_hook_on_epoch_start"
	  ],
	  "on_batch_start": [
	    "_hook_on_batch_start_init_pfedme"
	  ],
	  "on_batch_forward": [
	    "_hook_on_batch_forward",
	    "_hook_on_batch_forward_regularizer",
	    "_hook_on_batch_forward_flop_count"
	  ],
	  "on_batch_backward": [
	    "_hook_on_batch_backward"
	  ],
	  "on_batch_end": [
	    "_hook_on_batch_end",
	    "_hook_on_batch_end_flop_count"
	  ],
	  "on_fit_end": [
	    "_hook_on_fit_end",
	    "_hook_on_fit_end_update_local"
	  ],
	  "on_epoch_end": [
	    "_hook_on_epoch_end_update_local",
	    "_hook_on_epoch_end_flop_count"
	  ]
	};
	the hooks_in_eval is:
            t{
	  "on_fit_start": [
	    "_hook_on_fit_start_init"
	  ],
	  "on_epoch_start": [
	    "_hook_on_epoch_start"
	  ],
	  "on_batch_start": [
	    "_hook_on_batch_start_init"
	  ],
	  "on_batch_forward": [
	    "_hook_on_batch_forward"
	  ],
	  "on_batch_end": [
	    "_hook_on_batch_end"
	  ],
	  "on_fit_end": [
	    "_hook_on_fit_end"
	  ]
	}
