2023-02-24 20:26:45,183 (logging:124) INFO: the current machine is at 192.168.0.1
2023-02-24 20:26:45,183 (logging:126) INFO: the current dir is /home/ubuntu/medscale
2023-02-24 20:26:45,183 (logging:127) INFO: the output dir is exp/global_convnet5_on_lung100_lr0.01_lstep1
2023-02-24 20:26:53,221 (base_data:87) INFO: Will merge data from clients whose ids in [1, 10]
2023-02-24 20:26:53,233 (cfg_data:145) WARNING: config `cfg.data.batch_size` will be removed in the future, use `cfg.dataloader.batch_size` instead.
2023-02-24 20:26:53,234 (cfg_fl_setting:123) WARNING: In local/global training mode, the sampling related configs are in-valid, we will use all clients. 
2023-02-24 20:26:53,234 (cfg_fl_setting:128) INFO: In global training mode, we will put all data in a proxy client. 
2023-02-24 20:26:53,234 (cfg_data:145) WARNING: config `cfg.data.batch_size` will be removed in the future, use `cfg.dataloader.batch_size` instead.
2023-02-24 20:26:53,234 (cfg_fl_setting:123) WARNING: In local/global training mode, the sampling related configs are in-valid, we will use all clients. 
2023-02-24 20:26:53,234 (cfg_fl_setting:128) INFO: In global training mode, we will put all data in a proxy client. 
2023-02-24 20:26:53,257 (config:243) INFO: the used configs are: 
aggregator:
  inside_weight: 1.0
  num_agg_groups: 1
  num_agg_topk: []
  outside_weight: 0.0
asyn:
  use: False
attack:
  alpha_TV: 0.001
  alpha_prop_loss: 0
  attack_method: 
  attacker_id: -1
  classifier_PIA: randomforest
  edge_num: 100
  edge_path: edge_data/
  freq: 10
  info_diff_type: l2
  inject_round: 0
  insert_round: 100000
  label_type: dirty
  max_ite: 400
  mean: [0.1307]
  mia_is_simulate_in: False
  mia_simulate_in_round: 20
  pgd_eps: 2
  pgd_lr: 0.1
  pgd_poisoning: False
  poison_ratio: 0.5
  reconstruct_lr: 0.01
  reconstruct_optim: Adam
  scale_para: 1.0
  scale_poisoning: False
  self_epoch: 6
  self_lr: 0.05
  self_opt: False
  setting: fix
  std: [0.3081]
  target_label_ind: -1
  trigger_path: trigger/
  trigger_type: edge
backend: torch
cfg_file: 
check_completeness: False
criterion:
  type: CrossEntropyLoss
data:
  args: []
  batch_size: 16
  cSBM_phi: [0.5, 0.5, 0.5]
  cache_dir: 
  consistent_label_distribution: False
  drop_last: False
  hetero_data_name: []
  hetero_synth_batch_size: 32
  hetero_synth_feat_dim: 128
  hetero_synth_prim_weight: 0.5
  is_debug: False
  loader: 
  max_query_len: 128
  max_seq_len: 384
  max_tgt_len: 128
  num_contrast: 0
  num_of_client_for_data: []
  num_steps: 30
  num_workers: 0
  pre_transform: []
  quadratic:
    dim: 1
    max_curv: 12.5
    min_curv: 0.02
  root: data/
  save_data: False
  server_holds_all: False
  shuffle: True
  sizes: [10, 5]
  splits: [0.8, 0, 0.2]
  splitter: lda
  splitter_args: [{'alpha': 0.1}]
  subsample: 1.0
  target_transform: []
  test_pre_transform: []
  test_target_transform: []
  test_transform: []
  transform: []
  trunc_stride: 128
  type: lung100
  val_pre_transform: []
  val_target_transform: []
  val_transform: []
  walk_length: 2
dataloader:
  batch_size: 16
  drop_last: False
  num_steps: 30
  num_workers: 0
  pin_memory: False
  shuffle: True
  sizes: [10, 5]
  theta: -1
  type: base
  walk_length: 2
device: 0
distribute:
  use: False
early_stop:
  delta: 0.0
  improve_indicator_mode: best
  patience: 5
eval:
  best_res_update_round_wise_key: test_loss
  count_flops: True
  freq: 1
  metrics: ['acc', 'correct', 'f1']
  monitoring: []
  report: ['weighted_avg', 'avg', 'fairness', 'raw']
  split: ['test', 'val']
expname: global_convnet5_on_lung100_lr0.01_lstep1
expname_tag: 
feat_engr:
  num_bins: 5
  scenario: hfl
  secure:
    dp:
      
    encrypt:
      type: dummy
    key_size: 3072
    type: encrypt
  selec_threshold: 0.05
  selec_woe_binning: quantile
  type: 
federate:
  atc_load_from: 
  atc_vanilla: False
  client_num: 10
  data_weighted_aggr: False
  ignore_weight: False
  join_in_info: []
  make_global_eval: False
  merge_test_data: False
  method: global
  mode: standalone
  online_aggr: False
  resource_info_file: 
  restore_from: 
  sample_client_num: 10
  sample_client_rate: -1.0
  sampler: uniform
  save_to: 
  share_local_model: False
  total_round_num: 10
  unseen_clients_rate: 0.0
  use_diff: False
  use_ss: False
fedopt:
  use: False
fedprox:
  use: False
fedsageplus:
  a: 1.0
  b: 1.0
  c: 1.0
  fedgen_epoch: 200
  gen_hidden: 128
  hide_portion: 0.5
  loc_epoch: 1
  num_pred: 5
finetune:
  batch_or_epoch: epoch
  before_eval: False
  freeze_param: 
  local_update_steps: 1
  optimizer:
    lr: 0.1
    type: SGD
  scheduler:
    type: 
    warmup_ratio: 0.0
flitplus:
  factor_ema: 0.8
  lambdavat: 0.5
  tmpFed: 0.5
  weightReg: 1.0
gcflplus:
  EPS_1: 0.05
  EPS_2: 0.1
  seq_length: 5
  standardize: False
grad:
  grad_accum_count: 1
  grad_clip: 5.0
hpo:
  fedex:
    cutoff: 0.0
    diff: False
    eta0: -1.0
    flatten_ss: True
    gamma: 0.0
    pi_lr: 0.01
    psn: False
    sched: auto
    ss: 
    use: False
  init_cand_num: 16
  larger_better: False
  metric: client_summarized_weighted_avg.val_loss
  num_workers: 0
  pbt:
    max_stage: 5
    perf_threshold: 0.1
  scheduler: rs
  sha:
    budgets: []
    elim_rate: 3
    iter: 0
  ss: 
  table:
    eps: 0.1
    idx: 0
    num: 27
  working_folder: hpo
model:
  contrast_temp: 1.0
  contrast_topk: 100
  downstream_tasks: []
  dropout: 0.0
  embed_size: 8
  gamma: 0
  graph_pooling: mean
  hidden: 2048
  in_channels: 0
  input_shape: ()
  label_smoothing: 0.1
  lambda_: 0.1
  layer: 2
  length_penalty: 2.0
  max_answer_len: 30
  max_length: 200
  max_tree_depth: 3
  min_length: 1
  model_num_per_trainer: 1
  model_type: google/bert_uncased_L-2_H-128_A-2
  n_best_size: 20
  no_repeat_ngram_size: 3
  null_score_diff_threshold: 0.0
  num_beams: 5
  num_item: 0
  num_labels: 1
  num_of_trees: 10
  num_user: 0
  out_channels: 62
  pretrain_tasks: []
  stage: 
  task: node
  type: convnet5
  use_bias: True
  use_contrastive_loss: False
nbafl:
  use: False
outdir: exp/global_convnet5_on_lung100_lr0.01_lstep1
personalization:
  K: 5
  beta: 1.0
  local_param: []
  local_update_steps: 1
  lr: 0.01
  regular_weight: 0.1
  share_non_trainable_para: False
print_decimal_digits: 6
regularizer:
  mu: 0.0
  type: 
seed: 2
sgdmf:
  use: False
train:
  batch_or_epoch: epoch
  local_update_steps: 1
  optimizer:
    lr: 0.01
    type: SGD
    weight_decay: 0.0
  scheduler:
    type: 
    warmup_ratio: 0.0
trainer:
  disp_freq: 50
  local_entropy:
    alpha: 0.75
    eps: 0.001
    gamma: 0.0001
  sam:
    adaptive: False
    eta: 0.0
    rho: 1.0
  type: cvtrainer
  val_freq: 100000000
use_gpu: True
verbose: 1
vertical:
  use: False
wandb:
  use: False
2023-02-24 20:26:53,259 (worker_builder:174) WARNING: Server for method global is not implemented. Will use default one
2023-02-24 20:26:53,259 (worker_builder:71) WARNING: Clients for method global is not implemented. Will use default one
2023-02-24 20:26:53,334 (utils:144) INFO: The device information file is not provided
2023-02-24 20:26:53,359 (cfg_data:145) WARNING: config `cfg.data.batch_size` will be removed in the future, use `cfg.dataloader.batch_size` instead.
2023-02-24 20:26:53,359 (cfg_fl_setting:123) WARNING: In local/global training mode, the sampling related configs are in-valid, we will use all clients. 
2023-02-24 20:26:53,359 (cfg_fl_setting:128) INFO: In global training mode, we will put all data in a proxy client. 
2023-02-24 20:26:53,382 (config:243) INFO: the used configs are: 
aggregator:
  inside_weight: 1.0
  num_agg_groups: 1
  num_agg_topk: []
  outside_weight: 0.0
asyn:
  use: False
attack:
  alpha_TV: 0.001
  alpha_prop_loss: 0
  attack_method: 
  attacker_id: -1
  classifier_PIA: randomforest
  edge_num: 100
  edge_path: edge_data/
  freq: 10
  info_diff_type: l2
  inject_round: 0
  insert_round: 100000
  label_type: dirty
  max_ite: 400
  mean: [0.1307]
  mia_is_simulate_in: False
  mia_simulate_in_round: 20
  pgd_eps: 2
  pgd_lr: 0.1
  pgd_poisoning: False
  poison_ratio: 0.5
  reconstruct_lr: 0.01
  reconstruct_optim: Adam
  scale_para: 1.0
  scale_poisoning: False
  self_epoch: 6
  self_lr: 0.05
  self_opt: False
  setting: fix
  std: [0.3081]
  target_label_ind: -1
  trigger_path: trigger/
  trigger_type: edge
backend: torch
cfg_file: 
check_completeness: False
criterion:
  type: CrossEntropyLoss
data:
  args: []
  batch_size: 16
  cSBM_phi: [0.5, 0.5, 0.5]
  cache_dir: 
  consistent_label_distribution: False
  drop_last: False
  hetero_data_name: []
  hetero_synth_batch_size: 32
  hetero_synth_feat_dim: 128
  hetero_synth_prim_weight: 0.5
  is_debug: False
  loader: 
  max_query_len: 128
  max_seq_len: 384
  max_tgt_len: 128
  num_contrast: 0
  num_of_client_for_data: []
  num_steps: 30
  num_workers: 0
  pre_transform: []
  quadratic:
    dim: 1
    max_curv: 12.5
    min_curv: 0.02
  root: data/
  save_data: False
  server_holds_all: False
  shuffle: True
  sizes: [10, 5]
  splits: [0.8, 0, 0.2]
  splitter: lda
  splitter_args: [{'alpha': 0.1}]
  subsample: 1.0
  target_transform: []
  test_pre_transform: []
  test_target_transform: []
  test_transform: []
  transform: []
  trunc_stride: 128
  type: lung100
  val_pre_transform: []
  val_target_transform: []
  val_transform: []
  walk_length: 2
dataloader:
  batch_size: 16
  drop_last: False
  num_steps: 30
  num_workers: 0
  pin_memory: False
  shuffle: True
  sizes: [10, 5]
  theta: -1
  type: base
  walk_length: 2
device: 0
distribute:
  use: False
early_stop:
  delta: 0.0
  improve_indicator_mode: best
  patience: 5
eval:
  best_res_update_round_wise_key: test_loss
  count_flops: True
  freq: 1
  metrics: ['acc', 'correct', 'f1']
  monitoring: []
  report: ['weighted_avg', 'avg', 'fairness', 'raw']
  split: ['test', 'val']
expname: global_convnet5_on_lung100_lr0.01_lstep1
expname_tag: 
feat_engr:
  num_bins: 5
  scenario: hfl
  secure:
    dp:
      
    encrypt:
      type: dummy
    key_size: 3072
    type: encrypt
  selec_threshold: 0.05
  selec_woe_binning: quantile
  type: 
federate:
  atc_load_from: 
  atc_vanilla: False
  client_num: 1
  data_weighted_aggr: False
  ignore_weight: False
  join_in_info: []
  make_global_eval: False
  merge_test_data: False
  method: global
  mode: standalone
  online_aggr: False
  resource_info_file: 
  restore_from: 
  sample_client_num: 1
  sample_client_rate: -1.0
  sampler: uniform
  save_to: 
  share_local_model: False
  total_round_num: 10
  unseen_clients_rate: 0.0
  use_diff: False
  use_ss: False
fedopt:
  use: False
fedprox:
  use: False
fedsageplus:
  a: 1.0
  b: 1.0
  c: 1.0
  fedgen_epoch: 200
  gen_hidden: 128
  hide_portion: 0.5
  loc_epoch: 1
  num_pred: 5
finetune:
  batch_or_epoch: epoch
  before_eval: False
  freeze_param: 
  local_update_steps: 1
  optimizer:
    lr: 0.1
    type: SGD
  scheduler:
    type: 
    warmup_ratio: 0.0
flitplus:
  factor_ema: 0.8
  lambdavat: 0.5
  tmpFed: 0.5
  weightReg: 1.0
gcflplus:
  EPS_1: 0.05
  EPS_2: 0.1
  seq_length: 5
  standardize: False
grad:
  grad_accum_count: 1
  grad_clip: 5.0
hpo:
  fedex:
    cutoff: 0.0
    diff: False
    eta0: -1.0
    flatten_ss: True
    gamma: 0.0
    pi_lr: 0.01
    psn: False
    sched: auto
    ss: 
    use: False
  init_cand_num: 16
  larger_better: False
  metric: client_summarized_weighted_avg.val_loss
  num_workers: 0
  pbt:
    max_stage: 5
    perf_threshold: 0.1
  scheduler: rs
  sha:
    budgets: []
    elim_rate: 3
    iter: 0
  ss: 
  table:
    eps: 0.1
    idx: 0
    num: 27
  working_folder: hpo
model:
  contrast_temp: 1.0
  contrast_topk: 100
  downstream_tasks: []
  dropout: 0.0
  embed_size: 8
  gamma: 0
  graph_pooling: mean
  hidden: 2048
  in_channels: 0
  input_shape: ()
  label_smoothing: 0.1
  lambda_: 0.1
  layer: 2
  length_penalty: 2.0
  max_answer_len: 30
  max_length: 200
  max_tree_depth: 3
  min_length: 1
  model_num_per_trainer: 1
  model_type: google/bert_uncased_L-2_H-128_A-2
  n_best_size: 20
  no_repeat_ngram_size: 3
  null_score_diff_threshold: 0.0
  num_beams: 5
  num_item: 0
  num_labels: 1
  num_of_trees: 10
  num_user: 0
  out_channels: 62
  pretrain_tasks: []
  stage: 
  task: node
  type: convnet5
  use_bias: True
  use_contrastive_loss: False
nbafl:
  use: False
outdir: exp/global_convnet5_on_lung100_lr0.01_lstep1
personalization:
  K: 5
  beta: 1.0
  local_param: []
  local_update_steps: 1
  lr: 0.01
  regular_weight: 0.1
  share_non_trainable_para: False
print_decimal_digits: 6
regularizer:
  mu: 0.0
  type: 
seed: 2
sgdmf:
  use: False
train:
  batch_or_epoch: epoch
  local_update_steps: 1
  optimizer:
    lr: 0.01
    type: SGD
    weight_decay: 0.0
  scheduler:
    type: 
    warmup_ratio: 0.0
trainer:
  disp_freq: 50
  local_entropy:
    alpha: 0.75
    eps: 0.001
    gamma: 0.0001
  sam:
    adaptive: False
    eta: 0.0
    rho: 1.0
  type: cvtrainer
  val_freq: 100000000
use_gpu: True
verbose: 1
vertical:
  use: False
wandb:
  use: False
2023-02-24 20:26:53,523 (fed_runner:169) INFO: Server has been set up ... 
2023-02-24 20:26:53,663 (fed_runner:221) INFO: Client 1 has been set up ... 
<<<<<<< HEAD
2023-02-24 20:26:53,663 (trainer:341) INFO: Model meta-info: <class 'medscale.cv.model.cnn.ConvNet5'>.
=======
<<<<<<< HEAD
2023-02-24 20:26:53,663 (trainer:341) INFO: Model meta-info: <class 'medscale.cv.model.cnn.ConvNet5'>.
=======
2023-02-24 20:26:53,663 (trainer:341) INFO: Model meta-info: <class 'medscale.cv.model.cnn.ConvNet5'>.
>>>>>>> fe4962455354c9c11afd9c9806ceda28eb280737
>>>>>>> 64b283ee525ef53c32509882719e74890329b83f
2023-02-24 20:26:53,664 (trainer:349) INFO: Num of original para names: 39.
2023-02-24 20:26:53,664 (trainer:350) INFO: Num of original trainable para names: 24.
2023-02-24 20:26:53,664 (trainer:352) INFO: Num of preserved para names in local update: 0. 
Preserved para names in local update: set().
2023-02-24 20:26:53,664 (trainer:356) INFO: Num of filtered para names in local update: 39. 
Filtered para names in local update: {'bn5.num_batches_tracked', 'bn5.bias', 'conv2.weight', 'bn2.num_batches_tracked', 'conv3.bias', 'fc1.weight', 'conv4.weight', 'conv5.weight', 'fc2.bias', 'bn3.weight', 'bn1.weight', 'conv2.bias', 'bn3.running_mean', 'bn5.running_mean', 'bn3.running_var', 'conv1.weight', 'bn1.running_mean', 'bn5.running_var', 'bn1.running_var', 'bn1.num_batches_tracked', 'conv1.bias', 'bn2.bias', 'bn2.running_var', 'fc1.bias', 'conv3.weight', 'bn5.weight', 'fc2.weight', 'bn2.weight', 'bn3.num_batches_tracked', 'bn2.running_mean', 'bn4.bias', 'conv4.bias', 'bn4.running_mean', 'bn4.running_var', 'conv5.bias', 'bn3.bias', 'bn4.num_batches_tracked', 'bn1.bias', 'bn4.weight'}.
2023-02-24 20:26:53,664 (trainer:361) INFO: After register default hooks,
	the hooks_in_train is:
	{
	  "on_fit_start": [
	    "_hook_on_fit_start_init",
	    "_hook_on_fit_start_calculate_model_size"
	  ],
	  "on_epoch_start": [
	    "_hook_on_epoch_start"
	  ],
	  "on_batch_start": [
	    "_hook_on_batch_start_init"
	  ],
	  "on_batch_forward": [
	    "_hook_on_batch_forward",
	    "_hook_on_batch_forward_regularizer",
	    "_hook_on_batch_forward_flop_count"
	  ],
	  "on_batch_backward": [
	    "_hook_on_batch_backward"
	  ],
	  "on_batch_end": [
	    "_hook_on_batch_end"
	  ],
	  "on_fit_end": [
	    "_hook_on_fit_end"
	  ]
	};
	the hooks_in_eval is:
            t{
	  "on_fit_start": [
	    "_hook_on_fit_start_init"
	  ],
	  "on_epoch_start": [
	    "_hook_on_epoch_start"
	  ],
	  "on_batch_start": [
	    "_hook_on_batch_start_init"
	  ],
	  "on_batch_forward": [
	    "_hook_on_batch_forward"
	  ],
	  "on_batch_end": [
	    "_hook_on_batch_end"
	  ],
	  "on_fit_end": [
	    "_hook_on_fit_end"
	  ]
	}
2023-02-24 20:26:53,673 (server:804) INFO: ----------- Starting training (Round #0) -------------
2023-02-24 20:27:03,867 (client:306) INFO: {'Role': 'Client #1', 'Round': 0, 'Results_raw': {'train_total': 877, 'train_acc': 0.630559, 'train_correct': 553.0, 'train_loss': 927.605591, 'train_avg_loss': 1.057703, 'train_f1': 0.221628}}
2023-02-24 20:27:03,868 (monitor:541) INFO: {'Role': 'Server #', 'Round': 0, 'Results_model_metric': {}}
2023-02-24 20:27:03,870 (server:330) INFO: Server: Starting evaluation at the end of round 0.
2023-02-24 20:27:03,870 (server:336) INFO: ----------- Starting a new training round (Round #1) -------------
2023-02-24 20:27:05,496 (context:294) WARNING: No val_data or val_loader in the trainer, will skip evaluation.If this is not the case you want, please check whether there is typo for the name
2023-02-24 20:27:12,330 (client:306) INFO: {'Role': 'Client #1', 'Round': 1, 'Results_raw': {'train_total': 877, 'train_acc': 0.758267, 'train_correct': 665.0, 'train_loss': 545.086275, 'train_avg_loss': 0.621535, 'train_f1': 0.576911}}
2023-02-24 20:27:12,331 (server:590) INFO: {'Role': 'Server #', 'Round': 0, 'Results_weighted_avg': {'test_total': 220.0, 'test_acc': 0.668182, 'test_correct': 147.0, 'test_loss': 182.526501, 'test_avg_loss': 0.829666, 'test_f1': 0.420107}, 'Results_avg': {'test_total': 220.0, 'test_acc': 0.668182, 'test_correct': 147.0, 'test_loss': 182.526501, 'test_avg_loss': 0.829666, 'test_f1': 0.420107}, 'Results_fairness': {'test_total': 220.0, 'test_acc': [0.668182], 'test_correct': 147.0, 'test_loss': [182.526501], 'test_avg_loss': [0.829666], 'test_f1': [0.420107]}}
2023-02-24 20:27:12,332 (monitor:541) INFO: {'Role': 'Server #', 'Round': 1, 'Results_model_metric': {}}
2023-02-24 20:27:12,333 (server:330) INFO: Server: Starting evaluation at the end of round 1.
2023-02-24 20:27:12,333 (server:336) INFO: ----------- Starting a new training round (Round #2) -------------
2023-02-24 20:27:13,964 (context:294) WARNING: No val_data or val_loader in the trainer, will skip evaluation.If this is not the case you want, please check whether there is typo for the name
2023-02-24 20:27:20,746 (client:306) INFO: {'Role': 'Client #1', 'Round': 2, 'Results_raw': {'train_total': 877, 'train_acc': 0.833523, 'train_correct': 731.0, 'train_loss': 391.270589, 'train_avg_loss': 0.446147, 'train_f1': 0.636361}}
2023-02-24 20:27:20,747 (server:590) INFO: {'Role': 'Server #', 'Round': 1, 'Results_weighted_avg': {'test_total': 220.0, 'test_acc': 0.8, 'test_correct': 176.0, 'test_loss': 108.008868, 'test_avg_loss': 0.490949, 'test_f1': 0.57963}, 'Results_avg': {'test_total': 220.0, 'test_acc': 0.8, 'test_correct': 176.0, 'test_loss': 108.008868, 'test_avg_loss': 0.490949, 'test_f1': 0.57963}, 'Results_fairness': {'test_total': 220.0, 'test_acc': [0.8], 'test_correct': 176.0, 'test_loss': [108.008868], 'test_avg_loss': [0.490949], 'test_f1': [0.57963]}}
2023-02-24 20:27:20,748 (monitor:541) INFO: {'Role': 'Server #', 'Round': 2, 'Results_model_metric': {}}
2023-02-24 20:27:20,749 (server:330) INFO: Server: Starting evaluation at the end of round 2.
2023-02-24 20:27:20,750 (server:336) INFO: ----------- Starting a new training round (Round #3) -------------
2023-02-24 20:27:22,388 (context:294) WARNING: No val_data or val_loader in the trainer, will skip evaluation.If this is not the case you want, please check whether there is typo for the name
2023-02-24 20:27:29,174 (client:306) INFO: {'Role': 'Client #1', 'Round': 3, 'Results_raw': {'train_total': 877, 'train_acc': 0.866591, 'train_correct': 760.0, 'train_loss': 300.90018, 'train_avg_loss': 0.343102, 'train_f1': 0.728879}}
2023-02-24 20:27:29,175 (server:590) INFO: {'Role': 'Server #', 'Round': 2, 'Results_weighted_avg': {'test_total': 220.0, 'test_acc': 0.754545, 'test_correct': 166.0, 'test_loss': 144.937218, 'test_avg_loss': 0.658806, 'test_f1': 0.657835}, 'Results_avg': {'test_total': 220.0, 'test_acc': 0.754545, 'test_correct': 166.0, 'test_loss': 144.937218, 'test_avg_loss': 0.658806, 'test_f1': 0.657835}, 'Results_fairness': {'test_total': 220.0, 'test_acc': [0.754545], 'test_correct': 166.0, 'test_loss': [144.937218], 'test_avg_loss': [0.658806], 'test_f1': [0.657835]}}
2023-02-24 20:27:29,175 (monitor:541) INFO: {'Role': 'Server #', 'Round': 3, 'Results_model_metric': {}}
2023-02-24 20:27:29,177 (server:330) INFO: Server: Starting evaluation at the end of round 3.
2023-02-24 20:27:29,177 (server:336) INFO: ----------- Starting a new training round (Round #4) -------------
2023-02-24 20:27:30,837 (context:294) WARNING: No val_data or val_loader in the trainer, will skip evaluation.If this is not the case you want, please check whether there is typo for the name
2023-02-24 20:27:37,887 (client:306) INFO: {'Role': 'Client #1', 'Round': 4, 'Results_raw': {'train_total': 877, 'train_acc': 0.877993, 'train_correct': 770.0, 'train_loss': 253.533676, 'train_avg_loss': 0.289092, 'train_f1': 0.766528}}
2023-02-24 20:27:37,888 (server:590) INFO: {'Role': 'Server #', 'Round': 3, 'Results_weighted_avg': {'test_total': 220.0, 'test_acc': 0.886364, 'test_correct': 195.0, 'test_loss': 63.361215, 'test_avg_loss': 0.288006, 'test_f1': 0.669441}, 'Results_avg': {'test_total': 220.0, 'test_acc': 0.886364, 'test_correct': 195.0, 'test_loss': 63.361215, 'test_avg_loss': 0.288006, 'test_f1': 0.669441}, 'Results_fairness': {'test_total': 220.0, 'test_acc': [0.886364], 'test_correct': 195.0, 'test_loss': [63.361215], 'test_avg_loss': [0.288006], 'test_f1': [0.669441]}}
2023-02-24 20:27:37,889 (monitor:541) INFO: {'Role': 'Server #', 'Round': 4, 'Results_model_metric': {}}
2023-02-24 20:27:37,890 (server:330) INFO: Server: Starting evaluation at the end of round 4.
2023-02-24 20:27:37,890 (server:336) INFO: ----------- Starting a new training round (Round #5) -------------
2023-02-24 20:27:39,557 (context:294) WARNING: No val_data or val_loader in the trainer, will skip evaluation.If this is not the case you want, please check whether there is typo for the name
2023-02-24 20:27:46,425 (client:306) INFO: {'Role': 'Client #1', 'Round': 5, 'Results_raw': {'train_total': 877, 'train_acc': 0.906499, 'train_correct': 795.0, 'train_loss': 205.456789, 'train_avg_loss': 0.234272, 'train_f1': 0.824831}}
2023-02-24 20:27:46,426 (server:590) INFO: {'Role': 'Server #', 'Round': 4, 'Results_weighted_avg': {'test_total': 220.0, 'test_acc': 0.868182, 'test_correct': 191.0, 'test_loss': 57.79332, 'test_avg_loss': 0.262697, 'test_f1': 0.697635}, 'Results_avg': {'test_total': 220.0, 'test_acc': 0.868182, 'test_correct': 191.0, 'test_loss': 57.79332, 'test_avg_loss': 0.262697, 'test_f1': 0.697635}, 'Results_fairness': {'test_total': 220.0, 'test_acc': [0.868182], 'test_correct': 191.0, 'test_loss': [57.79332], 'test_avg_loss': [0.262697], 'test_f1': [0.697635]}}
2023-02-24 20:27:46,427 (monitor:541) INFO: {'Role': 'Server #', 'Round': 5, 'Results_model_metric': {}}
2023-02-24 20:27:46,428 (server:330) INFO: Server: Starting evaluation at the end of round 5.
2023-02-24 20:27:46,428 (server:336) INFO: ----------- Starting a new training round (Round #6) -------------
2023-02-24 20:27:48,080 (context:294) WARNING: No val_data or val_loader in the trainer, will skip evaluation.If this is not the case you want, please check whether there is typo for the name
2023-02-24 20:27:54,968 (client:306) INFO: {'Role': 'Client #1', 'Round': 6, 'Results_raw': {'train_total': 877, 'train_acc': 0.929304, 'train_correct': 815.0, 'train_loss': 169.966614, 'train_avg_loss': 0.193805, 'train_f1': 0.855745}}
2023-02-24 20:27:54,969 (server:590) INFO: {'Role': 'Server #', 'Round': 5, 'Results_weighted_avg': {'test_total': 220.0, 'test_acc': 0.913636, 'test_correct': 201.0, 'test_loss': 46.705031, 'test_avg_loss': 0.212296, 'test_f1': 0.842548}, 'Results_avg': {'test_total': 220.0, 'test_acc': 0.913636, 'test_correct': 201.0, 'test_loss': 46.705031, 'test_avg_loss': 0.212296, 'test_f1': 0.842548}, 'Results_fairness': {'test_total': 220.0, 'test_acc': [0.913636], 'test_correct': 201.0, 'test_loss': [46.705031], 'test_avg_loss': [0.212296], 'test_f1': [0.842548]}}
2023-02-24 20:27:54,970 (monitor:541) INFO: {'Role': 'Server #', 'Round': 6, 'Results_model_metric': {}}
2023-02-24 20:27:54,972 (server:330) INFO: Server: Starting evaluation at the end of round 6.
2023-02-24 20:27:54,972 (server:336) INFO: ----------- Starting a new training round (Round #7) -------------
2023-02-24 20:27:56,650 (context:294) WARNING: No val_data or val_loader in the trainer, will skip evaluation.If this is not the case you want, please check whether there is typo for the name
2023-02-24 20:28:03,781 (client:306) INFO: {'Role': 'Client #1', 'Round': 7, 'Results_raw': {'train_total': 877, 'train_acc': 0.95325, 'train_correct': 836.0, 'train_loss': 136.149914, 'train_avg_loss': 0.155245, 'train_f1': 0.90905}}
2023-02-24 20:28:03,782 (server:590) INFO: {'Role': 'Server #', 'Round': 6, 'Results_weighted_avg': {'test_total': 220.0, 'test_acc': 0.813636, 'test_correct': 179.0, 'test_loss': 79.373409, 'test_avg_loss': 0.360788, 'test_f1': 0.706722}, 'Results_avg': {'test_total': 220.0, 'test_acc': 0.813636, 'test_correct': 179.0, 'test_loss': 79.373409, 'test_avg_loss': 0.360788, 'test_f1': 0.706722}, 'Results_fairness': {'test_total': 220.0, 'test_acc': [0.813636], 'test_correct': 179.0, 'test_loss': [79.373409], 'test_avg_loss': [0.360788], 'test_f1': [0.706722]}}
2023-02-24 20:28:03,783 (monitor:541) INFO: {'Role': 'Server #', 'Round': 7, 'Results_model_metric': {}}
2023-02-24 20:28:03,784 (server:330) INFO: Server: Starting evaluation at the end of round 7.
2023-02-24 20:28:03,784 (server:336) INFO: ----------- Starting a new training round (Round #8) -------------
2023-02-24 20:28:05,440 (context:294) WARNING: No val_data or val_loader in the trainer, will skip evaluation.If this is not the case you want, please check whether there is typo for the name
2023-02-24 20:28:12,350 (client:306) INFO: {'Role': 'Client #1', 'Round': 8, 'Results_raw': {'train_total': 877, 'train_acc': 0.957811, 'train_correct': 840.0, 'train_loss': 104.221057, 'train_avg_loss': 0.118838, 'train_f1': 0.923127}}
2023-02-24 20:28:12,351 (server:590) INFO: {'Role': 'Server #', 'Round': 7, 'Results_weighted_avg': {'test_total': 220.0, 'test_acc': 0.881818, 'test_correct': 194.0, 'test_loss': 64.965959, 'test_avg_loss': 0.2953, 'test_f1': 0.835043}, 'Results_avg': {'test_total': 220.0, 'test_acc': 0.881818, 'test_correct': 194.0, 'test_loss': 64.965959, 'test_avg_loss': 0.2953, 'test_f1': 0.835043}, 'Results_fairness': {'test_total': 220.0, 'test_acc': [0.881818], 'test_correct': 194.0, 'test_loss': [64.965959], 'test_avg_loss': [0.2953], 'test_f1': [0.835043]}}
2023-02-24 20:28:12,351 (monitor:541) INFO: {'Role': 'Server #', 'Round': 8, 'Results_model_metric': {}}
2023-02-24 20:28:12,353 (server:330) INFO: Server: Starting evaluation at the end of round 8.
2023-02-24 20:28:12,354 (server:336) INFO: ----------- Starting a new training round (Round #9) -------------
2023-02-24 20:28:14,042 (context:294) WARNING: No val_data or val_loader in the trainer, will skip evaluation.If this is not the case you want, please check whether there is typo for the name
2023-02-24 20:28:20,880 (client:306) INFO: {'Role': 'Client #1', 'Round': 9, 'Results_raw': {'train_total': 877, 'train_acc': 0.966933, 'train_correct': 848.0, 'train_loss': 88.548903, 'train_avg_loss': 0.100968, 'train_f1': 0.939679}}
2023-02-24 20:28:20,881 (server:590) INFO: {'Role': 'Server #', 'Round': 8, 'Results_weighted_avg': {'test_total': 220.0, 'test_acc': 0.940909, 'test_correct': 207.0, 'test_loss': 35.131238, 'test_avg_loss': 0.159687, 'test_f1': 0.901699}, 'Results_avg': {'test_total': 220.0, 'test_acc': 0.940909, 'test_correct': 207.0, 'test_loss': 35.131238, 'test_avg_loss': 0.159687, 'test_f1': 0.901699}, 'Results_fairness': {'test_total': 220.0, 'test_acc': [0.940909], 'test_correct': 207.0, 'test_loss': [35.131238], 'test_avg_loss': [0.159687], 'test_f1': [0.901699]}}
2023-02-24 20:28:20,882 (monitor:541) INFO: {'Role': 'Server #', 'Round': 9, 'Results_model_metric': {}}
2023-02-24 20:28:20,883 (server:347) INFO: Server: Training is finished! Starting evaluation.
2023-02-24 20:28:22,530 (context:294) WARNING: No val_data or val_loader in the trainer, will skip evaluation.If this is not the case you want, please check whether there is typo for the name
2023-02-24 20:28:22,531 (server:590) INFO: {'Role': 'Server #', 'Round': 9, 'Results_weighted_avg': {'test_total': 220.0, 'test_acc': 0.809091, 'test_correct': 178.0, 'test_loss': 98.538939, 'test_avg_loss': 0.447904, 'test_f1': 0.714354}, 'Results_avg': {'test_total': 220.0, 'test_acc': 0.809091, 'test_correct': 178.0, 'test_loss': 98.538939, 'test_avg_loss': 0.447904, 'test_f1': 0.714354}, 'Results_fairness': {'test_total': 220.0, 'test_acc': [0.809091], 'test_correct': 178.0, 'test_loss': [98.538939], 'test_avg_loss': [0.447904], 'test_f1': [0.714354]}}
2023-02-24 20:28:22,532 (server:395) INFO: Server: Final evaluation is finished! Starting merging results.
2023-02-24 20:28:22,532 (server:521) INFO: {'Role': 'Server #', 'Round': 'Final', 'Results_raw': {'client_best_individual': {'test_loss': 35.131238, 'test_total': 220.0, 'test_acc': 0.940909, 'test_correct': 207.0, 'test_avg_loss': 0.159687, 'test_f1': 0.901699}, 'client_summarized_weighted_avg': {'test_loss': 35.131238, 'test_total': 220.0, 'test_acc': 0.940909, 'test_correct': 207.0, 'test_avg_loss': 0.159687, 'test_f1': 0.901699}, 'client_summarized_avg': {'test_loss': 35.131238, 'test_total': 220.0, 'test_acc': 0.940909, 'test_correct': 207.0, 'test_avg_loss': 0.159687, 'test_f1': 0.901699}, 'client_summarized_fairness': {'test_loss': [35.131238], 'test_total': 220.0, 'test_acc': [0.940909], 'test_correct': 207.0, 'test_avg_loss': [0.159687], 'test_f1': [0.901699]}}}
2023-02-24 20:28:22,533 (server:540) INFO: {'Role': 'Client #1', 'Round': 10, 'Results_raw': {'test_total': 220, 'test_acc': 0.809091, 'test_correct': 178.0, 'test_loss': 98.538939, 'test_avg_loss': 0.447904, 'test_f1': 0.714354}}
2023-02-24 20:28:22,533 (monitor:172) INFO: In worker #0, the system-related metrics are: {'id': 0, 'fl_end_time_minutes': 1.483524, 'total_model_size': 0, 'total_flops': 0, 'total_upload_bytes': 1280, 'total_download_bytes': 9816, 'global_convergence_round': 0, 'local_convergence_round': 0, 'global_convergence_time_minutes': 0, 'local_convergence_time_minutes': 0}
2023-02-24 20:28:22,534 (client:513) INFO: ================= client 1 received finish message =================
2023-02-24 20:28:22,536 (monitor:172) INFO: In worker #1, the system-related metrics are: {'id': 1, 'fl_end_time_minutes': 1.481383, 'total_model_size': 3260030, 'total_flops': 2327893645440.0, 'total_upload_bytes': 10736, 'total_download_bytes': 1280, 'global_convergence_round': 0, 'local_convergence_round': 0, 'global_convergence_time_minutes': 0, 'local_convergence_time_minutes': 0}
2023-02-24 20:28:22,536 (monitor:337) INFO: We will compress the file eval_results.raw into a .gz file, and delete the old one
2023-02-24 20:28:22,537 (monitor:245) INFO: After merging the system metrics from all works, we got avg: defaultdict(None, {'id': 'sys_avg', 'sys_avg/fl_end_time_minutes': 1.482453, 'sys_avg/total_model_size': '1.55M', 'sys_avg/total_flops': '1.06T', 'sys_avg/total_upload_bytes': '5.87K', 'sys_avg/total_download_bytes': '5.42K', 'sys_avg/global_convergence_round': 0.0, 'sys_avg/local_convergence_round': 0.0, 'sys_avg/global_convergence_time_minutes': 0.0, 'sys_avg/local_convergence_time_minutes': 0.0})
2023-02-24 20:28:22,537 (monitor:248) INFO: After merging the system metrics from all works, we got std: defaultdict(None, {'id': 'sys_std', 'sys_std/fl_end_time_minutes': 0.001071, 'sys_std/total_model_size': '1.55M', 'sys_std/total_flops': '1.06T', 'sys_std/total_upload_bytes': '4.62K', 'sys_std/total_download_bytes': '4.17K', 'sys_std/global_convergence_round': 0.0, 'sys_std/local_convergence_round': 0.0, 'sys_std/global_convergence_time_minutes': 0.0, 'sys_std/local_convergence_time_minutes': 0.0})
