2023-02-17 19:37:28,752 (logging:124) INFO: the current machine is at 192.168.0.1
2023-02-17 19:37:28,752 (logging:126) INFO: the current dir is /home/ubuntu/medscale
2023-02-17 19:37:28,752 (logging:127) INFO: the output dir is exp/FedAvg_convnet2_on_lung_lr0.01_lstep2
2023-02-17 19:37:42,450 (cfg_data:145) WARNING: config `cfg.data.batch_size` will be removed in the future, use `cfg.dataloader.batch_size` instead.
2023-02-17 19:37:42,450 (cfg_data:145) WARNING: config `cfg.data.batch_size` will be removed in the future, use `cfg.dataloader.batch_size` instead.
2023-02-17 19:37:42,474 (config:243) INFO: the used configs are: 
aggregator:
  inside_weight: 1.0
  num_agg_groups: 1
  num_agg_topk: []
  outside_weight: 0.0
asyn:
  use: False
attack:
  alpha_TV: 0.001
  alpha_prop_loss: 0
  attack_method: 
  attacker_id: -1
  classifier_PIA: randomforest
  edge_num: 100
  edge_path: edge_data/
  freq: 10
  info_diff_type: l2
  inject_round: 0
  insert_round: 100000
  label_type: dirty
  max_ite: 400
  mean: [0.1307]
  mia_is_simulate_in: False
  mia_simulate_in_round: 20
  pgd_eps: 2
  pgd_lr: 0.1
  pgd_poisoning: False
  poison_ratio: 0.5
  reconstruct_lr: 0.01
  reconstruct_optim: Adam
  scale_para: 1.0
  scale_poisoning: False
  self_epoch: 6
  self_lr: 0.05
  self_opt: False
  setting: fix
  std: [0.3081]
  target_label_ind: -1
  trigger_path: trigger/
  trigger_type: edge
backend: torch
cfg_file: 
check_completeness: False
criterion:
  type: CrossEntropyLoss
data:
  args: []
  batch_size: 16
  cSBM_phi: [0.5, 0.5, 0.5]
  cache_dir: 
  consistent_label_distribution: False
  drop_last: False
  hetero_data_name: []
  hetero_synth_batch_size: 32
  hetero_synth_feat_dim: 128
  hetero_synth_prim_weight: 0.5
  is_debug: False
  loader: 
  max_query_len: 128
  max_seq_len: 384
  max_tgt_len: 128
  num_contrast: 0
  num_of_client_for_data: []
  num_steps: 30
  num_workers: 0
  pre_transform: []
  quadratic:
    dim: 1
    max_curv: 12.5
    min_curv: 0.02
  root: data/
  save_data: False
  server_holds_all: False
  shuffle: True
  sizes: [10, 5]
  splits: [0.8, 0, 0.2]
  splitter: lda
  splitter_args: [{'alpha': 0.3}]
  subsample: 1.0
  target_transform: []
  test_pre_transform: []
  test_target_transform: []
  test_transform: []
  transform: []
  trunc_stride: 128
  type: lung
  val_pre_transform: []
  val_target_transform: []
  val_transform: []
  walk_length: 2
dataloader:
  batch_size: 16
  drop_last: False
  num_steps: 30
  num_workers: 0
  pin_memory: False
  shuffle: True
  sizes: [10, 5]
  theta: -1
  type: base
  walk_length: 2
device: 0
distribute:
  use: False
early_stop:
  delta: 0.0
  improve_indicator_mode: best
  patience: 5
eval:
  best_res_update_round_wise_key: test_loss
  count_flops: True
  freq: 1
  metrics: ['acc', 'correct', 'f1']
  monitoring: []
  report: ['weighted_avg', 'avg', 'fairness', 'raw']
  split: ['test', 'val']
expname: FedAvg_convnet2_on_lung_lr0.01_lstep2
expname_tag: 
feat_engr:
  num_bins: 5
  scenario: hfl
  secure:
    dp:
      
    encrypt:
      type: dummy
    key_size: 3072
    type: encrypt
  selec_threshold: 0.05
  selec_woe_binning: quantile
  type: 
federate:
  atc_load_from: 
  atc_vanilla: False
  client_num: 10
  data_weighted_aggr: False
  ignore_weight: False
  join_in_info: []
  make_global_eval: False
  merge_test_data: False
  method: FedAvg
  mode: standalone
  online_aggr: False
  resource_info_file: 
  restore_from: 
  sample_client_num: 10
  sample_client_rate: -1.0
  sampler: uniform
  save_to: 
  share_local_model: False
  total_round_num: 10
  unseen_clients_rate: 0.0
  use_diff: False
  use_ss: False
fedopt:
  use: False
fedprox:
  use: False
fedsageplus:
  a: 1.0
  b: 1.0
  c: 1.0
  fedgen_epoch: 200
  gen_hidden: 128
  hide_portion: 0.5
  loc_epoch: 1
  num_pred: 5
finetune:
  batch_or_epoch: epoch
  before_eval: False
  freeze_param: 
  local_update_steps: 1
  optimizer:
    lr: 0.1
    type: SGD
  scheduler:
    type: 
    warmup_ratio: 0.0
flitplus:
  factor_ema: 0.8
  lambdavat: 0.5
  tmpFed: 0.5
  weightReg: 1.0
gcflplus:
  EPS_1: 0.05
  EPS_2: 0.1
  seq_length: 5
  standardize: False
grad:
  grad_accum_count: 1
  grad_clip: 5.0
hpo:
  fedex:
    cutoff: 0.0
    diff: False
    eta0: -1.0
    flatten_ss: True
    gamma: 0.0
    pi_lr: 0.01
    psn: False
    sched: auto
    ss: 
    use: False
  init_cand_num: 16
  larger_better: False
  metric: client_summarized_weighted_avg.val_loss
  num_workers: 0
  pbt:
    max_stage: 5
    perf_threshold: 0.1
  scheduler: rs
  sha:
    budgets: []
    elim_rate: 3
    iter: 0
  ss: 
  table:
    eps: 0.1
    idx: 0
    num: 27
  working_folder: hpo
model:
  contrast_temp: 1.0
  contrast_topk: 100
  downstream_tasks: []
  dropout: 0.0
  embed_size: 8
  gamma: 0
  graph_pooling: mean
  hidden: 2048
  in_channels: 0
  input_shape: ()
  label_smoothing: 0.1
  lambda_: 0.1
  layer: 2
  length_penalty: 2.0
  max_answer_len: 30
  max_length: 200
  max_tree_depth: 3
  min_length: 1
  model_num_per_trainer: 1
  model_type: google/bert_uncased_L-2_H-128_A-2
  n_best_size: 20
  no_repeat_ngram_size: 3
  null_score_diff_threshold: 0.0
  num_beams: 5
  num_item: 0
  num_labels: 1
  num_of_trees: 10
  num_user: 0
  out_channels: 62
  pretrain_tasks: []
  stage: 
  task: node
  type: convnet2
  use_bias: True
  use_contrastive_loss: False
nbafl:
  use: False
outdir: exp/FedAvg_convnet2_on_lung_lr0.01_lstep2
personalization:
  K: 5
  beta: 1.0
  local_param: []
  local_update_steps: 2
  lr: 0.01
  regular_weight: 0.1
  share_non_trainable_para: False
print_decimal_digits: 6
regularizer:
  mu: 0.0
  type: 
seed: 2
sgdmf:
  use: False
train:
  batch_or_epoch: epoch
  local_update_steps: 2
  optimizer:
    lr: 0.01
    type: SGD
    weight_decay: 0.0
  scheduler:
    type: 
    warmup_ratio: 0.0
trainer:
  disp_freq: 50
  local_entropy:
    alpha: 0.75
    eps: 0.001
    gamma: 0.0001
  sam:
    adaptive: False
    eta: 0.0
    rho: 1.0
  type: cvtrainer
  val_freq: 100000000
use_gpu: True
verbose: 1
vertical:
  use: False
wandb:
  use: False
2023-02-17 19:37:42,623 (utils:144) INFO: The device information file is not provided
2023-02-17 19:37:43,243 (fed_runner:169) INFO: Server has been set up ... 
2023-02-17 19:37:44,051 (fed_runner:221) INFO: Client 1 has been set up ... 
2023-02-17 19:37:44,841 (fed_runner:221) INFO: Client 2 has been set up ... 
2023-02-17 19:37:45,548 (fed_runner:221) INFO: Client 3 has been set up ... 
2023-02-17 19:37:46,330 (fed_runner:221) INFO: Client 4 has been set up ... 
2023-02-17 19:37:47,007 (fed_runner:221) INFO: Client 5 has been set up ... 
2023-02-17 19:37:47,797 (fed_runner:221) INFO: Client 6 has been set up ... 
2023-02-17 19:37:48,508 (fed_runner:221) INFO: Client 7 has been set up ... 
2023-02-17 19:37:49,295 (fed_runner:221) INFO: Client 8 has been set up ... 
2023-02-17 19:37:50,076 (fed_runner:221) INFO: Client 9 has been set up ... 
2023-02-17 19:37:50,854 (fed_runner:221) INFO: Client 10 has been set up ... 
<<<<<<< HEAD
2023-02-17 19:37:50,855 (trainer:341) INFO: Model meta-info: <class 'medscale.cv.model.cnn.ConvNet2'>.
=======
<<<<<<< HEAD
2023-02-17 19:37:50,855 (trainer:341) INFO: Model meta-info: <class 'medscale.cv.model.cnn.ConvNet2'>.
=======
2023-02-17 19:37:50,855 (trainer:341) INFO: Model meta-info: <class 'medscale.cv.model.cnn.ConvNet2'>.
>>>>>>> fe4962455354c9c11afd9c9806ceda28eb280737
>>>>>>> 64b283ee525ef53c32509882719e74890329b83f
2023-02-17 19:37:50,856 (trainer:349) INFO: Num of original para names: 18.
2023-02-17 19:37:50,856 (trainer:350) INFO: Num of original trainable para names: 12.
2023-02-17 19:37:50,856 (trainer:352) INFO: Num of preserved para names in local update: 18. 
Preserved para names in local update: {'bn2.running_var', 'bn2.running_mean', 'bn1.bias', 'fc2.bias', 'bn1.weight', 'conv1.bias', 'conv2.bias', 'bn2.num_batches_tracked', 'bn1.running_var', 'bn2.bias', 'fc1.weight', 'conv1.weight', 'bn1.num_batches_tracked', 'bn1.running_mean', 'fc2.weight', 'conv2.weight', 'bn2.weight', 'fc1.bias'}.
2023-02-17 19:37:50,857 (trainer:356) INFO: Num of filtered para names in local update: 0. 
Filtered para names in local update: set().
2023-02-17 19:37:50,857 (trainer:361) INFO: After register default hooks,
	the hooks_in_train is:
	{
	  "on_fit_start": [
	    "_hook_on_fit_start_init",
	    "_hook_on_fit_start_calculate_model_size"
	  ],
	  "on_epoch_start": [
	    "_hook_on_epoch_start"
	  ],
	  "on_batch_start": [
	    "_hook_on_batch_start_init"
	  ],
	  "on_batch_forward": [
	    "_hook_on_batch_forward",
	    "_hook_on_batch_forward_regularizer",
	    "_hook_on_batch_forward_flop_count"
	  ],
	  "on_batch_backward": [
	    "_hook_on_batch_backward"
	  ],
	  "on_batch_end": [
	    "_hook_on_batch_end"
	  ],
	  "on_fit_end": [
	    "_hook_on_fit_end"
	  ]
	};
	the hooks_in_eval is:
            t{
	  "on_fit_start": [
	    "_hook_on_fit_start_init"
	  ],
	  "on_epoch_start": [
	    "_hook_on_epoch_start"
	  ],
	  "on_batch_start": [
	    "_hook_on_batch_start_init"
	  ],
	  "on_batch_forward": [
	    "_hook_on_batch_forward"
	  ],
	  "on_batch_end": [
	    "_hook_on_batch_end"
	  ],
	  "on_fit_end": [
	    "_hook_on_fit_end"
	  ]
	}
2023-02-17 19:37:51,093 (server:804) INFO: ----------- Starting training (Round #0) -------------
2023-02-17 19:38:12,999 (client:306) INFO: {'Role': 'Client #9', 'Round': 0, 'Results_raw': {'train_f1': 0.133333, 'train_correct': 6.0, 'train_total': 12, 'train_loss': 35.934499, 'train_avg_loss': 2.994542, 'train_acc': 0.5}}
2023-02-17 19:38:16,740 (client:306) INFO: {'Role': 'Client #3', 'Round': 0, 'Results_raw': {'train_f1': 0.118794, 'train_correct': 402.0, 'train_total': 446, 'train_loss': 229.975043, 'train_avg_loss': 0.515639, 'train_acc': 0.901345}}
2023-02-17 19:38:19,325 (client:306) INFO: {'Role': 'Client #10', 'Round': 0, 'Results_raw': {'train_f1': 0.116175, 'train_correct': 192.0, 'train_total': 296, 'train_loss': 332.140409, 'train_avg_loss': 1.122096, 'train_acc': 0.648649}}
2023-02-17 19:38:22,358 (client:306) INFO: {'Role': 'Client #8', 'Round': 0, 'Results_raw': {'train_f1': 0.133118, 'train_correct': 280.0, 'train_total': 348, 'train_loss': 260.978183, 'train_avg_loss': 0.749937, 'train_acc': 0.804598}}
2023-02-17 19:38:22,894 (client:306) INFO: {'Role': 'Client #1', 'Round': 0, 'Results_raw': {'train_f1': 0.222222, 'train_correct': 7.0, 'train_total': 14, 'train_loss': 41.950017, 'train_avg_loss': 2.99643, 'train_acc': 0.5}}
2023-02-17 19:38:23,683 (client:306) INFO: {'Role': 'Client #2', 'Round': 0, 'Results_raw': {'train_f1': 0.07, 'train_correct': 42.0, 'train_total': 62, 'train_loss': 119.037364, 'train_avg_loss': 1.919957, 'train_acc': 0.677419}}
2023-02-17 19:38:25,612 (client:306) INFO: {'Role': 'Client #4', 'Round': 0, 'Results_raw': {'train_f1': 0.106383, 'train_correct': 180.0, 'train_total': 196, 'train_loss': 97.319215, 'train_avg_loss': 0.496527, 'train_acc': 0.918367}}
2023-02-17 19:38:26,170 (client:306) INFO: {'Role': 'Client #7', 'Round': 0, 'Results_raw': {'train_f1': 0.075, 'train_correct': 12.0, 'train_total': 32, 'train_loss': 104.773716, 'train_avg_loss': 3.274179, 'train_acc': 0.375}}
2023-02-17 19:38:28,982 (client:306) INFO: {'Role': 'Client #5', 'Round': 0, 'Results_raw': {'train_f1': 0.101145, 'train_correct': 181.0, 'train_total': 330, 'train_loss': 367.428643, 'train_avg_loss': 1.11342, 'train_acc': 0.548485}}
2023-02-17 19:38:29,429 (client:306) INFO: {'Role': 'Client #6', 'Round': 0, 'Results_raw': {'train_f1': 0.06087, 'train_correct': 7.0, 'train_total': 18, 'train_loss': 58.248932, 'train_avg_loss': 3.236052, 'train_acc': 0.388889}}
2023-02-17 19:38:29,432 (monitor:541) INFO: {'Role': 'Server #', 'Round': 0, 'Results_model_metric': {}}
2023-02-17 19:38:30,747 (server:330) INFO: Server: Starting evaluation at the end of round 0.
2023-02-17 19:38:30,748 (server:336) INFO: ----------- Starting a new training round (Round #1) -------------
2023-02-17 19:38:31,438 (context:294) WARNING: No val_data or val_loader in the trainer, will skip evaluation.If this is not the case you want, please check whether there is typo for the name
2023-02-17 19:38:31,807 (context:294) WARNING: No val_data or val_loader in the trainer, will skip evaluation.If this is not the case you want, please check whether there is typo for the name
2023-02-17 19:38:32,185 (context:294) WARNING: No val_data or val_loader in the trainer, will skip evaluation.If this is not the case you want, please check whether there is typo for the name
2023-02-17 19:38:32,670 (context:294) WARNING: No val_data or val_loader in the trainer, will skip evaluation.If this is not the case you want, please check whether there is typo for the name
2023-02-17 19:38:33,128 (context:294) WARNING: No val_data or val_loader in the trainer, will skip evaluation.If this is not the case you want, please check whether there is typo for the name
2023-02-17 19:38:33,715 (context:294) WARNING: No val_data or val_loader in the trainer, will skip evaluation.If this is not the case you want, please check whether there is typo for the name
2023-02-17 19:38:34,313 (context:294) WARNING: No val_data or val_loader in the trainer, will skip evaluation.If this is not the case you want, please check whether there is typo for the name
2023-02-17 19:38:34,670 (context:294) WARNING: No val_data or val_loader in the trainer, will skip evaluation.If this is not the case you want, please check whether there is typo for the name
2023-02-17 19:38:35,219 (context:294) WARNING: No val_data or val_loader in the trainer, will skip evaluation.If this is not the case you want, please check whether there is typo for the name
2023-02-17 19:38:35,724 (context:294) WARNING: No val_data or val_loader in the trainer, will skip evaluation.If this is not the case you want, please check whether there is typo for the name
2023-02-17 19:38:36,184 (client:306) INFO: {'Role': 'Client #1', 'Round': 1, 'Results_raw': {'train_f1': 0.0, 'train_correct': 0.0, 'train_total': 14, 'train_loss': 53.326962, 'train_avg_loss': 3.809069, 'train_acc': 0.0}}
2023-02-17 19:38:37,000 (client:306) INFO: {'Role': 'Client #2', 'Round': 1, 'Results_raw': {'train_f1': 0.459142, 'train_correct': 52.0, 'train_total': 62, 'train_loss': 41.773559, 'train_avg_loss': 0.673767, 'train_acc': 0.83871}}
2023-02-17 19:38:39,619 (client:306) INFO: {'Role': 'Client #10', 'Round': 1, 'Results_raw': {'train_f1': 0.380375, 'train_correct': 191.0, 'train_total': 296, 'train_loss': 225.893123, 'train_avg_loss': 0.763152, 'train_acc': 0.64527}}
2023-02-17 19:38:42,451 (client:306) INFO: {'Role': 'Client #5', 'Round': 1, 'Results_raw': {'train_f1': 0.396112, 'train_correct': 199.0, 'train_total': 330, 'train_loss': 296.000807, 'train_avg_loss': 0.896972, 'train_acc': 0.60303}}
2023-02-17 19:38:43,031 (client:306) INFO: {'Role': 'Client #7', 'Round': 1, 'Results_raw': {'train_f1': 0.119048, 'train_correct': 5.0, 'train_total': 32, 'train_loss': 94.447781, 'train_avg_loss': 2.951493, 'train_acc': 0.15625}}
2023-02-17 19:38:46,105 (client:306) INFO: {'Role': 'Client #8', 'Round': 1, 'Results_raw': {'train_f1': 0.600496, 'train_correct': 274.0, 'train_total': 348, 'train_loss': 152.051682, 'train_avg_loss': 0.43693, 'train_acc': 0.787356}}
2023-02-17 19:38:49,882 (client:306) INFO: {'Role': 'Client #3', 'Round': 1, 'Results_raw': {'train_f1': 0.522586, 'train_correct': 421.0, 'train_total': 446, 'train_loss': 98.829245, 'train_avg_loss': 0.22159, 'train_acc': 0.943946}}
2023-02-17 19:38:50,352 (client:306) INFO: {'Role': 'Client #6', 'Round': 1, 'Results_raw': {'train_f1': 0.301075, 'train_correct': 14.0, 'train_total': 18, 'train_loss': 20.45419, 'train_avg_loss': 1.136344, 'train_acc': 0.777778}}
2023-02-17 19:38:52,233 (client:306) INFO: {'Role': 'Client #4', 'Round': 1, 'Results_raw': {'train_f1': 0.494845, 'train_correct': 192.0, 'train_total': 196, 'train_loss': 12.746263, 'train_avg_loss': 0.065032, 'train_acc': 0.979592}}
2023-02-17 19:38:52,657 (client:306) INFO: {'Role': 'Client #9', 'Round': 1, 'Results_raw': {'train_f1': 0.4, 'train_correct': 8.0, 'train_total': 12, 'train_loss': 7.53912, 'train_avg_loss': 0.62826, 'train_acc': 0.666667}}
2023-02-17 19:38:52,713 (server:590) INFO: {'Role': 'Server #', 'Round': 0, 'Results_weighted_avg': {'test_f1': 0.476539, 'test_correct': 15.3, 'test_total': 22.0, 'test_loss': 43.094638, 'test_avg_loss': 1.50192, 'test_acc': 0.695455}, 'Results_avg': {'test_f1': 0.378488, 'test_correct': 15.3, 'test_total': 22.0, 'test_loss': 33.042233, 'test_avg_loss': 1.982137, 'test_acc': 0.563806}, 'Results_fairness': {'test_correct': 15.3, 'test_total': 22.0, 'test_f1_std': 0.278634, 'test_f1_bottom_decile': 0.0, 'test_f1_top_decile': 1.0, 'test_f1_min': 0.0, 'test_f1_max': 1.0, 'test_f1_bottom10%': 0.0, 'test_f1_top10%': 1.0, 'test_f1_cos1': 0.805312, 'test_f1_entropy': 1.975731, 'test_loss_std': 17.291668, 'test_loss_bottom_decile': 6.802347, 'test_loss_top_decile': 55.332216, 'test_loss_min': 4.062683, 'test_loss_max': 55.332216, 'test_loss_bottom10%': 4.062683, 'test_loss_top10%': 55.332216, 'test_loss_cos1': 0.88601, 'test_loss_entropy': 2.133762, 'test_avg_loss_std': 1.111083, 'test_avg_loss_bottom_decile': 1.133725, 'test_avg_loss_top_decile': 4.171247, 'test_avg_loss_min': 1.014093, 'test_avg_loss_max': 4.171247, 'test_avg_loss_bottom10%': 1.014093, 'test_avg_loss_top10%': 4.171247, 'test_avg_loss_cos1': 0.872302, 'test_avg_loss_entropy': 2.166543, 'test_acc_std': 0.336893, 'test_acc_bottom_decile': 0.0, 'test_acc_top_decile': 1.0, 'test_acc_min': 0.0, 'test_acc_max': 1.0, 'test_acc_bottom10%': 0.0, 'test_acc_top10%': 1.0, 'test_acc_cos1': 0.858426, 'test_acc_entropy': 2.035215}}
2023-02-17 19:38:52,716 (monitor:541) INFO: {'Role': 'Server #', 'Round': 1, 'Results_model_metric': {}}
2023-02-17 19:38:53,938 (server:330) INFO: Server: Starting evaluation at the end of round 1.
2023-02-17 19:38:53,939 (server:336) INFO: ----------- Starting a new training round (Round #2) -------------
2023-02-17 19:38:54,626 (context:294) WARNING: No val_data or val_loader in the trainer, will skip evaluation.If this is not the case you want, please check whether there is typo for the name
2023-02-17 19:38:54,990 (context:294) WARNING: No val_data or val_loader in the trainer, will skip evaluation.If this is not the case you want, please check whether there is typo for the name
2023-02-17 19:38:55,366 (context:294) WARNING: No val_data or val_loader in the trainer, will skip evaluation.If this is not the case you want, please check whether there is typo for the name
2023-02-17 19:38:55,848 (context:294) WARNING: No val_data or val_loader in the trainer, will skip evaluation.If this is not the case you want, please check whether there is typo for the name
2023-02-17 19:38:56,302 (context:294) WARNING: No val_data or val_loader in the trainer, will skip evaluation.If this is not the case you want, please check whether there is typo for the name
2023-02-17 19:38:56,870 (context:294) WARNING: No val_data or val_loader in the trainer, will skip evaluation.If this is not the case you want, please check whether there is typo for the name
2023-02-17 19:38:57,460 (context:294) WARNING: No val_data or val_loader in the trainer, will skip evaluation.If this is not the case you want, please check whether there is typo for the name
2023-02-17 19:38:57,796 (context:294) WARNING: No val_data or val_loader in the trainer, will skip evaluation.If this is not the case you want, please check whether there is typo for the name
2023-02-17 19:38:58,343 (context:294) WARNING: No val_data or val_loader in the trainer, will skip evaluation.If this is not the case you want, please check whether there is typo for the name
2023-02-17 19:38:58,847 (context:294) WARNING: No val_data or val_loader in the trainer, will skip evaluation.If this is not the case you want, please check whether there is typo for the name
2023-02-17 19:38:59,432 (client:306) INFO: {'Role': 'Client #7', 'Round': 2, 'Results_raw': {'train_f1': 0.104167, 'train_correct': 5.0, 'train_total': 32, 'train_loss': 80.815823, 'train_avg_loss': 2.525494, 'train_acc': 0.15625}}
2023-02-17 19:39:00,249 (client:306) INFO: {'Role': 'Client #2', 'Round': 2, 'Results_raw': {'train_f1': 0.509091, 'train_correct': 54.0, 'train_total': 62, 'train_loss': 33.260506, 'train_avg_loss': 0.53646, 'train_acc': 0.870968}}
2023-02-17 19:39:03,341 (client:306) INFO: {'Role': 'Client #8', 'Round': 2, 'Results_raw': {'train_f1': 0.68915, 'train_correct': 297.0, 'train_total': 348, 'train_loss': 127.632961, 'train_avg_loss': 0.366761, 'train_acc': 0.853448}}
2023-02-17 19:39:06,184 (client:306) INFO: {'Role': 'Client #5', 'Round': 2, 'Results_raw': {'train_f1': 0.409748, 'train_correct': 203.0, 'train_total': 330, 'train_loss': 268.520409, 'train_avg_loss': 0.813698, 'train_acc': 0.615152}}
2023-02-17 19:39:06,656 (client:306) INFO: {'Role': 'Client #6', 'Round': 2, 'Results_raw': {'train_f1': 0.285714, 'train_correct': 12.0, 'train_total': 18, 'train_loss': 20.439725, 'train_avg_loss': 1.13554, 'train_acc': 0.666667}}
2023-02-17 19:39:07,114 (client:306) INFO: {'Role': 'Client #1', 'Round': 2, 'Results_raw': {'train_f1': 0.044444, 'train_correct': 1.0, 'train_total': 14, 'train_loss': 47.05174, 'train_avg_loss': 3.360839, 'train_acc': 0.071429}}
2023-02-17 19:39:07,538 (client:306) INFO: {'Role': 'Client #9', 'Round': 2, 'Results_raw': {'train_f1': 0.478261, 'train_correct': 11.0, 'train_total': 12, 'train_loss': 3.222109, 'train_avg_loss': 0.268509, 'train_acc': 0.916667}}
2023-02-17 19:39:10,156 (client:306) INFO: {'Role': 'Client #10', 'Round': 2, 'Results_raw': {'train_f1': 0.463987, 'train_correct': 223.0, 'train_total': 296, 'train_loss': 183.410727, 'train_avg_loss': 0.619631, 'train_acc': 0.753378}}
2023-02-17 19:39:12,043 (client:306) INFO: {'Role': 'Client #4', 'Round': 2, 'Results_raw': {'train_f1': 0.496144, 'train_correct': 193.0, 'train_total': 196, 'train_loss': 6.299329, 'train_avg_loss': 0.032139, 'train_acc': 0.984694}}
2023-02-17 19:39:15,726 (client:306) INFO: {'Role': 'Client #3', 'Round': 2, 'Results_raw': {'train_f1': 0.551585, 'train_correct': 420.0, 'train_total': 446, 'train_loss': 98.773678, 'train_avg_loss': 0.221466, 'train_acc': 0.941704}}
2023-02-17 19:39:15,728 (server:590) INFO: {'Role': 'Server #', 'Round': 1, 'Results_weighted_avg': {'test_f1': 0.441958, 'test_correct': 15.9, 'test_total': 22.0, 'test_loss': 24.343207, 'test_avg_loss': 0.927259, 'test_acc': 0.722727}, 'Results_avg': {'test_f1': 0.34825, 'test_correct': 15.9, 'test_total': 22.0, 'test_loss': 20.399706, 'test_avg_loss': 1.652239, 'test_acc': 0.569914}, 'Results_fairness': {'test_correct': 15.9, 'test_total': 22.0, 'test_f1_std': 0.215688, 'test_f1_bottom_decile': 0.0, 'test_f1_top_decile': 0.674923, 'test_f1_min': 0.0, 'test_f1_max': 0.674923, 'test_f1_bottom10%': 0.0, 'test_f1_top10%': 0.674923, 'test_f1_cos1': 0.85015, 'test_f1_entropy': 2.026564, 'test_loss_std': 12.568184, 'test_loss_bottom_decile': 4.856688, 'test_loss_top_decile': 40.448758, 'test_loss_min': 4.319458, 'test_loss_max': 40.448758, 'test_loss_bottom10%': 4.319458, 'test_loss_top10%': 40.448758, 'test_loss_cos1': 0.851388, 'test_loss_entropy': 2.105279, 'test_avg_loss_std': 1.621928, 'test_avg_loss_bottom_decile': 0.514562, 'test_avg_loss_top_decile': 4.856688, 'test_avg_loss_min': 0.398329, 'test_avg_loss_max': 4.856688, 'test_avg_loss_bottom10%': 0.398329, 'test_avg_loss_top10%': 4.856688, 'test_avg_loss_cos1': 0.713622, 'test_avg_loss_entropy': 1.897632, 'test_acc_std': 0.306133, 'test_acc_bottom_decile': 0.0, 'test_acc_top_decile': 0.875, 'test_acc_min': 0.0, 'test_acc_max': 0.875, 'test_acc_bottom10%': 0.0, 'test_acc_top10%': 0.875, 'test_acc_cos1': 0.88095, 'test_acc_entropy': 2.062972}}
2023-02-17 19:39:15,732 (monitor:541) INFO: {'Role': 'Server #', 'Round': 2, 'Results_model_metric': {}}
2023-02-17 19:39:16,983 (server:330) INFO: Server: Starting evaluation at the end of round 2.
2023-02-17 19:39:16,983 (server:336) INFO: ----------- Starting a new training round (Round #3) -------------
2023-02-17 19:39:17,690 (context:294) WARNING: No val_data or val_loader in the trainer, will skip evaluation.If this is not the case you want, please check whether there is typo for the name
2023-02-17 19:39:18,065 (context:294) WARNING: No val_data or val_loader in the trainer, will skip evaluation.If this is not the case you want, please check whether there is typo for the name
2023-02-17 19:39:18,439 (context:294) WARNING: No val_data or val_loader in the trainer, will skip evaluation.If this is not the case you want, please check whether there is typo for the name
2023-02-17 19:39:18,958 (context:294) WARNING: No val_data or val_loader in the trainer, will skip evaluation.If this is not the case you want, please check whether there is typo for the name
2023-02-17 19:39:19,428 (context:294) WARNING: No val_data or val_loader in the trainer, will skip evaluation.If this is not the case you want, please check whether there is typo for the name
2023-02-17 19:39:20,024 (context:294) WARNING: No val_data or val_loader in the trainer, will skip evaluation.If this is not the case you want, please check whether there is typo for the name
2023-02-17 19:39:20,615 (context:294) WARNING: No val_data or val_loader in the trainer, will skip evaluation.If this is not the case you want, please check whether there is typo for the name
2023-02-17 19:39:20,952 (context:294) WARNING: No val_data or val_loader in the trainer, will skip evaluation.If this is not the case you want, please check whether there is typo for the name
2023-02-17 19:39:21,505 (context:294) WARNING: No val_data or val_loader in the trainer, will skip evaluation.If this is not the case you want, please check whether there is typo for the name
2023-02-17 19:39:22,013 (context:294) WARNING: No val_data or val_loader in the trainer, will skip evaluation.If this is not the case you want, please check whether there is typo for the name
2023-02-17 19:39:22,627 (client:306) INFO: {'Role': 'Client #7', 'Round': 3, 'Results_raw': {'train_f1': 0.329966, 'train_correct': 15.0, 'train_total': 32, 'train_loss': 67.809929, 'train_avg_loss': 2.11906, 'train_acc': 0.46875}}
2023-02-17 19:39:26,344 (client:306) INFO: {'Role': 'Client #3', 'Round': 3, 'Results_raw': {'train_f1': 0.675739, 'train_correct': 423.0, 'train_total': 446, 'train_loss': 83.037448, 'train_avg_loss': 0.186183, 'train_acc': 0.94843}}
2023-02-17 19:39:26,772 (client:306) INFO: {'Role': 'Client #9', 'Round': 3, 'Results_raw': {'train_f1': 0.454545, 'train_correct': 10.0, 'train_total': 12, 'train_loss': 3.418326, 'train_avg_loss': 0.28486, 'train_acc': 0.833333}}
2023-02-17 19:39:27,601 (client:306) INFO: {'Role': 'Client #2', 'Round': 3, 'Results_raw': {'train_f1': 0.534535, 'train_correct': 55.0, 'train_total': 62, 'train_loss': 30.864843, 'train_avg_loss': 0.49782, 'train_acc': 0.887097}}
2023-02-17 19:39:29,491 (client:306) INFO: {'Role': 'Client #4', 'Round': 3, 'Results_raw': {'train_f1': 0.497436, 'train_correct': 194.0, 'train_total': 196, 'train_loss': 6.941743, 'train_avg_loss': 0.035417, 'train_acc': 0.989796}}
2023-02-17 19:39:32,562 (client:306) INFO: {'Role': 'Client #8', 'Round': 3, 'Results_raw': {'train_f1': 0.658696, 'train_correct': 293.0, 'train_total': 348, 'train_loss': 125.853191, 'train_avg_loss': 0.361647, 'train_acc': 0.841954}}
2023-02-17 19:39:33,035 (client:306) INFO: {'Role': 'Client #6', 'Round': 3, 'Results_raw': {'train_f1': 0.288889, 'train_correct': 13.0, 'train_total': 18, 'train_loss': 16.12955, 'train_avg_loss': 0.896086, 'train_acc': 0.722222}}
2023-02-17 19:39:33,496 (client:306) INFO: {'Role': 'Client #1', 'Round': 3, 'Results_raw': {'train_f1': 0.148148, 'train_correct': 4.0, 'train_total': 14, 'train_loss': 38.349138, 'train_avg_loss': 2.739224, 'train_acc': 0.285714}}
2023-02-17 19:39:36,100 (client:306) INFO: {'Role': 'Client #10', 'Round': 3, 'Results_raw': {'train_f1': 0.45345, 'train_correct': 221.0, 'train_total': 296, 'train_loss': 163.940907, 'train_avg_loss': 0.553854, 'train_acc': 0.746622}}
2023-02-17 19:39:38,964 (client:306) INFO: {'Role': 'Client #5', 'Round': 3, 'Results_raw': {'train_f1': 0.450001, 'train_correct': 223.0, 'train_total': 330, 'train_loss': 228.545337, 'train_avg_loss': 0.692562, 'train_acc': 0.675758}}
2023-02-17 19:39:38,966 (server:590) INFO: {'Role': 'Server #', 'Round': 2, 'Results_weighted_avg': {'test_f1': 0.469137, 'test_correct': 16.5, 'test_total': 22.0, 'test_loss': 21.048961, 'test_avg_loss': 0.830321, 'test_acc': 0.75}, 'Results_avg': {'test_f1': 0.360875, 'test_correct': 16.5, 'test_total': 22.0, 'test_loss': 18.267066, 'test_avg_loss': 1.554437, 'test_acc': 0.588458}, 'Results_fairness': {'test_correct': 16.5, 'test_total': 22.0, 'test_f1_std': 0.216805, 'test_f1_bottom_decile': 0.0, 'test_f1_top_decile': 0.668561, 'test_f1_min': 0.0, 'test_f1_max': 0.668561, 'test_f1_bottom10%': 0.0, 'test_f1_top10%': 0.668561, 'test_f1_cos1': 0.857199, 'test_f1_entropy': 2.03353, 'test_loss_std': 10.754322, 'test_loss_bottom_decile': 4.558547, 'test_loss_top_decile': 35.079688, 'test_loss_min': 3.626618, 'test_loss_max': 35.079688, 'test_loss_bottom10%': 3.626618, 'test_loss_top10%': 35.079688, 'test_loss_cos1': 0.861749, 'test_loss_entropy': 2.116072, 'test_avg_loss_std': 1.613948, 'test_avg_loss_bottom_decile': 0.451167, 'test_avg_loss_top_decile': 4.758423, 'test_avg_loss_min': 0.34285, 'test_avg_loss_max': 4.758423, 'test_avg_loss_bottom10%': 0.34285, 'test_avg_loss_top10%': 4.758423, 'test_avg_loss_cos1': 0.693703, 'test_avg_loss_entropy': 1.855183, 'test_acc_std': 0.315956, 'test_acc_bottom_decile': 0.0, 'test_acc_top_decile': 0.934783, 'test_acc_min': 0.0, 'test_acc_max': 0.934783, 'test_acc_bottom10%': 0.0, 'test_acc_top10%': 0.934783, 'test_acc_cos1': 0.881037, 'test_acc_entropy': 2.063801}}
2023-02-17 19:39:38,970 (monitor:541) INFO: {'Role': 'Server #', 'Round': 3, 'Results_model_metric': {}}
2023-02-17 19:39:40,199 (server:330) INFO: Server: Starting evaluation at the end of round 3.
2023-02-17 19:39:40,199 (server:336) INFO: ----------- Starting a new training round (Round #4) -------------
2023-02-17 19:39:40,889 (context:294) WARNING: No val_data or val_loader in the trainer, will skip evaluation.If this is not the case you want, please check whether there is typo for the name
2023-02-17 19:39:41,259 (context:294) WARNING: No val_data or val_loader in the trainer, will skip evaluation.If this is not the case you want, please check whether there is typo for the name
2023-02-17 19:39:41,634 (context:294) WARNING: No val_data or val_loader in the trainer, will skip evaluation.If this is not the case you want, please check whether there is typo for the name
2023-02-17 19:39:42,120 (context:294) WARNING: No val_data or val_loader in the trainer, will skip evaluation.If this is not the case you want, please check whether there is typo for the name
2023-02-17 19:39:42,578 (context:294) WARNING: No val_data or val_loader in the trainer, will skip evaluation.If this is not the case you want, please check whether there is typo for the name
2023-02-17 19:39:43,153 (context:294) WARNING: No val_data or val_loader in the trainer, will skip evaluation.If this is not the case you want, please check whether there is typo for the name
2023-02-17 19:39:43,748 (context:294) WARNING: No val_data or val_loader in the trainer, will skip evaluation.If this is not the case you want, please check whether there is typo for the name
2023-02-17 19:39:44,088 (context:294) WARNING: No val_data or val_loader in the trainer, will skip evaluation.If this is not the case you want, please check whether there is typo for the name
2023-02-17 19:39:44,651 (context:294) WARNING: No val_data or val_loader in the trainer, will skip evaluation.If this is not the case you want, please check whether there is typo for the name
2023-02-17 19:39:45,151 (context:294) WARNING: No val_data or val_loader in the trainer, will skip evaluation.If this is not the case you want, please check whether there is typo for the name
2023-02-17 19:39:48,872 (client:306) INFO: {'Role': 'Client #3', 'Round': 4, 'Results_raw': {'train_f1': 0.725133, 'train_correct': 426.0, 'train_total': 446, 'train_loss': 67.776479, 'train_avg_loss': 0.151965, 'train_acc': 0.955157}}
2023-02-17 19:39:49,463 (client:306) INFO: {'Role': 'Client #7', 'Round': 4, 'Results_raw': {'train_f1': 0.326468, 'train_correct': 16.0, 'train_total': 32, 'train_loss': 54.341216, 'train_avg_loss': 1.698163, 'train_acc': 0.5}}
2023-02-17 19:39:49,924 (client:306) INFO: {'Role': 'Client #1', 'Round': 4, 'Results_raw': {'train_f1': 0.2, 'train_correct': 6.0, 'train_total': 14, 'train_loss': 30.949133, 'train_avg_loss': 2.210652, 'train_acc': 0.428571}}
2023-02-17 19:39:52,538 (client:306) INFO: {'Role': 'Client #10', 'Round': 4, 'Results_raw': {'train_f1': 0.498253, 'train_correct': 232.0, 'train_total': 296, 'train_loss': 141.614103, 'train_avg_loss': 0.478426, 'train_acc': 0.783784}}
2023-02-17 19:39:54,417 (client:306) INFO: {'Role': 'Client #4', 'Round': 4, 'Results_raw': {'train_f1': 0.497436, 'train_correct': 194.0, 'train_total': 196, 'train_loss': 8.313418, 'train_avg_loss': 0.042415, 'train_acc': 0.989796}}
2023-02-17 19:39:54,890 (client:306) INFO: {'Role': 'Client #6', 'Round': 4, 'Results_raw': {'train_f1': 0.444444, 'train_correct': 15.0, 'train_total': 18, 'train_loss': 11.408938, 'train_avg_loss': 0.63383, 'train_acc': 0.833333}}
2023-02-17 19:39:58,158 (client:306) INFO: {'Role': 'Client #8', 'Round': 4, 'Results_raw': {'train_f1': 0.706521, 'train_correct': 299.0, 'train_total': 348, 'train_loss': 125.64043, 'train_avg_loss': 0.361036, 'train_acc': 0.859195}}
2023-02-17 19:39:58,602 (client:306) INFO: {'Role': 'Client #9', 'Round': 4, 'Results_raw': {'train_f1': 0.454545, 'train_correct': 10.0, 'train_total': 12, 'train_loss': 3.936157, 'train_avg_loss': 0.328013, 'train_acc': 0.833333}}
2023-02-17 19:40:01,484 (client:306) INFO: {'Role': 'Client #5', 'Round': 4, 'Results_raw': {'train_f1': 0.461073, 'train_correct': 229.0, 'train_total': 330, 'train_loss': 207.059219, 'train_avg_loss': 0.627452, 'train_acc': 0.693939}}
2023-02-17 19:40:02,311 (client:306) INFO: {'Role': 'Client #2', 'Round': 4, 'Results_raw': {'train_f1': 0.437729, 'train_correct': 49.0, 'train_total': 62, 'train_loss': 33.465972, 'train_avg_loss': 0.539774, 'train_acc': 0.790323}}
2023-02-17 19:40:02,313 (server:590) INFO: {'Role': 'Server #', 'Round': 3, 'Results_weighted_avg': {'test_f1': 0.483364, 'test_correct': 16.8, 'test_total': 22.0, 'test_loss': 18.68358, 'test_avg_loss': 0.740778, 'test_acc': 0.763636}, 'Results_avg': {'test_f1': 0.373894, 'test_correct': 16.8, 'test_total': 22.0, 'test_loss': 16.29711, 'test_avg_loss': 1.380761, 'test_acc': 0.611365}, 'Results_fairness': {'test_correct': 16.8, 'test_total': 22.0, 'test_f1_std': 0.231215, 'test_f1_bottom_decile': 0.0, 'test_f1_top_decile': 0.773358, 'test_f1_min': 0.0, 'test_f1_max': 0.773358, 'test_f1_bottom10%': 0.0, 'test_f1_top10%': 0.773358, 'test_f1_cos1': 0.850512, 'test_f1_entropy': 2.027323, 'test_loss_std': 8.969177, 'test_loss_bottom_decile': 3.992584, 'test_loss_top_decile': 30.139953, 'test_loss_min': 3.526897, 'test_loss_max': 30.139953, 'test_loss_bottom10%': 3.526897, 'test_loss_top10%': 30.139953, 'test_loss_cos1': 0.876085, 'test_loss_entropy': 2.130885, 'test_avg_loss_std': 1.408013, 'test_avg_loss_bottom_decile': 0.449057, 'test_avg_loss_top_decile': 4.200463, 'test_avg_loss_min': 0.241556, 'test_avg_loss_max': 4.200463, 'test_avg_loss_bottom10%': 0.241556, 'test_avg_loss_top10%': 4.200463, 'test_avg_loss_cos1': 0.700163, 'test_avg_loss_entropy': 1.871127, 'test_acc_std': 0.324168, 'test_acc_bottom_decile': 0.0, 'test_acc_top_decile': 0.934783, 'test_acc_min': 0.0, 'test_acc_max': 0.934783, 'test_acc_bottom10%': 0.0, 'test_acc_top10%': 0.934783, 'test_acc_cos1': 0.883486, 'test_acc_entropy': 2.066615}}
2023-02-17 19:40:02,317 (monitor:541) INFO: {'Role': 'Server #', 'Round': 4, 'Results_model_metric': {}}
2023-02-17 19:40:03,554 (server:330) INFO: Server: Starting evaluation at the end of round 4.
2023-02-17 19:40:03,555 (server:336) INFO: ----------- Starting a new training round (Round #5) -------------
2023-02-17 19:40:04,245 (context:294) WARNING: No val_data or val_loader in the trainer, will skip evaluation.If this is not the case you want, please check whether there is typo for the name
2023-02-17 19:40:04,611 (context:294) WARNING: No val_data or val_loader in the trainer, will skip evaluation.If this is not the case you want, please check whether there is typo for the name
2023-02-17 19:40:04,984 (context:294) WARNING: No val_data or val_loader in the trainer, will skip evaluation.If this is not the case you want, please check whether there is typo for the name
2023-02-17 19:40:05,467 (context:294) WARNING: No val_data or val_loader in the trainer, will skip evaluation.If this is not the case you want, please check whether there is typo for the name
2023-02-17 19:40:05,923 (context:294) WARNING: No val_data or val_loader in the trainer, will skip evaluation.If this is not the case you want, please check whether there is typo for the name
2023-02-17 19:40:06,495 (context:294) WARNING: No val_data or val_loader in the trainer, will skip evaluation.If this is not the case you want, please check whether there is typo for the name
2023-02-17 19:40:07,090 (context:294) WARNING: No val_data or val_loader in the trainer, will skip evaluation.If this is not the case you want, please check whether there is typo for the name
2023-02-17 19:40:07,428 (context:294) WARNING: No val_data or val_loader in the trainer, will skip evaluation.If this is not the case you want, please check whether there is typo for the name
2023-02-17 19:40:07,992 (context:294) WARNING: No val_data or val_loader in the trainer, will skip evaluation.If this is not the case you want, please check whether there is typo for the name
2023-02-17 19:40:08,503 (context:294) WARNING: No val_data or val_loader in the trainer, will skip evaluation.If this is not the case you want, please check whether there is typo for the name
2023-02-17 19:40:11,199 (client:306) INFO: {'Role': 'Client #10', 'Round': 5, 'Results_raw': {'train_f1': 0.482384, 'train_correct': 225.0, 'train_total': 296, 'train_loss': 155.396022, 'train_avg_loss': 0.524987, 'train_acc': 0.760135}}
2023-02-17 19:40:14,261 (client:306) INFO: {'Role': 'Client #8', 'Round': 5, 'Results_raw': {'train_f1': 0.664383, 'train_correct': 291.0, 'train_total': 348, 'train_loss': 128.010428, 'train_avg_loss': 0.367846, 'train_acc': 0.836207}}
2023-02-17 19:40:17,224 (client:306) INFO: {'Role': 'Client #5', 'Round': 5, 'Results_raw': {'train_f1': 0.483181, 'train_correct': 239.0, 'train_total': 330, 'train_loss': 210.95002, 'train_avg_loss': 0.639242, 'train_acc': 0.724242}}
2023-02-17 19:40:17,957 (client:306) INFO: {'Role': 'Client #7', 'Round': 5, 'Results_raw': {'train_f1': 0.290909, 'train_correct': 15.0, 'train_total': 32, 'train_loss': 50.102639, 'train_avg_loss': 1.565707, 'train_acc': 0.46875}}
2023-02-17 19:40:21,831 (client:306) INFO: {'Role': 'Client #3', 'Round': 5, 'Results_raw': {'train_f1': 0.71846, 'train_correct': 425.0, 'train_total': 446, 'train_loss': 62.444169, 'train_avg_loss': 0.140009, 'train_acc': 0.952915}}
2023-02-17 19:40:22,308 (client:306) INFO: {'Role': 'Client #1', 'Round': 5, 'Results_raw': {'train_f1': 0.222222, 'train_correct': 7.0, 'train_total': 14, 'train_loss': 27.725984, 'train_avg_loss': 1.980427, 'train_acc': 0.5}}
2023-02-17 19:40:24,220 (client:306) INFO: {'Role': 'Client #4', 'Round': 5, 'Results_raw': {'train_f1': 0.494845, 'train_correct': 192.0, 'train_total': 196, 'train_loss': 9.333046, 'train_avg_loss': 0.047618, 'train_acc': 0.979592}}
2023-02-17 19:40:25,047 (client:306) INFO: {'Role': 'Client #2', 'Round': 5, 'Results_raw': {'train_f1': 0.420906, 'train_correct': 51.0, 'train_total': 62, 'train_loss': 39.121367, 'train_avg_loss': 0.63099, 'train_acc': 0.822581}}
2023-02-17 19:40:25,522 (client:306) INFO: {'Role': 'Client #6', 'Round': 5, 'Results_raw': {'train_f1': 0.444444, 'train_correct': 15.0, 'train_total': 18, 'train_loss': 10.574415, 'train_avg_loss': 0.587467, 'train_acc': 0.833333}}
2023-02-17 19:40:25,950 (client:306) INFO: {'Role': 'Client #9', 'Round': 5, 'Results_raw': {'train_f1': 0.454545, 'train_correct': 10.0, 'train_total': 12, 'train_loss': 4.038816, 'train_avg_loss': 0.336568, 'train_acc': 0.833333}}
2023-02-17 19:40:25,952 (server:590) INFO: {'Role': 'Server #', 'Round': 4, 'Results_weighted_avg': {'test_f1': 0.481042, 'test_correct': 17.0, 'test_total': 22.0, 'test_loss': 17.494338, 'test_avg_loss': 0.692552, 'test_acc': 0.772727}, 'Results_avg': {'test_f1': 0.374297, 'test_correct': 17.0, 'test_total': 22.0, 'test_loss': 15.236146, 'test_avg_loss': 1.281231, 'test_acc': 0.62009}, 'Results_fairness': {'test_correct': 17.0, 'test_total': 22.0, 'test_f1_std': 0.222734, 'test_f1_bottom_decile': 0.0, 'test_f1_top_decile': 0.72, 'test_f1_min': 0.0, 'test_f1_max': 0.72, 'test_f1_bottom10%': 0.0, 'test_f1_top10%': 0.72, 'test_f1_cos1': 0.859356, 'test_f1_entropy': 2.037157, 'test_loss_std': 8.326375, 'test_loss_bottom_decile': 3.503346, 'test_loss_top_decile': 27.223215, 'test_loss_min': 3.093619, 'test_loss_max': 27.223215, 'test_loss_bottom10%': 3.093619, 'test_loss_top10%': 27.223215, 'test_loss_cos1': 0.877514, 'test_loss_entropy': 2.126287, 'test_avg_loss_std': 1.324365, 'test_avg_loss_bottom_decile': 0.412989, 'test_avg_loss_top_decile': 4.156103, 'test_avg_loss_min': 0.194942, 'test_avg_loss_max': 4.156103, 'test_avg_loss_bottom10%': 0.194942, 'test_avg_loss_top10%': 4.156103, 'test_avg_loss_cos1': 0.695306, 'test_avg_loss_entropy': 1.863864, 'test_acc_std': 0.326066, 'test_acc_bottom_decile': 0.0, 'test_acc_top_decile': 0.934783, 'test_acc_min': 0.0, 'test_acc_max': 0.934783, 'test_acc_bottom10%': 0.0, 'test_acc_top10%': 0.934783, 'test_acc_cos1': 0.885093, 'test_acc_entropy': 2.068446}}
2023-02-17 19:40:25,956 (monitor:541) INFO: {'Role': 'Server #', 'Round': 5, 'Results_model_metric': {}}
2023-02-17 19:40:27,188 (server:330) INFO: Server: Starting evaluation at the end of round 5.
2023-02-17 19:40:27,189 (server:336) INFO: ----------- Starting a new training round (Round #6) -------------
2023-02-17 19:40:27,877 (context:294) WARNING: No val_data or val_loader in the trainer, will skip evaluation.If this is not the case you want, please check whether there is typo for the name
2023-02-17 19:40:28,246 (context:294) WARNING: No val_data or val_loader in the trainer, will skip evaluation.If this is not the case you want, please check whether there is typo for the name
2023-02-17 19:40:28,621 (context:294) WARNING: No val_data or val_loader in the trainer, will skip evaluation.If this is not the case you want, please check whether there is typo for the name
2023-02-17 19:40:29,108 (context:294) WARNING: No val_data or val_loader in the trainer, will skip evaluation.If this is not the case you want, please check whether there is typo for the name
2023-02-17 19:40:29,577 (context:294) WARNING: No val_data or val_loader in the trainer, will skip evaluation.If this is not the case you want, please check whether there is typo for the name
2023-02-17 19:40:30,156 (context:294) WARNING: No val_data or val_loader in the trainer, will skip evaluation.If this is not the case you want, please check whether there is typo for the name
2023-02-17 19:40:30,752 (context:294) WARNING: No val_data or val_loader in the trainer, will skip evaluation.If this is not the case you want, please check whether there is typo for the name
2023-02-17 19:40:31,089 (context:294) WARNING: No val_data or val_loader in the trainer, will skip evaluation.If this is not the case you want, please check whether there is typo for the name
2023-02-17 19:40:31,642 (context:294) WARNING: No val_data or val_loader in the trainer, will skip evaluation.If this is not the case you want, please check whether there is typo for the name
2023-02-17 19:40:32,239 (context:294) WARNING: No val_data or val_loader in the trainer, will skip evaluation.If this is not the case you want, please check whether there is typo for the name
2023-02-17 19:40:34,296 (client:306) INFO: {'Role': 'Client #4', 'Round': 6, 'Results_raw': {'train_f1': 0.489583, 'train_correct': 188.0, 'train_total': 196, 'train_loss': 18.160747, 'train_avg_loss': 0.092657, 'train_acc': 0.959184}}
2023-02-17 19:40:34,799 (client:306) INFO: {'Role': 'Client #9', 'Round': 6, 'Results_raw': {'train_f1': 0.454545, 'train_correct': 10.0, 'train_total': 12, 'train_loss': 7.145955, 'train_avg_loss': 0.595496, 'train_acc': 0.833333}}
2023-02-17 19:40:37,899 (client:306) INFO: {'Role': 'Client #8', 'Round': 6, 'Results_raw': {'train_f1': 0.774547, 'train_correct': 312.0, 'train_total': 348, 'train_loss': 88.878278, 'train_avg_loss': 0.255397, 'train_acc': 0.896552}}
2023-02-17 19:40:38,716 (client:306) INFO: {'Role': 'Client #2', 'Round': 6, 'Results_raw': {'train_f1': 0.431746, 'train_correct': 50.0, 'train_total': 62, 'train_loss': 35.501756, 'train_avg_loss': 0.572609, 'train_acc': 0.806452}}
2023-02-17 19:40:41,549 (client:306) INFO: {'Role': 'Client #5', 'Round': 6, 'Results_raw': {'train_f1': 0.488474, 'train_correct': 242.0, 'train_total': 330, 'train_loss': 179.666213, 'train_avg_loss': 0.544443, 'train_acc': 0.733333}}
2023-02-17 19:40:42,007 (client:306) INFO: {'Role': 'Client #1', 'Round': 6, 'Results_raw': {'train_f1': 0.2, 'train_correct': 6.0, 'train_total': 14, 'train_loss': 28.966096, 'train_avg_loss': 2.069007, 'train_acc': 0.428571}}
2023-02-17 19:40:42,589 (client:306) INFO: {'Role': 'Client #7', 'Round': 6, 'Results_raw': {'train_f1': 0.393994, 'train_correct': 16.0, 'train_total': 32, 'train_loss': 51.39702, 'train_avg_loss': 1.606157, 'train_acc': 0.5}}
2023-02-17 19:40:46,274 (client:306) INFO: {'Role': 'Client #3', 'Round': 6, 'Results_raw': {'train_f1': 0.807593, 'train_correct': 432.0, 'train_total': 446, 'train_loss': 45.61398, 'train_avg_loss': 0.102273, 'train_acc': 0.96861}}
2023-02-17 19:40:46,741 (client:306) INFO: {'Role': 'Client #6', 'Round': 6, 'Results_raw': {'train_f1': 0.73399, 'train_correct': 15.0, 'train_total': 18, 'train_loss': 9.764979, 'train_avg_loss': 0.542499, 'train_acc': 0.833333}}
2023-02-17 19:40:49,352 (client:306) INFO: {'Role': 'Client #10', 'Round': 6, 'Results_raw': {'train_f1': 0.5283, 'train_correct': 244.0, 'train_total': 296, 'train_loss': 116.149214, 'train_avg_loss': 0.392396, 'train_acc': 0.824324}}
2023-02-17 19:40:49,354 (server:590) INFO: {'Role': 'Server #', 'Round': 5, 'Results_weighted_avg': {'test_f1': 0.500038, 'test_correct': 15.5, 'test_total': 22.0, 'test_loss': 21.55036, 'test_avg_loss': 0.84224, 'test_acc': 0.704545}, 'Results_avg': {'test_f1': 0.397458, 'test_correct': 15.5, 'test_total': 22.0, 'test_loss': 18.529287, 'test_avg_loss': 1.415865, 'test_acc': 0.573598}, 'Results_fairness': {'test_correct': 15.5, 'test_total': 22.0, 'test_f1_std': 0.274289, 'test_f1_bottom_decile': 0.0, 'test_f1_top_decile': 1.0, 'test_f1_min': 0.0, 'test_f1_max': 1.0, 'test_f1_bottom10%': 0.0, 'test_f1_top10%': 1.0, 'test_f1_cos1': 0.823039, 'test_f1_entropy': 1.999427, 'test_loss_std': 11.098541, 'test_loss_bottom_decile': 3.337516, 'test_loss_top_decile': 32.61847, 'test_loss_min': 1.471248, 'test_loss_max': 32.61847, 'test_loss_bottom10%': 1.471248, 'test_loss_top10%': 32.61847, 'test_loss_cos1': 0.857881, 'test_loss_entropy': 2.073131, 'test_avg_loss_std': 1.299723, 'test_avg_loss_bottom_decile': 0.328991, 'test_avg_loss_top_decile': 4.371021, 'test_avg_loss_min': 0.05885, 'test_avg_loss_max': 4.371021, 'test_avg_loss_bottom10%': 0.05885, 'test_avg_loss_top10%': 4.371021, 'test_avg_loss_cos1': 0.736676, 'test_avg_loss_entropy': 1.928947, 'test_acc_std': 0.332509, 'test_acc_bottom_decile': 0.0, 'test_acc_top_decile': 1.0, 'test_acc_min': 0.0, 'test_acc_max': 1.0, 'test_acc_bottom10%': 0.0, 'test_acc_top10%': 1.0, 'test_acc_cos1': 0.865148, 'test_acc_entropy': 2.044943}}
2023-02-17 19:40:49,358 (monitor:541) INFO: {'Role': 'Server #', 'Round': 6, 'Results_model_metric': {}}
2023-02-17 19:40:50,578 (server:330) INFO: Server: Starting evaluation at the end of round 6.
2023-02-17 19:40:50,579 (server:336) INFO: ----------- Starting a new training round (Round #7) -------------
2023-02-17 19:40:51,268 (context:294) WARNING: No val_data or val_loader in the trainer, will skip evaluation.If this is not the case you want, please check whether there is typo for the name
2023-02-17 19:40:51,633 (context:294) WARNING: No val_data or val_loader in the trainer, will skip evaluation.If this is not the case you want, please check whether there is typo for the name
2023-02-17 19:40:52,009 (context:294) WARNING: No val_data or val_loader in the trainer, will skip evaluation.If this is not the case you want, please check whether there is typo for the name
2023-02-17 19:40:52,495 (context:294) WARNING: No val_data or val_loader in the trainer, will skip evaluation.If this is not the case you want, please check whether there is typo for the name
2023-02-17 19:40:52,953 (context:294) WARNING: No val_data or val_loader in the trainer, will skip evaluation.If this is not the case you want, please check whether there is typo for the name
2023-02-17 19:40:53,527 (context:294) WARNING: No val_data or val_loader in the trainer, will skip evaluation.If this is not the case you want, please check whether there is typo for the name
2023-02-17 19:40:54,120 (context:294) WARNING: No val_data or val_loader in the trainer, will skip evaluation.If this is not the case you want, please check whether there is typo for the name
2023-02-17 19:40:54,457 (context:294) WARNING: No val_data or val_loader in the trainer, will skip evaluation.If this is not the case you want, please check whether there is typo for the name
2023-02-17 19:40:55,012 (context:294) WARNING: No val_data or val_loader in the trainer, will skip evaluation.If this is not the case you want, please check whether there is typo for the name
2023-02-17 19:40:55,532 (context:294) WARNING: No val_data or val_loader in the trainer, will skip evaluation.If this is not the case you want, please check whether there is typo for the name
2023-02-17 19:40:58,387 (client:306) INFO: {'Role': 'Client #5', 'Round': 7, 'Results_raw': {'train_f1': 0.503033, 'train_correct': 249.0, 'train_total': 330, 'train_loss': 183.908118, 'train_avg_loss': 0.557297, 'train_acc': 0.754545}}
2023-02-17 19:41:01,010 (client:306) INFO: {'Role': 'Client #10', 'Round': 7, 'Results_raw': {'train_f1': 0.524506, 'train_correct': 241.0, 'train_total': 296, 'train_loss': 121.422669, 'train_avg_loss': 0.410212, 'train_acc': 0.814189}}
2023-02-17 19:41:04,210 (client:306) INFO: {'Role': 'Client #8', 'Round': 7, 'Results_raw': {'train_f1': 0.751519, 'train_correct': 303.0, 'train_total': 348, 'train_loss': 107.172785, 'train_avg_loss': 0.307968, 'train_acc': 0.87069}}
2023-02-17 19:41:04,645 (client:306) INFO: {'Role': 'Client #9', 'Round': 7, 'Results_raw': {'train_f1': 0.454545, 'train_correct': 10.0, 'train_total': 12, 'train_loss': 6.407219, 'train_avg_loss': 0.533935, 'train_acc': 0.833333}}
2023-02-17 19:41:05,479 (client:306) INFO: {'Role': 'Client #2', 'Round': 7, 'Results_raw': {'train_f1': 0.451033, 'train_correct': 52.0, 'train_total': 62, 'train_loss': 37.916374, 'train_avg_loss': 0.611554, 'train_acc': 0.83871}}
2023-02-17 19:41:07,372 (client:306) INFO: {'Role': 'Client #4', 'Round': 7, 'Results_raw': {'train_f1': 0.494845, 'train_correct': 192.0, 'train_total': 196, 'train_loss': 11.507402, 'train_avg_loss': 0.058711, 'train_acc': 0.979592}}
2023-02-17 19:41:07,827 (client:306) INFO: {'Role': 'Client #1', 'Round': 7, 'Results_raw': {'train_f1': 0.175439, 'train_correct': 5.0, 'train_total': 14, 'train_loss': 30.675691, 'train_avg_loss': 2.191121, 'train_acc': 0.357143}}
2023-02-17 19:41:11,542 (client:306) INFO: {'Role': 'Client #3', 'Round': 7, 'Results_raw': {'train_f1': 0.701062, 'train_correct': 427.0, 'train_total': 446, 'train_loss': 53.056174, 'train_avg_loss': 0.11896, 'train_acc': 0.957399}}
2023-02-17 19:41:12,132 (client:306) INFO: {'Role': 'Client #7', 'Round': 7, 'Results_raw': {'train_f1': 0.388889, 'train_correct': 17.0, 'train_total': 32, 'train_loss': 54.341199, 'train_avg_loss': 1.698162, 'train_acc': 0.53125}}
2023-02-17 19:41:12,606 (client:306) INFO: {'Role': 'Client #6', 'Round': 7, 'Results_raw': {'train_f1': 0.8, 'train_correct': 16.0, 'train_total': 18, 'train_loss': 9.05814, 'train_avg_loss': 0.50323, 'train_acc': 0.888889}}
2023-02-17 19:41:12,609 (server:590) INFO: {'Role': 'Server #', 'Round': 6, 'Results_weighted_avg': {'test_f1': 0.510753, 'test_correct': 16.4, 'test_total': 22.0, 'test_loss': 21.590788, 'test_avg_loss': 0.85391, 'test_acc': 0.745455}, 'Results_avg': {'test_f1': 0.40575, 'test_correct': 16.4, 'test_total': 22.0, 'test_loss': 18.786018, 'test_avg_loss': 1.472208, 'test_acc': 0.603925}, 'Results_fairness': {'test_correct': 16.4, 'test_total': 22.0, 'test_f1_std': 0.282128, 'test_f1_bottom_decile': 0.0, 'test_f1_top_decile': 1.0, 'test_f1_min': 0.0, 'test_f1_max': 1.0, 'test_f1_bottom10%': 0.0, 'test_f1_top10%': 1.0, 'test_f1_cos1': 0.821031, 'test_f1_entropy': 1.994687, 'test_loss_std': 11.238099, 'test_loss_bottom_decile': 3.460143, 'test_loss_top_decile': 31.62231, 'test_loss_min': 1.287043, 'test_loss_max': 31.62231, 'test_loss_bottom10%': 1.287043, 'test_loss_top10%': 31.62231, 'test_loss_cos1': 0.858168, 'test_loss_entropy': 2.069959, 'test_avg_loss_std': 1.423408, 'test_avg_loss_bottom_decile': 0.34292, 'test_avg_loss_top_decile': 4.800556, 'test_avg_loss_min': 0.051482, 'test_avg_loss_max': 4.800556, 'test_avg_loss_bottom10%': 0.051482, 'test_avg_loss_top10%': 4.800556, 'test_avg_loss_cos1': 0.718922, 'test_avg_loss_entropy': 1.896379, 'test_acc_std': 0.33073, 'test_acc_bottom_decile': 0.0, 'test_acc_top_decile': 1.0, 'test_acc_min': 0.0, 'test_acc_max': 1.0, 'test_acc_bottom10%': 0.0, 'test_acc_top10%': 1.0, 'test_acc_cos1': 0.877091, 'test_acc_entropy': 2.059711}}
2023-02-17 19:41:12,612 (monitor:541) INFO: {'Role': 'Server #', 'Round': 7, 'Results_model_metric': {}}
2023-02-17 19:41:13,837 (server:330) INFO: Server: Starting evaluation at the end of round 7.
2023-02-17 19:41:13,838 (server:336) INFO: ----------- Starting a new training round (Round #8) -------------
2023-02-17 19:41:14,527 (context:294) WARNING: No val_data or val_loader in the trainer, will skip evaluation.If this is not the case you want, please check whether there is typo for the name
2023-02-17 19:41:14,901 (context:294) WARNING: No val_data or val_loader in the trainer, will skip evaluation.If this is not the case you want, please check whether there is typo for the name
2023-02-17 19:41:15,275 (context:294) WARNING: No val_data or val_loader in the trainer, will skip evaluation.If this is not the case you want, please check whether there is typo for the name
2023-02-17 19:41:15,759 (context:294) WARNING: No val_data or val_loader in the trainer, will skip evaluation.If this is not the case you want, please check whether there is typo for the name
2023-02-17 19:41:16,216 (context:294) WARNING: No val_data or val_loader in the trainer, will skip evaluation.If this is not the case you want, please check whether there is typo for the name
2023-02-17 19:41:16,789 (context:294) WARNING: No val_data or val_loader in the trainer, will skip evaluation.If this is not the case you want, please check whether there is typo for the name
2023-02-17 19:41:17,380 (context:294) WARNING: No val_data or val_loader in the trainer, will skip evaluation.If this is not the case you want, please check whether there is typo for the name
2023-02-17 19:41:17,722 (context:294) WARNING: No val_data or val_loader in the trainer, will skip evaluation.If this is not the case you want, please check whether there is typo for the name
2023-02-17 19:41:18,280 (context:294) WARNING: No val_data or val_loader in the trainer, will skip evaluation.If this is not the case you want, please check whether there is typo for the name
2023-02-17 19:41:18,786 (context:294) WARNING: No val_data or val_loader in the trainer, will skip evaluation.If this is not the case you want, please check whether there is typo for the name
2023-02-17 19:41:19,372 (client:306) INFO: {'Role': 'Client #7', 'Round': 8, 'Results_raw': {'train_f1': 0.32107, 'train_correct': 16.0, 'train_total': 32, 'train_loss': 43.852877, 'train_avg_loss': 1.370402, 'train_acc': 0.5}}
2023-02-17 19:41:19,798 (client:306) INFO: {'Role': 'Client #9', 'Round': 8, 'Results_raw': {'train_f1': 0.454545, 'train_correct': 10.0, 'train_total': 12, 'train_loss': 4.23123, 'train_avg_loss': 0.352602, 'train_acc': 0.833333}}
2023-02-17 19:41:23,502 (client:306) INFO: {'Role': 'Client #3', 'Round': 8, 'Results_raw': {'train_f1': 0.795463, 'train_correct': 433.0, 'train_total': 446, 'train_loss': 45.513866, 'train_avg_loss': 0.102049, 'train_acc': 0.970852}}
2023-02-17 19:41:24,322 (client:306) INFO: {'Role': 'Client #2', 'Round': 8, 'Results_raw': {'train_f1': 0.459142, 'train_correct': 52.0, 'train_total': 62, 'train_loss': 31.549146, 'train_avg_loss': 0.508857, 'train_acc': 0.83871}}
2023-02-17 19:41:27,171 (client:306) INFO: {'Role': 'Client #5', 'Round': 8, 'Results_raw': {'train_f1': 0.527673, 'train_correct': 262.0, 'train_total': 330, 'train_loss': 152.797528, 'train_avg_loss': 0.463023, 'train_acc': 0.793939}}
2023-02-17 19:41:27,645 (client:306) INFO: {'Role': 'Client #6', 'Round': 8, 'Results_raw': {'train_f1': 0.444444, 'train_correct': 15.0, 'train_total': 18, 'train_loss': 8.385499, 'train_avg_loss': 0.465861, 'train_acc': 0.833333}}
2023-02-17 19:41:28,110 (client:306) INFO: {'Role': 'Client #1', 'Round': 8, 'Results_raw': {'train_f1': 0.222222, 'train_correct': 7.0, 'train_total': 14, 'train_loss': 24.348963, 'train_avg_loss': 1.739212, 'train_acc': 0.5}}
2023-02-17 19:41:30,022 (client:306) INFO: {'Role': 'Client #4', 'Round': 8, 'Results_raw': {'train_f1': 0.497436, 'train_correct': 194.0, 'train_total': 196, 'train_loss': 7.150566, 'train_avg_loss': 0.036482, 'train_acc': 0.989796}}
2023-02-17 19:41:32,660 (client:306) INFO: {'Role': 'Client #10', 'Round': 8, 'Results_raw': {'train_f1': 0.556106, 'train_correct': 253.0, 'train_total': 296, 'train_loss': 96.286236, 'train_avg_loss': 0.325291, 'train_acc': 0.85473}}
2023-02-17 19:41:35,758 (client:306) INFO: {'Role': 'Client #8', 'Round': 8, 'Results_raw': {'train_f1': 0.806667, 'train_correct': 316.0, 'train_total': 348, 'train_loss': 82.995826, 'train_avg_loss': 0.238494, 'train_acc': 0.908046}}
2023-02-17 19:41:35,761 (server:590) INFO: {'Role': 'Server #', 'Round': 7, 'Results_weighted_avg': {'test_f1': 0.487376, 'test_correct': 17.2, 'test_total': 22.0, 'test_loss': 16.000962, 'test_avg_loss': 0.63725, 'test_acc': 0.781818}, 'Results_avg': {'test_f1': 0.378543, 'test_correct': 17.2, 'test_total': 22.0, 'test_loss': 14.019507, 'test_avg_loss': 1.161756, 'test_acc': 0.627554}, 'Results_fairness': {'test_correct': 17.2, 'test_total': 22.0, 'test_f1_std': 0.231239, 'test_f1_bottom_decile': 0.0, 'test_f1_top_decile': 0.782222, 'test_f1_min': 0.0, 'test_f1_max': 0.782222, 'test_f1_bottom10%': 0.0, 'test_f1_top10%': 0.782222, 'test_f1_cos1': 0.853375, 'test_f1_entropy': 2.031081, 'test_loss_std': 7.701216, 'test_loss_bottom_decile': 2.983866, 'test_loss_top_decile': 23.648438, 'test_loss_min': 2.532649, 'test_loss_max': 23.648438, 'test_loss_bottom10%': 2.532649, 'test_loss_top10%': 23.648438, 'test_loss_cos1': 0.876467, 'test_loss_entropy': 2.116918, 'test_avg_loss_std': 1.159663, 'test_avg_loss_bottom_decile': 0.326194, 'test_avg_loss_top_decile': 3.77309, 'test_avg_loss_min': 0.101306, 'test_avg_loss_max': 3.77309, 'test_avg_loss_bottom10%': 0.101306, 'test_avg_loss_top10%': 3.77309, 'test_avg_loss_cos1': 0.707744, 'test_avg_loss_entropy': 1.885835, 'test_acc_std': 0.333418, 'test_acc_bottom_decile': 0.0, 'test_acc_top_decile': 0.96, 'test_acc_min': 0.0, 'test_acc_max': 0.96, 'test_acc_bottom10%': 0.0, 'test_acc_top10%': 0.96, 'test_acc_cos1': 0.883098, 'test_acc_entropy': 2.066182}}
2023-02-17 19:41:35,764 (monitor:541) INFO: {'Role': 'Server #', 'Round': 8, 'Results_model_metric': {}}
2023-02-17 19:41:37,339 (server:330) INFO: Server: Starting evaluation at the end of round 8.
2023-02-17 19:41:37,340 (server:336) INFO: ----------- Starting a new training round (Round #9) -------------
2023-02-17 19:41:38,135 (context:294) WARNING: No val_data or val_loader in the trainer, will skip evaluation.If this is not the case you want, please check whether there is typo for the name
2023-02-17 19:41:38,573 (context:294) WARNING: No val_data or val_loader in the trainer, will skip evaluation.If this is not the case you want, please check whether there is typo for the name
2023-02-17 19:41:38,951 (context:294) WARNING: No val_data or val_loader in the trainer, will skip evaluation.If this is not the case you want, please check whether there is typo for the name
2023-02-17 19:41:39,441 (context:294) WARNING: No val_data or val_loader in the trainer, will skip evaluation.If this is not the case you want, please check whether there is typo for the name
2023-02-17 19:41:39,902 (context:294) WARNING: No val_data or val_loader in the trainer, will skip evaluation.If this is not the case you want, please check whether there is typo for the name
2023-02-17 19:41:40,479 (context:294) WARNING: No val_data or val_loader in the trainer, will skip evaluation.If this is not the case you want, please check whether there is typo for the name
2023-02-17 19:41:41,077 (context:294) WARNING: No val_data or val_loader in the trainer, will skip evaluation.If this is not the case you want, please check whether there is typo for the name
2023-02-17 19:41:41,415 (context:294) WARNING: No val_data or val_loader in the trainer, will skip evaluation.If this is not the case you want, please check whether there is typo for the name
2023-02-17 19:41:41,969 (context:294) WARNING: No val_data or val_loader in the trainer, will skip evaluation.If this is not the case you want, please check whether there is typo for the name
2023-02-17 19:41:42,483 (context:294) WARNING: No val_data or val_loader in the trainer, will skip evaluation.If this is not the case you want, please check whether there is typo for the name
2023-02-17 19:41:45,342 (client:306) INFO: {'Role': 'Client #5', 'Round': 9, 'Results_raw': {'train_f1': 0.544962, 'train_correct': 268.0, 'train_total': 330, 'train_loss': 146.063531, 'train_avg_loss': 0.442617, 'train_acc': 0.812121}}
2023-02-17 19:41:47,232 (client:306) INFO: {'Role': 'Client #4', 'Round': 9, 'Results_raw': {'train_f1': 0.498721, 'train_correct': 195.0, 'train_total': 196, 'train_loss': 3.971288, 'train_avg_loss': 0.020262, 'train_acc': 0.994898}}
2023-02-17 19:41:47,715 (client:306) INFO: {'Role': 'Client #6', 'Round': 9, 'Results_raw': {'train_f1': 0.442857, 'train_correct': 14.0, 'train_total': 18, 'train_loss': 9.889174, 'train_avg_loss': 0.549399, 'train_acc': 0.777778}}
2023-02-17 19:41:50,338 (client:306) INFO: {'Role': 'Client #10', 'Round': 9, 'Results_raw': {'train_f1': 0.553336, 'train_correct': 254.0, 'train_total': 296, 'train_loss': 104.371657, 'train_avg_loss': 0.352607, 'train_acc': 0.858108}}
2023-02-17 19:41:51,159 (client:306) INFO: {'Role': 'Client #2', 'Round': 9, 'Results_raw': {'train_f1': 0.534535, 'train_correct': 55.0, 'train_total': 62, 'train_loss': 20.68972, 'train_avg_loss': 0.333705, 'train_acc': 0.887097}}
2023-02-17 19:41:51,585 (client:306) INFO: {'Role': 'Client #9', 'Round': 9, 'Results_raw': {'train_f1': 0.478261, 'train_correct': 11.0, 'train_total': 12, 'train_loss': 2.323927, 'train_avg_loss': 0.193661, 'train_acc': 0.916667}}
2023-02-17 19:41:54,712 (client:306) INFO: {'Role': 'Client #8', 'Round': 9, 'Results_raw': {'train_f1': 0.830891, 'train_correct': 322.0, 'train_total': 348, 'train_loss': 62.185679, 'train_avg_loss': 0.178694, 'train_acc': 0.925287}}
2023-02-17 19:41:55,174 (client:306) INFO: {'Role': 'Client #1', 'Round': 9, 'Results_raw': {'train_f1': 0.333333, 'train_correct': 7.0, 'train_total': 14, 'train_loss': 26.318898, 'train_avg_loss': 1.879921, 'train_acc': 0.5}}
2023-02-17 19:41:58,941 (client:306) INFO: {'Role': 'Client #3', 'Round': 9, 'Results_raw': {'train_f1': 0.776963, 'train_correct': 431.0, 'train_total': 446, 'train_loss': 45.231503, 'train_avg_loss': 0.101416, 'train_acc': 0.966368}}
2023-02-17 19:41:59,536 (client:306) INFO: {'Role': 'Client #7', 'Round': 9, 'Results_raw': {'train_f1': 0.507692, 'train_correct': 17.0, 'train_total': 32, 'train_loss': 43.725049, 'train_avg_loss': 1.366408, 'train_acc': 0.53125}}
2023-02-17 19:41:59,538 (server:590) INFO: {'Role': 'Server #', 'Round': 8, 'Results_weighted_avg': {'test_f1': 0.530735, 'test_correct': 17.9, 'test_total': 22.0, 'test_loss': 13.506302, 'test_avg_loss': 0.542208, 'test_acc': 0.813636}, 'Results_avg': {'test_f1': 0.417195, 'test_correct': 17.9, 'test_total': 22.0, 'test_loss': 11.928566, 'test_avg_loss': 1.085422, 'test_acc': 0.651272}, 'Results_fairness': {'test_correct': 17.9, 'test_total': 22.0, 'test_f1_std': 0.270091, 'test_f1_bottom_decile': 0.0, 'test_f1_top_decile': 0.891641, 'test_f1_min': 0.0, 'test_f1_max': 0.891641, 'test_f1_bottom10%': 0.0, 'test_f1_top10%': 0.891641, 'test_f1_cos1': 0.83944, 'test_f1_entropy': 2.01426, 'test_loss_std': 7.353574, 'test_loss_bottom_decile': 3.432942, 'test_loss_top_decile': 24.362859, 'test_loss_min': 3.072598, 'test_loss_max': 24.362859, 'test_loss_bottom10%': 3.072598, 'test_loss_top10%': 24.362859, 'test_loss_cos1': 0.851247, 'test_loss_entropy': 2.10935, 'test_avg_loss_std': 1.186065, 'test_avg_loss_bottom_decile': 0.271481, 'test_avg_loss_top_decile': 3.432942, 'test_avg_loss_min': 0.216777, 'test_avg_loss_max': 3.432942, 'test_avg_loss_bottom10%': 0.216777, 'test_avg_loss_top10%': 3.432942, 'test_avg_loss_cos1': 0.675115, 'test_avg_loss_entropy': 1.810215, 'test_acc_std': 0.349192, 'test_acc_bottom_decile': 0.0, 'test_acc_top_decile': 0.9375, 'test_acc_min': 0.0, 'test_acc_max': 0.9375, 'test_acc_bottom10%': 0.0, 'test_acc_top10%': 0.9375, 'test_acc_cos1': 0.881313, 'test_acc_entropy': 2.062997}}
2023-02-17 19:41:59,542 (monitor:541) INFO: {'Role': 'Server #', 'Round': 9, 'Results_model_metric': {}}
2023-02-17 19:42:00,775 (server:347) INFO: Server: Training is finished! Starting evaluation.
2023-02-17 19:42:01,438 (context:294) WARNING: No val_data or val_loader in the trainer, will skip evaluation.If this is not the case you want, please check whether there is typo for the name
2023-02-17 19:42:01,807 (context:294) WARNING: No val_data or val_loader in the trainer, will skip evaluation.If this is not the case you want, please check whether there is typo for the name
2023-02-17 19:42:02,192 (context:294) WARNING: No val_data or val_loader in the trainer, will skip evaluation.If this is not the case you want, please check whether there is typo for the name
2023-02-17 19:42:02,731 (context:294) WARNING: No val_data or val_loader in the trainer, will skip evaluation.If this is not the case you want, please check whether there is typo for the name
2023-02-17 19:42:03,240 (context:294) WARNING: No val_data or val_loader in the trainer, will skip evaluation.If this is not the case you want, please check whether there is typo for the name
2023-02-17 19:42:03,882 (context:294) WARNING: No val_data or val_loader in the trainer, will skip evaluation.If this is not the case you want, please check whether there is typo for the name
