2023-02-13 18:00:56,837 (logging:124) INFO: the current machine is at 192.168.0.1
2023-02-13 18:00:56,838 (logging:126) INFO: the current dir is /home/ubuntu/medscale
2023-02-13 18:00:56,838 (logging:127) INFO: the output dir is exp/local_convnet2_on_lung_lr0.01_lstep1
2023-02-13 18:01:04,872 (cfg_data:145) WARNING: config `cfg.data.batch_size` will be removed in the future, use `cfg.dataloader.batch_size` instead.
2023-02-13 18:01:04,872 (cfg_fl_setting:123) WARNING: In local/global training mode, the sampling related configs are in-valid, we will use all clients. 
2023-02-13 18:01:04,872 (cfg_data:145) WARNING: config `cfg.data.batch_size` will be removed in the future, use `cfg.dataloader.batch_size` instead.
2023-02-13 18:01:04,873 (cfg_fl_setting:123) WARNING: In local/global training mode, the sampling related configs are in-valid, we will use all clients. 
2023-02-13 18:01:04,896 (config:243) INFO: the used configs are: 
aggregator:
  inside_weight: 1.0
  num_agg_groups: 1
  num_agg_topk: []
  outside_weight: 0.0
asyn:
  use: False
attack:
  alpha_TV: 0.001
  alpha_prop_loss: 0
  attack_method: 
  attacker_id: -1
  classifier_PIA: randomforest
  edge_num: 100
  edge_path: edge_data/
  freq: 10
  info_diff_type: l2
  inject_round: 0
  insert_round: 100000
  label_type: dirty
  max_ite: 400
  mean: [0.1307]
  mia_is_simulate_in: False
  mia_simulate_in_round: 20
  pgd_eps: 2
  pgd_lr: 0.1
  pgd_poisoning: False
  poison_ratio: 0.5
  reconstruct_lr: 0.01
  reconstruct_optim: Adam
  scale_para: 1.0
  scale_poisoning: False
  self_epoch: 6
  self_lr: 0.05
  self_opt: False
  setting: fix
  std: [0.3081]
  target_label_ind: -1
  trigger_path: trigger/
  trigger_type: edge
backend: torch
cfg_file: 
check_completeness: False
criterion:
  type: CrossEntropyLoss
data:
  args: []
  batch_size: 16
  cSBM_phi: [0.5, 0.5, 0.5]
  cache_dir: 
  consistent_label_distribution: False
  drop_last: False
  hetero_data_name: []
  hetero_synth_batch_size: 32
  hetero_synth_feat_dim: 128
  hetero_synth_prim_weight: 0.5
  is_debug: False
  loader: 
  max_query_len: 128
  max_seq_len: 384
  max_tgt_len: 128
  num_contrast: 0
  num_of_client_for_data: []
  num_steps: 30
  num_workers: 0
  pre_transform: []
  quadratic:
    dim: 1
    max_curv: 12.5
    min_curv: 0.02
  root: data/
  save_data: False
  server_holds_all: False
  shuffle: True
  sizes: [10, 5]
  splits: [0.8, 0, 0.2]
  splitter: lda
  splitter_args: [{'alpha': 0.1}]
  subsample: 1.0
  target_transform: []
  test_pre_transform: []
  test_target_transform: []
  test_transform: []
  transform: []
  trunc_stride: 128
  type: lung
  val_pre_transform: []
  val_target_transform: []
  val_transform: []
  walk_length: 2
dataloader:
  batch_size: 16
  drop_last: False
  num_steps: 30
  num_workers: 0
  pin_memory: False
  shuffle: True
  sizes: [10, 5]
  theta: -1
  type: base
  walk_length: 2
device: 0
distribute:
  use: False
early_stop:
  delta: 0.0
  improve_indicator_mode: best
  patience: 5
eval:
  best_res_update_round_wise_key: test_loss
  count_flops: True
  freq: 1
  metrics: ['acc', 'correct', 'f1']
  monitoring: []
  report: ['weighted_avg', 'avg', 'fairness', 'raw']
  split: ['test', 'val']
expname: local_convnet2_on_lung_lr0.01_lstep1
expname_tag: 
feat_engr:
  num_bins: 5
  scenario: hfl
  secure:
    dp:
      
    encrypt:
      type: dummy
    key_size: 3072
    type: encrypt
  selec_threshold: 0.05
  selec_woe_binning: quantile
  type: 
federate:
  atc_load_from: 
  atc_vanilla: False
  client_num: 10
  data_weighted_aggr: False
  ignore_weight: False
  join_in_info: []
  make_global_eval: False
  merge_test_data: False
  method: local
  mode: standalone
  online_aggr: False
  resource_info_file: 
  restore_from: 
  sample_client_num: 10
  sample_client_rate: -1.0
  sampler: uniform
  save_to: 
  share_local_model: False
  total_round_num: 10
  unseen_clients_rate: 0.0
  use_diff: False
  use_ss: False
fedopt:
  use: False
fedprox:
  use: False
fedsageplus:
  a: 1.0
  b: 1.0
  c: 1.0
  fedgen_epoch: 200
  gen_hidden: 128
  hide_portion: 0.5
  loc_epoch: 1
  num_pred: 5
finetune:
  batch_or_epoch: epoch
  before_eval: False
  freeze_param: 
  local_update_steps: 1
  optimizer:
    lr: 0.1
    type: SGD
  scheduler:
    type: 
    warmup_ratio: 0.0
flitplus:
  factor_ema: 0.8
  lambdavat: 0.5
  tmpFed: 0.5
  weightReg: 1.0
gcflplus:
  EPS_1: 0.05
  EPS_2: 0.1
  seq_length: 5
  standardize: False
grad:
  grad_accum_count: 1
  grad_clip: 5.0
hpo:
  fedex:
    cutoff: 0.0
    diff: False
    eta0: -1.0
    flatten_ss: True
    gamma: 0.0
    pi_lr: 0.01
    psn: False
    sched: auto
    ss: 
    use: False
  init_cand_num: 16
  larger_better: False
  metric: client_summarized_weighted_avg.val_loss
  num_workers: 0
  pbt:
    max_stage: 5
    perf_threshold: 0.1
  scheduler: rs
  sha:
    budgets: []
    elim_rate: 3
    iter: 0
  ss: 
  table:
    eps: 0.1
    idx: 0
    num: 27
  working_folder: hpo
model:
  contrast_temp: 1.0
  contrast_topk: 100
  downstream_tasks: []
  dropout: 0.0
  embed_size: 8
  gamma: 0
  graph_pooling: mean
  hidden: 2048
  in_channels: 0
  input_shape: ()
  label_smoothing: 0.1
  lambda_: 0.1
  layer: 2
  length_penalty: 2.0
  max_answer_len: 30
  max_length: 200
  max_tree_depth: 3
  min_length: 1
  model_num_per_trainer: 1
  model_type: google/bert_uncased_L-2_H-128_A-2
  n_best_size: 20
  no_repeat_ngram_size: 3
  null_score_diff_threshold: 0.0
  num_beams: 5
  num_item: 0
  num_labels: 1
  num_of_trees: 10
  num_user: 0
  out_channels: 62
  pretrain_tasks: []
  stage: 
  task: node
  type: convnet2
  use_bias: True
  use_contrastive_loss: False
nbafl:
  use: False
outdir: exp/local_convnet2_on_lung_lr0.01_lstep1
personalization:
  K: 5
  beta: 1.0
  local_param: []
  local_update_steps: 1
  lr: 0.5
  regular_weight: 0.1
  share_non_trainable_para: False
print_decimal_digits: 6
regularizer:
  mu: 0.0
  type: 
seed: 2
sgdmf:
  use: False
train:
  batch_or_epoch: epoch
  local_update_steps: 1
  optimizer:
    lr: 0.01
    type: SGD
    weight_decay: 0.0
  scheduler:
    type: 
    warmup_ratio: 0.0
trainer:
  disp_freq: 50
  local_entropy:
    alpha: 0.75
    eps: 0.001
    gamma: 0.0001
  sam:
    adaptive: False
    eta: 0.0
    rho: 1.0
  type: cvtrainer
  val_freq: 100000000
use_gpu: True
verbose: 1
vertical:
  use: False
wandb:
  use: False
2023-02-13 18:01:04,968 (utils:144) INFO: The device information file is not provided
2023-02-13 18:01:05,432 (fed_runner:169) INFO: Server has been set up ... 
2023-02-13 18:01:05,948 (fed_runner:221) INFO: Client 1 has been set up ... 
2023-02-13 18:01:06,465 (fed_runner:221) INFO: Client 2 has been set up ... 
2023-02-13 18:01:06,859 (fed_runner:221) INFO: Client 3 has been set up ... 
2023-02-13 18:01:07,380 (fed_runner:221) INFO: Client 4 has been set up ... 
2023-02-13 18:01:07,786 (fed_runner:221) INFO: Client 5 has been set up ... 
2023-02-13 18:01:08,261 (fed_runner:221) INFO: Client 6 has been set up ... 
2023-02-13 18:01:08,898 (fed_runner:221) INFO: Client 7 has been set up ... 
2023-02-13 18:01:09,343 (fed_runner:221) INFO: Client 8 has been set up ... 
2023-02-13 18:01:09,753 (fed_runner:221) INFO: Client 9 has been set up ... 
2023-02-13 18:01:10,165 (fed_runner:221) INFO: Client 10 has been set up ... 
<<<<<<< HEAD
2023-02-13 18:01:10,166 (trainer:341) INFO: Model meta-info: <class 'medscale.contrib.model.VIT2.HAT_Net'>.
=======
<<<<<<< HEAD
2023-02-13 18:01:10,166 (trainer:341) INFO: Model meta-info: <class 'medscale.contrib.model.VIT2.HAT_Net'>.
=======
2023-02-13 18:01:10,166 (trainer:341) INFO: Model meta-info: <class 'medscale.contrib.model.VIT2.HAT_Net'>.
>>>>>>> fe4962455354c9c11afd9c9806ceda28eb280737
>>>>>>> 64b283ee525ef53c32509882719e74890329b83f
2023-02-13 18:01:10,171 (trainer:349) INFO: Num of original para names: 290.
2023-02-13 18:01:10,171 (trainer:350) INFO: Num of original trainable para names: 290.
2023-02-13 18:01:10,171 (trainer:352) INFO: Num of preserved para names in local update: 0. 
Preserved para names in local update: set().
2023-02-13 18:01:10,171 (trainer:356) INFO: Num of filtered para names in local update: 290. 
Filtered para names in local update: {'blocks.2.5.attn.norm.weight', 'blocks.1.3.conv.conv1.1.weight', 'blocks.2.2.attn.proj_norm.bias', 'blocks.3.1.conv.conv3.0.weight', 'blocks.1.0.attn.norm.weight', 'blocks.3.1.attn.norm.bias', 'blocks.2.0.attn.qkv.bias', 'blocks.0.2.conv.conv3.1.bias', 'blocks.3.1.conv.conv1.1.weight', 'blocks.3.0.conv.conv1.0.bias', 'blocks.2.6.attn.qkv.bias', 'blocks.1.3.attn.norm.bias', 'blocks.3.1.attn.proj_norm.weight', 'blocks.2.2.conv.conv2.0.weight', 'blocks.1.1.attn.norm.bias', 'blocks.2.2.attn.norm.weight', 'blocks.1.0.attn.proj_norm.weight', 'blocks.0.1.conv.conv1.0.weight', 'blocks.2.4.conv.conv1.1.weight', 'blocks.2.6.conv.conv3.1.bias', 'blocks.3.0.attn.norm.bias', 'blocks.1.1.conv.conv3.0.weight', 'blocks.2.5.conv.conv3.0.weight', 'blocks.0.0.attn.proj_norm.bias', 'blocks.1.0.attn.qkv.weight', 'blocks.3.2.attn.proj.weight', 'blocks.2.7.attn.qkv.bias', 'blocks.2.4.conv.conv3.1.bias', 'blocks.1.2.conv.conv3.1.bias', 'blocks.3.0.attn.norm.weight', 'blocks.0.2.attn.norm.bias', 'blocks.0.1.conv.conv2.0.weight', 'blocks.3.2.conv.conv3.1.weight', 'blocks.3.1.conv.conv3.1.weight', 'blocks.2.2.conv.conv3.0.weight', 'blocks.0.0.attn.norm.bias', 'blocks.1.3.attn.norm.weight', 'blocks.2.4.attn.proj_norm.bias', 'blocks.2.2.attn.proj_norm.weight', 'blocks.1.0.conv.conv1.0.weight', 'blocks.2.4.conv.conv3.1.weight', 'blocks.2.5.attn.proj_norm.weight', 'blocks.2.7.attn.proj_norm.bias', 'blocks.0.1.attn.proj.weight', 'blocks.3.1.conv.conv2.0.weight', 'blocks.0.2.conv.conv1.0.weight', 'blocks.2.5.conv.conv1.0.weight', 'blocks.2.0.attn.norm.bias', 'blocks.3.1.attn.qkv.bias', 'ds4.norm.weight', 'blocks.2.2.attn.qkv.weight', 'blocks.3.0.attn.proj_norm.bias', 'blocks.2.2.attn.proj.weight', 'blocks.3.1.attn.proj.bias', 'blocks.2.3.attn.proj_norm.weight', 'blocks.2.6.attn.norm.bias', 'ds2.norm.bias', 'blocks.2.2.conv.conv3.1.bias', 'blocks.2.7.attn.proj_norm.weight', 'blocks.1.3.attn.qkv.bias', 'blocks.1.0.conv.conv1.0.bias', 'blocks.2.0.attn.proj.bias', 'blocks.1.3.conv.conv1.0.weight', 'blocks.2.7.attn.norm.bias', 'blocks.1.3.attn.proj.weight', 'ds4.conv.weight', 'blocks.2.4.attn.qkv.weight', 'blocks.3.2.conv.conv1.0.weight', 'blocks.0.0.conv.conv3.1.weight', 'blocks.2.0.conv.conv3.1.weight', 'blocks.0.2.conv.conv2.0.weight', 'ds3.conv.bias', 'blocks.0.1.attn.proj.bias', 'blocks.0.0.attn.qkv.weight', 'patch_embed.1.weight', 'blocks.1.2.conv.conv1.0.weight', 'blocks.0.2.conv.conv1.1.weight', 'blocks.3.1.attn.proj_norm.bias', 'blocks.2.3.conv.conv2.0.weight', 'blocks.2.2.conv.conv3.1.weight', 'blocks.0.1.attn.proj_norm.bias', 'blocks.0.0.attn.norm.weight', 'blocks.1.3.attn.proj_norm.weight', 'blocks.1.0.conv.conv3.1.weight', 'blocks.1.1.conv.conv1.0.weight', 'blocks.2.0.attn.norm.weight', 'blocks.2.3.attn.norm.bias', 'blocks.1.0.attn.proj.bias', 'blocks.2.0.attn.qkv.weight', 'blocks.2.3.conv.conv1.1.weight', 'blocks.2.1.attn.norm.weight', 'blocks.0.0.conv.conv1.0.weight', 'blocks.2.1.attn.qkv.bias', 'blocks.0.2.attn.proj.bias', 'blocks.1.2.attn.proj.bias', 'blocks.2.4.conv.conv3.0.weight', 'blocks.2.1.conv.conv1.0.weight', 'blocks.2.6.attn.proj_norm.weight', 'blocks.1.1.attn.norm.weight', 'blocks.2.1.conv.conv1.1.weight', 'blocks.3.2.conv.conv1.1.weight', 'blocks.0.2.conv.conv1.0.bias', 'blocks.2.4.attn.qkv.bias', 'blocks.0.1.conv.conv1.1.weight', 'blocks.1.1.attn.qkv.weight', 'blocks.3.0.conv.conv2.0.weight', 'blocks.1.3.conv.conv2.0.weight', 'blocks.3.0.conv.conv3.1.bias', 'blocks.0.1.conv.conv3.1.bias', 'blocks.3.2.attn.proj_norm.weight', 'ds2.conv.bias', 'ds3.norm.bias', 'blocks.2.5.attn.proj.bias', 'blocks.2.5.attn.proj.weight', 'blocks.0.0.attn.qkv.bias', 'blocks.2.3.attn.qkv.weight', 'ds3.conv.weight', 'blocks.1.1.conv.conv1.0.bias', 'blocks.2.6.attn.qkv.weight', 'blocks.2.6.conv.conv2.0.weight', 'blocks.2.3.attn.proj_norm.bias', 'blocks.1.2.attn.proj.weight', 'blocks.1.1.conv.conv3.1.bias', 'blocks.1.3.conv.conv3.1.weight', 'blocks.1.2.conv.conv1.1.weight', 'blocks.1.2.conv.conv3.0.weight', 'blocks.2.0.attn.proj_norm.weight', 'blocks.2.1.attn.proj.weight', 'blocks.2.6.attn.proj_norm.bias', 'blocks.3.0.attn.proj.weight', 'blocks.2.1.attn.qkv.weight', 'blocks.0.2.conv.conv3.0.weight', 'blocks.0.2.attn.norm.weight', 'blocks.1.2.attn.norm.weight', 'blocks.2.5.conv.conv3.1.weight', 'ds2.norm.weight', 'blocks.2.7.attn.proj.weight', 'blocks.1.3.conv.conv3.1.bias', 'blocks.1.2.attn.proj_norm.weight', 'blocks.0.2.attn.proj_norm.weight', 'blocks.2.4.attn.norm.bias', 'blocks.0.0.conv.conv3.0.weight', 'blocks.1.3.conv.conv3.0.weight', 'blocks.1.0.attn.norm.bias', 'blocks.2.5.attn.qkv.bias', 'blocks.3.2.attn.qkv.bias', 'blocks.2.1.attn.norm.bias', 'blocks.2.1.conv.conv3.1.weight', 'blocks.2.1.conv.conv3.0.weight', 'blocks.2.2.conv.conv1.0.bias', 'blocks.2.5.conv.conv1.1.weight', 'blocks.0.0.conv.conv3.1.bias', 'blocks.3.0.attn.proj.bias', 'blocks.3.0.conv.conv3.0.weight', 'blocks.1.1.attn.proj.weight', 'blocks.3.0.attn.proj_norm.weight', 'ds3.norm.weight', 'blocks.1.3.attn.proj_norm.bias', 'blocks.2.1.attn.proj_norm.weight', 'ds2.conv.weight', 'blocks.2.5.attn.norm.bias', 'blocks.2.3.conv.conv3.1.bias', 'blocks.1.1.conv.conv2.0.weight', 'blocks.2.7.conv.conv2.0.weight', 'blocks.3.0.conv.conv1.0.weight', 'blocks.2.5.conv.conv3.1.bias', 'blocks.2.7.conv.conv1.0.weight', 'blocks.1.2.attn.norm.bias', 'blocks.2.7.conv.conv3.0.weight', 'blocks.1.1.conv.conv3.1.weight', 'blocks.2.4.attn.proj_norm.weight', 'patch_embed.3.bias', 'blocks.3.1.conv.conv3.1.bias', 'blocks.2.0.conv.conv2.0.weight', 'blocks.2.1.attn.proj_norm.bias', 'blocks.3.2.attn.norm.weight', 'blocks.2.6.attn.norm.weight', 'blocks.3.1.conv.conv1.0.weight', 'blocks.2.1.attn.proj.bias', 'blocks.1.0.conv.conv1.1.weight', 'blocks.0.1.conv.conv3.0.weight', 'blocks.1.1.attn.qkv.bias', 'blocks.2.1.conv.conv1.0.bias', 'blocks.2.5.conv.conv1.0.bias', 'blocks.2.4.conv.conv1.0.bias', 'blocks.0.1.attn.qkv.weight', 'blocks.0.2.attn.qkv.bias', 'blocks.3.2.conv.conv1.0.bias', 'blocks.0.0.conv.conv2.0.weight', 'blocks.3.0.conv.conv1.1.weight', 'blocks.0.1.attn.proj_norm.weight', 'blocks.2.7.attn.norm.weight', 'blocks.0.0.attn.proj_norm.weight', 'classifier.1.weight', 'blocks.2.4.conv.conv1.0.weight', 'blocks.0.2.attn.qkv.weight', 'blocks.1.2.attn.qkv.weight', 'blocks.3.2.attn.norm.bias', 'ds4.conv.bias', 'classifier.1.bias', 'blocks.2.7.conv.conv3.1.weight', 'blocks.1.0.attn.proj_norm.bias', 'blocks.2.4.attn.proj.bias', 'blocks.2.4.conv.conv2.0.weight', 'blocks.2.0.conv.conv1.0.weight', 'blocks.3.2.conv.conv2.0.weight', 'blocks.3.2.conv.conv3.0.weight', 'blocks.2.5.attn.proj_norm.bias', 'blocks.2.2.conv.conv1.0.weight', 'blocks.2.3.attn.proj.bias', 'blocks.2.3.attn.norm.weight', 'blocks.2.0.attn.proj.weight', 'blocks.1.3.attn.proj.bias', 'blocks.1.1.attn.proj.bias', 'blocks.0.0.conv.conv1.0.bias', 'blocks.2.2.attn.norm.bias', 'blocks.3.0.attn.qkv.weight', 'blocks.2.5.attn.qkv.weight', 'blocks.2.4.attn.norm.weight', 'blocks.2.7.attn.qkv.weight', 'blocks.2.3.conv.conv1.0.bias', 'blocks.3.0.conv.conv3.1.weight', 'blocks.0.1.attn.norm.weight', 'patch_embed.1.bias', 'blocks.1.2.attn.proj_norm.bias', 'blocks.1.2.conv.conv2.0.weight', 'blocks.1.2.attn.qkv.bias', 'blocks.1.0.conv.conv2.0.weight', 'patch_embed.0.bias', 'blocks.2.7.conv.conv1.1.weight', 'blocks.2.0.conv.conv1.1.weight', 'blocks.1.2.conv.conv3.1.weight', 'blocks.1.0.attn.proj.weight', 'blocks.0.0.attn.proj.weight', 'blocks.2.1.conv.conv2.0.weight', 'blocks.2.6.conv.conv3.1.weight', 'blocks.1.0.conv.conv3.0.weight', 'blocks.2.3.conv.conv3.0.weight', 'blocks.2.6.conv.conv1.1.weight', 'blocks.2.2.attn.qkv.bias', 'blocks.2.0.conv.conv1.0.bias', 'blocks.0.1.conv.conv1.0.bias', 'blocks.2.3.conv.conv3.1.weight', 'blocks.2.7.conv.conv1.0.bias', 'blocks.3.1.conv.conv1.0.bias', 'blocks.2.5.conv.conv2.0.weight', 'blocks.0.2.attn.proj.weight', 'blocks.0.1.attn.qkv.bias', 'blocks.2.2.conv.conv1.1.weight', 'patch_embed.0.weight', 'blocks.1.3.conv.conv1.0.bias', 'blocks.2.2.attn.proj.bias', 'blocks.2.3.attn.qkv.bias', 'blocks.2.1.conv.conv3.1.bias', 'blocks.1.3.attn.qkv.weight', 'blocks.2.0.attn.proj_norm.bias', 'blocks.3.1.attn.proj.weight', 'blocks.2.6.conv.conv1.0.weight', 'ds4.norm.bias', 'blocks.2.6.attn.proj.weight', 'blocks.0.0.conv.conv1.1.weight', 'blocks.3.1.attn.qkv.weight', 'blocks.2.6.conv.conv3.0.weight', 'blocks.1.1.attn.proj_norm.bias', 'blocks.2.7.conv.conv3.1.bias', 'blocks.3.2.attn.proj_norm.bias', 'blocks.0.1.conv.conv3.1.weight', 'blocks.0.2.attn.proj_norm.bias', 'blocks.0.2.conv.conv3.1.weight', 'blocks.2.0.conv.conv3.1.bias', 'blocks.3.0.attn.qkv.bias', 'blocks.3.1.attn.norm.weight', 'blocks.1.0.attn.qkv.bias', 'blocks.1.2.conv.conv1.0.bias', 'blocks.2.3.attn.proj.weight', 'patch_embed.3.weight', 'blocks.2.7.attn.proj.bias', 'blocks.3.2.attn.proj.bias', 'blocks.1.1.conv.conv1.1.weight', 'blocks.2.0.conv.conv3.0.weight', 'blocks.2.4.attn.proj.weight', 'blocks.0.0.attn.proj.bias', 'blocks.1.1.attn.proj_norm.weight', 'blocks.2.3.conv.conv1.0.weight', 'blocks.2.6.conv.conv1.0.bias', 'blocks.3.2.conv.conv3.1.bias', 'blocks.2.6.attn.proj.bias', 'blocks.3.2.attn.qkv.weight', 'blocks.0.1.attn.norm.bias', 'blocks.1.0.conv.conv3.1.bias'}.
2023-02-13 18:01:10,177 (trainer:361) INFO: After register default hooks,
	the hooks_in_train is:
	{
	  "on_fit_start": [
	    "_hook_on_fit_start_init",
	    "_hook_on_fit_start_calculate_model_size"
	  ],
	  "on_epoch_start": [
	    "_hook_on_epoch_start"
	  ],
	  "on_batch_start": [
	    "_hook_on_batch_start_init"
	  ],
	  "on_batch_forward": [
	    "_hook_on_batch_forward",
	    "_hook_on_batch_forward_regularizer",
	    "_hook_on_batch_forward_flop_count"
	  ],
	  "on_batch_backward": [
	    "_hook_on_batch_backward"
	  ],
	  "on_batch_end": [
	    "_hook_on_batch_end"
	  ],
	  "on_fit_end": [
	    "_hook_on_fit_end"
	  ]
	};
	the hooks_in_eval is:
            t{
	  "on_fit_start": [
	    "_hook_on_fit_start_init"
	  ],
	  "on_epoch_start": [
	    "_hook_on_epoch_start"
	  ],
	  "on_batch_start": [
	    "_hook_on_batch_start_init"
	  ],
	  "on_batch_forward": [
	    "_hook_on_batch_forward"
	  ],
	  "on_batch_end": [
	    "_hook_on_batch_end"
	  ],
	  "on_fit_end": [
	    "_hook_on_fit_end"
	  ]
	}
2023-02-13 18:01:10,247 (server:804) INFO: ----------- Starting training (Round #0) -------------
2023-02-13 18:01:14,052 (client:306) INFO: {'Role': 'Client #6', 'Round': 0, 'Results_raw': {'train_avg_loss': 1.370129, 'train_acc': 0.0, 'train_correct': 0.0, 'train_loss': 2.740258, 'train_f1': 0.0, 'train_total': 2}}
2023-02-13 18:01:14,775 (client:306) INFO: {'Role': 'Client #5', 'Round': 0, 'Results_raw': {'train_avg_loss': 0.549604, 'train_acc': 0.916667, 'train_correct': 22.0, 'train_loss': 13.19049, 'train_f1': 0.318841, 'train_total': 24}}
2023-02-13 18:01:17,817 (client:306) INFO: {'Role': 'Client #8', 'Round': 0, 'Results_raw': {'train_avg_loss': 0.498951, 'train_acc': 0.772321, 'train_correct': 173.0, 'train_loss': 111.765084, 'train_f1': 0.329071, 'train_total': 224}}
2023-02-13 18:01:18,733 (client:306) INFO: {'Role': 'Client #2', 'Round': 0, 'Results_raw': {'train_avg_loss': 0.335997, 'train_acc': 0.954545, 'train_correct': 42.0, 'train_loss': 14.783872, 'train_f1': 0.488372, 'train_total': 44}}
2023-02-13 18:01:22,549 (client:306) INFO: {'Role': 'Client #4', 'Round': 0, 'Results_raw': {'train_avg_loss': 0.082517, 'train_acc': 0.992832, 'train_correct': 277.0, 'train_loss': 23.022201, 'train_f1': 0.332134, 'train_total': 279}}
2023-02-13 18:01:23,475 (client:306) INFO: {'Role': 'Client #7', 'Round': 0, 'Results_raw': {'train_avg_loss': 0.425466, 'train_acc': 0.772727, 'train_correct': 34.0, 'train_loss': 18.72052, 'train_f1': 0.290598, 'train_total': 44}}
2023-02-13 18:01:25,541 (client:306) INFO: {'Role': 'Client #9', 'Round': 0, 'Results_raw': {'train_avg_loss': 0.107395, 'train_acc': 0.985612, 'train_correct': 137.0, 'train_loss': 14.92796, 'train_f1': 0.330918, 'train_total': 139}}
2023-02-13 18:01:26,869 (client:306) INFO: {'Role': 'Client #1', 'Round': 0, 'Results_raw': {'train_avg_loss': 0.285646, 'train_acc': 0.810811, 'train_correct': 60.0, 'train_loss': 21.137813, 'train_f1': 0.50947, 'train_total': 74}}
2023-02-13 18:01:27,323 (client:306) INFO: {'Role': 'Client #3', 'Round': 0, 'Results_raw': {'train_avg_loss': 0.744595, 'train_acc': 1.0, 'train_correct': 1.0, 'train_loss': 0.744595, 'train_f1': 1.0, 'train_total': 1}}
2023-02-13 18:01:28,286 (client:306) INFO: {'Role': 'Client #10', 'Round': 0, 'Results_raw': {'train_avg_loss': 0.709081, 'train_acc': 0.73913, 'train_correct': 34.0, 'train_loss': 32.617704, 'train_f1': 0.373333, 'train_total': 46}}
2023-02-13 18:01:28,289 (monitor:541) INFO: {'Role': 'Server #', 'Round': 0, 'Results_model_metric': {}}
2023-02-13 18:01:28,314 (server:330) INFO: Server: Starting evaluation at the end of round 0.
2023-02-13 18:01:28,315 (server:336) INFO: ----------- Starting a new training round (Round #1) -------------
2023-02-13 18:01:29,446 (context:294) WARNING: No val_data or val_loader in the trainer, will skip evaluation.If this is not the case you want, please check whether there is typo for the name
2023-02-13 18:01:29,569 (context:294) WARNING: No val_data or val_loader in the trainer, will skip evaluation.If this is not the case you want, please check whether there is typo for the name
2023-02-13 18:01:29,877 (context:294) WARNING: No val_data or val_loader in the trainer, will skip evaluation.If this is not the case you want, please check whether there is typo for the name
2023-02-13 18:01:30,010 (context:294) WARNING: No val_data or val_loader in the trainer, will skip evaluation.If this is not the case you want, please check whether there is typo for the name
2023-02-13 18:01:30,142 (context:294) WARNING: No val_data or val_loader in the trainer, will skip evaluation.If this is not the case you want, please check whether there is typo for the name
2023-02-13 18:01:30,349 (context:294) WARNING: No val_data or val_loader in the trainer, will skip evaluation.If this is not the case you want, please check whether there is typo for the name
2023-02-13 18:01:30,494 (context:294) WARNING: No val_data or val_loader in the trainer, will skip evaluation.If this is not the case you want, please check whether there is typo for the name
2023-02-13 18:01:30,634 (context:294) WARNING: No val_data or val_loader in the trainer, will skip evaluation.If this is not the case you want, please check whether there is typo for the name
2023-02-13 18:01:30,875 (context:294) WARNING: No val_data or val_loader in the trainer, will skip evaluation.If this is not the case you want, please check whether there is typo for the name
2023-02-13 18:01:31,343 (context:294) WARNING: No val_data or val_loader in the trainer, will skip evaluation.If this is not the case you want, please check whether there is typo for the name
2023-02-13 18:01:32,372 (client:306) INFO: {'Role': 'Client #1', 'Round': 1, 'Results_raw': {'train_avg_loss': 0.109165, 'train_acc': 0.986486, 'train_correct': 73.0, 'train_loss': 8.078191, 'train_f1': 0.496599, 'train_total': 74}}
2023-02-13 18:01:33,006 (client:306) INFO: {'Role': 'Client #2', 'Round': 1, 'Results_raw': {'train_avg_loss': 0.00234, 'train_acc': 1.0, 'train_correct': 44.0, 'train_loss': 0.10294, 'train_f1': 1.0, 'train_total': 44}}
2023-02-13 18:01:33,433 (client:306) INFO: {'Role': 'Client #5', 'Round': 1, 'Results_raw': {'train_avg_loss': 0.002369, 'train_acc': 1.0, 'train_correct': 24.0, 'train_loss': 0.056846, 'train_f1': 1.0, 'train_total': 24}}
2023-02-13 18:01:33,613 (client:306) INFO: {'Role': 'Client #6', 'Round': 1, 'Results_raw': {'train_avg_loss': 0.161804, 'train_acc': 1.0, 'train_correct': 2.0, 'train_loss': 0.323608, 'train_f1': 1.0, 'train_total': 2}}
2023-02-13 18:01:34,255 (client:306) INFO: {'Role': 'Client #7', 'Round': 1, 'Results_raw': {'train_avg_loss': 0.001524, 'train_acc': 1.0, 'train_correct': 44.0, 'train_loss': 0.067061, 'train_f1': 1.0, 'train_total': 44}}
2023-02-13 18:01:36,039 (client:306) INFO: {'Role': 'Client #9', 'Round': 1, 'Results_raw': {'train_avg_loss': 0.000683, 'train_acc': 1.0, 'train_correct': 139.0, 'train_loss': 0.094969, 'train_f1': 1.0, 'train_total': 139}}
2023-02-13 18:01:39,620 (client:306) INFO: {'Role': 'Client #4', 'Round': 1, 'Results_raw': {'train_avg_loss': 0.032301, 'train_acc': 0.996416, 'train_correct': 278.0, 'train_loss': 9.011959, 'train_f1': 0.499102, 'train_total': 279}}
2023-02-13 18:01:42,417 (client:306) INFO: {'Role': 'Client #8', 'Round': 1, 'Results_raw': {'train_avg_loss': 0.375742, 'train_acc': 0.875, 'train_correct': 196.0, 'train_loss': 84.166184, 'train_f1': 0.528846, 'train_total': 224}}
2023-02-13 18:01:43,090 (client:306) INFO: {'Role': 'Client #10', 'Round': 1, 'Results_raw': {'train_avg_loss': 0.824432, 'train_acc': 0.630435, 'train_correct': 29.0, 'train_loss': 37.92386, 'train_f1': 0.341858, 'train_total': 46}}
2023-02-13 18:01:43,267 (client:306) INFO: {'Role': 'Client #3', 'Round': 1, 'Results_raw': {'train_avg_loss': 0.032429, 'train_acc': 1.0, 'train_correct': 1.0, 'train_loss': 0.032429, 'train_f1': 1.0, 'train_total': 1}}
2023-02-13 18:01:43,269 (server:590) INFO: {'Role': 'Server #', 'Round': 0, 'Results_weighted_avg': {'test_avg_loss': 5.412961, 'test_acc': 0.209091, 'test_correct': 4.6, 'test_loss': 477.370801, 'test_f1': 0.104152, 'test_total': 22.0}, 'Results_avg': {'test_avg_loss': 4.74771, 'test_acc': 0.180833, 'test_correct': 4.6, 'test_loss': 119.085148, 'test_f1': 0.088256, 'test_total': 22.0}, 'Results_fairness': {'test_correct': 4.6, 'test_total': 22.0, 'test_avg_loss_std': 2.830428, 'test_avg_loss_bottom_decile': 1.264108, 'test_avg_loss_top_decile': 8.661039, 'test_avg_loss_min': 0.20845, 'test_avg_loss_max': 8.661039, 'test_avg_loss_bottom10%': 0.20845, 'test_avg_loss_top10%': 8.661039, 'test_avg_loss_cos1': 0.858942, 'test_avg_loss_entropy': 2.07978, 'test_acc_std': 0.313804, 'test_acc_bottom_decile': 0.0, 'test_acc_top_decile': 0.975, 'test_acc_min': 0.0, 'test_acc_max': 0.975, 'test_acc_bottom10%': 0.0, 'test_acc_top10%': 0.975, 'test_acc_cos1': 0.499293, 'test_acc_entropy': 1.000219, 'test_loss_std': 245.631723, 'test_loss_bottom_decile': 4.268005, 'test_loss_top_decile': 841.080345, 'test_loss_min': 3.35791, 'test_loss_max': 841.080345, 'test_loss_bottom10%': 3.35791, 'test_loss_top10%': 841.080345, 'test_loss_cos1': 0.436247, 'test_loss_entropy': 1.048676, 'test_f1_std': 0.155878, 'test_f1_bottom_decile': 0.0, 'test_f1_top_decile': 0.493671, 'test_f1_min': 0.0, 'test_f1_max': 0.493671, 'test_f1_bottom10%': 0.0, 'test_f1_top10%': 0.493671, 'test_f1_cos1': 0.492696, 'test_f1_entropy': 0.986998}}
2023-02-13 18:01:43,273 (monitor:541) INFO: {'Role': 'Server #', 'Round': 1, 'Results_model_metric': {}}
2023-02-13 18:01:43,300 (server:330) INFO: Server: Starting evaluation at the end of round 1.
2023-02-13 18:01:43,300 (server:336) INFO: ----------- Starting a new training round (Round #2) -------------
2023-02-13 18:01:44,439 (context:294) WARNING: No val_data or val_loader in the trainer, will skip evaluation.If this is not the case you want, please check whether there is typo for the name
2023-02-13 18:01:44,558 (context:294) WARNING: No val_data or val_loader in the trainer, will skip evaluation.If this is not the case you want, please check whether there is typo for the name
2023-02-13 18:01:44,860 (context:294) WARNING: No val_data or val_loader in the trainer, will skip evaluation.If this is not the case you want, please check whether there is typo for the name
2023-02-13 18:01:44,995 (context:294) WARNING: No val_data or val_loader in the trainer, will skip evaluation.If this is not the case you want, please check whether there is typo for the name
2023-02-13 18:01:45,119 (context:294) WARNING: No val_data or val_loader in the trainer, will skip evaluation.If this is not the case you want, please check whether there is typo for the name
2023-02-13 18:01:45,325 (context:294) WARNING: No val_data or val_loader in the trainer, will skip evaluation.If this is not the case you want, please check whether there is typo for the name
2023-02-13 18:01:45,480 (context:294) WARNING: No val_data or val_loader in the trainer, will skip evaluation.If this is not the case you want, please check whether there is typo for the name
2023-02-13 18:01:45,612 (context:294) WARNING: No val_data or val_loader in the trainer, will skip evaluation.If this is not the case you want, please check whether there is typo for the name
2023-02-13 18:01:45,839 (context:294) WARNING: No val_data or val_loader in the trainer, will skip evaluation.If this is not the case you want, please check whether there is typo for the name
2023-02-13 18:01:46,305 (context:294) WARNING: No val_data or val_loader in the trainer, will skip evaluation.If this is not the case you want, please check whether there is typo for the name
2023-02-13 18:01:46,489 (client:306) INFO: {'Role': 'Client #6', 'Round': 2, 'Results_raw': {'train_avg_loss': 0.012872, 'train_acc': 1.0, 'train_correct': 2.0, 'train_loss': 0.025744, 'train_f1': 1.0, 'train_total': 2}}
2023-02-13 18:01:47,160 (client:306) INFO: {'Role': 'Client #10', 'Round': 2, 'Results_raw': {'train_avg_loss': 0.848174, 'train_acc': 0.695652, 'train_correct': 32.0, 'train_loss': 39.015986, 'train_f1': 0.348702, 'train_total': 46}}
2023-02-13 18:01:47,331 (client:306) INFO: {'Role': 'Client #3', 'Round': 2, 'Results_raw': {'train_avg_loss': 0.003329, 'train_acc': 1.0, 'train_correct': 1.0, 'train_loss': 0.003329, 'train_f1': 1.0, 'train_total': 1}}
2023-02-13 18:01:47,974 (client:306) INFO: {'Role': 'Client #2', 'Round': 2, 'Results_raw': {'train_avg_loss': 0.001653, 'train_acc': 1.0, 'train_correct': 44.0, 'train_loss': 0.072716, 'train_f1': 1.0, 'train_total': 44}}
2023-02-13 18:01:51,546 (client:306) INFO: {'Role': 'Client #4', 'Round': 2, 'Results_raw': {'train_avg_loss': 0.027899, 'train_acc': 0.996416, 'train_correct': 278.0, 'train_loss': 7.783958, 'train_f1': 0.499102, 'train_total': 279}}
2023-02-13 18:01:53,350 (client:306) INFO: {'Role': 'Client #9', 'Round': 2, 'Results_raw': {'train_avg_loss': 0.000418, 'train_acc': 1.0, 'train_correct': 139.0, 'train_loss': 0.058053, 'train_f1': 1.0, 'train_total': 139}}
2023-02-13 18:01:54,002 (client:306) INFO: {'Role': 'Client #7', 'Round': 2, 'Results_raw': {'train_avg_loss': 0.001098, 'train_acc': 1.0, 'train_correct': 44.0, 'train_loss': 0.048301, 'train_f1': 1.0, 'train_total': 44}}
2023-02-13 18:01:54,429 (client:306) INFO: {'Role': 'Client #5', 'Round': 2, 'Results_raw': {'train_avg_loss': 0.001612, 'train_acc': 1.0, 'train_correct': 24.0, 'train_loss': 0.038684, 'train_f1': 1.0, 'train_total': 24}}
2023-02-13 18:01:55,472 (client:306) INFO: {'Role': 'Client #1', 'Round': 2, 'Results_raw': {'train_avg_loss': 0.120539, 'train_acc': 0.986486, 'train_correct': 73.0, 'train_loss': 8.919887, 'train_f1': 0.496599, 'train_total': 74}}
2023-02-13 18:01:58,282 (client:306) INFO: {'Role': 'Client #8', 'Round': 2, 'Results_raw': {'train_avg_loss': 0.341853, 'train_acc': 0.90625, 'train_correct': 203.0, 'train_loss': 76.574974, 'train_f1': 0.518772, 'train_total': 224}}
2023-02-13 18:01:58,284 (server:590) INFO: {'Role': 'Server #', 'Round': 1, 'Results_weighted_avg': {'test_avg_loss': 4.705333, 'test_acc': 0.209091, 'test_correct': 4.6, 'test_loss': 374.71327, 'test_f1': 0.104152, 'test_total': 22.0}, 'Results_avg': {'test_avg_loss': 5.327025, 'test_acc': 0.180833, 'test_correct': 4.6, 'test_loss': 103.517327, 'test_f1': 0.088256, 'test_total': 22.0}, 'Results_fairness': {'test_correct': 4.6, 'test_total': 22.0, 'test_avg_loss_std': 2.654737, 'test_avg_loss_bottom_decile': 2.387757, 'test_avg_loss_top_decile': 9.111782, 'test_avg_loss_min': 0.203595, 'test_avg_loss_max': 9.111782, 'test_avg_loss_bottom10%': 0.203595, 'test_avg_loss_top10%': 9.111782, 'test_avg_loss_cos1': 0.895016, 'test_avg_loss_entropy': 2.140412, 'test_acc_std': 0.313804, 'test_acc_bottom_decile': 0.0, 'test_acc_top_decile': 0.975, 'test_acc_min': 0.0, 'test_acc_max': 0.975, 'test_acc_bottom10%': 0.0, 'test_acc_top10%': 0.975, 'test_acc_cos1': 0.499293, 'test_acc_entropy': 1.000219, 'test_loss_std': 187.751115, 'test_loss_bottom_decile': 7.163271, 'test_loss_top_decile': 645.549827, 'test_loss_min': 6.598958, 'test_loss_max': 645.549827, 'test_loss_bottom10%': 6.598958, 'test_loss_top10%': 645.549827, 'test_loss_cos1': 0.482829, 'test_loss_entropy': 1.261805, 'test_f1_std': 0.155878, 'test_f1_bottom_decile': 0.0, 'test_f1_top_decile': 0.493671, 'test_f1_min': 0.0, 'test_f1_max': 0.493671, 'test_f1_bottom10%': 0.0, 'test_f1_top10%': 0.493671, 'test_f1_cos1': 0.492696, 'test_f1_entropy': 0.986998}}
2023-02-13 18:01:58,287 (monitor:541) INFO: {'Role': 'Server #', 'Round': 2, 'Results_model_metric': {}}
2023-02-13 18:01:58,313 (server:330) INFO: Server: Starting evaluation at the end of round 2.
2023-02-13 18:01:58,313 (server:336) INFO: ----------- Starting a new training round (Round #3) -------------
2023-02-13 18:01:59,450 (context:294) WARNING: No val_data or val_loader in the trainer, will skip evaluation.If this is not the case you want, please check whether there is typo for the name
2023-02-13 18:01:59,572 (context:294) WARNING: No val_data or val_loader in the trainer, will skip evaluation.If this is not the case you want, please check whether there is typo for the name
2023-02-13 18:01:59,880 (context:294) WARNING: No val_data or val_loader in the trainer, will skip evaluation.If this is not the case you want, please check whether there is typo for the name
2023-02-13 18:02:00,013 (context:294) WARNING: No val_data or val_loader in the trainer, will skip evaluation.If this is not the case you want, please check whether there is typo for the name
2023-02-13 18:02:00,141 (context:294) WARNING: No val_data or val_loader in the trainer, will skip evaluation.If this is not the case you want, please check whether there is typo for the name
2023-02-13 18:02:00,351 (context:294) WARNING: No val_data or val_loader in the trainer, will skip evaluation.If this is not the case you want, please check whether there is typo for the name
2023-02-13 18:02:00,497 (context:294) WARNING: No val_data or val_loader in the trainer, will skip evaluation.If this is not the case you want, please check whether there is typo for the name
2023-02-13 18:02:00,629 (context:294) WARNING: No val_data or val_loader in the trainer, will skip evaluation.If this is not the case you want, please check whether there is typo for the name
2023-02-13 18:02:00,858 (context:294) WARNING: No val_data or val_loader in the trainer, will skip evaluation.If this is not the case you want, please check whether there is typo for the name
2023-02-13 18:02:01,324 (context:294) WARNING: No val_data or val_loader in the trainer, will skip evaluation.If this is not the case you want, please check whether there is typo for the name
2023-02-13 18:02:01,507 (client:306) INFO: {'Role': 'Client #6', 'Round': 3, 'Results_raw': {'train_avg_loss': 0.006814, 'train_acc': 1.0, 'train_correct': 2.0, 'train_loss': 0.013628, 'train_f1': 1.0, 'train_total': 2}}
2023-02-13 18:02:02,158 (client:306) INFO: {'Role': 'Client #7', 'Round': 3, 'Results_raw': {'train_avg_loss': 0.000822, 'train_acc': 1.0, 'train_correct': 44.0, 'train_loss': 0.036154, 'train_f1': 1.0, 'train_total': 44}}
2023-02-13 18:02:02,832 (client:306) INFO: {'Role': 'Client #10', 'Round': 3, 'Results_raw': {'train_avg_loss': 0.554487, 'train_acc': 0.826087, 'train_correct': 38.0, 'train_loss': 25.506415, 'train_f1': 0.374887, 'train_total': 46}}
2023-02-13 18:02:04,625 (client:306) INFO: {'Role': 'Client #9', 'Round': 3, 'Results_raw': {'train_avg_loss': 0.000325, 'train_acc': 1.0, 'train_correct': 139.0, 'train_loss': 0.045166, 'train_f1': 1.0, 'train_total': 139}}
2023-02-13 18:02:05,265 (client:306) INFO: {'Role': 'Client #2', 'Round': 3, 'Results_raw': {'train_avg_loss': 0.001062, 'train_acc': 1.0, 'train_correct': 44.0, 'train_loss': 0.046745, 'train_f1': 1.0, 'train_total': 44}}
2023-02-13 18:02:05,696 (client:306) INFO: {'Role': 'Client #5', 'Round': 3, 'Results_raw': {'train_avg_loss': 0.001483, 'train_acc': 1.0, 'train_correct': 24.0, 'train_loss': 0.035601, 'train_f1': 1.0, 'train_total': 24}}
2023-02-13 18:02:09,317 (client:306) INFO: {'Role': 'Client #4', 'Round': 3, 'Results_raw': {'train_avg_loss': 0.030259, 'train_acc': 0.996416, 'train_correct': 278.0, 'train_loss': 8.442297, 'train_f1': 0.499102, 'train_total': 279}}
2023-02-13 18:02:10,361 (client:306) INFO: {'Role': 'Client #1', 'Round': 3, 'Results_raw': {'train_avg_loss': 0.091827, 'train_acc': 0.986486, 'train_correct': 73.0, 'train_loss': 6.795216, 'train_f1': 0.496599, 'train_total': 74}}
2023-02-13 18:02:10,536 (client:306) INFO: {'Role': 'Client #3', 'Round': 3, 'Results_raw': {'train_avg_loss': 0.0025, 'train_acc': 1.0, 'train_correct': 1.0, 'train_loss': 0.0025, 'train_f1': 1.0, 'train_total': 1}}
2023-02-13 18:02:13,323 (client:306) INFO: {'Role': 'Client #8', 'Round': 3, 'Results_raw': {'train_avg_loss': 0.330236, 'train_acc': 0.90625, 'train_correct': 203.0, 'train_loss': 73.972914, 'train_f1': 0.518772, 'train_total': 224}}
2023-02-13 18:02:13,325 (server:590) INFO: {'Role': 'Server #', 'Round': 2, 'Results_weighted_avg': {'test_avg_loss': 5.535222, 'test_acc': 0.209091, 'test_correct': 4.6, 'test_loss': 460.135175, 'test_f1': 0.104152, 'test_total': 22.0}, 'Results_avg': {'test_avg_loss': 5.831732, 'test_acc': 0.180833, 'test_correct': 4.6, 'test_loss': 121.774878, 'test_f1': 0.088256, 'test_total': 22.0}, 'Results_fairness': {'test_correct': 4.6, 'test_total': 22.0, 'test_avg_loss_std': 2.772738, 'test_avg_loss_bottom_decile': 2.477661, 'test_avg_loss_top_decile': 9.403611, 'test_avg_loss_min': 0.221151, 'test_avg_loss_max': 9.403611, 'test_avg_loss_bottom10%': 0.221151, 'test_avg_loss_top10%': 9.403611, 'test_avg_loss_cos1': 0.903118, 'test_avg_loss_entropy': 2.149032, 'test_acc_std': 0.313804, 'test_acc_bottom_decile': 0.0, 'test_acc_top_decile': 0.975, 'test_acc_min': 0.0, 'test_acc_max': 0.975, 'test_acc_bottom10%': 0.0, 'test_acc_top10%': 0.975, 'test_acc_cos1': 0.499293, 'test_acc_entropy': 1.000219, 'test_loss_std': 232.78013, 'test_loss_bottom_decile': 7.432983, 'test_loss_top_decile': 801.976865, 'test_loss_min': 6.782464, 'test_loss_max': 801.976865, 'test_loss_bottom10%': 6.782464, 'test_loss_top10%': 801.976865, 'test_loss_cos1': 0.463536, 'test_loss_entropy': 1.195413, 'test_f1_std': 0.155878, 'test_f1_bottom_decile': 0.0, 'test_f1_top_decile': 0.493671, 'test_f1_min': 0.0, 'test_f1_max': 0.493671, 'test_f1_bottom10%': 0.0, 'test_f1_top10%': 0.493671, 'test_f1_cos1': 0.492696, 'test_f1_entropy': 0.986998}}
2023-02-13 18:02:13,328 (monitor:541) INFO: {'Role': 'Server #', 'Round': 3, 'Results_model_metric': {}}
2023-02-13 18:02:13,355 (server:330) INFO: Server: Starting evaluation at the end of round 3.
2023-02-13 18:02:13,355 (server:336) INFO: ----------- Starting a new training round (Round #4) -------------
2023-02-13 18:02:14,482 (context:294) WARNING: No val_data or val_loader in the trainer, will skip evaluation.If this is not the case you want, please check whether there is typo for the name
2023-02-13 18:02:14,598 (context:294) WARNING: No val_data or val_loader in the trainer, will skip evaluation.If this is not the case you want, please check whether there is typo for the name
2023-02-13 18:02:14,899 (context:294) WARNING: No val_data or val_loader in the trainer, will skip evaluation.If this is not the case you want, please check whether there is typo for the name
2023-02-13 18:02:15,031 (context:294) WARNING: No val_data or val_loader in the trainer, will skip evaluation.If this is not the case you want, please check whether there is typo for the name
2023-02-13 18:02:15,157 (context:294) WARNING: No val_data or val_loader in the trainer, will skip evaluation.If this is not the case you want, please check whether there is typo for the name
2023-02-13 18:02:15,363 (context:294) WARNING: No val_data or val_loader in the trainer, will skip evaluation.If this is not the case you want, please check whether there is typo for the name
2023-02-13 18:02:15,502 (context:294) WARNING: No val_data or val_loader in the trainer, will skip evaluation.If this is not the case you want, please check whether there is typo for the name
2023-02-13 18:02:15,634 (context:294) WARNING: No val_data or val_loader in the trainer, will skip evaluation.If this is not the case you want, please check whether there is typo for the name
2023-02-13 18:02:15,863 (context:294) WARNING: No val_data or val_loader in the trainer, will skip evaluation.If this is not the case you want, please check whether there is typo for the name
2023-02-13 18:02:16,325 (context:294) WARNING: No val_data or val_loader in the trainer, will skip evaluation.If this is not the case you want, please check whether there is typo for the name
2023-02-13 18:02:19,113 (client:306) INFO: {'Role': 'Client #8', 'Round': 4, 'Results_raw': {'train_avg_loss': 0.292893, 'train_acc': 0.910714, 'train_correct': 204.0, 'train_loss': 65.608018, 'train_f1': 0.559748, 'train_total': 224}}
2023-02-13 18:02:19,754 (client:306) INFO: {'Role': 'Client #2', 'Round': 4, 'Results_raw': {'train_avg_loss': 0.00093, 'train_acc': 1.0, 'train_correct': 44.0, 'train_loss': 0.040917, 'train_f1': 1.0, 'train_total': 44}}
2023-02-13 18:02:20,398 (client:306) INFO: {'Role': 'Client #7', 'Round': 4, 'Results_raw': {'train_avg_loss': 0.000747, 'train_acc': 1.0, 'train_correct': 44.0, 'train_loss': 0.032858, 'train_f1': 1.0, 'train_total': 44}}
2023-02-13 18:02:23,984 (client:306) INFO: {'Role': 'Client #4', 'Round': 4, 'Results_raw': {'train_avg_loss': 0.028027, 'train_acc': 0.996416, 'train_correct': 278.0, 'train_loss': 7.819642, 'train_f1': 0.499102, 'train_total': 279}}
2023-02-13 18:02:24,169 (client:306) INFO: {'Role': 'Client #6', 'Round': 4, 'Results_raw': {'train_avg_loss': 0.003534, 'train_acc': 1.0, 'train_correct': 2.0, 'train_loss': 0.007069, 'train_f1': 1.0, 'train_total': 2}}
2023-02-13 18:02:25,211 (client:306) INFO: {'Role': 'Client #1', 'Round': 4, 'Results_raw': {'train_avg_loss': 0.085133, 'train_acc': 0.986486, 'train_correct': 73.0, 'train_loss': 6.299807, 'train_f1': 0.496599, 'train_total': 74}}
2023-02-13 18:02:25,890 (client:306) INFO: {'Role': 'Client #10', 'Round': 4, 'Results_raw': {'train_avg_loss': 0.612767, 'train_acc': 0.804348, 'train_correct': 37.0, 'train_loss': 28.187303, 'train_f1': 0.40647, 'train_total': 46}}
2023-02-13 18:02:26,065 (client:306) INFO: {'Role': 'Client #3', 'Round': 4, 'Results_raw': {'train_avg_loss': 0.000635, 'train_acc': 1.0, 'train_correct': 1.0, 'train_loss': 0.000635, 'train_f1': 1.0, 'train_total': 1}}
2023-02-13 18:02:27,884 (client:306) INFO: {'Role': 'Client #9', 'Round': 4, 'Results_raw': {'train_avg_loss': 0.000259, 'train_acc': 1.0, 'train_correct': 139.0, 'train_loss': 0.036039, 'train_f1': 1.0, 'train_total': 139}}
2023-02-13 18:02:28,316 (client:306) INFO: {'Role': 'Client #5', 'Round': 4, 'Results_raw': {'train_avg_loss': 0.001059, 'train_acc': 1.0, 'train_correct': 24.0, 'train_loss': 0.025422, 'train_f1': 1.0, 'train_total': 24}}
2023-02-13 18:02:28,319 (server:590) INFO: {'Role': 'Server #', 'Round': 3, 'Results_weighted_avg': {'test_avg_loss': 4.851627, 'test_acc': 0.213636, 'test_correct': 4.7, 'test_loss': 380.001392, 'test_f1': 0.109455, 'test_total': 22.0}, 'Results_avg': {'test_avg_loss': 5.54522, 'test_acc': 0.214167, 'test_correct': 4.7, 'test_loss': 106.735788, 'test_f1': 0.127145, 'test_total': 22.0}, 'Results_fairness': {'test_correct': 4.7, 'test_total': 22.0, 'test_avg_loss_std': 2.913477, 'test_avg_loss_bottom_decile': 1.569798, 'test_avg_loss_top_decile': 9.649512, 'test_avg_loss_min': 0.21045, 'test_avg_loss_max': 9.649512, 'test_avg_loss_bottom10%': 0.21045, 'test_avg_loss_top10%': 9.649512, 'test_avg_loss_cos1': 0.885251, 'test_avg_loss_entropy': 2.123095, 'test_acc_std': 0.344441, 'test_acc_bottom_decile': 0.0, 'test_acc_top_decile': 0.975, 'test_acc_min': 0.0, 'test_acc_max': 0.975, 'test_acc_bottom10%': 0.0, 'test_acc_top10%': 0.975, 'test_acc_cos1': 0.528031, 'test_acc_entropy': 1.061149, 'test_loss_std': 189.641743, 'test_loss_bottom_decile': 7.105124, 'test_loss_top_decile': 651.62639, 'test_loss_min': 4.709393, 'test_loss_max': 651.62639, 'test_loss_bottom10%': 4.709393, 'test_loss_top10%': 651.62639, 'test_loss_cos1': 0.490479, 'test_loss_entropy': 1.283125, 'test_f1_std': 0.20978, 'test_f1_bottom_decile': 0.0, 'test_f1_top_decile': 0.555556, 'test_f1_min': 0.0, 'test_f1_max': 0.555556, 'test_f1_bottom10%': 0.0, 'test_f1_top10%': 0.555556, 'test_f1_cos1': 0.518318, 'test_f1_entropy': 1.033947}}
2023-02-13 18:02:28,322 (monitor:541) INFO: {'Role': 'Server #', 'Round': 4, 'Results_model_metric': {}}
2023-02-13 18:02:28,348 (server:330) INFO: Server: Starting evaluation at the end of round 4.
2023-02-13 18:02:28,348 (server:336) INFO: ----------- Starting a new training round (Round #5) -------------
2023-02-13 18:02:29,480 (context:294) WARNING: No val_data or val_loader in the trainer, will skip evaluation.If this is not the case you want, please check whether there is typo for the name
2023-02-13 18:02:29,596 (context:294) WARNING: No val_data or val_loader in the trainer, will skip evaluation.If this is not the case you want, please check whether there is typo for the name
2023-02-13 18:02:29,905 (context:294) WARNING: No val_data or val_loader in the trainer, will skip evaluation.If this is not the case you want, please check whether there is typo for the name
2023-02-13 18:02:30,038 (context:294) WARNING: No val_data or val_loader in the trainer, will skip evaluation.If this is not the case you want, please check whether there is typo for the name
2023-02-13 18:02:30,165 (context:294) WARNING: No val_data or val_loader in the trainer, will skip evaluation.If this is not the case you want, please check whether there is typo for the name
2023-02-13 18:02:30,373 (context:294) WARNING: No val_data or val_loader in the trainer, will skip evaluation.If this is not the case you want, please check whether there is typo for the name
2023-02-13 18:02:30,513 (context:294) WARNING: No val_data or val_loader in the trainer, will skip evaluation.If this is not the case you want, please check whether there is typo for the name
2023-02-13 18:02:30,646 (context:294) WARNING: No val_data or val_loader in the trainer, will skip evaluation.If this is not the case you want, please check whether there is typo for the name
2023-02-13 18:02:30,877 (context:294) WARNING: No val_data or val_loader in the trainer, will skip evaluation.If this is not the case you want, please check whether there is typo for the name
2023-02-13 18:02:31,345 (context:294) WARNING: No val_data or val_loader in the trainer, will skip evaluation.If this is not the case you want, please check whether there is typo for the name
2023-02-13 18:02:31,996 (client:306) INFO: {'Role': 'Client #2', 'Round': 5, 'Results_raw': {'train_avg_loss': 0.000724, 'train_acc': 1.0, 'train_correct': 44.0, 'train_loss': 0.031853, 'train_f1': 1.0, 'train_total': 44}}
2023-02-13 18:02:32,685 (client:306) INFO: {'Role': 'Client #10', 'Round': 5, 'Results_raw': {'train_avg_loss': 0.495083, 'train_acc': 0.717391, 'train_correct': 33.0, 'train_loss': 22.773831, 'train_f1': 0.383041, 'train_total': 46}}
2023-02-13 18:02:35,499 (client:306) INFO: {'Role': 'Client #8', 'Round': 5, 'Results_raw': {'train_avg_loss': 0.280018, 'train_acc': 0.888393, 'train_correct': 199.0, 'train_loss': 62.724089, 'train_f1': 0.591092, 'train_total': 224}}
2023-02-13 18:02:36,159 (client:306) INFO: {'Role': 'Client #7', 'Round': 5, 'Results_raw': {'train_avg_loss': 0.000566, 'train_acc': 1.0, 'train_correct': 44.0, 'train_loss': 0.024915, 'train_f1': 1.0, 'train_total': 44}}
2023-02-13 18:02:37,222 (client:306) INFO: {'Role': 'Client #1', 'Round': 5, 'Results_raw': {'train_avg_loss': 0.095001, 'train_acc': 0.986486, 'train_correct': 73.0, 'train_loss': 7.03009, 'train_f1': 0.496599, 'train_total': 74}}
2023-02-13 18:02:40,818 (client:306) INFO: {'Role': 'Client #4', 'Round': 5, 'Results_raw': {'train_avg_loss': 0.027291, 'train_acc': 0.996416, 'train_correct': 278.0, 'train_loss': 7.614272, 'train_f1': 0.499102, 'train_total': 279}}
2023-02-13 18:02:40,992 (client:306) INFO: {'Role': 'Client #3', 'Round': 5, 'Results_raw': {'train_avg_loss': 0.000706, 'train_acc': 1.0, 'train_correct': 1.0, 'train_loss': 0.000706, 'train_f1': 1.0, 'train_total': 1}}
2023-02-13 18:02:41,419 (client:306) INFO: {'Role': 'Client #5', 'Round': 5, 'Results_raw': {'train_avg_loss': 0.000898, 'train_acc': 1.0, 'train_correct': 24.0, 'train_loss': 0.021542, 'train_f1': 1.0, 'train_total': 24}}
2023-02-13 18:02:41,600 (client:306) INFO: {'Role': 'Client #6', 'Round': 5, 'Results_raw': {'train_avg_loss': 0.00269, 'train_acc': 1.0, 'train_correct': 2.0, 'train_loss': 0.00538, 'train_f1': 1.0, 'train_total': 2}}
2023-02-13 18:02:43,397 (client:306) INFO: {'Role': 'Client #9', 'Round': 5, 'Results_raw': {'train_avg_loss': 0.000213, 'train_acc': 1.0, 'train_correct': 139.0, 'train_loss': 0.029573, 'train_f1': 1.0, 'train_total': 139}}
2023-02-13 18:02:43,400 (server:590) INFO: {'Role': 'Server #', 'Round': 4, 'Results_weighted_avg': {'test_avg_loss': 5.75562, 'test_acc': 0.209091, 'test_correct': 4.6, 'test_loss': 479.194159, 'test_f1': 0.104152, 'test_total': 22.0}, 'Results_avg': {'test_avg_loss': 5.974076, 'test_acc': 0.180833, 'test_correct': 4.6, 'test_loss': 126.623641, 'test_f1': 0.088256, 'test_total': 22.0}, 'Results_fairness': {'test_correct': 4.6, 'test_total': 22.0, 'test_avg_loss_std': 2.901607, 'test_avg_loss_bottom_decile': 2.300704, 'test_avg_loss_top_decile': 9.799874, 'test_avg_loss_min': 0.206732, 'test_avg_loss_max': 9.799874, 'test_avg_loss_bottom10%': 0.206732, 'test_avg_loss_top10%': 9.799874, 'test_avg_loss_cos1': 0.899513, 'test_avg_loss_entropy': 2.143506, 'test_acc_std': 0.313804, 'test_acc_bottom_decile': 0.0, 'test_acc_top_decile': 0.975, 'test_acc_min': 0.0, 'test_acc_max': 0.975, 'test_acc_bottom10%': 0.0, 'test_acc_top10%': 0.975, 'test_acc_cos1': 0.499293, 'test_acc_entropy': 1.000219, 'test_loss_std': 242.608889, 'test_loss_bottom_decile': 7.039759, 'test_loss_top_decile': 835.252075, 'test_loss_min': 6.902112, 'test_loss_max': 835.252075, 'test_loss_bottom10%': 6.902112, 'test_loss_top10%': 835.252075, 'test_loss_cos1': 0.462696, 'test_loss_entropy': 1.186853, 'test_f1_std': 0.155878, 'test_f1_bottom_decile': 0.0, 'test_f1_top_decile': 0.493671, 'test_f1_min': 0.0, 'test_f1_max': 0.493671, 'test_f1_bottom10%': 0.0, 'test_f1_top10%': 0.493671, 'test_f1_cos1': 0.492696, 'test_f1_entropy': 0.986998}}
2023-02-13 18:02:43,403 (monitor:541) INFO: {'Role': 'Server #', 'Round': 5, 'Results_model_metric': {}}
2023-02-13 18:02:43,429 (server:330) INFO: Server: Starting evaluation at the end of round 5.
2023-02-13 18:02:43,430 (server:336) INFO: ----------- Starting a new training round (Round #6) -------------
2023-02-13 18:02:44,567 (context:294) WARNING: No val_data or val_loader in the trainer, will skip evaluation.If this is not the case you want, please check whether there is typo for the name
2023-02-13 18:02:44,685 (context:294) WARNING: No val_data or val_loader in the trainer, will skip evaluation.If this is not the case you want, please check whether there is typo for the name
2023-02-13 18:02:44,988 (context:294) WARNING: No val_data or val_loader in the trainer, will skip evaluation.If this is not the case you want, please check whether there is typo for the name
2023-02-13 18:02:45,125 (context:294) WARNING: No val_data or val_loader in the trainer, will skip evaluation.If this is not the case you want, please check whether there is typo for the name
2023-02-13 18:02:45,264 (context:294) WARNING: No val_data or val_loader in the trainer, will skip evaluation.If this is not the case you want, please check whether there is typo for the name
2023-02-13 18:02:45,479 (context:294) WARNING: No val_data or val_loader in the trainer, will skip evaluation.If this is not the case you want, please check whether there is typo for the name
2023-02-13 18:02:45,620 (context:294) WARNING: No val_data or val_loader in the trainer, will skip evaluation.If this is not the case you want, please check whether there is typo for the name
2023-02-13 18:02:45,753 (context:294) WARNING: No val_data or val_loader in the trainer, will skip evaluation.If this is not the case you want, please check whether there is typo for the name
2023-02-13 18:02:45,982 (context:294) WARNING: No val_data or val_loader in the trainer, will skip evaluation.If this is not the case you want, please check whether there is typo for the name
2023-02-13 18:02:46,443 (context:294) WARNING: No val_data or val_loader in the trainer, will skip evaluation.If this is not the case you want, please check whether there is typo for the name
2023-02-13 18:02:46,475 (client:285) INFO: [Local/Global mode] Client #3 has been early stopped, we will skip the local training
2023-02-13 18:02:50,046 (client:306) INFO: {'Role': 'Client #4', 'Round': 6, 'Results_raw': {'train_avg_loss': 0.020483, 'train_acc': 0.996416, 'train_correct': 278.0, 'train_loss': 5.714841, 'train_f1': 0.499102, 'train_total': 279}}
2023-02-13 18:02:50,078 (client:285) INFO: [Local/Global mode] Client #10 has been early stopped, we will skip the local training
2023-02-13 18:02:50,110 (client:285) INFO: [Local/Global mode] Client #5 has been early stopped, we will skip the local training
2023-02-13 18:02:50,142 (client:285) INFO: [Local/Global mode] Client #8 has been early stopped, we will skip the local training
2023-02-13 18:02:50,174 (client:285) INFO: [Local/Global mode] Client #9 has been early stopped, we will skip the local training
2023-02-13 18:02:50,206 (client:285) INFO: [Local/Global mode] Client #2 has been early stopped, we will skip the local training
2023-02-13 18:02:51,235 (client:306) INFO: {'Role': 'Client #1', 'Round': 6, 'Results_raw': {'train_avg_loss': 0.081912, 'train_acc': 0.986486, 'train_correct': 73.0, 'train_loss': 6.061462, 'train_f1': 0.496599, 'train_total': 74}}
2023-02-13 18:02:51,267 (client:285) INFO: [Local/Global mode] Client #6 has been early stopped, we will skip the local training
2023-02-13 18:02:51,300 (client:285) INFO: [Local/Global mode] Client #7 has been early stopped, we will skip the local training
2023-02-13 18:02:51,302 (server:590) INFO: {'Role': 'Server #', 'Round': 5, 'Results_weighted_avg': {'test_avg_loss': 4.779776, 'test_acc': 0.209091, 'test_correct': 4.6, 'test_loss': 362.598781, 'test_f1': 0.104152, 'test_total': 22.0}, 'Results_avg': {'test_avg_loss': 5.753121, 'test_acc': 0.180833, 'test_correct': 4.6, 'test_loss': 105.155065, 'test_f1': 0.088256, 'test_total': 22.0}, 'Results_fairness': {'test_correct': 4.6, 'test_total': 22.0, 'test_avg_loss_std': 3.030099, 'test_avg_loss_bottom_decile': 1.662447, 'test_avg_loss_top_decile': 10.004025, 'test_avg_loss_min': 0.209809, 'test_avg_loss_max': 10.004025, 'test_avg_loss_bottom10%': 0.209809, 'test_avg_loss_top10%': 10.004025, 'test_avg_loss_cos1': 0.884783, 'test_avg_loss_entropy': 2.122624, 'test_acc_std': 0.313804, 'test_acc_bottom_decile': 0.0, 'test_acc_top_decile': 0.975, 'test_acc_min': 0.0, 'test_acc_max': 0.975, 'test_acc_bottom10%': 0.0, 'test_acc_top10%': 0.975, 'test_acc_cos1': 0.499293, 'test_acc_entropy': 1.000219, 'test_loss_std': 179.769466, 'test_loss_bottom_decile': 7.193234, 'test_loss_top_decile': 616.833832, 'test_loss_min': 4.987341, 'test_loss_max': 616.833832, 'test_loss_bottom10%': 4.987341, 'test_loss_top10%': 616.833832, 'test_loss_cos1': 0.504908, 'test_loss_entropy': 1.331569, 'test_f1_std': 0.155878, 'test_f1_bottom_decile': 0.0, 'test_f1_top_decile': 0.493671, 'test_f1_min': 0.0, 'test_f1_max': 0.493671, 'test_f1_bottom10%': 0.0, 'test_f1_top10%': 0.493671, 'test_f1_cos1': 0.492696, 'test_f1_entropy': 0.986998}}
2023-02-13 18:02:51,306 (monitor:541) INFO: {'Role': 'Server #', 'Round': 6, 'Results_model_metric': {}}
2023-02-13 18:02:51,332 (server:330) INFO: Server: Starting evaluation at the end of round 6.
2023-02-13 18:02:51,332 (server:336) INFO: ----------- Starting a new training round (Round #7) -------------
2023-02-13 18:02:52,469 (context:294) WARNING: No val_data or val_loader in the trainer, will skip evaluation.If this is not the case you want, please check whether there is typo for the name
2023-02-13 18:02:53,146 (context:294) WARNING: No val_data or val_loader in the trainer, will skip evaluation.If this is not the case you want, please check whether there is typo for the name
2023-02-13 18:02:53,178 (client:285) INFO: [Local/Global mode] Client #9 has been early stopped, we will skip the local training
2023-02-13 18:02:53,210 (client:285) INFO: [Local/Global mode] Client #6 has been early stopped, we will skip the local training
2023-02-13 18:02:54,242 (client:306) INFO: {'Role': 'Client #1', 'Round': 7, 'Results_raw': {'train_avg_loss': 0.079142, 'train_acc': 0.986486, 'train_correct': 73.0, 'train_loss': 5.856524, 'train_f1': 0.496599, 'train_total': 74}}
2023-02-13 18:02:54,274 (client:285) INFO: [Local/Global mode] Client #5 has been early stopped, we will skip the local training
2023-02-13 18:02:54,306 (client:285) INFO: [Local/Global mode] Client #8 has been early stopped, we will skip the local training
2023-02-13 18:02:54,338 (client:285) INFO: [Local/Global mode] Client #3 has been early stopped, we will skip the local training
2023-02-13 18:02:54,371 (client:285) INFO: [Local/Global mode] Client #2 has been early stopped, we will skip the local training
2023-02-13 18:02:54,403 (client:285) INFO: [Local/Global mode] Client #10 has been early stopped, we will skip the local training
2023-02-13 18:02:54,435 (client:285) INFO: [Local/Global mode] Client #7 has been early stopped, we will skip the local training
2023-02-13 18:02:54,467 (client:285) INFO: [Local/Global mode] Client #4 has been early stopped, we will skip the local training
2023-02-13 18:02:54,469 (server:590) INFO: {'Role': 'Server #', 'Round': 6, 'Results_weighted_avg': {'test_avg_loss': 5.178466, 'test_acc': 0.209091, 'test_correct': 4.6, 'test_loss': 449.459628, 'test_f1': 0.104152, 'test_total': 22.0}, 'Results_avg': {'test_avg_loss': 4.705112, 'test_acc': 0.180833, 'test_correct': 4.6, 'test_loss': 113.926246, 'test_f1': 0.088256, 'test_total': 22.0}, 'Results_fairness': {'test_correct': 4.6, 'test_total': 22.0, 'test_avg_loss_std': 2.793367, 'test_avg_loss_bottom_decile': 1.264108, 'test_avg_loss_top_decile': 8.661039, 'test_avg_loss_min': 0.225422, 'test_avg_loss_max': 8.661039, 'test_avg_loss_bottom10%': 0.225422, 'test_avg_loss_top10%': 8.661039, 'test_avg_loss_cos1': 0.859878, 'test_avg_loss_entropy': 2.082444, 'test_acc_std': 0.313804, 'test_acc_bottom_decile': 0.0, 'test_acc_top_decile': 0.975, 'test_acc_min': 0.0, 'test_acc_max': 0.975, 'test_acc_bottom10%': 0.0, 'test_acc_top10%': 0.975, 'test_acc_cos1': 0.499293, 'test_acc_entropy': 1.000219, 'test_loss_std': 230.258756, 'test_loss_bottom_decile': 4.268005, 'test_loss_top_decile': 788.812428, 'test_loss_min': 3.35791, 'test_loss_max': 788.812428, 'test_loss_bottom10%': 3.35791, 'test_loss_top10%': 788.812428, 'test_loss_cos1': 0.443463, 'test_loss_entropy': 1.082682, 'test_f1_std': 0.155878, 'test_f1_bottom_decile': 0.0, 'test_f1_top_decile': 0.493671, 'test_f1_min': 0.0, 'test_f1_max': 0.493671, 'test_f1_bottom10%': 0.0, 'test_f1_top10%': 0.493671, 'test_f1_cos1': 0.492696, 'test_f1_entropy': 0.986998}}
2023-02-13 18:02:54,473 (monitor:541) INFO: {'Role': 'Server #', 'Round': 7, 'Results_model_metric': {}}
2023-02-13 18:02:54,499 (server:330) INFO: Server: Starting evaluation at the end of round 7.
2023-02-13 18:02:54,499 (server:336) INFO: ----------- Starting a new training round (Round #8) -------------
2023-02-13 18:02:55,647 (context:294) WARNING: No val_data or val_loader in the trainer, will skip evaluation.If this is not the case you want, please check whether there is typo for the name
2023-02-13 18:02:56,918 (client:306) INFO: {'Role': 'Client #1', 'Round': 8, 'Results_raw': {'train_avg_loss': 0.074149, 'train_acc': 0.986486, 'train_correct': 73.0, 'train_loss': 5.487058, 'train_f1': 0.496599, 'train_total': 74}}
2023-02-13 18:02:56,950 (client:285) INFO: [Local/Global mode] Client #3 has been early stopped, we will skip the local training
2023-02-13 18:02:56,984 (client:285) INFO: [Local/Global mode] Client #10 has been early stopped, we will skip the local training
2023-02-13 18:02:57,019 (client:285) INFO: [Local/Global mode] Client #9 has been early stopped, we will skip the local training
2023-02-13 18:02:57,053 (client:285) INFO: [Local/Global mode] Client #8 has been early stopped, we will skip the local training
2023-02-13 18:02:57,087 (client:285) INFO: [Local/Global mode] Client #2 has been early stopped, we will skip the local training
2023-02-13 18:02:57,118 (client:285) INFO: [Local/Global mode] Client #7 has been early stopped, we will skip the local training
2023-02-13 18:02:57,149 (client:285) INFO: [Local/Global mode] Client #5 has been early stopped, we will skip the local training
2023-02-13 18:02:57,181 (client:285) INFO: [Local/Global mode] Client #6 has been early stopped, we will skip the local training
2023-02-13 18:02:57,213 (client:285) INFO: [Local/Global mode] Client #4 has been early stopped, we will skip the local training
2023-02-13 18:02:57,215 (server:590) INFO: {'Role': 'Server #', 'Round': 7, 'Results_weighted_avg': {'test_avg_loss': 5.242157, 'test_acc': 0.209091, 'test_correct': 4.6, 'test_loss': 457.284715, 'test_f1': 0.104152, 'test_total': 22.0}, 'Results_avg': {'test_avg_loss': 4.715544, 'test_acc': 0.180833, 'test_correct': 4.6, 'test_loss': 115.327448, 'test_f1': 0.088256, 'test_total': 22.0}, 'Results_fairness': {'test_correct': 4.6, 'test_total': 22.0, 'test_avg_loss_std': 2.806053, 'test_avg_loss_bottom_decile': 1.264108, 'test_avg_loss_top_decile': 8.661039, 'test_avg_loss_min': 0.203595, 'test_avg_loss_max': 8.661039, 'test_avg_loss_bottom10%': 0.203595, 'test_avg_loss_top10%': 8.661039, 'test_avg_loss_cos1': 0.859358, 'test_avg_loss_entropy': 2.080539, 'test_acc_std': 0.313804, 'test_acc_bottom_decile': 0.0, 'test_acc_top_decile': 0.975, 'test_acc_min': 0.0, 'test_acc_max': 0.975, 'test_acc_bottom10%': 0.0, 'test_acc_top10%': 0.975, 'test_acc_cos1': 0.499293, 'test_acc_entropy': 1.000219, 'test_loss_std': 234.663236, 'test_loss_bottom_decile': 4.268005, 'test_loss_top_decile': 803.697539, 'test_loss_min': 3.35791, 'test_loss_max': 803.697539, 'test_loss_bottom10%': 3.35791, 'test_loss_top10%': 803.697539, 'test_loss_cos1': 0.441071, 'test_loss_entropy': 1.070524, 'test_f1_std': 0.155878, 'test_f1_bottom_decile': 0.0, 'test_f1_top_decile': 0.493671, 'test_f1_min': 0.0, 'test_f1_max': 0.493671, 'test_f1_bottom10%': 0.0, 'test_f1_top10%': 0.493671, 'test_f1_cos1': 0.492696, 'test_f1_entropy': 0.986998}}
2023-02-13 18:02:57,219 (monitor:541) INFO: {'Role': 'Server #', 'Round': 8, 'Results_model_metric': {}}
2023-02-13 18:02:57,245 (server:330) INFO: Server: Starting evaluation at the end of round 8.
2023-02-13 18:02:57,246 (server:336) INFO: ----------- Starting a new training round (Round #9) -------------
2023-02-13 18:02:58,378 (context:294) WARNING: No val_data or val_loader in the trainer, will skip evaluation.If this is not the case you want, please check whether there is typo for the name
2023-02-13 18:02:58,650 (client:285) INFO: [Local/Global mode] Client #9 has been early stopped, we will skip the local training
2023-02-13 18:02:58,682 (client:285) INFO: [Local/Global mode] Client #6 has been early stopped, we will skip the local training
2023-02-13 18:02:58,714 (client:285) INFO: [Local/Global mode] Client #3 has been early stopped, we will skip the local training
2023-02-13 18:02:58,746 (client:285) INFO: [Local/Global mode] Client #7 has been early stopped, we will skip the local training
2023-02-13 18:02:58,778 (client:285) INFO: [Local/Global mode] Client #10 has been early stopped, we will skip the local training
2023-02-13 18:02:58,810 (client:285) INFO: [Local/Global mode] Client #2 has been early stopped, we will skip the local training
2023-02-13 18:02:58,842 (client:285) INFO: [Local/Global mode] Client #8 has been early stopped, we will skip the local training
2023-02-13 18:02:58,874 (client:285) INFO: [Local/Global mode] Client #4 has been early stopped, we will skip the local training
2023-02-13 18:02:59,917 (client:306) INFO: {'Role': 'Client #1', 'Round': 9, 'Results_raw': {'train_avg_loss': 0.053443, 'train_acc': 0.986486, 'train_correct': 73.0, 'train_loss': 3.954802, 'train_f1': 0.496599, 'train_total': 74}}
2023-02-13 18:02:59,948 (client:285) INFO: [Local/Global mode] Client #5 has been early stopped, we will skip the local training
2023-02-13 18:02:59,951 (server:590) INFO: {'Role': 'Server #', 'Round': 8, 'Results_weighted_avg': {'test_avg_loss': 4.803048, 'test_acc': 0.209091, 'test_correct': 4.6, 'test_loss': 405.469884, 'test_f1': 0.104152, 'test_total': 22.0}, 'Results_avg': {'test_avg_loss': 4.633676, 'test_acc': 0.180833, 'test_correct': 4.6, 'test_loss': 105.667055, 'test_f1': 0.088256, 'test_total': 22.0}, 'Results_fairness': {'test_correct': 4.6, 'test_total': 22.0, 'test_avg_loss_std': 2.755205, 'test_avg_loss_bottom_decile': 1.264108, 'test_avg_loss_top_decile': 8.661039, 'test_avg_loss_min': 0.203595, 'test_avg_loss_max': 8.661039, 'test_avg_loss_bottom10%': 0.203595, 'test_avg_loss_top10%': 8.661039, 'test_avg_loss_cos1': 0.859532, 'test_avg_loss_entropy': 2.082159, 'test_acc_std': 0.313804, 'test_acc_bottom_decile': 0.0, 'test_acc_top_decile': 0.975, 'test_acc_min': 0.0, 'test_acc_max': 0.975, 'test_acc_bottom10%': 0.0, 'test_acc_top10%': 0.975, 'test_acc_cos1': 0.499293, 'test_acc_entropy': 1.000219, 'test_loss_std': 206.414372, 'test_loss_bottom_decile': 4.268005, 'test_loss_top_decile': 707.093617, 'test_loss_min': 3.35791, 'test_loss_max': 707.093617, 'test_loss_bottom10%': 3.35791, 'test_loss_top10%': 707.093617, 'test_loss_cos1': 0.45568, 'test_loss_entropy': 1.13359, 'test_f1_std': 0.155878, 'test_f1_bottom_decile': 0.0, 'test_f1_top_decile': 0.493671, 'test_f1_min': 0.0, 'test_f1_max': 0.493671, 'test_f1_bottom10%': 0.0, 'test_f1_top10%': 0.493671, 'test_f1_cos1': 0.492696, 'test_f1_entropy': 0.986998}}
2023-02-13 18:02:59,954 (monitor:541) INFO: {'Role': 'Server #', 'Round': 9, 'Results_model_metric': {}}
2023-02-13 18:02:59,981 (server:347) INFO: Server: Training is finished! Starting evaluation.
2023-02-13 18:03:01,121 (context:294) WARNING: No val_data or val_loader in the trainer, will skip evaluation.If this is not the case you want, please check whether there is typo for the name
2023-02-13 18:03:01,364 (server:590) INFO: {'Role': 'Server #', 'Round': 9, 'Results_weighted_avg': {'test_avg_loss': 4.044358, 'test_acc': 0.209091, 'test_correct': 4.6, 'test_loss': 315.944413, 'test_f1': 0.104152, 'test_total': 22.0}, 'Results_avg': {'test_avg_loss': 4.492225, 'test_acc': 0.180833, 'test_correct': 4.6, 'test_loss': 88.975866, 'test_f1': 0.088256, 'test_total': 22.0}, 'Results_fairness': {'test_correct': 4.6, 'test_total': 22.0, 'test_avg_loss_std': 2.717879, 'test_avg_loss_bottom_decile': 1.264108, 'test_avg_loss_top_decile': 8.661039, 'test_avg_loss_min': 0.203595, 'test_avg_loss_max': 8.661039, 'test_avg_loss_bottom10%': 0.203595, 'test_avg_loss_top10%': 8.661039, 'test_avg_loss_cos1': 0.855593, 'test_avg_loss_entropy': 2.079751, 'test_acc_std': 0.313804, 'test_acc_bottom_decile': 0.0, 'test_acc_top_decile': 0.975, 'test_acc_min': 0.0, 'test_acc_max': 0.975, 'test_acc_bottom10%': 0.0, 'test_acc_top10%': 0.975, 'test_acc_cos1': 0.499293, 'test_acc_entropy': 1.000219, 'test_loss_std': 158.231494, 'test_loss_bottom_decile': 4.268005, 'test_loss_top_decile': 540.181722, 'test_loss_min': 3.35791, 'test_loss_max': 540.181722, 'test_loss_bottom10%': 3.35791, 'test_loss_top10%': 540.181722, 'test_loss_cos1': 0.490138, 'test_loss_entropy': 1.262425, 'test_f1_std': 0.155878, 'test_f1_bottom_decile': 0.0, 'test_f1_top_decile': 0.493671, 'test_f1_min': 0.0, 'test_f1_max': 0.493671, 'test_f1_bottom10%': 0.0, 'test_f1_top10%': 0.493671, 'test_f1_cos1': 0.492696, 'test_f1_entropy': 0.986998}}
2023-02-13 18:03:01,366 (server:395) INFO: Server: Final evaluation is finished! Starting merging results.
2023-02-13 18:03:01,366 (server:521) INFO: {'Role': 'Server #', 'Round': 'Final', 'Results_raw': {'client_best_individual': {'test_loss': 3.35791, 'test_avg_loss': 0.20845, 'test_acc': 0.975, 'test_correct': 39.0, 'test_f1': 0.493671, 'test_total': 1.0}, 'client_summarized_weighted_avg': {'test_loss': 315.944413, 'test_avg_loss': 4.044358, 'test_acc': 0.209091, 'test_correct': 4.6, 'test_f1': 0.104152, 'test_total': 22.0}, 'client_summarized_avg': {'test_loss': 88.975866, 'test_avg_loss': 4.492225, 'test_acc': 0.180833, 'test_correct': 4.6, 'test_f1': 0.088256, 'test_total': 22.0}, 'client_summarized_fairness': {'test_loss_entropy': 1.048676, 'test_loss_cos1': 0.436247, 'test_loss_top10%': 841.080345, 'test_loss_bottom10%': 3.35791, 'test_loss_max': 841.080345, 'test_loss_min': 3.35791, 'test_loss_top_decile': 841.080345, 'test_loss_bottom_decile': 4.268005, 'test_loss_std': 245.631723, 'test_correct': 4.6, 'test_total': 22.0, 'test_avg_loss_std': 2.830428, 'test_avg_loss_bottom_decile': 1.264108, 'test_avg_loss_top_decile': 8.661039, 'test_avg_loss_min': 0.20845, 'test_avg_loss_max': 8.661039, 'test_avg_loss_bottom10%': 0.20845, 'test_avg_loss_top10%': 8.661039, 'test_avg_loss_cos1': 0.858942, 'test_avg_loss_entropy': 2.07978, 'test_acc_std': 0.313804, 'test_acc_bottom_decile': 0.0, 'test_acc_top_decile': 0.975, 'test_acc_min': 0.0, 'test_acc_max': 0.975, 'test_acc_bottom10%': 0.0, 'test_acc_top10%': 0.975, 'test_acc_cos1': 0.499293, 'test_acc_entropy': 1.000219, 'test_f1_std': 0.155878, 'test_f1_bottom_decile': 0.0, 'test_f1_top_decile': 0.493671, 'test_f1_min': 0.0, 'test_f1_max': 0.493671, 'test_f1_bottom10%': 0.0, 'test_f1_top10%': 0.493671, 'test_f1_cos1': 0.492696, 'test_f1_entropy': 0.986998}}}
2023-02-13 18:03:01,368 (server:540) INFO: {'Role': 'Client #1', 'Round': 10, 'Results_raw': {'test_avg_loss': 4.577811, 'test_acc': 0.0, 'test_correct': 0.0, 'test_loss': 540.181722, 'test_f1': 0.0, 'test_total': 118}}
2023-02-13 18:03:01,368 (server:540) INFO: {'Role': 'Client #7', 'Round': 10, 'Results_raw': {'test_loss': 162.687234, 'test_avg_loss': 7.394874, 'test_acc': 0.0, 'test_correct': 0.0, 'test_f1': 0.0, 'test_total': 22}}
2023-02-13 18:03:01,369 (server:540) INFO: {'Role': 'Client #8', 'Round': 10, 'Results_raw': {'test_loss': 19.958187, 'test_avg_loss': 4.989547, 'test_acc': 0.0, 'test_correct': 0.0, 'test_f1': 0.0, 'test_total': 4}}
2023-02-13 18:03:01,369 (server:540) INFO: {'Role': 'Client #4', 'Round': 10, 'Results_raw': {'test_loss': 8.143801, 'test_avg_loss': 0.203595, 'test_acc': 0.975, 'test_correct': 39.0, 'test_f1': 0.493671, 'test_total': 40}}
2023-02-13 18:03:01,370 (server:540) INFO: {'Role': 'Client #2', 'Round': 10, 'Results_raw': {'test_loss': 99.397895, 'test_avg_loss': 6.626526, 'test_acc': 0.0, 'test_correct': 0.0, 'test_f1': 0.0, 'test_total': 15}}
2023-02-13 18:03:01,370 (server:540) INFO: {'Role': 'Client #6', 'Round': 10, 'Results_raw': {'test_loss': 15.169301, 'test_avg_loss': 1.264108, 'test_acc': 0.5, 'test_correct': 6.0, 'test_f1': 0.222222, 'test_total': 12}}
2023-02-13 18:03:01,371 (server:540) INFO: {'Role': 'Client #5', 'Round': 10, 'Results_raw': {'test_loss': 19.272526, 'test_avg_loss': 6.424175, 'test_acc': 0.0, 'test_correct': 0.0, 'test_f1': 0.0, 'test_total': 3}}
2023-02-13 18:03:01,371 (server:540) INFO: {'Role': 'Client #9', 'Round': 10, 'Results_raw': {'test_loss': 17.322079, 'test_avg_loss': 8.661039, 'test_acc': 0.0, 'test_correct': 0.0, 'test_f1': 0.0, 'test_total': 2}}
2023-02-13 18:03:01,372 (server:540) INFO: {'Role': 'Client #3', 'Round': 10, 'Results_raw': {'test_loss': 3.35791, 'test_avg_loss': 3.35791, 'test_acc': 0.0, 'test_correct': 0.0, 'test_f1': 0.0, 'test_total': 1}}
2023-02-13 18:03:01,372 (server:540) INFO: {'Role': 'Client #10', 'Round': 10, 'Results_raw': {'test_loss': 4.268005, 'test_avg_loss': 1.422668, 'test_acc': 0.333333, 'test_correct': 1.0, 'test_f1': 0.166667, 'test_total': 3}}
2023-02-13 18:03:01,374 (monitor:172) INFO: In worker #0, the system-related metrics are: {'id': 0, 'fl_end_time_minutes': 1.932391, 'total_model_size': 0, 'total_flops': 0, 'total_upload_bytes': 12800, 'total_download_bytes': 106160, 'global_convergence_round': 0, 'local_convergence_round': 0, 'global_convergence_time_minutes': 0, 'local_convergence_time_minutes': 0}
2023-02-13 18:03:01,381 (client:513) INFO: ================= client 1 received finish message =================
2023-02-13 18:03:01,408 (monitor:172) INFO: In worker #1, the system-related metrics are: {'id': 1, 'fl_end_time_minutes': 1.92565, 'total_model_size': 23738019, 'total_flops': 813631776000.0, 'total_upload_bytes': 10736, 'total_download_bytes': 1280, 'global_convergence_round': 0, 'local_convergence_round': 0, 'global_convergence_time_minutes': 0, 'local_convergence_time_minutes': 0}
2023-02-13 18:03:01,409 (client:513) INFO: ================= client 3 received finish message =================
2023-02-13 18:03:01,436 (monitor:172) INFO: In worker #3, the system-related metrics are: {'id': 3, 'fl_end_time_minutes': 1.910883, 'total_model_size': 23738019, 'total_flops': 6597014400.0, 'total_upload_bytes': 10704, 'total_download_bytes': 1280, 'global_convergence_round': 0, 'local_convergence_round': 9, 'global_convergence_time_minutes': 0, 'local_convergence_time_minutes': 1.865526}
2023-02-13 18:03:01,437 (client:513) INFO: ================= client 7 received finish message =================
2023-02-13 18:03:01,464 (monitor:172) INFO: In worker #7, the system-related metrics are: {'id': 7, 'fl_end_time_minutes': 1.877356, 'total_model_size': 23738019, 'total_flops': 290268633600.0, 'total_upload_bytes': 10704, 'total_download_bytes': 1280, 'global_convergence_round': 0, 'local_convergence_round': 9, 'global_convergence_time_minutes': 0, 'local_convergence_time_minutes': 1.832077}
2023-02-13 18:03:01,464 (client:513) INFO: ================= client 10 received finish message =================
2023-02-13 18:03:01,491 (monitor:172) INFO: In worker #10, the system-related metrics are: {'id': 10, 'fl_end_time_minutes': 1.856693, 'total_model_size': 23738019, 'total_flops': 303462662400.0, 'total_upload_bytes': 10704, 'total_download_bytes': 1280, 'global_convergence_round': 0, 'local_convergence_round': 9, 'global_convergence_time_minutes': 0, 'local_convergence_time_minutes': 1.81148}
2023-02-13 18:03:01,492 (client:513) INFO: ================= client 9 received finish message =================
2023-02-13 18:03:01,518 (monitor:172) INFO: In worker #9, the system-related metrics are: {'id': 9, 'fl_end_time_minutes': 1.864018, 'total_model_size': 23738019, 'total_flops': 916985001600.0, 'total_upload_bytes': 10704, 'total_download_bytes': 1280, 'global_convergence_round': 0, 'local_convergence_round': 9, 'global_convergence_time_minutes': 0, 'local_convergence_time_minutes': 1.816228}
2023-02-13 18:03:01,519 (client:513) INFO: ================= client 6 received finish message =================
2023-02-13 18:03:01,547 (monitor:172) INFO: In worker #6, the system-related metrics are: {'id': 6, 'fl_end_time_minutes': 1.889361, 'total_model_size': 23738019, 'total_flops': 13194028800.0, 'total_upload_bytes': 10704, 'total_download_bytes': 1280, 'global_convergence_round': 0, 'local_convergence_round': 9, 'global_convergence_time_minutes': 0, 'local_convergence_time_minutes': 1.84163}
2023-02-13 18:03:01,547 (client:513) INFO: ================= client 8 received finish message =================
2023-02-13 18:03:01,574 (monitor:172) INFO: In worker #8, the system-related metrics are: {'id': 8, 'fl_end_time_minutes': 1.871745, 'total_model_size': 23738019, 'total_flops': 1477731225600.0, 'total_upload_bytes': 10704, 'total_download_bytes': 1280, 'global_convergence_round': 0, 'local_convergence_round': 9, 'global_convergence_time_minutes': 0, 'local_convergence_time_minutes': 1.826224}
2023-02-13 18:03:01,575 (client:513) INFO: ================= client 5 received finish message =================
2023-02-13 18:03:01,601 (monitor:172) INFO: In worker #5, the system-related metrics are: {'id': 5, 'fl_end_time_minutes': 1.898173, 'total_model_size': 23738019, 'total_flops': 158328345600.0, 'total_upload_bytes': 10704, 'total_download_bytes': 1280, 'global_convergence_round': 0, 'local_convergence_round': 9, 'global_convergence_time_minutes': 0, 'local_convergence_time_minutes': 1.870627}
2023-02-13 18:03:01,602 (client:513) INFO: ================= client 2 received finish message =================
2023-02-13 18:03:01,629 (monitor:172) INFO: In worker #2, the system-related metrics are: {'id': 2, 'fl_end_time_minutes': 1.92069, 'total_model_size': 23738019, 'total_flops': 290268633600.0, 'total_upload_bytes': 10704, 'total_download_bytes': 1280, 'global_convergence_round': 0, 'local_convergence_round': 9, 'global_convergence_time_minutes': 0, 'local_convergence_time_minutes': 1.873719}
2023-02-13 18:03:01,629 (client:513) INFO: ================= client 4 received finish message =================
2023-02-13 18:03:01,656 (monitor:172) INFO: In worker #4, the system-related metrics are: {'id': 4, 'fl_end_time_minutes': 1.905869, 'total_model_size': 23738019, 'total_flops': 2147328187200.0, 'total_upload_bytes': 10712, 'total_download_bytes': 1280, 'global_convergence_round': 0, 'local_convergence_round': 9, 'global_convergence_time_minutes': 0, 'local_convergence_time_minutes': 1.859511}
2023-02-13 18:03:01,657 (monitor:337) INFO: We will compress the file eval_results.raw into a .gz file, and delete the old one
2023-02-13 18:03:01,660 (monitor:245) INFO: After merging the system metrics from all works, we got avg: defaultdict(None, {'id': 'sys_avg', 'sys_avg/fl_end_time_minutes': 1.895712, 'sys_avg/total_model_size': '20.58M', 'sys_avg/total_flops': '543.37G', 'sys_avg/total_upload_bytes': '10.64K', 'sys_avg/total_download_bytes': '10.56K', 'sys_avg/global_convergence_round': 0.0, 'sys_avg/local_convergence_round': 7.363636, 'sys_avg/global_convergence_time_minutes': 0.0, 'sys_avg/local_convergence_time_minutes': 1.50882})
2023-02-13 18:03:01,660 (monitor:248) INFO: After merging the system metrics from all works, we got std: defaultdict(None, {'id': 'sys_std', 'sys_std/fl_end_time_minutes': 0.02465, 'sys_std/total_model_size': '6.51M', 'sys_std/total_flops': '617.71G', 'sys_std/total_upload_bytes': '601.48', 'sys_std/total_download_bytes': '29.44K', 'sys_std/global_convergence_round': 0.0, 'sys_std/local_convergence_round': 3.471251, 'sys_std/global_convergence_time_minutes': 0.0, 'sys_std/local_convergence_time_minutes': 0.711558})
