2023-02-09 18:33:08,701 (logging:124) INFO: the current machine is at 192.168.0.1
2023-02-09 18:33:08,701 (logging:126) INFO: the current dir is /home/ubuntu/FederatedScope
2023-02-09 18:33:08,701 (logging:127) INFO: the output dir is exp/FedAvg_convnet2_on_lung_lr0.01_lstep1
2023-02-09 18:33:16,770 (config:243) INFO: the used configs are: 
aggregator:
  inside_weight: 1.0
  num_agg_groups: 1
  num_agg_topk: []
  outside_weight: 0.0
asyn:
  use: False
attack:
  alpha_TV: 0.001
  alpha_prop_loss: 0
  attack_method: 
  attacker_id: -1
  classifier_PIA: randomforest
  edge_num: 100
  edge_path: edge_data/
  freq: 10
  info_diff_type: l2
  inject_round: 0
  insert_round: 100000
  label_type: dirty
  max_ite: 400
  mean: [0.1307]
  mia_is_simulate_in: False
  mia_simulate_in_round: 20
  pgd_eps: 2
  pgd_lr: 0.1
  pgd_poisoning: False
  poison_ratio: 0.5
  reconstruct_lr: 0.01
  reconstruct_optim: Adam
  scale_para: 1.0
  scale_poisoning: False
  self_epoch: 6
  self_lr: 0.05
  self_opt: False
  setting: fix
  std: [0.3081]
  target_label_ind: -1
  trigger_path: trigger/
  trigger_type: edge
backend: torch
cfg_file: 
check_completeness: False
criterion:
  type: CrossEntropyLoss
data:
  args: []
  batch_size: 64
  cSBM_phi: [0.5, 0.5, 0.5]
  cache_dir: 
  consistent_label_distribution: False
  drop_last: False
  hetero_data_name: []
  hetero_synth_batch_size: 32
  hetero_synth_feat_dim: 128
  hetero_synth_prim_weight: 0.5
  is_debug: False
  loader: 
  max_query_len: 128
  max_seq_len: 384
  max_tgt_len: 128
  num_contrast: 0
  num_of_client_for_data: []
  num_steps: 30
  num_workers: 0
  pre_transform: []
  quadratic:
    dim: 1
    max_curv: 12.5
    min_curv: 0.02
  root: data/
  save_data: False
  server_holds_all: False
  shuffle: True
  sizes: [10, 5]
  splits: [0.8, 0, 0.2]
  splitter: lda
  splitter_args: [{'alpha': 0.3}]
  subsample: 1.0
  target_transform: []
  test_pre_transform: []
  test_target_transform: []
  test_transform: []
  transform: []
  trunc_stride: 128
  type: lung
  val_pre_transform: []
  val_target_transform: []
  val_transform: []
  walk_length: 2
dataloader:
  batch_size: 1
  drop_last: False
  num_steps: 30
  num_workers: 0
  pin_memory: False
  shuffle: True
  sizes: [10, 5]
  theta: -1
  type: base
  walk_length: 2
device: 0
distribute:
  use: False
early_stop:
  delta: 0.0
  improve_indicator_mode: best
  patience: 5
eval:
  best_res_update_round_wise_key: test_loss
  count_flops: True
  freq: 1
  metrics: ['acc', 'correct', 'f1']
  monitoring: []
  report: ['weighted_avg', 'avg', 'fairness', 'raw']
  split: ['test', 'val']
expname: FedAvg_convnet2_on_lung_lr0.01_lstep1
expname_tag: 
feat_engr:
  num_bins: 5
  scenario: hfl
  secure:
    dp:
      
    encrypt:
      type: dummy
    key_size: 3072
    type: encrypt
  selec_threshold: 0.05
  selec_woe_binning: quantile
  type: 
federate:
  atc_load_from: 
  atc_vanilla: False
  client_num: 10
  data_weighted_aggr: False
  ignore_weight: False
  join_in_info: []
  make_global_eval: False
  merge_test_data: False
  method: FedAvg
  mode: standalone
  online_aggr: False
  resource_info_file: 
  restore_from: 
  sample_client_num: 10
  sample_client_rate: -1.0
  sampler: uniform
  save_to: 
  share_local_model: False
  total_round_num: 10
  unseen_clients_rate: 0.0
  use_diff: False
  use_ss: False
fedopt:
  use: False
fedprox:
  use: False
fedsageplus:
  a: 1.0
  b: 1.0
  c: 1.0
  fedgen_epoch: 200
  gen_hidden: 128
  hide_portion: 0.5
  loc_epoch: 1
  num_pred: 5
finetune:
  batch_or_epoch: epoch
  before_eval: False
  freeze_param: 
  local_update_steps: 1
  optimizer:
    lr: 0.1
    type: SGD
  scheduler:
    type: 
    warmup_ratio: 0.0
flitplus:
  factor_ema: 0.8
  lambdavat: 0.5
  tmpFed: 0.5
  weightReg: 1.0
gcflplus:
  EPS_1: 0.05
  EPS_2: 0.1
  seq_length: 5
  standardize: False
grad:
  grad_accum_count: 1
  grad_clip: 5.0
hpo:
  fedex:
    cutoff: 0.0
    diff: False
    eta0: -1.0
    flatten_ss: True
    gamma: 0.0
    pi_lr: 0.01
    psn: False
    sched: auto
    ss: 
    use: False
  init_cand_num: 16
  larger_better: False
  metric: client_summarized_weighted_avg.val_loss
  num_workers: 0
  pbt:
    max_stage: 5
    perf_threshold: 0.1
  scheduler: rs
  sha:
    budgets: []
    elim_rate: 3
    iter: 0
  ss: 
  table:
    eps: 0.1
    idx: 0
    num: 27
  working_folder: hpo
model:
  contrast_temp: 1.0
  contrast_topk: 100
  downstream_tasks: []
  dropout: 0.0
  embed_size: 8
  gamma: 0
  graph_pooling: mean
  hidden: 2048
  in_channels: 0
  input_shape: ()
  label_smoothing: 0.1
  lambda_: 0.1
  layer: 2
  length_penalty: 2.0
  max_answer_len: 30
  max_length: 200
  max_tree_depth: 3
  min_length: 1
  model_num_per_trainer: 1
  model_type: google/bert_uncased_L-2_H-128_A-2
  n_best_size: 20
  no_repeat_ngram_size: 3
  null_score_diff_threshold: 0.0
  num_beams: 5
  num_item: 0
  num_labels: 1
  num_of_trees: 10
  num_user: 0
  out_channels: 64
  pretrain_tasks: []
  stage: 
  task: node
  type: convnet2
  use_bias: True
  use_contrastive_loss: False
nbafl:
  use: False
outdir: exp/FedAvg_convnet2_on_lung_lr0.01_lstep1
personalization:
  K: 5
  beta: 1.0
  local_param: []
  local_update_steps: 3
  lr: 0.5
  regular_weight: 1.0
  share_non_trainable_para: False
print_decimal_digits: 6
regularizer:
  mu: 0.0
  type: 
seed: 2
sgdmf:
  use: False
train:
  batch_or_epoch: epoch
  local_update_steps: 1
  optimizer:
    lr: 0.01
    type: SGD
    weight_decay: 0.0
  scheduler:
    type: 
    warmup_ratio: 0.0
trainer:
  disp_freq: 50
  local_entropy:
    alpha: 0.75
    eps: 0.001
    gamma: 0.0001
  sam:
    adaptive: False
    eta: 0.0
    rho: 1.0
  type: cvtrainer
  val_freq: 100000000
use_gpu: True
verbose: 1
vertical:
  use: False
wandb:
  use: False
2023-02-09 18:33:16,849 (utils:144) INFO: The device information file is not provided
2023-02-09 18:33:17,336 (fed_runner:169) INFO: Server has been set up ... 
2023-02-09 18:33:18,029 (fed_runner:221) INFO: Client 1 has been set up ... 
2023-02-09 18:33:18,718 (fed_runner:221) INFO: Client 2 has been set up ... 
2023-02-09 18:33:19,408 (fed_runner:221) INFO: Client 3 has been set up ... 
2023-02-09 18:33:20,096 (fed_runner:221) INFO: Client 4 has been set up ... 
2023-02-09 18:33:20,785 (fed_runner:221) INFO: Client 5 has been set up ... 
2023-02-09 18:33:21,471 (fed_runner:221) INFO: Client 6 has been set up ... 
2023-02-09 18:33:22,157 (fed_runner:221) INFO: Client 7 has been set up ... 
2023-02-09 18:33:22,847 (fed_runner:221) INFO: Client 8 has been set up ... 
2023-02-09 18:33:23,528 (fed_runner:221) INFO: Client 9 has been set up ... 
2023-02-09 18:33:24,208 (fed_runner:221) INFO: Client 10 has been set up ... 
2023-02-09 18:33:24,208 (trainer:341) INFO: Model meta-info: <class 'federatedscope.cv.model.cnn.ConvNet2'>.
2023-02-09 18:33:24,208 (trainer:349) INFO: Num of original para names: 18.
2023-02-09 18:33:24,209 (trainer:350) INFO: Num of original trainable para names: 12.
2023-02-09 18:33:24,209 (trainer:352) INFO: Num of preserved para names in local update: 18. 
Preserved para names in local update: {'bn2.weight', 'conv1.bias', 'bn1.weight', 'bn2.bias', 'bn2.running_mean', 'bn1.running_mean', 'conv1.weight', 'bn2.running_var', 'fc2.bias', 'bn1.running_var', 'fc1.weight', 'conv2.bias', 'bn2.num_batches_tracked', 'conv2.weight', 'fc1.bias', 'fc2.weight', 'bn1.bias', 'bn1.num_batches_tracked'}.
2023-02-09 18:33:24,209 (trainer:356) INFO: Num of filtered para names in local update: 0. 
Filtered para names in local update: set().
2023-02-09 18:33:24,209 (trainer:361) INFO: After register default hooks,
	the hooks_in_train is:
	{
	  "on_fit_start": [
	    "_hook_on_fit_start_init",
	    "_hook_on_fit_start_calculate_model_size"
	  ],
	  "on_epoch_start": [
	    "_hook_on_epoch_start"
	  ],
	  "on_batch_start": [
	    "_hook_on_batch_start_init"
	  ],
	  "on_batch_forward": [
	    "_hook_on_batch_forward",
	    "_hook_on_batch_forward_regularizer",
	    "_hook_on_batch_forward_flop_count"
	  ],
	  "on_batch_backward": [
	    "_hook_on_batch_backward"
	  ],
	  "on_batch_end": [
	    "_hook_on_batch_end"
	  ],
	  "on_fit_end": [
	    "_hook_on_fit_end"
	  ]
	};
	the hooks_in_eval is:
            t{
	  "on_fit_start": [
	    "_hook_on_fit_start_init"
	  ],
	  "on_epoch_start": [
	    "_hook_on_epoch_start"
	  ],
	  "on_batch_start": [
	    "_hook_on_batch_start_init"
	  ],
	  "on_batch_forward": [
	    "_hook_on_batch_forward"
	  ],
	  "on_batch_end": [
	    "_hook_on_batch_end"
	  ],
	  "on_fit_end": [
	    "_hook_on_fit_end"
	  ]
	}
2023-02-09 18:33:24,443 (server:804) INFO: ----------- Starting training (Round #0) -------------
2023-02-09 18:33:28,650 (client:306) INFO: {'Role': 'Client #9', 'Round': 0, 'Results_raw': {'train_f1': 0.454545, 'train_total': 6, 'train_loss': 6.863863, 'train_acc': 0.833333, 'train_correct': 5.0, 'train_avg_loss': 1.143977}}
2023-02-09 18:33:31,663 (client:306) INFO: {'Role': 'Client #3', 'Round': 0, 'Results_raw': {'train_f1': 0.324117, 'train_total': 223, 'train_loss': 95.320556, 'train_acc': 0.946188, 'train_correct': 211.0, 'train_avg_loss': 0.427446}}
2023-02-09 18:33:33,792 (client:306) INFO: {'Role': 'Client #10', 'Round': 0, 'Results_raw': {'train_f1': 0.282895, 'train_total': 148, 'train_loss': 217.592523, 'train_acc': 0.689189, 'train_correct': 102.0, 'train_avg_loss': 1.47022}}
2023-02-09 18:33:36,270 (client:306) INFO: {'Role': 'Client #8', 'Round': 0, 'Results_raw': {'train_f1': 0.304167, 'train_total': 174, 'train_loss': 145.813328, 'train_acc': 0.83908, 'train_correct': 146.0, 'train_avg_loss': 0.838008}}
2023-02-09 18:33:36,676 (client:306) INFO: {'Role': 'Client #1', 'Round': 0, 'Results_raw': {'train_f1': 0.461538, 'train_total': 7, 'train_loss': 7.397243, 'train_acc': 0.857143, 'train_correct': 6.0, 'train_avg_loss': 1.056749}}
2023-02-09 18:33:37,383 (client:306) INFO: {'Role': 'Client #2', 'Round': 0, 'Results_raw': {'train_f1': 0.22807, 'train_total': 31, 'train_loss': 38.176551, 'train_acc': 0.83871, 'train_correct': 26.0, 'train_avg_loss': 1.231502}}
2023-02-09 18:33:38,915 (client:306) INFO: {'Role': 'Client #4', 'Round': 0, 'Results_raw': {'train_f1': 0.497436, 'train_total': 98, 'train_loss': 7.689773, 'train_acc': 0.989796, 'train_correct': 97.0, 'train_avg_loss': 0.078467}}
2023-02-09 18:33:39,428 (client:306) INFO: {'Role': 'Client #7', 'Round': 0, 'Results_raw': {'train_f1': 0.271605, 'train_total': 16, 'train_loss': 34.060309, 'train_acc': 0.6875, 'train_correct': 11.0, 'train_avg_loss': 2.128769}}
2023-02-09 18:33:41,759 (client:306) INFO: {'Role': 'Client #5', 'Round': 0, 'Results_raw': {'train_f1': 0.3782, 'train_total': 165, 'train_loss': 223.765492, 'train_acc': 0.569697, 'train_correct': 94.0, 'train_avg_loss': 1.356154}}
2023-02-09 18:33:42,177 (client:306) INFO: {'Role': 'Client #6', 'Round': 0, 'Results_raw': {'train_f1': 0.238095, 'train_total': 9, 'train_loss': 21.247792, 'train_acc': 0.555556, 'train_correct': 5.0, 'train_avg_loss': 2.360866}}
2023-02-09 18:33:42,181 (monitor:541) INFO: {'Role': 'Server #', 'Round': 0, 'Results_model_metric': {}}
2023-02-09 18:33:43,552 (server:330) INFO: Server: Starting evaluation at the end of round 0.
2023-02-09 18:33:43,553 (server:336) INFO: ----------- Starting a new training round (Round #1) -------------
2023-02-09 18:33:44,333 (context:294) WARNING: No val_data or val_loader in the trainer, will skip evaluation.If this is not the case you want, please check whether there is typo for the name
2023-02-09 18:33:44,708 (context:294) WARNING: No val_data or val_loader in the trainer, will skip evaluation.If this is not the case you want, please check whether there is typo for the name
2023-02-09 18:33:45,093 (context:294) WARNING: No val_data or val_loader in the trainer, will skip evaluation.If this is not the case you want, please check whether there is typo for the name
2023-02-09 18:33:45,605 (context:294) WARNING: No val_data or val_loader in the trainer, will skip evaluation.If this is not the case you want, please check whether there is typo for the name
2023-02-09 18:33:46,089 (context:294) WARNING: No val_data or val_loader in the trainer, will skip evaluation.If this is not the case you want, please check whether there is typo for the name
2023-02-09 18:33:46,700 (context:294) WARNING: No val_data or val_loader in the trainer, will skip evaluation.If this is not the case you want, please check whether there is typo for the name
2023-02-09 18:33:47,334 (context:294) WARNING: No val_data or val_loader in the trainer, will skip evaluation.If this is not the case you want, please check whether there is typo for the name
2023-02-09 18:33:47,678 (context:294) WARNING: No val_data or val_loader in the trainer, will skip evaluation.If this is not the case you want, please check whether there is typo for the name
2023-02-09 18:33:48,270 (context:294) WARNING: No val_data or val_loader in the trainer, will skip evaluation.If this is not the case you want, please check whether there is typo for the name
2023-02-09 18:33:48,808 (context:294) WARNING: No val_data or val_loader in the trainer, will skip evaluation.If this is not the case you want, please check whether there is typo for the name
2023-02-09 18:33:49,270 (client:306) INFO: {'Role': 'Client #1', 'Round': 1, 'Results_raw': {'train_f1': 0.242424, 'train_total': 7, 'train_loss': 11.665187, 'train_acc': 0.571429, 'train_correct': 4.0, 'train_avg_loss': 1.666455}}
2023-02-09 18:33:49,984 (client:306) INFO: {'Role': 'Client #2', 'Round': 1, 'Results_raw': {'train_f1': 0.310345, 'train_total': 31, 'train_loss': 20.793131, 'train_acc': 0.870968, 'train_correct': 27.0, 'train_avg_loss': 0.670746}}
2023-02-09 18:33:52,159 (client:306) INFO: {'Role': 'Client #10', 'Round': 1, 'Results_raw': {'train_f1': 0.409508, 'train_total': 148, 'train_loss': 138.457682, 'train_acc': 0.695946, 'train_correct': 103.0, 'train_avg_loss': 0.935525}}
2023-02-09 18:33:54,572 (client:306) INFO: {'Role': 'Client #5', 'Round': 1, 'Results_raw': {'train_f1': 0.624773, 'train_total': 165, 'train_loss': 199.653379, 'train_acc': 0.636364, 'train_correct': 105.0, 'train_avg_loss': 1.21002}}
2023-02-09 18:33:55,124 (client:306) INFO: {'Role': 'Client #7', 'Round': 1, 'Results_raw': {'train_f1': 0.24, 'train_total': 16, 'train_loss': 34.109548, 'train_acc': 0.5625, 'train_correct': 9.0, 'train_avg_loss': 2.131847}}
2023-02-09 18:33:57,623 (client:306) INFO: {'Role': 'Client #8', 'Round': 1, 'Results_raw': {'train_f1': 0.562264, 'train_total': 174, 'train_loss': 114.007491, 'train_acc': 0.862069, 'train_correct': 150.0, 'train_avg_loss': 0.655215}}
2023-02-09 18:34:00,752 (client:306) INFO: {'Role': 'Client #3', 'Round': 1, 'Results_raw': {'train_f1': 0.487356, 'train_total': 223, 'train_loss': 72.86613, 'train_acc': 0.950673, 'train_correct': 212.0, 'train_avg_loss': 0.326754}}
2023-02-09 18:34:01,199 (client:306) INFO: {'Role': 'Client #6', 'Round': 1, 'Results_raw': {'train_f1': 0.4375, 'train_total': 9, 'train_loss': 10.545781, 'train_acc': 0.777778, 'train_correct': 7.0, 'train_avg_loss': 1.171753}}
2023-02-09 18:34:02,766 (client:306) INFO: {'Role': 'Client #4', 'Round': 1, 'Results_raw': {'train_f1': 1.0, 'train_total': 98, 'train_loss': 0.627667, 'train_acc': 1.0, 'train_correct': 98.0, 'train_avg_loss': 0.006405}}
2023-02-09 18:34:03,171 (client:306) INFO: {'Role': 'Client #9', 'Round': 1, 'Results_raw': {'train_f1': 0.454545, 'train_total': 6, 'train_loss': 1.946711, 'train_acc': 0.833333, 'train_correct': 5.0, 'train_avg_loss': 0.324452}}
2023-02-09 18:34:03,174 (server:590) INFO: {'Role': 'Server #', 'Round': 0, 'Results_weighted_avg': {'test_f1': 0.371682, 'test_total': 22.0, 'test_loss': 29.702592, 'test_acc': 0.65, 'test_correct': 14.3, 'test_avg_loss': 1.160621}, 'Results_avg': {'test_f1': 0.303233, 'test_total': 22.0, 'test_loss': 25.533666, 'test_acc': 0.528029, 'test_correct': 14.3, 'test_avg_loss': 2.038134}, 'Results_fairness': {'test_total': 22.0, 'test_correct': 14.3, 'test_f1_std': 0.19511, 'test_f1_bottom_decile': 0.0, 'test_f1_top_decile': 0.623656, 'test_f1_min': 0.0, 'test_f1_max': 0.623656, 'test_f1_bottom10%': 0.0, 'test_f1_top10%': 0.623656, 'test_f1_cos1': 0.840959, 'test_f1_entropy': 2.01409, 'test_loss_std': 14.497485, 'test_loss_bottom_decile': 4.66683, 'test_loss_top_decile': 44.15116, 'test_loss_min': 3.603499, 'test_loss_max': 44.15116, 'test_loss_bottom10%': 3.603499, 'test_loss_top10%': 44.15116, 'test_loss_cos1': 0.869607, 'test_loss_entropy': 2.097489, 'test_acc_std': 0.344858, 'test_acc_bottom_decile': 0.0, 'test_acc_top_decile': 0.96, 'test_acc_min': 0.0, 'test_acc_max': 0.96, 'test_acc_bottom10%': 0.0, 'test_acc_top10%': 0.96, 'test_acc_cos1': 0.837254, 'test_acc_entropy': 2.000863, 'test_avg_loss_std': 2.010014, 'test_avg_loss_bottom_decile': 0.599598, 'test_avg_loss_top_decile': 6.170448, 'test_avg_loss_min': 0.186673, 'test_avg_loss_max': 6.170448, 'test_avg_loss_bottom10%': 0.186673, 'test_avg_loss_top10%': 6.170448, 'test_avg_loss_cos1': 0.712001, 'test_avg_loss_entropy': 1.884343}}
2023-02-09 18:34:03,177 (monitor:541) INFO: {'Role': 'Server #', 'Round': 1, 'Results_model_metric': {}}
2023-02-09 18:34:04,447 (server:330) INFO: Server: Starting evaluation at the end of round 1.
2023-02-09 18:34:04,448 (server:336) INFO: ----------- Starting a new training round (Round #2) -------------
2023-02-09 18:34:05,195 (context:294) WARNING: No val_data or val_loader in the trainer, will skip evaluation.If this is not the case you want, please check whether there is typo for the name
2023-02-09 18:34:05,573 (context:294) WARNING: No val_data or val_loader in the trainer, will skip evaluation.If this is not the case you want, please check whether there is typo for the name
2023-02-09 18:34:05,963 (context:294) WARNING: No val_data or val_loader in the trainer, will skip evaluation.If this is not the case you want, please check whether there is typo for the name
2023-02-09 18:34:06,472 (context:294) WARNING: No val_data or val_loader in the trainer, will skip evaluation.If this is not the case you want, please check whether there is typo for the name
2023-02-09 18:34:06,946 (context:294) WARNING: No val_data or val_loader in the trainer, will skip evaluation.If this is not the case you want, please check whether there is typo for the name
2023-02-09 18:34:07,561 (context:294) WARNING: No val_data or val_loader in the trainer, will skip evaluation.If this is not the case you want, please check whether there is typo for the name
2023-02-09 18:34:08,200 (context:294) WARNING: No val_data or val_loader in the trainer, will skip evaluation.If this is not the case you want, please check whether there is typo for the name
2023-02-09 18:34:08,544 (context:294) WARNING: No val_data or val_loader in the trainer, will skip evaluation.If this is not the case you want, please check whether there is typo for the name
2023-02-09 18:34:09,146 (context:294) WARNING: No val_data or val_loader in the trainer, will skip evaluation.If this is not the case you want, please check whether there is typo for the name
2023-02-09 18:34:09,689 (context:294) WARNING: No val_data or val_loader in the trainer, will skip evaluation.If this is not the case you want, please check whether there is typo for the name
2023-02-09 18:34:10,230 (client:306) INFO: {'Role': 'Client #7', 'Round': 2, 'Results_raw': {'train_f1': 0.25, 'train_total': 16, 'train_loss': 24.298598, 'train_acc': 0.5625, 'train_correct': 9.0, 'train_avg_loss': 1.518662}}
2023-02-09 18:34:10,959 (client:306) INFO: {'Role': 'Client #2', 'Round': 2, 'Results_raw': {'train_f1': 0.538012, 'train_total': 31, 'train_loss': 20.20896, 'train_acc': 0.903226, 'train_correct': 28.0, 'train_avg_loss': 0.651902}}
2023-02-09 18:34:13,453 (client:306) INFO: {'Role': 'Client #8', 'Round': 2, 'Results_raw': {'train_f1': 0.552611, 'train_total': 174, 'train_loss': 114.137316, 'train_acc': 0.850575, 'train_correct': 148.0, 'train_avg_loss': 0.655962}}
2023-02-09 18:34:15,798 (client:306) INFO: {'Role': 'Client #5', 'Round': 2, 'Results_raw': {'train_f1': 0.436332, 'train_total': 165, 'train_loss': 174.920639, 'train_acc': 0.660606, 'train_correct': 109.0, 'train_avg_loss': 1.060125}}
2023-02-09 18:34:16,239 (client:306) INFO: {'Role': 'Client #6', 'Round': 2, 'Results_raw': {'train_f1': 0.4375, 'train_total': 9, 'train_loss': 9.958028, 'train_acc': 0.777778, 'train_correct': 7.0, 'train_avg_loss': 1.106448}}
2023-02-09 18:34:16,685 (client:306) INFO: {'Role': 'Client #1', 'Round': 2, 'Results_raw': {'train_f1': 0.277778, 'train_total': 7, 'train_loss': 8.830479, 'train_acc': 0.714286, 'train_correct': 5.0, 'train_avg_loss': 1.261497}}
2023-02-09 18:34:17,085 (client:306) INFO: {'Role': 'Client #9', 'Round': 2, 'Results_raw': {'train_f1': 0.454545, 'train_total': 6, 'train_loss': 1.035035, 'train_acc': 0.833333, 'train_correct': 5.0, 'train_avg_loss': 0.172506}}
2023-02-09 18:34:19,224 (client:306) INFO: {'Role': 'Client #10', 'Round': 2, 'Results_raw': {'train_f1': 0.467316, 'train_total': 148, 'train_loss': 137.66303, 'train_acc': 0.77027, 'train_correct': 114.0, 'train_avg_loss': 0.930156}}
2023-02-09 18:34:20,775 (client:306) INFO: {'Role': 'Client #4', 'Round': 2, 'Results_raw': {'train_f1': 0.497436, 'train_total': 98, 'train_loss': 1.325583, 'train_acc': 0.989796, 'train_correct': 97.0, 'train_avg_loss': 0.013526}}
2023-02-09 18:34:23,838 (client:306) INFO: {'Role': 'Client #3', 'Round': 2, 'Results_raw': {'train_f1': 0.487356, 'train_total': 223, 'train_loss': 72.023137, 'train_acc': 0.950673, 'train_correct': 212.0, 'train_avg_loss': 0.322974}}
2023-02-09 18:34:23,840 (server:590) INFO: {'Role': 'Server #', 'Round': 1, 'Results_weighted_avg': {'test_f1': 0.436074, 'test_total': 22.0, 'test_loss': 25.540185, 'test_acc': 0.713636, 'test_correct': 15.7, 'test_avg_loss': 1.016627}, 'Results_avg': {'test_f1': 0.341206, 'test_total': 22.0, 'test_loss': 22.365787, 'test_acc': 0.573172, 'test_correct': 15.7, 'test_avg_loss': 1.817626}, 'Results_fairness': {'test_total': 22.0, 'test_correct': 15.7, 'test_f1_std': 0.210102, 'test_f1_bottom_decile': 0.0, 'test_f1_top_decile': 0.702381, 'test_f1_min': 0.0, 'test_f1_max': 0.702381, 'test_f1_bottom10%': 0.0, 'test_f1_top10%': 0.702381, 'test_f1_cos1': 0.851514, 'test_f1_entropy': 2.028874, 'test_loss_std': 12.591485, 'test_loss_bottom_decile': 4.73363, 'test_loss_top_decile': 39.163083, 'test_loss_min': 3.191933, 'test_loss_max': 39.163083, 'test_loss_bottom10%': 3.191933, 'test_loss_top10%': 39.163083, 'test_loss_cos1': 0.871397, 'test_loss_entropy': 2.104061, 'test_acc_std': 0.321378, 'test_acc_bottom_decile': 0.0, 'test_acc_top_decile': 0.92, 'test_acc_min': 0.0, 'test_acc_max': 0.92, 'test_acc_bottom10%': 0.0, 'test_acc_top10%': 0.92, 'test_acc_cos1': 0.872245, 'test_acc_entropy': 2.052545, 'test_avg_loss_std': 1.8443, 'test_avg_loss_bottom_decile': 0.510319, 'test_avg_loss_top_decile': 5.908991, 'test_avg_loss_min': 0.206841, 'test_avg_loss_max': 5.908991, 'test_avg_loss_bottom10%': 0.206841, 'test_avg_loss_top10%': 5.908991, 'test_avg_loss_cos1': 0.701938, 'test_avg_loss_entropy': 1.868798}}
2023-02-09 18:34:23,844 (monitor:541) INFO: {'Role': 'Server #', 'Round': 2, 'Results_model_metric': {}}
2023-02-09 18:34:25,121 (server:330) INFO: Server: Starting evaluation at the end of round 2.
2023-02-09 18:34:25,121 (server:336) INFO: ----------- Starting a new training round (Round #3) -------------
2023-02-09 18:34:25,874 (context:294) WARNING: No val_data or val_loader in the trainer, will skip evaluation.If this is not the case you want, please check whether there is typo for the name
2023-02-09 18:34:26,253 (context:294) WARNING: No val_data or val_loader in the trainer, will skip evaluation.If this is not the case you want, please check whether there is typo for the name
2023-02-09 18:34:26,645 (context:294) WARNING: No val_data or val_loader in the trainer, will skip evaluation.If this is not the case you want, please check whether there is typo for the name
2023-02-09 18:34:27,154 (context:294) WARNING: No val_data or val_loader in the trainer, will skip evaluation.If this is not the case you want, please check whether there is typo for the name
2023-02-09 18:34:27,629 (context:294) WARNING: No val_data or val_loader in the trainer, will skip evaluation.If this is not the case you want, please check whether there is typo for the name
2023-02-09 18:34:28,248 (context:294) WARNING: No val_data or val_loader in the trainer, will skip evaluation.If this is not the case you want, please check whether there is typo for the name
2023-02-09 18:34:28,888 (context:294) WARNING: No val_data or val_loader in the trainer, will skip evaluation.If this is not the case you want, please check whether there is typo for the name
2023-02-09 18:34:29,234 (context:294) WARNING: No val_data or val_loader in the trainer, will skip evaluation.If this is not the case you want, please check whether there is typo for the name
2023-02-09 18:34:29,828 (context:294) WARNING: No val_data or val_loader in the trainer, will skip evaluation.If this is not the case you want, please check whether there is typo for the name
2023-02-09 18:34:30,373 (context:294) WARNING: No val_data or val_loader in the trainer, will skip evaluation.If this is not the case you want, please check whether there is typo for the name
2023-02-09 18:34:30,910 (client:306) INFO: {'Role': 'Client #7', 'Round': 3, 'Results_raw': {'train_f1': 0.542857, 'train_total': 16, 'train_loss': 23.662504, 'train_acc': 0.6875, 'train_correct': 11.0, 'train_avg_loss': 1.478906}}
2023-02-09 18:34:33,938 (client:306) INFO: {'Role': 'Client #3', 'Round': 3, 'Results_raw': {'train_f1': 0.484988, 'train_total': 223, 'train_loss': 65.027574, 'train_acc': 0.941704, 'train_correct': 210.0, 'train_avg_loss': 0.291603}}
2023-02-09 18:34:34,344 (client:306) INFO: {'Role': 'Client #9', 'Round': 3, 'Results_raw': {'train_f1': 1.0, 'train_total': 6, 'train_loss': 0.582016, 'train_acc': 1.0, 'train_correct': 6.0, 'train_avg_loss': 0.097003}}
2023-02-09 18:34:35,066 (client:306) INFO: {'Role': 'Client #2', 'Round': 3, 'Results_raw': {'train_f1': 0.538012, 'train_total': 31, 'train_loss': 17.015955, 'train_acc': 0.903226, 'train_correct': 28.0, 'train_avg_loss': 0.548902}}
2023-02-09 18:34:36,618 (client:306) INFO: {'Role': 'Client #4', 'Round': 3, 'Results_raw': {'train_f1': 1.0, 'train_total': 98, 'train_loss': 0.257934, 'train_acc': 1.0, 'train_correct': 98.0, 'train_avg_loss': 0.002632}}
2023-02-09 18:34:39,143 (client:306) INFO: {'Role': 'Client #8', 'Round': 3, 'Results_raw': {'train_f1': 0.552611, 'train_total': 174, 'train_loss': 99.439696, 'train_acc': 0.850575, 'train_correct': 148.0, 'train_avg_loss': 0.571493}}
2023-02-09 18:34:39,596 (client:306) INFO: {'Role': 'Client #6', 'Round': 3, 'Results_raw': {'train_f1': 0.25641, 'train_total': 9, 'train_loss': 8.081672, 'train_acc': 0.555556, 'train_correct': 5.0, 'train_avg_loss': 0.897964}}
2023-02-09 18:34:40,035 (client:306) INFO: {'Role': 'Client #1', 'Round': 3, 'Results_raw': {'train_f1': 0.416667, 'train_total': 7, 'train_loss': 5.804929, 'train_acc': 0.714286, 'train_correct': 5.0, 'train_avg_loss': 0.829276}}
2023-02-09 18:34:42,171 (client:306) INFO: {'Role': 'Client #10', 'Round': 3, 'Results_raw': {'train_f1': 0.499816, 'train_total': 148, 'train_loss': 118.219034, 'train_acc': 0.790541, 'train_correct': 117.0, 'train_avg_loss': 0.798777}}
2023-02-09 18:34:44,496 (client:306) INFO: {'Role': 'Client #5', 'Round': 3, 'Results_raw': {'train_f1': 0.463274, 'train_total': 165, 'train_loss': 160.137667, 'train_acc': 0.69697, 'train_correct': 115.0, 'train_avg_loss': 0.970531}}
2023-02-09 18:34:44,498 (server:590) INFO: {'Role': 'Server #', 'Round': 2, 'Results_weighted_avg': {'test_f1': 0.453758, 'test_total': 22.0, 'test_loss': 21.664852, 'test_acc': 0.736364, 'test_correct': 16.2, 'test_avg_loss': 0.845134}, 'Results_avg': {'test_f1': 0.357949, 'test_total': 22.0, 'test_loss': 18.592944, 'test_acc': 0.582821, 'test_correct': 16.2, 'test_avg_loss': 1.511395}, 'Results_fairness': {'test_total': 22.0, 'test_correct': 16.2, 'test_f1_std': 0.22316, 'test_f1_bottom_decile': 0.0, 'test_f1_top_decile': 0.747162, 'test_f1_min': 0.0, 'test_f1_max': 0.747162, 'test_f1_bottom10%': 0.0, 'test_f1_top10%': 0.747162, 'test_f1_cos1': 0.848592, 'test_f1_entropy': 2.026328, 'test_loss_std': 11.643524, 'test_loss_bottom_decile': 3.912908, 'test_loss_top_decile': 37.993517, 'test_loss_min': 3.600716, 'test_loss_max': 37.993517, 'test_loss_bottom10%': 3.600716, 'test_loss_top10%': 37.993517, 'test_loss_cos1': 0.847528, 'test_loss_entropy': 2.096221, 'test_acc_std': 0.30677, 'test_acc_bottom_decile': 0.0, 'test_acc_top_decile': 0.84375, 'test_acc_min': 0.0, 'test_acc_max': 0.84375, 'test_acc_bottom10%': 0.0, 'test_acc_top10%': 0.84375, 'test_acc_cos1': 0.884904, 'test_acc_entropy': 2.067994, 'test_avg_loss_std': 1.530667, 'test_avg_loss_bottom_decile': 0.432683, 'test_avg_loss_top_decile': 4.89669, 'test_avg_loss_min': 0.373864, 'test_avg_loss_max': 4.89669, 'test_avg_loss_bottom10%': 0.373864, 'test_avg_loss_top10%': 4.89669, 'test_avg_loss_cos1': 0.702613, 'test_avg_loss_entropy': 1.876403}}
2023-02-09 18:34:44,502 (monitor:541) INFO: {'Role': 'Server #', 'Round': 3, 'Results_model_metric': {}}
2023-02-09 18:34:45,779 (server:330) INFO: Server: Starting evaluation at the end of round 3.
2023-02-09 18:34:45,779 (server:336) INFO: ----------- Starting a new training round (Round #4) -------------
2023-02-09 18:34:46,524 (context:294) WARNING: No val_data or val_loader in the trainer, will skip evaluation.If this is not the case you want, please check whether there is typo for the name
2023-02-09 18:34:46,897 (context:294) WARNING: No val_data or val_loader in the trainer, will skip evaluation.If this is not the case you want, please check whether there is typo for the name
2023-02-09 18:34:47,287 (context:294) WARNING: No val_data or val_loader in the trainer, will skip evaluation.If this is not the case you want, please check whether there is typo for the name
2023-02-09 18:34:47,799 (context:294) WARNING: No val_data or val_loader in the trainer, will skip evaluation.If this is not the case you want, please check whether there is typo for the name
2023-02-09 18:34:48,277 (context:294) WARNING: No val_data or val_loader in the trainer, will skip evaluation.If this is not the case you want, please check whether there is typo for the name
2023-02-09 18:34:48,892 (context:294) WARNING: No val_data or val_loader in the trainer, will skip evaluation.If this is not the case you want, please check whether there is typo for the name
2023-02-09 18:34:49,528 (context:294) WARNING: No val_data or val_loader in the trainer, will skip evaluation.If this is not the case you want, please check whether there is typo for the name
2023-02-09 18:34:49,867 (context:294) WARNING: No val_data or val_loader in the trainer, will skip evaluation.If this is not the case you want, please check whether there is typo for the name
2023-02-09 18:34:50,456 (context:294) WARNING: No val_data or val_loader in the trainer, will skip evaluation.If this is not the case you want, please check whether there is typo for the name
2023-02-09 18:34:50,992 (context:294) WARNING: No val_data or val_loader in the trainer, will skip evaluation.If this is not the case you want, please check whether there is typo for the name
2023-02-09 18:34:54,062 (client:306) INFO: {'Role': 'Client #3', 'Round': 4, 'Results_raw': {'train_f1': 0.486175, 'train_total': 223, 'train_loss': 65.377945, 'train_acc': 0.946188, 'train_correct': 211.0, 'train_avg_loss': 0.293175}}
2023-02-09 18:34:54,609 (client:306) INFO: {'Role': 'Client #7', 'Round': 4, 'Results_raw': {'train_f1': 0.24, 'train_total': 16, 'train_loss': 25.615861, 'train_acc': 0.5625, 'train_correct': 9.0, 'train_avg_loss': 1.600991}}
2023-02-09 18:34:55,052 (client:306) INFO: {'Role': 'Client #1', 'Round': 4, 'Results_raw': {'train_f1': 0.277778, 'train_total': 7, 'train_loss': 8.293712, 'train_acc': 0.714286, 'train_correct': 5.0, 'train_avg_loss': 1.184816}}
2023-02-09 18:34:57,211 (client:306) INFO: {'Role': 'Client #10', 'Round': 4, 'Results_raw': {'train_f1': 0.482295, 'train_total': 148, 'train_loss': 113.572291, 'train_acc': 0.783784, 'train_correct': 116.0, 'train_avg_loss': 0.76738}}
2023-02-09 18:34:58,766 (client:306) INFO: {'Role': 'Client #4', 'Round': 4, 'Results_raw': {'train_f1': 1.0, 'train_total': 98, 'train_loss': 0.390467, 'train_acc': 1.0, 'train_correct': 98.0, 'train_avg_loss': 0.003984}}
2023-02-09 18:34:59,218 (client:306) INFO: {'Role': 'Client #6', 'Round': 4, 'Results_raw': {'train_f1': 0.4, 'train_total': 9, 'train_loss': 7.891279, 'train_acc': 0.666667, 'train_correct': 6.0, 'train_avg_loss': 0.876809}}
2023-02-09 18:35:01,749 (client:306) INFO: {'Role': 'Client #8', 'Round': 4, 'Results_raw': {'train_f1': 0.615007, 'train_total': 174, 'train_loss': 89.931568, 'train_acc': 0.867816, 'train_correct': 151.0, 'train_avg_loss': 0.516848}}
2023-02-09 18:35:02,148 (client:306) INFO: {'Role': 'Client #9', 'Round': 4, 'Results_raw': {'train_f1': 0.454545, 'train_total': 6, 'train_loss': 1.526082, 'train_acc': 0.833333, 'train_correct': 5.0, 'train_avg_loss': 0.254347}}
2023-02-09 18:35:04,483 (client:306) INFO: {'Role': 'Client #5', 'Round': 4, 'Results_raw': {'train_f1': 0.761922, 'train_total': 165, 'train_loss': 128.042734, 'train_acc': 0.763636, 'train_correct': 126.0, 'train_avg_loss': 0.776017}}
2023-02-09 18:35:05,202 (client:306) INFO: {'Role': 'Client #2', 'Round': 4, 'Results_raw': {'train_f1': 0.47619, 'train_total': 31, 'train_loss': 20.137349, 'train_acc': 0.870968, 'train_correct': 27.0, 'train_avg_loss': 0.649592}}
2023-02-09 18:35:05,205 (server:590) INFO: {'Role': 'Server #', 'Round': 3, 'Results_weighted_avg': {'test_f1': 0.465645, 'test_total': 22.0, 'test_loss': 21.237232, 'test_acc': 0.754545, 'test_correct': 16.6, 'test_avg_loss': 0.844132}, 'Results_avg': {'test_f1': 0.36373, 'test_total': 22.0, 'test_loss': 18.570897, 'test_acc': 0.603736, 'test_correct': 16.6, 'test_avg_loss': 1.505761}, 'Results_fairness': {'test_total': 22.0, 'test_correct': 16.6, 'test_f1_std': 0.224377, 'test_f1_bottom_decile': 0.0, 'test_f1_top_decile': 0.761905, 'test_f1_min': 0.0, 'test_f1_max': 0.761905, 'test_f1_bottom10%': 0.0, 'test_f1_top10%': 0.761905, 'test_f1_cos1': 0.851091, 'test_f1_entropy': 2.028327, 'test_loss_std': 10.304964, 'test_loss_bottom_decile': 3.866835, 'test_loss_top_decile': 33.48462, 'test_loss_min': 3.549118, 'test_loss_max': 33.48462, 'test_loss_bottom10%': 3.549118, 'test_loss_top10%': 33.48462, 'test_loss_cos1': 0.874401, 'test_loss_entropy': 2.123572, 'test_acc_std': 0.323065, 'test_acc_bottom_decile': 0.0, 'test_acc_top_decile': 0.913043, 'test_acc_min': 0.0, 'test_acc_max': 0.913043, 'test_acc_bottom10%': 0.0, 'test_acc_top10%': 0.913043, 'test_acc_cos1': 0.881702, 'test_acc_entropy': 2.06409, 'test_avg_loss_std': 1.525888, 'test_avg_loss_bottom_decile': 0.524906, 'test_avg_loss_top_decile': 5.162189, 'test_avg_loss_min': 0.289921, 'test_avg_loss_max': 5.162189, 'test_avg_loss_bottom10%': 0.289921, 'test_avg_loss_top10%': 5.162189, 'test_avg_loss_cos1': 0.702397, 'test_avg_loss_entropy': 1.886897}}
2023-02-09 18:35:05,209 (monitor:541) INFO: {'Role': 'Server #', 'Round': 4, 'Results_model_metric': {}}
2023-02-09 18:35:06,471 (server:330) INFO: Server: Starting evaluation at the end of round 4.
2023-02-09 18:35:06,472 (server:336) INFO: ----------- Starting a new training round (Round #5) -------------
2023-02-09 18:35:07,226 (context:294) WARNING: No val_data or val_loader in the trainer, will skip evaluation.If this is not the case you want, please check whether there is typo for the name
2023-02-09 18:35:07,600 (context:294) WARNING: No val_data or val_loader in the trainer, will skip evaluation.If this is not the case you want, please check whether there is typo for the name
2023-02-09 18:35:07,990 (context:294) WARNING: No val_data or val_loader in the trainer, will skip evaluation.If this is not the case you want, please check whether there is typo for the name
2023-02-09 18:35:08,501 (context:294) WARNING: No val_data or val_loader in the trainer, will skip evaluation.If this is not the case you want, please check whether there is typo for the name
2023-02-09 18:35:08,979 (context:294) WARNING: No val_data or val_loader in the trainer, will skip evaluation.If this is not the case you want, please check whether there is typo for the name
2023-02-09 18:35:09,598 (context:294) WARNING: No val_data or val_loader in the trainer, will skip evaluation.If this is not the case you want, please check whether there is typo for the name
2023-02-09 18:35:10,234 (context:294) WARNING: No val_data or val_loader in the trainer, will skip evaluation.If this is not the case you want, please check whether there is typo for the name
2023-02-09 18:35:10,584 (context:294) WARNING: No val_data or val_loader in the trainer, will skip evaluation.If this is not the case you want, please check whether there is typo for the name
2023-02-09 18:35:11,181 (context:294) WARNING: No val_data or val_loader in the trainer, will skip evaluation.If this is not the case you want, please check whether there is typo for the name
2023-02-09 18:35:11,721 (context:294) WARNING: No val_data or val_loader in the trainer, will skip evaluation.If this is not the case you want, please check whether there is typo for the name
2023-02-09 18:35:13,857 (client:306) INFO: {'Role': 'Client #10', 'Round': 5, 'Results_raw': {'train_f1': 0.527924, 'train_total': 148, 'train_loss': 98.359079, 'train_acc': 0.824324, 'train_correct': 122.0, 'train_avg_loss': 0.664588}}
2023-02-09 18:35:16,392 (client:306) INFO: {'Role': 'Client #8', 'Round': 5, 'Results_raw': {'train_f1': 0.754543, 'train_total': 174, 'train_loss': 78.135666, 'train_acc': 0.902299, 'train_correct': 157.0, 'train_avg_loss': 0.449056}}
2023-02-09 18:35:18,801 (client:306) INFO: {'Role': 'Client #5', 'Round': 5, 'Results_raw': {'train_f1': 0.81391, 'train_total': 165, 'train_loss': 102.087979, 'train_acc': 0.818182, 'train_correct': 135.0, 'train_avg_loss': 0.618715}}
2023-02-09 18:35:19,350 (client:306) INFO: {'Role': 'Client #7', 'Round': 5, 'Results_raw': {'train_f1': 0.407407, 'train_total': 16, 'train_loss': 22.59503, 'train_acc': 0.6875, 'train_correct': 11.0, 'train_avg_loss': 1.412189}}
2023-02-09 18:35:22,470 (client:306) INFO: {'Role': 'Client #3', 'Round': 5, 'Results_raw': {'train_f1': 0.484988, 'train_total': 223, 'train_loss': 55.958843, 'train_acc': 0.941704, 'train_correct': 210.0, 'train_avg_loss': 0.250937}}
2023-02-09 18:35:22,910 (client:306) INFO: {'Role': 'Client #1', 'Round': 5, 'Results_raw': {'train_f1': 0.461538, 'train_total': 7, 'train_loss': 3.547979, 'train_acc': 0.857143, 'train_correct': 6.0, 'train_avg_loss': 0.506854}}
2023-02-09 18:35:24,502 (client:306) INFO: {'Role': 'Client #4', 'Round': 5, 'Results_raw': {'train_f1': 1.0, 'train_total': 98, 'train_loss': 0.603636, 'train_acc': 1.0, 'train_correct': 98.0, 'train_avg_loss': 0.00616}}
2023-02-09 18:35:25,234 (client:306) INFO: {'Role': 'Client #2', 'Round': 5, 'Results_raw': {'train_f1': 0.47619, 'train_total': 31, 'train_loss': 23.974799, 'train_acc': 0.870968, 'train_correct': 27.0, 'train_avg_loss': 0.773381}}
2023-02-09 18:35:25,686 (client:306) INFO: {'Role': 'Client #6', 'Round': 5, 'Results_raw': {'train_f1': 0.4375, 'train_total': 9, 'train_loss': 10.095005, 'train_acc': 0.777778, 'train_correct': 7.0, 'train_avg_loss': 1.121667}}
2023-02-09 18:35:26,084 (client:306) INFO: {'Role': 'Client #9', 'Round': 5, 'Results_raw': {'train_f1': 0.454545, 'train_total': 6, 'train_loss': 1.635913, 'train_acc': 0.833333, 'train_correct': 5.0, 'train_avg_loss': 0.272652}}
2023-02-09 18:35:26,087 (server:590) INFO: {'Role': 'Server #', 'Round': 4, 'Results_weighted_avg': {'test_f1': 0.456405, 'test_total': 22.0, 'test_loss': 23.416825, 'test_acc': 0.736364, 'test_correct': 16.2, 'test_avg_loss': 0.937965}, 'Results_avg': {'test_f1': 0.353809, 'test_total': 22.0, 'test_loss': 20.635219, 'test_acc': 0.590459, 'test_correct': 16.2, 'test_avg_loss': 1.578382}, 'Results_fairness': {'test_total': 22.0, 'test_correct': 16.2, 'test_f1_std': 0.214412, 'test_f1_bottom_decile': 0.0, 'test_f1_top_decile': 0.694056, 'test_f1_min': 0.0, 'test_f1_max': 0.694056, 'test_f1_bottom10%': 0.0, 'test_f1_top10%': 0.694056, 'test_f1_cos1': 0.855217, 'test_f1_entropy': 2.032418, 'test_loss_std': 11.770589, 'test_loss_bottom_decile': 2.994918, 'test_loss_top_decile': 33.887652, 'test_loss_min': 2.25127, 'test_loss_max': 33.887652, 'test_loss_bottom10%': 2.25127, 'test_loss_top10%': 33.887652, 'test_loss_cos1': 0.868623, 'test_loss_entropy': 2.090267, 'test_acc_std': 0.328494, 'test_acc_bottom_decile': 0.0, 'test_acc_top_decile': 0.96, 'test_acc_min': 0.0, 'test_acc_max': 0.96, 'test_acc_bottom10%': 0.0, 'test_acc_top10%': 0.96, 'test_acc_cos1': 0.873867, 'test_acc_entropy': 2.054991, 'test_avg_loss_std': 1.510817, 'test_avg_loss_bottom_decile': 0.42575, 'test_avg_loss_top_decile': 5.47775, 'test_avg_loss_min': 0.090051, 'test_avg_loss_max': 5.47775, 'test_avg_loss_bottom10%': 0.090051, 'test_avg_loss_top10%': 5.47775, 'test_avg_loss_cos1': 0.722399, 'test_avg_loss_entropy': 1.921126}}
2023-02-09 18:35:26,090 (monitor:541) INFO: {'Role': 'Server #', 'Round': 5, 'Results_model_metric': {}}
2023-02-09 18:35:27,364 (server:330) INFO: Server: Starting evaluation at the end of round 5.
2023-02-09 18:35:27,365 (server:336) INFO: ----------- Starting a new training round (Round #6) -------------
2023-02-09 18:35:28,111 (context:294) WARNING: No val_data or val_loader in the trainer, will skip evaluation.If this is not the case you want, please check whether there is typo for the name
2023-02-09 18:35:28,489 (context:294) WARNING: No val_data or val_loader in the trainer, will skip evaluation.If this is not the case you want, please check whether there is typo for the name
2023-02-09 18:35:28,887 (context:294) WARNING: No val_data or val_loader in the trainer, will skip evaluation.If this is not the case you want, please check whether there is typo for the name
2023-02-09 18:35:29,409 (context:294) WARNING: No val_data or val_loader in the trainer, will skip evaluation.If this is not the case you want, please check whether there is typo for the name
2023-02-09 18:35:29,888 (context:294) WARNING: No val_data or val_loader in the trainer, will skip evaluation.If this is not the case you want, please check whether there is typo for the name
2023-02-09 18:35:30,510 (context:294) WARNING: No val_data or val_loader in the trainer, will skip evaluation.If this is not the case you want, please check whether there is typo for the name
2023-02-09 18:35:31,160 (context:294) WARNING: No val_data or val_loader in the trainer, will skip evaluation.If this is not the case you want, please check whether there is typo for the name
2023-02-09 18:35:31,509 (context:294) WARNING: No val_data or val_loader in the trainer, will skip evaluation.If this is not the case you want, please check whether there is typo for the name
2023-02-09 18:35:32,108 (context:294) WARNING: No val_data or val_loader in the trainer, will skip evaluation.If this is not the case you want, please check whether there is typo for the name
2023-02-09 18:35:32,649 (context:294) WARNING: No val_data or val_loader in the trainer, will skip evaluation.If this is not the case you want, please check whether there is typo for the name
2023-02-09 18:35:34,239 (client:306) INFO: {'Role': 'Client #4', 'Round': 6, 'Results_raw': {'train_f1': 1.0, 'train_total': 98, 'train_loss': 0.277087, 'train_acc': 1.0, 'train_correct': 98.0, 'train_avg_loss': 0.002827}}
2023-02-09 18:35:34,633 (client:306) INFO: {'Role': 'Client #9', 'Round': 6, 'Results_raw': {'train_f1': 1.0, 'train_total': 6, 'train_loss': 0.390865, 'train_acc': 1.0, 'train_correct': 6.0, 'train_avg_loss': 0.065144}}
2023-02-09 18:35:37,171 (client:306) INFO: {'Role': 'Client #8', 'Round': 6, 'Results_raw': {'train_f1': 0.7097, 'train_total': 174, 'train_loss': 73.570584, 'train_acc': 0.87931, 'train_correct': 153.0, 'train_avg_loss': 0.422819}}
2023-02-09 18:35:37,902 (client:306) INFO: {'Role': 'Client #2', 'Round': 6, 'Results_raw': {'train_f1': 0.47619, 'train_total': 31, 'train_loss': 17.449468, 'train_acc': 0.870968, 'train_correct': 27.0, 'train_avg_loss': 0.562886}}
2023-02-09 18:35:40,237 (client:306) INFO: {'Role': 'Client #5', 'Round': 6, 'Results_raw': {'train_f1': 0.541054, 'train_total': 165, 'train_loss': 115.844022, 'train_acc': 0.812121, 'train_correct': 134.0, 'train_avg_loss': 0.702085}}
2023-02-09 18:35:40,675 (client:306) INFO: {'Role': 'Client #1', 'Round': 6, 'Results_raw': {'train_f1': 0.461538, 'train_total': 7, 'train_loss': 3.739618, 'train_acc': 0.857143, 'train_correct': 6.0, 'train_avg_loss': 0.534231}}
2023-02-09 18:35:41,220 (client:306) INFO: {'Role': 'Client #7', 'Round': 6, 'Results_raw': {'train_f1': 0.266667, 'train_total': 16, 'train_loss': 22.570194, 'train_acc': 0.625, 'train_correct': 10.0, 'train_avg_loss': 1.410637}}
2023-02-09 18:35:44,266 (client:306) INFO: {'Role': 'Client #3', 'Round': 6, 'Results_raw': {'train_f1': 0.487356, 'train_total': 223, 'train_loss': 43.779143, 'train_acc': 0.950673, 'train_correct': 212.0, 'train_avg_loss': 0.196319}}
2023-02-09 18:35:44,715 (client:306) INFO: {'Role': 'Client #6', 'Round': 6, 'Results_raw': {'train_f1': 0.474359, 'train_total': 9, 'train_loss': 4.455203, 'train_acc': 0.777778, 'train_correct': 7.0, 'train_avg_loss': 0.495023}}
2023-02-09 18:35:46,865 (client:306) INFO: {'Role': 'Client #10', 'Round': 6, 'Results_raw': {'train_f1': 0.540083, 'train_total': 148, 'train_loss': 94.623475, 'train_acc': 0.837838, 'train_correct': 124.0, 'train_avg_loss': 0.639348}}
2023-02-09 18:35:46,868 (server:590) INFO: {'Role': 'Server #', 'Round': 5, 'Results_weighted_avg': {'test_f1': 0.465726, 'test_total': 22.0, 'test_loss': 21.895096, 'test_acc': 0.75, 'test_correct': 16.5, 'test_avg_loss': 0.856879}, 'Results_avg': {'test_f1': 0.362147, 'test_total': 22.0, 'test_loss': 18.85134, 'test_acc': 0.602066, 'test_correct': 16.5, 'test_avg_loss': 1.425547}, 'Results_fairness': {'test_total': 22.0, 'test_correct': 16.5, 'test_f1_std': 0.217317, 'test_f1_bottom_decile': 0.0, 'test_f1_top_decile': 0.72, 'test_f1_min': 0.0, 'test_f1_max': 0.72, 'test_f1_bottom10%': 0.0, 'test_f1_top10%': 0.72, 'test_f1_cos1': 0.857463, 'test_f1_entropy': 2.03593, 'test_loss_std': 10.322439, 'test_loss_bottom_decile': 3.152097, 'test_loss_top_decile': 30.031882, 'test_loss_min': 2.889328, 'test_loss_max': 30.031882, 'test_loss_bottom10%': 2.889328, 'test_loss_top10%': 30.031882, 'test_loss_cos1': 0.877114, 'test_loss_entropy': 2.109828, 'test_acc_std': 0.325249, 'test_acc_bottom_decile': 0.0, 'test_acc_top_decile': 0.934783, 'test_acc_min': 0.0, 'test_acc_max': 0.934783, 'test_acc_bottom10%': 0.0, 'test_acc_top10%': 0.934783, 'test_acc_cos1': 0.879824, 'test_acc_entropy': 2.062399, 'test_avg_loss_std': 1.315708, 'test_avg_loss_bottom_decile': 0.406751, 'test_avg_loss_top_decile': 4.74608, 'test_avg_loss_min': 0.126084, 'test_avg_loss_max': 4.74608, 'test_avg_loss_bottom10%': 0.126084, 'test_avg_loss_top10%': 4.74608, 'test_avg_loss_cos1': 0.73485, 'test_avg_loss_entropy': 1.948588}}
2023-02-09 18:35:46,871 (monitor:541) INFO: {'Role': 'Server #', 'Round': 6, 'Results_model_metric': {}}
2023-02-09 18:35:48,176 (server:330) INFO: Server: Starting evaluation at the end of round 6.
2023-02-09 18:35:48,177 (server:336) INFO: ----------- Starting a new training round (Round #7) -------------
2023-02-09 18:35:48,948 (context:294) WARNING: No val_data or val_loader in the trainer, will skip evaluation.If this is not the case you want, please check whether there is typo for the name
2023-02-09 18:35:49,325 (context:294) WARNING: No val_data or val_loader in the trainer, will skip evaluation.If this is not the case you want, please check whether there is typo for the name
2023-02-09 18:35:49,719 (context:294) WARNING: No val_data or val_loader in the trainer, will skip evaluation.If this is not the case you want, please check whether there is typo for the name
2023-02-09 18:35:50,227 (context:294) WARNING: No val_data or val_loader in the trainer, will skip evaluation.If this is not the case you want, please check whether there is typo for the name
2023-02-09 18:35:50,699 (context:294) WARNING: No val_data or val_loader in the trainer, will skip evaluation.If this is not the case you want, please check whether there is typo for the name
2023-02-09 18:35:51,316 (context:294) WARNING: No val_data or val_loader in the trainer, will skip evaluation.If this is not the case you want, please check whether there is typo for the name
2023-02-09 18:35:51,956 (context:294) WARNING: No val_data or val_loader in the trainer, will skip evaluation.If this is not the case you want, please check whether there is typo for the name
2023-02-09 18:35:52,298 (context:294) WARNING: No val_data or val_loader in the trainer, will skip evaluation.If this is not the case you want, please check whether there is typo for the name
2023-02-09 18:35:52,913 (context:294) WARNING: No val_data or val_loader in the trainer, will skip evaluation.If this is not the case you want, please check whether there is typo for the name
2023-02-09 18:35:53,460 (context:294) WARNING: No val_data or val_loader in the trainer, will skip evaluation.If this is not the case you want, please check whether there is typo for the name
2023-02-09 18:35:55,831 (client:306) INFO: {'Role': 'Client #5', 'Round': 7, 'Results_raw': {'train_f1': 0.558251, 'train_total': 165, 'train_loss': 89.798075, 'train_acc': 0.836364, 'train_correct': 138.0, 'train_avg_loss': 0.544231}}
2023-02-09 18:35:57,996 (client:306) INFO: {'Role': 'Client #10', 'Round': 7, 'Results_raw': {'train_f1': 0.533771, 'train_total': 148, 'train_loss': 73.6927, 'train_acc': 0.831081, 'train_correct': 123.0, 'train_avg_loss': 0.497924}}
2023-02-09 18:36:00,551 (client:306) INFO: {'Role': 'Client #8', 'Round': 7, 'Results_raw': {'train_f1': 0.78342, 'train_total': 174, 'train_loss': 65.427502, 'train_acc': 0.913793, 'train_correct': 159.0, 'train_avg_loss': 0.37602}}
2023-02-09 18:36:00,952 (client:306) INFO: {'Role': 'Client #9', 'Round': 7, 'Results_raw': {'train_f1': 0.454545, 'train_total': 6, 'train_loss': 2.930894, 'train_acc': 0.833333, 'train_correct': 5.0, 'train_avg_loss': 0.488482}}
2023-02-09 18:36:01,688 (client:306) INFO: {'Role': 'Client #2', 'Round': 7, 'Results_raw': {'train_f1': 0.47619, 'train_total': 31, 'train_loss': 20.869356, 'train_acc': 0.870968, 'train_correct': 27.0, 'train_avg_loss': 0.673205}}
2023-02-09 18:36:03,299 (client:306) INFO: {'Role': 'Client #4', 'Round': 7, 'Results_raw': {'train_f1': 1.0, 'train_total': 98, 'train_loss': 0.120404, 'train_acc': 1.0, 'train_correct': 98.0, 'train_avg_loss': 0.001229}}
2023-02-09 18:36:03,749 (client:306) INFO: {'Role': 'Client #1', 'Round': 7, 'Results_raw': {'train_f1': 0.416667, 'train_total': 7, 'train_loss': 5.716551, 'train_acc': 0.714286, 'train_correct': 5.0, 'train_avg_loss': 0.81665}}
2023-02-09 18:36:06,831 (client:306) INFO: {'Role': 'Client #3', 'Round': 7, 'Results_raw': {'train_f1': 0.689559, 'train_total': 223, 'train_loss': 48.585074, 'train_acc': 0.959641, 'train_correct': 214.0, 'train_avg_loss': 0.21787}}
2023-02-09 18:36:07,375 (client:306) INFO: {'Role': 'Client #7', 'Round': 7, 'Results_raw': {'train_f1': 0.407407, 'train_total': 16, 'train_loss': 24.636589, 'train_acc': 0.6875, 'train_correct': 11.0, 'train_avg_loss': 1.539787}}
2023-02-09 18:36:07,828 (client:306) INFO: {'Role': 'Client #6', 'Round': 7, 'Results_raw': {'train_f1': 0.4375, 'train_total': 9, 'train_loss': 7.670274, 'train_acc': 0.777778, 'train_correct': 7.0, 'train_avg_loss': 0.852253}}
2023-02-09 18:36:07,830 (server:590) INFO: {'Role': 'Server #', 'Round': 6, 'Results_weighted_avg': {'test_f1': 0.491467, 'test_total': 22.0, 'test_loss': 18.897154, 'test_acc': 0.777273, 'test_correct': 17.1, 'test_avg_loss': 0.757649}, 'Results_avg': {'test_f1': 0.386382, 'test_total': 22.0, 'test_loss': 16.668282, 'test_acc': 0.622065, 'test_correct': 17.1, 'test_avg_loss': 1.434183}, 'Results_fairness': {'test_total': 22.0, 'test_correct': 17.1, 'test_f1_std': 0.242, 'test_f1_bottom_decile': 0.0, 'test_f1_top_decile': 0.79, 'test_f1_min': 0.0, 'test_f1_max': 0.79, 'test_f1_bottom10%': 0.0, 'test_f1_top10%': 0.79, 'test_f1_cos1': 0.847495, 'test_f1_entropy': 2.024038, 'test_loss_std': 11.312474, 'test_loss_bottom_decile': 4.013097, 'test_loss_top_decile': 36.299381, 'test_loss_min': 2.883398, 'test_loss_max': 36.299381, 'test_loss_bottom10%': 2.883398, 'test_loss_top10%': 36.299381, 'test_loss_cos1': 0.827433, 'test_loss_entropy': 2.068481, 'test_acc_std': 0.334232, 'test_acc_bottom_decile': 0.0, 'test_acc_top_decile': 0.913043, 'test_acc_min': 0.0, 'test_acc_max': 0.913043, 'test_acc_bottom10%': 0.0, 'test_acc_top10%': 0.913043, 'test_acc_cos1': 0.8809, 'test_acc_entropy': 2.062925, 'test_avg_loss_std': 1.546428, 'test_avg_loss_bottom_decile': 0.327151, 'test_avg_loss_top_decile': 4.719868, 'test_avg_loss_min': 0.314653, 'test_avg_loss_max': 4.719868, 'test_avg_loss_bottom10%': 0.314653, 'test_avg_loss_top10%': 4.719868, 'test_avg_loss_cos1': 0.679996, 'test_avg_loss_entropy': 1.814373}}
2023-02-09 18:36:07,834 (monitor:541) INFO: {'Role': 'Server #', 'Round': 7, 'Results_model_metric': {}}
2023-02-09 18:36:09,122 (server:330) INFO: Server: Starting evaluation at the end of round 7.
2023-02-09 18:36:09,123 (server:336) INFO: ----------- Starting a new training round (Round #8) -------------
2023-02-09 18:36:09,878 (context:294) WARNING: No val_data or val_loader in the trainer, will skip evaluation.If this is not the case you want, please check whether there is typo for the name
2023-02-09 18:36:10,252 (context:294) WARNING: No val_data or val_loader in the trainer, will skip evaluation.If this is not the case you want, please check whether there is typo for the name
2023-02-09 18:36:10,643 (context:294) WARNING: No val_data or val_loader in the trainer, will skip evaluation.If this is not the case you want, please check whether there is typo for the name
2023-02-09 18:36:11,147 (context:294) WARNING: No val_data or val_loader in the trainer, will skip evaluation.If this is not the case you want, please check whether there is typo for the name
2023-02-09 18:36:11,624 (context:294) WARNING: No val_data or val_loader in the trainer, will skip evaluation.If this is not the case you want, please check whether there is typo for the name
2023-02-09 18:36:12,235 (context:294) WARNING: No val_data or val_loader in the trainer, will skip evaluation.If this is not the case you want, please check whether there is typo for the name
2023-02-09 18:36:12,877 (context:294) WARNING: No val_data or val_loader in the trainer, will skip evaluation.If this is not the case you want, please check whether there is typo for the name
2023-02-09 18:36:13,224 (context:294) WARNING: No val_data or val_loader in the trainer, will skip evaluation.If this is not the case you want, please check whether there is typo for the name
2023-02-09 18:36:13,813 (context:294) WARNING: No val_data or val_loader in the trainer, will skip evaluation.If this is not the case you want, please check whether there is typo for the name
2023-02-09 18:36:14,348 (context:294) WARNING: No val_data or val_loader in the trainer, will skip evaluation.If this is not the case you want, please check whether there is typo for the name
2023-02-09 18:36:14,890 (client:306) INFO: {'Role': 'Client #7', 'Round': 8, 'Results_raw': {'train_f1': 0.344203, 'train_total': 16, 'train_loss': 17.799836, 'train_acc': 0.625, 'train_correct': 10.0, 'train_avg_loss': 1.11249}}
2023-02-09 18:36:15,287 (client:306) INFO: {'Role': 'Client #9', 'Round': 8, 'Results_raw': {'train_f1': 1.0, 'train_total': 6, 'train_loss': 0.192438, 'train_acc': 1.0, 'train_correct': 6.0, 'train_avg_loss': 0.032073}}
2023-02-09 18:36:18,315 (client:306) INFO: {'Role': 'Client #3', 'Round': 8, 'Results_raw': {'train_f1': 0.486175, 'train_total': 223, 'train_loss': 50.457427, 'train_acc': 0.946188, 'train_correct': 211.0, 'train_avg_loss': 0.226266}}
2023-02-09 18:36:19,033 (client:306) INFO: {'Role': 'Client #2', 'Round': 8, 'Results_raw': {'train_f1': 0.530864, 'train_total': 31, 'train_loss': 23.518747, 'train_acc': 0.870968, 'train_correct': 27.0, 'train_avg_loss': 0.758669}}
2023-02-09 18:36:21,339 (client:306) INFO: {'Role': 'Client #5', 'Round': 8, 'Results_raw': {'train_f1': 0.573627, 'train_total': 165, 'train_loss': 75.322234, 'train_acc': 0.860606, 'train_correct': 142.0, 'train_avg_loss': 0.456498}}
2023-02-09 18:36:21,785 (client:306) INFO: {'Role': 'Client #6', 'Round': 8, 'Results_raw': {'train_f1': 0.285714, 'train_total': 9, 'train_loss': 5.473343, 'train_acc': 0.666667, 'train_correct': 6.0, 'train_avg_loss': 0.608149}}
2023-02-09 18:36:22,220 (client:306) INFO: {'Role': 'Client #1', 'Round': 8, 'Results_raw': {'train_f1': 0.277778, 'train_total': 7, 'train_loss': 7.013974, 'train_acc': 0.714286, 'train_correct': 5.0, 'train_avg_loss': 1.001996}}
2023-02-09 18:36:23,756 (client:306) INFO: {'Role': 'Client #4', 'Round': 8, 'Results_raw': {'train_f1': 1.0, 'train_total': 98, 'train_loss': 0.129339, 'train_acc': 1.0, 'train_correct': 98.0, 'train_avg_loss': 0.00132}}
2023-02-09 18:36:25,874 (client:306) INFO: {'Role': 'Client #10', 'Round': 8, 'Results_raw': {'train_f1': 0.558915, 'train_total': 148, 'train_loss': 82.51829, 'train_acc': 0.864865, 'train_correct': 128.0, 'train_avg_loss': 0.557556}}
2023-02-09 18:36:28,345 (client:306) INFO: {'Role': 'Client #8', 'Round': 8, 'Results_raw': {'train_f1': 0.754543, 'train_total': 174, 'train_loss': 67.53701, 'train_acc': 0.902299, 'train_correct': 157.0, 'train_avg_loss': 0.388144}}
2023-02-09 18:36:28,349 (server:590) INFO: {'Role': 'Server #', 'Round': 7, 'Results_weighted_avg': {'test_f1': 0.507454, 'test_total': 22.0, 'test_loss': 17.062073, 'test_acc': 0.790909, 'test_correct': 17.4, 'test_avg_loss': 0.672275}, 'Results_avg': {'test_f1': 0.392995, 'test_total': 22.0, 'test_loss': 14.790046, 'test_acc': 0.633895, 'test_correct': 17.4, 'test_avg_loss': 1.191949}, 'Results_fairness': {'test_total': 22.0, 'test_correct': 17.4, 'test_f1_std': 0.245411, 'test_f1_bottom_decile': 0.0, 'test_f1_top_decile': 0.801136, 'test_f1_min': 0.0, 'test_f1_max': 0.801136, 'test_f1_bottom10%': 0.0, 'test_f1_top10%': 0.801136, 'test_f1_cos1': 0.848203, 'test_f1_entropy': 2.023103, 'test_loss_std': 8.807182, 'test_loss_bottom_decile': 3.793752, 'test_loss_top_decile': 30.599118, 'test_loss_min': 2.956142, 'test_loss_max': 30.599118, 'test_loss_bottom10%': 2.956142, 'test_loss_top10%': 30.599118, 'test_loss_cos1': 0.859201, 'test_loss_entropy': 2.10991, 'test_acc_std': 0.335609, 'test_acc_bottom_decile': 0.0, 'test_acc_top_decile': 0.934783, 'test_acc_min': 0.0, 'test_acc_max': 0.934783, 'test_acc_bottom10%': 0.0, 'test_acc_top10%': 0.934783, 'test_acc_cos1': 0.883778, 'test_acc_entropy': 2.06679, 'test_avg_loss_std': 1.161752, 'test_avg_loss_bottom_decile': 0.389237, 'test_avg_loss_top_decile': 3.808881, 'test_avg_loss_min': 0.200198, 'test_avg_loss_max': 3.808881, 'test_avg_loss_bottom10%': 0.200198, 'test_avg_loss_top10%': 3.808881, 'test_avg_loss_cos1': 0.71612, 'test_avg_loss_entropy': 1.904815}}
2023-02-09 18:36:28,354 (monitor:541) INFO: {'Role': 'Server #', 'Round': 8, 'Results_model_metric': {}}
2023-02-09 18:36:29,617 (server:330) INFO: Server: Starting evaluation at the end of round 8.
2023-02-09 18:36:29,619 (server:336) INFO: ----------- Starting a new training round (Round #9) -------------
2023-02-09 18:36:30,371 (context:294) WARNING: No val_data or val_loader in the trainer, will skip evaluation.If this is not the case you want, please check whether there is typo for the name
2023-02-09 18:36:30,752 (context:294) WARNING: No val_data or val_loader in the trainer, will skip evaluation.If this is not the case you want, please check whether there is typo for the name
2023-02-09 18:36:31,145 (context:294) WARNING: No val_data or val_loader in the trainer, will skip evaluation.If this is not the case you want, please check whether there is typo for the name
2023-02-09 18:36:31,657 (context:294) WARNING: No val_data or val_loader in the trainer, will skip evaluation.If this is not the case you want, please check whether there is typo for the name
2023-02-09 18:36:32,146 (context:294) WARNING: No val_data or val_loader in the trainer, will skip evaluation.If this is not the case you want, please check whether there is typo for the name
2023-02-09 18:36:32,759 (context:294) WARNING: No val_data or val_loader in the trainer, will skip evaluation.If this is not the case you want, please check whether there is typo for the name
2023-02-09 18:36:33,405 (context:294) WARNING: No val_data or val_loader in the trainer, will skip evaluation.If this is not the case you want, please check whether there is typo for the name
2023-02-09 18:36:33,748 (context:294) WARNING: No val_data or val_loader in the trainer, will skip evaluation.If this is not the case you want, please check whether there is typo for the name
2023-02-09 18:36:34,345 (context:294) WARNING: No val_data or val_loader in the trainer, will skip evaluation.If this is not the case you want, please check whether there is typo for the name
