2023-02-15 14:59:17,563 (logging:124) INFO: the current machine is at 192.168.0.1
2023-02-15 14:59:17,563 (logging:126) INFO: the current dir is /home/ubuntu/medscale
2023-02-15 14:59:17,563 (logging:127) INFO: the output dir is exp/Ditto_vit_on_lung_lr0.01_lstep1
2023-02-15 14:59:25,587 (cfg_data:145) WARNING: config `cfg.data.batch_size` will be removed in the future, use `cfg.dataloader.batch_size` instead.
2023-02-15 14:59:25,587 (cfg_data:145) WARNING: config `cfg.data.batch_size` will be removed in the future, use `cfg.dataloader.batch_size` instead.
2023-02-15 14:59:25,610 (config:243) INFO: the used configs are: 
aggregator:
  inside_weight: 1.0
  num_agg_groups: 1
  num_agg_topk: []
  outside_weight: 0.0
asyn:
  use: False
attack:
  alpha_TV: 0.001
  alpha_prop_loss: 0
  attack_method: 
  attacker_id: -1
  classifier_PIA: randomforest
  edge_num: 100
  edge_path: edge_data/
  freq: 10
  info_diff_type: l2
  inject_round: 0
  insert_round: 100000
  label_type: dirty
  max_ite: 400
  mean: [0.1307]
  mia_is_simulate_in: False
  mia_simulate_in_round: 20
  pgd_eps: 2
  pgd_lr: 0.1
  pgd_poisoning: False
  poison_ratio: 0.5
  reconstruct_lr: 0.01
  reconstruct_optim: Adam
  scale_para: 1.0
  scale_poisoning: False
  self_epoch: 6
  self_lr: 0.05
  self_opt: False
  setting: fix
  std: [0.3081]
  target_label_ind: -1
  trigger_path: trigger/
  trigger_type: edge
backend: torch
cfg_file: 
check_completeness: False
criterion:
  type: CrossEntropyLoss
data:
  args: []
  batch_size: 16
  cSBM_phi: [0.5, 0.5, 0.5]
  cache_dir: 
  consistent_label_distribution: False
  drop_last: False
  hetero_data_name: []
  hetero_synth_batch_size: 32
  hetero_synth_feat_dim: 128
  hetero_synth_prim_weight: 0.5
  is_debug: False
  loader: 
  max_query_len: 128
  max_seq_len: 384
  max_tgt_len: 128
  num_contrast: 0
  num_of_client_for_data: []
  num_steps: 30
  num_workers: 0
  pre_transform: []
  quadratic:
    dim: 1
    max_curv: 12.5
    min_curv: 0.02
  root: data/
  save_data: False
  server_holds_all: False
  shuffle: True
  sizes: [10, 5]
  splits: [0.8, 0, 0.2]
  splitter: lda
  splitter_args: [{'alpha': 0.2}]
  subsample: 1.0
  target_transform: []
  test_pre_transform: []
  test_target_transform: []
  test_transform: []
  transform: []
  trunc_stride: 128
  type: lung
  val_pre_transform: []
  val_target_transform: []
  val_transform: []
  walk_length: 2
dataloader:
  batch_size: 16
  drop_last: False
  num_steps: 30
  num_workers: 0
  pin_memory: False
  shuffle: True
  sizes: [10, 5]
  theta: -1
  type: base
  walk_length: 2
device: 0
distribute:
  use: False
early_stop:
  delta: 0.0
  improve_indicator_mode: best
  patience: 5
eval:
  best_res_update_round_wise_key: test_loss
  count_flops: True
  freq: 1
  metrics: ['acc', 'correct', 'f1']
  monitoring: []
  report: ['weighted_avg', 'avg', 'fairness', 'raw']
  split: ['test', 'val']
expname: Ditto_vit_on_lung_lr0.01_lstep1
expname_tag: 
feat_engr:
  num_bins: 5
  scenario: hfl
  secure:
    dp:
      
    encrypt:
      type: dummy
    key_size: 3072
    type: encrypt
  selec_threshold: 0.05
  selec_woe_binning: quantile
  type: 
federate:
  atc_load_from: 
  atc_vanilla: False
  client_num: 10
  data_weighted_aggr: False
  ignore_weight: False
  join_in_info: []
  make_global_eval: False
  merge_test_data: False
  method: Ditto
  mode: standalone
  online_aggr: True
  resource_info_file: 
  restore_from: 
  sample_client_num: 10
  sample_client_rate: -1.0
  sampler: uniform
  save_to: 
  share_local_model: False
  total_round_num: 10
  unseen_clients_rate: 0.0
  use_diff: False
  use_ss: False
fedopt:
  use: False
fedprox:
  use: False
fedsageplus:
  a: 1.0
  b: 1.0
  c: 1.0
  fedgen_epoch: 200
  gen_hidden: 128
  hide_portion: 0.5
  loc_epoch: 1
  num_pred: 5
finetune:
  batch_or_epoch: epoch
  before_eval: False
  freeze_param: 
  local_update_steps: 1
  optimizer:
    lr: 0.1
    type: SGD
  scheduler:
    type: 
    warmup_ratio: 0.0
flitplus:
  factor_ema: 0.8
  lambdavat: 0.5
  tmpFed: 0.5
  weightReg: 1.0
gcflplus:
  EPS_1: 0.05
  EPS_2: 0.1
  seq_length: 5
  standardize: False
grad:
  grad_accum_count: 1
  grad_clip: 5.0
hpo:
  fedex:
    cutoff: 0.0
    diff: False
    eta0: -1.0
    flatten_ss: True
    gamma: 0.0
    pi_lr: 0.01
    psn: False
    sched: auto
    ss: 
    use: False
  init_cand_num: 16
  larger_better: False
  metric: client_summarized_weighted_avg.val_loss
  num_workers: 0
  pbt:
    max_stage: 5
    perf_threshold: 0.1
  scheduler: rs
  sha:
    budgets: []
    elim_rate: 3
    iter: 0
  ss: 
  table:
    eps: 0.1
    idx: 0
    num: 27
  working_folder: hpo
model:
  contrast_temp: 1.0
  contrast_topk: 100
  downstream_tasks: []
  dropout: 0.0
  embed_size: 8
  gamma: 0
  graph_pooling: mean
  hidden: 2048
  in_channels: 0
  input_shape: ()
  label_smoothing: 0.1
  lambda_: 0.1
  layer: 2
  length_penalty: 2.0
  max_answer_len: 30
  max_length: 200
  max_tree_depth: 3
  min_length: 1
  model_num_per_trainer: 1
  model_type: google/bert_uncased_L-2_H-128_A-2
  n_best_size: 20
  no_repeat_ngram_size: 3
  null_score_diff_threshold: 0.0
  num_beams: 5
  num_item: 0
  num_labels: 1
  num_of_trees: 10
  num_user: 0
  out_channels: 3
  pretrain_tasks: []
  stage: 
  task: node
  type: vit
  use_bias: True
  use_contrastive_loss: False
nbafl:
  use: False
outdir: exp/Ditto_vit_on_lung_lr0.01_lstep1
personalization:
  K: 5
  beta: 1.0
  local_param: []
  local_update_steps: 1
  lr: 0.5
  regular_weight: 1.0
  share_non_trainable_para: False
print_decimal_digits: 6
regularizer:
  mu: 0.0
  type: 
seed: 2
sgdmf:
  use: False
train:
  batch_or_epoch: epoch
  local_update_steps: 1
  optimizer:
    lr: 0.01
    type: SGD
    weight_decay: 0.0
  scheduler:
    type: 
    warmup_ratio: 0.0
trainer:
  disp_freq: 50
  local_entropy:
    alpha: 0.75
    eps: 0.001
    gamma: 0.0001
  sam:
    adaptive: False
    eta: 0.0
    rho: 1.0
  type: cvtrainer
  val_freq: 100000000
use_gpu: True
verbose: 1
vertical:
  use: False
wandb:
  use: False
2023-02-15 14:59:25,691 (utils:144) INFO: The device information file is not provided
2023-02-15 14:59:26,156 (fed_runner:169) INFO: Server has been set up ... 
2023-02-15 14:59:26,679 (context:228) WARNING: cur_split `None` not found in data_split, will use `train` split to calculate `ctx.var`.
2023-02-15 14:59:26,757 (fed_runner:221) INFO: Client 1 has been set up ... 
2023-02-15 14:59:27,259 (context:228) WARNING: cur_split `None` not found in data_split, will use `train` split to calculate `ctx.var`.
2023-02-15 14:59:27,334 (fed_runner:221) INFO: Client 2 has been set up ... 
2023-02-15 14:59:28,021 (context:228) WARNING: cur_split `None` not found in data_split, will use `train` split to calculate `ctx.var`.
2023-02-15 14:59:28,097 (fed_runner:221) INFO: Client 3 has been set up ... 
2023-02-15 14:59:28,653 (context:228) WARNING: cur_split `None` not found in data_split, will use `train` split to calculate `ctx.var`.
2023-02-15 14:59:28,728 (fed_runner:221) INFO: Client 4 has been set up ... 
2023-02-15 14:59:29,201 (context:228) WARNING: cur_split `None` not found in data_split, will use `train` split to calculate `ctx.var`.
2023-02-15 14:59:29,276 (fed_runner:221) INFO: Client 5 has been set up ... 
2023-02-15 14:59:29,836 (context:228) WARNING: cur_split `None` not found in data_split, will use `train` split to calculate `ctx.var`.
2023-02-15 14:59:29,911 (fed_runner:221) INFO: Client 6 has been set up ... 
2023-02-15 14:59:30,373 (context:228) WARNING: cur_split `None` not found in data_split, will use `train` split to calculate `ctx.var`.
2023-02-15 14:59:30,448 (fed_runner:221) INFO: Client 7 has been set up ... 
2023-02-15 14:59:30,925 (context:228) WARNING: cur_split `None` not found in data_split, will use `train` split to calculate `ctx.var`.
2023-02-15 14:59:31,000 (fed_runner:221) INFO: Client 8 has been set up ... 
2023-02-15 14:59:31,715 (context:228) WARNING: cur_split `None` not found in data_split, will use `train` split to calculate `ctx.var`.
2023-02-15 14:59:31,790 (fed_runner:221) INFO: Client 9 has been set up ... 
2023-02-15 14:59:32,262 (context:228) WARNING: cur_split `None` not found in data_split, will use `train` split to calculate `ctx.var`.
2023-02-15 14:59:32,336 (fed_runner:221) INFO: Client 10 has been set up ... 
<<<<<<< HEAD
2023-02-15 14:59:32,336 (trainer:341) INFO: Model meta-info: <class 'medscale.contrib.model.VIT2.HAT_Net'>.
=======
<<<<<<< HEAD
2023-02-15 14:59:32,336 (trainer:341) INFO: Model meta-info: <class 'medscale.contrib.model.VIT2.HAT_Net'>.
=======
2023-02-15 14:59:32,336 (trainer:341) INFO: Model meta-info: <class 'medscale.contrib.model.VIT2.HAT_Net'>.
>>>>>>> fe4962455354c9c11afd9c9806ceda28eb280737
>>>>>>> 64b283ee525ef53c32509882719e74890329b83f
2023-02-15 14:59:32,341 (trainer:349) INFO: Num of original para names: 290.
2023-02-15 14:59:32,342 (trainer:350) INFO: Num of original trainable para names: 290.
2023-02-15 14:59:32,342 (trainer:352) INFO: Num of preserved para names in local update: 290. 
Preserved para names in local update: {'blocks.1.1.conv.conv1.0.bias', 'blocks.2.0.conv.conv3.1.bias', 'blocks.2.2.attn.proj_norm.weight', 'blocks.2.4.conv.conv1.0.bias', 'blocks.0.0.attn.norm.weight', 'blocks.3.2.conv.conv3.0.weight', 'blocks.2.5.conv.conv1.1.weight', 'blocks.1.0.conv.conv3.1.weight', 'ds2.conv.bias', 'blocks.3.1.conv.conv1.1.weight', 'blocks.2.3.attn.norm.bias', 'blocks.0.1.conv.conv1.1.weight', 'classifier.1.weight', 'blocks.0.0.conv.conv3.1.bias', 'blocks.2.2.attn.proj.bias', 'blocks.2.1.conv.conv1.1.weight', 'blocks.2.2.conv.conv1.0.bias', 'blocks.2.5.conv.conv3.1.bias', 'blocks.0.2.conv.conv1.0.bias', 'blocks.2.4.conv.conv1.0.weight', 'blocks.2.3.attn.proj.bias', 'ds2.conv.weight', 'blocks.1.2.attn.proj_norm.bias', 'blocks.1.0.conv.conv3.0.weight', 'blocks.2.6.attn.proj.bias', 'blocks.1.2.attn.qkv.weight', 'blocks.2.7.conv.conv3.1.weight', 'blocks.3.0.conv.conv1.0.weight', 'blocks.0.1.attn.qkv.bias', 'blocks.3.0.conv.conv1.1.weight', 'blocks.0.0.conv.conv1.0.weight', 'blocks.1.3.attn.proj_norm.bias', 'blocks.1.3.attn.proj.weight', 'blocks.1.3.conv.conv3.1.weight', 'blocks.3.1.attn.proj_norm.weight', 'patch_embed.0.weight', 'blocks.2.6.conv.conv2.0.weight', 'blocks.1.0.conv.conv3.1.bias', 'blocks.1.1.conv.conv3.0.weight', 'blocks.1.1.conv.conv1.1.weight', 'blocks.1.2.attn.norm.bias', 'blocks.2.1.conv.conv1.0.weight', 'blocks.2.0.conv.conv3.1.weight', 'blocks.2.1.conv.conv3.0.weight', 'blocks.2.5.conv.conv3.1.weight', 'blocks.2.6.conv.conv1.0.bias', 'blocks.1.3.attn.proj_norm.weight', 'blocks.1.1.attn.proj.bias', 'blocks.3.0.attn.qkv.bias', 'blocks.3.2.attn.proj_norm.weight', 'blocks.0.1.conv.conv3.1.weight', 'blocks.2.1.attn.proj_norm.weight', 'blocks.2.6.attn.qkv.bias', 'blocks.1.2.conv.conv3.1.weight', 'blocks.2.7.attn.proj_norm.bias', 'blocks.2.4.attn.proj.bias', 'blocks.0.2.attn.proj.bias', 'blocks.1.2.attn.qkv.bias', 'blocks.2.6.conv.conv1.0.weight', 'blocks.3.0.conv.conv3.0.weight', 'blocks.1.2.conv.conv3.1.bias', 'ds2.norm.weight', 'blocks.2.4.attn.proj_norm.bias', 'blocks.2.7.attn.proj.bias', 'blocks.2.2.conv.conv1.0.weight', 'blocks.2.3.attn.proj.weight', 'blocks.0.2.conv.conv3.1.bias', 'blocks.3.0.attn.proj_norm.weight', 'blocks.2.4.conv.conv3.1.weight', 'blocks.2.3.conv.conv1.0.weight', 'blocks.1.3.conv.conv1.1.weight', 'blocks.1.0.conv.conv2.0.weight', 'blocks.2.0.conv.conv1.0.weight', 'blocks.0.1.conv.conv3.0.weight', 'blocks.1.2.attn.proj.weight', 'blocks.2.0.attn.proj.bias', 'blocks.2.1.conv.conv3.1.bias', 'blocks.2.5.attn.proj.weight', 'blocks.2.7.conv.conv1.0.bias', 'blocks.0.0.attn.qkv.bias', 'blocks.3.1.conv.conv2.0.weight', 'blocks.0.2.conv.conv2.0.weight', 'ds4.conv.bias', 'blocks.0.0.attn.qkv.weight', 'blocks.2.4.attn.qkv.bias', 'blocks.2.4.attn.norm.bias', 'blocks.3.1.conv.conv3.1.weight', 'blocks.0.0.attn.proj.bias', 'blocks.2.2.conv.conv1.1.weight', 'blocks.2.6.conv.conv3.0.weight', 'blocks.2.7.conv.conv2.0.weight', 'blocks.3.0.attn.proj.weight', 'blocks.3.0.attn.proj.bias', 'blocks.3.2.attn.proj_norm.bias', 'blocks.0.0.conv.conv2.0.weight', 'patch_embed.1.weight', 'blocks.2.7.attn.norm.bias', 'blocks.1.2.attn.proj_norm.weight', 'patch_embed.3.bias', 'blocks.3.2.conv.conv1.0.weight', 'blocks.0.1.conv.conv1.0.bias', 'blocks.2.3.attn.proj_norm.bias', 'blocks.2.7.conv.conv1.0.weight', 'blocks.0.0.conv.conv3.1.weight', 'blocks.2.3.conv.conv3.1.weight', 'blocks.2.0.attn.norm.weight', 'blocks.2.4.attn.proj.weight', 'blocks.1.3.attn.proj.bias', 'blocks.1.1.attn.proj_norm.weight', 'blocks.2.0.attn.qkv.weight', 'blocks.2.4.attn.norm.weight', 'blocks.2.5.attn.qkv.weight', 'blocks.3.2.conv.conv1.1.weight', 'ds3.conv.bias', 'blocks.2.5.conv.conv2.0.weight', 'blocks.3.2.attn.qkv.weight', 'blocks.2.1.attn.proj_norm.bias', 'blocks.3.2.attn.norm.bias', 'blocks.0.2.attn.proj.weight', 'blocks.0.0.conv.conv3.0.weight', 'blocks.0.1.conv.conv3.1.bias', 'blocks.1.2.conv.conv1.1.weight', 'blocks.1.3.conv.conv1.0.weight', 'blocks.2.3.conv.conv3.1.bias', 'blocks.3.0.conv.conv3.1.weight', 'blocks.3.2.attn.norm.weight', 'blocks.2.6.attn.proj_norm.bias', 'blocks.2.2.attn.norm.bias', 'blocks.2.6.conv.conv3.1.bias', 'blocks.2.7.conv.conv3.0.weight', 'blocks.3.0.attn.proj_norm.bias', 'blocks.3.0.attn.qkv.weight', 'blocks.0.2.attn.qkv.weight', 'blocks.0.2.conv.conv3.0.weight', 'blocks.2.3.attn.norm.weight', 'blocks.2.3.conv.conv1.0.bias', 'blocks.2.5.attn.norm.weight', 'blocks.1.1.conv.conv3.1.bias', 'blocks.0.2.conv.conv3.1.weight', 'blocks.2.2.attn.proj_norm.bias', 'patch_embed.0.bias', 'blocks.0.2.conv.conv1.0.weight', 'blocks.0.1.attn.norm.bias', 'blocks.0.2.attn.norm.bias', 'blocks.1.2.attn.norm.weight', 'blocks.1.1.attn.proj_norm.bias', 'blocks.1.2.attn.proj.bias', 'blocks.2.0.attn.proj_norm.weight', 'blocks.1.0.attn.proj_norm.bias', 'blocks.2.1.conv.conv2.0.weight', 'blocks.1.3.conv.conv3.0.weight', 'blocks.2.6.attn.proj.weight', 'blocks.2.6.attn.proj_norm.weight', 'blocks.2.0.conv.conv3.0.weight', 'blocks.1.0.attn.norm.bias', 'blocks.0.1.attn.qkv.weight', 'blocks.3.0.conv.conv1.0.bias', 'blocks.2.4.attn.qkv.weight', 'blocks.3.1.attn.proj_norm.bias', 'blocks.0.0.attn.proj_norm.bias', 'blocks.2.7.conv.conv3.1.bias', 'blocks.0.1.attn.proj_norm.bias', 'blocks.2.2.conv.conv3.1.weight', 'blocks.2.3.attn.proj_norm.weight', 'blocks.0.2.attn.proj_norm.bias', 'blocks.1.0.attn.qkv.weight', 'blocks.3.0.conv.conv3.1.bias', 'blocks.1.3.conv.conv1.0.bias', 'blocks.3.2.conv.conv1.0.bias', 'blocks.2.0.attn.proj_norm.bias', 'blocks.1.0.attn.norm.weight', 'blocks.2.5.attn.proj_norm.weight', 'ds2.norm.bias', 'blocks.2.5.attn.proj.bias', 'blocks.1.3.attn.qkv.weight', 'blocks.2.3.conv.conv1.1.weight', 'blocks.1.2.conv.conv1.0.weight', 'blocks.0.0.attn.norm.bias', 'blocks.2.0.conv.conv2.0.weight', 'classifier.1.bias', 'blocks.1.2.conv.conv1.0.bias', 'blocks.1.1.attn.qkv.weight', 'blocks.2.0.conv.conv1.0.bias', 'blocks.2.7.attn.proj.weight', 'blocks.3.0.attn.norm.weight', 'blocks.2.6.attn.qkv.weight', 'blocks.3.0.conv.conv2.0.weight', 'blocks.1.1.attn.norm.bias', 'blocks.3.1.attn.qkv.bias', 'blocks.3.2.conv.conv3.1.bias', 'blocks.2.5.attn.norm.bias', 'blocks.2.5.attn.qkv.bias', 'blocks.3.1.conv.conv1.0.weight', 'blocks.2.3.conv.conv3.0.weight', 'blocks.2.2.attn.qkv.weight', 'blocks.2.4.attn.proj_norm.weight', 'blocks.2.0.attn.norm.bias', 'blocks.2.5.conv.conv1.0.bias', 'patch_embed.1.bias', 'blocks.0.1.attn.proj.weight', 'blocks.2.2.attn.proj.weight', 'blocks.1.0.attn.proj.bias', 'blocks.1.1.conv.conv3.1.weight', 'blocks.1.1.attn.norm.weight', 'blocks.2.4.conv.conv2.0.weight', 'blocks.1.3.attn.qkv.bias', 'blocks.3.1.attn.proj.weight', 'blocks.2.6.conv.conv3.1.weight', 'blocks.1.3.conv.conv2.0.weight', 'blocks.1.3.attn.norm.weight', 'blocks.2.2.conv.conv3.1.bias', 'blocks.2.5.conv.conv1.0.weight', 'blocks.2.7.attn.qkv.bias', 'blocks.0.1.conv.conv2.0.weight', 'blocks.3.2.attn.proj.weight', 'blocks.2.1.conv.conv3.1.weight', 'blocks.1.3.conv.conv3.1.bias', 'blocks.3.1.attn.norm.bias', 'ds4.norm.weight', 'blocks.2.1.conv.conv1.0.bias', 'blocks.2.6.attn.norm.weight', 'blocks.3.1.attn.norm.weight', 'blocks.2.4.conv.conv3.1.bias', 'blocks.0.2.attn.qkv.bias', 'blocks.0.2.attn.norm.weight', 'blocks.1.1.conv.conv1.0.weight', 'blocks.1.1.conv.conv2.0.weight', 'blocks.2.7.conv.conv1.1.weight', 'blocks.3.1.conv.conv1.0.bias', 'blocks.1.0.attn.proj_norm.weight', 'blocks.2.3.attn.qkv.bias', 'blocks.3.1.attn.qkv.weight', 'blocks.2.0.conv.conv1.1.weight', 'blocks.2.3.conv.conv2.0.weight', 'blocks.1.1.attn.proj.weight', 'blocks.1.2.conv.conv3.0.weight', 'blocks.0.0.attn.proj.weight', 'blocks.0.0.attn.proj_norm.weight', 'blocks.2.1.attn.qkv.weight', 'blocks.0.1.attn.norm.weight', 'blocks.2.0.attn.qkv.bias', 'blocks.2.5.attn.proj_norm.bias', 'blocks.2.6.conv.conv1.1.weight', 'blocks.2.0.attn.proj.weight', 'blocks.2.1.attn.proj.weight', 'blocks.3.1.attn.proj.bias', 'blocks.3.2.conv.conv2.0.weight', 'blocks.0.0.conv.conv1.0.bias', 'blocks.0.1.attn.proj_norm.weight', 'blocks.2.7.attn.qkv.weight', 'blocks.2.7.attn.norm.weight', 'blocks.1.3.attn.norm.bias', 'blocks.3.0.attn.norm.bias', 'ds3.norm.weight', 'patch_embed.3.weight', 'blocks.2.4.conv.conv3.0.weight', 'ds4.norm.bias', 'ds3.norm.bias', 'blocks.0.0.conv.conv1.1.weight', 'blocks.1.2.conv.conv2.0.weight', 'blocks.3.2.attn.qkv.bias', 'blocks.2.2.attn.norm.weight', 'blocks.1.0.conv.conv1.0.weight', 'blocks.3.1.conv.conv3.1.bias', 'blocks.1.0.attn.proj.weight', 'blocks.3.2.attn.proj.bias', 'blocks.1.0.conv.conv1.1.weight', 'blocks.1.1.attn.qkv.bias', 'blocks.1.0.attn.qkv.bias', 'blocks.2.1.attn.norm.bias', 'blocks.2.2.attn.qkv.bias', 'blocks.2.5.conv.conv3.0.weight', 'blocks.2.2.conv.conv3.0.weight', 'ds4.conv.weight', 'blocks.2.3.attn.qkv.weight', 'blocks.2.4.conv.conv1.1.weight', 'blocks.2.2.conv.conv2.0.weight', 'blocks.3.2.conv.conv3.1.weight', 'ds3.conv.weight', 'blocks.0.2.conv.conv1.1.weight', 'blocks.2.6.attn.norm.bias', 'blocks.2.1.attn.norm.weight', 'blocks.2.1.attn.qkv.bias', 'blocks.0.2.attn.proj_norm.weight', 'blocks.2.7.attn.proj_norm.weight', 'blocks.3.1.conv.conv3.0.weight', 'blocks.1.0.conv.conv1.0.bias', 'blocks.0.1.attn.proj.bias', 'blocks.0.1.conv.conv1.0.weight', 'blocks.2.1.attn.proj.bias'}.
2023-02-15 14:59:32,347 (trainer:356) INFO: Num of filtered para names in local update: 0. 
Filtered para names in local update: set().
2023-02-15 14:59:32,347 (trainer:361) INFO: After register default hooks,
	the hooks_in_train is:
	{
	  "on_fit_start": [
	    "_hook_on_fit_start_set_regularized_para",
	    "_hook_on_fit_start_init",
	    "_hook_on_fit_start_calculate_model_size",
	    "_hook_on_fit_start_clean"
	  ],
	  "on_epoch_start": [
	    "_hook_on_epoch_start"
	  ],
	  "on_batch_start": [
	    "_hook_on_batch_start_switch_model",
	    "_hook_on_batch_start_init"
	  ],
	  "on_batch_forward": [
	    "_hook_on_batch_forward",
	    "_hook_on_batch_forward_regularizer",
	    "_hook_on_batch_forward_flop_count",
	    "_hook_on_batch_forward_cnt_num"
	  ],
	  "on_batch_backward": [
	    "_hook_on_batch_backward"
	  ],
	  "on_batch_end": [
	    "_hook_on_batch_end",
	    "_hook_on_batch_end_flop_count"
	  ],
	  "on_fit_end": [
	    "_hook_on_fit_end",
	    "_hook_on_fit_end_calibrate",
	    "_hook_on_fit_end_free_cuda"
	  ]
	};
	the hooks_in_eval is:
            t{
	  "on_fit_start": [
	    "_hook_on_fit_start_switch_local_model",
	    "_hook_on_fit_start_init"
	  ],
	  "on_epoch_start": [
	    "_hook_on_epoch_start"
	  ],
	  "on_batch_start": [
	    "_hook_on_batch_start_init"
	  ],
	  "on_batch_forward": [
	    "_hook_on_batch_forward"
	  ],
	  "on_batch_end": [
	    "_hook_on_batch_end"
	  ],
	  "on_fit_end": [
	    "_hook_on_fit_end",
	    "_hook_on_fit_end_switch_global_model",
	    "_hook_on_fit_end_free_cuda"
	  ]
	}
2023-02-15 14:59:32,431 (server:804) INFO: ----------- Starting training (Round #0) -------------
2023-02-15 14:59:39,693 (client:306) INFO: {'Role': 'Client #5', 'Round': 0, 'Results_raw': {'train_total': 137, 'train_avg_loss': 0.652633, 'train_loss': 178.821562, 'train_acc': 0.759124, 'train_f1': 0.308423, 'train_correct': 208.0, 'train_total_local_model': 137}}
2023-02-15 14:59:47,498 (client:306) INFO: {'Role': 'Client #3', 'Round': 0, 'Results_raw': {'train_total': 298, 'train_avg_loss': 0.112317, 'train_loss': 66.940643, 'train_acc': 0.95302, 'train_f1': 0.325315, 'train_correct': 568.0, 'train_total_local_model': 298}}
2023-02-15 14:59:48,193 (client:306) INFO: {'Role': 'Client #10', 'Round': 0, 'Results_raw': {'train_total': 3, 'train_avg_loss': 1.104387, 'train_loss': 6.626321, 'train_acc': 0.333333, 'train_f1': 0.190476, 'train_correct': 2.0, 'train_total_local_model': 3}}
2023-02-15 14:59:50,494 (client:306) INFO: {'Role': 'Client #6', 'Round': 0, 'Results_raw': {'train_total': 68, 'train_avg_loss': 0.529346, 'train_loss': 71.991102, 'train_acc': 0.772059, 'train_f1': 0.330137, 'train_correct': 105.0, 'train_total_local_model': 68}}
2023-02-15 14:59:58,437 (client:306) INFO: {'Role': 'Client #2', 'Round': 0, 'Results_raw': {'train_total': 290, 'train_avg_loss': 0.098881, 'train_loss': 57.351243, 'train_acc': 0.951724, 'train_f1': 0.325088, 'train_correct': 552.0, 'train_total_local_model': 290}}
2023-02-15 14:59:59,589 (client:306) INFO: {'Role': 'Client #7', 'Round': 0, 'Results_raw': {'train_total': 21, 'train_avg_loss': 0.9608, 'train_loss': 40.353585, 'train_acc': 0.380952, 'train_f1': 0.183908, 'train_correct': 16.0, 'train_total_local_model': 21}}
2023-02-15 15:00:00,703 (client:306) INFO: {'Role': 'Client #8', 'Round': 0, 'Results_raw': {'train_total': 20, 'train_avg_loss': 1.081498, 'train_loss': 43.259904, 'train_acc': 0.375, 'train_f1': 0.185185, 'train_correct': 15.0, 'train_total_local_model': 20}}
2023-02-15 15:00:01,521 (client:306) INFO: {'Role': 'Client #1', 'Round': 0, 'Results_raw': {'train_total': 7, 'train_avg_loss': 1.075597, 'train_loss': 15.058354, 'train_acc': 0.214286, 'train_f1': 0.117647, 'train_correct': 3.0, 'train_total_local_model': 7}}
2023-02-15 15:00:02,886 (client:306) INFO: {'Role': 'Client #9', 'Round': 0, 'Results_raw': {'train_total': 32, 'train_avg_loss': 0.517723, 'train_loss': 33.134275, 'train_acc': 0.78125, 'train_f1': 0.294985, 'train_correct': 50.0, 'train_total_local_model': 32}}
2023-02-15 15:00:03,571 (client:306) INFO: {'Role': 'Client #4', 'Round': 0, 'Results_raw': {'train_total': 1, 'train_avg_loss': 1.274338, 'train_loss': 2.548676, 'train_acc': 0.0, 'train_f1': 0.0, 'train_correct': 0.0, 'train_total_local_model': 1}}
2023-02-15 15:00:03,630 (monitor:541) INFO: {'Role': 'Server #', 'Round': 0, 'Results_model_metric': {}}
2023-02-15 15:00:03,659 (server:330) INFO: Server: Starting evaluation at the end of round 0.
2023-02-15 15:00:03,673 (server:336) INFO: ----------- Starting a new training round (Round #1) -------------
2023-02-15 15:00:03,914 (context:294) WARNING: No val_data or val_loader in the trainer, will skip evaluation.If this is not the case you want, please check whether there is typo for the name
2023-02-15 15:00:04,141 (context:294) WARNING: No val_data or val_loader in the trainer, will skip evaluation.If this is not the case you want, please check whether there is typo for the name
2023-02-15 15:00:04,592 (context:294) WARNING: No val_data or val_loader in the trainer, will skip evaluation.If this is not the case you want, please check whether there is typo for the name
2023-02-15 15:00:05,380 (context:294) WARNING: No val_data or val_loader in the trainer, will skip evaluation.If this is not the case you want, please check whether there is typo for the name
2023-02-15 15:00:05,585 (context:294) WARNING: No val_data or val_loader in the trainer, will skip evaluation.If this is not the case you want, please check whether there is typo for the name
2023-02-15 15:00:05,932 (context:294) WARNING: No val_data or val_loader in the trainer, will skip evaluation.If this is not the case you want, please check whether there is typo for the name
2023-02-15 15:00:06,122 (context:294) WARNING: No val_data or val_loader in the trainer, will skip evaluation.If this is not the case you want, please check whether there is typo for the name
2023-02-15 15:00:06,303 (context:294) WARNING: No val_data or val_loader in the trainer, will skip evaluation.If this is not the case you want, please check whether there is typo for the name
2023-02-15 15:00:06,756 (context:294) WARNING: No val_data or val_loader in the trainer, will skip evaluation.If this is not the case you want, please check whether there is typo for the name
2023-02-15 15:00:06,959 (context:294) WARNING: No val_data or val_loader in the trainer, will skip evaluation.If this is not the case you want, please check whether there is typo for the name
2023-02-15 15:00:06,961 (server:590) INFO: {'Role': 'Server #', 'Round': 0, 'Results_weighted_avg': {'test_total': 22.0, 'test_avg_loss': 2.618043, 'test_loss': 104.137902, 'test_acc': 0.286364, 'test_f1': 0.18354, 'test_correct': 6.3}, 'Results_avg': {'test_total': 22.0, 'test_avg_loss': 3.036128, 'test_loss': 57.596952, 'test_acc': 0.228506, 'test_f1': 0.158122, 'test_correct': 6.3}, 'Results_fairness': {'test_total': 22.0, 'test_correct': 6.3, 'test_avg_loss_std': 1.680538, 'test_avg_loss_bottom_decile': 1.354516, 'test_avg_loss_top_decile': 6.24361, 'test_avg_loss_min': 0.951914, 'test_avg_loss_max': 6.24361, 'test_avg_loss_bottom10%': 0.951914, 'test_avg_loss_top10%': 6.24361, 'test_avg_loss_cos1': 0.874915, 'test_avg_loss_entropy': 2.151728, 'test_loss_std': 54.262779, 'test_loss_bottom_decile': 9.590884, 'test_loss_top_decile': 203.126259, 'test_loss_min': 7.615314, 'test_loss_max': 203.126259, 'test_loss_bottom10%': 7.615314, 'test_loss_top10%': 203.126259, 'test_loss_cos1': 0.72786, 'test_loss_entropy': 1.940293, 'test_acc_std': 0.293552, 'test_acc_bottom_decile': 0.0, 'test_acc_top_decile': 0.771429, 'test_acc_min': 0.0, 'test_acc_max': 0.771429, 'test_acc_bottom10%': 0.0, 'test_acc_top10%': 0.771429, 'test_acc_cos1': 0.614256, 'test_acc_entropy': 1.417589, 'test_f1_std': 0.20311, 'test_f1_bottom_decile': 0.0, 'test_f1_top_decile': 0.533333, 'test_f1_min': 0.0, 'test_f1_max': 0.533333, 'test_f1_bottom10%': 0.0, 'test_f1_top10%': 0.533333, 'test_f1_cos1': 0.614297, 'test_f1_entropy': 1.420574}}
2023-02-15 15:00:07,758 (client:306) INFO: {'Role': 'Client #8', 'Round': 1, 'Results_raw': {'train_total': 20, 'train_avg_loss': 0.56631, 'train_loss': 22.652411, 'train_acc': 0.875, 'train_f1': 0.448148, 'train_correct': 35.0, 'train_total_local_model': 20}}
2023-02-15 15:00:08,154 (client:306) INFO: {'Role': 'Client #4', 'Round': 1, 'Results_raw': {'train_total': 1, 'train_avg_loss': 0.61831, 'train_loss': 1.23662, 'train_acc': 0.5, 'train_f1': 0.333333, 'train_correct': 1.0, 'train_total_local_model': 1}}
2023-02-15 15:00:11,894 (client:306) INFO: {'Role': 'Client #5', 'Round': 1, 'Results_raw': {'train_total': 137, 'train_avg_loss': 0.565096, 'train_loss': 154.836326, 'train_acc': 0.80292, 'train_f1': 0.508961, 'train_correct': 220.0, 'train_total_local_model': 137}}
2023-02-15 15:00:12,315 (client:306) INFO: {'Role': 'Client #10', 'Round': 1, 'Results_raw': {'train_total': 3, 'train_avg_loss': 1.184736, 'train_loss': 7.108413, 'train_acc': 0.5, 'train_f1': 0.522222, 'train_correct': 3.0, 'train_total_local_model': 3}}
2023-02-15 15:00:14,371 (client:306) INFO: {'Role': 'Client #6', 'Round': 1, 'Results_raw': {'train_total': 68, 'train_avg_loss': 0.694449, 'train_loss': 94.445086, 'train_acc': 0.838235, 'train_f1': 0.304, 'train_correct': 114.0, 'train_total_local_model': 68}}
2023-02-15 15:00:21,990 (client:306) INFO: {'Role': 'Client #3', 'Round': 1, 'Results_raw': {'train_total': 298, 'train_avg_loss': 0.064189, 'train_loss': 38.256522, 'train_acc': 0.993289, 'train_f1': 0.498316, 'train_correct': 592.0, 'train_total_local_model': 298}}
2023-02-15 15:00:29,789 (client:306) INFO: {'Role': 'Client #2', 'Round': 1, 'Results_raw': {'train_total': 290, 'train_avg_loss': 0.064049, 'train_loss': 37.148238, 'train_acc': 0.97069, 'train_f1': 0.328376, 'train_correct': 563.0, 'train_total_local_model': 290}}
2023-02-15 15:00:30,863 (client:306) INFO: {'Role': 'Client #9', 'Round': 1, 'Results_raw': {'train_total': 32, 'train_avg_loss': 0.431025, 'train_loss': 27.585601, 'train_acc': 0.75, 'train_f1': 0.285714, 'train_correct': 48.0, 'train_total_local_model': 32}}
2023-02-15 15:00:31,364 (client:306) INFO: {'Role': 'Client #1', 'Round': 1, 'Results_raw': {'train_total': 7, 'train_avg_loss': 1.87801, 'train_loss': 26.292144, 'train_acc': 0.5, 'train_f1': 0.333333, 'train_correct': 7.0, 'train_total_local_model': 7}}
2023-02-15 15:00:32,228 (client:306) INFO: {'Role': 'Client #7', 'Round': 1, 'Results_raw': {'train_total': 21, 'train_avg_loss': 1.446863, 'train_loss': 60.76825, 'train_acc': 0.619048, 'train_f1': 0.254902, 'train_correct': 26.0, 'train_total_local_model': 21}}
2023-02-15 15:00:32,279 (monitor:541) INFO: {'Role': 'Server #', 'Round': 1, 'Results_model_metric': {}}
2023-02-15 15:00:32,308 (server:330) INFO: Server: Starting evaluation at the end of round 1.
2023-02-15 15:00:32,323 (server:336) INFO: ----------- Starting a new training round (Round #2) -------------
2023-02-15 15:00:32,559 (context:294) WARNING: No val_data or val_loader in the trainer, will skip evaluation.If this is not the case you want, please check whether there is typo for the name
2023-02-15 15:00:32,767 (context:294) WARNING: No val_data or val_loader in the trainer, will skip evaluation.If this is not the case you want, please check whether there is typo for the name
2023-02-15 15:00:33,196 (context:294) WARNING: No val_data or val_loader in the trainer, will skip evaluation.If this is not the case you want, please check whether there is typo for the name
2023-02-15 15:00:33,980 (context:294) WARNING: No val_data or val_loader in the trainer, will skip evaluation.If this is not the case you want, please check whether there is typo for the name
2023-02-15 15:00:34,163 (context:294) WARNING: No val_data or val_loader in the trainer, will skip evaluation.If this is not the case you want, please check whether there is typo for the name
2023-02-15 15:00:34,493 (context:294) WARNING: No val_data or val_loader in the trainer, will skip evaluation.If this is not the case you want, please check whether there is typo for the name
2023-02-15 15:00:34,661 (context:294) WARNING: No val_data or val_loader in the trainer, will skip evaluation.If this is not the case you want, please check whether there is typo for the name
2023-02-15 15:00:34,824 (context:294) WARNING: No val_data or val_loader in the trainer, will skip evaluation.If this is not the case you want, please check whether there is typo for the name
2023-02-15 15:00:35,265 (context:294) WARNING: No val_data or val_loader in the trainer, will skip evaluation.If this is not the case you want, please check whether there is typo for the name
2023-02-15 15:00:35,450 (context:294) WARNING: No val_data or val_loader in the trainer, will skip evaluation.If this is not the case you want, please check whether there is typo for the name
2023-02-15 15:00:35,452 (server:590) INFO: {'Role': 'Server #', 'Round': 1, 'Results_weighted_avg': {'test_total': 22.0, 'test_avg_loss': 4.122214, 'test_loss': 185.009769, 'test_acc': 0.272727, 'test_f1': 0.16987, 'test_correct': 6.0}, 'Results_avg': {'test_total': 22.0, 'test_avg_loss': 4.488215, 'test_loss': 90.688706, 'test_acc': 0.191006, 'test_f1': 0.120529, 'test_correct': 6.0}, 'Results_fairness': {'test_total': 22.0, 'test_correct': 6.0, 'test_avg_loss_std': 2.216935, 'test_avg_loss_bottom_decile': 1.198132, 'test_avg_loss_top_decile': 6.665768, 'test_avg_loss_min': 1.041036, 'test_avg_loss_max': 6.665768, 'test_avg_loss_bottom10%': 1.041036, 'test_avg_loss_top10%': 6.665768, 'test_avg_loss_cos1': 0.896588, 'test_avg_loss_entropy': 2.156749, 'test_loss_std': 111.528816, 'test_loss_bottom_decile': 28.120974, 'test_loss_top_decile': 409.747966, 'test_loss_min': 9.585058, 'test_loss_max': 409.747966, 'test_loss_bottom10%': 9.585058, 'test_loss_top10%': 409.747966, 'test_loss_cos1': 0.630892, 'test_loss_entropy': 1.785828, 'test_acc_std': 0.280119, 'test_acc_bottom_decile': 0.0, 'test_acc_top_decile': 0.771429, 'test_acc_min': 0.0, 'test_acc_max': 0.771429, 'test_acc_bottom10%': 0.0, 'test_acc_top10%': 0.771429, 'test_acc_cos1': 0.563369, 'test_acc_entropy': 1.309039, 'test_f1_std': 0.163554, 'test_f1_bottom_decile': 0.0, 'test_f1_top_decile': 0.435484, 'test_f1_min': 0.0, 'test_f1_max': 0.435484, 'test_f1_bottom10%': 0.0, 'test_f1_top10%': 0.435484, 'test_f1_cos1': 0.593249, 'test_f1_entropy': 1.383095}}
2023-02-15 15:00:35,832 (client:306) INFO: {'Role': 'Client #10', 'Round': 2, 'Results_raw': {'train_total': 3, 'train_avg_loss': 1.239007, 'train_loss': 7.434043, 'train_acc': 0.666667, 'train_f1': 0.666667, 'train_correct': 4.0, 'train_total_local_model': 3}}
2023-02-15 15:00:36,330 (client:306) INFO: {'Role': 'Client #1', 'Round': 2, 'Results_raw': {'train_total': 7, 'train_avg_loss': 2.112355, 'train_loss': 29.572975, 'train_acc': 0.5, 'train_f1': 0.333333, 'train_correct': 7.0, 'train_total_local_model': 7}}
2023-02-15 15:00:44,100 (client:306) INFO: {'Role': 'Client #2', 'Round': 2, 'Results_raw': {'train_total': 290, 'train_avg_loss': 0.074866, 'train_loss': 43.422031, 'train_acc': 0.968966, 'train_f1': 0.328079, 'train_correct': 562.0, 'train_total_local_model': 290}}
2023-02-15 15:00:44,484 (client:306) INFO: {'Role': 'Client #4', 'Round': 2, 'Results_raw': {'train_total': 1, 'train_avg_loss': 0.690681, 'train_loss': 1.381361, 'train_acc': 0.5, 'train_f1': 0.333333, 'train_correct': 1.0, 'train_total_local_model': 1}}
2023-02-15 15:00:45,548 (client:306) INFO: {'Role': 'Client #9', 'Round': 2, 'Results_raw': {'train_total': 32, 'train_avg_loss': 0.520774, 'train_loss': 33.329551, 'train_acc': 0.734375, 'train_f1': 0.284848, 'train_correct': 47.0, 'train_total_local_model': 32}}
2023-02-15 15:00:53,166 (client:306) INFO: {'Role': 'Client #3', 'Round': 2, 'Results_raw': {'train_total': 298, 'train_avg_loss': 0.064506, 'train_loss': 38.4453, 'train_acc': 0.993289, 'train_f1': 0.498316, 'train_correct': 592.0, 'train_total_local_model': 298}}
2023-02-15 15:00:54,007 (client:306) INFO: {'Role': 'Client #7', 'Round': 2, 'Results_raw': {'train_total': 21, 'train_avg_loss': 1.60923, 'train_loss': 67.587666, 'train_acc': 0.571429, 'train_f1': 0.242424, 'train_correct': 24.0, 'train_total_local_model': 21}}
2023-02-15 15:00:54,822 (client:306) INFO: {'Role': 'Client #8', 'Round': 2, 'Results_raw': {'train_total': 20, 'train_avg_loss': 0.665869, 'train_loss': 26.634774, 'train_acc': 0.9, 'train_f1': 0.315789, 'train_correct': 36.0, 'train_total_local_model': 20}}
2023-02-15 15:00:56,872 (client:306) INFO: {'Role': 'Client #6', 'Round': 2, 'Results_raw': {'train_total': 68, 'train_avg_loss': 0.85677, 'train_loss': 116.520754, 'train_acc': 0.713235, 'train_f1': 0.277539, 'train_correct': 97.0, 'train_total_local_model': 68}}
2023-02-15 15:01:00,565 (client:306) INFO: {'Role': 'Client #5', 'Round': 2, 'Results_raw': {'train_total': 137, 'train_avg_loss': 0.460942, 'train_loss': 126.298106, 'train_acc': 0.861314, 'train_f1': 0.51007, 'train_correct': 236.0, 'train_total_local_model': 137}}
2023-02-15 15:01:00,610 (monitor:541) INFO: {'Role': 'Server #', 'Round': 2, 'Results_model_metric': {}}
2023-02-15 15:01:00,641 (server:330) INFO: Server: Starting evaluation at the end of round 2.
2023-02-15 15:01:00,656 (server:336) INFO: ----------- Starting a new training round (Round #3) -------------
2023-02-15 15:01:00,889 (context:294) WARNING: No val_data or val_loader in the trainer, will skip evaluation.If this is not the case you want, please check whether there is typo for the name
2023-02-15 15:01:01,095 (context:294) WARNING: No val_data or val_loader in the trainer, will skip evaluation.If this is not the case you want, please check whether there is typo for the name
2023-02-15 15:01:01,526 (context:294) WARNING: No val_data or val_loader in the trainer, will skip evaluation.If this is not the case you want, please check whether there is typo for the name
2023-02-15 15:01:02,309 (context:294) WARNING: No val_data or val_loader in the trainer, will skip evaluation.If this is not the case you want, please check whether there is typo for the name
2023-02-15 15:01:02,491 (context:294) WARNING: No val_data or val_loader in the trainer, will skip evaluation.If this is not the case you want, please check whether there is typo for the name
2023-02-15 15:01:02,818 (context:294) WARNING: No val_data or val_loader in the trainer, will skip evaluation.If this is not the case you want, please check whether there is typo for the name
2023-02-15 15:01:02,986 (context:294) WARNING: No val_data or val_loader in the trainer, will skip evaluation.If this is not the case you want, please check whether there is typo for the name
2023-02-15 15:01:03,145 (context:294) WARNING: No val_data or val_loader in the trainer, will skip evaluation.If this is not the case you want, please check whether there is typo for the name
2023-02-15 15:01:03,586 (context:294) WARNING: No val_data or val_loader in the trainer, will skip evaluation.If this is not the case you want, please check whether there is typo for the name
2023-02-15 15:01:03,767 (context:294) WARNING: No val_data or val_loader in the trainer, will skip evaluation.If this is not the case you want, please check whether there is typo for the name
2023-02-15 15:01:03,768 (server:590) INFO: {'Role': 'Server #', 'Round': 2, 'Results_weighted_avg': {'test_total': 22.0, 'test_avg_loss': 4.202521, 'test_loss': 192.470353, 'test_acc': 0.286364, 'test_f1': 0.171315, 'test_correct': 6.3}, 'Results_avg': {'test_total': 22.0, 'test_avg_loss': 4.337076, 'test_loss': 92.455457, 'test_acc': 0.228506, 'test_f1': 0.124504, 'test_correct': 6.3}, 'Results_fairness': {'test_total': 22.0, 'test_correct': 6.3, 'test_avg_loss_std': 2.247571, 'test_avg_loss_bottom_decile': 0.990535, 'test_avg_loss_top_decile': 6.737737, 'test_avg_loss_min': 0.749858, 'test_avg_loss_max': 6.737737, 'test_avg_loss_bottom10%': 0.749858, 'test_avg_loss_top10%': 6.737737, 'test_avg_loss_cos1': 0.887862, 'test_avg_loss_entropy': 2.139576, 'test_loss_std': 117.783721, 'test_loss_bottom_decile': 24.780817, 'test_loss_top_decile': 426.784774, 'test_loss_min': 5.998866, 'test_loss_max': 426.784774, 'test_loss_bottom10%': 5.998866, 'test_loss_top10%': 426.784774, 'test_loss_cos1': 0.617454, 'test_loss_entropy': 1.738723, 'test_acc_std': 0.309108, 'test_acc_bottom_decile': 0.0, 'test_acc_top_decile': 0.771429, 'test_acc_min': 0.0, 'test_acc_max': 0.771429, 'test_acc_bottom10%': 0.0, 'test_acc_top10%': 0.771429, 'test_acc_cos1': 0.594451, 'test_acc_entropy': 1.356556, 'test_f1_std': 0.166302, 'test_f1_bottom_decile': 0.0, 'test_f1_top_decile': 0.435484, 'test_f1_min': 0.0, 'test_f1_max': 0.435484, 'test_f1_bottom10%': 0.0, 'test_f1_top10%': 0.435484, 'test_f1_cos1': 0.599314, 'test_f1_entropy': 1.391482}}
2023-02-15 15:01:04,765 (client:306) INFO: {'Role': 'Client #9', 'Round': 3, 'Results_raw': {'train_total': 32, 'train_avg_loss': 0.512776, 'train_loss': 32.817693, 'train_acc': 0.71875, 'train_f1': 0.278788, 'train_correct': 46.0, 'train_total_local_model': 32}}
2023-02-15 15:01:05,176 (client:306) INFO: {'Role': 'Client #10', 'Round': 3, 'Results_raw': {'train_total': 3, 'train_avg_loss': 1.003692, 'train_loss': 6.022152, 'train_acc': 0.666667, 'train_f1': 0.666667, 'train_correct': 4.0, 'train_total_local_model': 3}}
2023-02-15 15:01:12,775 (client:306) INFO: {'Role': 'Client #3', 'Round': 3, 'Results_raw': {'train_total': 298, 'train_avg_loss': 0.060288, 'train_loss': 35.93147, 'train_acc': 0.993289, 'train_f1': 0.498316, 'train_correct': 592.0, 'train_total_local_model': 298}}
2023-02-15 15:01:13,588 (client:306) INFO: {'Role': 'Client #8', 'Round': 3, 'Results_raw': {'train_total': 20, 'train_avg_loss': 0.450816, 'train_loss': 18.032647, 'train_acc': 0.9, 'train_f1': 0.315789, 'train_correct': 36.0, 'train_total_local_model': 20}}
2023-02-15 15:01:17,259 (client:306) INFO: {'Role': 'Client #5', 'Round': 3, 'Results_raw': {'train_total': 137, 'train_avg_loss': 0.523917, 'train_loss': 143.553379, 'train_acc': 0.79927, 'train_f1': 0.506791, 'train_correct': 219.0, 'train_total_local_model': 137}}
2023-02-15 15:01:18,101 (client:306) INFO: {'Role': 'Client #7', 'Round': 3, 'Results_raw': {'train_total': 21, 'train_avg_loss': 1.606218, 'train_loss': 67.461146, 'train_acc': 0.619048, 'train_f1': 0.254902, 'train_correct': 26.0, 'train_total_local_model': 21}}
2023-02-15 15:01:20,111 (client:306) INFO: {'Role': 'Client #6', 'Round': 3, 'Results_raw': {'train_total': 68, 'train_avg_loss': 0.701308, 'train_loss': 95.37794, 'train_acc': 0.838235, 'train_f1': 0.361494, 'train_correct': 114.0, 'train_total_local_model': 68}}
2023-02-15 15:01:27,743 (client:306) INFO: {'Role': 'Client #2', 'Round': 3, 'Results_raw': {'train_total': 290, 'train_avg_loss': 0.06757, 'train_loss': 39.190704, 'train_acc': 0.968966, 'train_f1': 0.328079, 'train_correct': 562.0, 'train_total_local_model': 290}}
2023-02-15 15:01:28,221 (client:306) INFO: {'Role': 'Client #1', 'Round': 3, 'Results_raw': {'train_total': 7, 'train_avg_loss': 2.004227, 'train_loss': 28.059172, 'train_acc': 0.5, 'train_f1': 0.333333, 'train_correct': 7.0, 'train_total_local_model': 7}}
2023-02-15 15:01:28,602 (client:306) INFO: {'Role': 'Client #4', 'Round': 3, 'Results_raw': {'train_total': 1, 'train_avg_loss': 0.494803, 'train_loss': 0.989605, 'train_acc': 0.5, 'train_f1': 0.333333, 'train_correct': 1.0, 'train_total_local_model': 1}}
2023-02-15 15:01:28,646 (monitor:541) INFO: {'Role': 'Server #', 'Round': 3, 'Results_model_metric': {}}
2023-02-15 15:01:28,677 (server:330) INFO: Server: Starting evaluation at the end of round 3.
2023-02-15 15:01:28,692 (server:336) INFO: ----------- Starting a new training round (Round #4) -------------
2023-02-15 15:01:28,926 (context:294) WARNING: No val_data or val_loader in the trainer, will skip evaluation.If this is not the case you want, please check whether there is typo for the name
2023-02-15 15:01:29,135 (context:294) WARNING: No val_data or val_loader in the trainer, will skip evaluation.If this is not the case you want, please check whether there is typo for the name
2023-02-15 15:01:29,565 (context:294) WARNING: No val_data or val_loader in the trainer, will skip evaluation.If this is not the case you want, please check whether there is typo for the name
2023-02-15 15:01:30,349 (context:294) WARNING: No val_data or val_loader in the trainer, will skip evaluation.If this is not the case you want, please check whether there is typo for the name
2023-02-15 15:01:30,536 (context:294) WARNING: No val_data or val_loader in the trainer, will skip evaluation.If this is not the case you want, please check whether there is typo for the name
2023-02-15 15:01:30,868 (context:294) WARNING: No val_data or val_loader in the trainer, will skip evaluation.If this is not the case you want, please check whether there is typo for the name
2023-02-15 15:01:31,036 (context:294) WARNING: No val_data or val_loader in the trainer, will skip evaluation.If this is not the case you want, please check whether there is typo for the name
2023-02-15 15:01:31,198 (context:294) WARNING: No val_data or val_loader in the trainer, will skip evaluation.If this is not the case you want, please check whether there is typo for the name
2023-02-15 15:01:31,639 (context:294) WARNING: No val_data or val_loader in the trainer, will skip evaluation.If this is not the case you want, please check whether there is typo for the name
2023-02-15 15:01:31,822 (context:294) WARNING: No val_data or val_loader in the trainer, will skip evaluation.If this is not the case you want, please check whether there is typo for the name
2023-02-15 15:01:31,824 (server:590) INFO: {'Role': 'Server #', 'Round': 3, 'Results_weighted_avg': {'test_total': 22.0, 'test_avg_loss': 3.885214, 'test_loss': 186.124745, 'test_acc': 0.272727, 'test_f1': 0.177143, 'test_correct': 6.0}, 'Results_avg': {'test_total': 22.0, 'test_avg_loss': 3.917569, 'test_loss': 85.474698, 'test_acc': 0.191006, 'test_f1': 0.140529, 'test_correct': 6.0}, 'Results_fairness': {'test_total': 22.0, 'test_correct': 6.0, 'test_avg_loss_std': 2.155484, 'test_avg_loss_bottom_decile': 1.886086, 'test_avg_loss_top_decile': 6.808918, 'test_avg_loss_min': 1.047401, 'test_avg_loss_max': 6.808918, 'test_avg_loss_bottom10%': 1.047401, 'test_avg_loss_top10%': 6.808918, 'test_avg_loss_cos1': 0.876138, 'test_avg_loss_entropy': 2.146181, 'test_loss_std': 117.351211, 'test_loss_bottom_decile': 15.91194, 'test_loss_top_decile': 430.134209, 'test_loss_min': 9.430428, 'test_loss_max': 430.134209, 'test_loss_bottom10%': 9.430428, 'test_loss_top10%': 430.134209, 'test_loss_cos1': 0.58875, 'test_loss_entropy': 1.705353, 'test_acc_std': 0.280119, 'test_acc_bottom_decile': 0.0, 'test_acc_top_decile': 0.771429, 'test_acc_min': 0.0, 'test_acc_max': 0.771429, 'test_acc_bottom10%': 0.0, 'test_acc_top10%': 0.771429, 'test_acc_cos1': 0.563369, 'test_acc_entropy': 1.309039, 'test_f1_std': 0.18492, 'test_f1_bottom_decile': 0.0, 'test_f1_top_decile': 0.435484, 'test_f1_min': 0.0, 'test_f1_max': 0.435484, 'test_f1_bottom10%': 0.0, 'test_f1_top10%': 0.435484, 'test_f1_cos1': 0.605056, 'test_f1_entropy': 1.390125}}
2023-02-15 15:01:32,170 (client:306) INFO: {'Role': 'Client #4', 'Round': 4, 'Results_raw': {'train_total': 1, 'train_avg_loss': 0.443369, 'train_loss': 0.886738, 'train_acc': 0.5, 'train_f1': 0.333333, 'train_correct': 1.0, 'train_total_local_model': 1}}
2023-02-15 15:01:32,654 (client:306) INFO: {'Role': 'Client #1', 'Round': 4, 'Results_raw': {'train_total': 7, 'train_avg_loss': 2.11259, 'train_loss': 29.576254, 'train_acc': 0.5, 'train_f1': 0.222222, 'train_correct': 7.0, 'train_total_local_model': 7}}
2023-02-15 15:01:34,675 (client:306) INFO: {'Role': 'Client #6', 'Round': 4, 'Results_raw': {'train_total': 68, 'train_avg_loss': 0.644248, 'train_loss': 87.617775, 'train_acc': 0.852941, 'train_f1': 0.386233, 'train_correct': 116.0, 'train_total_local_model': 68}}
2023-02-15 15:01:35,485 (client:306) INFO: {'Role': 'Client #8', 'Round': 4, 'Results_raw': {'train_total': 20, 'train_avg_loss': 0.475138, 'train_loss': 19.005516, 'train_acc': 0.9, 'train_f1': 0.32, 'train_correct': 36.0, 'train_total_local_model': 20}}
2023-02-15 15:01:36,529 (client:306) INFO: {'Role': 'Client #9', 'Round': 4, 'Results_raw': {'train_total': 32, 'train_avg_loss': 0.375909, 'train_loss': 24.058147, 'train_acc': 0.765625, 'train_f1': 0.291667, 'train_correct': 49.0, 'train_total_local_model': 32}}
2023-02-15 15:01:44,212 (client:306) INFO: {'Role': 'Client #2', 'Round': 4, 'Results_raw': {'train_total': 290, 'train_avg_loss': 0.065639, 'train_loss': 38.070445, 'train_acc': 0.972414, 'train_f1': 0.328671, 'train_correct': 564.0, 'train_total_local_model': 290}}
2023-02-15 15:01:45,064 (client:306) INFO: {'Role': 'Client #7', 'Round': 4, 'Results_raw': {'train_total': 21, 'train_avg_loss': 1.588499, 'train_loss': 66.716975, 'train_acc': 0.595238, 'train_f1': 0.248756, 'train_correct': 25.0, 'train_total_local_model': 21}}
2023-02-15 15:01:45,483 (client:306) INFO: {'Role': 'Client #10', 'Round': 4, 'Results_raw': {'train_total': 3, 'train_avg_loss': 1.050491, 'train_loss': 6.302944, 'train_acc': 0.666667, 'train_f1': 0.666667, 'train_correct': 4.0, 'train_total_local_model': 3}}
2023-02-15 15:01:49,175 (client:306) INFO: {'Role': 'Client #5', 'Round': 4, 'Results_raw': {'train_total': 137, 'train_avg_loss': 0.432722, 'train_loss': 118.565964, 'train_acc': 0.861314, 'train_f1': 0.549108, 'train_correct': 236.0, 'train_total_local_model': 137}}
2023-02-15 15:01:56,824 (client:306) INFO: {'Role': 'Client #3', 'Round': 4, 'Results_raw': {'train_total': 298, 'train_avg_loss': 0.054046, 'train_loss': 32.211164, 'train_acc': 0.993289, 'train_f1': 0.498316, 'train_correct': 592.0, 'train_total_local_model': 298}}
2023-02-15 15:01:56,872 (monitor:541) INFO: {'Role': 'Server #', 'Round': 4, 'Results_model_metric': {}}
2023-02-15 15:01:56,902 (server:330) INFO: Server: Starting evaluation at the end of round 4.
2023-02-15 15:01:56,917 (server:336) INFO: ----------- Starting a new training round (Round #5) -------------
2023-02-15 15:01:57,151 (context:294) WARNING: No val_data or val_loader in the trainer, will skip evaluation.If this is not the case you want, please check whether there is typo for the name
2023-02-15 15:01:57,356 (context:294) WARNING: No val_data or val_loader in the trainer, will skip evaluation.If this is not the case you want, please check whether there is typo for the name
2023-02-15 15:01:57,786 (context:294) WARNING: No val_data or val_loader in the trainer, will skip evaluation.If this is not the case you want, please check whether there is typo for the name
2023-02-15 15:01:58,569 (context:294) WARNING: No val_data or val_loader in the trainer, will skip evaluation.If this is not the case you want, please check whether there is typo for the name
2023-02-15 15:01:58,755 (context:294) WARNING: No val_data or val_loader in the trainer, will skip evaluation.If this is not the case you want, please check whether there is typo for the name
2023-02-15 15:01:59,082 (context:294) WARNING: No val_data or val_loader in the trainer, will skip evaluation.If this is not the case you want, please check whether there is typo for the name
2023-02-15 15:01:59,251 (context:294) WARNING: No val_data or val_loader in the trainer, will skip evaluation.If this is not the case you want, please check whether there is typo for the name
2023-02-15 15:01:59,414 (context:294) WARNING: No val_data or val_loader in the trainer, will skip evaluation.If this is not the case you want, please check whether there is typo for the name
2023-02-15 15:01:59,856 (context:294) WARNING: No val_data or val_loader in the trainer, will skip evaluation.If this is not the case you want, please check whether there is typo for the name
2023-02-15 15:02:00,043 (context:294) WARNING: No val_data or val_loader in the trainer, will skip evaluation.If this is not the case you want, please check whether there is typo for the name
2023-02-15 15:02:00,045 (server:590) INFO: {'Role': 'Server #', 'Round': 4, 'Results_weighted_avg': {'test_total': 22.0, 'test_avg_loss': 4.301044, 'test_loss': 199.275228, 'test_acc': 0.268182, 'test_f1': 0.164685, 'test_correct': 5.9}, 'Results_avg': {'test_total': 22.0, 'test_avg_loss': 4.240741, 'test_loss': 94.622965, 'test_acc': 0.178506, 'test_f1': 0.10627, 'test_correct': 5.9}, 'Results_fairness': {'test_total': 22.0, 'test_correct': 5.9, 'test_avg_loss_std': 2.147097, 'test_avg_loss_bottom_decile': 1.909809, 'test_avg_loss_top_decile': 6.918946, 'test_avg_loss_min': 1.552182, 'test_avg_loss_max': 6.918946, 'test_avg_loss_bottom10%': 1.552182, 'test_avg_loss_top10%': 6.918946, 'test_avg_loss_cos1': 0.892167, 'test_avg_loss_entropy': 2.167087, 'test_loss_std': 119.803137, 'test_loss_bottom_decile': 15.349356, 'test_loss_top_decile': 439.680601, 'test_loss_min': 9.549044, 'test_loss_max': 439.680601, 'test_loss_bottom10%': 9.549044, 'test_loss_top10%': 439.680601, 'test_loss_cos1': 0.619812, 'test_loss_entropy': 1.754565, 'test_acc_std': 0.279997, 'test_acc_bottom_decile': 0.0, 'test_acc_top_decile': 0.771429, 'test_acc_min': 0.0, 'test_acc_max': 0.771429, 'test_acc_bottom10%': 0.0, 'test_acc_top10%': 0.771429, 'test_acc_cos1': 0.537576, 'test_acc_entropy': 1.239168, 'test_f1_std': 0.160743, 'test_f1_bottom_decile': 0.0, 'test_f1_top_decile': 0.435484, 'test_f1_min': 0.0, 'test_f1_max': 0.435484, 'test_f1_bottom10%': 0.0, 'test_f1_top10%': 0.435484, 'test_f1_cos1': 0.551492, 'test_f1_entropy': 1.287313}}
2023-02-15 15:02:03,715 (client:306) INFO: {'Role': 'Client #5', 'Round': 5, 'Results_raw': {'train_total': 137, 'train_avg_loss': 0.480614, 'train_loss': 131.68816, 'train_acc': 0.806569, 'train_f1': 0.537442, 'train_correct': 221.0, 'train_total_local_model': 137}}
2023-02-15 15:02:05,750 (client:306) INFO: {'Role': 'Client #6', 'Round': 5, 'Results_raw': {'train_total': 68, 'train_avg_loss': 0.65129, 'train_loss': 88.575393, 'train_acc': 0.845588, 'train_f1': 0.399765, 'train_correct': 115.0, 'train_total_local_model': 68}}
2023-02-15 15:02:06,601 (client:306) INFO: {'Role': 'Client #7', 'Round': 5, 'Results_raw': {'train_total': 21, 'train_avg_loss': 1.727742, 'train_loss': 72.565151, 'train_acc': 0.595238, 'train_f1': 0.248756, 'train_correct': 25.0, 'train_total_local_model': 21}}
2023-02-15 15:02:07,647 (client:306) INFO: {'Role': 'Client #9', 'Round': 5, 'Results_raw': {'train_total': 32, 'train_avg_loss': 0.604445, 'train_loss': 38.684491, 'train_acc': 0.71875, 'train_f1': 0.278788, 'train_correct': 46.0, 'train_total_local_model': 32}}
2023-02-15 15:02:08,458 (client:306) INFO: {'Role': 'Client #8', 'Round': 5, 'Results_raw': {'train_total': 20, 'train_avg_loss': 0.327779, 'train_loss': 13.111179, 'train_acc': 0.925, 'train_f1': 0.542222, 'train_correct': 37.0, 'train_total_local_model': 20}}
2023-02-15 15:02:16,166 (client:306) INFO: {'Role': 'Client #2', 'Round': 5, 'Results_raw': {'train_total': 290, 'train_avg_loss': 0.085791, 'train_loss': 49.758999, 'train_acc': 0.968966, 'train_f1': 0.328079, 'train_correct': 562.0, 'train_total_local_model': 290}}
2023-02-15 15:02:16,587 (client:306) INFO: {'Role': 'Client #10', 'Round': 5, 'Results_raw': {'train_total': 3, 'train_avg_loss': 1.399556, 'train_loss': 8.397336, 'train_acc': 0.333333, 'train_f1': 0.166667, 'train_correct': 2.0, 'train_total_local_model': 3}}
2023-02-15 15:02:24,188 (client:306) INFO: {'Role': 'Client #3', 'Round': 5, 'Results_raw': {'train_total': 298, 'train_avg_loss': 0.054926, 'train_loss': 32.735791, 'train_acc': 0.993289, 'train_f1': 0.498316, 'train_correct': 592.0, 'train_total_local_model': 298}}
2023-02-15 15:02:24,673 (client:306) INFO: {'Role': 'Client #1', 'Round': 5, 'Results_raw': {'train_total': 7, 'train_avg_loss': 2.175328, 'train_loss': 30.454585, 'train_acc': 0.5, 'train_f1': 0.333333, 'train_correct': 7.0, 'train_total_local_model': 7}}
2023-02-15 15:02:25,057 (client:306) INFO: {'Role': 'Client #4', 'Round': 5, 'Results_raw': {'train_total': 1, 'train_avg_loss': 0.863391, 'train_loss': 1.726783, 'train_acc': 0.5, 'train_f1': 0.333333, 'train_correct': 1.0, 'train_total_local_model': 1}}
2023-02-15 15:02:25,104 (monitor:541) INFO: {'Role': 'Server #', 'Round': 5, 'Results_model_metric': {}}
2023-02-15 15:02:25,134 (server:330) INFO: Server: Starting evaluation at the end of round 5.
2023-02-15 15:02:25,148 (server:336) INFO: ----------- Starting a new training round (Round #6) -------------
2023-02-15 15:02:25,383 (context:294) WARNING: No val_data or val_loader in the trainer, will skip evaluation.If this is not the case you want, please check whether there is typo for the name
2023-02-15 15:02:25,592 (context:294) WARNING: No val_data or val_loader in the trainer, will skip evaluation.If this is not the case you want, please check whether there is typo for the name
2023-02-15 15:02:26,021 (context:294) WARNING: No val_data or val_loader in the trainer, will skip evaluation.If this is not the case you want, please check whether there is typo for the name
2023-02-15 15:02:26,807 (context:294) WARNING: No val_data or val_loader in the trainer, will skip evaluation.If this is not the case you want, please check whether there is typo for the name
2023-02-15 15:02:26,993 (context:294) WARNING: No val_data or val_loader in the trainer, will skip evaluation.If this is not the case you want, please check whether there is typo for the name
2023-02-15 15:02:27,320 (context:294) WARNING: No val_data or val_loader in the trainer, will skip evaluation.If this is not the case you want, please check whether there is typo for the name
2023-02-15 15:02:27,489 (context:294) WARNING: No val_data or val_loader in the trainer, will skip evaluation.If this is not the case you want, please check whether there is typo for the name
2023-02-15 15:02:27,652 (context:294) WARNING: No val_data or val_loader in the trainer, will skip evaluation.If this is not the case you want, please check whether there is typo for the name
2023-02-15 15:02:28,092 (context:294) WARNING: No val_data or val_loader in the trainer, will skip evaluation.If this is not the case you want, please check whether there is typo for the name
2023-02-15 15:02:28,276 (context:294) WARNING: No val_data or val_loader in the trainer, will skip evaluation.If this is not the case you want, please check whether there is typo for the name
2023-02-15 15:02:28,277 (server:590) INFO: {'Role': 'Server #', 'Round': 5, 'Results_weighted_avg': {'test_total': 22.0, 'test_avg_loss': 4.472651, 'test_loss': 202.70388, 'test_acc': 0.272727, 'test_f1': 0.168485, 'test_correct': 6.0}, 'Results_avg': {'test_total': 22.0, 'test_avg_loss': 4.677789, 'test_loss': 98.398328, 'test_acc': 0.191006, 'test_f1': 0.11672, 'test_correct': 6.0}, 'Results_fairness': {'test_total': 22.0, 'test_correct': 6.0, 'test_avg_loss_std': 2.136192, 'test_avg_loss_bottom_decile': 1.405857, 'test_avg_loss_top_decile': 7.014557, 'test_avg_loss_min': 1.313112, 'test_avg_loss_max': 7.014557, 'test_avg_loss_bottom10%': 1.313112, 'test_avg_loss_top10%': 7.014557, 'test_avg_loss_cos1': 0.909638, 'test_avg_loss_entropy': 2.180734, 'test_loss_std': 120.46727, 'test_loss_bottom_decile': 26.769233, 'test_loss_top_decile': 444.031046, 'test_loss_min': 10.504896, 'test_loss_max': 444.031046, 'test_loss_bottom10%': 10.504896, 'test_loss_top10%': 444.031046, 'test_loss_cos1': 0.632599, 'test_loss_entropy': 1.789298, 'test_acc_std': 0.280119, 'test_acc_bottom_decile': 0.0, 'test_acc_top_decile': 0.771429, 'test_acc_min': 0.0, 'test_acc_max': 0.771429, 'test_acc_bottom10%': 0.0, 'test_acc_top10%': 0.771429, 'test_acc_cos1': 0.563369, 'test_acc_entropy': 1.309039, 'test_f1_std': 0.161704, 'test_f1_bottom_decile': 0.0, 'test_f1_top_decile': 0.435484, 'test_f1_min': 0.0, 'test_f1_max': 0.435484, 'test_f1_bottom10%': 0.0, 'test_f1_top10%': 0.435484, 'test_f1_cos1': 0.585272, 'test_f1_entropy': 1.369693}}
2023-02-15 15:02:28,279 (server:395) INFO: Server: Final evaluation is finished! Starting merging results.
2023-02-15 15:02:28,279 (server:521) INFO: {'Role': 'Server #', 'Round': 'Final', 'Results_raw': {'client_best_individual': {'test_loss': 5.998866, 'test_total': 5.0, 'test_avg_loss': 0.749858, 'test_acc': 0.771429, 'test_f1': 0.435484, 'test_correct': 27.0}, 'client_summarized_weighted_avg': {'test_loss': 104.137902, 'test_total': 22.0, 'test_avg_loss': 2.618043, 'test_acc': 0.286364, 'test_f1': 0.18354, 'test_correct': 6.3}, 'client_summarized_avg': {'test_loss': 57.596952, 'test_total': 22.0, 'test_avg_loss': 3.036128, 'test_acc': 0.228506, 'test_f1': 0.158122, 'test_correct': 6.3}, 'client_summarized_fairness': {'test_loss_entropy': 1.705353, 'test_loss_cos1': 0.58875, 'test_loss_top10%': 430.134209, 'test_loss_bottom10%': 9.430428, 'test_loss_max': 430.134209, 'test_loss_min': 9.430428, 'test_loss_top_decile': 430.134209, 'test_loss_bottom_decile': 15.91194, 'test_loss_std': 117.351211, 'test_total': 22.0, 'test_correct': 6.0, 'test_avg_loss_std': 2.155484, 'test_avg_loss_bottom_decile': 1.886086, 'test_avg_loss_top_decile': 6.808918, 'test_avg_loss_min': 1.047401, 'test_avg_loss_max': 6.808918, 'test_avg_loss_bottom10%': 1.047401, 'test_avg_loss_top10%': 6.808918, 'test_avg_loss_cos1': 0.876138, 'test_avg_loss_entropy': 2.146181, 'test_acc_std': 0.280119, 'test_acc_bottom_decile': 0.0, 'test_acc_top_decile': 0.771429, 'test_acc_min': 0.0, 'test_acc_max': 0.771429, 'test_acc_bottom10%': 0.0, 'test_acc_top10%': 0.771429, 'test_acc_cos1': 0.563369, 'test_acc_entropy': 1.309039, 'test_f1_std': 0.18492, 'test_f1_bottom_decile': 0.0, 'test_f1_top_decile': 0.435484, 'test_f1_min': 0.0, 'test_f1_max': 0.435484, 'test_f1_bottom10%': 0.0, 'test_f1_top10%': 0.435484, 'test_f1_cos1': 0.605056, 'test_f1_entropy': 1.390125}}}
2023-02-15 15:02:28,280 (server:540) INFO: {'Role': 'Client #1', 'Round': 11, 'Results_raw': {'test_total': 12, 'test_avg_loss': 6.726463, 'test_loss': 80.71756, 'test_acc': 0.0, 'test_f1': 0.0, 'test_correct': 0.0}}
2023-02-15 15:02:28,280 (server:540) INFO: {'Role': 'Client #2', 'Round': 11, 'Results_raw': {'test_total': 11, 'test_avg_loss': 7.014557, 'test_loss': 77.160126, 'test_acc': 0.0, 'test_f1': 0.0, 'test_correct': 0.0}}
2023-02-15 15:02:28,280 (server:540) INFO: {'Role': 'Client #3', 'Round': 11, 'Results_raw': {'test_total': 35, 'test_avg_loss': 2.416129, 'test_loss': 84.564532, 'test_acc': 0.685714, 'test_f1': 0.40678, 'test_correct': 24.0}}
2023-02-15 15:02:28,281 (server:540) INFO: {'Role': 'Client #4', 'Round': 11, 'Results_raw': {'test_total': 77, 'test_avg_loss': 5.766637, 'test_loss': 444.031046, 'test_acc': 0.077922, 'test_f1': 0.072289, 'test_correct': 6.0}}
2023-02-15 15:02:28,281 (server:540) INFO: {'Role': 'Client #5', 'Round': 11, 'Results_raw': {'test_total': 8, 'test_avg_loss': 3.893539, 'test_loss': 31.148315, 'test_acc': 0.125, 'test_f1': 0.074074, 'test_correct': 1.0}}
2023-02-15 15:02:28,281 (server:540) INFO: {'Role': 'Client #6', 'Round': 11, 'Results_raw': {'test_total': 23, 'test_avg_loss': 6.03271, 'test_loss': 138.752341, 'test_acc': 0.0, 'test_f1': 0.0, 'test_correct': 0.0}}
2023-02-15 15:02:28,281 (server:540) INFO: {'Role': 'Client #7', 'Round': 11, 'Results_raw': {'test_total': 6, 'test_avg_loss': 6.855038, 'test_loss': 41.130226, 'test_acc': 0.0, 'test_f1': 0.0, 'test_correct': 0.0}}
2023-02-15 15:02:28,282 (server:540) INFO: {'Role': 'Client #8', 'Round': 11, 'Results_raw': {'test_total': 5, 'test_avg_loss': 5.353847, 'test_loss': 26.769233, 'test_acc': 0.0, 'test_f1': 0.0, 'test_correct': 0.0}}
2023-02-15 15:02:28,282 (server:540) INFO: {'Role': 'Client #9', 'Round': 11, 'Results_raw': {'test_total': 35, 'test_avg_loss': 1.405857, 'test_loss': 49.205008, 'test_acc': 0.771429, 'test_f1': 0.435484, 'test_correct': 27.0}}
2023-02-15 15:02:28,282 (server:540) INFO: {'Role': 'Client #10', 'Round': 11, 'Results_raw': {'test_total': 8, 'test_avg_loss': 1.313112, 'test_loss': 10.504896, 'test_acc': 0.25, 'test_f1': 0.178571, 'test_correct': 2.0}}
2023-02-15 15:02:28,284 (monitor:172) INFO: In worker #0, the system-related metrics are: {'id': 0, 'fl_end_time_minutes': 3.035493, 'total_model_size': 0, 'total_flops': 0, 'total_upload_bytes': 12594960, 'total_download_bytes': 5066120, 'global_convergence_round': 6, 'local_convergence_round': 0, 'global_convergence_time_minutes': 3.035399, 'local_convergence_time_minutes': 0}
2023-02-15 15:02:29,102 (client:306) INFO: {'Role': 'Client #7', 'Round': 6, 'Results_raw': {'train_total': 21, 'train_avg_loss': 1.531547, 'train_loss': 64.324987, 'train_acc': 0.619048, 'train_f1': 0.382353, 'train_correct': 26.0, 'train_total_local_model': 21}}
2023-02-15 15:02:29,483 (client:306) INFO: {'Role': 'Client #10', 'Round': 6, 'Results_raw': {'train_total': 3, 'train_avg_loss': 1.000424, 'train_loss': 6.002542, 'train_acc': 0.666667, 'train_f1': 0.666667, 'train_correct': 4.0, 'train_total_local_model': 3}}
2023-02-15 15:02:37,092 (client:306) INFO: {'Role': 'Client #3', 'Round': 6, 'Results_raw': {'train_total': 298, 'train_avg_loss': 0.055956, 'train_loss': 33.349935, 'train_acc': 0.991611, 'train_f1': 0.497894, 'train_correct': 591.0, 'train_total_local_model': 298}}
2023-02-15 15:02:37,886 (client:306) INFO: {'Role': 'Client #8', 'Round': 6, 'Results_raw': {'train_total': 20, 'train_avg_loss': 0.367965, 'train_loss': 14.718601, 'train_acc': 0.9, 'train_f1': 0.315789, 'train_correct': 36.0, 'train_total_local_model': 20}}
2023-02-15 15:02:39,873 (client:306) INFO: {'Role': 'Client #6', 'Round': 6, 'Results_raw': {'train_total': 68, 'train_avg_loss': 0.653531, 'train_loss': 88.880204, 'train_acc': 0.823529, 'train_f1': 0.301075, 'train_correct': 112.0, 'train_total_local_model': 68}}
2023-02-15 15:02:40,884 (client:306) INFO: {'Role': 'Client #9', 'Round': 6, 'Results_raw': {'train_total': 32, 'train_avg_loss': 0.449872, 'train_loss': 28.7918, 'train_acc': 0.734375, 'train_f1': 0.284848, 'train_correct': 47.0, 'train_total_local_model': 32}}
2023-02-15 15:02:41,333 (client:306) INFO: {'Role': 'Client #1', 'Round': 6, 'Results_raw': {'train_total': 7, 'train_avg_loss': 2.013154, 'train_loss': 28.184153, 'train_acc': 0.5, 'train_f1': 0.333333, 'train_correct': 7.0, 'train_total_local_model': 7}}
2023-02-15 15:02:48,980 (client:306) INFO: {'Role': 'Client #2', 'Round': 6, 'Results_raw': {'train_total': 290, 'train_avg_loss': 0.061647, 'train_loss': 35.755341, 'train_acc': 0.972414, 'train_f1': 0.328671, 'train_correct': 564.0, 'train_total_local_model': 290}}
2023-02-15 15:02:49,327 (client:306) INFO: {'Role': 'Client #4', 'Round': 6, 'Results_raw': {'train_total': 1, 'train_avg_loss': 0.522201, 'train_loss': 1.044401, 'train_acc': 0.5, 'train_f1': 0.333333, 'train_correct': 1.0, 'train_total_local_model': 1}}
2023-02-15 15:02:52,984 (client:306) INFO: {'Role': 'Client #5', 'Round': 6, 'Results_raw': {'train_total': 137, 'train_avg_loss': 0.590669, 'train_loss': 161.843174, 'train_acc': 0.813869, 'train_f1': 0.529606, 'train_correct': 223.0, 'train_total_local_model': 137}}
2023-02-15 15:02:52,991 (client:513) INFO: ================= client 1 received finish message =================
2023-02-15 15:02:53,022 (monitor:172) INFO: In worker #1, the system-related metrics are: {'id': 1, 'fl_end_time_minutes': 3.440848, 'total_model_size': 47476038, 'total_flops': 108083567466.0, 'total_upload_bytes': 590232, 'total_download_bytes': 0, 'global_convergence_round': 6, 'local_convergence_round': 0, 'global_convergence_time_minutes': 3.440322, 'local_convergence_time_minutes': 0}
2023-02-15 15:02:53,023 (client:513) INFO: ================= client 2 received finish message =================
2023-02-15 15:02:53,054 (monitor:172) INFO: In worker #2, the system-related metrics are: {'id': 2, 'fl_end_time_minutes': 3.431649, 'total_model_size': 47476038, 'total_flops': 4470294057054.0, 'total_upload_bytes': 590232, 'total_download_bytes': 0, 'global_convergence_round': 6, 'local_convergence_round': 0, 'global_convergence_time_minutes': 3.430584, 'local_convergence_time_minutes': 0}
2023-02-15 15:02:53,055 (client:513) INFO: ================= client 3 received finish message =================
2023-02-15 15:02:53,087 (monitor:172) INFO: In worker #3, the system-related metrics are: {'id': 3, 'fl_end_time_minutes': 3.4195, 'total_model_size': 47476038, 'total_flops': 4593438325854.0, 'total_upload_bytes': 590232, 'total_download_bytes': 0, 'global_convergence_round': 6, 'local_convergence_round': 0, 'global_convergence_time_minutes': 3.417898, 'local_convergence_time_minutes': 0}
2023-02-15 15:02:53,087 (client:513) INFO: ================= client 4 received finish message =================
2023-02-15 15:02:53,119 (monitor:172) INFO: In worker #4, the system-related metrics are: {'id': 4, 'fl_end_time_minutes': 3.409492, 'total_model_size': 47476038, 'total_flops': 15725365866.0, 'total_upload_bytes': 590232, 'total_download_bytes': 0, 'global_convergence_round': 6, 'local_convergence_round': 0, 'global_convergence_time_minutes': 3.407355, 'local_convergence_time_minutes': 0}
2023-02-15 15:02:53,119 (client:513) INFO: ================= client 5 received finish message =================
2023-02-15 15:02:53,151 (monitor:172) INFO: In worker #5, the system-related metrics are: {'id': 5, 'fl_end_time_minutes': 3.400888, 'total_model_size': 47476038, 'total_flops': 2111836593594.0, 'total_upload_bytes': 590232, 'total_download_bytes': 0, 'global_convergence_round': 6, 'local_convergence_round': 0, 'global_convergence_time_minutes': 3.39821, 'local_convergence_time_minutes': 0}
2023-02-15 15:02:53,152 (client:513) INFO: ================= client 6 received finish message =================
2023-02-15 15:02:53,184 (monitor:172) INFO: In worker #6, the system-related metrics are: {'id': 6, 'fl_end_time_minutes': 3.390865, 'total_model_size': 47476038, 'total_flops': 1048387946130.0, 'total_upload_bytes': 590232, 'total_download_bytes': 0, 'global_convergence_round': 6, 'local_convergence_round': 0, 'global_convergence_time_minutes': 3.387644, 'local_convergence_time_minutes': 0}
2023-02-15 15:02:53,184 (client:513) INFO: ================= client 7 received finish message =================
2023-02-15 15:02:53,216 (monitor:172) INFO: In worker #7, the system-related metrics are: {'id': 7, 'fl_end_time_minutes': 3.382459, 'total_model_size': 47476038, 'total_flops': 323918370132.0, 'total_upload_bytes': 590232, 'total_download_bytes': 0, 'global_convergence_round': 6, 'local_convergence_round': 0, 'global_convergence_time_minutes': 3.378704, 'local_convergence_time_minutes': 0}
2023-02-15 15:02:53,216 (client:513) INFO: ================= client 8 received finish message =================
2023-02-15 15:02:53,248 (monitor:172) INFO: In worker #8, the system-related metrics are: {'id': 8, 'fl_end_time_minutes': 3.373786, 'total_model_size': 47476038, 'total_flops': 308525336532.0, 'total_upload_bytes': 590232, 'total_download_bytes': 0, 'global_convergence_round': 6, 'local_convergence_round': 0, 'global_convergence_time_minutes': 3.369495, 'local_convergence_time_minutes': 0}
2023-02-15 15:02:53,248 (client:513) INFO: ================= client 9 received finish message =================
2023-02-15 15:02:53,280 (monitor:172) INFO: In worker #9, the system-related metrics are: {'id': 9, 'fl_end_time_minutes': 3.363721, 'total_model_size': 47476038, 'total_flops': 493241739732.0, 'total_upload_bytes': 590232, 'total_download_bytes': 0, 'global_convergence_round': 6, 'local_convergence_round': 0, 'global_convergence_time_minutes': 3.358892, 'local_convergence_time_minutes': 0}
2023-02-15 15:02:53,281 (client:513) INFO: ================= client 10 received finish message =================
2023-02-15 15:02:53,312 (monitor:172) INFO: In worker #10, the system-related metrics are: {'id': 10, 'fl_end_time_minutes': 3.35257, 'total_model_size': 47476038, 'total_flops': 46511433066.0, 'total_upload_bytes': 590232, 'total_download_bytes': 0, 'global_convergence_round': 6, 'local_convergence_round': 0, 'global_convergence_time_minutes': 3.347206, 'local_convergence_time_minutes': 0}
2023-02-15 15:02:53,313 (monitor:337) INFO: We will compress the file eval_results.raw into a .gz file, and delete the old one
2023-02-15 15:02:53,316 (monitor:245) INFO: After merging the system metrics from all works, we got avg: defaultdict(None, {'id': 'sys_avg', 'sys_avg/fl_end_time_minutes': 3.363752, 'sys_avg/total_model_size': '41.16M', 'sys_avg/total_flops': '1.12T', 'sys_avg/total_upload_bytes': '1.6M', 'sys_avg/total_download_bytes': '449.76K', 'sys_avg/global_convergence_round': 6.0, 'sys_avg/local_convergence_round': 0.0, 'sys_avg/global_convergence_time_minutes': 3.361064, 'sys_avg/local_convergence_time_minutes': 0.0})
2023-02-15 15:02:53,316 (monitor:248) INFO: After merging the system metrics from all works, we got std: defaultdict(None, {'id': 'sys_std', 'sys_std/fl_end_time_minutes': 0.10711, 'sys_std/total_model_size': '13.02M', 'sys_std/total_flops': '1.51T', 'sys_std/total_upload_bytes': '3.29M', 'sys_std/total_download_bytes': '1.39M', 'sys_std/global_convergence_round': 0.0, 'sys_std/local_convergence_round': 0.0, 'sys_std/global_convergence_time_minutes': 0.10669, 'sys_std/local_convergence_time_minutes': 0.0})
