2023-02-17 19:03:33,175 (logging:124) INFO: the current machine is at 192.168.0.1
2023-02-17 19:03:33,175 (logging:126) INFO: the current dir is /home/ubuntu/medscale
2023-02-17 19:03:33,175 (logging:127) INFO: the output dir is exp/FedAvg_resnet18_on_lung_lr0.01_lstep4
2023-02-17 19:03:41,234 (cfg_data:145) WARNING: config `cfg.data.batch_size` will be removed in the future, use `cfg.dataloader.batch_size` instead.
2023-02-17 19:03:41,234 (cfg_data:145) WARNING: config `cfg.data.batch_size` will be removed in the future, use `cfg.dataloader.batch_size` instead.
2023-02-17 19:03:41,257 (config:243) INFO: the used configs are: 
aggregator:
  inside_weight: 1.0
  num_agg_groups: 1
  num_agg_topk: []
  outside_weight: 0.0
asyn:
  use: False
attack:
  alpha_TV: 0.001
  alpha_prop_loss: 0
  attack_method: 
  attacker_id: -1
  classifier_PIA: randomforest
  edge_num: 100
  edge_path: edge_data/
  freq: 10
  info_diff_type: l2
  inject_round: 0
  insert_round: 100000
  label_type: dirty
  max_ite: 400
  mean: [0.1307]
  mia_is_simulate_in: False
  mia_simulate_in_round: 20
  pgd_eps: 2
  pgd_lr: 0.1
  pgd_poisoning: False
  poison_ratio: 0.5
  reconstruct_lr: 0.01
  reconstruct_optim: Adam
  scale_para: 1.0
  scale_poisoning: False
  self_epoch: 6
  self_lr: 0.05
  self_opt: False
  setting: fix
  std: [0.3081]
  target_label_ind: -1
  trigger_path: trigger/
  trigger_type: edge
backend: torch
cfg_file: 
check_completeness: False
criterion:
  type: CrossEntropyLoss
data:
  args: []
  batch_size: 16
  cSBM_phi: [0.5, 0.5, 0.5]
  cache_dir: 
  consistent_label_distribution: False
  drop_last: False
  hetero_data_name: []
  hetero_synth_batch_size: 32
  hetero_synth_feat_dim: 128
  hetero_synth_prim_weight: 0.5
  is_debug: False
  loader: 
  max_query_len: 128
  max_seq_len: 384
  max_tgt_len: 128
  num_contrast: 0
  num_of_client_for_data: []
  num_steps: 30
  num_workers: 0
  pre_transform: []
  quadratic:
    dim: 1
    max_curv: 12.5
    min_curv: 0.02
  root: data/
  save_data: False
  server_holds_all: False
  shuffle: True
  sizes: [10, 5]
  splits: [0.8, 0, 0.2]
  splitter: lda
  splitter_args: [{'alpha': 0.1}]
  subsample: 1.0
  target_transform: []
  test_pre_transform: []
  test_target_transform: []
  test_transform: []
  transform: []
  trunc_stride: 128
  type: lung
  val_pre_transform: []
  val_target_transform: []
  val_transform: []
  walk_length: 2
dataloader:
  batch_size: 16
  drop_last: False
  num_steps: 30
  num_workers: 0
  pin_memory: False
  shuffle: True
  sizes: [10, 5]
  theta: -1
  type: base
  walk_length: 2
device: 0
distribute:
  use: False
early_stop:
  delta: 0.0
  improve_indicator_mode: best
  patience: 5
eval:
  best_res_update_round_wise_key: test_loss
  count_flops: True
  freq: 1
  metrics: ['acc', 'correct', 'f1']
  monitoring: []
  report: ['weighted_avg', 'avg', 'fairness', 'raw']
  split: ['test', 'val']
expname: FedAvg_resnet18_on_lung_lr0.01_lstep4
expname_tag: 
feat_engr:
  num_bins: 5
  scenario: hfl
  secure:
    dp:
      
    encrypt:
      type: dummy
    key_size: 3072
    type: encrypt
  selec_threshold: 0.05
  selec_woe_binning: quantile
  type: 
federate:
  atc_load_from: 
  atc_vanilla: False
  client_num: 10
  data_weighted_aggr: False
  ignore_weight: False
  join_in_info: []
  make_global_eval: False
  merge_test_data: False
  method: FedAvg
  mode: standalone
  online_aggr: False
  resource_info_file: 
  restore_from: 
  sample_client_num: 10
  sample_client_rate: -1.0
  sampler: uniform
  save_to: 
  share_local_model: False
  total_round_num: 10
  unseen_clients_rate: 0.0
  use_diff: False
  use_ss: False
fedopt:
  use: False
fedprox:
  use: False
fedsageplus:
  a: 1.0
  b: 1.0
  c: 1.0
  fedgen_epoch: 200
  gen_hidden: 128
  hide_portion: 0.5
  loc_epoch: 1
  num_pred: 5
finetune:
  batch_or_epoch: epoch
  before_eval: False
  freeze_param: 
  local_update_steps: 1
  optimizer:
    lr: 0.1
    type: SGD
  scheduler:
    type: 
    warmup_ratio: 0.0
flitplus:
  factor_ema: 0.8
  lambdavat: 0.5
  tmpFed: 0.5
  weightReg: 1.0
gcflplus:
  EPS_1: 0.05
  EPS_2: 0.1
  seq_length: 5
  standardize: False
grad:
  grad_accum_count: 1
  grad_clip: 5.0
hpo:
  fedex:
    cutoff: 0.0
    diff: False
    eta0: -1.0
    flatten_ss: True
    gamma: 0.0
    pi_lr: 0.01
    psn: False
    sched: auto
    ss: 
    use: False
  init_cand_num: 16
  larger_better: False
  metric: client_summarized_weighted_avg.val_loss
  num_workers: 0
  pbt:
    max_stage: 5
    perf_threshold: 0.1
  scheduler: rs
  sha:
    budgets: []
    elim_rate: 3
    iter: 0
  ss: 
  table:
    eps: 0.1
    idx: 0
    num: 27
  working_folder: hpo
model:
  contrast_temp: 1.0
  contrast_topk: 100
  downstream_tasks: []
  dropout: 0.0
  embed_size: 8
  gamma: 0
  graph_pooling: mean
  hidden: 2048
  in_channels: 0
  input_shape: ()
  label_smoothing: 0.1
  lambda_: 0.1
  layer: 2
  length_penalty: 2.0
  max_answer_len: 30
  max_length: 200
  max_tree_depth: 3
  min_length: 1
  model_num_per_trainer: 1
  model_type: google/bert_uncased_L-2_H-128_A-2
  n_best_size: 20
  no_repeat_ngram_size: 3
  null_score_diff_threshold: 0.0
  num_beams: 5
  num_item: 0
  num_labels: 1
  num_of_trees: 10
  num_user: 0
  out_channels: 62
  pretrain_tasks: []
  stage: 
  task: node
  type: resnet18
  use_bias: True
  use_contrastive_loss: False
nbafl:
  use: False
outdir: exp/FedAvg_resnet18_on_lung_lr0.01_lstep4
personalization:
  K: 5
  beta: 1.0
  local_param: ['bn', 'norms']
  local_update_steps: 4
  lr: 0.01
  regular_weight: 0.1
  share_non_trainable_para: False
print_decimal_digits: 6
regularizer:
  mu: 0.0
  type: 
seed: 2
sgdmf:
  use: False
train:
  batch_or_epoch: epoch
  local_update_steps: 4
  optimizer:
    lr: 0.01
    type: SGD
    weight_decay: 0.0
  scheduler:
    type: 
    warmup_ratio: 0.0
trainer:
  disp_freq: 50
  local_entropy:
    alpha: 0.75
    eps: 0.001
    gamma: 0.0001
  sam:
    adaptive: False
    eta: 0.0
    rho: 1.0
  type: cvtrainer
  val_freq: 100000000
use_gpu: True
verbose: 1
vertical:
  use: False
wandb:
  use: False
2023-02-17 19:03:41,325 (utils:144) INFO: The device information file is not provided
2023-02-17 19:03:41,526 (fed_runner:169) INFO: Server has been set up ... 
2023-02-17 19:03:41,735 (fed_runner:221) INFO: Client 1 has been set up ... 
2023-02-17 19:03:41,940 (fed_runner:221) INFO: Client 2 has been set up ... 
2023-02-17 19:03:42,047 (fed_runner:221) INFO: Client 3 has been set up ... 
2023-02-17 19:03:42,267 (fed_runner:221) INFO: Client 4 has been set up ... 
2023-02-17 19:03:42,390 (fed_runner:221) INFO: Client 5 has been set up ... 
2023-02-17 19:03:42,580 (fed_runner:221) INFO: Client 6 has been set up ... 
2023-02-17 19:03:42,800 (fed_runner:221) INFO: Client 7 has been set up ... 
2023-02-17 19:03:42,933 (fed_runner:221) INFO: Client 8 has been set up ... 
2023-02-17 19:03:43,051 (fed_runner:221) INFO: Client 9 has been set up ... 
2023-02-17 19:03:43,176 (fed_runner:221) INFO: Client 10 has been set up ... 
<<<<<<< HEAD
2023-02-17 19:03:43,177 (trainer:341) INFO: Model meta-info: <class 'medscale.contrib.model.resnet.ResNet'>.
=======
<<<<<<< HEAD
2023-02-17 19:03:43,177 (trainer:341) INFO: Model meta-info: <class 'medscale.contrib.model.resnet.ResNet'>.
=======
2023-02-17 19:03:43,177 (trainer:341) INFO: Model meta-info: <class 'medscale.contrib.model.resnet.ResNet'>.
>>>>>>> fe4962455354c9c11afd9c9806ceda28eb280737
>>>>>>> 64b283ee525ef53c32509882719e74890329b83f
2023-02-17 19:03:43,178 (trainer:349) INFO: Num of original para names: 122.
2023-02-17 19:03:43,178 (trainer:350) INFO: Num of original trainable para names: 62.
2023-02-17 19:03:43,178 (trainer:352) INFO: Num of preserved para names in local update: 37. 
Preserved para names in local update: {'layer2.0.shortcut.1.num_batches_tracked', 'layer3.0.shortcut.0.weight', 'layer1.1.conv2.weight', 'layer2.1.conv2.weight', 'layer2.0.shortcut.1.running_var', 'layer2.0.conv2.weight', 'layer2.0.shortcut.1.running_mean', 'layer2.0.shortcut.0.weight', 'linear.bias', 'layer3.0.shortcut.1.running_mean', 'layer4.0.shortcut.1.running_var', 'layer4.0.shortcut.1.weight', 'layer4.0.shortcut.1.bias', 'layer4.1.conv2.weight', 'layer3.1.conv1.weight', 'conv1.weight', 'linear.weight', 'layer2.0.shortcut.1.weight', 'layer4.0.conv2.weight', 'layer4.0.shortcut.1.running_mean', 'layer2.1.conv1.weight', 'layer4.0.shortcut.1.num_batches_tracked', 'layer3.0.conv1.weight', 'layer3.0.conv2.weight', 'layer1.0.conv2.weight', 'layer2.0.shortcut.1.bias', 'layer3.0.shortcut.1.bias', 'layer3.1.conv2.weight', 'layer4.0.conv1.weight', 'layer1.0.conv1.weight', 'layer3.0.shortcut.1.weight', 'layer3.0.shortcut.1.num_batches_tracked', 'layer4.1.conv1.weight', 'layer4.0.shortcut.0.weight', 'layer2.0.conv1.weight', 'layer3.0.shortcut.1.running_var', 'layer1.1.conv1.weight'}.
2023-02-17 19:03:43,179 (trainer:356) INFO: Num of filtered para names in local update: 85. 
Filtered para names in local update: {'layer4.1.bn2.bias', 'layer1.0.bn1.running_var', 'layer3.0.bn1.bias', 'layer3.1.bn1.running_var', 'layer4.1.bn2.running_var', 'layer3.0.bn2.weight', 'layer4.1.bn1.num_batches_tracked', 'layer3.0.bn1.weight', 'layer4.0.bn1.weight', 'layer1.1.bn2.bias', 'layer1.1.bn1.running_mean', 'bn1.num_batches_tracked', 'layer3.1.bn2.running_var', 'layer2.0.bn2.num_batches_tracked', 'layer1.1.bn1.bias', 'layer1.0.bn1.num_batches_tracked', 'layer3.1.bn2.weight', 'layer1.0.bn2.num_batches_tracked', 'layer1.0.bn1.running_mean', 'layer2.1.bn1.num_batches_tracked', 'bn1.running_var', 'layer1.1.bn1.running_var', 'layer1.0.bn2.weight', 'layer1.1.bn1.num_batches_tracked', 'layer1.1.bn2.num_batches_tracked', 'layer4.1.bn2.weight', 'layer3.1.bn1.num_batches_tracked', 'layer2.1.bn2.bias', 'layer4.0.bn2.running_mean', 'bn1.bias', 'layer2.1.bn2.running_mean', 'layer2.0.bn1.weight', 'layer4.0.bn2.bias', 'layer1.0.bn2.running_var', 'layer3.0.bn2.bias', 'layer3.1.bn2.num_batches_tracked', 'layer3.0.bn1.running_var', 'layer4.0.bn2.num_batches_tracked', 'bn1.weight', 'layer4.1.bn2.num_batches_tracked', 'layer3.0.bn1.num_batches_tracked', 'layer4.1.bn2.running_mean', 'layer4.0.bn2.weight', 'layer1.0.bn2.bias', 'bn1.running_mean', 'layer2.0.bn2.weight', 'layer2.0.bn1.running_var', 'layer3.0.bn2.running_mean', 'layer1.1.bn2.running_mean', 'layer3.1.bn2.running_mean', 'layer1.1.bn2.running_var', 'layer3.1.bn1.running_mean', 'layer2.1.bn1.weight', 'layer2.0.bn2.running_mean', 'layer1.0.bn1.weight', 'layer4.0.bn1.bias', 'layer2.1.bn2.running_var', 'layer4.0.bn2.running_var', 'layer4.0.bn1.num_batches_tracked', 'layer2.0.bn1.bias', 'layer2.1.bn1.running_var', 'layer2.0.bn2.bias', 'layer2.0.bn2.running_var', 'layer2.0.bn1.running_mean', 'layer1.0.bn1.bias', 'layer4.0.bn1.running_mean', 'layer2.0.bn1.num_batches_tracked', 'layer1.1.bn2.weight', 'layer4.1.bn1.bias', 'layer1.0.bn2.running_mean', 'layer1.1.bn1.weight', 'layer2.1.bn2.weight', 'layer3.1.bn2.bias', 'layer2.1.bn2.num_batches_tracked', 'layer3.0.bn2.num_batches_tracked', 'layer4.1.bn1.running_var', 'layer3.1.bn1.bias', 'layer4.1.bn1.running_mean', 'layer2.1.bn1.bias', 'layer4.0.bn1.running_var', 'layer3.1.bn1.weight', 'layer3.0.bn1.running_mean', 'layer2.1.bn1.running_mean', 'layer4.1.bn1.weight', 'layer3.0.bn2.running_var'}.
2023-02-17 19:03:43,180 (trainer:361) INFO: After register default hooks,
	the hooks_in_train is:
	{
	  "on_fit_start": [
	    "_hook_on_fit_start_init",
	    "_hook_on_fit_start_calculate_model_size"
	  ],
	  "on_epoch_start": [
	    "_hook_on_epoch_start"
	  ],
	  "on_batch_start": [
	    "_hook_on_batch_start_init"
	  ],
	  "on_batch_forward": [
	    "_hook_on_batch_forward",
	    "_hook_on_batch_forward_regularizer",
	    "_hook_on_batch_forward_flop_count"
	  ],
	  "on_batch_backward": [
	    "_hook_on_batch_backward"
	  ],
	  "on_batch_end": [
	    "_hook_on_batch_end"
	  ],
	  "on_fit_end": [
	    "_hook_on_fit_end"
	  ]
	};
	the hooks_in_eval is:
            t{
	  "on_fit_start": [
	    "_hook_on_fit_start_init"
	  ],
	  "on_epoch_start": [
	    "_hook_on_epoch_start"
	  ],
	  "on_batch_start": [
	    "_hook_on_batch_start_init"
	  ],
	  "on_batch_forward": [
	    "_hook_on_batch_forward"
	  ],
	  "on_batch_end": [
	    "_hook_on_batch_end"
	  ],
	  "on_fit_end": [
	    "_hook_on_fit_end"
	  ]
	}
2023-02-17 19:03:43,223 (server:804) INFO: ----------- Starting training (Round #0) -------------
2023-02-17 19:03:46,808 (client:306) INFO: {'Role': 'Client #6', 'Round': 0, 'Results_raw': {'train_avg_loss': 0.503302, 'train_correct': 6.0, 'train_loss': 4.026418, 'train_total': 8, 'train_f1': 0.428571, 'train_acc': 0.75}}
2023-02-17 19:03:47,810 (client:306) INFO: {'Role': 'Client #5', 'Round': 0, 'Results_raw': {'train_avg_loss': 0.088693, 'train_correct': 96.0, 'train_loss': 8.514505, 'train_total': 96, 'train_f1': 1.0, 'train_acc': 1.0}}
2023-02-17 19:03:55,692 (client:306) INFO: {'Role': 'Client #8', 'Round': 0, 'Results_raw': {'train_avg_loss': 0.38721, 'train_correct': 787.0, 'train_loss': 346.939786, 'train_total': 896, 'train_f1': 0.370152, 'train_acc': 0.878348}}
2023-02-17 19:03:57,344 (client:306) INFO: {'Role': 'Client #2', 'Round': 0, 'Results_raw': {'train_avg_loss': 0.155698, 'train_correct': 160.0, 'train_loss': 27.402844, 'train_total': 176, 'train_f1': 0.47619, 'train_acc': 0.909091}}
2023-02-17 19:04:07,556 (client:306) INFO: {'Role': 'Client #4', 'Round': 0, 'Results_raw': {'train_avg_loss': 0.034983, 'train_correct': 1112.0, 'train_loss': 39.040582, 'train_total': 1116, 'train_f1': 0.499102, 'train_acc': 0.996416}}
2023-02-17 19:04:09,208 (client:306) INFO: {'Role': 'Client #7', 'Round': 0, 'Results_raw': {'train_avg_loss': 0.159264, 'train_correct': 160.0, 'train_loss': 28.030521, 'train_total': 176, 'train_f1': 0.47619, 'train_acc': 0.909091}}
2023-02-17 19:04:14,234 (client:306) INFO: {'Role': 'Client #9', 'Round': 0, 'Results_raw': {'train_avg_loss': 0.050033, 'train_correct': 540.0, 'train_loss': 27.818316, 'train_total': 556, 'train_f1': 0.492701, 'train_acc': 0.971223}}
2023-02-17 19:04:17,025 (client:306) INFO: {'Role': 'Client #1', 'Round': 0, 'Results_raw': {'train_avg_loss': 0.169545, 'train_correct': 276.0, 'train_loss': 50.185403, 'train_total': 296, 'train_f1': 0.482517, 'train_acc': 0.932432}}
2023-02-17 19:04:17,223 (client:306) INFO: {'Role': 'Client #3', 'Round': 0, 'Results_raw': {'train_avg_loss': 0.15619, 'train_correct': 4.0, 'train_loss': 0.62476, 'train_total': 4, 'train_f1': 1.0, 'train_acc': 1.0}}
2023-02-17 19:04:19,003 (client:306) INFO: {'Role': 'Client #10', 'Round': 0, 'Results_raw': {'train_avg_loss': 0.735129, 'train_correct': 136.0, 'train_loss': 135.263823, 'train_total': 184, 'train_f1': 0.343449, 'train_acc': 0.73913}}
2023-02-17 19:04:19,010 (monitor:541) INFO: {'Role': 'Server #', 'Round': 0, 'Results_model_metric': {}}
2023-02-17 19:04:19,090 (server:330) INFO: Server: Starting evaluation at the end of round 0.
2023-02-17 19:04:19,092 (server:336) INFO: ----------- Starting a new training round (Round #1) -------------
2023-02-17 19:04:20,016 (context:294) WARNING: No val_data or val_loader in the trainer, will skip evaluation.If this is not the case you want, please check whether there is typo for the name
2023-02-17 19:04:20,060 (context:294) WARNING: No val_data or val_loader in the trainer, will skip evaluation.If this is not the case you want, please check whether there is typo for the name
2023-02-17 19:04:20,267 (context:294) WARNING: No val_data or val_loader in the trainer, will skip evaluation.If this is not the case you want, please check whether there is typo for the name
2023-02-17 19:04:20,327 (context:294) WARNING: No val_data or val_loader in the trainer, will skip evaluation.If this is not the case you want, please check whether there is typo for the name
2023-02-17 19:04:20,379 (context:294) WARNING: No val_data or val_loader in the trainer, will skip evaluation.If this is not the case you want, please check whether there is typo for the name
2023-02-17 19:04:20,507 (context:294) WARNING: No val_data or val_loader in the trainer, will skip evaluation.If this is not the case you want, please check whether there is typo for the name
2023-02-17 19:04:20,578 (context:294) WARNING: No val_data or val_loader in the trainer, will skip evaluation.If this is not the case you want, please check whether there is typo for the name
2023-02-17 19:04:20,639 (context:294) WARNING: No val_data or val_loader in the trainer, will skip evaluation.If this is not the case you want, please check whether there is typo for the name
2023-02-17 19:04:20,794 (context:294) WARNING: No val_data or val_loader in the trainer, will skip evaluation.If this is not the case you want, please check whether there is typo for the name
2023-02-17 19:04:21,151 (context:294) WARNING: No val_data or val_loader in the trainer, will skip evaluation.If this is not the case you want, please check whether there is typo for the name
2023-02-17 19:04:23,866 (client:306) INFO: {'Role': 'Client #1', 'Round': 1, 'Results_raw': {'train_avg_loss': 0.21451, 'train_correct': 276.0, 'train_loss': 63.494817, 'train_total': 296, 'train_f1': 0.321678, 'train_acc': 0.932432}}
2023-02-17 19:04:25,428 (client:306) INFO: {'Role': 'Client #2', 'Round': 1, 'Results_raw': {'train_avg_loss': 0.043928, 'train_correct': 176.0, 'train_loss': 7.731346, 'train_total': 176, 'train_f1': 1.0, 'train_acc': 1.0}}
2023-02-17 19:04:26,363 (client:306) INFO: {'Role': 'Client #5', 'Round': 1, 'Results_raw': {'train_avg_loss': 0.233834, 'train_correct': 80.0, 'train_loss': 22.448111, 'train_total': 96, 'train_f1': 0.454545, 'train_acc': 0.833333}}
2023-02-17 19:04:26,527 (client:306) INFO: {'Role': 'Client #6', 'Round': 1, 'Results_raw': {'train_avg_loss': 0.633678, 'train_correct': 6.0, 'train_loss': 5.069427, 'train_total': 8, 'train_f1': 0.428571, 'train_acc': 0.75}}
2023-02-17 19:04:28,120 (client:306) INFO: {'Role': 'Client #7', 'Round': 1, 'Results_raw': {'train_avg_loss': 0.043405, 'train_correct': 176.0, 'train_loss': 7.6392, 'train_total': 176, 'train_f1': 1.0, 'train_acc': 1.0}}
2023-02-17 19:04:33,052 (client:306) INFO: {'Role': 'Client #9', 'Round': 1, 'Results_raw': {'train_avg_loss': 0.014758, 'train_correct': 556.0, 'train_loss': 8.20519, 'train_total': 556, 'train_f1': 1.0, 'train_acc': 1.0}}
2023-02-17 19:04:43,360 (client:306) INFO: {'Role': 'Client #4', 'Round': 1, 'Results_raw': {'train_avg_loss': 0.048296, 'train_correct': 1096.0, 'train_loss': 53.898381, 'train_total': 1116, 'train_f1': 0.330319, 'train_acc': 0.982079}}
2023-02-17 19:04:51,209 (client:306) INFO: {'Role': 'Client #8', 'Round': 1, 'Results_raw': {'train_avg_loss': 0.367163, 'train_correct': 809.0, 'train_loss': 328.977634, 'train_total': 896, 'train_f1': 0.516472, 'train_acc': 0.902902}}
2023-02-17 19:04:52,934 (client:306) INFO: {'Role': 'Client #10', 'Round': 1, 'Results_raw': {'train_avg_loss': 0.686452, 'train_correct': 140.0, 'train_loss': 126.307139, 'train_total': 184, 'train_f1': 0.352899, 'train_acc': 0.76087}}
2023-02-17 19:04:53,065 (client:306) INFO: {'Role': 'Client #3', 'Round': 1, 'Results_raw': {'train_avg_loss': 0.389305, 'train_correct': 3.0, 'train_loss': 1.557221, 'train_total': 4, 'train_f1': 0.428571, 'train_acc': 0.75}}
2023-02-17 19:04:53,068 (server:590) INFO: {'Role': 'Server #', 'Round': 0, 'Results_weighted_avg': {'test_avg_loss': 0.983378, 'test_correct': 12.8, 'test_loss': 61.55838, 'test_total': 22.0, 'test_f1': 0.576522, 'test_acc': 0.581818}, 'Results_avg': {'test_avg_loss': 1.162213, 'test_correct': 12.8, 'test_loss': 21.63432, 'test_total': 22.0, 'test_f1': 0.186982, 'test_acc': 0.216591}, 'Results_fairness': {'test_correct': 12.8, 'test_total': 22.0, 'test_avg_loss_std': 0.21133, 'test_avg_loss_bottom_decile': 0.915477, 'test_avg_loss_top_decile': 1.412369, 'test_avg_loss_min': 0.732583, 'test_avg_loss_max': 1.412369, 'test_avg_loss_bottom10%': 0.732583, 'test_avg_loss_top10%': 1.412369, 'test_avg_loss_cos1': 0.983867, 'test_avg_loss_entropy': 2.285117, 'test_loss_std': 27.072741, 'test_loss_bottom_decile': 1.968309, 'test_loss_top_decile': 86.444833, 'test_loss_min': 1.372975, 'test_loss_max': 86.444833, 'test_loss_bottom10%': 1.372975, 'test_loss_top10%': 86.444833, 'test_loss_cos1': 0.624275, 'test_loss_entropy': 1.642695, 'test_f1_std': 0.284155, 'test_f1_bottom_decile': 0.0, 'test_f1_top_decile': 1.0, 'test_f1_min': 0.0, 'test_f1_max': 1.0, 'test_f1_bottom10%': 0.0, 'test_f1_top10%': 1.0, 'test_f1_cos1': 0.549694, 'test_f1_entropy': 1.456708, 'test_acc_std': 0.290219, 'test_acc_bottom_decile': 0.0, 'test_acc_top_decile': 1.0, 'test_acc_min': 0.0, 'test_acc_max': 1.0, 'test_acc_bottom10%': 0.0, 'test_acc_top10%': 1.0, 'test_acc_cos1': 0.598101, 'test_acc_entropy': 1.538268}}
2023-02-17 19:04:53,075 (monitor:541) INFO: {'Role': 'Server #', 'Round': 1, 'Results_model_metric': {}}
2023-02-17 19:04:53,153 (server:330) INFO: Server: Starting evaluation at the end of round 1.
2023-02-17 19:04:53,156 (server:336) INFO: ----------- Starting a new training round (Round #2) -------------
2023-02-17 19:04:54,083 (context:294) WARNING: No val_data or val_loader in the trainer, will skip evaluation.If this is not the case you want, please check whether there is typo for the name
2023-02-17 19:04:54,128 (context:294) WARNING: No val_data or val_loader in the trainer, will skip evaluation.If this is not the case you want, please check whether there is typo for the name
2023-02-17 19:04:54,335 (context:294) WARNING: No val_data or val_loader in the trainer, will skip evaluation.If this is not the case you want, please check whether there is typo for the name
2023-02-17 19:04:54,396 (context:294) WARNING: No val_data or val_loader in the trainer, will skip evaluation.If this is not the case you want, please check whether there is typo for the name
2023-02-17 19:04:54,449 (context:294) WARNING: No val_data or val_loader in the trainer, will skip evaluation.If this is not the case you want, please check whether there is typo for the name
2023-02-17 19:04:54,579 (context:294) WARNING: No val_data or val_loader in the trainer, will skip evaluation.If this is not the case you want, please check whether there is typo for the name
2023-02-17 19:04:54,647 (context:294) WARNING: No val_data or val_loader in the trainer, will skip evaluation.If this is not the case you want, please check whether there is typo for the name
2023-02-17 19:04:54,708 (context:294) WARNING: No val_data or val_loader in the trainer, will skip evaluation.If this is not the case you want, please check whether there is typo for the name
2023-02-17 19:04:54,859 (context:294) WARNING: No val_data or val_loader in the trainer, will skip evaluation.If this is not the case you want, please check whether there is typo for the name
2023-02-17 19:04:55,213 (context:294) WARNING: No val_data or val_loader in the trainer, will skip evaluation.If this is not the case you want, please check whether there is typo for the name
2023-02-17 19:04:55,384 (client:306) INFO: {'Role': 'Client #6', 'Round': 2, 'Results_raw': {'train_avg_loss': 0.524584, 'train_correct': 6.0, 'train_loss': 4.196668, 'train_total': 8, 'train_f1': 0.428571, 'train_acc': 0.75}}
2023-02-17 19:04:57,094 (client:306) INFO: {'Role': 'Client #10', 'Round': 2, 'Results_raw': {'train_avg_loss': 0.713761, 'train_correct': 136.0, 'train_loss': 131.332014, 'train_total': 184, 'train_f1': 0.368582, 'train_acc': 0.73913}}
2023-02-17 19:04:57,228 (client:306) INFO: {'Role': 'Client #3', 'Round': 2, 'Results_raw': {'train_avg_loss': 0.371956, 'train_correct': 3.0, 'train_loss': 1.487822, 'train_total': 4, 'train_f1': 0.428571, 'train_acc': 0.75}}
2023-02-17 19:04:58,793 (client:306) INFO: {'Role': 'Client #2', 'Round': 2, 'Results_raw': {'train_avg_loss': 0.052891, 'train_correct': 176.0, 'train_loss': 9.308834, 'train_total': 176, 'train_f1': 1.0, 'train_acc': 1.0}}
2023-02-17 19:05:08,966 (client:306) INFO: {'Role': 'Client #4', 'Round': 2, 'Results_raw': {'train_avg_loss': 0.0417, 'train_correct': 1096.0, 'train_loss': 46.536882, 'train_total': 1116, 'train_f1': 0.330319, 'train_acc': 0.982079}}
2023-02-17 19:05:13,887 (client:306) INFO: {'Role': 'Client #9', 'Round': 2, 'Results_raw': {'train_avg_loss': 0.018227, 'train_correct': 556.0, 'train_loss': 10.133942, 'train_total': 556, 'train_f1': 1.0, 'train_acc': 1.0}}
2023-02-17 19:05:15,468 (client:306) INFO: {'Role': 'Client #7', 'Round': 2, 'Results_raw': {'train_avg_loss': 0.051545, 'train_correct': 176.0, 'train_loss': 9.071979, 'train_total': 176, 'train_f1': 1.0, 'train_acc': 1.0}}
2023-02-17 19:05:16,402 (client:306) INFO: {'Role': 'Client #5', 'Round': 2, 'Results_raw': {'train_avg_loss': 0.194303, 'train_correct': 81.0, 'train_loss': 18.653069, 'train_total': 96, 'train_f1': 0.457627, 'train_acc': 0.84375}}
2023-02-17 19:05:19,107 (client:306) INFO: {'Role': 'Client #1', 'Round': 2, 'Results_raw': {'train_avg_loss': 0.186247, 'train_correct': 276.0, 'train_loss': 55.12903, 'train_total': 296, 'train_f1': 0.321678, 'train_acc': 0.932432}}
2023-02-17 19:05:26,920 (client:306) INFO: {'Role': 'Client #8', 'Round': 2, 'Results_raw': {'train_avg_loss': 0.326777, 'train_correct': 798.0, 'train_loss': 292.792492, 'train_total': 896, 'train_f1': 0.555475, 'train_acc': 0.890625}}
2023-02-17 19:05:26,922 (server:590) INFO: {'Role': 'Server #', 'Round': 1, 'Results_weighted_avg': {'test_avg_loss': 0.931752, 'test_correct': 13.5, 'test_loss': 54.972293, 'test_total': 22.0, 'test_f1': 0.599622, 'test_acc': 0.613636}, 'Results_avg': {'test_avg_loss': 1.19066, 'test_correct': 13.5, 'test_loss': 20.498542, 'test_total': 22.0, 'test_f1': 0.263492, 'test_acc': 0.322348}, 'Results_fairness': {'test_correct': 13.5, 'test_total': 22.0, 'test_avg_loss_std': 0.321359, 'test_avg_loss_bottom_decile': 0.841662, 'test_avg_loss_top_decile': 1.602648, 'test_avg_loss_min': 0.635603, 'test_avg_loss_max': 1.602648, 'test_avg_loss_bottom10%': 0.635603, 'test_avg_loss_top10%': 1.602648, 'test_avg_loss_cos1': 0.965453, 'test_avg_loss_entropy': 2.264663, 'test_loss_std': 23.960411, 'test_loss_bottom_decile': 1.846693, 'test_loss_top_decile': 75.001126, 'test_loss_min': 1.590553, 'test_loss_max': 75.001126, 'test_loss_bottom10%': 1.590553, 'test_loss_top10%': 75.001126, 'test_loss_cos1': 0.650079, 'test_loss_entropy': 1.695361, 'test_f1_std': 0.264591, 'test_f1_bottom_decile': 0.02439, 'test_f1_top_decile': 1.0, 'test_f1_min': 0.0, 'test_f1_max': 1.0, 'test_f1_bottom10%': 0.0, 'test_f1_top10%': 1.0, 'test_f1_cos1': 0.705634, 'test_f1_entropy': 1.882673, 'test_acc_std': 0.266747, 'test_acc_bottom_decile': 0.025, 'test_acc_top_decile': 1.0, 'test_acc_min': 0.0, 'test_acc_max': 1.0, 'test_acc_bottom10%': 0.0, 'test_acc_top10%': 1.0, 'test_acc_cos1': 0.770422, 'test_acc_entropy': 1.960417}}
2023-02-17 19:05:26,928 (monitor:541) INFO: {'Role': 'Server #', 'Round': 2, 'Results_model_metric': {}}
2023-02-17 19:05:27,003 (server:330) INFO: Server: Starting evaluation at the end of round 2.
2023-02-17 19:05:27,005 (server:336) INFO: ----------- Starting a new training round (Round #3) -------------
2023-02-17 19:05:27,924 (context:294) WARNING: No val_data or val_loader in the trainer, will skip evaluation.If this is not the case you want, please check whether there is typo for the name
2023-02-17 19:05:27,967 (context:294) WARNING: No val_data or val_loader in the trainer, will skip evaluation.If this is not the case you want, please check whether there is typo for the name
2023-02-17 19:05:28,174 (context:294) WARNING: No val_data or val_loader in the trainer, will skip evaluation.If this is not the case you want, please check whether there is typo for the name
2023-02-17 19:05:28,233 (context:294) WARNING: No val_data or val_loader in the trainer, will skip evaluation.If this is not the case you want, please check whether there is typo for the name
2023-02-17 19:05:28,285 (context:294) WARNING: No val_data or val_loader in the trainer, will skip evaluation.If this is not the case you want, please check whether there is typo for the name
2023-02-17 19:05:28,412 (context:294) WARNING: No val_data or val_loader in the trainer, will skip evaluation.If this is not the case you want, please check whether there is typo for the name
2023-02-17 19:05:28,480 (context:294) WARNING: No val_data or val_loader in the trainer, will skip evaluation.If this is not the case you want, please check whether there is typo for the name
2023-02-17 19:05:28,539 (context:294) WARNING: No val_data or val_loader in the trainer, will skip evaluation.If this is not the case you want, please check whether there is typo for the name
2023-02-17 19:05:28,696 (context:294) WARNING: No val_data or val_loader in the trainer, will skip evaluation.If this is not the case you want, please check whether there is typo for the name
2023-02-17 19:05:29,051 (context:294) WARNING: No val_data or val_loader in the trainer, will skip evaluation.If this is not the case you want, please check whether there is typo for the name
2023-02-17 19:05:29,216 (client:306) INFO: {'Role': 'Client #6', 'Round': 3, 'Results_raw': {'train_avg_loss': 0.452752, 'train_correct': 6.0, 'train_loss': 3.622019, 'train_total': 8, 'train_f1': 0.428571, 'train_acc': 0.75}}
2023-02-17 19:05:30,799 (client:306) INFO: {'Role': 'Client #7', 'Round': 3, 'Results_raw': {'train_avg_loss': 0.037955, 'train_correct': 176.0, 'train_loss': 6.680061, 'train_total': 176, 'train_f1': 1.0, 'train_acc': 1.0}}
2023-02-17 19:05:32,511 (client:306) INFO: {'Role': 'Client #10', 'Round': 3, 'Results_raw': {'train_avg_loss': 0.743561, 'train_correct': 114.0, 'train_loss': 136.815177, 'train_total': 184, 'train_f1': 0.315632, 'train_acc': 0.619565}}
2023-02-17 19:05:37,436 (client:306) INFO: {'Role': 'Client #9', 'Round': 3, 'Results_raw': {'train_avg_loss': 0.012859, 'train_correct': 556.0, 'train_loss': 7.149427, 'train_total': 556, 'train_f1': 1.0, 'train_acc': 1.0}}
2023-02-17 19:05:39,033 (client:306) INFO: {'Role': 'Client #2', 'Round': 3, 'Results_raw': {'train_avg_loss': 0.046587, 'train_correct': 176.0, 'train_loss': 8.199334, 'train_total': 176, 'train_f1': 1.0, 'train_acc': 1.0}}
2023-02-17 19:05:39,966 (client:306) INFO: {'Role': 'Client #5', 'Round': 3, 'Results_raw': {'train_avg_loss': 0.214142, 'train_correct': 80.0, 'train_loss': 20.55766, 'train_total': 96, 'train_f1': 0.30303, 'train_acc': 0.833333}}
2023-02-17 19:05:50,149 (client:306) INFO: {'Role': 'Client #4', 'Round': 3, 'Results_raw': {'train_avg_loss': 0.041761, 'train_correct': 1096.0, 'train_loss': 46.604892, 'train_total': 1116, 'train_f1': 0.330319, 'train_acc': 0.982079}}
2023-02-17 19:05:52,850 (client:306) INFO: {'Role': 'Client #1', 'Round': 3, 'Results_raw': {'train_avg_loss': 0.188896, 'train_correct': 276.0, 'train_loss': 55.913149, 'train_total': 296, 'train_f1': 0.321678, 'train_acc': 0.932432}}
2023-02-17 19:05:52,978 (client:306) INFO: {'Role': 'Client #3', 'Round': 3, 'Results_raw': {'train_avg_loss': 0.325861, 'train_correct': 3.0, 'train_loss': 1.303442, 'train_total': 4, 'train_f1': 0.428571, 'train_acc': 0.75}}
2023-02-17 19:06:00,765 (client:306) INFO: {'Role': 'Client #8', 'Round': 3, 'Results_raw': {'train_avg_loss': 0.295007, 'train_correct': 801.0, 'train_loss': 264.326595, 'train_total': 896, 'train_f1': 0.416579, 'train_acc': 0.893973}}
2023-02-17 19:06:00,768 (server:590) INFO: {'Role': 'Server #', 'Round': 2, 'Results_weighted_avg': {'test_avg_loss': 0.917487, 'test_correct': 12.0, 'test_loss': 46.806159, 'test_total': 22.0, 'test_f1': 0.278803, 'test_acc': 0.545455}, 'Results_avg': {'test_avg_loss': 1.338595, 'test_correct': 12.0, 'test_loss': 20.184712, 'test_total': 22.0, 'test_f1': 0.098807, 'test_acc': 0.175805}, 'Results_fairness': {'test_correct': 12.0, 'test_total': 22.0, 'test_avg_loss_std': 0.400008, 'test_avg_loss_bottom_decile': 0.926273, 'test_avg_loss_top_decile': 1.902872, 'test_avg_loss_min': 0.480045, 'test_avg_loss_max': 1.902872, 'test_avg_loss_bottom10%': 0.480045, 'test_avg_loss_top10%': 1.902872, 'test_avg_loss_cos1': 0.958135, 'test_avg_loss_entropy': 2.252285, 'test_loss_std': 21.149728, 'test_loss_bottom_decile': 2.259908, 'test_loss_top_decile': 57.773575, 'test_loss_min': 1.902872, 'test_loss_max': 57.773575, 'test_loss_bottom10%': 1.902872, 'test_loss_top10%': 57.773575, 'test_loss_cos1': 0.69041, 'test_loss_entropy': 1.781992, 'test_f1_std': 0.155441, 'test_f1_bottom_decile': 0.0, 'test_f1_top_decile': 0.495726, 'test_f1_min': 0.0, 'test_f1_max': 0.495726, 'test_f1_bottom10%': 0.0, 'test_f1_top10%': 0.495726, 'test_f1_cos1': 0.536448, 'test_f1_entropy': 1.238893, 'test_acc_std': 0.297843, 'test_acc_bottom_decile': 0.0, 'test_acc_top_decile': 0.983051, 'test_acc_min': 0.0, 'test_acc_max': 0.983051, 'test_acc_bottom10%': 0.0, 'test_acc_top10%': 0.983051, 'test_acc_cos1': 0.508315, 'test_acc_entropy': 1.160611}}
2023-02-17 19:06:00,774 (monitor:541) INFO: {'Role': 'Server #', 'Round': 3, 'Results_model_metric': {}}
2023-02-17 19:06:00,846 (server:330) INFO: Server: Starting evaluation at the end of round 3.
2023-02-17 19:06:00,848 (server:336) INFO: ----------- Starting a new training round (Round #4) -------------
2023-02-17 19:06:01,776 (context:294) WARNING: No val_data or val_loader in the trainer, will skip evaluation.If this is not the case you want, please check whether there is typo for the name
2023-02-17 19:06:01,820 (context:294) WARNING: No val_data or val_loader in the trainer, will skip evaluation.If this is not the case you want, please check whether there is typo for the name
2023-02-17 19:06:02,028 (context:294) WARNING: No val_data or val_loader in the trainer, will skip evaluation.If this is not the case you want, please check whether there is typo for the name
2023-02-17 19:06:02,086 (context:294) WARNING: No val_data or val_loader in the trainer, will skip evaluation.If this is not the case you want, please check whether there is typo for the name
2023-02-17 19:06:02,138 (context:294) WARNING: No val_data or val_loader in the trainer, will skip evaluation.If this is not the case you want, please check whether there is typo for the name
2023-02-17 19:06:02,266 (context:294) WARNING: No val_data or val_loader in the trainer, will skip evaluation.If this is not the case you want, please check whether there is typo for the name
2023-02-17 19:06:02,333 (context:294) WARNING: No val_data or val_loader in the trainer, will skip evaluation.If this is not the case you want, please check whether there is typo for the name
2023-02-17 19:06:02,390 (context:294) WARNING: No val_data or val_loader in the trainer, will skip evaluation.If this is not the case you want, please check whether there is typo for the name
2023-02-17 19:06:02,541 (context:294) WARNING: No val_data or val_loader in the trainer, will skip evaluation.If this is not the case you want, please check whether there is typo for the name
2023-02-17 19:06:02,891 (context:294) WARNING: No val_data or val_loader in the trainer, will skip evaluation.If this is not the case you want, please check whether there is typo for the name
2023-02-17 19:06:10,698 (client:306) INFO: {'Role': 'Client #8', 'Round': 4, 'Results_raw': {'train_avg_loss': 0.299136, 'train_correct': 817.0, 'train_loss': 268.025739, 'train_total': 896, 'train_f1': 0.433657, 'train_acc': 0.91183}}
2023-02-17 19:06:12,264 (client:306) INFO: {'Role': 'Client #2', 'Round': 4, 'Results_raw': {'train_avg_loss': 0.034748, 'train_correct': 176.0, 'train_loss': 6.115661, 'train_total': 176, 'train_f1': 1.0, 'train_acc': 1.0}}
2023-02-17 19:06:13,839 (client:306) INFO: {'Role': 'Client #7', 'Round': 4, 'Results_raw': {'train_avg_loss': 0.03452, 'train_correct': 176.0, 'train_loss': 6.075583, 'train_total': 176, 'train_f1': 1.0, 'train_acc': 1.0}}
2023-02-17 19:06:23,914 (client:306) INFO: {'Role': 'Client #4', 'Round': 4, 'Results_raw': {'train_avg_loss': 0.041913, 'train_correct': 1096.0, 'train_loss': 46.774834, 'train_total': 1116, 'train_f1': 0.330319, 'train_acc': 0.982079}}
2023-02-17 19:06:24,073 (client:306) INFO: {'Role': 'Client #6', 'Round': 4, 'Results_raw': {'train_avg_loss': 0.408333, 'train_correct': 6.0, 'train_loss': 3.266661, 'train_total': 8, 'train_f1': 0.285714, 'train_acc': 0.75}}
2023-02-17 19:06:26,765 (client:306) INFO: {'Role': 'Client #1', 'Round': 4, 'Results_raw': {'train_avg_loss': 0.207131, 'train_correct': 276.0, 'train_loss': 61.310921, 'train_total': 296, 'train_f1': 0.321678, 'train_acc': 0.932432}}
2023-02-17 19:06:28,462 (client:306) INFO: {'Role': 'Client #10', 'Round': 4, 'Results_raw': {'train_avg_loss': 0.599016, 'train_correct': 140.0, 'train_loss': 110.219031, 'train_total': 184, 'train_f1': 0.395318, 'train_acc': 0.76087}}
2023-02-17 19:06:28,590 (client:306) INFO: {'Role': 'Client #3', 'Round': 4, 'Results_raw': {'train_avg_loss': 0.293119, 'train_correct': 3.0, 'train_loss': 1.172477, 'train_total': 4, 'train_f1': 0.428571, 'train_acc': 0.75}}
2023-02-17 19:06:33,483 (client:306) INFO: {'Role': 'Client #9', 'Round': 4, 'Results_raw': {'train_avg_loss': 0.013581, 'train_correct': 556.0, 'train_loss': 7.550832, 'train_total': 556, 'train_f1': 1.0, 'train_acc': 1.0}}
2023-02-17 19:06:34,421 (client:306) INFO: {'Role': 'Client #5', 'Round': 4, 'Results_raw': {'train_avg_loss': 0.184451, 'train_correct': 83.0, 'train_loss': 17.707342, 'train_total': 96, 'train_f1': 0.463687, 'train_acc': 0.864583}}
2023-02-17 19:06:34,424 (server:590) INFO: {'Role': 'Server #', 'Round': 3, 'Results_weighted_avg': {'test_avg_loss': 0.878065, 'test_correct': 12.4, 'test_loss': 44.099602, 'test_total': 22.0, 'test_f1': 0.296758, 'test_acc': 0.563636}, 'Results_avg': {'test_avg_loss': 1.360084, 'test_correct': 12.4, 'test_loss': 19.317432, 'test_total': 22.0, 'test_f1': 0.124405, 'test_acc': 0.20617}, 'Results_fairness': {'test_correct': 12.4, 'test_total': 22.0, 'test_avg_loss_std': 0.543851, 'test_avg_loss_bottom_decile': 0.875055, 'test_avg_loss_top_decile': 2.390569, 'test_avg_loss_min': 0.456017, 'test_avg_loss_max': 2.390569, 'test_avg_loss_bottom10%': 0.456017, 'test_avg_loss_top10%': 2.390569, 'test_avg_loss_cos1': 0.92852, 'test_avg_loss_entropy': 2.220457, 'test_loss_std': 19.473208, 'test_loss_bottom_decile': 2.390569, 'test_loss_top_decile': 53.810034, 'test_loss_min': 1.931296, 'test_loss_max': 53.810034, 'test_loss_bottom10%': 1.931296, 'test_loss_top10%': 53.810034, 'test_loss_cos1': 0.704262, 'test_loss_entropy': 1.809491, 'test_f1_std': 0.151304, 'test_f1_bottom_decile': 0.0, 'test_f1_top_decile': 0.493562, 'test_f1_min': 0.0, 'test_f1_max': 0.493562, 'test_f1_bottom10%': 0.0, 'test_f1_top10%': 0.493562, 'test_f1_cos1': 0.635102, 'test_f1_entropy': 1.59261, 'test_acc_std': 0.287699, 'test_acc_bottom_decile': 0.0, 'test_acc_top_decile': 0.974576, 'test_acc_min': 0.0, 'test_acc_max': 0.974576, 'test_acc_bottom10%': 0.0, 'test_acc_top10%': 0.974576, 'test_acc_cos1': 0.582492, 'test_acc_entropy': 1.475228}}
2023-02-17 19:06:34,430 (monitor:541) INFO: {'Role': 'Server #', 'Round': 4, 'Results_model_metric': {}}
2023-02-17 19:06:34,507 (server:330) INFO: Server: Starting evaluation at the end of round 4.
2023-02-17 19:06:34,509 (server:336) INFO: ----------- Starting a new training round (Round #5) -------------
2023-02-17 19:06:35,426 (context:294) WARNING: No val_data or val_loader in the trainer, will skip evaluation.If this is not the case you want, please check whether there is typo for the name
2023-02-17 19:06:35,470 (context:294) WARNING: No val_data or val_loader in the trainer, will skip evaluation.If this is not the case you want, please check whether there is typo for the name
2023-02-17 19:06:35,676 (context:294) WARNING: No val_data or val_loader in the trainer, will skip evaluation.If this is not the case you want, please check whether there is typo for the name
2023-02-17 19:06:35,734 (context:294) WARNING: No val_data or val_loader in the trainer, will skip evaluation.If this is not the case you want, please check whether there is typo for the name
2023-02-17 19:06:35,787 (context:294) WARNING: No val_data or val_loader in the trainer, will skip evaluation.If this is not the case you want, please check whether there is typo for the name
2023-02-17 19:06:35,914 (context:294) WARNING: No val_data or val_loader in the trainer, will skip evaluation.If this is not the case you want, please check whether there is typo for the name
2023-02-17 19:06:35,980 (context:294) WARNING: No val_data or val_loader in the trainer, will skip evaluation.If this is not the case you want, please check whether there is typo for the name
2023-02-17 19:06:36,038 (context:294) WARNING: No val_data or val_loader in the trainer, will skip evaluation.If this is not the case you want, please check whether there is typo for the name
2023-02-17 19:06:36,188 (context:294) WARNING: No val_data or val_loader in the trainer, will skip evaluation.If this is not the case you want, please check whether there is typo for the name
2023-02-17 19:06:36,537 (context:294) WARNING: No val_data or val_loader in the trainer, will skip evaluation.If this is not the case you want, please check whether there is typo for the name
2023-02-17 19:06:38,153 (client:306) INFO: {'Role': 'Client #2', 'Round': 5, 'Results_raw': {'train_avg_loss': 0.024351, 'train_correct': 176.0, 'train_loss': 4.285828, 'train_total': 176, 'train_f1': 1.0, 'train_acc': 1.0}}
2023-02-17 19:06:39,910 (client:306) INFO: {'Role': 'Client #10', 'Round': 5, 'Results_raw': {'train_avg_loss': 0.571981, 'train_correct': 147.0, 'train_loss': 105.244488, 'train_total': 184, 'train_f1': 0.438304, 'train_acc': 0.798913}}
2023-02-17 19:06:47,898 (client:306) INFO: {'Role': 'Client #8', 'Round': 5, 'Results_raw': {'train_avg_loss': 0.24587, 'train_correct': 830.0, 'train_loss': 220.299589, 'train_total': 896, 'train_f1': 0.700626, 'train_acc': 0.926339}}
2023-02-17 19:06:49,510 (client:306) INFO: {'Role': 'Client #7', 'Round': 5, 'Results_raw': {'train_avg_loss': 0.02523, 'train_correct': 176.0, 'train_loss': 4.440438, 'train_total': 176, 'train_f1': 1.0, 'train_acc': 1.0}}
2023-02-17 19:06:52,249 (client:306) INFO: {'Role': 'Client #1', 'Round': 5, 'Results_raw': {'train_avg_loss': 0.182003, 'train_correct': 278.0, 'train_loss': 53.873012, 'train_total': 296, 'train_f1': 0.323444, 'train_acc': 0.939189}}
2023-02-17 19:07:02,476 (client:306) INFO: {'Role': 'Client #4', 'Round': 5, 'Results_raw': {'train_avg_loss': 0.042318, 'train_correct': 1096.0, 'train_loss': 47.226355, 'train_total': 1116, 'train_f1': 0.330319, 'train_acc': 0.982079}}
2023-02-17 19:07:02,608 (client:306) INFO: {'Role': 'Client #3', 'Round': 5, 'Results_raw': {'train_avg_loss': 0.416475, 'train_correct': 3.0, 'train_loss': 1.665898, 'train_total': 4, 'train_f1': 0.428571, 'train_acc': 0.75}}
2023-02-17 19:07:03,540 (client:306) INFO: {'Role': 'Client #5', 'Round': 5, 'Results_raw': {'train_avg_loss': 0.243629, 'train_correct': 80.0, 'train_loss': 23.388395, 'train_total': 96, 'train_f1': 0.30303, 'train_acc': 0.833333}}
2023-02-17 19:07:03,702 (client:306) INFO: {'Role': 'Client #6', 'Round': 5, 'Results_raw': {'train_avg_loss': 0.360503, 'train_correct': 7.0, 'train_loss': 2.884026, 'train_total': 8, 'train_f1': 0.466667, 'train_acc': 0.875}}
2023-02-17 19:07:08,598 (client:306) INFO: {'Role': 'Client #9', 'Round': 5, 'Results_raw': {'train_avg_loss': 0.006908, 'train_correct': 556.0, 'train_loss': 3.841069, 'train_total': 556, 'train_f1': 1.0, 'train_acc': 1.0}}
2023-02-17 19:07:08,600 (server:590) INFO: {'Role': 'Server #', 'Round': 4, 'Results_weighted_avg': {'test_avg_loss': 0.879336, 'test_correct': 12.6, 'test_loss': 35.509891, 'test_total': 22.0, 'test_f1': 0.296172, 'test_acc': 0.572727}, 'Results_avg': {'test_avg_loss': 1.51044, 'test_correct': 12.6, 'test_loss': 19.345392, 'test_total': 22.0, 'test_f1': 0.115835, 'test_acc': 0.19938}, 'Results_fairness': {'test_correct': 12.6, 'test_total': 22.0, 'test_avg_loss_std': 0.648459, 'test_avg_loss_bottom_decile': 0.993604, 'test_avg_loss_top_decile': 2.902141, 'test_avg_loss_min': 0.272059, 'test_avg_loss_max': 2.902141, 'test_avg_loss_bottom10%': 0.272059, 'test_avg_loss_top10%': 2.902141, 'test_avg_loss_cos1': 0.918896, 'test_avg_loss_entropy': 2.201624, 'test_loss_std': 19.706889, 'test_loss_bottom_decile': 2.902141, 'test_loss_top_decile': 68.365453, 'test_loss_min': 2.520175, 'test_loss_max': 68.365453, 'test_loss_bottom10%': 2.520175, 'test_loss_top10%': 68.365453, 'test_loss_cos1': 0.700531, 'test_loss_entropy': 1.835916, 'test_f1_std': 0.154168, 'test_f1_bottom_decile': 0.0, 'test_f1_top_decile': 0.497872, 'test_f1_min': 0.0, 'test_f1_max': 0.497872, 'test_f1_bottom10%': 0.0, 'test_f1_top10%': 0.497872, 'test_f1_cos1': 0.600695, 'test_f1_entropy': 1.458907, 'test_acc_std': 0.294456, 'test_acc_bottom_decile': 0.0, 'test_acc_top_decile': 0.991525, 'test_acc_min': 0.0, 'test_acc_max': 0.991525, 'test_acc_bottom10%': 0.0, 'test_acc_top10%': 0.991525, 'test_acc_cos1': 0.560674, 'test_acc_entropy': 1.380619}}
2023-02-17 19:07:08,606 (monitor:541) INFO: {'Role': 'Server #', 'Round': 5, 'Results_model_metric': {}}
2023-02-17 19:07:08,680 (server:330) INFO: Server: Starting evaluation at the end of round 5.
2023-02-17 19:07:08,682 (server:336) INFO: ----------- Starting a new training round (Round #6) -------------
2023-02-17 19:07:09,617 (context:294) WARNING: No val_data or val_loader in the trainer, will skip evaluation.If this is not the case you want, please check whether there is typo for the name
2023-02-17 19:07:09,661 (context:294) WARNING: No val_data or val_loader in the trainer, will skip evaluation.If this is not the case you want, please check whether there is typo for the name
2023-02-17 19:07:09,881 (context:294) WARNING: No val_data or val_loader in the trainer, will skip evaluation.If this is not the case you want, please check whether there is typo for the name
2023-02-17 19:07:09,945 (context:294) WARNING: No val_data or val_loader in the trainer, will skip evaluation.If this is not the case you want, please check whether there is typo for the name
2023-02-17 19:07:10,004 (context:294) WARNING: No val_data or val_loader in the trainer, will skip evaluation.If this is not the case you want, please check whether there is typo for the name
2023-02-17 19:07:10,143 (context:294) WARNING: No val_data or val_loader in the trainer, will skip evaluation.If this is not the case you want, please check whether there is typo for the name
2023-02-17 19:07:10,216 (context:294) WARNING: No val_data or val_loader in the trainer, will skip evaluation.If this is not the case you want, please check whether there is typo for the name
2023-02-17 19:07:10,279 (context:294) WARNING: No val_data or val_loader in the trainer, will skip evaluation.If this is not the case you want, please check whether there is typo for the name
2023-02-17 19:07:10,438 (context:294) WARNING: No val_data or val_loader in the trainer, will skip evaluation.If this is not the case you want, please check whether there is typo for the name
2023-02-17 19:07:10,803 (context:294) WARNING: No val_data or val_loader in the trainer, will skip evaluation.If this is not the case you want, please check whether there is typo for the name
2023-02-17 19:07:10,954 (client:306) INFO: {'Role': 'Client #3', 'Round': 6, 'Results_raw': {'train_avg_loss': 0.353012, 'train_correct': 3.0, 'train_loss': 1.412046, 'train_total': 4, 'train_f1': 0.428571, 'train_acc': 0.75}}
2023-02-17 19:07:21,362 (client:306) INFO: {'Role': 'Client #4', 'Round': 6, 'Results_raw': {'train_avg_loss': 0.042772, 'train_correct': 1097.0, 'train_loss': 47.733791, 'train_total': 1116, 'train_f1': 0.330471, 'train_acc': 0.982975}}
2023-02-17 19:07:23,098 (client:306) INFO: {'Role': 'Client #10', 'Round': 6, 'Results_raw': {'train_avg_loss': 0.571655, 'train_correct': 140.0, 'train_loss': 105.184438, 'train_total': 184, 'train_f1': 0.432226, 'train_acc': 0.76087}}
2023-02-17 19:07:24,025 (client:306) INFO: {'Role': 'Client #5', 'Round': 6, 'Results_raw': {'train_avg_loss': 0.239257, 'train_correct': 80.0, 'train_loss': 22.968693, 'train_total': 96, 'train_f1': 0.30303, 'train_acc': 0.833333}}
2023-02-17 19:07:31,815 (client:306) INFO: {'Role': 'Client #8', 'Round': 6, 'Results_raw': {'train_avg_loss': 0.236898, 'train_correct': 827.0, 'train_loss': 212.260479, 'train_total': 896, 'train_f1': 0.707626, 'train_acc': 0.922991}}
2023-02-17 19:07:36,717 (client:306) INFO: {'Role': 'Client #9', 'Round': 6, 'Results_raw': {'train_avg_loss': 0.008332, 'train_correct': 556.0, 'train_loss': 4.632733, 'train_total': 556, 'train_f1': 1.0, 'train_acc': 1.0}}
2023-02-17 19:07:38,291 (client:306) INFO: {'Role': 'Client #2', 'Round': 6, 'Results_raw': {'train_avg_loss': 0.02009, 'train_correct': 176.0, 'train_loss': 3.535904, 'train_total': 176, 'train_f1': 1.0, 'train_acc': 1.0}}
2023-02-17 19:07:40,988 (client:306) INFO: {'Role': 'Client #1', 'Round': 6, 'Results_raw': {'train_avg_loss': 0.205437, 'train_correct': 279.0, 'train_loss': 60.809303, 'train_total': 296, 'train_f1': 0.324042, 'train_acc': 0.942568}}
2023-02-17 19:07:41,148 (client:306) INFO: {'Role': 'Client #6', 'Round': 6, 'Results_raw': {'train_avg_loss': 0.314106, 'train_correct': 6.0, 'train_loss': 2.51285, 'train_total': 8, 'train_f1': 0.285714, 'train_acc': 0.75}}
2023-02-17 19:07:42,720 (client:306) INFO: {'Role': 'Client #7', 'Round': 6, 'Results_raw': {'train_avg_loss': 0.022288, 'train_correct': 176.0, 'train_loss': 3.922768, 'train_total': 176, 'train_f1': 1.0, 'train_acc': 1.0}}
2023-02-17 19:07:42,723 (server:590) INFO: {'Role': 'Server #', 'Round': 5, 'Results_weighted_avg': {'test_avg_loss': 0.824596, 'test_correct': 12.9, 'test_loss': 29.510569, 'test_total': 22.0, 'test_f1': 0.573171, 'test_acc': 0.586364}, 'Results_avg': {'test_avg_loss': 1.524276, 'test_correct': 12.9, 'test_loss': 18.141123, 'test_total': 22.0, 'test_f1': 0.174453, 'test_acc': 0.211439}, 'Results_fairness': {'test_correct': 12.9, 'test_total': 22.0, 'test_avg_loss_std': 0.764751, 'test_avg_loss_bottom_decile': 1.129661, 'test_avg_loss_top_decile': 3.258846, 'test_avg_loss_min': 0.190592, 'test_avg_loss_max': 3.258846, 'test_avg_loss_bottom10%': 0.190592, 'test_avg_loss_top10%': 3.258846, 'test_avg_loss_cos1': 0.893813, 'test_avg_loss_entropy': 2.170577, 'test_loss_std': 18.015705, 'test_loss_bottom_decile': 3.258846, 'test_loss_top_decile': 62.325037, 'test_loss_min': 2.42054, 'test_loss_max': 62.325037, 'test_loss_bottom10%': 2.42054, 'test_loss_top10%': 62.325037, 'test_loss_cos1': 0.709555, 'test_loss_entropy': 1.854133, 'test_f1_std': 0.289002, 'test_f1_bottom_decile': 0.0, 'test_f1_top_decile': 1.0, 'test_f1_min': 0.0, 'test_f1_max': 1.0, 'test_f1_bottom10%': 0.0, 'test_f1_top10%': 1.0, 'test_f1_cos1': 0.516786, 'test_f1_entropy': 1.329504, 'test_acc_std': 0.293522, 'test_acc_bottom_decile': 0.0, 'test_acc_top_decile': 1.0, 'test_acc_min': 0.0, 'test_acc_max': 1.0, 'test_acc_bottom10%': 0.0, 'test_acc_top10%': 1.0, 'test_acc_cos1': 0.584494, 'test_acc_entropy': 1.489686}}
2023-02-17 19:07:42,729 (monitor:541) INFO: {'Role': 'Server #', 'Round': 6, 'Results_model_metric': {}}
2023-02-17 19:07:42,802 (server:330) INFO: Server: Starting evaluation at the end of round 6.
2023-02-17 19:07:42,804 (server:336) INFO: ----------- Starting a new training round (Round #7) -------------
2023-02-17 19:07:43,726 (context:294) WARNING: No val_data or val_loader in the trainer, will skip evaluation.If this is not the case you want, please check whether there is typo for the name
2023-02-17 19:07:43,771 (context:294) WARNING: No val_data or val_loader in the trainer, will skip evaluation.If this is not the case you want, please check whether there is typo for the name
2023-02-17 19:07:43,979 (context:294) WARNING: No val_data or val_loader in the trainer, will skip evaluation.If this is not the case you want, please check whether there is typo for the name
2023-02-17 19:07:44,040 (context:294) WARNING: No val_data or val_loader in the trainer, will skip evaluation.If this is not the case you want, please check whether there is typo for the name
2023-02-17 19:07:44,094 (context:294) WARNING: No val_data or val_loader in the trainer, will skip evaluation.If this is not the case you want, please check whether there is typo for the name
2023-02-17 19:07:44,223 (context:294) WARNING: No val_data or val_loader in the trainer, will skip evaluation.If this is not the case you want, please check whether there is typo for the name
2023-02-17 19:07:44,291 (context:294) WARNING: No val_data or val_loader in the trainer, will skip evaluation.If this is not the case you want, please check whether there is typo for the name
2023-02-17 19:07:44,350 (context:294) WARNING: No val_data or val_loader in the trainer, will skip evaluation.If this is not the case you want, please check whether there is typo for the name
2023-02-17 19:07:44,502 (context:294) WARNING: No val_data or val_loader in the trainer, will skip evaluation.If this is not the case you want, please check whether there is typo for the name
2023-02-17 19:07:44,852 (context:294) WARNING: No val_data or val_loader in the trainer, will skip evaluation.If this is not the case you want, please check whether there is typo for the name
2023-02-17 19:07:49,741 (client:306) INFO: {'Role': 'Client #9', 'Round': 7, 'Results_raw': {'train_avg_loss': 0.006743, 'train_correct': 556.0, 'train_loss': 3.748837, 'train_total': 556, 'train_f1': 1.0, 'train_acc': 1.0}}
2023-02-17 19:07:49,899 (client:306) INFO: {'Role': 'Client #6', 'Round': 7, 'Results_raw': {'train_avg_loss': 0.37349, 'train_correct': 6.0, 'train_loss': 2.987923, 'train_total': 8, 'train_f1': 0.285714, 'train_acc': 0.75}}
2023-02-17 19:07:52,605 (client:306) INFO: {'Role': 'Client #1', 'Round': 7, 'Results_raw': {'train_avg_loss': 0.211084, 'train_correct': 280.0, 'train_loss': 62.480928, 'train_total': 296, 'train_f1': 0.324638, 'train_acc': 0.945946}}
2023-02-17 19:07:53,537 (client:306) INFO: {'Role': 'Client #5', 'Round': 7, 'Results_raw': {'train_avg_loss': 0.201232, 'train_correct': 82.0, 'train_loss': 19.318256, 'train_total': 96, 'train_f1': 0.307116, 'train_acc': 0.854167}}
2023-02-17 19:08:01,338 (client:306) INFO: {'Role': 'Client #8', 'Round': 7, 'Results_raw': {'train_avg_loss': 0.208577, 'train_correct': 841.0, 'train_loss': 186.885388, 'train_total': 896, 'train_f1': 0.770285, 'train_acc': 0.938616}}
2023-02-17 19:08:01,469 (client:306) INFO: {'Role': 'Client #3', 'Round': 7, 'Results_raw': {'train_avg_loss': 0.267874, 'train_correct': 3.0, 'train_loss': 1.071498, 'train_total': 4, 'train_f1': 0.428571, 'train_acc': 0.75}}
2023-02-17 19:08:03,031 (client:306) INFO: {'Role': 'Client #2', 'Round': 7, 'Results_raw': {'train_avg_loss': 0.019154, 'train_correct': 176.0, 'train_loss': 3.371025, 'train_total': 176, 'train_f1': 1.0, 'train_acc': 1.0}}
2023-02-17 19:08:04,731 (client:306) INFO: {'Role': 'Client #10', 'Round': 7, 'Results_raw': {'train_avg_loss': 0.601475, 'train_correct': 146.0, 'train_loss': 110.671403, 'train_total': 184, 'train_f1': 0.455777, 'train_acc': 0.793478}}
2023-02-17 19:08:06,304 (client:306) INFO: {'Role': 'Client #7', 'Round': 7, 'Results_raw': {'train_avg_loss': 0.024176, 'train_correct': 176.0, 'train_loss': 4.255017, 'train_total': 176, 'train_f1': 1.0, 'train_acc': 1.0}}
2023-02-17 19:08:16,610 (client:306) INFO: {'Role': 'Client #4', 'Round': 7, 'Results_raw': {'train_avg_loss': 0.03486, 'train_correct': 1100.0, 'train_loss': 38.904053, 'train_total': 1116, 'train_f1': 0.330927, 'train_acc': 0.985663}}
2023-02-17 19:08:16,613 (server:590) INFO: {'Role': 'Server #', 'Round': 6, 'Results_weighted_avg': {'test_avg_loss': 0.793542, 'test_correct': 13.8, 'test_loss': 28.982919, 'test_total': 22.0, 'test_f1': 0.340303, 'test_acc': 0.627273}, 'Results_avg': {'test_avg_loss': 1.422271, 'test_correct': 13.8, 'test_loss': 17.457918, 'test_total': 22.0, 'test_f1': 0.265143, 'test_acc': 0.367562}, 'Results_fairness': {'test_correct': 13.8, 'test_total': 22.0, 'test_avg_loss_std': 0.91288, 'test_avg_loss_bottom_decile': 0.867671, 'test_avg_loss_top_decile': 3.550785, 'test_avg_loss_min': 0.189342, 'test_avg_loss_max': 3.550785, 'test_avg_loss_bottom10%': 0.189342, 'test_avg_loss_top10%': 3.550785, 'test_avg_loss_cos1': 0.841565, 'test_avg_loss_entropy': 2.109826, 'test_loss_std': 18.200792, 'test_loss_bottom_decile': 2.64618, 'test_loss_top_decile': 62.004474, 'test_loss_min': 1.735342, 'test_loss_max': 62.004474, 'test_loss_bottom10%': 1.735342, 'test_loss_top10%': 62.004474, 'test_loss_cos1': 0.692226, 'test_loss_entropy': 1.808259, 'test_f1_std': 0.239062, 'test_f1_bottom_decile': 0.0, 'test_f1_top_decile': 0.666667, 'test_f1_min': 0.0, 'test_f1_max': 0.666667, 'test_f1_bottom10%': 0.0, 'test_f1_top10%': 0.666667, 'test_f1_cos1': 0.742691, 'test_f1_entropy': 1.804328, 'test_acc_std': 0.32512, 'test_acc_bottom_decile': 0.0, 'test_acc_top_decile': 0.991525, 'test_acc_min': 0.0, 'test_acc_max': 0.991525, 'test_acc_bottom10%': 0.0, 'test_acc_top10%': 0.991525, 'test_acc_cos1': 0.749027, 'test_acc_entropy': 1.825929}}
2023-02-17 19:08:16,619 (monitor:541) INFO: {'Role': 'Server #', 'Round': 7, 'Results_model_metric': {}}
2023-02-17 19:08:16,697 (server:330) INFO: Server: Starting evaluation at the end of round 7.
2023-02-17 19:08:16,699 (server:336) INFO: ----------- Starting a new training round (Round #8) -------------
2023-02-17 19:08:17,619 (context:294) WARNING: No val_data or val_loader in the trainer, will skip evaluation.If this is not the case you want, please check whether there is typo for the name
2023-02-17 19:08:17,665 (context:294) WARNING: No val_data or val_loader in the trainer, will skip evaluation.If this is not the case you want, please check whether there is typo for the name
2023-02-17 19:08:17,873 (context:294) WARNING: No val_data or val_loader in the trainer, will skip evaluation.If this is not the case you want, please check whether there is typo for the name
2023-02-17 19:08:17,933 (context:294) WARNING: No val_data or val_loader in the trainer, will skip evaluation.If this is not the case you want, please check whether there is typo for the name
2023-02-17 19:08:17,985 (context:294) WARNING: No val_data or val_loader in the trainer, will skip evaluation.If this is not the case you want, please check whether there is typo for the name
2023-02-17 19:08:18,113 (context:294) WARNING: No val_data or val_loader in the trainer, will skip evaluation.If this is not the case you want, please check whether there is typo for the name
2023-02-17 19:08:18,180 (context:294) WARNING: No val_data or val_loader in the trainer, will skip evaluation.If this is not the case you want, please check whether there is typo for the name
2023-02-17 19:08:18,237 (context:294) WARNING: No val_data or val_loader in the trainer, will skip evaluation.If this is not the case you want, please check whether there is typo for the name
2023-02-17 19:08:18,388 (context:294) WARNING: No val_data or val_loader in the trainer, will skip evaluation.If this is not the case you want, please check whether there is typo for the name
2023-02-17 19:08:18,738 (context:294) WARNING: No val_data or val_loader in the trainer, will skip evaluation.If this is not the case you want, please check whether there is typo for the name
2023-02-17 19:08:21,438 (client:306) INFO: {'Role': 'Client #1', 'Round': 8, 'Results_raw': {'train_avg_loss': 0.166962, 'train_correct': 283.0, 'train_loss': 49.420875, 'train_total': 296, 'train_f1': 0.421061, 'train_acc': 0.956081}}
2023-02-17 19:08:21,567 (client:306) INFO: {'Role': 'Client #3', 'Round': 8, 'Results_raw': {'train_avg_loss': 0.227696, 'train_correct': 3.0, 'train_loss': 0.910782, 'train_total': 4, 'train_f1': 0.428571, 'train_acc': 0.75}}
2023-02-17 19:08:23,281 (client:306) INFO: {'Role': 'Client #10', 'Round': 8, 'Results_raw': {'train_avg_loss': 0.569642, 'train_correct': 147.0, 'train_loss': 104.814148, 'train_total': 184, 'train_f1': 0.468988, 'train_acc': 0.798913}}
2023-02-17 19:08:28,177 (client:306) INFO: {'Role': 'Client #9', 'Round': 8, 'Results_raw': {'train_avg_loss': 0.008234, 'train_correct': 556.0, 'train_loss': 4.578131, 'train_total': 556, 'train_f1': 1.0, 'train_acc': 1.0}}
2023-02-17 19:08:36,136 (client:306) INFO: {'Role': 'Client #8', 'Round': 8, 'Results_raw': {'train_avg_loss': 0.194283, 'train_correct': 837.0, 'train_loss': 174.077663, 'train_total': 896, 'train_f1': 0.509313, 'train_acc': 0.934152}}
2023-02-17 19:08:37,727 (client:306) INFO: {'Role': 'Client #2', 'Round': 8, 'Results_raw': {'train_avg_loss': 0.021171, 'train_correct': 176.0, 'train_loss': 3.726054, 'train_total': 176, 'train_f1': 1.0, 'train_acc': 1.0}}
2023-02-17 19:08:39,342 (client:306) INFO: {'Role': 'Client #7', 'Round': 8, 'Results_raw': {'train_avg_loss': 0.030941, 'train_correct': 176.0, 'train_loss': 5.445539, 'train_total': 176, 'train_f1': 1.0, 'train_acc': 1.0}}
2023-02-17 19:08:40,276 (client:306) INFO: {'Role': 'Client #5', 'Round': 8, 'Results_raw': {'train_avg_loss': 0.186457, 'train_correct': 83.0, 'train_loss': 17.899869, 'train_total': 96, 'train_f1': 0.309125, 'train_acc': 0.864583}}
2023-02-17 19:08:40,435 (client:306) INFO: {'Role': 'Client #6', 'Round': 8, 'Results_raw': {'train_avg_loss': 0.253987, 'train_correct': 7.0, 'train_loss': 2.031894, 'train_total': 8, 'train_f1': 0.466667, 'train_acc': 0.875}}
2023-02-17 19:08:50,672 (client:306) INFO: {'Role': 'Client #4', 'Round': 8, 'Results_raw': {'train_avg_loss': 0.032147, 'train_correct': 1098.0, 'train_loss': 35.875652, 'train_total': 1116, 'train_f1': 0.330623, 'train_acc': 0.983871}}
2023-02-17 19:08:50,674 (server:590) INFO: {'Role': 'Server #', 'Round': 7, 'Results_weighted_avg': {'test_avg_loss': 0.754474, 'test_correct': 14.3, 'test_loss': 28.011073, 'test_total': 22.0, 'test_f1': 0.347457, 'test_acc': 0.65}, 'Results_avg': {'test_avg_loss': 1.365721, 'test_correct': 14.3, 'test_loss': 16.598435, 'test_total': 22.0, 'test_f1': 0.272892, 'test_acc': 0.394607}, 'Results_fairness': {'test_correct': 14.3, 'test_total': 22.0, 'test_avg_loss_std': 0.926643, 'test_avg_loss_bottom_decile': 0.825007, 'test_avg_loss_top_decile': 3.54318, 'test_avg_loss_min': 0.196441, 'test_avg_loss_max': 3.54318, 'test_avg_loss_bottom10%': 0.196441, 'test_avg_loss_top10%': 3.54318, 'test_avg_loss_cos1': 0.827503, 'test_avg_loss_entropy': 2.09473, 'test_loss_std': 16.616737, 'test_loss_bottom_decile': 2.48374, 'test_loss_top_decile': 55.3027, 'test_loss_min': 1.650014, 'test_loss_max': 55.3027, 'test_loss_bottom10%': 1.650014, 'test_loss_top10%': 55.3027, 'test_loss_cos1': 0.706717, 'test_loss_entropy': 1.825272, 'test_f1_std': 0.235066, 'test_f1_bottom_decile': 0.0, 'test_f1_top_decile': 0.666667, 'test_f1_min': 0.0, 'test_f1_max': 0.666667, 'test_f1_bottom10%': 0.0, 'test_f1_top10%': 0.666667, 'test_f1_cos1': 0.757665, 'test_f1_entropy': 1.841969, 'test_acc_std': 0.326399, 'test_acc_bottom_decile': 0.0, 'test_acc_top_decile': 0.991525, 'test_acc_min': 0.0, 'test_acc_max': 0.991525, 'test_acc_bottom10%': 0.0, 'test_acc_top10%': 0.991525, 'test_acc_cos1': 0.770559, 'test_acc_entropy': 1.865905}}
2023-02-17 19:08:50,680 (monitor:541) INFO: {'Role': 'Server #', 'Round': 8, 'Results_model_metric': {}}
2023-02-17 19:08:50,752 (server:330) INFO: Server: Starting evaluation at the end of round 8.
2023-02-17 19:08:50,754 (server:336) INFO: ----------- Starting a new training round (Round #9) -------------
2023-02-17 19:08:51,677 (context:294) WARNING: No val_data or val_loader in the trainer, will skip evaluation.If this is not the case you want, please check whether there is typo for the name
2023-02-17 19:08:51,720 (context:294) WARNING: No val_data or val_loader in the trainer, will skip evaluation.If this is not the case you want, please check whether there is typo for the name
2023-02-17 19:08:51,928 (context:294) WARNING: No val_data or val_loader in the trainer, will skip evaluation.If this is not the case you want, please check whether there is typo for the name
2023-02-17 19:08:51,988 (context:294) WARNING: No val_data or val_loader in the trainer, will skip evaluation.If this is not the case you want, please check whether there is typo for the name
2023-02-17 19:08:52,041 (context:294) WARNING: No val_data or val_loader in the trainer, will skip evaluation.If this is not the case you want, please check whether there is typo for the name
2023-02-17 19:08:52,170 (context:294) WARNING: No val_data or val_loader in the trainer, will skip evaluation.If this is not the case you want, please check whether there is typo for the name
2023-02-17 19:08:52,238 (context:294) WARNING: No val_data or val_loader in the trainer, will skip evaluation.If this is not the case you want, please check whether there is typo for the name
2023-02-17 19:08:52,298 (context:294) WARNING: No val_data or val_loader in the trainer, will skip evaluation.If this is not the case you want, please check whether there is typo for the name
2023-02-17 19:08:52,449 (context:294) WARNING: No val_data or val_loader in the trainer, will skip evaluation.If this is not the case you want, please check whether there is typo for the name
2023-02-17 19:08:52,800 (context:294) WARNING: No val_data or val_loader in the trainer, will skip evaluation.If this is not the case you want, please check whether there is typo for the name
2023-02-17 19:08:57,721 (client:306) INFO: {'Role': 'Client #9', 'Round': 9, 'Results_raw': {'train_avg_loss': 0.007285, 'train_correct': 556.0, 'train_loss': 4.050672, 'train_total': 556, 'train_f1': 1.0, 'train_acc': 1.0}}
2023-02-17 19:08:57,883 (client:306) INFO: {'Role': 'Client #6', 'Round': 9, 'Results_raw': {'train_avg_loss': 0.172891, 'train_correct': 7.0, 'train_loss': 1.383132, 'train_total': 8, 'train_f1': 0.466667, 'train_acc': 0.875}}
2023-02-17 19:08:58,017 (client:306) INFO: {'Role': 'Client #3', 'Round': 9, 'Results_raw': {'train_avg_loss': 0.13818, 'train_correct': 4.0, 'train_loss': 0.552718, 'train_total': 4, 'train_f1': 1.0, 'train_acc': 1.0}}
2023-02-17 19:08:59,616 (client:306) INFO: {'Role': 'Client #7', 'Round': 9, 'Results_raw': {'train_avg_loss': 0.042587, 'train_correct': 175.0, 'train_loss': 7.495348, 'train_total': 176, 'train_f1': 0.498575, 'train_acc': 0.994318}}
2023-02-17 19:09:01,354 (client:306) INFO: {'Role': 'Client #10', 'Round': 9, 'Results_raw': {'train_avg_loss': 0.540301, 'train_correct': 143.0, 'train_loss': 99.415464, 'train_total': 184, 'train_f1': 0.439128, 'train_acc': 0.777174}}
2023-02-17 19:09:02,943 (client:306) INFO: {'Role': 'Client #2', 'Round': 9, 'Results_raw': {'train_avg_loss': 0.045077, 'train_correct': 175.0, 'train_loss': 7.933604, 'train_total': 176, 'train_f1': 0.498575, 'train_acc': 0.994318}}
2023-02-17 19:09:10,965 (client:306) INFO: {'Role': 'Client #8', 'Round': 9, 'Results_raw': {'train_avg_loss': 0.157902, 'train_correct': 855.0, 'train_loss': 141.480148, 'train_total': 896, 'train_f1': 0.558849, 'train_acc': 0.954241}}
2023-02-17 19:09:21,289 (client:306) INFO: {'Role': 'Client #4', 'Round': 9, 'Results_raw': {'train_avg_loss': 0.028442, 'train_correct': 1104.0, 'train_loss': 31.741143, 'train_total': 1116, 'train_f1': 0.331532, 'train_acc': 0.989247}}
2023-02-17 19:09:24,056 (client:306) INFO: {'Role': 'Client #1', 'Round': 9, 'Results_raw': {'train_avg_loss': 0.184439, 'train_correct': 278.0, 'train_loss': 54.594004, 'train_total': 296, 'train_f1': 0.32288, 'train_acc': 0.939189}}
2023-02-17 19:09:25,003 (client:306) INFO: {'Role': 'Client #5', 'Round': 9, 'Results_raw': {'train_avg_loss': 0.157406, 'train_correct': 89.0, 'train_loss': 15.110935, 'train_total': 96, 'train_f1': 0.320721, 'train_acc': 0.927083}}
2023-02-17 19:09:25,005 (server:590) INFO: {'Role': 'Server #', 'Round': 8, 'Results_weighted_avg': {'test_avg_loss': 0.707282, 'test_correct': 14.5, 'test_loss': 32.223368, 'test_total': 22.0, 'test_f1': 0.35967, 'test_acc': 0.659091}, 'Results_avg': {'test_avg_loss': 1.07682, 'test_correct': 14.5, 'test_loss': 15.560201, 'test_total': 22.0, 'test_f1': 0.312766, 'test_acc': 0.453187}, 'Results_fairness': {'test_correct': 14.5, 'test_total': 22.0, 'test_avg_loss_std': 0.688315, 'test_avg_loss_bottom_decile': 0.485122, 'test_avg_loss_top_decile': 2.462875, 'test_avg_loss_min': 0.29479, 'test_avg_loss_max': 2.462875, 'test_avg_loss_bottom10%': 0.29479, 'test_avg_loss_top10%': 2.462875, 'test_avg_loss_cos1': 0.842573, 'test_avg_loss_entropy': 2.116903, 'test_loss_std': 16.168277, 'test_loss_bottom_decile': 1.588244, 'test_loss_top_decile': 50.233413, 'test_loss_min': 1.455367, 'test_loss_max': 50.233413, 'test_loss_bottom10%': 1.455367, 'test_loss_top10%': 50.233413, 'test_loss_cos1': 0.693428, 'test_loss_entropy': 1.767612, 'test_f1_std': 0.215111, 'test_f1_bottom_decile': 0.051282, 'test_f1_top_decile': 0.666667, 'test_f1_min': 0.0, 'test_f1_max': 0.666667, 'test_f1_bottom10%': 0.0, 'test_f1_top10%': 0.666667, 'test_f1_cos1': 0.823939, 'test_f1_entropy': 2.006653, 'test_acc_std': 0.289145, 'test_acc_bottom_decile': 0.083333, 'test_acc_top_decile': 0.957627, 'test_acc_min': 0.0, 'test_acc_max': 0.957627, 'test_acc_bottom10%': 0.0, 'test_acc_top10%': 0.957627, 'test_acc_cos1': 0.843026, 'test_acc_entropy': 2.036106}}
2023-02-17 19:09:25,011 (monitor:541) INFO: {'Role': 'Server #', 'Round': 9, 'Results_model_metric': {}}
2023-02-17 19:09:25,084 (server:347) INFO: Server: Training is finished! Starting evaluation.
2023-02-17 19:09:26,040 (context:294) WARNING: No val_data or val_loader in the trainer, will skip evaluation.If this is not the case you want, please check whether there is typo for the name
2023-02-17 19:09:26,089 (context:294) WARNING: No val_data or val_loader in the trainer, will skip evaluation.If this is not the case you want, please check whether there is typo for the name
2023-02-17 19:09:26,314 (context:294) WARNING: No val_data or val_loader in the trainer, will skip evaluation.If this is not the case you want, please check whether there is typo for the name
2023-02-17 19:09:26,379 (context:294) WARNING: No val_data or val_loader in the trainer, will skip evaluation.If this is not the case you want, please check whether there is typo for the name
2023-02-17 19:09:26,443 (context:294) WARNING: No val_data or val_loader in the trainer, will skip evaluation.If this is not the case you want, please check whether there is typo for the name
2023-02-17 19:09:26,584 (context:294) WARNING: No val_data or val_loader in the trainer, will skip evaluation.If this is not the case you want, please check whether there is typo for the name
2023-02-17 19:09:26,662 (context:294) WARNING: No val_data or val_loader in the trainer, will skip evaluation.If this is not the case you want, please check whether there is typo for the name
2023-02-17 19:09:26,730 (context:294) WARNING: No val_data or val_loader in the trainer, will skip evaluation.If this is not the case you want, please check whether there is typo for the name
2023-02-17 19:09:26,891 (context:294) WARNING: No val_data or val_loader in the trainer, will skip evaluation.If this is not the case you want, please check whether there is typo for the name
2023-02-17 19:09:27,266 (context:294) WARNING: No val_data or val_loader in the trainer, will skip evaluation.If this is not the case you want, please check whether there is typo for the name
2023-02-17 19:09:27,269 (server:590) INFO: {'Role': 'Server #', 'Round': 9, 'Results_weighted_avg': {'test_avg_loss': 0.694973, 'test_correct': 14.2, 'test_loss': 22.730852, 'test_total': 22.0, 'test_f1': 0.608251, 'test_acc': 0.645455}, 'Results_avg': {'test_avg_loss': 1.127167, 'test_correct': 14.2, 'test_loss': 15.289396, 'test_total': 22.0, 'test_f1': 0.302041, 'test_acc': 0.363409}, 'Results_fairness': {'test_correct': 14.2, 'test_total': 22.0, 'test_avg_loss_std': 0.641179, 'test_avg_loss_bottom_decile': 0.569616, 'test_avg_loss_top_decile': 2.442794, 'test_avg_loss_min': 0.103806, 'test_avg_loss_max': 2.442794, 'test_avg_loss_bottom10%': 0.103806, 'test_avg_loss_top10%': 2.442794, 'test_avg_loss_cos1': 0.86921, 'test_avg_loss_entropy': 2.130021, 'test_loss_std': 17.880718, 'test_loss_bottom_decile': 1.708848, 'test_loss_top_decile': 61.309383, 'test_loss_min': 1.645611, 'test_loss_max': 61.309383, 'test_loss_bottom10%': 1.645611, 'test_loss_top10%': 61.309383, 'test_loss_cos1': 0.649886, 'test_loss_entropy': 1.719932, 'test_f1_std': 0.320271, 'test_f1_bottom_decile': 0.0, 'test_f1_top_decile': 1.0, 'test_f1_min': 0.0, 'test_f1_max': 1.0, 'test_f1_bottom10%': 0.0, 'test_f1_top10%': 1.0, 'test_f1_cos1': 0.686099, 'test_f1_entropy': 1.715546, 'test_acc_std': 0.330166, 'test_acc_bottom_decile': 0.0, 'test_acc_top_decile': 1.0, 'test_acc_min': 0.0, 'test_acc_max': 1.0, 'test_acc_bottom10%': 0.0, 'test_acc_top10%': 1.0, 'test_acc_cos1': 0.740149, 'test_acc_entropy': 1.809719}}
2023-02-17 19:09:27,270 (server:395) INFO: Server: Final evaluation is finished! Starting merging results.
2023-02-17 19:09:27,270 (server:521) INFO: {'Role': 'Server #', 'Round': 'Final', 'Results_raw': {'client_best_individual': {'test_loss': 1.372975, 'test_avg_loss': 0.732583, 'test_correct': 118.0, 'test_total': 1.0, 'test_f1': 1.0, 'test_acc': 1.0}, 'client_summarized_weighted_avg': {'test_loss': 22.730852, 'test_avg_loss': 0.694973, 'test_correct': 14.2, 'test_total': 22.0, 'test_f1': 0.608251, 'test_acc': 0.645455}, 'client_summarized_avg': {'test_loss': 15.289396, 'test_avg_loss': 1.127167, 'test_correct': 14.2, 'test_total': 22.0, 'test_f1': 0.302041, 'test_acc': 0.363409}, 'client_summarized_fairness': {'test_loss_entropy': 1.642695, 'test_loss_cos1': 0.624275, 'test_loss_top10%': 86.444833, 'test_loss_bottom10%': 1.372975, 'test_loss_max': 86.444833, 'test_loss_min': 1.372975, 'test_loss_top_decile': 86.444833, 'test_loss_bottom_decile': 1.968309, 'test_loss_std': 27.072741, 'test_correct': 12.8, 'test_total': 22.0, 'test_avg_loss_std': 0.21133, 'test_avg_loss_bottom_decile': 0.915477, 'test_avg_loss_top_decile': 1.412369, 'test_avg_loss_min': 0.732583, 'test_avg_loss_max': 1.412369, 'test_avg_loss_bottom10%': 0.732583, 'test_avg_loss_top10%': 1.412369, 'test_avg_loss_cos1': 0.983867, 'test_avg_loss_entropy': 2.285117, 'test_f1_std': 0.284155, 'test_f1_bottom_decile': 0.0, 'test_f1_top_decile': 1.0, 'test_f1_min': 0.0, 'test_f1_max': 1.0, 'test_f1_bottom10%': 0.0, 'test_f1_top10%': 1.0, 'test_f1_cos1': 0.549694, 'test_f1_entropy': 1.456708, 'test_acc_std': 0.290219, 'test_acc_bottom_decile': 0.0, 'test_acc_top_decile': 1.0, 'test_acc_min': 0.0, 'test_acc_max': 1.0, 'test_acc_bottom10%': 0.0, 'test_acc_top10%': 1.0, 'test_acc_cos1': 0.598101, 'test_acc_entropy': 1.538268}}}
2023-02-17 19:09:27,271 (server:540) INFO: {'Role': 'Client #1', 'Round': 10, 'Results_raw': {'test_avg_loss': 0.103806, 'test_correct': 118.0, 'test_loss': 12.249065, 'test_total': 118, 'test_f1': 1.0, 'test_acc': 1.0}}
2023-02-17 19:09:27,272 (server:540) INFO: {'Role': 'Client #7', 'Round': 10, 'Results_raw': {'test_avg_loss': 0.93662, 'test_correct': 9.0, 'test_loss': 20.605639, 'test_total': 22, 'test_f1': 0.297009, 'test_acc': 0.409091}}
2023-02-17 19:09:27,272 (server:540) INFO: {'Role': 'Client #8', 'Round': 10, 'Results_raw': {'test_avg_loss': 1.154346, 'test_correct': 1.0, 'test_loss': 4.617383, 'test_total': 4, 'test_f1': 0.2, 'test_acc': 0.25}}
2023-02-17 19:09:27,272 (server:540) INFO: {'Role': 'Client #4', 'Round': 10, 'Results_raw': {'test_avg_loss': 1.532735, 'test_correct': 1.0, 'test_loss': 61.309383, 'test_total': 40, 'test_f1': 0.018018, 'test_acc': 0.025}}
2023-02-17 19:09:27,272 (server:540) INFO: {'Role': 'Client #2', 'Round': 10, 'Results_raw': {'test_avg_loss': 1.169033, 'test_correct': 8.0, 'test_loss': 17.535494, 'test_total': 15, 'test_f1': 0.231884, 'test_acc': 0.533333}}
2023-02-17 19:09:27,273 (server:540) INFO: {'Role': 'Client #6', 'Round': 10, 'Results_raw': {'test_avg_loss': 2.442794, 'test_correct': 1.0, 'test_loss': 29.313523, 'test_total': 12, 'test_f1': 0.051282, 'test_acc': 0.083333}}
2023-02-17 19:09:27,273 (server:540) INFO: {'Role': 'Client #5', 'Round': 10, 'Results_raw': {'test_avg_loss': 0.569616, 'test_correct': 2.0, 'test_loss': 1.708848, 'test_total': 3, 'test_f1': 0.666667, 'test_acc': 0.666667}}
2023-02-17 19:09:27,273 (server:540) INFO: {'Role': 'Client #9', 'Round': 10, 'Results_raw': {'test_avg_loss': 0.822805, 'test_correct': 0.0, 'test_loss': 1.645611, 'test_total': 2, 'test_f1': 0.0, 'test_acc': 0.0}}
2023-02-17 19:09:27,274 (server:540) INFO: {'Role': 'Client #3', 'Round': 10, 'Results_raw': {'test_avg_loss': 1.855363, 'test_correct': 0.0, 'test_loss': 1.855363, 'test_total': 1, 'test_f1': 0.0, 'test_acc': 0.0}}
2023-02-17 19:09:27,274 (server:540) INFO: {'Role': 'Client #10', 'Round': 10, 'Results_raw': {'test_avg_loss': 0.68455, 'test_correct': 2.0, 'test_loss': 2.053651, 'test_total': 3, 'test_f1': 0.555556, 'test_acc': 0.666667}}
2023-02-17 19:09:27,275 (monitor:172) INFO: In worker #0, the system-related metrics are: {'id': 0, 'fl_end_time_minutes': 5.762497, 'total_model_size': 0, 'total_flops': 0, 'total_upload_bytes': 8324800, 'total_download_bytes': 1152040, 'global_convergence_round': 0, 'local_convergence_round': 0, 'global_convergence_time_minutes': 0, 'local_convergence_time_minutes': 0}
2023-02-17 19:09:27,277 (client:513) INFO: ================= client 1 received finish message =================
2023-02-17 19:09:27,286 (monitor:172) INFO: In worker #1, the system-related metrics are: {'id': 1, 'fl_end_time_minutes': 5.7598, 'total_model_size': 11182659, 'total_flops': 16460950056960.0, 'total_upload_bytes': 115296, 'total_download_bytes': 832480, 'global_convergence_round': 0, 'local_convergence_round': 0, 'global_convergence_time_minutes': 0, 'local_convergence_time_minutes': 0}
2023-02-17 19:09:27,286 (client:513) INFO: ================= client 3 received finish message =================
2023-02-17 19:09:27,295 (monitor:172) INFO: In worker #3, the system-related metrics are: {'id': 3, 'fl_end_time_minutes': 5.754763, 'total_model_size': 11182659, 'total_flops': 222445271040.0, 'total_upload_bytes': 115296, 'total_download_bytes': 832480, 'global_convergence_round': 0, 'local_convergence_round': 0, 'global_convergence_time_minutes': 0, 'local_convergence_time_minutes': 0}
2023-02-17 19:09:27,295 (client:513) INFO: ================= client 7 received finish message =================
2023-02-17 19:09:27,303 (monitor:172) INFO: In worker #7, the system-related metrics are: {'id': 7, 'fl_end_time_minutes': 5.74235, 'total_model_size': 11182659, 'total_flops': 9787591925760.0, 'total_upload_bytes': 115296, 'total_download_bytes': 832480, 'global_convergence_round': 0, 'local_convergence_round': 0, 'global_convergence_time_minutes': 0, 'local_convergence_time_minutes': 0}
2023-02-17 19:09:27,303 (client:513) INFO: ================= client 10 received finish message =================
2023-02-17 19:09:27,311 (monitor:172) INFO: In worker #10, the system-related metrics are: {'id': 10, 'fl_end_time_minutes': 5.736236, 'total_model_size': 11182659, 'total_flops': 10232482467840.0, 'total_upload_bytes': 115296, 'total_download_bytes': 832480, 'global_convergence_round': 0, 'local_convergence_round': 0, 'global_convergence_time_minutes': 0, 'local_convergence_time_minutes': 0}
2023-02-17 19:09:27,311 (client:513) INFO: ================= client 9 received finish message =================
2023-02-17 19:09:27,319 (monitor:172) INFO: In worker #9, the system-related metrics are: {'id': 9, 'fl_end_time_minutes': 5.738437, 'total_model_size': 11182659, 'total_flops': 30919892674560.0, 'total_upload_bytes': 115296, 'total_download_bytes': 832480, 'global_convergence_round': 0, 'local_convergence_round': 0, 'global_convergence_time_minutes': 0, 'local_convergence_time_minutes': 0}
2023-02-17 19:09:27,320 (client:513) INFO: ================= client 6 received finish message =================
2023-02-17 19:09:27,327 (monitor:172) INFO: In worker #6, the system-related metrics are: {'id': 6, 'fl_end_time_minutes': 5.746429, 'total_model_size': 11182659, 'total_flops': 444890542080.0, 'total_upload_bytes': 115296, 'total_download_bytes': 832480, 'global_convergence_round': 0, 'local_convergence_round': 0, 'global_convergence_time_minutes': 0, 'local_convergence_time_minutes': 0}
2023-02-17 19:09:27,328 (client:513) INFO: ================= client 8 received finish message =================
2023-02-17 19:09:27,336 (monitor:172) INFO: In worker #8, the system-related metrics are: {'id': 8, 'fl_end_time_minutes': 5.740681, 'total_model_size': 11182659, 'total_flops': 49827740712960.0, 'total_upload_bytes': 115296, 'total_download_bytes': 832480, 'global_convergence_round': 0, 'local_convergence_round': 0, 'global_convergence_time_minutes': 0, 'local_convergence_time_minutes': 0}
2023-02-17 19:09:27,336 (client:513) INFO: ================= client 5 received finish message =================
2023-02-17 19:09:27,344 (monitor:172) INFO: In worker #5, the system-related metrics are: {'id': 5, 'fl_end_time_minutes': 5.749864, 'total_model_size': 11182659, 'total_flops': 5338686504960.0, 'total_upload_bytes': 115296, 'total_download_bytes': 832480, 'global_convergence_round': 0, 'local_convergence_round': 0, 'global_convergence_time_minutes': 0, 'local_convergence_time_minutes': 0}
2023-02-17 19:09:27,344 (client:513) INFO: ================= client 2 received finish message =================
2023-02-17 19:09:27,352 (monitor:172) INFO: In worker #2, the system-related metrics are: {'id': 2, 'fl_end_time_minutes': 5.75747, 'total_model_size': 11182659, 'total_flops': 9787591925760.0, 'total_upload_bytes': 115296, 'total_download_bytes': 832480, 'global_convergence_round': 0, 'local_convergence_round': 0, 'global_convergence_time_minutes': 0, 'local_convergence_time_minutes': 0}
2023-02-17 19:09:27,353 (client:513) INFO: ================= client 4 received finish message =================
2023-02-17 19:09:27,361 (monitor:172) INFO: In worker #4, the system-related metrics are: {'id': 4, 'fl_end_time_minutes': 5.752215, 'total_model_size': 11182659, 'total_flops': 62062230620160.0, 'total_upload_bytes': 115296, 'total_download_bytes': 832480, 'global_convergence_round': 0, 'local_convergence_round': 0, 'global_convergence_time_minutes': 0, 'local_convergence_time_minutes': 0}
2023-02-17 19:09:27,361 (monitor:337) INFO: We will compress the file eval_results.raw into a .gz file, and delete the old one
2023-02-17 19:09:27,365 (monitor:245) INFO: After merging the system metrics from all works, we got avg: defaultdict(None, {'id': 'sys_avg', 'sys_avg/fl_end_time_minutes': 5.749158, 'sys_avg/total_model_size': '9.7M', 'sys_avg/total_flops': '16.13T', 'sys_avg/total_upload_bytes': '841.42K', 'sys_avg/total_download_bytes': '841.34K', 'sys_avg/global_convergence_round': 0.0, 'sys_avg/local_convergence_round': 0.0, 'sys_avg/global_convergence_time_minutes': 0.0, 'sys_avg/local_convergence_time_minutes': 0.0})
2023-02-17 19:09:27,366 (monitor:248) INFO: After merging the system metrics from all works, we got std: defaultdict(None, {'id': 'sys_std', 'sys_std/fl_end_time_minutes': 0.008576, 'sys_std/total_model_size': '3.07M', 'sys_std/total_flops': '18.25T', 'sys_std/total_upload_bytes': '2.25M', 'sys_std/total_download_bytes': '89.71K', 'sys_std/global_convergence_round': 0.0, 'sys_std/local_convergence_round': 0.0, 'sys_std/global_convergence_time_minutes': 0.0, 'sys_std/local_convergence_time_minutes': 0.0})
