2023-02-17 20:25:06,026 (logging:124) INFO: the current machine is at 192.168.0.1
2023-02-17 20:25:06,027 (logging:126) INFO: the current dir is /home/ubuntu/medscale
2023-02-17 20:25:06,027 (logging:127) INFO: the output dir is exp/FedAvg_convnet5_on_lung_lr0.01_lstep2
2023-02-17 20:25:14,114 (cfg_data:145) WARNING: config `cfg.data.batch_size` will be removed in the future, use `cfg.dataloader.batch_size` instead.
2023-02-17 20:25:14,114 (cfg_data:145) WARNING: config `cfg.data.batch_size` will be removed in the future, use `cfg.dataloader.batch_size` instead.
2023-02-17 20:25:14,138 (config:243) INFO: the used configs are: 
aggregator:
  inside_weight: 1.0
  num_agg_groups: 1
  num_agg_topk: []
  outside_weight: 0.0
asyn:
  use: False
attack:
  alpha_TV: 0.001
  alpha_prop_loss: 0
  attack_method: 
  attacker_id: -1
  classifier_PIA: randomforest
  edge_num: 100
  edge_path: edge_data/
  freq: 10
  info_diff_type: l2
  inject_round: 0
  insert_round: 100000
  label_type: dirty
  max_ite: 400
  mean: [0.1307]
  mia_is_simulate_in: False
  mia_simulate_in_round: 20
  pgd_eps: 2
  pgd_lr: 0.1
  pgd_poisoning: False
  poison_ratio: 0.5
  reconstruct_lr: 0.01
  reconstruct_optim: Adam
  scale_para: 1.0
  scale_poisoning: False
  self_epoch: 6
  self_lr: 0.05
  self_opt: False
  setting: fix
  std: [0.3081]
  target_label_ind: -1
  trigger_path: trigger/
  trigger_type: edge
backend: torch
cfg_file: 
check_completeness: False
criterion:
  type: CrossEntropyLoss
data:
  args: []
  batch_size: 16
  cSBM_phi: [0.5, 0.5, 0.5]
  cache_dir: 
  consistent_label_distribution: False
  drop_last: False
  hetero_data_name: []
  hetero_synth_batch_size: 32
  hetero_synth_feat_dim: 128
  hetero_synth_prim_weight: 0.5
  is_debug: False
  loader: 
  max_query_len: 128
  max_seq_len: 384
  max_tgt_len: 128
  num_contrast: 0
  num_of_client_for_data: []
  num_steps: 30
  num_workers: 0
  pre_transform: []
  quadratic:
    dim: 1
    max_curv: 12.5
    min_curv: 0.02
  root: data/
  save_data: False
  server_holds_all: False
  shuffle: True
  sizes: [10, 5]
  splits: [0.8, 0, 0.2]
  splitter: lda
  splitter_args: [{'alpha': 0.1}]
  subsample: 1.0
  target_transform: []
  test_pre_transform: []
  test_target_transform: []
  test_transform: []
  transform: []
  trunc_stride: 128
  type: lung
  val_pre_transform: []
  val_target_transform: []
  val_transform: []
  walk_length: 2
dataloader:
  batch_size: 16
  drop_last: False
  num_steps: 30
  num_workers: 0
  pin_memory: False
  shuffle: True
  sizes: [10, 5]
  theta: -1
  type: base
  walk_length: 2
device: 0
distribute:
  use: False
early_stop:
  delta: 0.0
  improve_indicator_mode: best
  patience: 5
eval:
  best_res_update_round_wise_key: test_loss
  count_flops: True
  freq: 1
  metrics: ['acc', 'correct', 'f1']
  monitoring: []
  report: ['weighted_avg', 'avg', 'fairness', 'raw']
  split: ['test', 'val']
expname: FedAvg_convnet5_on_lung_lr0.01_lstep2
expname_tag: 
feat_engr:
  num_bins: 5
  scenario: hfl
  secure:
    dp:
      
    encrypt:
      type: dummy
    key_size: 3072
    type: encrypt
  selec_threshold: 0.05
  selec_woe_binning: quantile
  type: 
federate:
  atc_load_from: 
  atc_vanilla: False
  client_num: 10
  data_weighted_aggr: False
  ignore_weight: False
  join_in_info: []
  make_global_eval: False
  merge_test_data: False
  method: FedAvg
  mode: standalone
  online_aggr: True
  resource_info_file: 
  restore_from: 
  sample_client_num: 10
  sample_client_rate: -1.0
  sampler: uniform
  save_to: 
  share_local_model: False
  total_round_num: 10
  unseen_clients_rate: 0.0
  use_diff: False
  use_ss: False
fedopt:
  use: False
fedprox:
  use: False
fedsageplus:
  a: 1.0
  b: 1.0
  c: 1.0
  fedgen_epoch: 200
  gen_hidden: 128
  hide_portion: 0.5
  loc_epoch: 1
  num_pred: 5
finetune:
  batch_or_epoch: epoch
  before_eval: False
  freeze_param: 
  local_update_steps: 1
  optimizer:
    lr: 0.1
    type: SGD
  scheduler:
    type: 
    warmup_ratio: 0.0
flitplus:
  factor_ema: 0.8
  lambdavat: 0.5
  tmpFed: 0.5
  weightReg: 1.0
gcflplus:
  EPS_1: 0.05
  EPS_2: 0.1
  seq_length: 5
  standardize: False
grad:
  grad_accum_count: 1
  grad_clip: 5.0
hpo:
  fedex:
    cutoff: 0.0
    diff: False
    eta0: -1.0
    flatten_ss: True
    gamma: 0.0
    pi_lr: 0.01
    psn: False
    sched: auto
    ss: 
    use: False
  init_cand_num: 16
  larger_better: False
  metric: client_summarized_weighted_avg.val_loss
  num_workers: 0
  pbt:
    max_stage: 5
    perf_threshold: 0.1
  scheduler: rs
  sha:
    budgets: []
    elim_rate: 3
    iter: 0
  ss: 
  table:
    eps: 0.1
    idx: 0
    num: 27
  working_folder: hpo
model:
  contrast_temp: 1.0
  contrast_topk: 100
  downstream_tasks: []
  dropout: 0.0
  embed_size: 8
  gamma: 0
  graph_pooling: mean
  hidden: 2048
  in_channels: 0
  input_shape: ()
  label_smoothing: 0.1
  lambda_: 0.1
  layer: 2
  length_penalty: 2.0
  max_answer_len: 30
  max_length: 200
  max_tree_depth: 3
  min_length: 1
  model_num_per_trainer: 1
  model_type: google/bert_uncased_L-2_H-128_A-2
  n_best_size: 20
  no_repeat_ngram_size: 3
  null_score_diff_threshold: 0.0
  num_beams: 5
  num_item: 0
  num_labels: 1
  num_of_trees: 10
  num_user: 0
  out_channels: 62
  pretrain_tasks: []
  stage: 
  task: node
  type: convnet5
  use_bias: True
  use_contrastive_loss: False
nbafl:
  use: False
outdir: exp/FedAvg_convnet5_on_lung_lr0.01_lstep2
personalization:
  K: 5
  beta: 1.0
  local_param: []
  local_update_steps: 2
  lr: 0.01
  regular_weight: 0.1
  share_non_trainable_para: False
print_decimal_digits: 6
regularizer:
  mu: 0.0
  type: 
seed: 2
sgdmf:
  use: False
train:
  batch_or_epoch: epoch
  local_update_steps: 2
  optimizer:
    lr: 0.01
    type: SGD
    weight_decay: 0.0
  scheduler:
    type: 
    warmup_ratio: 0.0
trainer:
  disp_freq: 50
  local_entropy:
    alpha: 0.75
    eps: 0.001
    gamma: 0.0001
  sam:
    adaptive: False
    eta: 0.0
    rho: 1.0
  type: cvtrainer
  val_freq: 100000000
use_gpu: True
verbose: 1
vertical:
  use: False
wandb:
  use: False
2023-02-17 20:25:14,210 (utils:144) INFO: The device information file is not provided
2023-02-17 20:25:14,375 (fed_runner:169) INFO: Server has been set up ... 
2023-02-17 20:25:14,515 (fed_runner:221) INFO: Client 1 has been set up ... 
2023-02-17 20:25:14,654 (fed_runner:221) INFO: Client 2 has been set up ... 
2023-02-17 20:25:14,687 (fed_runner:221) INFO: Client 3 has been set up ... 
2023-02-17 20:25:14,835 (fed_runner:221) INFO: Client 4 has been set up ... 
2023-02-17 20:25:14,885 (fed_runner:221) INFO: Client 5 has been set up ... 
2023-02-17 20:25:15,008 (fed_runner:221) INFO: Client 6 has been set up ... 
2023-02-17 20:25:15,151 (fed_runner:221) INFO: Client 7 has been set up ... 
2023-02-17 20:25:15,207 (fed_runner:221) INFO: Client 8 has been set up ... 
2023-02-17 20:25:15,250 (fed_runner:221) INFO: Client 9 has been set up ... 
2023-02-17 20:25:15,300 (fed_runner:221) INFO: Client 10 has been set up ... 
<<<<<<< HEAD
2023-02-17 20:25:15,300 (trainer:341) INFO: Model meta-info: <class 'medscale.cv.model.cnn.ConvNet5'>.
=======
<<<<<<< HEAD
2023-02-17 20:25:15,300 (trainer:341) INFO: Model meta-info: <class 'medscale.cv.model.cnn.ConvNet5'>.
=======
2023-02-17 20:25:15,300 (trainer:341) INFO: Model meta-info: <class 'medscale.cv.model.cnn.ConvNet5'>.
>>>>>>> fe4962455354c9c11afd9c9806ceda28eb280737
>>>>>>> 64b283ee525ef53c32509882719e74890329b83f
2023-02-17 20:25:15,301 (trainer:349) INFO: Num of original para names: 39.
2023-02-17 20:25:15,301 (trainer:350) INFO: Num of original trainable para names: 24.
2023-02-17 20:25:15,301 (trainer:352) INFO: Num of preserved para names in local update: 39. 
Preserved para names in local update: {'fc1.weight', 'conv3.bias', 'bn4.running_var', 'bn5.running_mean', 'fc1.bias', 'bn5.weight', 'bn3.bias', 'bn3.num_batches_tracked', 'bn3.weight', 'conv1.weight', 'bn2.bias', 'conv2.bias', 'conv5.bias', 'bn2.running_mean', 'bn1.running_var', 'bn2.num_batches_tracked', 'conv4.weight', 'bn3.running_var', 'bn4.weight', 'bn4.bias', 'bn4.num_batches_tracked', 'bn1.bias', 'bn5.num_batches_tracked', 'bn2.weight', 'bn4.running_mean', 'bn5.bias', 'conv4.bias', 'conv2.weight', 'fc2.weight', 'bn1.running_mean', 'bn3.running_mean', 'conv5.weight', 'bn1.num_batches_tracked', 'bn2.running_var', 'bn5.running_var', 'fc2.bias', 'conv1.bias', 'bn1.weight', 'conv3.weight'}.
2023-02-17 20:25:15,301 (trainer:356) INFO: Num of filtered para names in local update: 0. 
Filtered para names in local update: set().
2023-02-17 20:25:15,301 (trainer:361) INFO: After register default hooks,
	the hooks_in_train is:
	{
	  "on_fit_start": [
	    "_hook_on_fit_start_init",
	    "_hook_on_fit_start_calculate_model_size"
	  ],
	  "on_epoch_start": [
	    "_hook_on_epoch_start"
	  ],
	  "on_batch_start": [
	    "_hook_on_batch_start_init"
	  ],
	  "on_batch_forward": [
	    "_hook_on_batch_forward",
	    "_hook_on_batch_forward_regularizer",
	    "_hook_on_batch_forward_flop_count"
	  ],
	  "on_batch_backward": [
	    "_hook_on_batch_backward"
	  ],
	  "on_batch_end": [
	    "_hook_on_batch_end"
	  ],
	  "on_fit_end": [
	    "_hook_on_fit_end"
	  ]
	};
	the hooks_in_eval is:
            t{
	  "on_fit_start": [
	    "_hook_on_fit_start_init"
	  ],
	  "on_epoch_start": [
	    "_hook_on_epoch_start"
	  ],
	  "on_batch_start": [
	    "_hook_on_batch_start_init"
	  ],
	  "on_batch_forward": [
	    "_hook_on_batch_forward"
	  ],
	  "on_batch_end": [
	    "_hook_on_batch_end"
	  ],
	  "on_fit_end": [
	    "_hook_on_fit_end"
	  ]
	}
2023-02-17 20:25:15,316 (server:804) INFO: ----------- Starting training (Round #0) -------------
2023-02-17 20:25:18,757 (client:306) INFO: {'Role': 'Client #6', 'Round': 0, 'Results_raw': {'train_loss': 15.922789, 'train_total': 4, 'train_correct': 1.0, 'train_avg_loss': 3.980697, 'train_f1': 0.133333, 'train_acc': 0.25}}
2023-02-17 20:25:19,184 (client:306) INFO: {'Role': 'Client #5', 'Round': 0, 'Results_raw': {'train_loss': 147.841312, 'train_total': 48, 'train_correct': 29.0, 'train_avg_loss': 3.080027, 'train_f1': 0.188312, 'train_acc': 0.604167}}
2023-02-17 20:25:22,595 (client:306) INFO: {'Role': 'Client #8', 'Round': 0, 'Results_raw': {'train_loss': 348.405783, 'train_total': 448, 'train_correct': 391.0, 'train_avg_loss': 0.777691, 'train_f1': 0.186858, 'train_acc': 0.872768}}
2023-02-17 20:25:23,294 (client:306) INFO: {'Role': 'Client #2', 'Round': 0, 'Results_raw': {'train_loss': 177.101077, 'train_total': 88, 'train_correct': 72.0, 'train_avg_loss': 2.012512, 'train_f1': 0.3, 'train_acc': 0.818182}}
2023-02-17 20:25:27,751 (client:306) INFO: {'Role': 'Client #4', 'Round': 0, 'Results_raw': {'train_loss': 214.872724, 'train_total': 558, 'train_correct': 535.0, 'train_avg_loss': 0.385077, 'train_f1': 0.244739, 'train_acc': 0.958781}}
2023-02-17 20:25:28,454 (client:306) INFO: {'Role': 'Client #7', 'Round': 0, 'Results_raw': {'train_loss': 176.867527, 'train_total': 88, 'train_correct': 71.0, 'train_avg_loss': 2.009858, 'train_f1': 0.22327, 'train_acc': 0.806818}}
2023-02-17 20:25:30,609 (client:306) INFO: {'Role': 'Client #9', 'Round': 0, 'Results_raw': {'train_loss': 188.156977, 'train_total': 278, 'train_correct': 262.0, 'train_avg_loss': 0.676824, 'train_f1': 0.242593, 'train_acc': 0.942446}}
2023-02-17 20:25:31,820 (client:306) INFO: {'Role': 'Client #1', 'Round': 0, 'Results_raw': {'train_loss': 192.68415, 'train_total': 148, 'train_correct': 129.0, 'train_avg_loss': 1.30192, 'train_f1': 0.186282, 'train_acc': 0.871622}}
2023-02-17 20:25:31,885 (client:306) INFO: {'Role': 'Client #3', 'Round': 0, 'Results_raw': {'train_loss': 8.071282, 'train_total': 2, 'train_correct': 1.0, 'train_avg_loss': 4.035641, 'train_f1': 0.333333, 'train_acc': 0.5}}
2023-02-17 20:25:32,653 (client:306) INFO: {'Role': 'Client #10', 'Round': 0, 'Results_raw': {'train_loss': 237.820062, 'train_total': 92, 'train_correct': 57.0, 'train_avg_loss': 2.585001, 'train_f1': 0.114688, 'train_acc': 0.619565}}
2023-02-17 20:25:32,665 (monitor:541) INFO: {'Role': 'Server #', 'Round': 0, 'Results_model_metric': {}}
2023-02-17 20:25:32,668 (server:330) INFO: Server: Starting evaluation at the end of round 0.
2023-02-17 20:25:32,670 (server:336) INFO: ----------- Starting a new training round (Round #1) -------------
2023-02-17 20:25:33,533 (context:294) WARNING: No val_data or val_loader in the trainer, will skip evaluation.If this is not the case you want, please check whether there is typo for the name
2023-02-17 20:25:33,659 (context:294) WARNING: No val_data or val_loader in the trainer, will skip evaluation.If this is not the case you want, please check whether there is typo for the name
2023-02-17 20:25:33,680 (context:294) WARNING: No val_data or val_loader in the trainer, will skip evaluation.If this is not the case you want, please check whether there is typo for the name
2023-02-17 20:25:33,998 (context:294) WARNING: No val_data or val_loader in the trainer, will skip evaluation.If this is not the case you want, please check whether there is typo for the name
2023-02-17 20:25:34,033 (context:294) WARNING: No val_data or val_loader in the trainer, will skip evaluation.If this is not the case you want, please check whether there is typo for the name
2023-02-17 20:25:34,136 (context:294) WARNING: No val_data or val_loader in the trainer, will skip evaluation.If this is not the case you want, please check whether there is typo for the name
2023-02-17 20:25:34,316 (context:294) WARNING: No val_data or val_loader in the trainer, will skip evaluation.If this is not the case you want, please check whether there is typo for the name
2023-02-17 20:25:34,359 (context:294) WARNING: No val_data or val_loader in the trainer, will skip evaluation.If this is not the case you want, please check whether there is typo for the name
2023-02-17 20:25:34,388 (context:294) WARNING: No val_data or val_loader in the trainer, will skip evaluation.If this is not the case you want, please check whether there is typo for the name
2023-02-17 20:25:34,424 (context:294) WARNING: No val_data or val_loader in the trainer, will skip evaluation.If this is not the case you want, please check whether there is typo for the name
2023-02-17 20:25:34,426 (server:590) INFO: {'Role': 'Server #', 'Round': 0, 'Results_weighted_avg': {'test_loss': 233.191082, 'test_total': 22.0, 'test_correct': 12.2, 'test_avg_loss': 3.228431, 'test_f1': 0.549277, 'test_acc': 0.554545}, 'Results_avg': {'test_loss': 71.025472, 'test_total': 22.0, 'test_correct': 12.2, 'test_avg_loss': 3.401587, 'test_f1': 0.149234, 'test_acc': 0.1775}, 'Results_fairness': {'test_total': 22.0, 'test_correct': 12.2, 'test_loss_std': 104.921402, 'test_loss_bottom_decile': 6.686986, 'test_loss_top_decile': 363.563051, 'test_loss_min': 3.73224, 'test_loss_max': 363.563051, 'test_loss_bottom10%': 3.73224, 'test_loss_top10%': 363.563051, 'test_loss_cos1': 0.560576, 'test_loss_entropy': 1.520847, 'test_avg_loss_std': 0.170257, 'test_avg_loss_bottom_decile': 3.295096, 'test_avg_loss_top_decile': 3.73224, 'test_avg_loss_min': 3.081043, 'test_avg_loss_max': 3.73224, 'test_avg_loss_bottom10%': 3.081043, 'test_avg_loss_top10%': 3.73224, 'test_avg_loss_cos1': 0.99875, 'test_avg_loss_entropy': 2.301334, 'test_f1_std': 0.295092, 'test_f1_bottom_decile': 0.0, 'test_f1_top_decile': 1.0, 'test_f1_min': 0.0, 'test_f1_max': 1.0, 'test_f1_bottom10%': 0.0, 'test_f1_top10%': 1.0, 'test_f1_cos1': 0.451292, 'test_f1_entropy': 0.995454, 'test_acc_std': 0.302445, 'test_acc_bottom_decile': 0.0, 'test_acc_top_decile': 1.0, 'test_acc_min': 0.0, 'test_acc_max': 1.0, 'test_acc_bottom10%': 0.0, 'test_acc_top10%': 1.0, 'test_acc_cos1': 0.506154, 'test_acc_entropy': 1.155043}}
2023-02-17 20:25:35,604 (client:306) INFO: {'Role': 'Client #1', 'Round': 1, 'Results_raw': {'train_loss': 94.180929, 'train_total': 148, 'train_correct': 118.0, 'train_avg_loss': 0.636358, 'train_f1': 0.295739, 'train_acc': 0.797297}}
2023-02-17 20:25:36,287 (client:306) INFO: {'Role': 'Client #2', 'Round': 1, 'Results_raw': {'train_loss': 15.937086, 'train_total': 88, 'train_correct': 88.0, 'train_avg_loss': 0.181103, 'train_f1': 1.0, 'train_acc': 1.0}}
2023-02-17 20:25:36,704 (client:306) INFO: {'Role': 'Client #5', 'Round': 1, 'Results_raw': {'train_loss': 39.826761, 'train_total': 48, 'train_correct': 32.0, 'train_avg_loss': 0.829724, 'train_f1': 0.4, 'train_acc': 0.666667}}
2023-02-17 20:25:36,765 (client:306) INFO: {'Role': 'Client #6', 'Round': 1, 'Results_raw': {'train_loss': 9.013133, 'train_total': 4, 'train_correct': 0.0, 'train_avg_loss': 2.253283, 'train_f1': 0.0, 'train_acc': 0.0}}
2023-02-17 20:25:37,465 (client:306) INFO: {'Role': 'Client #7', 'Round': 1, 'Results_raw': {'train_loss': 15.311311, 'train_total': 88, 'train_correct': 88.0, 'train_avg_loss': 0.173992, 'train_f1': 1.0, 'train_acc': 1.0}}
2023-02-17 20:25:39,614 (client:306) INFO: {'Role': 'Client #9', 'Round': 1, 'Results_raw': {'train_loss': 18.690077, 'train_total': 278, 'train_correct': 278.0, 'train_avg_loss': 0.06723, 'train_f1': 1.0, 'train_acc': 1.0}}
2023-02-17 20:25:44,036 (client:306) INFO: {'Role': 'Client #4', 'Round': 1, 'Results_raw': {'train_loss': 65.978922, 'train_total': 558, 'train_correct': 540.0, 'train_avg_loss': 0.118242, 'train_f1': 0.327869, 'train_acc': 0.967742}}
2023-02-17 20:25:47,436 (client:306) INFO: {'Role': 'Client #8', 'Round': 1, 'Results_raw': {'train_loss': 160.841538, 'train_total': 448, 'train_correct': 406.0, 'train_avg_loss': 0.359021, 'train_f1': 0.47541, 'train_acc': 0.90625}}
2023-02-17 20:25:48,196 (client:306) INFO: {'Role': 'Client #10', 'Round': 1, 'Results_raw': {'train_loss': 80.348017, 'train_total': 92, 'train_correct': 62.0, 'train_avg_loss': 0.873348, 'train_f1': 0.308333, 'train_acc': 0.673913}}
2023-02-17 20:25:48,248 (client:306) INFO: {'Role': 'Client #3', 'Round': 1, 'Results_raw': {'train_loss': 2.660687, 'train_total': 2, 'train_correct': 1.0, 'train_avg_loss': 1.330343, 'train_f1': 0.333333, 'train_acc': 0.5}}
2023-02-17 20:25:48,259 (monitor:541) INFO: {'Role': 'Server #', 'Round': 1, 'Results_model_metric': {}}
2023-02-17 20:25:48,261 (server:330) INFO: Server: Starting evaluation at the end of round 1.
2023-02-17 20:25:48,263 (server:336) INFO: ----------- Starting a new training round (Round #2) -------------
2023-02-17 20:25:49,132 (context:294) WARNING: No val_data or val_loader in the trainer, will skip evaluation.If this is not the case you want, please check whether there is typo for the name
2023-02-17 20:25:49,258 (context:294) WARNING: No val_data or val_loader in the trainer, will skip evaluation.If this is not the case you want, please check whether there is typo for the name
2023-02-17 20:25:49,279 (context:294) WARNING: No val_data or val_loader in the trainer, will skip evaluation.If this is not the case you want, please check whether there is typo for the name
2023-02-17 20:25:49,600 (context:294) WARNING: No val_data or val_loader in the trainer, will skip evaluation.If this is not the case you want, please check whether there is typo for the name
2023-02-17 20:25:49,635 (context:294) WARNING: No val_data or val_loader in the trainer, will skip evaluation.If this is not the case you want, please check whether there is typo for the name
2023-02-17 20:25:49,738 (context:294) WARNING: No val_data or val_loader in the trainer, will skip evaluation.If this is not the case you want, please check whether there is typo for the name
2023-02-17 20:25:49,919 (context:294) WARNING: No val_data or val_loader in the trainer, will skip evaluation.If this is not the case you want, please check whether there is typo for the name
2023-02-17 20:25:49,962 (context:294) WARNING: No val_data or val_loader in the trainer, will skip evaluation.If this is not the case you want, please check whether there is typo for the name
2023-02-17 20:25:49,991 (context:294) WARNING: No val_data or val_loader in the trainer, will skip evaluation.If this is not the case you want, please check whether there is typo for the name
2023-02-17 20:25:50,027 (context:294) WARNING: No val_data or val_loader in the trainer, will skip evaluation.If this is not the case you want, please check whether there is typo for the name
2023-02-17 20:25:50,028 (server:590) INFO: {'Role': 'Server #', 'Round': 1, 'Results_weighted_avg': {'test_loss': 78.636809, 'test_total': 22.0, 'test_correct': 12.2, 'test_avg_loss': 1.30468, 'test_f1': 0.549277, 'test_acc': 0.554545}, 'Results_avg': {'test_loss': 28.702958, 'test_total': 22.0, 'test_correct': 12.2, 'test_avg_loss': 1.679238, 'test_f1': 0.149234, 'test_acc': 0.1775}, 'Results_fairness': {'test_total': 22.0, 'test_correct': 12.2, 'test_loss_std': 33.561209, 'test_loss_bottom_decile': 3.449108, 'test_loss_top_decile': 110.962492, 'test_loss_min': 2.131686, 'test_loss_max': 110.962492, 'test_loss_bottom10%': 2.131686, 'test_loss_top10%': 110.962492, 'test_loss_cos1': 0.649958, 'test_loss_entropy': 1.710105, 'test_avg_loss_std': 0.314084, 'test_avg_loss_bottom_decile': 1.53964, 'test_avg_loss_top_decile': 2.131686, 'test_avg_loss_min': 0.94036, 'test_avg_loss_max': 2.131686, 'test_avg_loss_bottom10%': 0.94036, 'test_avg_loss_top10%': 2.131686, 'test_avg_loss_cos1': 0.982954, 'test_avg_loss_entropy': 2.283693, 'test_f1_std': 0.295092, 'test_f1_bottom_decile': 0.0, 'test_f1_top_decile': 1.0, 'test_f1_min': 0.0, 'test_f1_max': 1.0, 'test_f1_bottom10%': 0.0, 'test_f1_top10%': 1.0, 'test_f1_cos1': 0.451292, 'test_f1_entropy': 0.995454, 'test_acc_std': 0.302445, 'test_acc_bottom_decile': 0.0, 'test_acc_top_decile': 1.0, 'test_acc_min': 0.0, 'test_acc_max': 1.0, 'test_acc_bottom10%': 0.0, 'test_acc_top10%': 1.0, 'test_acc_cos1': 0.506154, 'test_acc_entropy': 1.155043}}
2023-02-17 20:25:50,084 (client:306) INFO: {'Role': 'Client #6', 'Round': 2, 'Results_raw': {'train_loss': 5.539172, 'train_total': 4, 'train_correct': 2.0, 'train_avg_loss': 1.384793, 'train_f1': 0.333333, 'train_acc': 0.5}}
2023-02-17 20:25:50,840 (client:306) INFO: {'Role': 'Client #10', 'Round': 2, 'Results_raw': {'train_loss': 58.332106, 'train_total': 92, 'train_correct': 65.0, 'train_avg_loss': 0.634045, 'train_f1': 0.353739, 'train_acc': 0.706522}}
2023-02-17 20:25:50,889 (client:306) INFO: {'Role': 'Client #3', 'Round': 2, 'Results_raw': {'train_loss': 1.199768, 'train_total': 2, 'train_correct': 1.0, 'train_avg_loss': 0.599884, 'train_f1': 0.333333, 'train_acc': 0.5}}
2023-02-17 20:25:51,572 (client:306) INFO: {'Role': 'Client #2', 'Round': 2, 'Results_raw': {'train_loss': 8.801134, 'train_total': 88, 'train_correct': 88.0, 'train_avg_loss': 0.100013, 'train_f1': 1.0, 'train_acc': 1.0}}
2023-02-17 20:25:56,126 (client:306) INFO: {'Role': 'Client #4', 'Round': 2, 'Results_raw': {'train_loss': 41.725576, 'train_total': 558, 'train_correct': 540.0, 'train_avg_loss': 0.074777, 'train_f1': 0.327869, 'train_acc': 0.967742}}
2023-02-17 20:25:58,321 (client:306) INFO: {'Role': 'Client #9', 'Round': 2, 'Results_raw': {'train_loss': 11.059481, 'train_total': 278, 'train_correct': 278.0, 'train_avg_loss': 0.039782, 'train_f1': 1.0, 'train_acc': 1.0}}
2023-02-17 20:25:59,023 (client:306) INFO: {'Role': 'Client #7', 'Round': 2, 'Results_raw': {'train_loss': 9.537998, 'train_total': 88, 'train_correct': 88.0, 'train_avg_loss': 0.108386, 'train_f1': 1.0, 'train_acc': 1.0}}
2023-02-17 20:25:59,459 (client:306) INFO: {'Role': 'Client #5', 'Round': 2, 'Results_raw': {'train_loss': 24.807692, 'train_total': 48, 'train_correct': 32.0, 'train_avg_loss': 0.516827, 'train_f1': 0.4, 'train_acc': 0.666667}}
2023-02-17 20:26:00,729 (client:306) INFO: {'Role': 'Client #1', 'Round': 2, 'Results_raw': {'train_loss': 63.292131, 'train_total': 148, 'train_correct': 130.0, 'train_avg_loss': 0.42765, 'train_f1': 0.311751, 'train_acc': 0.878378}}
2023-02-17 20:26:04,223 (client:306) INFO: {'Role': 'Client #8', 'Round': 2, 'Results_raw': {'train_loss': 136.63153, 'train_total': 448, 'train_correct': 408.0, 'train_avg_loss': 0.304981, 'train_f1': 0.541688, 'train_acc': 0.910714}}
2023-02-17 20:26:04,232 (monitor:541) INFO: {'Role': 'Server #', 'Round': 2, 'Results_model_metric': {}}
2023-02-17 20:26:04,234 (server:330) INFO: Server: Starting evaluation at the end of round 2.
2023-02-17 20:26:04,236 (server:336) INFO: ----------- Starting a new training round (Round #3) -------------
2023-02-17 20:26:05,108 (context:294) WARNING: No val_data or val_loader in the trainer, will skip evaluation.If this is not the case you want, please check whether there is typo for the name
2023-02-17 20:26:05,237 (context:294) WARNING: No val_data or val_loader in the trainer, will skip evaluation.If this is not the case you want, please check whether there is typo for the name
2023-02-17 20:26:05,259 (context:294) WARNING: No val_data or val_loader in the trainer, will skip evaluation.If this is not the case you want, please check whether there is typo for the name
2023-02-17 20:26:05,580 (context:294) WARNING: No val_data or val_loader in the trainer, will skip evaluation.If this is not the case you want, please check whether there is typo for the name
2023-02-17 20:26:05,615 (context:294) WARNING: No val_data or val_loader in the trainer, will skip evaluation.If this is not the case you want, please check whether there is typo for the name
2023-02-17 20:26:05,719 (context:294) WARNING: No val_data or val_loader in the trainer, will skip evaluation.If this is not the case you want, please check whether there is typo for the name
2023-02-17 20:26:05,902 (context:294) WARNING: No val_data or val_loader in the trainer, will skip evaluation.If this is not the case you want, please check whether there is typo for the name
2023-02-17 20:26:05,946 (context:294) WARNING: No val_data or val_loader in the trainer, will skip evaluation.If this is not the case you want, please check whether there is typo for the name
2023-02-17 20:26:05,975 (context:294) WARNING: No val_data or val_loader in the trainer, will skip evaluation.If this is not the case you want, please check whether there is typo for the name
2023-02-17 20:26:06,011 (context:294) WARNING: No val_data or val_loader in the trainer, will skip evaluation.If this is not the case you want, please check whether there is typo for the name
2023-02-17 20:26:06,012 (server:590) INFO: {'Role': 'Server #', 'Round': 2, 'Results_weighted_avg': {'test_loss': 49.593658, 'test_total': 22.0, 'test_correct': 15.6, 'test_avg_loss': 0.872836, 'test_f1': 0.400925, 'test_acc': 0.709091}, 'Results_avg': {'test_loss': 19.20239, 'test_total': 22.0, 'test_correct': 15.6, 'test_avg_loss': 1.19586, 'test_f1': 0.239377, 'test_acc': 0.368154}, 'Results_fairness': {'test_total': 22.0, 'test_correct': 15.6, 'test_loss_std': 21.06826, 'test_loss_bottom_decile': 2.415377, 'test_loss_top_decile': 67.619298, 'test_loss_min': 1.662536, 'test_loss_max': 67.619298, 'test_loss_bottom10%': 1.662536, 'test_loss_top10%': 67.619298, 'test_loss_cos1': 0.673622, 'test_loss_entropy': 1.753021, 'test_avg_loss_std': 0.297934, 'test_avg_loss_bottom_decile': 1.013091, 'test_avg_loss_top_decile': 1.662536, 'test_avg_loss_min': 0.573045, 'test_avg_loss_max': 1.662536, 'test_avg_loss_bottom10%': 0.573045, 'test_avg_loss_top10%': 1.662536, 'test_avg_loss_cos1': 0.970339, 'test_avg_loss_entropy': 2.269497, 'test_f1_std': 0.153262, 'test_f1_bottom_decile': 0.0, 'test_f1_top_decile': 0.495726, 'test_f1_min': 0.0, 'test_f1_max': 0.495726, 'test_f1_bottom10%': 0.0, 'test_f1_top10%': 0.495726, 'test_f1_cos1': 0.842174, 'test_f1_entropy': 2.015931, 'test_acc_std': 0.280856, 'test_acc_bottom_decile': 0.0, 'test_acc_top_decile': 0.983051, 'test_acc_min': 0.0, 'test_acc_max': 0.983051, 'test_acc_bottom10%': 0.0, 'test_acc_top10%': 0.983051, 'test_acc_cos1': 0.795059, 'test_acc_entropy': 1.956694}}
2023-02-17 20:26:06,068 (client:306) INFO: {'Role': 'Client #6', 'Round': 3, 'Results_raw': {'train_loss': 4.44687, 'train_total': 4, 'train_correct': 2.0, 'train_avg_loss': 1.111718, 'train_f1': 0.333333, 'train_acc': 0.5}}
2023-02-17 20:26:06,763 (client:306) INFO: {'Role': 'Client #7', 'Round': 3, 'Results_raw': {'train_loss': 10.231239, 'train_total': 88, 'train_correct': 87.0, 'train_avg_loss': 0.116264, 'train_f1': 0.497143, 'train_acc': 0.988636}}
2023-02-17 20:26:07,518 (client:306) INFO: {'Role': 'Client #10', 'Round': 3, 'Results_raw': {'train_loss': 59.911794, 'train_total': 92, 'train_correct': 68.0, 'train_avg_loss': 0.651215, 'train_f1': 0.384167, 'train_acc': 0.73913}}
2023-02-17 20:26:09,685 (client:306) INFO: {'Role': 'Client #9', 'Round': 3, 'Results_raw': {'train_loss': 10.211047, 'train_total': 278, 'train_correct': 277.0, 'train_avg_loss': 0.03673, 'train_f1': 0.499099, 'train_acc': 0.996403}}
2023-02-17 20:26:10,375 (client:306) INFO: {'Role': 'Client #2', 'Round': 3, 'Results_raw': {'train_loss': 10.277666, 'train_total': 88, 'train_correct': 88.0, 'train_avg_loss': 0.116792, 'train_f1': 1.0, 'train_acc': 1.0}}
2023-02-17 20:26:10,791 (client:306) INFO: {'Role': 'Client #5', 'Round': 3, 'Results_raw': {'train_loss': 17.636035, 'train_total': 48, 'train_correct': 42.0, 'train_avg_loss': 0.367417, 'train_f1': 0.466667, 'train_acc': 0.875}}
2023-02-17 20:26:15,269 (client:306) INFO: {'Role': 'Client #4', 'Round': 3, 'Results_raw': {'train_loss': 31.733123, 'train_total': 558, 'train_correct': 550.0, 'train_avg_loss': 0.056869, 'train_f1': 0.330927, 'train_acc': 0.985663}}
2023-02-17 20:26:16,454 (client:306) INFO: {'Role': 'Client #1', 'Round': 3, 'Results_raw': {'train_loss': 52.221388, 'train_total': 148, 'train_correct': 130.0, 'train_avg_loss': 0.352847, 'train_f1': 0.311751, 'train_acc': 0.878378}}
2023-02-17 20:26:16,501 (client:306) INFO: {'Role': 'Client #3', 'Round': 3, 'Results_raw': {'train_loss': 1.08652, 'train_total': 2, 'train_correct': 2.0, 'train_avg_loss': 0.54326, 'train_f1': 1.0, 'train_acc': 1.0}}
2023-02-17 20:26:19,969 (client:306) INFO: {'Role': 'Client #8', 'Round': 3, 'Results_raw': {'train_loss': 132.592651, 'train_total': 448, 'train_correct': 407.0, 'train_avg_loss': 0.295966, 'train_f1': 0.333561, 'train_acc': 0.908482}}
2023-02-17 20:26:19,982 (monitor:541) INFO: {'Role': 'Server #', 'Round': 3, 'Results_model_metric': {}}
2023-02-17 20:26:19,985 (server:330) INFO: Server: Starting evaluation at the end of round 3.
2023-02-17 20:26:19,990 (server:336) INFO: ----------- Starting a new training round (Round #4) -------------
2023-02-17 20:26:20,866 (context:294) WARNING: No val_data or val_loader in the trainer, will skip evaluation.If this is not the case you want, please check whether there is typo for the name
2023-02-17 20:26:20,992 (context:294) WARNING: No val_data or val_loader in the trainer, will skip evaluation.If this is not the case you want, please check whether there is typo for the name
2023-02-17 20:26:21,013 (context:294) WARNING: No val_data or val_loader in the trainer, will skip evaluation.If this is not the case you want, please check whether there is typo for the name
2023-02-17 20:26:21,333 (context:294) WARNING: No val_data or val_loader in the trainer, will skip evaluation.If this is not the case you want, please check whether there is typo for the name
2023-02-17 20:26:21,367 (context:294) WARNING: No val_data or val_loader in the trainer, will skip evaluation.If this is not the case you want, please check whether there is typo for the name
2023-02-17 20:26:21,472 (context:294) WARNING: No val_data or val_loader in the trainer, will skip evaluation.If this is not the case you want, please check whether there is typo for the name
2023-02-17 20:26:21,653 (context:294) WARNING: No val_data or val_loader in the trainer, will skip evaluation.If this is not the case you want, please check whether there is typo for the name
2023-02-17 20:26:21,700 (context:294) WARNING: No val_data or val_loader in the trainer, will skip evaluation.If this is not the case you want, please check whether there is typo for the name
2023-02-17 20:26:21,729 (context:294) WARNING: No val_data or val_loader in the trainer, will skip evaluation.If this is not the case you want, please check whether there is typo for the name
2023-02-17 20:26:21,765 (context:294) WARNING: No val_data or val_loader in the trainer, will skip evaluation.If this is not the case you want, please check whether there is typo for the name
2023-02-17 20:26:21,766 (server:590) INFO: {'Role': 'Server #', 'Round': 3, 'Results_weighted_avg': {'test_loss': 46.115978, 'test_total': 22.0, 'test_correct': 16.2, 'test_avg_loss': 0.797225, 'test_f1': 0.417216, 'test_acc': 0.736364}, 'Results_avg': {'test_loss': 17.538957, 'test_total': 22.0, 'test_correct': 16.2, 'test_avg_loss': 1.07509, 'test_f1': 0.287221, 'test_acc': 0.425625}, 'Results_fairness': {'test_total': 22.0, 'test_correct': 16.2, 'test_loss_std': 19.619036, 'test_loss_bottom_decile': 2.180923, 'test_loss_top_decile': 63.689369, 'test_loss_min': 1.393107, 'test_loss_max': 63.689369, 'test_loss_bottom10%': 1.393107, 'test_loss_top10%': 63.689369, 'test_loss_cos1': 0.66648, 'test_loss_entropy': 1.740846, 'test_avg_loss_std': 0.254916, 'test_avg_loss_bottom_decile': 0.865952, 'test_avg_loss_top_decile': 1.412378, 'test_avg_loss_min': 0.53974, 'test_avg_loss_max': 1.412378, 'test_avg_loss_bottom10%': 0.53974, 'test_avg_loss_top10%': 1.412378, 'test_avg_loss_cos1': 0.973022, 'test_avg_loss_entropy': 2.272476, 'test_f1_std': 0.185778, 'test_f1_bottom_decile': 0.0, 'test_f1_top_decile': 0.555556, 'test_f1_min': 0.0, 'test_f1_max': 0.555556, 'test_f1_bottom10%': 0.0, 'test_f1_top10%': 0.555556, 'test_f1_cos1': 0.839664, 'test_f1_entropy': 2.008523, 'test_acc_std': 0.308431, 'test_acc_bottom_decile': 0.0, 'test_acc_top_decile': 0.966102, 'test_acc_min': 0.0, 'test_acc_max': 0.966102, 'test_acc_bottom10%': 0.0, 'test_acc_top10%': 0.966102, 'test_acc_cos1': 0.809743, 'test_acc_entropy': 1.963897}}
2023-02-17 20:26:25,196 (client:306) INFO: {'Role': 'Client #8', 'Round': 4, 'Results_raw': {'train_loss': 121.514358, 'train_total': 448, 'train_correct': 412.0, 'train_avg_loss': 0.271237, 'train_f1': 0.424069, 'train_acc': 0.919643}}
2023-02-17 20:26:25,899 (client:306) INFO: {'Role': 'Client #2', 'Round': 4, 'Results_raw': {'train_loss': 9.118813, 'train_total': 88, 'train_correct': 88.0, 'train_avg_loss': 0.103623, 'train_f1': 1.0, 'train_acc': 1.0}}
2023-02-17 20:26:26,594 (client:306) INFO: {'Role': 'Client #7', 'Round': 4, 'Results_raw': {'train_loss': 8.896163, 'train_total': 88, 'train_correct': 88.0, 'train_avg_loss': 0.101093, 'train_f1': 1.0, 'train_acc': 1.0}}
2023-02-17 20:26:31,108 (client:306) INFO: {'Role': 'Client #4', 'Round': 4, 'Results_raw': {'train_loss': 30.595482, 'train_total': 558, 'train_correct': 549.0, 'train_avg_loss': 0.054831, 'train_f1': 0.330623, 'train_acc': 0.983871}}
2023-02-17 20:26:31,172 (client:306) INFO: {'Role': 'Client #6', 'Round': 4, 'Results_raw': {'train_loss': 3.848049, 'train_total': 4, 'train_correct': 2.0, 'train_avg_loss': 0.962012, 'train_f1': 0.333333, 'train_acc': 0.5}}
2023-02-17 20:26:32,385 (client:306) INFO: {'Role': 'Client #1', 'Round': 4, 'Results_raw': {'train_loss': 44.218489, 'train_total': 148, 'train_correct': 130.0, 'train_avg_loss': 0.298774, 'train_f1': 0.311751, 'train_acc': 0.878378}}
2023-02-17 20:26:33,140 (client:306) INFO: {'Role': 'Client #10', 'Round': 4, 'Results_raw': {'train_loss': 49.890463, 'train_total': 92, 'train_correct': 75.0, 'train_avg_loss': 0.542288, 'train_f1': 0.441558, 'train_acc': 0.815217}}
2023-02-17 20:26:33,189 (client:306) INFO: {'Role': 'Client #3', 'Round': 4, 'Results_raw': {'train_loss': 0.644846, 'train_total': 2, 'train_correct': 2.0, 'train_avg_loss': 0.322423, 'train_f1': 1.0, 'train_acc': 1.0}}
2023-02-17 20:26:35,320 (client:306) INFO: {'Role': 'Client #9', 'Round': 4, 'Results_raw': {'train_loss': 11.039995, 'train_total': 278, 'train_correct': 277.0, 'train_avg_loss': 0.039712, 'train_f1': 0.499099, 'train_acc': 0.996403}}
2023-02-17 20:26:35,727 (client:306) INFO: {'Role': 'Client #5', 'Round': 4, 'Results_raw': {'train_loss': 15.108805, 'train_total': 48, 'train_correct': 42.0, 'train_avg_loss': 0.314767, 'train_f1': 0.466667, 'train_acc': 0.875}}
2023-02-17 20:26:35,735 (monitor:541) INFO: {'Role': 'Server #', 'Round': 4, 'Results_model_metric': {}}
2023-02-17 20:26:35,737 (server:330) INFO: Server: Starting evaluation at the end of round 4.
2023-02-17 20:26:35,739 (server:336) INFO: ----------- Starting a new training round (Round #5) -------------
2023-02-17 20:26:36,607 (context:294) WARNING: No val_data or val_loader in the trainer, will skip evaluation.If this is not the case you want, please check whether there is typo for the name
2023-02-17 20:26:36,733 (context:294) WARNING: No val_data or val_loader in the trainer, will skip evaluation.If this is not the case you want, please check whether there is typo for the name
2023-02-17 20:26:36,755 (context:294) WARNING: No val_data or val_loader in the trainer, will skip evaluation.If this is not the case you want, please check whether there is typo for the name
2023-02-17 20:26:37,072 (context:294) WARNING: No val_data or val_loader in the trainer, will skip evaluation.If this is not the case you want, please check whether there is typo for the name
2023-02-17 20:26:37,108 (context:294) WARNING: No val_data or val_loader in the trainer, will skip evaluation.If this is not the case you want, please check whether there is typo for the name
2023-02-17 20:26:37,217 (context:294) WARNING: No val_data or val_loader in the trainer, will skip evaluation.If this is not the case you want, please check whether there is typo for the name
2023-02-17 20:26:37,404 (context:294) WARNING: No val_data or val_loader in the trainer, will skip evaluation.If this is not the case you want, please check whether there is typo for the name
2023-02-17 20:26:37,448 (context:294) WARNING: No val_data or val_loader in the trainer, will skip evaluation.If this is not the case you want, please check whether there is typo for the name
2023-02-17 20:26:37,479 (context:294) WARNING: No val_data or val_loader in the trainer, will skip evaluation.If this is not the case you want, please check whether there is typo for the name
2023-02-17 20:26:37,518 (context:294) WARNING: No val_data or val_loader in the trainer, will skip evaluation.If this is not the case you want, please check whether there is typo for the name
2023-02-17 20:26:37,519 (server:590) INFO: {'Role': 'Server #', 'Round': 4, 'Results_weighted_avg': {'test_loss': 38.45349, 'test_total': 22.0, 'test_correct': 16.2, 'test_avg_loss': 0.740203, 'test_f1': 0.418197, 'test_acc': 0.736364}, 'Results_avg': {'test_loss': 16.284462, 'test_total': 22.0, 'test_correct': 16.2, 'test_avg_loss': 1.080977, 'test_f1': 0.288201, 'test_acc': 0.425625}, 'Results_fairness': {'test_total': 22.0, 'test_correct': 16.2, 'test_loss_std': 16.545257, 'test_loss_bottom_decile': 2.121731, 'test_loss_top_decile': 49.364466, 'test_loss_min': 1.468674, 'test_loss_max': 49.364466, 'test_loss_bottom10%': 1.468674, 'test_loss_top10%': 49.364466, 'test_loss_cos1': 0.701467, 'test_loss_entropy': 1.799316, 'test_avg_loss_std': 0.332102, 'test_avg_loss_bottom_decile': 0.838142, 'test_avg_loss_top_decile': 1.538795, 'test_avg_loss_min': 0.418343, 'test_avg_loss_max': 1.538795, 'test_avg_loss_bottom10%': 0.418343, 'test_avg_loss_top10%': 1.538795, 'test_avg_loss_cos1': 0.955905, 'test_avg_loss_entropy': 2.251371, 'test_f1_std': 0.185112, 'test_f1_bottom_decile': 0.0, 'test_f1_top_decile': 0.555556, 'test_f1_min': 0.0, 'test_f1_max': 0.555556, 'test_f1_bottom10%': 0.0, 'test_f1_top10%': 0.555556, 'test_f1_cos1': 0.84139, 'test_f1_entropy': 2.011482, 'test_acc_std': 0.308431, 'test_acc_bottom_decile': 0.0, 'test_acc_top_decile': 0.966102, 'test_acc_min': 0.0, 'test_acc_max': 0.966102, 'test_acc_bottom10%': 0.0, 'test_acc_top10%': 0.966102, 'test_acc_cos1': 0.809743, 'test_acc_entropy': 1.963897}}
2023-02-17 20:26:38,214 (client:306) INFO: {'Role': 'Client #2', 'Round': 5, 'Results_raw': {'train_loss': 7.087624, 'train_total': 88, 'train_correct': 88.0, 'train_avg_loss': 0.080541, 'train_f1': 1.0, 'train_acc': 1.0}}
2023-02-17 20:26:38,986 (client:306) INFO: {'Role': 'Client #10', 'Round': 5, 'Results_raw': {'train_loss': 49.880074, 'train_total': 92, 'train_correct': 75.0, 'train_avg_loss': 0.542175, 'train_f1': 0.47712, 'train_acc': 0.815217}}
2023-02-17 20:26:42,381 (client:306) INFO: {'Role': 'Client #8', 'Round': 5, 'Results_raw': {'train_loss': 115.599612, 'train_total': 448, 'train_correct': 412.0, 'train_avg_loss': 0.258035, 'train_f1': 0.404289, 'train_acc': 0.919643}}
2023-02-17 20:26:43,105 (client:306) INFO: {'Role': 'Client #7', 'Round': 5, 'Results_raw': {'train_loss': 7.920426, 'train_total': 88, 'train_correct': 87.0, 'train_avg_loss': 0.090005, 'train_f1': 0.497143, 'train_acc': 0.988636}}
2023-02-17 20:26:44,339 (client:306) INFO: {'Role': 'Client #1', 'Round': 5, 'Results_raw': {'train_loss': 46.485609, 'train_total': 148, 'train_correct': 129.0, 'train_avg_loss': 0.314092, 'train_f1': 0.310469, 'train_acc': 0.871622}}
2023-02-17 20:26:48,848 (client:306) INFO: {'Role': 'Client #4', 'Round': 5, 'Results_raw': {'train_loss': 30.115064, 'train_total': 558, 'train_correct': 550.0, 'train_avg_loss': 0.05397, 'train_f1': 0.330927, 'train_acc': 0.985663}}
2023-02-17 20:26:48,896 (client:306) INFO: {'Role': 'Client #3', 'Round': 5, 'Results_raw': {'train_loss': 0.574464, 'train_total': 2, 'train_correct': 2.0, 'train_avg_loss': 0.287232, 'train_f1': 1.0, 'train_acc': 1.0}}
2023-02-17 20:26:49,309 (client:306) INFO: {'Role': 'Client #5', 'Round': 5, 'Results_raw': {'train_loss': 14.565379, 'train_total': 48, 'train_correct': 44.0, 'train_avg_loss': 0.303445, 'train_f1': 0.478261, 'train_acc': 0.916667}}
2023-02-17 20:26:49,369 (client:306) INFO: {'Role': 'Client #6', 'Round': 5, 'Results_raw': {'train_loss': 3.786651, 'train_total': 4, 'train_correct': 2.0, 'train_avg_loss': 0.946663, 'train_f1': 0.333333, 'train_acc': 0.5}}
2023-02-17 20:26:51,532 (client:306) INFO: {'Role': 'Client #9', 'Round': 5, 'Results_raw': {'train_loss': 8.666483, 'train_total': 278, 'train_correct': 277.0, 'train_avg_loss': 0.031174, 'train_f1': 0.499099, 'train_acc': 0.996403}}
2023-02-17 20:26:51,540 (monitor:541) INFO: {'Role': 'Server #', 'Round': 5, 'Results_model_metric': {}}
2023-02-17 20:26:51,542 (server:330) INFO: Server: Starting evaluation at the end of round 5.
2023-02-17 20:26:51,544 (server:336) INFO: ----------- Starting a new training round (Round #6) -------------
2023-02-17 20:26:52,423 (context:294) WARNING: No val_data or val_loader in the trainer, will skip evaluation.If this is not the case you want, please check whether there is typo for the name
2023-02-17 20:26:52,550 (context:294) WARNING: No val_data or val_loader in the trainer, will skip evaluation.If this is not the case you want, please check whether there is typo for the name
2023-02-17 20:26:52,571 (context:294) WARNING: No val_data or val_loader in the trainer, will skip evaluation.If this is not the case you want, please check whether there is typo for the name
2023-02-17 20:26:52,890 (context:294) WARNING: No val_data or val_loader in the trainer, will skip evaluation.If this is not the case you want, please check whether there is typo for the name
2023-02-17 20:26:52,925 (context:294) WARNING: No val_data or val_loader in the trainer, will skip evaluation.If this is not the case you want, please check whether there is typo for the name
2023-02-17 20:26:53,030 (context:294) WARNING: No val_data or val_loader in the trainer, will skip evaluation.If this is not the case you want, please check whether there is typo for the name
2023-02-17 20:26:53,212 (context:294) WARNING: No val_data or val_loader in the trainer, will skip evaluation.If this is not the case you want, please check whether there is typo for the name
2023-02-17 20:26:53,255 (context:294) WARNING: No val_data or val_loader in the trainer, will skip evaluation.If this is not the case you want, please check whether there is typo for the name
2023-02-17 20:26:53,283 (context:294) WARNING: No val_data or val_loader in the trainer, will skip evaluation.If this is not the case you want, please check whether there is typo for the name
2023-02-17 20:26:53,319 (context:294) WARNING: No val_data or val_loader in the trainer, will skip evaluation.If this is not the case you want, please check whether there is typo for the name
2023-02-17 20:26:53,321 (server:590) INFO: {'Role': 'Server #', 'Round': 5, 'Results_weighted_avg': {'test_loss': 39.175822, 'test_total': 22.0, 'test_correct': 16.4, 'test_avg_loss': 0.698567, 'test_f1': 0.431249, 'test_acc': 0.745455}, 'Results_avg': {'test_loss': 15.368464, 'test_total': 22.0, 'test_correct': 16.4, 'test_avg_loss': 0.980042, 'test_f1': 0.335763, 'test_acc': 0.5001}, 'Results_fairness': {'test_total': 22.0, 'test_correct': 16.4, 'test_loss_std': 16.70753, 'test_loss_bottom_decile': 1.970023, 'test_loss_top_decile': 53.465786, 'test_loss_min': 1.363338, 'test_loss_max': 53.465786, 'test_loss_bottom10%': 1.363338, 'test_loss_top10%': 53.465786, 'test_loss_cos1': 0.676998, 'test_loss_entropy': 1.759064, 'test_avg_loss_std': 0.296632, 'test_avg_loss_bottom_decile': 0.694775, 'test_avg_loss_top_decile': 1.379267, 'test_avg_loss_min': 0.4531, 'test_avg_loss_max': 1.379267, 'test_avg_loss_bottom10%': 0.4531, 'test_avg_loss_top10%': 1.379267, 'test_avg_loss_cos1': 0.957119, 'test_avg_loss_entropy': 2.254671, 'test_f1_std': 0.155852, 'test_f1_bottom_decile': 0.196078, 'test_f1_top_decile': 0.555556, 'test_f1_min': 0.0, 'test_f1_max': 0.555556, 'test_f1_bottom10%': 0.0, 'test_f1_top10%': 0.555556, 'test_f1_cos1': 0.907048, 'test_f1_entropy': 2.148568, 'test_acc_std': 0.257074, 'test_acc_bottom_decile': 0.227273, 'test_acc_top_decile': 0.923729, 'test_acc_min': 0.0, 'test_acc_max': 0.923729, 'test_acc_bottom10%': 0.0, 'test_acc_top10%': 0.923729, 'test_acc_cos1': 0.889375, 'test_acc_entropy': 2.125849}}
2023-02-17 20:26:53,362 (client:306) INFO: {'Role': 'Client #3', 'Round': 6, 'Results_raw': {'train_loss': 0.459412, 'train_total': 2, 'train_correct': 2.0, 'train_avg_loss': 0.229706, 'train_f1': 1.0, 'train_acc': 1.0}}
2023-02-17 20:26:57,850 (client:306) INFO: {'Role': 'Client #4', 'Round': 6, 'Results_raw': {'train_loss': 25.194058, 'train_total': 558, 'train_correct': 550.0, 'train_avg_loss': 0.045151, 'train_f1': 0.330927, 'train_acc': 0.985663}}
2023-02-17 20:26:58,618 (client:306) INFO: {'Role': 'Client #10', 'Round': 6, 'Results_raw': {'train_loss': 44.326883, 'train_total': 92, 'train_correct': 77.0, 'train_avg_loss': 0.481814, 'train_f1': 0.484562, 'train_acc': 0.836957}}
2023-02-17 20:26:59,036 (client:306) INFO: {'Role': 'Client #5', 'Round': 6, 'Results_raw': {'train_loss': 11.422829, 'train_total': 48, 'train_correct': 46.0, 'train_avg_loss': 0.237976, 'train_f1': 0.489362, 'train_acc': 0.958333}}
2023-02-17 20:27:02,503 (client:306) INFO: {'Role': 'Client #8', 'Round': 6, 'Results_raw': {'train_loss': 112.510957, 'train_total': 448, 'train_correct': 412.0, 'train_avg_loss': 0.251141, 'train_f1': 0.425782, 'train_acc': 0.919643}}
2023-02-17 20:27:04,684 (client:306) INFO: {'Role': 'Client #9', 'Round': 6, 'Results_raw': {'train_loss': 7.701889, 'train_total': 278, 'train_correct': 278.0, 'train_avg_loss': 0.027705, 'train_f1': 1.0, 'train_acc': 1.0}}
2023-02-17 20:27:05,378 (client:306) INFO: {'Role': 'Client #2', 'Round': 6, 'Results_raw': {'train_loss': 8.527923, 'train_total': 88, 'train_correct': 88.0, 'train_avg_loss': 0.096908, 'train_f1': 1.0, 'train_acc': 1.0}}
2023-02-17 20:27:06,585 (client:306) INFO: {'Role': 'Client #1', 'Round': 6, 'Results_raw': {'train_loss': 48.755595, 'train_total': 148, 'train_correct': 130.0, 'train_avg_loss': 0.32943, 'train_f1': 0.311751, 'train_acc': 0.878378}}
2023-02-17 20:27:06,646 (client:306) INFO: {'Role': 'Client #6', 'Round': 6, 'Results_raw': {'train_loss': 4.037431, 'train_total': 4, 'train_correct': 2.0, 'train_avg_loss': 1.009358, 'train_f1': 0.333333, 'train_acc': 0.5}}
2023-02-17 20:27:07,350 (client:306) INFO: {'Role': 'Client #7', 'Round': 6, 'Results_raw': {'train_loss': 9.311213, 'train_total': 88, 'train_correct': 84.0, 'train_avg_loss': 0.105809, 'train_f1': 0.488372, 'train_acc': 0.954545}}
2023-02-17 20:27:07,358 (monitor:541) INFO: {'Role': 'Server #', 'Round': 6, 'Results_model_metric': {}}
2023-02-17 20:27:07,360 (server:330) INFO: Server: Starting evaluation at the end of round 6.
2023-02-17 20:27:07,362 (server:336) INFO: ----------- Starting a new training round (Round #7) -------------
2023-02-17 20:27:08,233 (context:294) WARNING: No val_data or val_loader in the trainer, will skip evaluation.If this is not the case you want, please check whether there is typo for the name
2023-02-17 20:27:08,360 (context:294) WARNING: No val_data or val_loader in the trainer, will skip evaluation.If this is not the case you want, please check whether there is typo for the name
2023-02-17 20:27:08,382 (context:294) WARNING: No val_data or val_loader in the trainer, will skip evaluation.If this is not the case you want, please check whether there is typo for the name
2023-02-17 20:27:08,700 (context:294) WARNING: No val_data or val_loader in the trainer, will skip evaluation.If this is not the case you want, please check whether there is typo for the name
2023-02-17 20:27:08,735 (context:294) WARNING: No val_data or val_loader in the trainer, will skip evaluation.If this is not the case you want, please check whether there is typo for the name
2023-02-17 20:27:08,839 (context:294) WARNING: No val_data or val_loader in the trainer, will skip evaluation.If this is not the case you want, please check whether there is typo for the name
2023-02-17 20:27:09,021 (context:294) WARNING: No val_data or val_loader in the trainer, will skip evaluation.If this is not the case you want, please check whether there is typo for the name
2023-02-17 20:27:09,065 (context:294) WARNING: No val_data or val_loader in the trainer, will skip evaluation.If this is not the case you want, please check whether there is typo for the name
2023-02-17 20:27:09,094 (context:294) WARNING: No val_data or val_loader in the trainer, will skip evaluation.If this is not the case you want, please check whether there is typo for the name
2023-02-17 20:27:09,131 (context:294) WARNING: No val_data or val_loader in the trainer, will skip evaluation.If this is not the case you want, please check whether there is typo for the name
2023-02-17 20:27:09,133 (server:590) INFO: {'Role': 'Server #', 'Round': 6, 'Results_weighted_avg': {'test_loss': 35.440741, 'test_total': 22.0, 'test_correct': 16.5, 'test_avg_loss': 0.674712, 'test_f1': 0.427356, 'test_acc': 0.75}, 'Results_avg': {'test_loss': 14.843658, 'test_total': 22.0, 'test_correct': 16.5, 'test_avg_loss': 0.983093, 'test_f1': 0.300106, 'test_acc': 0.450128}, 'Results_fairness': {'test_total': 22.0, 'test_correct': 16.5, 'test_loss_std': 15.19934, 'test_loss_bottom_decile': 2.267491, 'test_loss_top_decile': 45.939115, 'test_loss_min': 1.235231, 'test_loss_max': 45.939115, 'test_loss_bottom10%': 1.235231, 'test_loss_top10%': 45.939115, 'test_loss_cos1': 0.698686, 'test_loss_entropy': 1.797097, 'test_avg_loss_std': 0.275182, 'test_avg_loss_bottom_decile': 0.757759, 'test_avg_loss_top_decile': 1.392965, 'test_avg_loss_min': 0.389315, 'test_avg_loss_max': 1.392965, 'test_avg_loss_bottom10%': 0.389315, 'test_avg_loss_top10%': 1.392965, 'test_avg_loss_cos1': 0.962985, 'test_avg_loss_entropy': 2.259104, 'test_f1_std': 0.187759, 'test_f1_bottom_decile': 0.0, 'test_f1_top_decile': 0.555556, 'test_f1_min': 0.0, 'test_f1_max': 0.555556, 'test_f1_bottom10%': 0.0, 'test_f1_top10%': 0.555556, 'test_f1_cos1': 0.847754, 'test_f1_entropy': 2.019937, 'test_acc_std': 0.30936, 'test_acc_bottom_decile': 0.0, 'test_acc_top_decile': 0.940678, 'test_acc_min': 0.0, 'test_acc_max': 0.940678, 'test_acc_bottom10%': 0.0, 'test_acc_top10%': 0.940678, 'test_acc_cos1': 0.82413, 'test_acc_entropy': 1.986833}}
2023-02-17 20:27:11,276 (client:306) INFO: {'Role': 'Client #9', 'Round': 7, 'Results_raw': {'train_loss': 7.473133, 'train_total': 278, 'train_correct': 278.0, 'train_avg_loss': 0.026882, 'train_f1': 1.0, 'train_acc': 1.0}}
2023-02-17 20:27:11,337 (client:306) INFO: {'Role': 'Client #6', 'Round': 7, 'Results_raw': {'train_loss': 3.418529, 'train_total': 4, 'train_correct': 2.0, 'train_avg_loss': 0.854632, 'train_f1': 0.333333, 'train_acc': 0.5}}
2023-02-17 20:27:12,530 (client:306) INFO: {'Role': 'Client #1', 'Round': 7, 'Results_raw': {'train_loss': 43.17563, 'train_total': 148, 'train_correct': 129.0, 'train_avg_loss': 0.291727, 'train_f1': 0.310469, 'train_acc': 0.871622}}
2023-02-17 20:27:12,940 (client:306) INFO: {'Role': 'Client #5', 'Round': 7, 'Results_raw': {'train_loss': 13.498017, 'train_total': 48, 'train_correct': 44.0, 'train_avg_loss': 0.281209, 'train_f1': 0.478261, 'train_acc': 0.916667}}
2023-02-17 20:27:16,348 (client:306) INFO: {'Role': 'Client #8', 'Round': 7, 'Results_raw': {'train_loss': 102.595737, 'train_total': 448, 'train_correct': 411.0, 'train_avg_loss': 0.229008, 'train_f1': 0.390481, 'train_acc': 0.917411}}
2023-02-17 20:27:16,396 (client:306) INFO: {'Role': 'Client #3', 'Round': 7, 'Results_raw': {'train_loss': 0.401366, 'train_total': 2, 'train_correct': 2.0, 'train_avg_loss': 0.200683, 'train_f1': 1.0, 'train_acc': 1.0}}
2023-02-17 20:27:17,079 (client:306) INFO: {'Role': 'Client #2', 'Round': 7, 'Results_raw': {'train_loss': 6.538621, 'train_total': 88, 'train_correct': 87.0, 'train_avg_loss': 0.074303, 'train_f1': 0.497143, 'train_acc': 0.988636}}
2023-02-17 20:27:17,831 (client:306) INFO: {'Role': 'Client #10', 'Round': 7, 'Results_raw': {'train_loss': 49.539775, 'train_total': 92, 'train_correct': 70.0, 'train_avg_loss': 0.538476, 'train_f1': 0.419048, 'train_acc': 0.76087}}
2023-02-17 20:27:18,516 (client:306) INFO: {'Role': 'Client #7', 'Round': 7, 'Results_raw': {'train_loss': 5.816671, 'train_total': 88, 'train_correct': 88.0, 'train_avg_loss': 0.066099, 'train_f1': 1.0, 'train_acc': 1.0}}
2023-02-17 20:27:22,975 (client:306) INFO: {'Role': 'Client #4', 'Round': 7, 'Results_raw': {'train_loss': 23.601266, 'train_total': 558, 'train_correct': 552.0, 'train_avg_loss': 0.042296, 'train_f1': 0.331532, 'train_acc': 0.989247}}
2023-02-17 20:27:22,983 (monitor:541) INFO: {'Role': 'Server #', 'Round': 7, 'Results_model_metric': {}}
2023-02-17 20:27:22,986 (server:330) INFO: Server: Starting evaluation at the end of round 7.
2023-02-17 20:27:22,988 (server:336) INFO: ----------- Starting a new training round (Round #8) -------------
2023-02-17 20:27:23,854 (context:294) WARNING: No val_data or val_loader in the trainer, will skip evaluation.If this is not the case you want, please check whether there is typo for the name
2023-02-17 20:27:23,987 (context:294) WARNING: No val_data or val_loader in the trainer, will skip evaluation.If this is not the case you want, please check whether there is typo for the name
2023-02-17 20:27:24,009 (context:294) WARNING: No val_data or val_loader in the trainer, will skip evaluation.If this is not the case you want, please check whether there is typo for the name
2023-02-17 20:27:24,329 (context:294) WARNING: No val_data or val_loader in the trainer, will skip evaluation.If this is not the case you want, please check whether there is typo for the name
2023-02-17 20:27:24,364 (context:294) WARNING: No val_data or val_loader in the trainer, will skip evaluation.If this is not the case you want, please check whether there is typo for the name
2023-02-17 20:27:24,468 (context:294) WARNING: No val_data or val_loader in the trainer, will skip evaluation.If this is not the case you want, please check whether there is typo for the name
2023-02-17 20:27:24,648 (context:294) WARNING: No val_data or val_loader in the trainer, will skip evaluation.If this is not the case you want, please check whether there is typo for the name
2023-02-17 20:27:24,692 (context:294) WARNING: No val_data or val_loader in the trainer, will skip evaluation.If this is not the case you want, please check whether there is typo for the name
2023-02-17 20:27:24,722 (context:294) WARNING: No val_data or val_loader in the trainer, will skip evaluation.If this is not the case you want, please check whether there is typo for the name
2023-02-17 20:27:24,758 (context:294) WARNING: No val_data or val_loader in the trainer, will skip evaluation.If this is not the case you want, please check whether there is typo for the name
2023-02-17 20:27:24,759 (server:590) INFO: {'Role': 'Server #', 'Round': 7, 'Results_weighted_avg': {'test_loss': 34.324287, 'test_total': 22.0, 'test_correct': 16.5, 'test_avg_loss': 0.659787, 'test_f1': 0.427749, 'test_acc': 0.75}, 'Results_avg': {'test_loss': 14.515309, 'test_total': 22.0, 'test_correct': 16.5, 'test_avg_loss': 0.931264, 'test_f1': 0.311557, 'test_acc': 0.47099}, 'Results_fairness': {'test_total': 22.0, 'test_correct': 16.5, 'test_loss_std': 14.890824, 'test_loss_bottom_decile': 1.908247, 'test_loss_top_decile': 43.359231, 'test_loss_min': 1.031848, 'test_loss_max': 43.359231, 'test_loss_bottom10%': 1.031848, 'test_loss_top10%': 43.359231, 'test_loss_cos1': 0.69802, 'test_loss_entropy': 1.788607, 'test_avg_loss_std': 0.260133, 'test_avg_loss_bottom_decile': 0.636082, 'test_avg_loss_top_decile': 1.284583, 'test_avg_loss_min': 0.367451, 'test_avg_loss_max': 1.284583, 'test_avg_loss_bottom10%': 0.367451, 'test_avg_loss_top10%': 1.284583, 'test_avg_loss_cos1': 0.963131, 'test_avg_loss_entropy': 2.258635, 'test_f1_std': 0.185846, 'test_f1_bottom_decile': 0.0, 'test_f1_top_decile': 0.555556, 'test_f1_min': 0.0, 'test_f1_max': 0.555556, 'test_f1_bottom10%': 0.0, 'test_f1_top10%': 0.555556, 'test_f1_cos1': 0.858813, 'test_f1_entropy': 2.034126, 'test_acc_std': 0.311521, 'test_acc_bottom_decile': 0.0, 'test_acc_top_decile': 0.957627, 'test_acc_min': 0.0, 'test_acc_max': 0.957627, 'test_acc_bottom10%': 0.0, 'test_acc_top10%': 0.957627, 'test_acc_cos1': 0.834065, 'test_acc_entropy': 1.999027}}
2023-02-17 20:27:25,949 (client:306) INFO: {'Role': 'Client #1', 'Round': 8, 'Results_raw': {'train_loss': 40.774517, 'train_total': 148, 'train_correct': 130.0, 'train_avg_loss': 0.275503, 'train_f1': 0.311751, 'train_acc': 0.878378}}
2023-02-17 20:27:26,003 (client:306) INFO: {'Role': 'Client #3', 'Round': 8, 'Results_raw': {'train_loss': 0.562164, 'train_total': 2, 'train_correct': 2.0, 'train_avg_loss': 0.281082, 'train_f1': 1.0, 'train_acc': 1.0}}
2023-02-17 20:27:26,764 (client:306) INFO: {'Role': 'Client #10', 'Round': 8, 'Results_raw': {'train_loss': 48.297648, 'train_total': 92, 'train_correct': 72.0, 'train_avg_loss': 0.524974, 'train_f1': 0.420423, 'train_acc': 0.782609}}
2023-02-17 20:27:28,908 (client:306) INFO: {'Role': 'Client #9', 'Round': 8, 'Results_raw': {'train_loss': 6.953085, 'train_total': 278, 'train_correct': 277.0, 'train_avg_loss': 0.025011, 'train_f1': 0.499099, 'train_acc': 0.996403}}
2023-02-17 20:27:32,376 (client:306) INFO: {'Role': 'Client #8', 'Round': 8, 'Results_raw': {'train_loss': 88.588248, 'train_total': 448, 'train_correct': 417.0, 'train_avg_loss': 0.197742, 'train_f1': 0.479949, 'train_acc': 0.930804}}
2023-02-17 20:27:33,091 (client:306) INFO: {'Role': 'Client #2', 'Round': 8, 'Results_raw': {'train_loss': 6.399442, 'train_total': 88, 'train_correct': 88.0, 'train_avg_loss': 0.072721, 'train_f1': 1.0, 'train_acc': 1.0}}
2023-02-17 20:27:33,790 (client:306) INFO: {'Role': 'Client #7', 'Round': 8, 'Results_raw': {'train_loss': 5.900495, 'train_total': 88, 'train_correct': 88.0, 'train_avg_loss': 0.067051, 'train_f1': 1.0, 'train_acc': 1.0}}
2023-02-17 20:27:34,203 (client:306) INFO: {'Role': 'Client #5', 'Round': 8, 'Results_raw': {'train_loss': 14.397776, 'train_total': 48, 'train_correct': 41.0, 'train_avg_loss': 0.299954, 'train_f1': 0.460674, 'train_acc': 0.854167}}
2023-02-17 20:27:34,265 (client:306) INFO: {'Role': 'Client #6', 'Round': 8, 'Results_raw': {'train_loss': 2.845985, 'train_total': 4, 'train_correct': 2.0, 'train_avg_loss': 0.711496, 'train_f1': 0.333333, 'train_acc': 0.5}}
2023-02-17 20:27:38,743 (client:306) INFO: {'Role': 'Client #4', 'Round': 8, 'Results_raw': {'train_loss': 25.036008, 'train_total': 558, 'train_correct': 553.0, 'train_avg_loss': 0.044867, 'train_f1': 0.331833, 'train_acc': 0.991039}}
2023-02-17 20:27:38,751 (monitor:541) INFO: {'Role': 'Server #', 'Round': 8, 'Results_model_metric': {}}
2023-02-17 20:27:38,754 (server:330) INFO: Server: Starting evaluation at the end of round 8.
2023-02-17 20:27:38,756 (server:336) INFO: ----------- Starting a new training round (Round #9) -------------
2023-02-17 20:27:39,652 (context:294) WARNING: No val_data or val_loader in the trainer, will skip evaluation.If this is not the case you want, please check whether there is typo for the name
2023-02-17 20:27:39,778 (context:294) WARNING: No val_data or val_loader in the trainer, will skip evaluation.If this is not the case you want, please check whether there is typo for the name
2023-02-17 20:27:39,799 (context:294) WARNING: No val_data or val_loader in the trainer, will skip evaluation.If this is not the case you want, please check whether there is typo for the name
2023-02-17 20:27:40,116 (context:294) WARNING: No val_data or val_loader in the trainer, will skip evaluation.If this is not the case you want, please check whether there is typo for the name
2023-02-17 20:27:40,152 (context:294) WARNING: No val_data or val_loader in the trainer, will skip evaluation.If this is not the case you want, please check whether there is typo for the name
2023-02-17 20:27:40,255 (context:294) WARNING: No val_data or val_loader in the trainer, will skip evaluation.If this is not the case you want, please check whether there is typo for the name
2023-02-17 20:27:40,436 (context:294) WARNING: No val_data or val_loader in the trainer, will skip evaluation.If this is not the case you want, please check whether there is typo for the name
2023-02-17 20:27:40,479 (context:294) WARNING: No val_data or val_loader in the trainer, will skip evaluation.If this is not the case you want, please check whether there is typo for the name
2023-02-17 20:27:40,508 (context:294) WARNING: No val_data or val_loader in the trainer, will skip evaluation.If this is not the case you want, please check whether there is typo for the name
2023-02-17 20:27:40,544 (context:294) WARNING: No val_data or val_loader in the trainer, will skip evaluation.If this is not the case you want, please check whether there is typo for the name
2023-02-17 20:27:40,545 (server:590) INFO: {'Role': 'Server #', 'Round': 8, 'Results_weighted_avg': {'test_loss': 33.594276, 'test_total': 22.0, 'test_correct': 16.6, 'test_avg_loss': 0.656312, 'test_f1': 0.322403, 'test_acc': 0.754545}, 'Results_avg': {'test_loss': 14.43886, 'test_total': 22.0, 'test_correct': 16.6, 'test_avg_loss': 0.914033, 'test_f1': 0.33154, 'test_acc': 0.510928}, 'Results_fairness': {'test_total': 22.0, 'test_correct': 16.6, 'test_loss_std': 14.919672, 'test_loss_bottom_decile': 1.983362, 'test_loss_top_decile': 40.991596, 'test_loss_min': 0.996391, 'test_loss_max': 40.991596, 'test_loss_bottom10%': 0.996391, 'test_loss_top10%': 40.991596, 'test_loss_cos1': 0.695433, 'test_loss_entropy': 1.782875, 'test_avg_loss_std': 0.24446, 'test_avg_loss_bottom_decile': 0.661121, 'test_avg_loss_top_decile': 1.205412, 'test_avg_loss_min': 0.347386, 'test_avg_loss_max': 1.205412, 'test_avg_loss_bottom10%': 0.347386, 'test_avg_loss_top10%': 1.205412, 'test_avg_loss_cos1': 0.966046, 'test_avg_loss_entropy': 2.26119, 'test_f1_std': 0.182446, 'test_f1_bottom_decile': 0.133333, 'test_f1_top_decile': 0.666667, 'test_f1_min': 0.0, 'test_f1_max': 0.666667, 'test_f1_bottom10%': 0.0, 'test_f1_top10%': 0.666667, 'test_f1_cos1': 0.876106, 'test_f1_entropy': 2.111917, 'test_acc_std': 0.255063, 'test_acc_bottom_decile': 0.25, 'test_acc_top_decile': 0.966102, 'test_acc_min': 0.0, 'test_acc_max': 0.966102, 'test_acc_bottom10%': 0.0, 'test_acc_top10%': 0.966102, 'test_acc_cos1': 0.894708, 'test_acc_entropy': 2.133385}}
2023-02-17 20:27:42,690 (client:306) INFO: {'Role': 'Client #9', 'Round': 9, 'Results_raw': {'train_loss': 5.614113, 'train_total': 278, 'train_correct': 278.0, 'train_avg_loss': 0.020195, 'train_f1': 1.0, 'train_acc': 1.0}}
2023-02-17 20:27:42,753 (client:306) INFO: {'Role': 'Client #6', 'Round': 9, 'Results_raw': {'train_loss': 2.013002, 'train_total': 4, 'train_correct': 3.0, 'train_avg_loss': 0.503251, 'train_f1': 0.428571, 'train_acc': 0.75}}
2023-02-17 20:27:42,800 (client:306) INFO: {'Role': 'Client #3', 'Round': 9, 'Results_raw': {'train_loss': 0.517382, 'train_total': 2, 'train_correct': 2.0, 'train_avg_loss': 0.258691, 'train_f1': 1.0, 'train_acc': 1.0}}
2023-02-17 20:27:43,488 (client:306) INFO: {'Role': 'Client #7', 'Round': 9, 'Results_raw': {'train_loss': 7.400332, 'train_total': 88, 'train_correct': 86.0, 'train_avg_loss': 0.084095, 'train_f1': 0.494253, 'train_acc': 0.977273}}
2023-02-17 20:27:44,243 (client:306) INFO: {'Role': 'Client #10', 'Round': 9, 'Results_raw': {'train_loss': 50.458691, 'train_total': 92, 'train_correct': 72.0, 'train_avg_loss': 0.548464, 'train_f1': 0.432242, 'train_acc': 0.782609}}
2023-02-17 20:27:44,926 (client:306) INFO: {'Role': 'Client #2', 'Round': 9, 'Results_raw': {'train_loss': 7.334757, 'train_total': 88, 'train_correct': 87.0, 'train_avg_loss': 0.08335, 'train_f1': 0.497143, 'train_acc': 0.988636}}
2023-02-17 20:27:48,324 (client:306) INFO: {'Role': 'Client #8', 'Round': 9, 'Results_raw': {'train_loss': 79.239245, 'train_total': 448, 'train_correct': 418.0, 'train_avg_loss': 0.176873, 'train_f1': 0.485143, 'train_acc': 0.933036}}
2023-02-17 20:27:52,796 (client:306) INFO: {'Role': 'Client #4', 'Round': 9, 'Results_raw': {'train_loss': 21.724474, 'train_total': 558, 'train_correct': 556.0, 'train_avg_loss': 0.038933, 'train_f1': 0.499102, 'train_acc': 0.996416}}
2023-02-17 20:27:53,988 (client:306) INFO: {'Role': 'Client #1', 'Round': 9, 'Results_raw': {'train_loss': 33.834921, 'train_total': 148, 'train_correct': 134.0, 'train_avg_loss': 0.228614, 'train_f1': 0.316785, 'train_acc': 0.905405}}
2023-02-17 20:27:54,401 (client:306) INFO: {'Role': 'Client #5', 'Round': 9, 'Results_raw': {'train_loss': 14.132061, 'train_total': 48, 'train_correct': 44.0, 'train_avg_loss': 0.294418, 'train_f1': 0.318841, 'train_acc': 0.916667}}
2023-02-17 20:27:54,409 (monitor:541) INFO: {'Role': 'Server #', 'Round': 9, 'Results_model_metric': {}}
2023-02-17 20:27:54,411 (server:347) INFO: Server: Training is finished! Starting evaluation.
2023-02-17 20:27:55,298 (context:294) WARNING: No val_data or val_loader in the trainer, will skip evaluation.If this is not the case you want, please check whether there is typo for the name
2023-02-17 20:27:55,431 (context:294) WARNING: No val_data or val_loader in the trainer, will skip evaluation.If this is not the case you want, please check whether there is typo for the name
2023-02-17 20:27:55,452 (context:294) WARNING: No val_data or val_loader in the trainer, will skip evaluation.If this is not the case you want, please check whether there is typo for the name
2023-02-17 20:27:55,771 (context:294) WARNING: No val_data or val_loader in the trainer, will skip evaluation.If this is not the case you want, please check whether there is typo for the name
2023-02-17 20:27:55,811 (context:294) WARNING: No val_data or val_loader in the trainer, will skip evaluation.If this is not the case you want, please check whether there is typo for the name
2023-02-17 20:27:55,920 (context:294) WARNING: No val_data or val_loader in the trainer, will skip evaluation.If this is not the case you want, please check whether there is typo for the name
2023-02-17 20:27:56,102 (context:294) WARNING: No val_data or val_loader in the trainer, will skip evaluation.If this is not the case you want, please check whether there is typo for the name
2023-02-17 20:27:56,145 (context:294) WARNING: No val_data or val_loader in the trainer, will skip evaluation.If this is not the case you want, please check whether there is typo for the name
2023-02-17 20:27:56,177 (context:294) WARNING: No val_data or val_loader in the trainer, will skip evaluation.If this is not the case you want, please check whether there is typo for the name
2023-02-17 20:27:56,215 (context:294) WARNING: No val_data or val_loader in the trainer, will skip evaluation.If this is not the case you want, please check whether there is typo for the name
2023-02-17 20:27:56,217 (server:590) INFO: {'Role': 'Server #', 'Round': 9, 'Results_weighted_avg': {'test_loss': 31.106207, 'test_total': 22.0, 'test_correct': 17.0, 'test_avg_loss': 0.605762, 'test_f1': 0.416352, 'test_acc': 0.772727}, 'Results_avg': {'test_loss': 13.326772, 'test_total': 22.0, 'test_correct': 17.0, 'test_avg_loss': 0.843144, 'test_f1': 0.327351, 'test_acc': 0.496293}, 'Results_fairness': {'test_total': 22.0, 'test_correct': 17.0, 'test_loss_std': 13.603538, 'test_loss_bottom_decile': 1.875879, 'test_loss_top_decile': 38.592524, 'test_loss_min': 0.864048, 'test_loss_max': 38.592524, 'test_loss_bottom10%': 0.864048, 'test_loss_top10%': 38.592524, 'test_loss_cos1': 0.699803, 'test_loss_entropy': 1.789779, 'test_avg_loss_std': 0.219806, 'test_avg_loss_bottom_decile': 0.625293, 'test_avg_loss_top_decile': 1.132775, 'test_avg_loss_min': 0.327055, 'test_avg_loss_max': 1.132775, 'test_avg_loss_bottom10%': 0.327055, 'test_avg_loss_top10%': 1.132775, 'test_avg_loss_cos1': 0.967658, 'test_avg_loss_entropy': 2.263434, 'test_f1_std': 0.208764, 'test_f1_bottom_decile': 0.0, 'test_f1_top_decile': 0.666667, 'test_f1_min': 0.0, 'test_f1_max': 0.666667, 'test_f1_bottom10%': 0.0, 'test_f1_top10%': 0.666667, 'test_f1_cos1': 0.843137, 'test_f1_entropy': 2.017541, 'test_acc_std': 0.30526, 'test_acc_bottom_decile': 0.0, 'test_acc_top_decile': 0.957627, 'test_acc_min': 0.0, 'test_acc_max': 0.957627, 'test_acc_bottom10%': 0.0, 'test_acc_top10%': 0.957627, 'test_acc_cos1': 0.851774, 'test_acc_entropy': 2.02645}}
2023-02-17 20:27:56,218 (server:395) INFO: Server: Final evaluation is finished! Starting merging results.
2023-02-17 20:27:56,218 (server:521) INFO: {'Role': 'Server #', 'Round': 'Final', 'Results_raw': {'client_best_individual': {'test_loss': 0.864048, 'test_total': 1.0, 'test_correct': 113.0, 'test_avg_loss': 0.327055, 'test_f1': 0.666667, 'test_acc': 0.957627}, 'client_summarized_weighted_avg': {'test_loss': 31.106207, 'test_total': 22.0, 'test_correct': 17.0, 'test_avg_loss': 0.605762, 'test_f1': 0.416352, 'test_acc': 0.772727}, 'client_summarized_avg': {'test_loss': 13.326772, 'test_total': 22.0, 'test_correct': 17.0, 'test_avg_loss': 0.843144, 'test_f1': 0.327351, 'test_acc': 0.496293}, 'client_summarized_fairness': {'test_loss_entropy': 1.520847, 'test_loss_cos1': 0.560576, 'test_loss_top10%': 363.563051, 'test_loss_bottom10%': 3.73224, 'test_loss_max': 363.563051, 'test_loss_min': 3.73224, 'test_loss_top_decile': 363.563051, 'test_loss_bottom_decile': 6.686986, 'test_loss_std': 104.921402, 'test_total': 22.0, 'test_correct': 12.2, 'test_avg_loss_std': 0.170257, 'test_avg_loss_bottom_decile': 3.295096, 'test_avg_loss_top_decile': 3.73224, 'test_avg_loss_min': 3.081043, 'test_avg_loss_max': 3.73224, 'test_avg_loss_bottom10%': 3.081043, 'test_avg_loss_top10%': 3.73224, 'test_avg_loss_cos1': 0.99875, 'test_avg_loss_entropy': 2.301334, 'test_f1_std': 0.295092, 'test_f1_bottom_decile': 0.0, 'test_f1_top_decile': 1.0, 'test_f1_min': 0.0, 'test_f1_max': 1.0, 'test_f1_bottom10%': 0.0, 'test_f1_top10%': 1.0, 'test_f1_cos1': 0.451292, 'test_f1_entropy': 0.995454, 'test_acc_std': 0.302445, 'test_acc_bottom_decile': 0.0, 'test_acc_top_decile': 1.0, 'test_acc_min': 0.0, 'test_acc_max': 1.0, 'test_acc_bottom10%': 0.0, 'test_acc_top10%': 1.0, 'test_acc_cos1': 0.506154, 'test_acc_entropy': 1.155043}}}
2023-02-17 20:27:56,219 (server:540) INFO: {'Role': 'Client #1', 'Round': 10, 'Results_raw': {'test_loss': 38.592524, 'test_total': 118, 'test_correct': 113.0, 'test_avg_loss': 0.327055, 'test_f1': 0.489177, 'test_acc': 0.957627}}
2023-02-17 20:27:56,219 (server:540) INFO: {'Role': 'Client #2', 'Round': 10, 'Results_raw': {'test_loss': 11.646193, 'test_total': 15, 'test_correct': 12.0, 'test_avg_loss': 0.776413, 'test_f1': 0.444444, 'test_acc': 0.8}}
2023-02-17 20:27:56,220 (server:540) INFO: {'Role': 'Client #3', 'Round': 10, 'Results_raw': {'test_loss': 0.864048, 'test_total': 1, 'test_correct': 0.0, 'test_avg_loss': 0.864048, 'test_f1': 0.0, 'test_acc': 0.0}}
2023-02-17 20:27:56,220 (server:540) INFO: {'Role': 'Client #4', 'Round': 10, 'Results_raw': {'test_loss': 34.626383, 'test_total': 40, 'test_correct': 27.0, 'test_avg_loss': 0.86566, 'test_f1': 0.317949, 'test_acc': 0.675}}
2023-02-17 20:27:56,220 (server:540) INFO: {'Role': 'Client #5', 'Round': 10, 'Results_raw': {'test_loss': 2.471396, 'test_total': 3, 'test_correct': 2.0, 'test_avg_loss': 0.823799, 'test_f1': 0.666667, 'test_acc': 0.666667}}
2023-02-17 20:27:56,220 (server:540) INFO: {'Role': 'Client #6', 'Round': 10, 'Results_raw': {'test_loss': 12.306042, 'test_total': 12, 'test_correct': 4.0, 'test_avg_loss': 1.025504, 'test_f1': 0.277056, 'test_acc': 0.333333}}
2023-02-17 20:27:56,221 (server:540) INFO: {'Role': 'Client #7', 'Round': 10, 'Results_raw': {'test_loss': 24.921044, 'test_total': 22, 'test_correct': 8.0, 'test_avg_loss': 1.132775, 'test_f1': 0.300439, 'test_acc': 0.363636}}
2023-02-17 20:27:56,221 (server:540) INFO: {'Role': 'Client #8', 'Round': 10, 'Results_raw': {'test_loss': 3.964847, 'test_total': 4, 'test_correct': 2.0, 'test_avg_loss': 0.991212, 'test_f1': 0.222222, 'test_acc': 0.5}}
2023-02-17 20:27:56,221 (server:540) INFO: {'Role': 'Client #9', 'Round': 10, 'Results_raw': {'test_loss': 1.999367, 'test_total': 2, 'test_correct': 0.0, 'test_avg_loss': 0.999683, 'test_f1': 0.0, 'test_acc': 0.0}}
2023-02-17 20:27:56,221 (server:540) INFO: {'Role': 'Client #10', 'Round': 10, 'Results_raw': {'test_loss': 1.875879, 'test_total': 3, 'test_correct': 2.0, 'test_avg_loss': 0.625293, 'test_f1': 0.555556, 'test_acc': 0.666667}}
2023-02-17 20:27:56,222 (monitor:172) INFO: In worker #0, the system-related metrics are: {'id': 0, 'fl_end_time_minutes': 2.697473, 'total_model_size': 0, 'total_flops': 0, 'total_upload_bytes': 2488000, 'total_download_bytes': 1161640, 'global_convergence_round': 0, 'local_convergence_round': 0, 'global_convergence_time_minutes': 0, 'local_convergence_time_minutes': 0}
2023-02-17 20:27:56,222 (client:513) INFO: ================= client 1 received finish message =================
2023-02-17 20:27:56,225 (monitor:172) INFO: In worker #1, the system-related metrics are: {'id': 1, 'fl_end_time_minutes': 2.695331, 'total_model_size': 3260030, 'total_flops': 392848642560.0, 'total_upload_bytes': 116256, 'total_download_bytes': 0, 'global_convergence_round': 0, 'local_convergence_round': 0, 'global_convergence_time_minutes': 0, 'local_convergence_time_minutes': 0}
2023-02-17 20:27:56,225 (client:513) INFO: ================= client 2 received finish message =================
2023-02-17 20:27:56,228 (monitor:172) INFO: In worker #2, the system-related metrics are: {'id': 2, 'fl_end_time_minutes': 2.693017, 'total_model_size': 3260030, 'total_flops': 233585679360.0, 'total_upload_bytes': 116256, 'total_download_bytes': 0, 'global_convergence_round': 0, 'local_convergence_round': 0, 'global_convergence_time_minutes': 0, 'local_convergence_time_minutes': 0}
2023-02-17 20:27:56,228 (client:513) INFO: ================= client 3 received finish message =================
2023-02-17 20:27:56,230 (monitor:172) INFO: In worker #3, the system-related metrics are: {'id': 3, 'fl_end_time_minutes': 2.692504, 'total_model_size': 3260030, 'total_flops': 5308765440.0, 'total_upload_bytes': 116256, 'total_download_bytes': 0, 'global_convergence_round': 0, 'local_convergence_round': 0, 'global_convergence_time_minutes': 0, 'local_convergence_time_minutes': 0}
2023-02-17 20:27:56,231 (client:513) INFO: ================= client 4 received finish message =================
2023-02-17 20:27:56,233 (monitor:172) INFO: In worker #4, the system-related metrics are: {'id': 4, 'fl_end_time_minutes': 2.690092, 'total_model_size': 3260030, 'total_flops': 1481145557760.0, 'total_upload_bytes': 116256, 'total_download_bytes': 0, 'global_convergence_round': 0, 'local_convergence_round': 0, 'global_convergence_time_minutes': 0, 'local_convergence_time_minutes': 0}
2023-02-17 20:27:56,233 (client:513) INFO: ================= client 5 received finish message =================
2023-02-17 20:27:56,236 (monitor:172) INFO: In worker #5, the system-related metrics are: {'id': 5, 'fl_end_time_minutes': 2.689308, 'total_model_size': 3260030, 'total_flops': 127410370560.0, 'total_upload_bytes': 116256, 'total_download_bytes': 0, 'global_convergence_round': 0, 'local_convergence_round': 0, 'global_convergence_time_minutes': 0, 'local_convergence_time_minutes': 0}
2023-02-17 20:27:56,236 (client:513) INFO: ================= client 6 received finish message =================
2023-02-17 20:27:56,239 (monitor:172) INFO: In worker #6, the system-related metrics are: {'id': 6, 'fl_end_time_minutes': 2.687296, 'total_model_size': 3260030, 'total_flops': 10617530880.0, 'total_upload_bytes': 116256, 'total_download_bytes': 0, 'global_convergence_round': 0, 'local_convergence_round': 0, 'global_convergence_time_minutes': 0, 'local_convergence_time_minutes': 0}
2023-02-17 20:27:56,239 (client:513) INFO: ================= client 7 received finish message =================
2023-02-17 20:27:56,241 (monitor:172) INFO: In worker #7, the system-related metrics are: {'id': 7, 'fl_end_time_minutes': 2.684959, 'total_model_size': 3260030, 'total_flops': 233585679360.0, 'total_upload_bytes': 116256, 'total_download_bytes': 0, 'global_convergence_round': 0, 'local_convergence_round': 0, 'global_convergence_time_minutes': 0, 'local_convergence_time_minutes': 0}
2023-02-17 20:27:56,241 (client:513) INFO: ================= client 8 received finish message =================
2023-02-17 20:27:56,244 (monitor:172) INFO: In worker #8, the system-related metrics are: {'id': 8, 'fl_end_time_minutes': 2.684086, 'total_model_size': 3260030, 'total_flops': 1189163458560.0, 'total_upload_bytes': 116256, 'total_download_bytes': 0, 'global_convergence_round': 0, 'local_convergence_round': 0, 'global_convergence_time_minutes': 0, 'local_convergence_time_minutes': 0}
2023-02-17 20:27:56,244 (client:513) INFO: ================= client 9 received finish message =================
2023-02-17 20:27:56,246 (monitor:172) INFO: In worker #9, the system-related metrics are: {'id': 9, 'fl_end_time_minutes': 2.683434, 'total_model_size': 3260030, 'total_flops': 737918396160.0, 'total_upload_bytes': 116256, 'total_download_bytes': 0, 'global_convergence_round': 0, 'local_convergence_round': 0, 'global_convergence_time_minutes': 0, 'local_convergence_time_minutes': 0}
2023-02-17 20:27:56,247 (client:513) INFO: ================= client 10 received finish message =================
2023-02-17 20:27:56,249 (monitor:172) INFO: In worker #10, the system-related metrics are: {'id': 10, 'fl_end_time_minutes': 2.682651, 'total_model_size': 3260030, 'total_flops': 244203210240.0, 'total_upload_bytes': 116256, 'total_download_bytes': 0, 'global_convergence_round': 0, 'local_convergence_round': 0, 'global_convergence_time_minutes': 0, 'local_convergence_time_minutes': 0}
2023-02-17 20:27:56,249 (monitor:337) INFO: We will compress the file eval_results.raw into a .gz file, and delete the old one
2023-02-17 20:27:56,253 (monitor:245) INFO: After merging the system metrics from all works, we got avg: defaultdict(None, {'id': 'sys_avg', 'sys_avg/fl_end_time_minutes': 2.689105, 'sys_avg/total_model_size': '2.83M', 'sys_avg/total_flops': '394.19G', 'sys_avg/total_upload_bytes': '324.09K', 'sys_avg/total_download_bytes': '103.13K', 'sys_avg/global_convergence_round': 0.0, 'sys_avg/local_convergence_round': 0.0, 'sys_avg/global_convergence_time_minutes': 0.0, 'sys_avg/local_convergence_time_minutes': 0.0})
2023-02-17 20:27:56,253 (monitor:248) INFO: After merging the system metrics from all works, we got std: defaultdict(None, {'id': 'sys_std', 'sys_std/fl_end_time_minutes': 0.004825, 'sys_std/total_model_size': '915.23K', 'sys_std/total_flops': '445.88G', 'sys_std/total_upload_bytes': '665.85K', 'sys_std/total_download_bytes': '326.12K', 'sys_std/global_convergence_round': 0.0, 'sys_std/local_convergence_round': 0.0, 'sys_std/global_convergence_time_minutes': 0.0, 'sys_std/local_convergence_time_minutes': 0.0})
