2023-02-24 18:24:06,903 (logging:124) INFO: the current machine is at 192.168.0.1
2023-02-24 18:24:06,904 (logging:126) INFO: the current dir is /home/ubuntu/medscale
2023-02-24 18:24:06,904 (logging:127) INFO: the output dir is exp/FedAvg_crossvit_15_240_on_lung224_lr0.01_lstep2
2023-02-24 18:24:18,262 (cfg_data:145) WARNING: config `cfg.data.batch_size` will be removed in the future, use `cfg.dataloader.batch_size` instead.
2023-02-24 18:24:18,262 (cfg_data:145) WARNING: config `cfg.data.batch_size` will be removed in the future, use `cfg.dataloader.batch_size` instead.
2023-02-24 18:24:18,318 (config:243) INFO: the used configs are: 
aggregator:
  inside_weight: 1.0
  num_agg_groups: 1
  num_agg_topk: []
  outside_weight: 0.0
asyn:
  use: False
attack:
  alpha_TV: 0.001
  alpha_prop_loss: 0
  attack_method: 
  attacker_id: -1
  classifier_PIA: randomforest
  edge_num: 100
  edge_path: edge_data/
  freq: 10
  info_diff_type: l2
  inject_round: 0
  insert_round: 100000
  label_type: dirty
  max_ite: 400
  mean: [0.1307]
  mia_is_simulate_in: False
  mia_simulate_in_round: 20
  pgd_eps: 2
  pgd_lr: 0.1
  pgd_poisoning: False
  poison_ratio: 0.5
  reconstruct_lr: 0.01
  reconstruct_optim: Adam
  scale_para: 1.0
  scale_poisoning: False
  self_epoch: 6
  self_lr: 0.05
  self_opt: False
  setting: fix
  std: [0.3081]
  target_label_ind: -1
  trigger_path: trigger/
  trigger_type: edge
backend: torch
cfg_file: 
check_completeness: False
criterion:
  type: CrossEntropyLoss
data:
  args: []
  batch_size: 16
  cSBM_phi: [0.5, 0.5, 0.5]
  cache_dir: 
  consistent_label_distribution: False
  drop_last: False
  hetero_data_name: []
  hetero_synth_batch_size: 32
  hetero_synth_feat_dim: 128
  hetero_synth_prim_weight: 0.5
  is_debug: False
  loader: 
  max_query_len: 128
  max_seq_len: 384
  max_tgt_len: 128
  num_contrast: 0
  num_of_client_for_data: []
  num_steps: 30
  num_workers: 0
  pre_transform: []
  quadratic:
    dim: 1
    max_curv: 12.5
    min_curv: 0.02
  root: data/
  save_data: False
  server_holds_all: False
  shuffle: True
  sizes: [10, 5]
  splits: [0.8, 0, 0.2]
  splitter: lda
  splitter_args: [{'alpha': 0.3}]
  subsample: 1.0
  target_transform: []
  test_pre_transform: []
  test_target_transform: []
  test_transform: []
  transform: []
  trunc_stride: 128
  type: lung224
  val_pre_transform: []
  val_target_transform: []
  val_transform: []
  walk_length: 2
dataloader:
  batch_size: 16
  drop_last: False
  num_steps: 30
  num_workers: 0
  pin_memory: False
  shuffle: True
  sizes: [10, 5]
  theta: -1
  type: base
  walk_length: 2
device: 0
distribute:
  use: False
early_stop:
  delta: 0.0
  improve_indicator_mode: best
  patience: 5
eval:
  best_res_update_round_wise_key: test_loss
  count_flops: True
  freq: 1
  metrics: ['acc', 'correct', 'f1']
  monitoring: []
  report: ['weighted_avg', 'avg', 'fairness', 'raw']
  split: ['test', 'val']
expname: FedAvg_crossvit_15_240_on_lung224_lr0.01_lstep2
expname_tag: 
feat_engr:
  num_bins: 5
  scenario: hfl
  secure:
    dp:
      
    encrypt:
      type: dummy
    key_size: 3072
    type: encrypt
  selec_threshold: 0.05
  selec_woe_binning: quantile
  type: 
federate:
  atc_load_from: 
  atc_vanilla: False
  client_num: 10
  data_weighted_aggr: False
  ignore_weight: False
  join_in_info: []
  make_global_eval: False
  merge_test_data: False
  method: FedAvg
  mode: standalone
  online_aggr: False
  resource_info_file: 
  restore_from: 
  sample_client_num: 10
  sample_client_rate: -1.0
  sampler: uniform
  save_to: 
  share_local_model: False
  total_round_num: 10
  unseen_clients_rate: 0.0
  use_diff: False
  use_ss: False
fedopt:
  use: False
fedprox:
  use: False
fedsageplus:
  a: 1.0
  b: 1.0
  c: 1.0
  fedgen_epoch: 200
  gen_hidden: 128
  hide_portion: 0.5
  loc_epoch: 1
  num_pred: 5
finetune:
  batch_or_epoch: epoch
  before_eval: False
  freeze_param: 
  local_update_steps: 1
  optimizer:
    lr: 0.1
    type: SGD
  scheduler:
    type: 
    warmup_ratio: 0.0
flitplus:
  factor_ema: 0.8
  lambdavat: 0.5
  tmpFed: 0.5
  weightReg: 1.0
gcflplus:
  EPS_1: 0.05
  EPS_2: 0.1
  seq_length: 5
  standardize: False
grad:
  grad_accum_count: 1
  grad_clip: 5.0
hpo:
  fedex:
    cutoff: 0.0
    diff: False
    eta0: -1.0
    flatten_ss: True
    gamma: 0.0
    pi_lr: 0.01
    psn: False
    sched: auto
    ss: 
    use: False
  init_cand_num: 16
  larger_better: False
  metric: client_summarized_weighted_avg.val_loss
  num_workers: 0
  pbt:
    max_stage: 5
    perf_threshold: 0.1
  scheduler: rs
  sha:
    budgets: []
    elim_rate: 3
    iter: 0
  ss: 
  table:
    eps: 0.1
    idx: 0
    num: 27
  working_folder: hpo
model:
  contrast_temp: 1.0
  contrast_topk: 100
  downstream_tasks: []
  dropout: 0.0
  embed_size: 8
  gamma: 0
  graph_pooling: mean
  hidden: 2048
  in_channels: 0
  input_shape: ()
  label_smoothing: 0.1
  lambda_: 0.1
  layer: 2
  length_penalty: 2.0
  max_answer_len: 30
  max_length: 200
  max_tree_depth: 3
  min_length: 1
  model_num_per_trainer: 1
  model_type: google/bert_uncased_L-2_H-128_A-2
  n_best_size: 20
  no_repeat_ngram_size: 3
  null_score_diff_threshold: 0.0
  num_beams: 5
  num_item: 0
  num_labels: 1
  num_of_trees: 10
  num_user: 0
  out_channels: 62
  pretrain_tasks: []
  stage: 
  task: node
  type: crossvit_15_240
  use_bias: True
  use_contrastive_loss: False
nbafl:
  use: False
outdir: exp/FedAvg_crossvit_15_240_on_lung224_lr0.01_lstep2
personalization:
  K: 5
  beta: 1.0
  local_param: []
  local_update_steps: 2
  lr: 0.01
  regular_weight: 0.1
  share_non_trainable_para: False
print_decimal_digits: 6
regularizer:
  mu: 0.0
  type: 
seed: 2
sgdmf:
  use: False
train:
  batch_or_epoch: epoch
  local_update_steps: 2
  optimizer:
    lr: 0.01
    type: SGD
    weight_decay: 0.0
  scheduler:
    type: 
    warmup_ratio: 0.0
trainer:
  disp_freq: 50
  local_entropy:
    alpha: 0.75
    eps: 0.001
    gamma: 0.0001
  sam:
    adaptive: False
    eta: 0.0
    rho: 1.0
  type: cvtrainer
  val_freq: 100000000
use_gpu: True
verbose: 1
vertical:
  use: False
wandb:
  use: False
2023-02-24 18:24:18,455 (utils:144) INFO: The device information file is not provided
2023-02-24 18:24:25,106 (fed_runner:169) INFO: Server has been set up ... 
2023-02-24 18:24:25,746 (fed_runner:221) INFO: Client 1 has been set up ... 
2023-02-24 18:24:26,362 (fed_runner:221) INFO: Client 2 has been set up ... 
2023-02-24 18:24:26,903 (fed_runner:221) INFO: Client 3 has been set up ... 
2023-02-24 18:24:27,535 (fed_runner:221) INFO: Client 4 has been set up ... 
2023-02-24 18:24:28,200 (fed_runner:221) INFO: Client 5 has been set up ... 
2023-02-24 18:24:28,867 (fed_runner:221) INFO: Client 6 has been set up ... 
2023-02-24 18:24:29,451 (fed_runner:221) INFO: Client 7 has been set up ... 
2023-02-24 18:24:30,108 (fed_runner:221) INFO: Client 8 has been set up ... 
2023-02-24 18:24:30,773 (fed_runner:221) INFO: Client 9 has been set up ... 
2023-02-24 18:24:31,433 (fed_runner:221) INFO: Client 10 has been set up ... 
2023-02-24 18:24:31,433 (trainer:341) INFO: Model meta-info: <class 'timm.models.crossvit.CrossViT'>.
2023-02-24 18:24:31,439 (trainer:349) INFO: Num of original para names: 340.
2023-02-24 18:24:31,440 (trainer:350) INFO: Num of original trainable para names: 340.
2023-02-24 18:24:31,440 (trainer:352) INFO: Num of preserved para names in local update: 340. 
Preserved para names in local update: {'blocks.0.blocks.1.2.attn.qkv.weight', 'blocks.0.blocks.1.1.norm1.weight', 'blocks.0.fusion.0.attn.wq.weight', 'blocks.2.blocks.1.4.mlp.fc1.weight', 'blocks.1.blocks.1.4.mlp.fc1.bias', 'blocks.0.blocks.1.1.attn.proj.weight', 'blocks.2.fusion.0.attn.proj.bias', 'blocks.1.blocks.1.4.attn.proj.weight', 'blocks.0.blocks.1.2.mlp.fc1.bias', 'blocks.0.blocks.0.0.attn.proj.weight', 'blocks.1.blocks.1.3.attn.proj.weight', 'blocks.0.blocks.0.0.mlp.fc2.bias', 'blocks.1.blocks.1.1.attn.proj.bias', 'blocks.1.fusion.1.attn.wq.weight', 'blocks.2.fusion.1.attn.wk.bias', 'blocks.0.blocks.1.0.mlp.fc2.weight', 'blocks.0.projs.1.0.bias', 'blocks.1.revert_projs.1.2.weight', 'blocks.1.blocks.1.4.norm1.bias', 'blocks.1.blocks.1.0.norm2.weight', 'blocks.2.fusion.0.attn.wv.weight', 'blocks.0.blocks.1.4.mlp.fc2.weight', 'blocks.0.blocks.1.4.attn.proj.weight', 'blocks.1.blocks.0.0.norm2.bias', 'blocks.2.blocks.1.4.norm1.weight', 'blocks.0.blocks.1.3.norm1.weight', 'blocks.0.fusion.1.attn.wk.bias', 'blocks.1.blocks.0.0.attn.proj.weight', 'blocks.2.fusion.1.attn.wv.bias', 'blocks.2.blocks.1.2.norm2.bias', 'head.0.bias', 'patch_embed.0.proj.bias', 'blocks.1.fusion.0.attn.wk.weight', 'blocks.1.fusion.1.attn.proj.bias', 'blocks.1.blocks.0.0.attn.proj.bias', 'blocks.0.fusion.1.attn.wk.weight', 'blocks.0.blocks.1.4.attn.qkv.weight', 'blocks.1.blocks.1.1.mlp.fc1.bias', 'blocks.0.blocks.1.4.attn.proj.bias', 'blocks.1.blocks.1.2.norm2.bias', 'blocks.2.fusion.1.attn.wq.bias', 'blocks.1.projs.0.2.weight', 'blocks.0.projs.0.0.weight', 'blocks.2.blocks.1.3.attn.qkv.weight', 'blocks.2.blocks.0.0.attn.qkv.weight', 'blocks.1.fusion.1.norm1.weight', 'blocks.2.blocks.0.0.norm2.bias', 'blocks.2.blocks.1.2.norm2.weight', 'blocks.0.blocks.1.3.mlp.fc2.bias', 'blocks.2.blocks.1.4.attn.proj.weight', 'blocks.0.blocks.1.1.mlp.fc2.bias', 'blocks.0.fusion.0.norm1.weight', 'patch_embed.1.proj.bias', 'blocks.1.projs.1.2.weight', 'blocks.2.blocks.1.4.norm1.bias', 'blocks.1.fusion.0.attn.proj.weight', 'blocks.0.blocks.1.3.attn.qkv.bias', 'blocks.1.fusion.1.attn.wq.bias', 'blocks.2.revert_projs.0.2.bias', 'blocks.2.blocks.1.3.mlp.fc1.weight', 'blocks.2.fusion.0.attn.wk.weight', 'blocks.2.projs.1.2.weight', 'blocks.0.blocks.0.0.mlp.fc1.weight', 'blocks.2.projs.0.0.weight', 'blocks.0.blocks.1.4.norm2.bias', 'blocks.0.projs.0.0.bias', 'blocks.0.fusion.1.attn.wq.bias', 'blocks.0.blocks.1.3.attn.proj.weight', 'blocks.1.fusion.0.norm1.bias', 'blocks.1.blocks.1.4.attn.qkv.bias', 'blocks.2.fusion.1.attn.proj.bias', 'blocks.2.blocks.1.4.mlp.fc2.weight', 'blocks.0.blocks.1.0.attn.proj.weight', 'blocks.1.blocks.1.0.attn.qkv.weight', 'blocks.0.fusion.0.attn.wk.weight', 'blocks.2.blocks.1.3.norm1.weight', 'blocks.2.blocks.1.3.mlp.fc2.weight', 'blocks.2.blocks.1.3.norm2.weight', 'blocks.1.blocks.1.2.norm2.weight', 'blocks.1.blocks.1.0.attn.proj.weight', 'cls_token_1', 'blocks.2.revert_projs.0.2.weight', 'blocks.2.blocks.0.0.mlp.fc2.weight', 'blocks.2.blocks.1.1.norm1.bias', 'blocks.0.blocks.1.4.mlp.fc1.weight', 'blocks.2.fusion.0.attn.proj.weight', 'blocks.0.fusion.1.attn.wv.weight', 'blocks.0.blocks.1.2.attn.proj.weight', 'blocks.1.blocks.1.2.attn.proj.bias', 'blocks.1.blocks.1.1.attn.qkv.bias', 'blocks.1.blocks.1.1.attn.proj.weight', 'blocks.2.blocks.1.2.attn.qkv.bias', 'blocks.0.fusion.1.attn.wq.weight', 'blocks.2.blocks.0.0.attn.qkv.bias', 'blocks.2.blocks.1.1.attn.qkv.bias', 'blocks.2.blocks.0.0.norm1.bias', 'blocks.1.blocks.1.3.mlp.fc2.weight', 'blocks.0.fusion.1.norm1.weight', 'blocks.1.blocks.0.0.attn.qkv.weight', 'blocks.1.blocks.0.0.mlp.fc1.bias', 'blocks.0.blocks.1.0.mlp.fc1.bias', 'blocks.2.blocks.1.0.mlp.fc2.weight', 'blocks.2.fusion.0.attn.wv.bias', 'blocks.0.fusion.0.attn.wq.bias', 'blocks.0.projs.1.2.weight', 'blocks.1.blocks.1.2.mlp.fc2.weight', 'blocks.1.fusion.0.attn.wk.bias', 'blocks.0.fusion.1.attn.wv.bias', 'blocks.2.blocks.1.0.attn.proj.bias', 'blocks.2.fusion.1.attn.wv.weight', 'blocks.1.fusion.0.attn.wv.bias', 'blocks.0.blocks.1.1.norm1.bias', 'blocks.1.revert_projs.0.2.bias', 'blocks.2.fusion.0.norm1.bias', 'blocks.2.fusion.1.attn.wk.weight', 'blocks.1.fusion.1.attn.proj.weight', 'blocks.0.blocks.0.0.mlp.fc1.bias', 'blocks.0.revert_projs.0.0.weight', 'blocks.1.blocks.1.4.norm1.weight', 'blocks.0.blocks.1.0.norm1.weight', 'blocks.0.blocks.0.0.attn.qkv.weight', 'head.1.bias', 'blocks.0.blocks.1.4.norm1.bias', 'blocks.0.blocks.1.1.mlp.fc1.bias', 'norm.1.bias', 'blocks.2.blocks.1.0.norm2.bias', 'blocks.0.fusion.0.attn.proj.weight', 'blocks.0.blocks.1.3.mlp.fc1.bias', 'blocks.0.blocks.1.1.mlp.fc2.weight', 'blocks.2.blocks.1.1.norm2.weight', 'blocks.1.blocks.0.0.norm2.weight', 'blocks.1.fusion.1.attn.wk.weight', 'blocks.0.blocks.1.3.mlp.fc1.weight', 'blocks.1.blocks.1.1.mlp.fc1.weight', 'blocks.1.fusion.1.attn.wv.weight', 'blocks.1.revert_projs.0.2.weight', 'blocks.0.blocks.1.2.norm2.bias', 'head.0.weight', 'blocks.0.blocks.0.0.norm2.weight', 'blocks.2.blocks.1.3.attn.qkv.bias', 'blocks.0.blocks.1.0.attn.qkv.bias', 'norm.1.weight', 'blocks.1.blocks.1.2.mlp.fc2.bias', 'blocks.0.projs.0.2.bias', 'blocks.0.fusion.0.attn.wv.weight', 'blocks.0.fusion.1.attn.proj.bias', 'blocks.1.blocks.1.1.norm2.bias', 'blocks.0.fusion.0.attn.wv.bias', 'blocks.1.blocks.0.0.mlp.fc2.weight', 'blocks.1.blocks.1.0.mlp.fc2.weight', 'blocks.1.blocks.1.0.mlp.fc2.bias', 'blocks.0.blocks.1.1.attn.proj.bias', 'norm.0.weight', 'blocks.2.revert_projs.1.0.bias', 'blocks.1.revert_projs.0.0.weight', 'blocks.1.blocks.1.4.mlp.fc2.bias', 'blocks.2.blocks.1.0.mlp.fc1.weight', 'blocks.2.projs.1.2.bias', 'blocks.1.blocks.0.0.mlp.fc2.bias', 'blocks.2.blocks.1.0.norm2.weight', 'blocks.2.blocks.1.0.norm1.weight', 'blocks.1.projs.1.0.bias', 'blocks.2.blocks.1.1.mlp.fc2.bias', 'blocks.2.blocks.1.1.mlp.fc1.weight', 'blocks.1.blocks.1.3.norm1.weight', 'blocks.0.blocks.1.2.attn.proj.bias', 'blocks.1.blocks.1.3.mlp.fc2.bias', 'blocks.2.blocks.0.0.norm2.weight', 'blocks.0.blocks.1.2.attn.qkv.bias', 'blocks.2.blocks.1.3.norm2.bias', 'blocks.2.projs.0.2.weight', 'pos_embed_1', 'blocks.1.revert_projs.1.0.weight', 'blocks.1.fusion.1.attn.wk.bias', 'blocks.0.revert_projs.1.2.weight', 'blocks.0.blocks.0.0.norm1.weight', 'blocks.2.blocks.1.3.mlp.fc2.bias', 'blocks.2.blocks.1.1.norm2.bias', 'blocks.2.projs.1.0.bias', 'blocks.0.revert_projs.1.2.bias', 'blocks.1.blocks.1.1.mlp.fc2.weight', 'blocks.1.blocks.1.4.norm2.bias', 'blocks.0.fusion.1.attn.proj.weight', 'blocks.2.blocks.1.2.attn.qkv.weight', 'blocks.0.blocks.1.2.mlp.fc2.weight', 'blocks.2.blocks.1.0.attn.proj.weight', 'blocks.0.blocks.1.2.norm1.bias', 'blocks.2.fusion.0.attn.wq.bias', 'blocks.2.fusion.0.attn.wq.weight', 'blocks.1.blocks.1.0.mlp.fc1.weight', 'blocks.2.fusion.1.norm1.weight', 'blocks.0.blocks.1.0.attn.proj.bias', 'blocks.1.blocks.0.0.norm1.bias', 'blocks.1.blocks.1.1.attn.qkv.weight', 'blocks.0.fusion.0.norm1.bias', 'blocks.2.blocks.1.4.attn.qkv.bias', 'blocks.0.blocks.1.2.mlp.fc2.bias', 'blocks.2.blocks.1.2.attn.proj.bias', 'blocks.0.blocks.1.1.attn.qkv.bias', 'blocks.1.revert_projs.1.2.bias', 'blocks.2.fusion.1.norm1.bias', 'blocks.2.fusion.1.attn.proj.weight', 'blocks.0.blocks.1.4.norm2.weight', 'blocks.0.projs.1.0.weight', 'patch_embed.1.proj.weight', 'blocks.0.blocks.1.3.norm2.bias', 'blocks.2.blocks.0.0.norm1.weight', 'blocks.2.revert_projs.1.0.weight', 'blocks.0.blocks.1.1.attn.qkv.weight', 'blocks.1.fusion.0.attn.proj.bias', 'blocks.2.projs.0.0.bias', 'blocks.1.blocks.1.2.attn.qkv.weight', 'blocks.2.revert_projs.1.2.weight', 'blocks.0.blocks.1.1.norm2.weight', 'blocks.0.blocks.1.1.mlp.fc1.weight', 'blocks.2.blocks.1.4.attn.qkv.weight', 'blocks.1.fusion.1.norm1.bias', 'blocks.2.blocks.1.1.attn.qkv.weight', 'blocks.1.blocks.1.3.attn.qkv.weight', 'blocks.0.blocks.1.3.attn.proj.bias', 'blocks.1.blocks.1.1.norm1.weight', 'blocks.0.revert_projs.0.2.weight', 'blocks.0.blocks.0.0.attn.qkv.bias', 'blocks.2.blocks.1.1.attn.proj.weight', 'blocks.0.blocks.1.4.mlp.fc2.bias', 'blocks.2.revert_projs.0.0.weight', 'blocks.1.blocks.1.0.norm2.bias', 'blocks.1.blocks.1.2.mlp.fc1.bias', 'blocks.1.projs.0.2.bias', 'blocks.1.blocks.1.3.mlp.fc1.weight', 'blocks.2.blocks.0.0.attn.proj.bias', 'blocks.2.blocks.1.0.attn.qkv.weight', 'patch_embed.0.proj.weight', 'blocks.2.blocks.1.2.norm1.bias', 'blocks.2.blocks.1.1.norm1.weight', 'blocks.0.blocks.1.1.norm2.bias', 'blocks.2.blocks.1.3.norm1.bias', 'blocks.1.blocks.0.0.norm1.weight', 'blocks.0.fusion.1.norm1.bias', 'blocks.2.blocks.1.0.attn.qkv.bias', 'blocks.1.revert_projs.0.0.bias', 'blocks.2.blocks.1.2.mlp.fc1.bias', 'blocks.1.projs.1.2.bias', 'blocks.1.blocks.1.4.mlp.fc1.weight', 'blocks.0.blocks.1.0.norm2.weight', 'blocks.1.blocks.1.1.mlp.fc2.bias', 'blocks.2.blocks.1.1.mlp.fc2.weight', 'blocks.0.blocks.1.2.norm2.weight', 'blocks.0.blocks.0.0.norm1.bias', 'blocks.1.projs.1.0.weight', 'blocks.0.blocks.0.0.norm2.bias', 'blocks.2.blocks.0.0.mlp.fc1.weight', 'blocks.1.blocks.1.2.norm1.weight', 'blocks.2.blocks.0.0.mlp.fc1.bias', 'blocks.0.blocks.1.0.attn.qkv.weight', 'blocks.2.blocks.1.2.attn.proj.weight', 'blocks.1.fusion.0.attn.wq.bias', 'blocks.2.fusion.1.attn.wq.weight', 'blocks.0.blocks.1.4.norm1.weight', 'blocks.2.blocks.1.2.norm1.weight', 'blocks.2.fusion.0.attn.wk.bias', 'blocks.1.blocks.1.4.norm2.weight', 'blocks.0.fusion.0.attn.wk.bias', 'blocks.1.blocks.1.0.mlp.fc1.bias', 'blocks.1.blocks.1.3.norm1.bias', 'blocks.1.blocks.1.1.norm1.bias', 'blocks.2.blocks.1.4.attn.proj.bias', 'blocks.2.blocks.1.3.attn.proj.bias', 'blocks.0.blocks.1.3.attn.qkv.weight', 'blocks.2.blocks.1.4.mlp.fc1.bias', 'blocks.2.blocks.1.4.norm2.weight', 'blocks.0.blocks.1.0.mlp.fc2.bias', 'blocks.1.blocks.1.4.mlp.fc2.weight', 'blocks.1.blocks.1.2.attn.qkv.bias', 'blocks.2.blocks.0.0.mlp.fc2.bias', 'blocks.1.blocks.1.0.norm1.bias', 'blocks.1.projs.0.0.weight', 'blocks.2.blocks.1.0.norm1.bias', 'blocks.0.blocks.1.2.norm1.weight', 'blocks.0.revert_projs.0.2.bias', 'blocks.1.blocks.1.0.attn.proj.bias', 'blocks.0.blocks.1.0.norm2.bias', 'blocks.1.fusion.0.attn.wq.weight', 'blocks.2.blocks.1.3.attn.proj.weight', 'blocks.2.revert_projs.0.0.bias', 'blocks.2.projs.0.2.bias', 'blocks.2.blocks.1.1.mlp.fc1.bias', 'blocks.2.blocks.1.0.mlp.fc1.bias', 'blocks.0.blocks.1.0.norm1.bias', 'blocks.0.revert_projs.1.0.bias', 'blocks.1.blocks.1.0.norm1.weight', 'blocks.2.blocks.1.2.mlp.fc2.bias', 'blocks.0.blocks.1.3.norm2.weight', 'blocks.0.blocks.1.3.mlp.fc2.weight', 'blocks.0.blocks.1.3.norm1.bias', 'blocks.1.blocks.1.2.mlp.fc1.weight', 'blocks.1.blocks.1.3.attn.proj.bias', 'norm.0.bias', 'blocks.2.blocks.1.4.mlp.fc2.bias', 'blocks.1.blocks.1.2.norm1.bias', 'blocks.1.blocks.1.3.norm2.bias', 'blocks.1.blocks.0.0.attn.qkv.bias', 'blocks.1.blocks.1.4.attn.qkv.weight', 'blocks.2.blocks.1.0.mlp.fc2.bias', 'blocks.2.blocks.1.4.norm2.bias', 'blocks.0.revert_projs.1.0.weight', 'blocks.1.blocks.1.3.norm2.weight', 'blocks.2.blocks.1.1.attn.proj.bias', 'cls_token_0', 'blocks.0.blocks.1.4.attn.qkv.bias', 'blocks.2.revert_projs.1.2.bias', 'blocks.1.blocks.1.1.norm2.weight', 'blocks.2.blocks.1.2.mlp.fc1.weight', 'blocks.0.projs.0.2.weight', 'blocks.0.blocks.1.2.mlp.fc1.weight', 'blocks.1.blocks.1.3.attn.qkv.bias', 'blocks.0.revert_projs.0.0.bias', 'blocks.2.blocks.1.3.mlp.fc1.bias', 'blocks.1.fusion.1.attn.wv.bias', 'blocks.1.blocks.1.2.attn.proj.weight', 'blocks.1.blocks.1.4.attn.proj.bias', 'blocks.1.blocks.0.0.mlp.fc1.weight', 'blocks.2.projs.1.0.weight', 'blocks.1.blocks.1.0.attn.qkv.bias', 'blocks.0.projs.1.2.bias', 'blocks.1.projs.0.0.bias', 'blocks.0.blocks.1.4.mlp.fc1.bias', 'blocks.0.blocks.1.0.mlp.fc1.weight', 'pos_embed_0', 'head.1.weight', 'blocks.2.blocks.1.2.mlp.fc2.weight', 'blocks.0.blocks.0.0.attn.proj.bias', 'blocks.0.blocks.0.0.mlp.fc2.weight', 'blocks.0.fusion.0.attn.proj.bias', 'blocks.1.fusion.0.attn.wv.weight', 'blocks.2.blocks.0.0.attn.proj.weight', 'blocks.1.fusion.0.norm1.weight', 'blocks.1.blocks.1.3.mlp.fc1.bias', 'blocks.2.fusion.0.norm1.weight', 'blocks.1.revert_projs.1.0.bias'}.
2023-02-24 18:24:31,444 (trainer:356) INFO: Num of filtered para names in local update: 0. 
Filtered para names in local update: set().
2023-02-24 18:24:31,444 (trainer:361) INFO: After register default hooks,
	the hooks_in_train is:
	{
	  "on_fit_start": [
	    "_hook_on_fit_start_init",
	    "_hook_on_fit_start_calculate_model_size"
	  ],
	  "on_epoch_start": [
	    "_hook_on_epoch_start"
	  ],
	  "on_batch_start": [
	    "_hook_on_batch_start_init"
	  ],
	  "on_batch_forward": [
	    "_hook_on_batch_forward",
	    "_hook_on_batch_forward_regularizer",
	    "_hook_on_batch_forward_flop_count"
	  ],
	  "on_batch_backward": [
	    "_hook_on_batch_backward"
	  ],
	  "on_batch_end": [
	    "_hook_on_batch_end"
	  ],
	  "on_fit_end": [
	    "_hook_on_fit_end"
	  ]
	};
	the hooks_in_eval is:
            t{
	  "on_fit_start": [
	    "_hook_on_fit_start_init"
	  ],
	  "on_epoch_start": [
	    "_hook_on_epoch_start"
	  ],
	  "on_batch_start": [
	    "_hook_on_batch_start_init"
	  ],
	  "on_batch_forward": [
	    "_hook_on_batch_forward"
	  ],
	  "on_batch_end": [
	    "_hook_on_batch_end"
	  ],
	  "on_fit_end": [
	    "_hook_on_fit_end"
	  ]
	}
2023-02-24 18:24:31,529 (server:804) INFO: ----------- Starting training (Round #0) -------------
2023-02-24 18:24:35,676 (client:306) INFO: {'Role': 'Client #9', 'Round': 0, 'Results_raw': {'train_total': 12, 'train_f1': 0.0, 'train_correct': 0.0, 'train_acc': 0.0, 'train_loss': 109.18107, 'train_avg_loss': 9.098423}}
2023-02-24 18:24:41,689 (client:306) INFO: {'Role': 'Client #3', 'Round': 0, 'Results_raw': {'train_total': 446, 'train_f1': 0.024368, 'train_correct': 343.0, 'train_acc': 0.769058, 'train_loss': 746.081226, 'train_avg_loss': 1.672828}}
2023-02-24 18:24:45,839 (client:306) INFO: {'Role': 'Client #10', 'Round': 0, 'Results_raw': {'train_total': 296, 'train_f1': 0.022962, 'train_correct': 149.0, 'train_acc': 0.503378, 'train_loss': 909.812823, 'train_avg_loss': 3.073692}}
2023-02-24 18:24:50,645 (client:306) INFO: {'Role': 'Client #8', 'Round': 0, 'Results_raw': {'train_total': 348, 'train_f1': 0.021243, 'train_correct': 213.0, 'train_acc': 0.612069, 'train_loss': 839.884451, 'train_avg_loss': 2.413461}}
2023-02-24 18:24:51,248 (client:306) INFO: {'Role': 'Client #1', 'Round': 0, 'Results_raw': {'train_total': 14, 'train_f1': 0.0, 'train_correct': 0.0, 'train_acc': 0.0, 'train_loss': 124.687563, 'train_avg_loss': 8.906255}}
2023-02-24 18:24:52,400 (client:306) INFO: {'Role': 'Client #2', 'Round': 0, 'Results_raw': {'train_total': 62, 'train_f1': 0.0, 'train_correct': 0.0, 'train_acc': 0.0, 'train_loss': 456.694127, 'train_avg_loss': 7.366034}}
2023-02-24 18:24:55,397 (client:306) INFO: {'Role': 'Client #4', 'Round': 0, 'Results_raw': {'train_total': 196, 'train_f1': 0.027972, 'train_correct': 112.0, 'train_acc': 0.571429, 'train_loss': 535.346839, 'train_avg_loss': 2.731361}}
2023-02-24 18:24:56,163 (client:306) INFO: {'Role': 'Client #7', 'Round': 0, 'Results_raw': {'train_total': 32, 'train_f1': 0.0, 'train_correct': 0.0, 'train_acc': 0.0, 'train_loss': 294.475403, 'train_avg_loss': 9.202356}}
2023-02-24 18:25:00,751 (client:306) INFO: {'Role': 'Client #5', 'Round': 0, 'Results_raw': {'train_total': 330, 'train_f1': 0.026479, 'train_correct': 156.0, 'train_acc': 0.472727, 'train_loss': 915.003089, 'train_avg_loss': 2.772737}}
2023-02-24 18:25:01,400 (client:306) INFO: {'Role': 'Client #6', 'Round': 0, 'Results_raw': {'train_total': 18, 'train_f1': 0.0, 'train_correct': 0.0, 'train_acc': 0.0, 'train_loss': 168.981494, 'train_avg_loss': 9.387861}}
2023-02-24 18:25:01,442 (monitor:541) INFO: {'Role': 'Server #', 'Round': 0, 'Results_model_metric': {}}
2023-02-24 18:25:01,663 (server:330) INFO: Server: Starting evaluation at the end of round 0.
2023-02-24 18:25:01,669 (server:336) INFO: ----------- Starting a new training round (Round #1) -------------
2023-02-24 18:25:02,256 (context:294) WARNING: No val_data or val_loader in the trainer, will skip evaluation.If this is not the case you want, please check whether there is typo for the name
2023-02-24 18:25:02,443 (context:294) WARNING: No val_data or val_loader in the trainer, will skip evaluation.If this is not the case you want, please check whether there is typo for the name
2023-02-24 18:25:02,643 (context:294) WARNING: No val_data or val_loader in the trainer, will skip evaluation.If this is not the case you want, please check whether there is typo for the name
2023-02-24 18:25:02,996 (context:294) WARNING: No val_data or val_loader in the trainer, will skip evaluation.If this is not the case you want, please check whether there is typo for the name
2023-02-24 18:25:03,315 (context:294) WARNING: No val_data or val_loader in the trainer, will skip evaluation.If this is not the case you want, please check whether there is typo for the name
2023-02-24 18:25:03,757 (context:294) WARNING: No val_data or val_loader in the trainer, will skip evaluation.If this is not the case you want, please check whether there is typo for the name
2023-02-24 18:25:04,240 (context:294) WARNING: No val_data or val_loader in the trainer, will skip evaluation.If this is not the case you want, please check whether there is typo for the name
2023-02-24 18:25:04,387 (context:294) WARNING: No val_data or val_loader in the trainer, will skip evaluation.If this is not the case you want, please check whether there is typo for the name
2023-02-24 18:25:04,806 (context:294) WARNING: No val_data or val_loader in the trainer, will skip evaluation.If this is not the case you want, please check whether there is typo for the name
2023-02-24 18:25:05,179 (context:294) WARNING: No val_data or val_loader in the trainer, will skip evaluation.If this is not the case you want, please check whether there is typo for the name
2023-02-24 18:25:05,570 (client:306) INFO: {'Role': 'Client #1', 'Round': 1, 'Results_raw': {'train_total': 14, 'train_f1': 0.0, 'train_correct': 0.0, 'train_acc': 0.0, 'train_loss': 60.525522, 'train_avg_loss': 4.323252}}
2023-02-24 18:25:06,521 (client:306) INFO: {'Role': 'Client #2', 'Round': 1, 'Results_raw': {'train_total': 62, 'train_f1': 0.112847, 'train_correct': 39.0, 'train_acc': 0.629032, 'train_loss': 92.854761, 'train_avg_loss': 1.497657}}
2023-02-24 18:25:10,570 (client:306) INFO: {'Role': 'Client #10', 'Round': 1, 'Results_raw': {'train_total': 296, 'train_f1': 0.226107, 'train_correct': 245.0, 'train_acc': 0.827703, 'train_loss': 183.543309, 'train_avg_loss': 0.620079}}
2023-02-24 18:25:15,013 (client:306) INFO: {'Role': 'Client #5', 'Round': 1, 'Results_raw': {'train_total': 330, 'train_f1': 0.236534, 'train_correct': 273.0, 'train_acc': 0.827273, 'train_loss': 207.866177, 'train_avg_loss': 0.629898}}
2023-02-24 18:25:15,565 (client:306) INFO: {'Role': 'Client #7', 'Round': 1, 'Results_raw': {'train_total': 32, 'train_f1': 0.041667, 'train_correct': 2.0, 'train_acc': 0.0625, 'train_loss': 120.417267, 'train_avg_loss': 3.76304}}
2023-02-24 18:25:20,258 (client:306) INFO: {'Role': 'Client #8', 'Round': 1, 'Results_raw': {'train_total': 348, 'train_f1': 0.390179, 'train_correct': 309.0, 'train_acc': 0.887931, 'train_loss': 153.883772, 'train_avg_loss': 0.442195}}
2023-02-24 18:25:26,091 (client:306) INFO: {'Role': 'Client #3', 'Round': 1, 'Results_raw': {'train_total': 446, 'train_f1': 0.188054, 'train_correct': 422.0, 'train_acc': 0.946188, 'train_loss': 106.523439, 'train_avg_loss': 0.238842}}
2023-02-24 18:25:26,507 (client:306) INFO: {'Role': 'Client #6', 'Round': 1, 'Results_raw': {'train_total': 18, 'train_f1': 0.27957, 'train_correct': 13.0, 'train_acc': 0.722222, 'train_loss': 28.016128, 'train_avg_loss': 1.556452}}
2023-02-24 18:25:29,266 (client:306) INFO: {'Role': 'Client #4', 'Round': 1, 'Results_raw': {'train_total': 196, 'train_f1': 0.135177, 'train_correct': 176.0, 'train_acc': 0.897959, 'train_loss': 65.448544, 'train_avg_loss': 0.333921}}
2023-02-24 18:25:29,635 (client:306) INFO: {'Role': 'Client #9', 'Round': 1, 'Results_raw': {'train_total': 12, 'train_f1': 0.147059, 'train_correct': 5.0, 'train_acc': 0.416667, 'train_loss': 24.81713, 'train_avg_loss': 2.068094}}
2023-02-24 18:25:29,641 (server:590) INFO: {'Role': 'Server #', 'Round': 0, 'Results_weighted_avg': {'test_total': 22.0, 'test_f1': 0.232188, 'test_correct': 13.0, 'test_acc': 0.590909, 'test_loss': 44.598578, 'test_avg_loss': 1.618079}, 'Results_avg': {'test_total': 22.0, 'test_f1': 0.191957, 'test_correct': 13.0, 'test_acc': 0.489239, 'test_loss': 35.59773, 'test_avg_loss': 2.296888}, 'Results_fairness': {'test_total': 22.0, 'test_correct': 13.0, 'test_f1_std': 0.161982, 'test_f1_bottom_decile': 0.0, 'test_f1_top_decile': 0.489796, 'test_f1_min': 0.0, 'test_f1_max': 0.489796, 'test_f1_bottom10%': 0.0, 'test_f1_top10%': 0.489796, 'test_f1_cos1': 0.764255, 'test_f1_entropy': 1.884413, 'test_acc_std': 0.359077, 'test_acc_bottom_decile': 0.0, 'test_acc_top_decile': 0.96, 'test_acc_min': 0.0, 'test_acc_max': 0.96, 'test_acc_bottom10%': 0.0, 'test_acc_top10%': 0.96, 'test_acc_cos1': 0.806168, 'test_acc_entropy': 1.94971, 'test_loss_std': 21.423498, 'test_loss_bottom_decile': 5.490801, 'test_loss_top_decile': 69.455826, 'test_loss_min': 5.236074, 'test_loss_max': 69.455826, 'test_loss_bottom10%': 5.236074, 'test_loss_top10%': 69.455826, 'test_loss_cos1': 0.856803, 'test_loss_entropy': 2.09095, 'test_avg_loss_std': 1.633254, 'test_avg_loss_bottom_decile': 0.806869, 'test_avg_loss_top_decile': 5.430671, 'test_avg_loss_min': 0.532223, 'test_avg_loss_max': 5.430671, 'test_avg_loss_bottom10%': 0.532223, 'test_avg_loss_top10%': 5.430671, 'test_avg_loss_cos1': 0.81497, 'test_avg_loss_entropy': 2.070744}}
2023-02-24 18:25:29,680 (monitor:541) INFO: {'Role': 'Server #', 'Round': 1, 'Results_model_metric': {}}
2023-02-24 18:25:29,891 (server:330) INFO: Server: Starting evaluation at the end of round 1.
2023-02-24 18:25:29,898 (server:336) INFO: ----------- Starting a new training round (Round #2) -------------
2023-02-24 18:25:30,482 (context:294) WARNING: No val_data or val_loader in the trainer, will skip evaluation.If this is not the case you want, please check whether there is typo for the name
2023-02-24 18:25:30,663 (context:294) WARNING: No val_data or val_loader in the trainer, will skip evaluation.If this is not the case you want, please check whether there is typo for the name
2023-02-24 18:25:30,855 (context:294) WARNING: No val_data or val_loader in the trainer, will skip evaluation.If this is not the case you want, please check whether there is typo for the name
2023-02-24 18:25:31,195 (context:294) WARNING: No val_data or val_loader in the trainer, will skip evaluation.If this is not the case you want, please check whether there is typo for the name
2023-02-24 18:25:31,508 (context:294) WARNING: No val_data or val_loader in the trainer, will skip evaluation.If this is not the case you want, please check whether there is typo for the name
2023-02-24 18:25:31,953 (context:294) WARNING: No val_data or val_loader in the trainer, will skip evaluation.If this is not the case you want, please check whether there is typo for the name
2023-02-24 18:25:32,433 (context:294) WARNING: No val_data or val_loader in the trainer, will skip evaluation.If this is not the case you want, please check whether there is typo for the name
2023-02-24 18:25:32,577 (context:294) WARNING: No val_data or val_loader in the trainer, will skip evaluation.If this is not the case you want, please check whether there is typo for the name
2023-02-24 18:25:32,999 (context:294) WARNING: No val_data or val_loader in the trainer, will skip evaluation.If this is not the case you want, please check whether there is typo for the name
2023-02-24 18:25:33,361 (context:294) WARNING: No val_data or val_loader in the trainer, will skip evaluation.If this is not the case you want, please check whether there is typo for the name
2023-02-24 18:25:33,905 (client:306) INFO: {'Role': 'Client #7', 'Round': 2, 'Results_raw': {'train_total': 32, 'train_f1': 0.120879, 'train_correct': 5.0, 'train_acc': 0.15625, 'train_loss': 97.144493, 'train_avg_loss': 3.035765}}
2023-02-24 18:25:34,835 (client:306) INFO: {'Role': 'Client #2', 'Round': 2, 'Results_raw': {'train_total': 62, 'train_f1': 0.333883, 'train_correct': 49.0, 'train_acc': 0.790323, 'train_loss': 44.675179, 'train_avg_loss': 0.720567}}
2023-02-24 18:25:39,456 (client:306) INFO: {'Role': 'Client #8', 'Round': 2, 'Results_raw': {'train_total': 348, 'train_f1': 0.847622, 'train_correct': 323.0, 'train_acc': 0.928161, 'train_loss': 66.980669, 'train_avg_loss': 0.192473}}
2023-02-24 18:25:43,800 (client:306) INFO: {'Role': 'Client #5', 'Round': 2, 'Results_raw': {'train_total': 330, 'train_f1': 0.589196, 'train_correct': 289.0, 'train_acc': 0.875758, 'train_loss': 145.251127, 'train_avg_loss': 0.440155}}
2023-02-24 18:25:44,214 (client:306) INFO: {'Role': 'Client #6', 'Round': 2, 'Results_raw': {'train_total': 18, 'train_f1': 0.4375, 'train_correct': 14.0, 'train_acc': 0.777778, 'train_loss': 16.892513, 'train_avg_loss': 0.938473}}
2023-02-24 18:25:44,594 (client:306) INFO: {'Role': 'Client #1', 'Round': 2, 'Results_raw': {'train_total': 14, 'train_f1': 0.0, 'train_correct': 0.0, 'train_acc': 0.0, 'train_loss': 53.830209, 'train_avg_loss': 3.845015}}
2023-02-24 18:25:44,954 (client:306) INFO: {'Role': 'Client #9', 'Round': 2, 'Results_raw': {'train_total': 12, 'train_f1': 0.454545, 'train_correct': 10.0, 'train_acc': 0.833333, 'train_loss': 7.09083, 'train_avg_loss': 0.590903}}
2023-02-24 18:25:48,944 (client:306) INFO: {'Role': 'Client #10', 'Round': 2, 'Results_raw': {'train_total': 296, 'train_f1': 0.43457, 'train_correct': 262.0, 'train_acc': 0.885135, 'train_loss': 112.457456, 'train_avg_loss': 0.379924}}
2023-02-24 18:25:51,689 (client:306) INFO: {'Role': 'Client #4', 'Round': 2, 'Results_raw': {'train_total': 196, 'train_f1': 0.492228, 'train_correct': 190.0, 'train_acc': 0.969388, 'train_loss': 15.341211, 'train_avg_loss': 0.078271}}
2023-02-24 18:25:57,417 (client:306) INFO: {'Role': 'Client #3', 'Round': 2, 'Results_raw': {'train_total': 446, 'train_f1': 0.740698, 'train_correct': 430.0, 'train_acc': 0.964126, 'train_loss': 54.129961, 'train_avg_loss': 0.121368}}
2023-02-24 18:25:57,423 (server:590) INFO: {'Role': 'Server #', 'Round': 1, 'Results_weighted_avg': {'test_total': 22.0, 'test_f1': 0.420541, 'test_correct': 16.4, 'test_acc': 0.745455, 'test_loss': 22.313608, 'test_avg_loss': 0.885233}, 'Results_avg': {'test_total': 22.0, 'test_f1': 0.337043, 'test_correct': 16.4, 'test_acc': 0.60294, 'test_loss': 19.475122, 'test_avg_loss': 1.678766}, 'Results_fairness': {'test_total': 22.0, 'test_correct': 16.4, 'test_f1_std': 0.199986, 'test_f1_bottom_decile': 0.0, 'test_f1_top_decile': 0.668389, 'test_f1_min': 0.0, 'test_f1_max': 0.668389, 'test_f1_bottom10%': 0.0, 'test_f1_top10%': 0.668389, 'test_f1_cos1': 0.860004, 'test_f1_entropy': 2.039904, 'test_acc_std': 0.325181, 'test_acc_bottom_decile': 0.0, 'test_acc_top_decile': 0.96, 'test_acc_min': 0.0, 'test_acc_max': 0.96, 'test_acc_bottom10%': 0.0, 'test_acc_top10%': 0.96, 'test_acc_cos1': 0.880153, 'test_acc_entropy': 2.063046, 'test_loss_std': 11.468447, 'test_loss_bottom_decile': 4.3091, 'test_loss_top_decile': 36.902646, 'test_loss_min': 2.144673, 'test_loss_max': 36.902646, 'test_loss_bottom10%': 2.144673, 'test_loss_top10%': 36.902646, 'test_loss_cos1': 0.861693, 'test_loss_entropy': 2.092876, 'test_avg_loss_std': 1.812902, 'test_avg_loss_bottom_decile': 0.357446, 'test_avg_loss_top_decile': 5.468958, 'test_avg_loss_min': 0.172364, 'test_avg_loss_max': 5.468958, 'test_avg_loss_bottom10%': 0.172364, 'test_avg_loss_top10%': 5.468958, 'test_avg_loss_cos1': 0.679441, 'test_avg_loss_entropy': 1.811907}}
2023-02-24 18:25:57,461 (monitor:541) INFO: {'Role': 'Server #', 'Round': 2, 'Results_model_metric': {}}
2023-02-24 18:25:57,664 (server:330) INFO: Server: Starting evaluation at the end of round 2.
2023-02-24 18:25:57,670 (server:336) INFO: ----------- Starting a new training round (Round #3) -------------
2023-02-24 18:25:58,246 (context:294) WARNING: No val_data or val_loader in the trainer, will skip evaluation.If this is not the case you want, please check whether there is typo for the name
2023-02-24 18:25:58,424 (context:294) WARNING: No val_data or val_loader in the trainer, will skip evaluation.If this is not the case you want, please check whether there is typo for the name
2023-02-24 18:25:58,605 (context:294) WARNING: No val_data or val_loader in the trainer, will skip evaluation.If this is not the case you want, please check whether there is typo for the name
2023-02-24 18:25:58,936 (context:294) WARNING: No val_data or val_loader in the trainer, will skip evaluation.If this is not the case you want, please check whether there is typo for the name
2023-02-24 18:25:59,239 (context:294) WARNING: No val_data or val_loader in the trainer, will skip evaluation.If this is not the case you want, please check whether there is typo for the name
2023-02-24 18:25:59,678 (context:294) WARNING: No val_data or val_loader in the trainer, will skip evaluation.If this is not the case you want, please check whether there is typo for the name
2023-02-24 18:26:00,147 (context:294) WARNING: No val_data or val_loader in the trainer, will skip evaluation.If this is not the case you want, please check whether there is typo for the name
2023-02-24 18:26:00,290 (context:294) WARNING: No val_data or val_loader in the trainer, will skip evaluation.If this is not the case you want, please check whether there is typo for the name
2023-02-24 18:26:00,708 (context:294) WARNING: No val_data or val_loader in the trainer, will skip evaluation.If this is not the case you want, please check whether there is typo for the name
2023-02-24 18:26:01,070 (context:294) WARNING: No val_data or val_loader in the trainer, will skip evaluation.If this is not the case you want, please check whether there is typo for the name
2023-02-24 18:26:01,614 (client:306) INFO: {'Role': 'Client #7', 'Round': 3, 'Results_raw': {'train_total': 32, 'train_f1': 0.162562, 'train_correct': 7.0, 'train_acc': 0.21875, 'train_loss': 92.733232, 'train_avg_loss': 2.897914}}
2023-02-24 18:26:07,347 (client:306) INFO: {'Role': 'Client #3', 'Round': 3, 'Results_raw': {'train_total': 446, 'train_f1': 0.826324, 'train_correct': 434.0, 'train_acc': 0.973094, 'train_loss': 43.976354, 'train_avg_loss': 0.098602}}
2023-02-24 18:26:07,708 (client:306) INFO: {'Role': 'Client #9', 'Round': 3, 'Results_raw': {'train_total': 12, 'train_f1': 0.478261, 'train_correct': 11.0, 'train_acc': 0.916667, 'train_loss': 3.101507, 'train_avg_loss': 0.258459}}
2023-02-24 18:26:08,632 (client:306) INFO: {'Role': 'Client #2', 'Round': 3, 'Results_raw': {'train_total': 62, 'train_f1': 0.509091, 'train_correct': 54.0, 'train_acc': 0.870968, 'train_loss': 35.642431, 'train_avg_loss': 0.574878}}
2023-02-24 18:26:11,356 (client:306) INFO: {'Role': 'Client #4', 'Round': 3, 'Results_raw': {'train_total': 196, 'train_f1': 0.494845, 'train_correct': 192.0, 'train_acc': 0.979592, 'train_loss': 13.697361, 'train_avg_loss': 0.069884}}
2023-02-24 18:26:15,889 (client:306) INFO: {'Role': 'Client #8', 'Round': 3, 'Results_raw': {'train_total': 348, 'train_f1': 0.923432, 'train_correct': 336.0, 'train_acc': 0.965517, 'train_loss': 52.402917, 'train_avg_loss': 0.150583}}
2023-02-24 18:26:16,295 (client:306) INFO: {'Role': 'Client #6', 'Round': 3, 'Results_raw': {'train_total': 18, 'train_f1': 0.301075, 'train_correct': 14.0, 'train_acc': 0.777778, 'train_loss': 16.273621, 'train_avg_loss': 0.90409}}
2023-02-24 18:26:16,674 (client:306) INFO: {'Role': 'Client #1', 'Round': 3, 'Results_raw': {'train_total': 14, 'train_f1': 0.117647, 'train_correct': 3.0, 'train_acc': 0.214286, 'train_loss': 46.058749, 'train_avg_loss': 3.289911}}
2023-02-24 18:26:20,617 (client:306) INFO: {'Role': 'Client #10', 'Round': 3, 'Results_raw': {'train_total': 296, 'train_f1': 0.617638, 'train_correct': 276.0, 'train_acc': 0.932432, 'train_loss': 73.684576, 'train_avg_loss': 0.248934}}
2023-02-24 18:26:24,931 (client:306) INFO: {'Role': 'Client #5', 'Round': 3, 'Results_raw': {'train_total': 330, 'train_f1': 0.594439, 'train_correct': 291.0, 'train_acc': 0.881818, 'train_loss': 126.769707, 'train_avg_loss': 0.384151}}
2023-02-24 18:26:24,937 (server:590) INFO: {'Role': 'Server #', 'Round': 2, 'Results_weighted_avg': {'test_total': 22.0, 'test_f1': 0.569502, 'test_correct': 18.3, 'test_acc': 0.831818, 'test_loss': 17.207382, 'test_avg_loss': 0.715372}, 'Results_avg': {'test_total': 22.0, 'test_f1': 0.455303, 'test_correct': 18.3, 'test_acc': 0.671246, 'test_loss': 15.738192, 'test_avg_loss': 1.586923}, 'Results_fairness': {'test_total': 22.0, 'test_correct': 18.3, 'test_f1_std': 0.302967, 'test_f1_bottom_decile': 0.0, 'test_f1_top_decile': 1.0, 'test_f1_min': 0.0, 'test_f1_max': 1.0, 'test_f1_bottom10%': 0.0, 'test_f1_top10%': 1.0, 'test_f1_cos1': 0.83253, 'test_f1_entropy': 2.00564, 'test_acc_std': 0.348699, 'test_acc_bottom_decile': 0.0, 'test_acc_top_decile': 1.0, 'test_acc_min': 0.0, 'test_acc_max': 1.0, 'test_acc_bottom10%': 0.0, 'test_acc_top10%': 1.0, 'test_acc_cos1': 0.887406, 'test_acc_entropy': 2.071174, 'test_loss_std': 10.719495, 'test_loss_bottom_decile': 1.965369, 'test_loss_top_decile': 37.337579, 'test_loss_min': 1.580667, 'test_loss_max': 37.337579, 'test_loss_bottom10%': 1.580667, 'test_loss_top10%': 37.337579, 'test_loss_cos1': 0.826498, 'test_loss_entropy': 2.04665, 'test_avg_loss_std': 1.983589, 'test_avg_loss_bottom_decile': 0.315431, 'test_avg_loss_top_decile': 6.32184, 'test_avg_loss_min': 0.063227, 'test_avg_loss_max': 6.32184, 'test_avg_loss_bottom10%': 0.063227, 'test_avg_loss_top10%': 6.32184, 'test_avg_loss_cos1': 0.624708, 'test_avg_loss_entropy': 1.667575}}
2023-02-24 18:26:24,975 (monitor:541) INFO: {'Role': 'Server #', 'Round': 3, 'Results_model_metric': {}}
2023-02-24 18:26:25,182 (server:330) INFO: Server: Starting evaluation at the end of round 3.
2023-02-24 18:26:25,188 (server:336) INFO: ----------- Starting a new training round (Round #4) -------------
2023-02-24 18:26:25,762 (context:294) WARNING: No val_data or val_loader in the trainer, will skip evaluation.If this is not the case you want, please check whether there is typo for the name
2023-02-24 18:26:25,940 (context:294) WARNING: No val_data or val_loader in the trainer, will skip evaluation.If this is not the case you want, please check whether there is typo for the name
2023-02-24 18:26:26,120 (context:294) WARNING: No val_data or val_loader in the trainer, will skip evaluation.If this is not the case you want, please check whether there is typo for the name
2023-02-24 18:26:26,461 (context:294) WARNING: No val_data or val_loader in the trainer, will skip evaluation.If this is not the case you want, please check whether there is typo for the name
2023-02-24 18:26:26,770 (context:294) WARNING: No val_data or val_loader in the trainer, will skip evaluation.If this is not the case you want, please check whether there is typo for the name
2023-02-24 18:26:27,202 (context:294) WARNING: No val_data or val_loader in the trainer, will skip evaluation.If this is not the case you want, please check whether there is typo for the name
2023-02-24 18:26:27,674 (context:294) WARNING: No val_data or val_loader in the trainer, will skip evaluation.If this is not the case you want, please check whether there is typo for the name
2023-02-24 18:26:27,818 (context:294) WARNING: No val_data or val_loader in the trainer, will skip evaluation.If this is not the case you want, please check whether there is typo for the name
2023-02-24 18:26:28,236 (context:294) WARNING: No val_data or val_loader in the trainer, will skip evaluation.If this is not the case you want, please check whether there is typo for the name
2023-02-24 18:26:28,600 (context:294) WARNING: No val_data or val_loader in the trainer, will skip evaluation.If this is not the case you want, please check whether there is typo for the name
2023-02-24 18:26:34,314 (client:306) INFO: {'Role': 'Client #3', 'Round': 4, 'Results_raw': {'train_total': 446, 'train_f1': 0.816784, 'train_correct': 432.0, 'train_acc': 0.96861, 'train_loss': 40.298698, 'train_avg_loss': 0.090356}}
2023-02-24 18:26:34,855 (client:306) INFO: {'Role': 'Client #7', 'Round': 4, 'Results_raw': {'train_total': 32, 'train_f1': 0.319069, 'train_correct': 15.0, 'train_acc': 0.46875, 'train_loss': 56.467549, 'train_avg_loss': 1.764611}}
2023-02-24 18:26:35,236 (client:306) INFO: {'Role': 'Client #1', 'Round': 4, 'Results_raw': {'train_total': 14, 'train_f1': 0.148148, 'train_correct': 4.0, 'train_acc': 0.285714, 'train_loss': 34.488518, 'train_avg_loss': 2.463466}}
2023-02-24 18:26:39,222 (client:306) INFO: {'Role': 'Client #10', 'Round': 4, 'Results_raw': {'train_total': 296, 'train_f1': 0.5886, 'train_correct': 265.0, 'train_acc': 0.89527, 'train_loss': 88.593779, 'train_avg_loss': 0.299303}}
2023-02-24 18:26:41,957 (client:306) INFO: {'Role': 'Client #4', 'Round': 4, 'Results_raw': {'train_total': 196, 'train_f1': 0.498721, 'train_correct': 195.0, 'train_acc': 0.994898, 'train_loss': 5.648394, 'train_avg_loss': 0.028818}}
2023-02-24 18:26:42,369 (client:306) INFO: {'Role': 'Client #6', 'Round': 4, 'Results_raw': {'train_total': 18, 'train_f1': 0.444444, 'train_correct': 15.0, 'train_acc': 0.833333, 'train_loss': 8.814729, 'train_avg_loss': 0.489707}}
2023-02-24 18:26:46,927 (client:306) INFO: {'Role': 'Client #8', 'Round': 4, 'Results_raw': {'train_total': 348, 'train_f1': 0.91016, 'train_correct': 333.0, 'train_acc': 0.956897, 'train_loss': 41.868404, 'train_avg_loss': 0.120312}}
2023-02-24 18:26:47,287 (client:306) INFO: {'Role': 'Client #9', 'Round': 4, 'Results_raw': {'train_total': 12, 'train_f1': 0.478261, 'train_correct': 11.0, 'train_acc': 0.916667, 'train_loss': 2.946017, 'train_avg_loss': 0.245501}}
2023-02-24 18:26:51,603 (client:306) INFO: {'Role': 'Client #5', 'Round': 4, 'Results_raw': {'train_total': 330, 'train_f1': 0.626103, 'train_correct': 308.0, 'train_acc': 0.933333, 'train_loss': 75.586494, 'train_avg_loss': 0.22905}}
2023-02-24 18:26:52,525 (client:306) INFO: {'Role': 'Client #2', 'Round': 4, 'Results_raw': {'train_total': 62, 'train_f1': 0.478193, 'train_correct': 53.0, 'train_acc': 0.854839, 'train_loss': 31.635639, 'train_avg_loss': 0.510252}}
2023-02-24 18:26:52,531 (server:590) INFO: {'Role': 'Server #', 'Round': 3, 'Results_weighted_avg': {'test_total': 22.0, 'test_f1': 0.564669, 'test_correct': 18.1, 'test_acc': 0.822727, 'test_loss': 13.965465, 'test_avg_loss': 0.54222}, 'Results_avg': {'test_total': 22.0, 'test_f1': 0.501993, 'test_correct': 18.1, 'test_acc': 0.682198, 'test_loss': 11.928846, 'test_avg_loss': 1.009603}, 'Results_fairness': {'test_total': 22.0, 'test_correct': 18.1, 'test_f1_std': 0.338839, 'test_f1_bottom_decile': 0.0, 'test_f1_top_decile': 1.0, 'test_f1_min': 0.0, 'test_f1_max': 1.0, 'test_f1_bottom10%': 0.0, 'test_f1_top10%': 1.0, 'test_f1_cos1': 0.828854, 'test_f1_entropy': 1.996201, 'test_acc_std': 0.358592, 'test_acc_bottom_decile': 0.0, 'test_acc_top_decile': 1.0, 'test_acc_min': 0.0, 'test_acc_max': 1.0, 'test_acc_bottom10%': 0.0, 'test_acc_top10%': 1.0, 'test_acc_cos1': 0.885164, 'test_acc_entropy': 2.068525, 'test_loss_std': 7.961399, 'test_loss_bottom_decile': 1.440218, 'test_loss_top_decile': 26.391366, 'test_loss_min': 0.638768, 'test_loss_max': 26.391366, 'test_loss_bottom10%': 0.638768, 'test_loss_top10%': 26.391366, 'test_loss_cos1': 0.831766, 'test_loss_entropy': 2.03663, 'test_avg_loss_std': 1.116267, 'test_avg_loss_bottom_decile': 0.106461, 'test_avg_loss_top_decile': 3.548685, 'test_avg_loss_min': 0.057609, 'test_avg_loss_max': 3.548685, 'test_avg_loss_bottom10%': 0.057609, 'test_avg_loss_top10%': 3.548685, 'test_avg_loss_cos1': 0.670785, 'test_avg_loss_entropy': 1.774163}}
2023-02-24 18:26:52,569 (monitor:541) INFO: {'Role': 'Server #', 'Round': 4, 'Results_model_metric': {}}
2023-02-24 18:26:52,762 (server:330) INFO: Server: Starting evaluation at the end of round 4.
2023-02-24 18:26:52,768 (server:336) INFO: ----------- Starting a new training round (Round #5) -------------
2023-02-24 18:26:53,339 (context:294) WARNING: No val_data or val_loader in the trainer, will skip evaluation.If this is not the case you want, please check whether there is typo for the name
2023-02-24 18:26:53,515 (context:294) WARNING: No val_data or val_loader in the trainer, will skip evaluation.If this is not the case you want, please check whether there is typo for the name
2023-02-24 18:26:53,698 (context:294) WARNING: No val_data or val_loader in the trainer, will skip evaluation.If this is not the case you want, please check whether there is typo for the name
2023-02-24 18:26:54,029 (context:294) WARNING: No val_data or val_loader in the trainer, will skip evaluation.If this is not the case you want, please check whether there is typo for the name
2023-02-24 18:26:54,335 (context:294) WARNING: No val_data or val_loader in the trainer, will skip evaluation.If this is not the case you want, please check whether there is typo for the name
2023-02-24 18:26:54,768 (context:294) WARNING: No val_data or val_loader in the trainer, will skip evaluation.If this is not the case you want, please check whether there is typo for the name
2023-02-24 18:26:55,242 (context:294) WARNING: No val_data or val_loader in the trainer, will skip evaluation.If this is not the case you want, please check whether there is typo for the name
2023-02-24 18:26:55,383 (context:294) WARNING: No val_data or val_loader in the trainer, will skip evaluation.If this is not the case you want, please check whether there is typo for the name
2023-02-24 18:26:55,798 (context:294) WARNING: No val_data or val_loader in the trainer, will skip evaluation.If this is not the case you want, please check whether there is typo for the name
2023-02-24 18:26:56,154 (context:294) WARNING: No val_data or val_loader in the trainer, will skip evaluation.If this is not the case you want, please check whether there is typo for the name
2023-02-24 18:27:00,117 (client:306) INFO: {'Role': 'Client #10', 'Round': 5, 'Results_raw': {'train_total': 296, 'train_f1': 0.641127, 'train_correct': 285.0, 'train_acc': 0.962838, 'train_loss': 35.672062, 'train_avg_loss': 0.120514}}
2023-02-24 18:27:04,712 (client:306) INFO: {'Role': 'Client #8', 'Round': 5, 'Results_raw': {'train_total': 348, 'train_f1': 0.9275, 'train_correct': 336.0, 'train_acc': 0.965517, 'train_loss': 33.403372, 'train_avg_loss': 0.095987}}
2023-02-24 18:27:09,062 (client:306) INFO: {'Role': 'Client #5', 'Round': 5, 'Results_raw': {'train_total': 330, 'train_f1': 0.627495, 'train_correct': 309.0, 'train_acc': 0.936364, 'train_loss': 68.595556, 'train_avg_loss': 0.207865}}
2023-02-24 18:27:09,611 (client:306) INFO: {'Role': 'Client #7', 'Round': 5, 'Results_raw': {'train_total': 32, 'train_f1': 0.280586, 'train_correct': 13.0, 'train_acc': 0.40625, 'train_loss': 70.836683, 'train_avg_loss': 2.213646}}
2023-02-24 18:27:15,322 (client:306) INFO: {'Role': 'Client #3', 'Round': 5, 'Results_raw': {'train_total': 446, 'train_f1': 0.832654, 'train_correct': 432.0, 'train_acc': 0.96861, 'train_loss': 30.089662, 'train_avg_loss': 0.067466}}
2023-02-24 18:27:15,704 (client:306) INFO: {'Role': 'Client #1', 'Round': 5, 'Results_raw': {'train_total': 14, 'train_f1': 0.117647, 'train_correct': 3.0, 'train_acc': 0.214286, 'train_loss': 36.204393, 'train_avg_loss': 2.586028}}
2023-02-24 18:27:18,471 (client:306) INFO: {'Role': 'Client #4', 'Round': 5, 'Results_raw': {'train_total': 196, 'train_f1': 0.496144, 'train_correct': 193.0, 'train_acc': 0.984694, 'train_loss': 7.812534, 'train_avg_loss': 0.03986}}
2023-02-24 18:27:19,422 (client:306) INFO: {'Role': 'Client #2', 'Round': 5, 'Results_raw': {'train_total': 62, 'train_f1': 0.614615, 'train_correct': 57.0, 'train_acc': 0.919355, 'train_loss': 27.185035, 'train_avg_loss': 0.438468}}
2023-02-24 18:27:19,841 (client:306) INFO: {'Role': 'Client #6', 'Round': 5, 'Results_raw': {'train_total': 18, 'train_f1': 0.651613, 'train_correct': 15.0, 'train_acc': 0.833333, 'train_loss': 8.849825, 'train_avg_loss': 0.491657}}
2023-02-24 18:27:20,211 (client:306) INFO: {'Role': 'Client #9', 'Round': 5, 'Results_raw': {'train_total': 12, 'train_f1': 0.478261, 'train_correct': 11.0, 'train_acc': 0.916667, 'train_loss': 1.955365, 'train_avg_loss': 0.162947}}
2023-02-24 18:27:20,217 (server:590) INFO: {'Role': 'Server #', 'Round': 4, 'Results_weighted_avg': {'test_total': 22.0, 'test_f1': 0.599325, 'test_correct': 18.7, 'test_acc': 0.85, 'test_loss': 15.028598, 'test_avg_loss': 0.570956}, 'Results_avg': {'test_total': 22.0, 'test_f1': 0.541561, 'test_correct': 18.7, 'test_acc': 0.717963, 'test_loss': 12.561027, 'test_avg_loss': 1.189409}, 'Results_fairness': {'test_total': 22.0, 'test_correct': 18.7, 'test_f1_std': 0.322124, 'test_f1_bottom_decile': 0.166667, 'test_f1_top_decile': 1.0, 'test_f1_min': 0.0, 'test_f1_max': 1.0, 'test_f1_bottom10%': 0.0, 'test_f1_top10%': 1.0, 'test_f1_cos1': 0.859456, 'test_f1_entropy': 2.082226, 'test_acc_std': 0.326704, 'test_acc_bottom_decile': 0.2, 'test_acc_top_decile': 1.0, 'test_acc_min': 0.0, 'test_acc_max': 1.0, 'test_acc_bottom10%': 0.0, 'test_acc_top10%': 1.0, 'test_acc_cos1': 0.910196, 'test_acc_entropy': 2.14112, 'test_loss_std': 8.179386, 'test_loss_bottom_decile': 0.923792, 'test_loss_top_decile': 24.722558, 'test_loss_min': 0.753414, 'test_loss_max': 24.722558, 'test_loss_bottom10%': 0.753414, 'test_loss_top10%': 24.722558, 'test_loss_cos1': 0.837995, 'test_loss_entropy': 2.038469, 'test_avg_loss_std': 1.5287, 'test_avg_loss_bottom_decile': 0.125569, 'test_avg_loss_top_decile': 5.181194, 'test_avg_loss_min': 0.036952, 'test_avg_loss_max': 5.181194, 'test_avg_loss_bottom10%': 0.036952, 'test_avg_loss_top10%': 5.181194, 'test_avg_loss_cos1': 0.614076, 'test_avg_loss_entropy': 1.662456}}
2023-02-24 18:27:20,255 (monitor:541) INFO: {'Role': 'Server #', 'Round': 5, 'Results_model_metric': {}}
2023-02-24 18:27:20,471 (server:330) INFO: Server: Starting evaluation at the end of round 5.
2023-02-24 18:27:20,478 (server:336) INFO: ----------- Starting a new training round (Round #6) -------------
2023-02-24 18:27:21,056 (context:294) WARNING: No val_data or val_loader in the trainer, will skip evaluation.If this is not the case you want, please check whether there is typo for the name
2023-02-24 18:27:21,233 (context:294) WARNING: No val_data or val_loader in the trainer, will skip evaluation.If this is not the case you want, please check whether there is typo for the name
2023-02-24 18:27:21,415 (context:294) WARNING: No val_data or val_loader in the trainer, will skip evaluation.If this is not the case you want, please check whether there is typo for the name
2023-02-24 18:27:21,745 (context:294) WARNING: No val_data or val_loader in the trainer, will skip evaluation.If this is not the case you want, please check whether there is typo for the name
2023-02-24 18:27:22,051 (context:294) WARNING: No val_data or val_loader in the trainer, will skip evaluation.If this is not the case you want, please check whether there is typo for the name
2023-02-24 18:27:22,485 (context:294) WARNING: No val_data or val_loader in the trainer, will skip evaluation.If this is not the case you want, please check whether there is typo for the name
2023-02-24 18:27:22,963 (context:294) WARNING: No val_data or val_loader in the trainer, will skip evaluation.If this is not the case you want, please check whether there is typo for the name
2023-02-24 18:27:23,105 (context:294) WARNING: No val_data or val_loader in the trainer, will skip evaluation.If this is not the case you want, please check whether there is typo for the name
2023-02-24 18:27:23,517 (context:294) WARNING: No val_data or val_loader in the trainer, will skip evaluation.If this is not the case you want, please check whether there is typo for the name
2023-02-24 18:27:23,873 (context:294) WARNING: No val_data or val_loader in the trainer, will skip evaluation.If this is not the case you want, please check whether there is typo for the name
2023-02-24 18:27:26,625 (client:306) INFO: {'Role': 'Client #4', 'Round': 6, 'Results_raw': {'train_total': 196, 'train_f1': 0.498721, 'train_correct': 195.0, 'train_acc': 0.994898, 'train_loss': 4.133681, 'train_avg_loss': 0.02109}}
2023-02-24 18:27:27,136 (client:306) INFO: {'Role': 'Client #9', 'Round': 6, 'Results_raw': {'train_total': 12, 'train_f1': 0.478261, 'train_correct': 11.0, 'train_acc': 0.916667, 'train_loss': 1.199666, 'train_avg_loss': 0.099972}}
2023-02-24 18:27:31,842 (client:306) INFO: {'Role': 'Client #8', 'Round': 6, 'Results_raw': {'train_total': 348, 'train_f1': 0.940618, 'train_correct': 338.0, 'train_acc': 0.971264, 'train_loss': 31.788793, 'train_avg_loss': 0.091347}}
2023-02-24 18:27:32,783 (client:306) INFO: {'Role': 'Client #2', 'Round': 6, 'Results_raw': {'train_total': 62, 'train_f1': 0.487629, 'train_correct': 53.0, 'train_acc': 0.854839, 'train_loss': 32.028217, 'train_avg_loss': 0.516584}}
2023-02-24 18:27:37,145 (client:306) INFO: {'Role': 'Client #5', 'Round': 6, 'Results_raw': {'train_total': 330, 'train_f1': 0.640733, 'train_correct': 314.0, 'train_acc': 0.951515, 'train_loss': 58.340409, 'train_avg_loss': 0.176789}}
2023-02-24 18:27:37,530 (client:306) INFO: {'Role': 'Client #1', 'Round': 6, 'Results_raw': {'train_total': 14, 'train_f1': 0.175439, 'train_correct': 5.0, 'train_acc': 0.357143, 'train_loss': 34.247178, 'train_avg_loss': 2.446227}}
2023-02-24 18:27:38,082 (client:306) INFO: {'Role': 'Client #7', 'Round': 6, 'Results_raw': {'train_total': 32, 'train_f1': 0.325108, 'train_correct': 15.0, 'train_acc': 0.46875, 'train_loss': 73.248398, 'train_avg_loss': 2.289012}}
2023-02-24 18:27:43,888 (client:306) INFO: {'Role': 'Client #3', 'Round': 6, 'Results_raw': {'train_total': 446, 'train_f1': 0.914482, 'train_correct': 439.0, 'train_acc': 0.984305, 'train_loss': 23.62856, 'train_avg_loss': 0.052979}}
2023-02-24 18:27:44,308 (client:306) INFO: {'Role': 'Client #6', 'Round': 6, 'Results_raw': {'train_total': 18, 'train_f1': 0.544061, 'train_correct': 16.0, 'train_acc': 0.888889, 'train_loss': 5.214498, 'train_avg_loss': 0.289694}}
2023-02-24 18:27:48,215 (client:306) INFO: {'Role': 'Client #10', 'Round': 6, 'Results_raw': {'train_total': 296, 'train_f1': 0.642757, 'train_correct': 286.0, 'train_acc': 0.966216, 'train_loss': 43.378024, 'train_avg_loss': 0.146547}}
2023-02-24 18:27:48,221 (server:590) INFO: {'Role': 'Server #', 'Round': 5, 'Results_weighted_avg': {'test_total': 22.0, 'test_f1': 0.601079, 'test_correct': 18.5, 'test_acc': 0.840909, 'test_loss': 13.513148, 'test_avg_loss': 0.524771}, 'Results_avg': {'test_total': 22.0, 'test_f1': 0.523886, 'test_correct': 18.5, 'test_acc': 0.691822, 'test_loss': 11.544962, 'test_avg_loss': 1.063592}, 'Results_fairness': {'test_total': 22.0, 'test_correct': 18.5, 'test_f1_std': 0.34319, 'test_f1_bottom_decile': 0.0, 'test_f1_top_decile': 1.0, 'test_f1_min': 0.0, 'test_f1_max': 1.0, 'test_f1_bottom10%': 0.0, 'test_f1_top10%': 1.0, 'test_f1_cos1': 0.836495, 'test_f1_entropy': 2.007602, 'test_acc_std': 0.361068, 'test_acc_bottom_decile': 0.0, 'test_acc_top_decile': 1.0, 'test_acc_min': 0.0, 'test_acc_max': 1.0, 'test_acc_bottom10%': 0.0, 'test_acc_top10%': 1.0, 'test_acc_cos1': 0.886523, 'test_acc_entropy': 2.070013, 'test_loss_std': 7.627942, 'test_loss_bottom_decile': 0.649378, 'test_loss_top_decile': 25.560887, 'test_loss_min': 0.497481, 'test_loss_max': 25.560887, 'test_loss_bottom10%': 0.497481, 'test_loss_top10%': 25.560887, 'test_loss_cos1': 0.834335, 'test_loss_entropy': 2.030864, 'test_avg_loss_std': 1.297925, 'test_avg_loss_bottom_decile': 0.10823, 'test_avg_loss_top_decile': 4.306216, 'test_avg_loss_min': 0.019899, 'test_avg_loss_max': 4.306216, 'test_avg_loss_bottom10%': 0.019899, 'test_avg_loss_top10%': 4.306216, 'test_avg_loss_cos1': 0.633828, 'test_avg_loss_entropy': 1.694806}}
2023-02-24 18:27:48,259 (monitor:541) INFO: {'Role': 'Server #', 'Round': 6, 'Results_model_metric': {}}
2023-02-24 18:27:48,465 (server:330) INFO: Server: Starting evaluation at the end of round 6.
2023-02-24 18:27:48,471 (server:336) INFO: ----------- Starting a new training round (Round #7) -------------
2023-02-24 18:27:49,052 (context:294) WARNING: No val_data or val_loader in the trainer, will skip evaluation.If this is not the case you want, please check whether there is typo for the name
2023-02-24 18:27:49,230 (context:294) WARNING: No val_data or val_loader in the trainer, will skip evaluation.If this is not the case you want, please check whether there is typo for the name
2023-02-24 18:27:49,414 (context:294) WARNING: No val_data or val_loader in the trainer, will skip evaluation.If this is not the case you want, please check whether there is typo for the name
2023-02-24 18:27:49,747 (context:294) WARNING: No val_data or val_loader in the trainer, will skip evaluation.If this is not the case you want, please check whether there is typo for the name
2023-02-24 18:27:50,056 (context:294) WARNING: No val_data or val_loader in the trainer, will skip evaluation.If this is not the case you want, please check whether there is typo for the name
2023-02-24 18:27:50,492 (context:294) WARNING: No val_data or val_loader in the trainer, will skip evaluation.If this is not the case you want, please check whether there is typo for the name
2023-02-24 18:27:50,963 (context:294) WARNING: No val_data or val_loader in the trainer, will skip evaluation.If this is not the case you want, please check whether there is typo for the name
2023-02-24 18:27:51,103 (context:294) WARNING: No val_data or val_loader in the trainer, will skip evaluation.If this is not the case you want, please check whether there is typo for the name
2023-02-24 18:27:51,514 (context:294) WARNING: No val_data or val_loader in the trainer, will skip evaluation.If this is not the case you want, please check whether there is typo for the name
2023-02-24 18:27:51,873 (context:294) WARNING: No val_data or val_loader in the trainer, will skip evaluation.If this is not the case you want, please check whether there is typo for the name
2023-02-24 18:27:56,264 (client:306) INFO: {'Role': 'Client #5', 'Round': 7, 'Results_raw': {'train_total': 330, 'train_f1': 0.639397, 'train_correct': 313.0, 'train_acc': 0.948485, 'train_loss': 60.180303, 'train_avg_loss': 0.182365}}
2023-02-24 18:28:00,208 (client:306) INFO: {'Role': 'Client #10', 'Round': 7, 'Results_raw': {'train_total': 296, 'train_f1': 0.650678, 'train_correct': 289.0, 'train_acc': 0.976351, 'train_loss': 34.244688, 'train_avg_loss': 0.115692}}
2023-02-24 18:28:04,794 (client:306) INFO: {'Role': 'Client #8', 'Round': 7, 'Results_raw': {'train_total': 348, 'train_f1': 0.975833, 'train_correct': 344.0, 'train_acc': 0.988506, 'train_loss': 17.476327, 'train_avg_loss': 0.050219}}
2023-02-24 18:28:05,157 (client:306) INFO: {'Role': 'Client #9', 'Round': 7, 'Results_raw': {'train_total': 12, 'train_f1': 0.478261, 'train_correct': 11.0, 'train_acc': 0.916667, 'train_loss': 1.029913, 'train_avg_loss': 0.085826}}
2023-02-24 18:28:06,079 (client:306) INFO: {'Role': 'Client #2', 'Round': 7, 'Results_raw': {'train_total': 62, 'train_f1': 0.587879, 'train_correct': 57.0, 'train_acc': 0.919355, 'train_loss': 20.803519, 'train_avg_loss': 0.335541}}
2023-02-24 18:28:08,812 (client:306) INFO: {'Role': 'Client #4', 'Round': 7, 'Results_raw': {'train_total': 196, 'train_f1': 1.0, 'train_correct': 196.0, 'train_acc': 1.0, 'train_loss': 2.304261, 'train_avg_loss': 0.011756}}
2023-02-24 18:28:09,198 (client:306) INFO: {'Role': 'Client #1', 'Round': 7, 'Results_raw': {'train_total': 14, 'train_f1': 0.148148, 'train_correct': 4.0, 'train_acc': 0.285714, 'train_loss': 34.277717, 'train_avg_loss': 2.448408}}
2023-02-24 18:28:14,908 (client:306) INFO: {'Role': 'Client #3', 'Round': 7, 'Results_raw': {'train_total': 446, 'train_f1': 0.910521, 'train_correct': 439.0, 'train_acc': 0.984305, 'train_loss': 21.491424, 'train_avg_loss': 0.048187}}
2023-02-24 18:28:15,455 (client:306) INFO: {'Role': 'Client #7', 'Round': 7, 'Results_raw': {'train_total': 32, 'train_f1': 0.321212, 'train_correct': 16.0, 'train_acc': 0.5, 'train_loss': 64.198898, 'train_avg_loss': 2.006216}}
2023-02-24 18:28:15,869 (client:306) INFO: {'Role': 'Client #6', 'Round': 7, 'Results_raw': {'train_total': 18, 'train_f1': 0.555556, 'train_correct': 16.0, 'train_acc': 0.888889, 'train_loss': 6.102296, 'train_avg_loss': 0.339016}}
2023-02-24 18:28:15,875 (server:590) INFO: {'Role': 'Server #', 'Round': 6, 'Results_weighted_avg': {'test_total': 22.0, 'test_f1': 0.589296, 'test_correct': 18.8, 'test_acc': 0.854545, 'test_loss': 13.326387, 'test_avg_loss': 0.550953}, 'Results_avg': {'test_total': 22.0, 'test_f1': 0.473663, 'test_correct': 18.8, 'test_acc': 0.689877, 'test_loss': 12.120968, 'test_avg_loss': 1.117911}, 'Results_fairness': {'test_total': 22.0, 'test_correct': 18.8, 'test_f1_std': 0.311991, 'test_f1_bottom_decile': 0.0, 'test_f1_top_decile': 1.0, 'test_f1_min': 0.0, 'test_f1_max': 1.0, 'test_f1_bottom10%': 0.0, 'test_f1_top10%': 1.0, 'test_f1_cos1': 0.835117, 'test_f1_entropy': 2.007612, 'test_acc_std': 0.359155, 'test_acc_bottom_decile': 0.0, 'test_acc_top_decile': 1.0, 'test_acc_min': 0.0, 'test_acc_max': 1.0, 'test_acc_bottom10%': 0.0, 'test_acc_top10%': 1.0, 'test_acc_cos1': 0.886997, 'test_acc_entropy': 2.070529, 'test_loss_std': 9.584506, 'test_loss_bottom_decile': 1.181531, 'test_loss_top_decile': 34.701859, 'test_loss_min': 0.357968, 'test_loss_max': 34.701859, 'test_loss_bottom10%': 0.357968, 'test_loss_top10%': 34.701859, 'test_loss_cos1': 0.7844, 'test_loss_entropy': 1.973421, 'test_avg_loss_std': 1.305697, 'test_avg_loss_bottom_decile': 0.196922, 'test_avg_loss_top_decile': 3.71392, 'test_avg_loss_min': 0.014319, 'test_avg_loss_max': 3.71392, 'test_avg_loss_bottom10%': 0.014319, 'test_avg_loss_top10%': 3.71392, 'test_avg_loss_cos1': 0.65037, 'test_avg_loss_entropy': 1.697874}}
2023-02-24 18:28:15,913 (monitor:541) INFO: {'Role': 'Server #', 'Round': 7, 'Results_model_metric': {}}
2023-02-24 18:28:16,116 (server:330) INFO: Server: Starting evaluation at the end of round 7.
2023-02-24 18:28:16,122 (server:336) INFO: ----------- Starting a new training round (Round #8) -------------
2023-02-24 18:28:16,700 (context:294) WARNING: No val_data or val_loader in the trainer, will skip evaluation.If this is not the case you want, please check whether there is typo for the name
2023-02-24 18:28:16,877 (context:294) WARNING: No val_data or val_loader in the trainer, will skip evaluation.If this is not the case you want, please check whether there is typo for the name
2023-02-24 18:28:17,058 (context:294) WARNING: No val_data or val_loader in the trainer, will skip evaluation.If this is not the case you want, please check whether there is typo for the name
2023-02-24 18:28:17,388 (context:294) WARNING: No val_data or val_loader in the trainer, will skip evaluation.If this is not the case you want, please check whether there is typo for the name
2023-02-24 18:28:17,693 (context:294) WARNING: No val_data or val_loader in the trainer, will skip evaluation.If this is not the case you want, please check whether there is typo for the name
2023-02-24 18:28:18,127 (context:294) WARNING: No val_data or val_loader in the trainer, will skip evaluation.If this is not the case you want, please check whether there is typo for the name
2023-02-24 18:28:18,596 (context:294) WARNING: No val_data or val_loader in the trainer, will skip evaluation.If this is not the case you want, please check whether there is typo for the name
2023-02-24 18:28:18,735 (context:294) WARNING: No val_data or val_loader in the trainer, will skip evaluation.If this is not the case you want, please check whether there is typo for the name
2023-02-24 18:28:19,144 (context:294) WARNING: No val_data or val_loader in the trainer, will skip evaluation.If this is not the case you want, please check whether there is typo for the name
2023-02-24 18:28:19,502 (context:294) WARNING: No val_data or val_loader in the trainer, will skip evaluation.If this is not the case you want, please check whether there is typo for the name
2023-02-24 18:28:20,042 (client:306) INFO: {'Role': 'Client #7', 'Round': 8, 'Results_raw': {'train_total': 32, 'train_f1': 0.319069, 'train_correct': 15.0, 'train_acc': 0.46875, 'train_loss': 58.912814, 'train_avg_loss': 1.841025}}
2023-02-24 18:28:20,403 (client:306) INFO: {'Role': 'Client #9', 'Round': 8, 'Results_raw': {'train_total': 12, 'train_f1': 0.478261, 'train_correct': 11.0, 'train_acc': 0.916667, 'train_loss': 1.812962, 'train_avg_loss': 0.15108}}
