2023-02-17 19:09:31,396 (logging:124) INFO: the current machine is at 192.168.0.1
2023-02-17 19:09:31,396 (logging:126) INFO: the current dir is /home/ubuntu/medscale
2023-02-17 19:09:31,396 (logging:127) INFO: the output dir is exp/FedAvg_convnet2_on_lung_lr0.01_lstep4
2023-02-17 19:09:39,618 (cfg_data:145) WARNING: config `cfg.data.batch_size` will be removed in the future, use `cfg.dataloader.batch_size` instead.
2023-02-17 19:09:39,618 (cfg_data:145) WARNING: config `cfg.data.batch_size` will be removed in the future, use `cfg.dataloader.batch_size` instead.
2023-02-17 19:09:39,642 (config:243) INFO: the used configs are: 
aggregator:
  inside_weight: 1.0
  num_agg_groups: 1
  num_agg_topk: []
  outside_weight: 0.0
asyn:
  use: False
attack:
  alpha_TV: 0.001
  alpha_prop_loss: 0
  attack_method: 
  attacker_id: -1
  classifier_PIA: randomforest
  edge_num: 100
  edge_path: edge_data/
  freq: 10
  info_diff_type: l2
  inject_round: 0
  insert_round: 100000
  label_type: dirty
  max_ite: 400
  mean: [0.1307]
  mia_is_simulate_in: False
  mia_simulate_in_round: 20
  pgd_eps: 2
  pgd_lr: 0.1
  pgd_poisoning: False
  poison_ratio: 0.5
  reconstruct_lr: 0.01
  reconstruct_optim: Adam
  scale_para: 1.0
  scale_poisoning: False
  self_epoch: 6
  self_lr: 0.05
  self_opt: False
  setting: fix
  std: [0.3081]
  target_label_ind: -1
  trigger_path: trigger/
  trigger_type: edge
backend: torch
cfg_file: 
check_completeness: False
criterion:
  type: CrossEntropyLoss
data:
  args: []
  batch_size: 16
  cSBM_phi: [0.5, 0.5, 0.5]
  cache_dir: 
  consistent_label_distribution: False
  drop_last: False
  hetero_data_name: []
  hetero_synth_batch_size: 32
  hetero_synth_feat_dim: 128
  hetero_synth_prim_weight: 0.5
  is_debug: False
  loader: 
  max_query_len: 128
  max_seq_len: 384
  max_tgt_len: 128
  num_contrast: 0
  num_of_client_for_data: []
  num_steps: 30
  num_workers: 0
  pre_transform: []
  quadratic:
    dim: 1
    max_curv: 12.5
    min_curv: 0.02
  root: data/
  save_data: False
  server_holds_all: False
  shuffle: True
  sizes: [10, 5]
  splits: [0.8, 0, 0.2]
  splitter: lda
  splitter_args: [{'alpha': 0.1}]
  subsample: 1.0
  target_transform: []
  test_pre_transform: []
  test_target_transform: []
  test_transform: []
  transform: []
  trunc_stride: 128
  type: lung
  val_pre_transform: []
  val_target_transform: []
  val_transform: []
  walk_length: 2
dataloader:
  batch_size: 16
  drop_last: False
  num_steps: 30
  num_workers: 0
  pin_memory: False
  shuffle: True
  sizes: [10, 5]
  theta: -1
  type: base
  walk_length: 2
device: 0
distribute:
  use: False
early_stop:
  delta: 0.0
  improve_indicator_mode: best
  patience: 5
eval:
  best_res_update_round_wise_key: test_loss
  count_flops: True
  freq: 1
  metrics: ['acc', 'correct', 'f1']
  monitoring: []
  report: ['weighted_avg', 'avg', 'fairness', 'raw']
  split: ['test', 'val']
expname: FedAvg_convnet2_on_lung_lr0.01_lstep4
expname_tag: 
feat_engr:
  num_bins: 5
  scenario: hfl
  secure:
    dp:
      
    encrypt:
      type: dummy
    key_size: 3072
    type: encrypt
  selec_threshold: 0.05
  selec_woe_binning: quantile
  type: 
federate:
  atc_load_from: 
  atc_vanilla: False
  client_num: 10
  data_weighted_aggr: False
  ignore_weight: False
  join_in_info: []
  make_global_eval: False
  merge_test_data: False
  method: FedAvg
  mode: standalone
  online_aggr: True
  resource_info_file: 
  restore_from: 
  sample_client_num: 10
  sample_client_rate: -1.0
  sampler: uniform
  save_to: 
  share_local_model: False
  total_round_num: 10
  unseen_clients_rate: 0.0
  use_diff: False
  use_ss: False
fedopt:
  use: False
fedprox:
  use: False
fedsageplus:
  a: 1.0
  b: 1.0
  c: 1.0
  fedgen_epoch: 200
  gen_hidden: 128
  hide_portion: 0.5
  loc_epoch: 1
  num_pred: 5
finetune:
  batch_or_epoch: epoch
  before_eval: False
  freeze_param: 
  local_update_steps: 1
  optimizer:
    lr: 0.1
    type: SGD
  scheduler:
    type: 
    warmup_ratio: 0.0
flitplus:
  factor_ema: 0.8
  lambdavat: 0.5
  tmpFed: 0.5
  weightReg: 1.0
gcflplus:
  EPS_1: 0.05
  EPS_2: 0.1
  seq_length: 5
  standardize: False
grad:
  grad_accum_count: 1
  grad_clip: 5.0
hpo:
  fedex:
    cutoff: 0.0
    diff: False
    eta0: -1.0
    flatten_ss: True
    gamma: 0.0
    pi_lr: 0.01
    psn: False
    sched: auto
    ss: 
    use: False
  init_cand_num: 16
  larger_better: False
  metric: client_summarized_weighted_avg.val_loss
  num_workers: 0
  pbt:
    max_stage: 5
    perf_threshold: 0.1
  scheduler: rs
  sha:
    budgets: []
    elim_rate: 3
    iter: 0
  ss: 
  table:
    eps: 0.1
    idx: 0
    num: 27
  working_folder: hpo
model:
  contrast_temp: 1.0
  contrast_topk: 100
  downstream_tasks: []
  dropout: 0.0
  embed_size: 8
  gamma: 0
  graph_pooling: mean
  hidden: 2048
  in_channels: 0
  input_shape: ()
  label_smoothing: 0.1
  lambda_: 0.1
  layer: 2
  length_penalty: 2.0
  max_answer_len: 30
  max_length: 200
  max_tree_depth: 3
  min_length: 1
  model_num_per_trainer: 1
  model_type: google/bert_uncased_L-2_H-128_A-2
  n_best_size: 20
  no_repeat_ngram_size: 3
  null_score_diff_threshold: 0.0
  num_beams: 5
  num_item: 0
  num_labels: 1
  num_of_trees: 10
  num_user: 0
  out_channels: 62
  pretrain_tasks: []
  stage: 
  task: node
  type: convnet2
  use_bias: True
  use_contrastive_loss: False
nbafl:
  use: False
outdir: exp/FedAvg_convnet2_on_lung_lr0.01_lstep4
personalization:
  K: 5
  beta: 1.0
  local_param: []
  local_update_steps: 4
  lr: 0.01
  regular_weight: 0.1
  share_non_trainable_para: False
print_decimal_digits: 6
regularizer:
  mu: 0.0
  type: 
seed: 2
sgdmf:
  use: False
train:
  batch_or_epoch: epoch
  local_update_steps: 4
  optimizer:
    lr: 0.01
    type: SGD
    weight_decay: 0.0
  scheduler:
    type: 
    warmup_ratio: 0.0
trainer:
  disp_freq: 50
  local_entropy:
    alpha: 0.75
    eps: 0.001
    gamma: 0.0001
  sam:
    adaptive: False
    eta: 0.0
    rho: 1.0
  type: cvtrainer
  val_freq: 100000000
use_gpu: True
verbose: 1
vertical:
  use: False
wandb:
  use: False
2023-02-17 19:09:39,712 (utils:144) INFO: The device information file is not provided
2023-02-17 19:09:40,294 (fed_runner:169) INFO: Server has been set up ... 
2023-02-17 19:09:41,079 (fed_runner:221) INFO: Client 1 has been set up ... 
2023-02-17 19:09:41,864 (fed_runner:221) INFO: Client 2 has been set up ... 
2023-02-17 19:09:42,552 (fed_runner:221) INFO: Client 3 has been set up ... 
2023-02-17 19:09:43,348 (fed_runner:221) INFO: Client 4 has been set up ... 
2023-02-17 19:09:44,046 (fed_runner:221) INFO: Client 5 has been set up ... 
2023-02-17 19:09:44,808 (fed_runner:221) INFO: Client 6 has been set up ... 
2023-02-17 19:09:45,593 (fed_runner:221) INFO: Client 7 has been set up ... 
2023-02-17 19:09:46,289 (fed_runner:221) INFO: Client 8 has been set up ... 
2023-02-17 19:09:46,968 (fed_runner:221) INFO: Client 9 has been set up ... 
2023-02-17 19:09:47,654 (fed_runner:221) INFO: Client 10 has been set up ... 
<<<<<<< HEAD
2023-02-17 19:09:47,654 (trainer:341) INFO: Model meta-info: <class 'medscale.cv.model.cnn.ConvNet2'>.
=======
<<<<<<< HEAD
2023-02-17 19:09:47,654 (trainer:341) INFO: Model meta-info: <class 'medscale.cv.model.cnn.ConvNet2'>.
=======
2023-02-17 19:09:47,654 (trainer:341) INFO: Model meta-info: <class 'medscale.cv.model.cnn.ConvNet2'>.
>>>>>>> fe4962455354c9c11afd9c9806ceda28eb280737
>>>>>>> 64b283ee525ef53c32509882719e74890329b83f
2023-02-17 19:09:47,655 (trainer:349) INFO: Num of original para names: 18.
2023-02-17 19:09:47,655 (trainer:350) INFO: Num of original trainable para names: 12.
2023-02-17 19:09:47,656 (trainer:352) INFO: Num of preserved para names in local update: 18. 
Preserved para names in local update: {'conv2.weight', 'bn1.num_batches_tracked', 'bn2.bias', 'fc1.bias', 'bn2.num_batches_tracked', 'fc2.weight', 'bn2.weight', 'bn2.running_mean', 'conv2.bias', 'fc1.weight', 'fc2.bias', 'bn1.bias', 'bn2.running_var', 'conv1.weight', 'bn1.running_var', 'conv1.bias', 'bn1.running_mean', 'bn1.weight'}.
2023-02-17 19:09:47,656 (trainer:356) INFO: Num of filtered para names in local update: 0. 
Filtered para names in local update: set().
2023-02-17 19:09:47,656 (trainer:361) INFO: After register default hooks,
	the hooks_in_train is:
	{
	  "on_fit_start": [
	    "_hook_on_fit_start_init",
	    "_hook_on_fit_start_calculate_model_size"
	  ],
	  "on_epoch_start": [
	    "_hook_on_epoch_start"
	  ],
	  "on_batch_start": [
	    "_hook_on_batch_start_init"
	  ],
	  "on_batch_forward": [
	    "_hook_on_batch_forward",
	    "_hook_on_batch_forward_regularizer",
	    "_hook_on_batch_forward_flop_count"
	  ],
	  "on_batch_backward": [
	    "_hook_on_batch_backward"
	  ],
	  "on_batch_end": [
	    "_hook_on_batch_end"
	  ],
	  "on_fit_end": [
	    "_hook_on_fit_end"
	  ]
	};
	the hooks_in_eval is:
            t{
	  "on_fit_start": [
	    "_hook_on_fit_start_init"
	  ],
	  "on_epoch_start": [
	    "_hook_on_epoch_start"
	  ],
	  "on_batch_start": [
	    "_hook_on_batch_start_init"
	  ],
	  "on_batch_forward": [
	    "_hook_on_batch_forward"
	  ],
	  "on_batch_end": [
	    "_hook_on_batch_end"
	  ],
	  "on_fit_end": [
	    "_hook_on_fit_end"
	  ]
	}
2023-02-17 19:09:47,962 (server:804) INFO: ----------- Starting training (Round #0) -------------
2023-02-17 19:09:51,721 (client:306) INFO: {'Role': 'Client #6', 'Round': 0, 'Results_raw': {'train_total': 8, 'train_avg_loss': 1.575702, 'train_correct': 6.0, 'train_acc': 0.75, 'train_f1': 0.285714, 'train_loss': 12.605619}}
2023-02-17 19:09:53,216 (client:306) INFO: {'Role': 'Client #5', 'Round': 0, 'Results_raw': {'train_total': 96, 'train_avg_loss': 0.8858, 'train_correct': 80.0, 'train_acc': 0.833333, 'train_f1': 0.113636, 'train_loss': 85.036776}}
2023-02-17 19:10:00,627 (client:306) INFO: {'Role': 'Client #8', 'Round': 0, 'Results_raw': {'train_total': 896, 'train_avg_loss': 0.449016, 'train_correct': 782.0, 'train_acc': 0.872768, 'train_f1': 0.11743, 'train_loss': 402.318446}}
2023-02-17 19:10:02,661 (client:306) INFO: {'Role': 'Client #2', 'Round': 0, 'Results_raw': {'train_total': 176, 'train_avg_loss': 0.554909, 'train_correct': 160.0, 'train_acc': 0.909091, 'train_f1': 0.079365, 'train_loss': 97.663909}}
2023-02-17 19:10:12,146 (client:306) INFO: {'Role': 'Client #4', 'Round': 0, 'Results_raw': {'train_total': 1116, 'train_avg_loss': 0.120758, 'train_correct': 1096.0, 'train_acc': 0.982079, 'train_f1': 0.12387, 'train_loss': 134.765459}}
2023-02-17 19:10:14,157 (client:306) INFO: {'Role': 'Client #7', 'Round': 0, 'Results_raw': {'train_total': 176, 'train_avg_loss': 0.549652, 'train_correct': 160.0, 'train_acc': 0.909091, 'train_f1': 0.095238, 'train_loss': 96.73875}}
2023-02-17 19:10:19,020 (client:306) INFO: {'Role': 'Client #9', 'Round': 0, 'Results_raw': {'train_total': 556, 'train_avg_loss': 0.17731, 'train_correct': 540.0, 'train_acc': 0.971223, 'train_f1': 0.109489, 'train_loss': 98.584515}}
2023-02-17 19:10:22,023 (client:306) INFO: {'Role': 'Client #1', 'Round': 0, 'Results_raw': {'train_total': 296, 'train_avg_loss': 0.441951, 'train_correct': 276.0, 'train_acc': 0.932432, 'train_f1': 0.137862, 'train_loss': 130.817454}}
2023-02-17 19:10:22,802 (client:306) INFO: {'Role': 'Client #3', 'Round': 0, 'Results_raw': {'train_total': 4, 'train_avg_loss': 1.570795, 'train_correct': 3.0, 'train_acc': 0.75, 'train_f1': 0.428571, 'train_loss': 6.28318}}
2023-02-17 19:10:25,348 (client:306) INFO: {'Role': 'Client #10', 'Round': 0, 'Results_raw': {'train_total': 184, 'train_avg_loss': 1.169459, 'train_correct': 130.0, 'train_acc': 0.706522, 'train_f1': 0.106861, 'train_loss': 215.180399}}
2023-02-17 19:10:25,784 (monitor:541) INFO: {'Role': 'Server #', 'Round': 0, 'Results_model_metric': {}}
2023-02-17 19:10:25,817 (server:330) INFO: Server: Starting evaluation at the end of round 0.
2023-02-17 19:10:25,909 (server:336) INFO: ----------- Starting a new training round (Round #1) -------------
2023-02-17 19:10:27,410 (context:294) WARNING: No val_data or val_loader in the trainer, will skip evaluation.If this is not the case you want, please check whether there is typo for the name
2023-02-17 19:10:27,899 (context:294) WARNING: No val_data or val_loader in the trainer, will skip evaluation.If this is not the case you want, please check whether there is typo for the name
2023-02-17 19:10:28,255 (context:294) WARNING: No val_data or val_loader in the trainer, will skip evaluation.If this is not the case you want, please check whether there is typo for the name
2023-02-17 19:10:29,085 (context:294) WARNING: No val_data or val_loader in the trainer, will skip evaluation.If this is not the case you want, please check whether there is typo for the name
2023-02-17 19:10:29,483 (context:294) WARNING: No val_data or val_loader in the trainer, will skip evaluation.If this is not the case you want, please check whether there is typo for the name
2023-02-17 19:10:29,921 (context:294) WARNING: No val_data or val_loader in the trainer, will skip evaluation.If this is not the case you want, please check whether there is typo for the name
2023-02-17 19:10:30,479 (context:294) WARNING: No val_data or val_loader in the trainer, will skip evaluation.If this is not the case you want, please check whether there is typo for the name
2023-02-17 19:10:30,850 (context:294) WARNING: No val_data or val_loader in the trainer, will skip evaluation.If this is not the case you want, please check whether there is typo for the name
2023-02-17 19:10:31,205 (context:294) WARNING: No val_data or val_loader in the trainer, will skip evaluation.If this is not the case you want, please check whether there is typo for the name
2023-02-17 19:10:31,607 (context:294) WARNING: No val_data or val_loader in the trainer, will skip evaluation.If this is not the case you want, please check whether there is typo for the name
2023-02-17 19:10:31,617 (server:590) INFO: {'Role': 'Server #', 'Round': 0, 'Results_weighted_avg': {'test_total': 22.0, 'test_avg_loss': 1.471472, 'test_correct': 12.2, 'test_acc': 0.554545, 'test_f1': 0.549277, 'test_loss': 84.776325}, 'Results_avg': {'test_total': 22.0, 'test_avg_loss': 1.88975, 'test_correct': 12.2, 'test_acc': 0.1775, 'test_f1': 0.149234, 'test_loss': 32.372386}, 'Results_fairness': {'test_total': 22.0, 'test_correct': 12.2, 'test_avg_loss_std': 0.345838, 'test_avg_loss_bottom_decile': 1.686277, 'test_avg_loss_top_decile': 2.200307, 'test_avg_loss_min': 0.972564, 'test_avg_loss_max': 2.200307, 'test_avg_loss_bottom10%': 0.972564, 'test_avg_loss_top10%': 2.200307, 'test_avg_loss_cos1': 0.983663, 'test_avg_loss_entropy': 2.283417, 'test_acc_std': 0.302445, 'test_acc_bottom_decile': 0.0, 'test_acc_top_decile': 1.0, 'test_acc_min': 0.0, 'test_acc_max': 1.0, 'test_acc_bottom10%': 0.0, 'test_acc_top10%': 1.0, 'test_acc_cos1': 0.506154, 'test_acc_entropy': 1.155043, 'test_f1_std': 0.295092, 'test_f1_bottom_decile': 0.0, 'test_f1_top_decile': 1.0, 'test_f1_min': 0.0, 'test_f1_max': 1.0, 'test_f1_bottom10%': 0.0, 'test_f1_top10%': 1.0, 'test_f1_cos1': 0.451292, 'test_f1_entropy': 0.995454, 'test_loss_std': 36.298948, 'test_loss_bottom_decile': 4.240177, 'test_loss_top_decile': 114.762519, 'test_loss_min': 1.865391, 'test_loss_max': 114.762519, 'test_loss_bottom10%': 1.865391, 'test_loss_top10%': 114.762519, 'test_loss_cos1': 0.665588, 'test_loss_entropy': 1.732252}}
2023-02-17 19:10:34,800 (client:306) INFO: {'Role': 'Client #1', 'Round': 1, 'Results_raw': {'train_total': 296, 'train_avg_loss': 0.186966, 'train_correct': 277.0, 'train_acc': 0.935811, 'train_f1': 0.322844, 'train_loss': 55.341792}}
2023-02-17 19:10:37,161 (client:306) INFO: {'Role': 'Client #2', 'Round': 1, 'Results_raw': {'train_total': 176, 'train_avg_loss': 0.044639, 'train_correct': 176.0, 'train_acc': 1.0, 'train_f1': 1.0, 'train_loss': 7.856549}}
2023-02-17 19:10:39,084 (client:306) INFO: {'Role': 'Client #5', 'Round': 1, 'Results_raw': {'train_total': 96, 'train_avg_loss': 0.319151, 'train_correct': 80.0, 'train_acc': 0.833333, 'train_f1': 0.454545, 'train_loss': 30.638518}}
2023-02-17 19:10:39,889 (client:306) INFO: {'Role': 'Client #6', 'Round': 1, 'Results_raw': {'train_total': 8, 'train_avg_loss': 0.459673, 'train_correct': 6.0, 'train_acc': 0.75, 'train_f1': 0.428571, 'train_loss': 3.677382}}
2023-02-17 19:10:42,177 (client:306) INFO: {'Role': 'Client #7', 'Round': 1, 'Results_raw': {'train_total': 176, 'train_avg_loss': 0.045152, 'train_correct': 176.0, 'train_acc': 1.0, 'train_f1': 1.0, 'train_loss': 7.94684}}
2023-02-17 19:10:48,186 (client:306) INFO: {'Role': 'Client #9', 'Round': 1, 'Results_raw': {'train_total': 556, 'train_avg_loss': 0.014687, 'train_correct': 556.0, 'train_acc': 1.0, 'train_f1': 1.0, 'train_loss': 8.165697}}
2023-02-17 19:11:02,776 (client:306) INFO: {'Role': 'Client #4', 'Round': 1, 'Results_raw': {'train_total': 1116, 'train_avg_loss': 0.048696, 'train_correct': 1096.0, 'train_acc': 0.982079, 'train_f1': 0.330319, 'train_loss': 54.344365}}
2023-02-17 19:11:11,217 (client:306) INFO: {'Role': 'Client #8', 'Round': 1, 'Results_raw': {'train_total': 896, 'train_avg_loss': 0.291697, 'train_correct': 807.0, 'train_acc': 0.90067, 'train_f1': 0.657444, 'train_loss': 261.360754}}
2023-02-17 19:11:13,411 (client:306) INFO: {'Role': 'Client #10', 'Round': 1, 'Results_raw': {'train_total': 184, 'train_avg_loss': 0.647458, 'train_correct': 145.0, 'train_acc': 0.788043, 'train_f1': 0.460826, 'train_loss': 119.132225}}
2023-02-17 19:11:14,200 (client:306) INFO: {'Role': 'Client #3', 'Round': 1, 'Results_raw': {'train_total': 4, 'train_avg_loss': 0.380626, 'train_correct': 3.0, 'train_acc': 0.75, 'train_f1': 0.428571, 'train_loss': 1.522504}}
2023-02-17 19:11:14,593 (monitor:541) INFO: {'Role': 'Server #', 'Round': 1, 'Results_model_metric': {}}
2023-02-17 19:11:14,627 (server:330) INFO: Server: Starting evaluation at the end of round 1.
2023-02-17 19:11:14,708 (server:336) INFO: ----------- Starting a new training round (Round #2) -------------
2023-02-17 19:11:15,974 (context:294) WARNING: No val_data or val_loader in the trainer, will skip evaluation.If this is not the case you want, please check whether there is typo for the name
2023-02-17 19:11:16,441 (context:294) WARNING: No val_data or val_loader in the trainer, will skip evaluation.If this is not the case you want, please check whether there is typo for the name
2023-02-17 19:11:16,800 (context:294) WARNING: No val_data or val_loader in the trainer, will skip evaluation.If this is not the case you want, please check whether there is typo for the name
2023-02-17 19:11:17,437 (context:294) WARNING: No val_data or val_loader in the trainer, will skip evaluation.If this is not the case you want, please check whether there is typo for the name
2023-02-17 19:11:17,790 (context:294) WARNING: No val_data or val_loader in the trainer, will skip evaluation.If this is not the case you want, please check whether there is typo for the name
2023-02-17 19:11:18,200 (context:294) WARNING: No val_data or val_loader in the trainer, will skip evaluation.If this is not the case you want, please check whether there is typo for the name
2023-02-17 19:11:18,692 (context:294) WARNING: No val_data or val_loader in the trainer, will skip evaluation.If this is not the case you want, please check whether there is typo for the name
2023-02-17 19:11:19,053 (context:294) WARNING: No val_data or val_loader in the trainer, will skip evaluation.If this is not the case you want, please check whether there is typo for the name
2023-02-17 19:11:19,393 (context:294) WARNING: No val_data or val_loader in the trainer, will skip evaluation.If this is not the case you want, please check whether there is typo for the name
2023-02-17 19:11:19,749 (context:294) WARNING: No val_data or val_loader in the trainer, will skip evaluation.If this is not the case you want, please check whether there is typo for the name
2023-02-17 19:11:19,751 (server:590) INFO: {'Role': 'Server #', 'Round': 1, 'Results_weighted_avg': {'test_total': 22.0, 'test_avg_loss': 0.774883, 'test_correct': 16.4, 'test_acc': 0.745455, 'test_f1': 0.681766, 'test_loss': 39.078823}, 'Results_avg': {'test_total': 22.0, 'test_avg_loss': 1.103865, 'test_correct': 16.4, 'test_acc': 0.458485, 'test_f1': 0.384839, 'test_loss': 17.047417}, 'Results_fairness': {'test_total': 22.0, 'test_correct': 16.4, 'test_avg_loss_std': 0.269198, 'test_avg_loss_bottom_decile': 0.915285, 'test_avg_loss_top_decile': 1.368295, 'test_avg_loss_min': 0.405213, 'test_avg_loss_max': 1.368295, 'test_avg_loss_bottom10%': 0.405213, 'test_avg_loss_top10%': 1.368295, 'test_avg_loss_cos1': 0.971528, 'test_avg_loss_entropy': 2.266791, 'test_acc_std': 0.293114, 'test_acc_bottom_decile': 0.0, 'test_acc_top_decile': 1.0, 'test_acc_min': 0.0, 'test_acc_max': 1.0, 'test_acc_bottom10%': 0.0, 'test_acc_top10%': 1.0, 'test_acc_cos1': 0.842536, 'test_acc_entropy': 2.018047, 'test_f1_std': 0.284437, 'test_f1_bottom_decile': 0.0, 'test_f1_top_decile': 1.0, 'test_f1_min': 0.0, 'test_f1_max': 1.0, 'test_f1_bottom10%': 0.0, 'test_f1_top10%': 1.0, 'test_f1_cos1': 0.804185, 'test_f1_entropy': 1.974003, 'test_loss_std': 17.046379, 'test_loss_bottom_decile': 2.553104, 'test_loss_top_decile': 47.815079, 'test_loss_min': 1.109667, 'test_loss_max': 47.815079, 'test_loss_bottom10%': 1.109667, 'test_loss_top10%': 47.815079, 'test_loss_cos1': 0.707128, 'test_loss_entropy': 1.808076}}
2023-02-17 19:11:20,156 (client:306) INFO: {'Role': 'Client #6', 'Round': 2, 'Results_raw': {'train_total': 8, 'train_avg_loss': 0.203488, 'train_correct': 8.0, 'train_acc': 1.0, 'train_f1': 1.0, 'train_loss': 1.627904}}
2023-02-17 19:11:22,349 (client:306) INFO: {'Role': 'Client #10', 'Round': 2, 'Results_raw': {'train_total': 184, 'train_avg_loss': 0.628851, 'train_correct': 146.0, 'train_acc': 0.793478, 'train_f1': 0.440507, 'train_loss': 115.708542}}
2023-02-17 19:11:23,137 (client:306) INFO: {'Role': 'Client #3', 'Round': 2, 'Results_raw': {'train_total': 4, 'train_avg_loss': 0.216729, 'train_correct': 4.0, 'train_acc': 1.0, 'train_f1': 1.0, 'train_loss': 0.866915}}
2023-02-17 19:11:25,190 (client:306) INFO: {'Role': 'Client #2', 'Round': 2, 'Results_raw': {'train_total': 176, 'train_avg_loss': 0.042743, 'train_correct': 176.0, 'train_acc': 1.0, 'train_f1': 1.0, 'train_loss': 7.52281}}
2023-02-17 19:11:34,749 (client:306) INFO: {'Role': 'Client #4', 'Round': 2, 'Results_raw': {'train_total': 1116, 'train_avg_loss': 0.032715, 'train_correct': 1105.0, 'train_acc': 0.990143, 'train_f1': 0.331682, 'train_loss': 36.509874}}
2023-02-17 19:11:39,757 (client:306) INFO: {'Role': 'Client #9', 'Round': 2, 'Results_raw': {'train_total': 556, 'train_avg_loss': 0.016583, 'train_correct': 555.0, 'train_acc': 0.998201, 'train_f1': 0.49955, 'train_loss': 9.220042}}
2023-02-17 19:11:41,832 (client:306) INFO: {'Role': 'Client #7', 'Round': 2, 'Results_raw': {'train_total': 176, 'train_avg_loss': 0.037245, 'train_correct': 176.0, 'train_acc': 1.0, 'train_f1': 1.0, 'train_loss': 6.555092}}
2023-02-17 19:11:43,353 (client:306) INFO: {'Role': 'Client #5', 'Round': 2, 'Results_raw': {'train_total': 96, 'train_avg_loss': 0.210409, 'train_correct': 86.0, 'train_acc': 0.895833, 'train_f1': 0.472527, 'train_loss': 20.199219}}
2023-02-17 19:11:46,418 (client:306) INFO: {'Role': 'Client #1', 'Round': 2, 'Results_raw': {'train_total': 296, 'train_avg_loss': 0.152283, 'train_correct': 278.0, 'train_acc': 0.939189, 'train_f1': 0.32288, 'train_loss': 45.075809}}
2023-02-17 19:11:53,889 (client:306) INFO: {'Role': 'Client #8', 'Round': 2, 'Results_raw': {'train_total': 896, 'train_avg_loss': 0.286616, 'train_correct': 818.0, 'train_acc': 0.912946, 'train_f1': 0.712764, 'train_loss': 256.808187}}
2023-02-17 19:11:54,287 (monitor:541) INFO: {'Role': 'Server #', 'Round': 2, 'Results_model_metric': {}}
2023-02-17 19:11:54,322 (server:330) INFO: Server: Starting evaluation at the end of round 2.
2023-02-17 19:11:54,402 (server:336) INFO: ----------- Starting a new training round (Round #3) -------------
2023-02-17 19:11:55,671 (context:294) WARNING: No val_data or val_loader in the trainer, will skip evaluation.If this is not the case you want, please check whether there is typo for the name
2023-02-17 19:11:56,134 (context:294) WARNING: No val_data or val_loader in the trainer, will skip evaluation.If this is not the case you want, please check whether there is typo for the name
2023-02-17 19:11:56,484 (context:294) WARNING: No val_data or val_loader in the trainer, will skip evaluation.If this is not the case you want, please check whether there is typo for the name
2023-02-17 19:11:57,114 (context:294) WARNING: No val_data or val_loader in the trainer, will skip evaluation.If this is not the case you want, please check whether there is typo for the name
2023-02-17 19:11:57,466 (context:294) WARNING: No val_data or val_loader in the trainer, will skip evaluation.If this is not the case you want, please check whether there is typo for the name
2023-02-17 19:11:57,881 (context:294) WARNING: No val_data or val_loader in the trainer, will skip evaluation.If this is not the case you want, please check whether there is typo for the name
2023-02-17 19:11:58,377 (context:294) WARNING: No val_data or val_loader in the trainer, will skip evaluation.If this is not the case you want, please check whether there is typo for the name
2023-02-17 19:11:58,736 (context:294) WARNING: No val_data or val_loader in the trainer, will skip evaluation.If this is not the case you want, please check whether there is typo for the name
2023-02-17 19:11:59,077 (context:294) WARNING: No val_data or val_loader in the trainer, will skip evaluation.If this is not the case you want, please check whether there is typo for the name
2023-02-17 19:11:59,442 (context:294) WARNING: No val_data or val_loader in the trainer, will skip evaluation.If this is not the case you want, please check whether there is typo for the name
2023-02-17 19:11:59,443 (server:590) INFO: {'Role': 'Server #', 'Round': 2, 'Results_weighted_avg': {'test_total': 22.0, 'test_avg_loss': 0.751901, 'test_correct': 14.8, 'test_acc': 0.672727, 'test_f1': 0.63277, 'test_loss': 31.693496}, 'Results_avg': {'test_total': 22.0, 'test_avg_loss': 1.089906, 'test_correct': 14.8, 'test_acc': 0.409318, 'test_f1': 0.363418, 'test_loss': 16.541819}, 'Results_fairness': {'test_total': 22.0, 'test_correct': 14.8, 'test_avg_loss_std': 0.4362, 'test_avg_loss_bottom_decile': 0.558924, 'test_avg_loss_top_decile': 1.667301, 'test_avg_loss_min': 0.261304, 'test_avg_loss_max': 1.667301, 'test_avg_loss_bottom10%': 0.261304, 'test_avg_loss_top10%': 1.667301, 'test_avg_loss_cos1': 0.928407, 'test_avg_loss_entropy': 2.208423, 'test_acc_std': 0.344892, 'test_acc_bottom_decile': 0.0, 'test_acc_top_decile': 1.0, 'test_acc_min': 0.0, 'test_acc_max': 1.0, 'test_acc_bottom10%': 0.0, 'test_acc_top10%': 1.0, 'test_acc_cos1': 0.764724, 'test_acc_entropy': 1.906396, 'test_f1_std': 0.364004, 'test_f1_bottom_decile': 0.0, 'test_f1_top_decile': 1.0, 'test_f1_min': 0.0, 'test_f1_max': 1.0, 'test_f1_bottom10%': 0.0, 'test_f1_top10%': 1.0, 'test_f1_cos1': 0.706538, 'test_f1_entropy': 1.791529, 'test_loss_std': 16.384584, 'test_loss_bottom_decile': 1.859481, 'test_loss_top_decile': 53.303286, 'test_loss_min': 0.558924, 'test_loss_max': 53.303286, 'test_loss_bottom10%': 0.558924, 'test_loss_top10%': 53.303286, 'test_loss_cos1': 0.710475, 'test_loss_entropy': 1.813522}}
2023-02-17 19:11:59,845 (client:306) INFO: {'Role': 'Client #6', 'Round': 3, 'Results_raw': {'train_total': 8, 'train_avg_loss': 0.152739, 'train_correct': 8.0, 'train_acc': 1.0, 'train_f1': 1.0, 'train_loss': 1.221916}}
2023-02-17 19:12:01,903 (client:306) INFO: {'Role': 'Client #7', 'Round': 3, 'Results_raw': {'train_total': 176, 'train_avg_loss': 0.027513, 'train_correct': 176.0, 'train_acc': 1.0, 'train_f1': 1.0, 'train_loss': 4.842372}}
2023-02-17 19:12:04,085 (client:306) INFO: {'Role': 'Client #10', 'Round': 3, 'Results_raw': {'train_total': 184, 'train_avg_loss': 0.652119, 'train_correct': 138.0, 'train_acc': 0.75, 'train_f1': 0.442723, 'train_loss': 119.989918}}
2023-02-17 19:12:09,109 (client:306) INFO: {'Role': 'Client #9', 'Round': 3, 'Results_raw': {'train_total': 556, 'train_avg_loss': 0.006599, 'train_correct': 556.0, 'train_acc': 1.0, 'train_f1': 1.0, 'train_loss': 3.668793}}
2023-02-17 19:12:11,173 (client:306) INFO: {'Role': 'Client #2', 'Round': 3, 'Results_raw': {'train_total': 176, 'train_avg_loss': 0.028923, 'train_correct': 176.0, 'train_acc': 1.0, 'train_f1': 1.0, 'train_loss': 5.090412}}
2023-02-17 19:12:12,686 (client:306) INFO: {'Role': 'Client #5', 'Round': 3, 'Results_raw': {'train_total': 96, 'train_avg_loss': 0.267456, 'train_correct': 82.0, 'train_acc': 0.854167, 'train_f1': 0.307116, 'train_loss': 25.675755}}
2023-02-17 19:12:22,291 (client:306) INFO: {'Role': 'Client #4', 'Round': 3, 'Results_raw': {'train_total': 1116, 'train_avg_loss': 0.032909, 'train_correct': 1099.0, 'train_acc': 0.984767, 'train_f1': 0.330775, 'train_loss': 36.726013}}
2023-02-17 19:12:25,337 (client:306) INFO: {'Role': 'Client #1', 'Round': 3, 'Results_raw': {'train_total': 296, 'train_avg_loss': 0.149578, 'train_correct': 282.0, 'train_acc': 0.952703, 'train_f1': 0.32526, 'train_loss': 44.275107}}
2023-02-17 19:12:26,121 (client:306) INFO: {'Role': 'Client #3', 'Round': 3, 'Results_raw': {'train_total': 4, 'train_avg_loss': 0.197872, 'train_correct': 4.0, 'train_acc': 1.0, 'train_f1': 1.0, 'train_loss': 0.79149}}
2023-02-17 19:12:33,635 (client:306) INFO: {'Role': 'Client #8', 'Round': 3, 'Results_raw': {'train_total': 896, 'train_avg_loss': 0.25858, 'train_correct': 824.0, 'train_acc': 0.919643, 'train_f1': 0.701416, 'train_loss': 231.68802}}
2023-02-17 19:12:34,028 (monitor:541) INFO: {'Role': 'Server #', 'Round': 3, 'Results_model_metric': {}}
2023-02-17 19:12:34,063 (server:330) INFO: Server: Starting evaluation at the end of round 3.
2023-02-17 19:12:34,146 (server:336) INFO: ----------- Starting a new training round (Round #4) -------------
2023-02-17 19:12:35,411 (context:294) WARNING: No val_data or val_loader in the trainer, will skip evaluation.If this is not the case you want, please check whether there is typo for the name
2023-02-17 19:12:35,875 (context:294) WARNING: No val_data or val_loader in the trainer, will skip evaluation.If this is not the case you want, please check whether there is typo for the name
2023-02-17 19:12:36,227 (context:294) WARNING: No val_data or val_loader in the trainer, will skip evaluation.If this is not the case you want, please check whether there is typo for the name
2023-02-17 19:12:36,861 (context:294) WARNING: No val_data or val_loader in the trainer, will skip evaluation.If this is not the case you want, please check whether there is typo for the name
2023-02-17 19:12:37,222 (context:294) WARNING: No val_data or val_loader in the trainer, will skip evaluation.If this is not the case you want, please check whether there is typo for the name
2023-02-17 19:12:37,639 (context:294) WARNING: No val_data or val_loader in the trainer, will skip evaluation.If this is not the case you want, please check whether there is typo for the name
2023-02-17 19:12:38,142 (context:294) WARNING: No val_data or val_loader in the trainer, will skip evaluation.If this is not the case you want, please check whether there is typo for the name
2023-02-17 19:12:38,505 (context:294) WARNING: No val_data or val_loader in the trainer, will skip evaluation.If this is not the case you want, please check whether there is typo for the name
2023-02-17 19:12:38,851 (context:294) WARNING: No val_data or val_loader in the trainer, will skip evaluation.If this is not the case you want, please check whether there is typo for the name
2023-02-17 19:12:39,218 (context:294) WARNING: No val_data or val_loader in the trainer, will skip evaluation.If this is not the case you want, please check whether there is typo for the name
2023-02-17 19:12:39,219 (server:590) INFO: {'Role': 'Server #', 'Round': 3, 'Results_weighted_avg': {'test_total': 22.0, 'test_avg_loss': 0.752145, 'test_correct': 14.7, 'test_acc': 0.668182, 'test_f1': 0.635526, 'test_loss': 29.349382}, 'Results_avg': {'test_total': 22.0, 'test_avg_loss': 1.118751, 'test_correct': 14.7, 'test_acc': 0.447652, 'test_f1': 0.408026, 'test_loss': 16.547192}, 'Results_fairness': {'test_total': 22.0, 'test_correct': 14.7, 'test_avg_loss_std': 0.515064, 'test_avg_loss_bottom_decile': 0.58013, 'test_avg_loss_top_decile': 1.938404, 'test_avg_loss_min': 0.206962, 'test_avg_loss_max': 1.938404, 'test_avg_loss_bottom10%': 0.206962, 'test_avg_loss_top10%': 1.938404, 'test_avg_loss_cos1': 0.908355, 'test_avg_loss_entropy': 2.181058, 'test_acc_std': 0.34915, 'test_acc_bottom_decile': 0.0, 'test_acc_top_decile': 1.0, 'test_acc_min': 0.0, 'test_acc_max': 1.0, 'test_acc_bottom10%': 0.0, 'test_acc_top10%': 1.0, 'test_acc_cos1': 0.788518, 'test_acc_entropy': 1.936524, 'test_f1_std': 0.360221, 'test_f1_bottom_decile': 0.0, 'test_f1_top_decile': 1.0, 'test_f1_min': 0.0, 'test_f1_max': 1.0, 'test_f1_bottom10%': 0.0, 'test_f1_top10%': 1.0, 'test_f1_cos1': 0.749658, 'test_f1_entropy': 1.86208, 'test_loss_std': 17.366411, 'test_loss_bottom_decile': 1.74039, 'test_loss_top_decile': 59.481882, 'test_loss_min': 0.63208, 'test_loss_max': 59.481882, 'test_loss_bottom10%': 0.63208, 'test_loss_top10%': 59.481882, 'test_loss_cos1': 0.689825, 'test_loss_entropy': 1.789086}}
2023-02-17 19:12:46,312 (client:306) INFO: {'Role': 'Client #8', 'Round': 4, 'Results_raw': {'train_total': 896, 'train_avg_loss': 0.215313, 'train_correct': 829.0, 'train_acc': 0.925223, 'train_f1': 0.731635, 'train_loss': 192.920189}}
2023-02-17 19:12:48,364 (client:306) INFO: {'Role': 'Client #2', 'Round': 4, 'Results_raw': {'train_total': 176, 'train_avg_loss': 0.02108, 'train_correct': 176.0, 'train_acc': 1.0, 'train_f1': 1.0, 'train_loss': 3.710159}}
2023-02-17 19:12:50,420 (client:306) INFO: {'Role': 'Client #7', 'Round': 4, 'Results_raw': {'train_total': 176, 'train_avg_loss': 0.018586, 'train_correct': 176.0, 'train_acc': 1.0, 'train_f1': 1.0, 'train_loss': 3.271218}}
2023-02-17 19:13:00,032 (client:306) INFO: {'Role': 'Client #4', 'Round': 4, 'Results_raw': {'train_total': 1116, 'train_avg_loss': 0.02854, 'train_correct': 1101.0, 'train_acc': 0.986559, 'train_f1': 0.397743, 'train_loss': 31.850186}}
2023-02-17 19:13:00,836 (client:306) INFO: {'Role': 'Client #6', 'Round': 4, 'Results_raw': {'train_total': 8, 'train_avg_loss': 0.121693, 'train_correct': 8.0, 'train_acc': 1.0, 'train_f1': 1.0, 'train_loss': 0.973548}}
2023-02-17 19:13:03,910 (client:306) INFO: {'Role': 'Client #1', 'Round': 4, 'Results_raw': {'train_total': 296, 'train_avg_loss': 0.121255, 'train_correct': 284.0, 'train_acc': 0.959459, 'train_f1': 0.459746, 'train_loss': 35.891446}}
2023-02-17 19:13:06,116 (client:306) INFO: {'Role': 'Client #10', 'Round': 4, 'Results_raw': {'train_total': 184, 'train_avg_loss': 0.54991, 'train_correct': 147.0, 'train_acc': 0.798913, 'train_f1': 0.489866, 'train_loss': 101.183451}}
2023-02-17 19:13:06,900 (client:306) INFO: {'Role': 'Client #3', 'Round': 4, 'Results_raw': {'train_total': 4, 'train_avg_loss': 0.213837, 'train_correct': 4.0, 'train_acc': 1.0, 'train_f1': 1.0, 'train_loss': 0.855347}}
2023-02-17 19:13:11,872 (client:306) INFO: {'Role': 'Client #9', 'Round': 4, 'Results_raw': {'train_total': 556, 'train_avg_loss': 0.006157, 'train_correct': 556.0, 'train_acc': 1.0, 'train_f1': 1.0, 'train_loss': 3.423037}}
2023-02-17 19:13:13,387 (client:306) INFO: {'Role': 'Client #5', 'Round': 4, 'Results_raw': {'train_total': 96, 'train_avg_loss': 0.244559, 'train_correct': 83.0, 'train_acc': 0.864583, 'train_f1': 0.309125, 'train_loss': 23.477698}}
2023-02-17 19:13:13,786 (monitor:541) INFO: {'Role': 'Server #', 'Round': 4, 'Results_model_metric': {}}
2023-02-17 19:13:13,821 (server:330) INFO: Server: Starting evaluation at the end of round 4.
2023-02-17 19:13:13,905 (server:336) INFO: ----------- Starting a new training round (Round #5) -------------
2023-02-17 19:13:15,171 (context:294) WARNING: No val_data or val_loader in the trainer, will skip evaluation.If this is not the case you want, please check whether there is typo for the name
2023-02-17 19:13:15,630 (context:294) WARNING: No val_data or val_loader in the trainer, will skip evaluation.If this is not the case you want, please check whether there is typo for the name
2023-02-17 19:13:15,984 (context:294) WARNING: No val_data or val_loader in the trainer, will skip evaluation.If this is not the case you want, please check whether there is typo for the name
2023-02-17 19:13:16,626 (context:294) WARNING: No val_data or val_loader in the trainer, will skip evaluation.If this is not the case you want, please check whether there is typo for the name
2023-02-17 19:13:16,979 (context:294) WARNING: No val_data or val_loader in the trainer, will skip evaluation.If this is not the case you want, please check whether there is typo for the name
2023-02-17 19:13:17,394 (context:294) WARNING: No val_data or val_loader in the trainer, will skip evaluation.If this is not the case you want, please check whether there is typo for the name
2023-02-17 19:13:17,891 (context:294) WARNING: No val_data or val_loader in the trainer, will skip evaluation.If this is not the case you want, please check whether there is typo for the name
2023-02-17 19:13:18,258 (context:294) WARNING: No val_data or val_loader in the trainer, will skip evaluation.If this is not the case you want, please check whether there is typo for the name
2023-02-17 19:13:18,605 (context:294) WARNING: No val_data or val_loader in the trainer, will skip evaluation.If this is not the case you want, please check whether there is typo for the name
2023-02-17 19:13:18,974 (context:294) WARNING: No val_data or val_loader in the trainer, will skip evaluation.If this is not the case you want, please check whether there is typo for the name
2023-02-17 19:13:18,976 (server:590) INFO: {'Role': 'Server #', 'Round': 4, 'Results_weighted_avg': {'test_total': 22.0, 'test_avg_loss': 0.616636, 'test_correct': 16.6, 'test_acc': 0.754545, 'test_f1': 0.420335, 'test_loss': 36.509319}, 'Results_avg': {'test_total': 22.0, 'test_avg_loss': 0.796797, 'test_correct': 16.6, 'test_acc': 0.55315, 'test_f1': 0.369913, 'test_loss': 13.565992}, 'Results_fairness': {'test_total': 22.0, 'test_correct': 16.6, 'test_avg_loss_std': 0.184538, 'test_avg_loss_bottom_decile': 0.687379, 'test_avg_loss_top_decile': 1.149161, 'test_avg_loss_min': 0.434579, 'test_avg_loss_max': 1.149161, 'test_avg_loss_bottom10%': 0.434579, 'test_avg_loss_top10%': 1.149161, 'test_avg_loss_cos1': 0.974214, 'test_avg_loss_entropy': 2.27501, 'test_acc_std': 0.240349, 'test_acc_bottom_decile': 0.333333, 'test_acc_top_decile': 0.889831, 'test_acc_min': 0.0, 'test_acc_max': 0.889831, 'test_acc_bottom10%': 0.0, 'test_acc_top10%': 0.889831, 'test_acc_cos1': 0.917161, 'test_acc_entropy': 2.161372, 'test_f1_std': 0.174654, 'test_f1_bottom_decile': 0.222222, 'test_f1_top_decile': 0.666667, 'test_f1_min': 0.0, 'test_f1_max': 0.666667, 'test_f1_bottom10%': 0.0, 'test_f1_top10%': 0.666667, 'test_f1_cos1': 0.904274, 'test_f1_entropy': 2.147979, 'test_loss_std': 15.479149, 'test_loss_bottom_decile': 1.464773, 'test_loss_top_decile': 51.2803, 'test_loss_min': 0.903101, 'test_loss_max': 51.2803, 'test_loss_bottom10%': 0.903101, 'test_loss_top10%': 51.2803, 'test_loss_cos1': 0.659103, 'test_loss_entropy': 1.726521}}
2023-02-17 19:13:20,653 (client:306) INFO: {'Role': 'Client #2', 'Round': 5, 'Results_raw': {'train_total': 176, 'train_avg_loss': 0.042039, 'train_correct': 173.0, 'train_acc': 0.982955, 'train_f1': 0.495702, 'train_loss': 7.398927}}
2023-02-17 19:13:22,877 (client:306) INFO: {'Role': 'Client #10', 'Round': 5, 'Results_raw': {'train_total': 184, 'train_avg_loss': 0.559024, 'train_correct': 155.0, 'train_acc': 0.842391, 'train_f1': 0.494722, 'train_loss': 102.86046}}
2023-02-17 19:13:30,388 (client:306) INFO: {'Role': 'Client #8', 'Round': 5, 'Results_raw': {'train_total': 896, 'train_avg_loss': 0.19545, 'train_correct': 832.0, 'train_acc': 0.928571, 'train_f1': 0.75836, 'train_loss': 175.123329}}
2023-02-17 19:13:32,457 (client:306) INFO: {'Role': 'Client #7', 'Round': 5, 'Results_raw': {'train_total': 176, 'train_avg_loss': 0.048779, 'train_correct': 173.0, 'train_acc': 0.982955, 'train_f1': 0.495702, 'train_loss': 8.585179}}
2023-02-17 19:13:35,526 (client:306) INFO: {'Role': 'Client #1', 'Round': 5, 'Results_raw': {'train_total': 296, 'train_avg_loss': 0.113238, 'train_correct': 282.0, 'train_acc': 0.952703, 'train_f1': 0.385838, 'train_loss': 33.518363}}
2023-02-17 19:13:45,160 (client:306) INFO: {'Role': 'Client #4', 'Round': 5, 'Results_raw': {'train_total': 1116, 'train_avg_loss': 0.013304, 'train_correct': 1112.0, 'train_acc': 0.996416, 'train_f1': 0.554956, 'train_loss': 14.847021}}
2023-02-17 19:13:45,943 (client:306) INFO: {'Role': 'Client #3', 'Round': 5, 'Results_raw': {'train_total': 4, 'train_avg_loss': 0.048022, 'train_correct': 4.0, 'train_acc': 1.0, 'train_f1': 1.0, 'train_loss': 0.192086}}
2023-02-17 19:13:47,444 (client:306) INFO: {'Role': 'Client #5', 'Round': 5, 'Results_raw': {'train_total': 96, 'train_avg_loss': 0.128253, 'train_correct': 91.0, 'train_acc': 0.947917, 'train_f1': 0.324421, 'train_loss': 12.312249}}
2023-02-17 19:13:48,239 (client:306) INFO: {'Role': 'Client #6', 'Round': 5, 'Results_raw': {'train_total': 8, 'train_avg_loss': 0.123277, 'train_correct': 8.0, 'train_acc': 1.0, 'train_f1': 1.0, 'train_loss': 0.986214}}
2023-02-17 19:13:53,191 (client:306) INFO: {'Role': 'Client #9', 'Round': 5, 'Results_raw': {'train_total': 556, 'train_avg_loss': 0.013405, 'train_correct': 553.0, 'train_acc': 0.994604, 'train_f1': 0.498647, 'train_loss': 7.453277}}
2023-02-17 19:13:53,591 (monitor:541) INFO: {'Role': 'Server #', 'Round': 5, 'Results_model_metric': {}}
2023-02-17 19:13:53,627 (server:330) INFO: Server: Starting evaluation at the end of round 5.
2023-02-17 19:13:53,708 (server:336) INFO: ----------- Starting a new training round (Round #6) -------------
2023-02-17 19:13:54,965 (context:294) WARNING: No val_data or val_loader in the trainer, will skip evaluation.If this is not the case you want, please check whether there is typo for the name
2023-02-17 19:13:55,433 (context:294) WARNING: No val_data or val_loader in the trainer, will skip evaluation.If this is not the case you want, please check whether there is typo for the name
2023-02-17 19:13:55,790 (context:294) WARNING: No val_data or val_loader in the trainer, will skip evaluation.If this is not the case you want, please check whether there is typo for the name
2023-02-17 19:13:56,426 (context:294) WARNING: No val_data or val_loader in the trainer, will skip evaluation.If this is not the case you want, please check whether there is typo for the name
2023-02-17 19:13:56,779 (context:294) WARNING: No val_data or val_loader in the trainer, will skip evaluation.If this is not the case you want, please check whether there is typo for the name
2023-02-17 19:13:57,193 (context:294) WARNING: No val_data or val_loader in the trainer, will skip evaluation.If this is not the case you want, please check whether there is typo for the name
2023-02-17 19:13:57,692 (context:294) WARNING: No val_data or val_loader in the trainer, will skip evaluation.If this is not the case you want, please check whether there is typo for the name
2023-02-17 19:13:58,052 (context:294) WARNING: No val_data or val_loader in the trainer, will skip evaluation.If this is not the case you want, please check whether there is typo for the name
2023-02-17 19:13:58,397 (context:294) WARNING: No val_data or val_loader in the trainer, will skip evaluation.If this is not the case you want, please check whether there is typo for the name
2023-02-17 19:13:58,766 (context:294) WARNING: No val_data or val_loader in the trainer, will skip evaluation.If this is not the case you want, please check whether there is typo for the name
2023-02-17 19:13:58,768 (server:590) INFO: {'Role': 'Server #', 'Round': 5, 'Results_weighted_avg': {'test_total': 22.0, 'test_avg_loss': 0.597555, 'test_correct': 17.3, 'test_acc': 0.786364, 'test_f1': 0.441186, 'test_loss': 30.484196}, 'Results_avg': {'test_total': 22.0, 'test_avg_loss': 0.753121, 'test_correct': 17.3, 'test_acc': 0.706961, 'test_f1': 0.553919, 'test_loss': 13.146215}, 'Results_fairness': {'test_total': 22.0, 'test_correct': 17.3, 'test_avg_loss_std': 0.339931, 'test_avg_loss_bottom_decile': 0.320166, 'test_avg_loss_top_decile': 1.36689, 'test_avg_loss_min': 0.30704, 'test_avg_loss_max': 1.36689, 'test_avg_loss_bottom10%': 0.30704, 'test_avg_loss_top10%': 1.36689, 'test_avg_loss_cos1': 0.911456, 'test_avg_loss_entropy': 2.195245, 'test_acc_std': 0.250664, 'test_acc_bottom_decile': 0.5, 'test_acc_top_decile': 1.0, 'test_acc_min': 0.25, 'test_acc_max': 1.0, 'test_acc_bottom10%': 0.25, 'test_acc_top10%': 1.0, 'test_acc_cos1': 0.942509, 'test_acc_entropy': 2.235342, 'test_f1_std': 0.308612, 'test_f1_bottom_decile': 0.266667, 'test_f1_top_decile': 1.0, 'test_f1_min': 0.2, 'test_f1_max': 1.0, 'test_f1_bottom10%': 0.2, 'test_f1_top10%': 1.0, 'test_f1_cos1': 0.873568, 'test_f1_entropy': 2.1522, 'test_loss_std': 14.045239, 'test_loss_bottom_decile': 0.960497, 'test_loss_top_decile': 40.609601, 'test_loss_min': 0.432245, 'test_loss_max': 40.609601, 'test_loss_bottom10%': 0.432245, 'test_loss_top10%': 40.609601, 'test_loss_cos1': 0.683354, 'test_loss_entropy': 1.739933}}
2023-02-17 19:13:59,167 (client:306) INFO: {'Role': 'Client #3', 'Round': 6, 'Results_raw': {'train_total': 4, 'train_avg_loss': 0.084967, 'train_correct': 4.0, 'train_acc': 1.0, 'train_f1': 1.0, 'train_loss': 0.339869}}
2023-02-17 19:14:08,730 (client:306) INFO: {'Role': 'Client #4', 'Round': 6, 'Results_raw': {'train_total': 1116, 'train_avg_loss': 0.015088, 'train_correct': 1110.0, 'train_acc': 0.994624, 'train_f1': 0.554655, 'train_loss': 16.838527}}
2023-02-17 19:14:10,926 (client:306) INFO: {'Role': 'Client #10', 'Round': 6, 'Results_raw': {'train_total': 184, 'train_avg_loss': 0.514383, 'train_correct': 150.0, 'train_acc': 0.815217, 'train_f1': 0.477871, 'train_loss': 94.64643}}
2023-02-17 19:14:12,434 (client:306) INFO: {'Role': 'Client #5', 'Round': 6, 'Results_raw': {'train_total': 96, 'train_avg_loss': 0.166152, 'train_correct': 92.0, 'train_acc': 0.958333, 'train_f1': 0.326241, 'train_loss': 15.950556}}
2023-02-17 19:14:19,947 (client:306) INFO: {'Role': 'Client #8', 'Round': 6, 'Results_raw': {'train_total': 896, 'train_avg_loss': 0.166596, 'train_correct': 833.0, 'train_acc': 0.929688, 'train_f1': 0.526203, 'train_loss': 149.270122}}
2023-02-17 19:14:24,898 (client:306) INFO: {'Role': 'Client #9', 'Round': 6, 'Results_raw': {'train_total': 556, 'train_avg_loss': 0.012405, 'train_correct': 554.0, 'train_acc': 0.996403, 'train_f1': 0.499099, 'train_loss': 6.897064}}
2023-02-17 19:14:26,966 (client:306) INFO: {'Role': 'Client #2', 'Round': 6, 'Results_raw': {'train_total': 176, 'train_avg_loss': 0.03655, 'train_correct': 176.0, 'train_acc': 1.0, 'train_f1': 1.0, 'train_loss': 6.432799}}
2023-02-17 19:14:30,041 (client:306) INFO: {'Role': 'Client #1', 'Round': 6, 'Results_raw': {'train_total': 296, 'train_avg_loss': 0.110706, 'train_correct': 284.0, 'train_acc': 0.959459, 'train_f1': 0.326437, 'train_loss': 32.768834}}
2023-02-17 19:14:30,852 (client:306) INFO: {'Role': 'Client #6', 'Round': 6, 'Results_raw': {'train_total': 8, 'train_avg_loss': 0.079664, 'train_correct': 8.0, 'train_acc': 1.0, 'train_f1': 1.0, 'train_loss': 0.637313}}
2023-02-17 19:14:32,930 (client:306) INFO: {'Role': 'Client #7', 'Round': 6, 'Results_raw': {'train_total': 176, 'train_avg_loss': 0.040719, 'train_correct': 174.0, 'train_acc': 0.988636, 'train_f1': 0.497143, 'train_loss': 7.166538}}
2023-02-17 19:14:33,334 (monitor:541) INFO: {'Role': 'Server #', 'Round': 6, 'Results_model_metric': {}}
2023-02-17 19:14:33,368 (server:330) INFO: Server: Starting evaluation at the end of round 6.
2023-02-17 19:14:33,449 (server:336) INFO: ----------- Starting a new training round (Round #7) -------------
2023-02-17 19:14:34,714 (context:294) WARNING: No val_data or val_loader in the trainer, will skip evaluation.If this is not the case you want, please check whether there is typo for the name
2023-02-17 19:14:35,178 (context:294) WARNING: No val_data or val_loader in the trainer, will skip evaluation.If this is not the case you want, please check whether there is typo for the name
2023-02-17 19:14:35,530 (context:294) WARNING: No val_data or val_loader in the trainer, will skip evaluation.If this is not the case you want, please check whether there is typo for the name
2023-02-17 19:14:36,168 (context:294) WARNING: No val_data or val_loader in the trainer, will skip evaluation.If this is not the case you want, please check whether there is typo for the name
2023-02-17 19:14:36,525 (context:294) WARNING: No val_data or val_loader in the trainer, will skip evaluation.If this is not the case you want, please check whether there is typo for the name
2023-02-17 19:14:36,938 (context:294) WARNING: No val_data or val_loader in the trainer, will skip evaluation.If this is not the case you want, please check whether there is typo for the name
2023-02-17 19:14:37,453 (context:294) WARNING: No val_data or val_loader in the trainer, will skip evaluation.If this is not the case you want, please check whether there is typo for the name
2023-02-17 19:14:37,813 (context:294) WARNING: No val_data or val_loader in the trainer, will skip evaluation.If this is not the case you want, please check whether there is typo for the name
2023-02-17 19:14:38,157 (context:294) WARNING: No val_data or val_loader in the trainer, will skip evaluation.If this is not the case you want, please check whether there is typo for the name
2023-02-17 19:14:38,519 (context:294) WARNING: No val_data or val_loader in the trainer, will skip evaluation.If this is not the case you want, please check whether there is typo for the name
2023-02-17 19:14:38,520 (server:590) INFO: {'Role': 'Server #', 'Round': 6, 'Results_weighted_avg': {'test_total': 22.0, 'test_avg_loss': 0.599578, 'test_correct': 16.5, 'test_acc': 0.75, 'test_f1': 0.42453, 'test_loss': 29.193986}, 'Results_avg': {'test_total': 22.0, 'test_avg_loss': 0.788859, 'test_correct': 16.5, 'test_acc': 0.604447, 'test_f1': 0.465215, 'test_loss': 13.190712}, 'Results_fairness': {'test_total': 22.0, 'test_correct': 16.5, 'test_avg_loss_std': 0.438482, 'test_avg_loss_bottom_decile': 0.283099, 'test_avg_loss_top_decile': 1.714151, 'test_avg_loss_min': 0.276919, 'test_avg_loss_max': 1.714151, 'test_avg_loss_bottom10%': 0.276919, 'test_avg_loss_top10%': 1.714151, 'test_avg_loss_cos1': 0.87405, 'test_avg_loss_entropy': 2.144575, 'test_acc_std': 0.309169, 'test_acc_bottom_decile': 0.25, 'test_acc_top_decile': 1.0, 'test_acc_min': 0.0, 'test_acc_max': 1.0, 'test_acc_bottom10%': 0.0, 'test_acc_top10%': 1.0, 'test_acc_cos1': 0.890298, 'test_acc_entropy': 2.125975, 'test_f1_std': 0.315573, 'test_f1_bottom_decile': 0.133333, 'test_f1_top_decile': 1.0, 'test_f1_min': 0.0, 'test_f1_max': 1.0, 'test_f1_bottom10%': 0.0, 'test_f1_top10%': 1.0, 'test_f1_cos1': 0.827566, 'test_f1_entropy': 2.042162, 'test_loss_std': 13.659881, 'test_loss_bottom_decile': 0.830756, 'test_loss_top_decile': 41.010113, 'test_loss_min': 0.289525, 'test_loss_max': 41.010113, 'test_loss_bottom10%': 0.289525, 'test_loss_top10%': 41.010113, 'test_loss_cos1': 0.694645, 'test_loss_entropy': 1.7622}}
2023-02-17 19:14:43,038 (client:306) INFO: {'Role': 'Client #9', 'Round': 7, 'Results_raw': {'train_total': 556, 'train_avg_loss': 0.006437, 'train_correct': 556.0, 'train_acc': 1.0, 'train_f1': 1.0, 'train_loss': 3.579144}}
2023-02-17 19:14:43,838 (client:306) INFO: {'Role': 'Client #6', 'Round': 7, 'Results_raw': {'train_total': 8, 'train_avg_loss': 0.063183, 'train_correct': 8.0, 'train_acc': 1.0, 'train_f1': 1.0, 'train_loss': 0.505462}}
2023-02-17 19:14:46,874 (client:306) INFO: {'Role': 'Client #1', 'Round': 7, 'Results_raw': {'train_total': 296, 'train_avg_loss': 0.105361, 'train_correct': 283.0, 'train_acc': 0.956081, 'train_f1': 0.325849, 'train_loss': 31.18699}}
2023-02-17 19:14:48,379 (client:306) INFO: {'Role': 'Client #5', 'Round': 7, 'Results_raw': {'train_total': 96, 'train_avg_loss': 0.209471, 'train_correct': 87.0, 'train_acc': 0.90625, 'train_f1': 0.31694, 'train_loss': 20.109222}}
2023-02-17 19:14:55,805 (client:306) INFO: {'Role': 'Client #8', 'Round': 7, 'Results_raw': {'train_total': 896, 'train_avg_loss': 0.179528, 'train_correct': 832.0, 'train_acc': 0.928571, 'train_f1': 0.510187, 'train_loss': 160.857033}}
2023-02-17 19:14:56,600 (client:306) INFO: {'Role': 'Client #3', 'Round': 7, 'Results_raw': {'train_total': 4, 'train_avg_loss': 0.063434, 'train_correct': 4.0, 'train_acc': 1.0, 'train_f1': 1.0, 'train_loss': 0.253734}}
2023-02-17 19:14:58,675 (client:306) INFO: {'Role': 'Client #2', 'Round': 7, 'Results_raw': {'train_total': 176, 'train_avg_loss': 0.026642, 'train_correct': 176.0, 'train_acc': 1.0, 'train_f1': 1.0, 'train_loss': 4.689013}}
2023-02-17 19:15:00,865 (client:306) INFO: {'Role': 'Client #10', 'Round': 7, 'Results_raw': {'train_total': 184, 'train_avg_loss': 0.581338, 'train_correct': 149.0, 'train_acc': 0.809783, 'train_f1': 0.473333, 'train_loss': 106.966123}}
2023-02-17 19:15:02,916 (client:306) INFO: {'Role': 'Client #7', 'Round': 7, 'Results_raw': {'train_total': 176, 'train_avg_loss': 0.027048, 'train_correct': 176.0, 'train_acc': 1.0, 'train_f1': 1.0, 'train_loss': 4.760457}}
2023-02-17 19:15:12,445 (client:306) INFO: {'Role': 'Client #4', 'Round': 7, 'Results_raw': {'train_total': 1116, 'train_avg_loss': 0.017925, 'train_correct': 1108.0, 'train_acc': 0.992832, 'train_f1': 0.554352, 'train_loss': 20.004586}}
2023-02-17 19:15:12,835 (monitor:541) INFO: {'Role': 'Server #', 'Round': 7, 'Results_model_metric': {}}
2023-02-17 19:15:12,869 (server:330) INFO: Server: Starting evaluation at the end of round 7.
2023-02-17 19:15:12,951 (server:336) INFO: ----------- Starting a new training round (Round #8) -------------
2023-02-17 19:15:14,200 (context:294) WARNING: No val_data or val_loader in the trainer, will skip evaluation.If this is not the case you want, please check whether there is typo for the name
2023-02-17 19:15:14,661 (context:294) WARNING: No val_data or val_loader in the trainer, will skip evaluation.If this is not the case you want, please check whether there is typo for the name
2023-02-17 19:15:15,014 (context:294) WARNING: No val_data or val_loader in the trainer, will skip evaluation.If this is not the case you want, please check whether there is typo for the name
2023-02-17 19:15:15,645 (context:294) WARNING: No val_data or val_loader in the trainer, will skip evaluation.If this is not the case you want, please check whether there is typo for the name
2023-02-17 19:15:15,997 (context:294) WARNING: No val_data or val_loader in the trainer, will skip evaluation.If this is not the case you want, please check whether there is typo for the name
2023-02-17 19:15:16,409 (context:294) WARNING: No val_data or val_loader in the trainer, will skip evaluation.If this is not the case you want, please check whether there is typo for the name
2023-02-17 19:15:16,905 (context:294) WARNING: No val_data or val_loader in the trainer, will skip evaluation.If this is not the case you want, please check whether there is typo for the name
2023-02-17 19:15:17,264 (context:294) WARNING: No val_data or val_loader in the trainer, will skip evaluation.If this is not the case you want, please check whether there is typo for the name
2023-02-17 19:15:17,606 (context:294) WARNING: No val_data or val_loader in the trainer, will skip evaluation.If this is not the case you want, please check whether there is typo for the name
2023-02-17 19:15:17,969 (context:294) WARNING: No val_data or val_loader in the trainer, will skip evaluation.If this is not the case you want, please check whether there is typo for the name
2023-02-17 19:15:17,970 (server:590) INFO: {'Role': 'Server #', 'Round': 7, 'Results_weighted_avg': {'test_total': 22.0, 'test_avg_loss': 0.532422, 'test_correct': 17.4, 'test_acc': 0.790909, 'test_f1': 0.435662, 'test_loss': 26.101615}, 'Results_avg': {'test_total': 22.0, 'test_avg_loss': 0.715215, 'test_correct': 17.4, 'test_acc': 0.676871, 'test_f1': 0.496922, 'test_loss': 11.713289}, 'Results_fairness': {'test_total': 22.0, 'test_correct': 17.4, 'test_avg_loss_std': 0.275583, 'test_avg_loss_bottom_decile': 0.325292, 'test_avg_loss_top_decile': 1.140743, 'test_avg_loss_min': 0.263926, 'test_avg_loss_max': 1.140743, 'test_avg_loss_bottom10%': 0.263926, 'test_avg_loss_top10%': 1.140743, 'test_avg_loss_cos1': 0.933127, 'test_avg_loss_entropy': 2.222567, 'test_acc_std': 0.23817, 'test_acc_bottom_decile': 0.416667, 'test_acc_top_decile': 1.0, 'test_acc_min': 0.25, 'test_acc_max': 1.0, 'test_acc_bottom10%': 0.25, 'test_acc_top10%': 1.0, 'test_acc_cos1': 0.943307, 'test_acc_entropy': 2.236536, 'test_f1_std': 0.275737, 'test_f1_bottom_decile': 0.282051, 'test_f1_top_decile': 1.0, 'test_f1_min': 0.133333, 'test_f1_max': 1.0, 'test_f1_bottom10%': 0.133333, 'test_f1_top10%': 1.0, 'test_f1_cos1': 0.874405, 'test_f1_entropy': 2.157344, 'test_loss_std': 11.575771, 'test_loss_bottom_decile': 0.975875, 'test_loss_top_decile': 31.331028, 'test_loss_min': 0.529528, 'test_loss_max': 31.331028, 'test_loss_bottom10%': 0.529528, 'test_loss_top10%': 31.331028, 'test_loss_cos1': 0.71127, 'test_loss_entropy': 1.793235}}
2023-02-17 19:15:20,615 (client:306) INFO: {'Role': 'Client #1', 'Round': 8, 'Results_raw': {'train_total': 296, 'train_avg_loss': 0.086525, 'train_correct': 286.0, 'train_acc': 0.966216, 'train_f1': 0.422824, 'train_loss': 25.611277}}
2023-02-17 19:15:21,406 (client:306) INFO: {'Role': 'Client #3', 'Round': 8, 'Results_raw': {'train_total': 4, 'train_avg_loss': 0.04695, 'train_correct': 4.0, 'train_acc': 1.0, 'train_f1': 1.0, 'train_loss': 0.187801}}
2023-02-17 19:15:23,593 (client:306) INFO: {'Role': 'Client #10', 'Round': 8, 'Results_raw': {'train_total': 184, 'train_avg_loss': 0.513736, 'train_correct': 147.0, 'train_acc': 0.798913, 'train_f1': 0.460718, 'train_loss': 94.527337}}
2023-02-17 19:15:28,506 (client:306) INFO: {'Role': 'Client #9', 'Round': 8, 'Results_raw': {'train_total': 556, 'train_avg_loss': 0.008134, 'train_correct': 556.0, 'train_acc': 1.0, 'train_f1': 1.0, 'train_loss': 4.522392}}
2023-02-17 19:15:36,002 (client:306) INFO: {'Role': 'Client #8', 'Round': 8, 'Results_raw': {'train_total': 896, 'train_avg_loss': 0.133975, 'train_correct': 857.0, 'train_acc': 0.956473, 'train_f1': 0.565871, 'train_loss': 120.041511}}
2023-02-17 19:15:38,083 (client:306) INFO: {'Role': 'Client #2', 'Round': 8, 'Results_raw': {'train_total': 176, 'train_avg_loss': 0.037811, 'train_correct': 174.0, 'train_acc': 0.988636, 'train_f1': 0.497143, 'train_loss': 6.654729}}
2023-02-17 19:15:40,146 (client:306) INFO: {'Role': 'Client #7', 'Round': 8, 'Results_raw': {'train_total': 176, 'train_avg_loss': 0.028796, 'train_correct': 174.0, 'train_acc': 0.988636, 'train_f1': 0.497143, 'train_loss': 5.06808}}
2023-02-17 19:15:41,637 (client:306) INFO: {'Role': 'Client #5', 'Round': 8, 'Results_raw': {'train_total': 96, 'train_avg_loss': 0.125773, 'train_correct': 91.0, 'train_acc': 0.947917, 'train_f1': 0.324421, 'train_loss': 12.074246}}
2023-02-17 19:15:42,424 (client:306) INFO: {'Role': 'Client #6', 'Round': 8, 'Results_raw': {'train_total': 8, 'train_avg_loss': 0.103257, 'train_correct': 8.0, 'train_acc': 1.0, 'train_f1': 1.0, 'train_loss': 0.826058}}
2023-02-17 19:15:52,099 (client:306) INFO: {'Role': 'Client #4', 'Round': 8, 'Results_raw': {'train_total': 1116, 'train_avg_loss': 0.013199, 'train_correct': 1110.0, 'train_acc': 0.994624, 'train_f1': 0.554655, 'train_loss': 14.729829}}
2023-02-17 19:15:52,491 (monitor:541) INFO: {'Role': 'Server #', 'Round': 8, 'Results_model_metric': {}}
2023-02-17 19:15:52,524 (server:330) INFO: Server: Starting evaluation at the end of round 8.
2023-02-17 19:15:52,609 (server:336) INFO: ----------- Starting a new training round (Round #9) -------------
2023-02-17 19:15:53,880 (context:294) WARNING: No val_data or val_loader in the trainer, will skip evaluation.If this is not the case you want, please check whether there is typo for the name
2023-02-17 19:15:54,343 (context:294) WARNING: No val_data or val_loader in the trainer, will skip evaluation.If this is not the case you want, please check whether there is typo for the name
2023-02-17 19:15:54,694 (context:294) WARNING: No val_data or val_loader in the trainer, will skip evaluation.If this is not the case you want, please check whether there is typo for the name
2023-02-17 19:15:55,333 (context:294) WARNING: No val_data or val_loader in the trainer, will skip evaluation.If this is not the case you want, please check whether there is typo for the name
2023-02-17 19:15:55,695 (context:294) WARNING: No val_data or val_loader in the trainer, will skip evaluation.If this is not the case you want, please check whether there is typo for the name
2023-02-17 19:15:56,109 (context:294) WARNING: No val_data or val_loader in the trainer, will skip evaluation.If this is not the case you want, please check whether there is typo for the name
2023-02-17 19:15:56,605 (context:294) WARNING: No val_data or val_loader in the trainer, will skip evaluation.If this is not the case you want, please check whether there is typo for the name
2023-02-17 19:15:56,965 (context:294) WARNING: No val_data or val_loader in the trainer, will skip evaluation.If this is not the case you want, please check whether there is typo for the name
2023-02-17 19:15:57,308 (context:294) WARNING: No val_data or val_loader in the trainer, will skip evaluation.If this is not the case you want, please check whether there is typo for the name
2023-02-17 19:15:57,674 (context:294) WARNING: No val_data or val_loader in the trainer, will skip evaluation.If this is not the case you want, please check whether there is typo for the name
2023-02-17 19:15:57,676 (server:590) INFO: {'Role': 'Server #', 'Round': 8, 'Results_weighted_avg': {'test_total': 22.0, 'test_avg_loss': 0.547572, 'test_correct': 16.9, 'test_acc': 0.768182, 'test_f1': 0.427041, 'test_loss': 20.061455}, 'Results_avg': {'test_total': 22.0, 'test_avg_loss': 0.860252, 'test_correct': 16.9, 'test_acc': 0.624096, 'test_f1': 0.462689, 'test_loss': 12.046587}, 'Results_fairness': {'test_total': 22.0, 'test_correct': 16.9, 'test_avg_loss_std': 0.358054, 'test_avg_loss_bottom_decile': 0.588696, 'test_avg_loss_top_decile': 1.397707, 'test_avg_loss_min': 0.138963, 'test_avg_loss_max': 1.397707, 'test_avg_loss_bottom10%': 0.138963, 'test_avg_loss_top10%': 1.397707, 'test_avg_loss_cos1': 0.923223, 'test_avg_loss_entropy': 2.200896, 'test_acc_std': 0.220764, 'test_acc_bottom_decile': 0.416667, 'test_acc_top_decile': 1.0, 'test_acc_min': 0.25, 'test_acc_max': 1.0, 'test_acc_bottom10%': 0.25, 'test_acc_top10%': 1.0, 'test_acc_cos1': 0.942755, 'test_acc_entropy': 2.238578, 'test_f1_std': 0.228365, 'test_f1_bottom_decile': 0.268421, 'test_f1_top_decile': 1.0, 'test_f1_min': 0.133333, 'test_f1_max': 1.0, 'test_f1_bottom10%': 0.133333, 'test_f1_top10%': 1.0, 'test_f1_cos1': 0.896725, 'test_f1_entropy': 2.18667, 'test_loss_std': 11.719065, 'test_loss_bottom_decile': 1.766089, 'test_loss_top_decile': 36.012239, 'test_loss_min': 0.65231, 'test_loss_max': 36.012239, 'test_loss_bottom10%': 0.65231, 'test_loss_top10%': 36.012239, 'test_loss_cos1': 0.716784, 'test_loss_entropy': 1.827424}}
2023-02-17 19:16:02,350 (client:306) INFO: {'Role': 'Client #9', 'Round': 9, 'Results_raw': {'train_total': 556, 'train_avg_loss': 0.004029, 'train_correct': 556.0, 'train_acc': 1.0, 'train_f1': 1.0, 'train_loss': 2.239902}}
2023-02-17 19:16:03,156 (client:306) INFO: {'Role': 'Client #6', 'Round': 9, 'Results_raw': {'train_total': 8, 'train_avg_loss': 0.18378, 'train_correct': 7.0, 'train_acc': 0.875, 'train_f1': 0.466667, 'train_loss': 1.47024}}
2023-02-17 19:16:03,955 (client:306) INFO: {'Role': 'Client #3', 'Round': 9, 'Results_raw': {'train_total': 4, 'train_avg_loss': 0.057842, 'train_correct': 4.0, 'train_acc': 1.0, 'train_f1': 1.0, 'train_loss': 0.231367}}
2023-02-17 19:16:06,030 (client:306) INFO: {'Role': 'Client #7', 'Round': 9, 'Results_raw': {'train_total': 176, 'train_avg_loss': 0.013209, 'train_correct': 176.0, 'train_acc': 1.0, 'train_f1': 1.0, 'train_loss': 2.324823}}
2023-02-17 19:16:08,211 (client:306) INFO: {'Role': 'Client #10', 'Round': 9, 'Results_raw': {'train_total': 184, 'train_avg_loss': 0.483622, 'train_correct': 158.0, 'train_acc': 0.858696, 'train_f1': 0.502592, 'train_loss': 88.986368}}
2023-02-17 19:16:10,299 (client:306) INFO: {'Role': 'Client #2', 'Round': 9, 'Results_raw': {'train_total': 176, 'train_avg_loss': 0.013693, 'train_correct': 176.0, 'train_acc': 1.0, 'train_f1': 1.0, 'train_loss': 2.409966}}
2023-02-17 19:16:17,818 (client:306) INFO: {'Role': 'Client #8', 'Round': 9, 'Results_raw': {'train_total': 896, 'train_avg_loss': 0.129306, 'train_correct': 853.0, 'train_acc': 0.952009, 'train_f1': 0.561245, 'train_loss': 115.8586}}
2023-02-17 19:16:27,491 (client:306) INFO: {'Role': 'Client #4', 'Round': 9, 'Results_raw': {'train_total': 1116, 'train_avg_loss': 0.018538, 'train_correct': 1110.0, 'train_acc': 0.994624, 'train_f1': 0.665765, 'train_loss': 20.68874}}
2023-02-17 19:16:30,544 (client:306) INFO: {'Role': 'Client #1', 'Round': 9, 'Results_raw': {'train_total': 296, 'train_avg_loss': 0.137489, 'train_correct': 279.0, 'train_acc': 0.942568, 'train_f1': 0.378999, 'train_loss': 40.696838}}
2023-02-17 19:16:32,045 (client:306) INFO: {'Role': 'Client #5', 'Round': 9, 'Results_raw': {'train_total': 96, 'train_avg_loss': 0.165074, 'train_correct': 90.0, 'train_acc': 0.9375, 'train_f1': 0.322581, 'train_loss': 15.847141}}
2023-02-17 19:16:32,435 (monitor:541) INFO: {'Role': 'Server #', 'Round': 9, 'Results_model_metric': {}}
2023-02-17 19:16:32,468 (server:347) INFO: Server: Training is finished! Starting evaluation.
2023-02-17 19:16:33,708 (context:294) WARNING: No val_data or val_loader in the trainer, will skip evaluation.If this is not the case you want, please check whether there is typo for the name
2023-02-17 19:16:34,142 (context:294) WARNING: No val_data or val_loader in the trainer, will skip evaluation.If this is not the case you want, please check whether there is typo for the name
2023-02-17 19:16:34,467 (context:294) WARNING: No val_data or val_loader in the trainer, will skip evaluation.If this is not the case you want, please check whether there is typo for the name
2023-02-17 19:16:35,093 (context:294) WARNING: No val_data or val_loader in the trainer, will skip evaluation.If this is not the case you want, please check whether there is typo for the name
2023-02-17 19:16:35,439 (context:294) WARNING: No val_data or val_loader in the trainer, will skip evaluation.If this is not the case you want, please check whether there is typo for the name
2023-02-17 19:16:35,926 (context:294) WARNING: No val_data or val_loader in the trainer, will skip evaluation.If this is not the case you want, please check whether there is typo for the name
